Log file open, 04/04/18 17:31:22
LogInit:Display: Running engine for game: RPG_Game
LogPlatformFile: Not using cached read wrapper
LogInit:Display: RandInit(917824237) SRandInit(917824237).
LogTaskGraph: Started task graph with 5 named threads and 12 total threads with 1 sets of task threads.
LogStats: Stats thread started at 0.180332
LogInit: Using libcurl 7.47.1
LogInit:  - built for x86_64-pc-win32
LogInit:  - supports SSL with OpenSSL/1.0.2g
LogInit:  - supports HTTP deflate (compression) using libz 1.2.8
LogInit:  - other features:
LogInit:      CURL_VERSION_SSL
LogInit:      CURL_VERSION_LIBZ
LogInit:      CURL_VERSION_IPV6
LogInit:      CURL_VERSION_ASYNCHDNS
LogInit:      CURL_VERSION_LARGEFILE
LogInit:      CURL_VERSION_IDN
LogInit:  CurlRequestOptions (configurable via config and command line):
LogInit:  - bVerifyPeer = false  - Libcurl will NOT verify peer certificate
LogInit:  - bUseHttpProxy = false  - Libcurl will NOT use HTTP proxy
LogInit:  - bDontReuseConnections = false  - Libcurl will reuse connections
LogInit:  - CertBundlePath = nullptr  - Libcurl will use whatever was configured at build time.
LogInit: Build: ++UE4+Release-4.16-CL-3561208
LogInit: Engine Version: 4.16.3-3561208+++UE4+Release-4.16
LogInit: Compatible Engine Version: 4.16.0-3452394+++UE4+Release-4.16
LogInit: Net CL: 3452394
LogDevObjectVersion: Number of dev versions registered: 16
LogDevObjectVersion:   Dev-Blueprints (B0D832E4-1F89-4F0D-ACCF-7EB736FD4AA2): 9
LogDevObjectVersion:   Dev-Build (E1C64328-A22C-4D53-A36C-8E866417BD8C): 0
LogDevObjectVersion:   Dev-Core (375EC13C-06E4-48FB-B500-84F0262A717E): 2
LogDevObjectVersion:   Dev-Editor (E4B068ED-F494-42E9-A231-DA0B2E46BB41): 17
LogDevObjectVersion:   Dev-Framework (CFFC743F-43B0-4480-9391-14DF171D2073): 23
LogDevObjectVersion:   Dev-Mobile (B02B49B5-BB20-44E9-A304-32B752E40360): 0
LogDevObjectVersion:   Dev-Networking (A4E4105C-59A1-49B5-A7C5-40C4547EDFEE): 0
LogDevObjectVersion:   Dev-Online (39C831C9-5AE6-47DC-9A44-9C173E1C8E7C): 0
LogDevObjectVersion:   Dev-Physics (78F01B33-EBEA-4F98-B9B4-84EACCB95AA2): 0
LogDevObjectVersion:   Dev-Platform (6631380F-2D4D-43E0-8009-CF276956A95A): 0
LogDevObjectVersion:   Dev-Rendering (12F88B9F-8875-4AFC-A67C-D90C383ABD29): 15
LogDevObjectVersion:   Dev-Sequencer (7B5AE74C-D270-4C10-A958-57980B212A5A): 4
LogDevObjectVersion:   Dev-VR (D7296918-1DD6-4BDD-9DE2-64A83CC13884): 0
LogDevObjectVersion:   Dev-LoadTimes (C2A15278-BFE7-4AFE-6C17-90FF531DF755): 1
LogDevObjectVersion:   Private-Geometry (6EACA3D4-40EC-4CC1-B786-8BED09428FC5): 1
LogDevObjectVersion:   Dev-AnimPhys (29E575DD-E0A3-4627-9D10-D276232CDCEA): 3
LogInit: Compiled (64-bit): Jul 28 2017 11:49:47
LogInit: Compiled with Visual C++: 19.00.24215.01
LogInit: Build Configuration: Development
LogInit: Branch Name: ++UE4+Release-4.16
LogInit: Command line:  
LogInit: Base directory: C:/Program Files/Epic Games/UE_4.16/Engine/Binaries/Win64/
LogInit: Installed Engine Build: 1
LogInit: Presizing for max 8388607 objects, including 0 objects not considered by GC, pre-allocating 0 bytes for permanent pool.
LogInit: Object subsystem initialized
[2018.04.04-16.31.22:835][  0]LogInit: Selected Device Profile: [Windows]
[2018.04.04-16.31.22:835][  0]LogInit: Applying CVar settings loaded from the selected device profile: [Windows]
[2018.04.04-16.31.22:847][  0]LogInit: Computer: SONOFMORT
[2018.04.04-16.31.22:847][  0]LogInit: User: Jordan
[2018.04.04-16.31.22:847][  0]LogInit: CPU Page size=4096, Cores=8
[2018.04.04-16.31.22:847][  0]LogInit: High frequency timer resolution =3.124995 MHz
[2018.04.04-16.31.22:848][  0]LogMemory: Memory total: Physical=8.0GB (8GB approx)
[2018.04.04-16.31.22:848][  0]LogMemory: Platform Memory Stats for Windows
[2018.04.04-16.31.22:848][  0]LogMemory: Process Physical Memory: 276.39 MB used, 276.39 MB peak
[2018.04.04-16.31.22:848][  0]LogMemory: Process Virtual Memory: 261.67 MB used, 261.67 MB peak
[2018.04.04-16.31.22:848][  0]LogMemory: Physical Memory: 3665.36 MB used,  4481.86 MB free, 8147.22 MB total
[2018.04.04-16.31.22:848][  0]LogMemory: Virtual Memory: 668.00 MB used,  4481.86 MB free, 134217728.00 MB total
[2018.04.04-16.31.22:966][  0]LogInit: Using OS detected language (en-GB).
[2018.04.04-16.31.22:966][  0]LogInit: Using OS detected locale (en-GB).
[2018.04.04-16.31.22:971][  0]LogTextLocalizationManager: No specific localization for 'en-GB' exists, so the 'en' localization will be used.
[2018.04.04-16.31.24:192][  0]LogD3D11RHI: D3D11 adapters:
[2018.04.04-16.31.24:264][  0]LogD3D11RHI:    0. 'NVIDIA GeForce GTX 1070' (Feature Level 11_0)
[2018.04.04-16.31.24:264][  0]LogD3D11RHI:       8088/0/4073 MB DedicatedVideo/DedicatedSystem/SharedSystem, Outputs:2, VendorId:0x10de
[2018.04.04-16.31.24:269][  0]LogD3D11RHI:    1. 'Microsoft Basic Render Driver' (Feature Level 11_0)
[2018.04.04-16.31.24:269][  0]LogD3D11RHI:       0/0/4073 MB DedicatedVideo/DedicatedSystem/SharedSystem, Outputs:0, VendorId:0x1414
[2018.04.04-16.31.24:269][  0]LogD3D11RHI: Chosen D3D11 Adapter: 0
[2018.04.04-16.31.24:277][  0]LogD3D11RHI: Creating new Direct3DDevice
[2018.04.04-16.31.24:277][  0]LogD3D11RHI:     GPU DeviceId: 0x1b81 (for the marketing name, search the web for "GPU Device Id")
[2018.04.04-16.31.24:277][  0]LogWindows: EnumDisplayDevices:
[2018.04.04-16.31.24:277][  0]LogWindows:    0. 'NVIDIA GeForce GTX 1070' (P:1 D:1)
[2018.04.04-16.31.24:277][  0]LogWindows:    1. 'NVIDIA GeForce GTX 1070' (P:0 D:1)
[2018.04.04-16.31.24:277][  0]LogWindows:    2. 'NVIDIA GeForce GTX 1070' (P:0 D:0)
[2018.04.04-16.31.24:278][  0]LogWindows:    3. 'NVIDIA GeForce GTX 1070' (P:0 D:0)
[2018.04.04-16.31.24:278][  0]LogWindows: DebugString: GetVideoDriverDetailsInvalid PrimaryIsNotTheChoosenAdapter GetVideoDriverDetailsInvalid PrimaryIsNotTheChoosenAdapter GetVideoDriverDetailsInvalid PrimaryIsNotTheChoosenAdapter GetVideoDriverDetailsInvalid PrimaryIsNotTheChoosenAdapter FoundDriverCount:0 
[2018.04.04-16.31.24:278][  0]LogD3D11RHI:     Adapter Name: NVIDIA GeForce GTX 1070
[2018.04.04-16.31.24:278][  0]LogD3D11RHI:   Driver Version: Unknown (internal:Unknown, unified:Unknown)
[2018.04.04-16.31.24:278][  0]LogD3D11RHI:      Driver Date: Unknown
[2018.04.04-16.31.24:278][  0]LogRHI: Texture pool is 1361 MB (70% of 1945 MB)
[2018.04.04-16.31.24:326][  0]LogD3D11RHI: Async texture creation enabled
[2018.04.04-16.31.24:352][  0]LogD3D11RHI: GPU Timing Frequency: 1000.000000 (Debug: 2 2)
[2018.04.04-16.31.24:445][  0]LogShaderCompilers: Guid format shader working directory is 22 characters bigger than the processId version (F:/FMP/RPG_Game/RPG_Game/Intermediate/Shaders/WorkingDirectory/14512/).
[2018.04.04-16.31.24:445][  0]LogShaderCompilers: Cleaned the shader compiler working directory 'C:/Users/Jordan/AppData/Local/Temp/UnrealShaderWorkingDir/E4C29F50473CC59ECFFAABB36B385C10/'.
[2018.04.04-16.31.24:445][  0]LogShaderCompilers:Display: Using Local Shader Compiler.
[2018.04.04-16.31.25:703][  0]LogTemp:Display: Loaded TP AllDesktopTargetPlatform
[2018.04.04-16.31.25:789][  0]LogTemp:Display: Loaded TP MacClientTargetPlatform
[2018.04.04-16.31.25:875][  0]LogTemp:Display: Loaded TP MacNoEditorTargetPlatform
[2018.04.04-16.31.25:961][  0]LogTemp:Display: Loaded TP MacServerTargetPlatform
[2018.04.04-16.31.26:047][  0]LogTemp:Display: Loaded TP MacTargetPlatform
[2018.04.04-16.31.26:136][  0]LogTemp:Display: Loaded TP WindowsClientTargetPlatform
[2018.04.04-16.31.26:221][  0]LogTemp:Display: Loaded TP WindowsNoEditorTargetPlatform
[2018.04.04-16.31.26:307][  0]LogTemp:Display: Loaded TP WindowsServerTargetPlatform
[2018.04.04-16.31.26:385][  0]LogTemp:Display: Loaded TP WindowsTargetPlatform
[2018.04.04-16.31.26:468][  0]LogTemp:Display: Loaded TP AndroidTargetPlatform
[2018.04.04-16.31.26:551][  0]LogTemp:Display: Loaded TP Android_ASTCTargetPlatform
[2018.04.04-16.31.26:635][  0]LogTemp:Display: Loaded TP Android_ATCTargetPlatform
[2018.04.04-16.31.26:719][  0]LogTemp:Display: Loaded TP Android_DXTTargetPlatform
[2018.04.04-16.31.26:802][  0]LogTemp:Display: Loaded TP Android_ETC1TargetPlatform
[2018.04.04-16.31.26:885][  0]LogTemp:Display: Loaded TP Android_ETC2TargetPlatform
[2018.04.04-16.31.27:055][  0]LogTemp:Display: Loaded TP Android_MultiTargetPlatform
[2018.04.04-16.31.27:055][  0]LogTemp:Display: Loaded TP Android_PVRTCTargetPlatform
[2018.04.04-16.31.27:126][  0]LogTemp:Display: Loaded TP HTML5TargetPlatform
[2018.04.04-16.31.27:269][  0]LogTemp:Display: Loaded TP IOSTargetPlatform
[2018.04.04-16.31.27:317][  0]LogTemp:Display: Loaded TP TVOSTargetPlatform
[2018.04.04-16.31.27:405][  0]LogTemp:Display: Loaded TP LinuxClientTargetPlatform
[2018.04.04-16.31.27:490][  0]LogTemp:Display: Loaded TP LinuxNoEditorTargetPlatform
[2018.04.04-16.31.27:574][  0]LogTemp:Display: Loaded TP LinuxServerTargetPlatform
[2018.04.04-16.31.27:659][  0]LogTemp:Display: Loaded TP LinuxTargetPlatform
[2018.04.04-16.31.27:660][  0]LogTargetPlatformManager:Display: Building Assets For Windows
[2018.04.04-16.31.28:502][  0]LogDerivedDataCache:Display: Max Cache Size: 512 MB
[2018.04.04-16.31.28:610][  0]LogDerivedDataCache: Loaded boot cache 0.11s 90MB C:/Users/Jordan/AppData/Local/UnrealEngine/4.16/DerivedDataCache/Boot.ddc.
[2018.04.04-16.31.28:610][  0]LogDerivedDataCache:Display: Loaded Boot cache: C:/Users/Jordan/AppData/Local/UnrealEngine/4.16/DerivedDataCache/Boot.ddc
[2018.04.04-16.31.28:610][  0]LogDerivedDataCache: FDerivedDataBackendGraph:  Pak pak cache file F:/FMP/RPG_Game/RPG_Game/DerivedDataCache/DDC.ddp not found, will not use a pak cache.
[2018.04.04-16.31.28:610][  0]LogDerivedDataCache: Unable to find inner node Pak for hierarchical cache Hierarchy.
[2018.04.04-16.31.28:610][  0]LogDerivedDataCache: FDerivedDataBackendGraph:  CompressedPak pak cache file F:/FMP/RPG_Game/RPG_Game/DerivedDataCache/Compressed.ddp not found, will not use a pak cache.
[2018.04.04-16.31.28:610][  0]LogDerivedDataCache: Unable to find inner node CompressedPak for hierarchical cache Hierarchy.
[2018.04.04-16.31.28:630][  0]LogDerivedDataCache:Display: Pak cache opened for reading ../../../Engine/DerivedDataCache/Compressed.ddp.
[2018.04.04-16.31.28:644][  0]LogDerivedDataCache: Using Local data cache path C:/Users/Jordan/AppData/Local/UnrealEngine/Common/DerivedDataCache: Writable
[2018.04.04-16.31.28:656][  0]LogMaterial: Verifying Global Shaders for PCD3D_SM5
[2018.04.04-16.31.28:656][  0]LogSlate: Using Freetype 2.6.0
[2018.04.04-16.31.28:657][  0]LogSlate: SlateFontCache - WITH_FREETYPE: 1, WITH_HARFBUZZ: 1
[2018.04.04-16.31.28:657][  0]LogSlate: SlateFontCache - WITH_FREETYPE: 1, WITH_HARFBUZZ: 1
[2018.04.04-16.31.29:103][  0]LogInit: Selected Device Profile: [Windows]
[2018.04.04-16.31.29:260][  0]LogContentStreaming: Texture pool size is 0.00 MB
[2018.04.04-16.31.29:475][  0]LogMeshUtilities: Using QuadricMeshReduction for automatic static mesh reduction
[2018.04.04-16.31.29:554][  0]LogSimplygon: Simplygon DLL not present - disabling.
[2018.04.04-16.31.29:642][  0]LogMeshUtilities: Using SimplygonSwarm for distributed automatic mesh merging
[2018.04.04-16.31.29:642][  0]LogMeshUtilities: No automatic skeletal mesh reduction module available
[2018.04.04-16.31.29:642][  0]LogMeshUtilities: No automatic mesh merging module available
[2018.04.04-16.31.30:483][  0]LogNetVersion: RPG_Game , NetCL: 3452394, EngineNetVer: 2, GameNetVer: 0 (Checksum: 2586067795)
[2018.04.04-16.31.30:566][  0]LogAssetRegistry: FAssetRegistry took 0.0275 seconds to start up
[2018.04.04-16.31.30:680][  0]LogPackageLocalizationCache: Processed 4 localized package path(s) for 2 prioritized culture(s) in 0.075928 seconds
[2018.04.04-16.31.30:688][  0]LogUObjectArray: 34194 objects as part of root set at end of initial load.
[2018.04.04-16.31.30:688][  0]LogUObjectAllocator: 7260424 out of 0 bytes used by permanent object pool.
[2018.04.04-16.31.30:688][  0]LogUObjectArray: CloseDisregardForGC: 0/0 objects in disregard for GC pool
[2018.04.04-16.31.30:800][  0]LogInit: WinSock: version 1.1 (2.2), MaxSocks=32767, MaxUdp=65467
[2018.04.04-16.31.34:692][  0]LogSubstanceCoreModule: Substance [CPU] Engine Loaded, Max Texture Size = 2048
[2018.04.04-16.31.34:744][  0]LogTcpMessaging: Initializing TcpMessaging bridge
[2018.04.04-16.31.34:807][  0]LogUdpMessaging: Initializing bridge on interface 0.0.0.0:0 to multicast group 230.0.0.1:6666.
[2018.04.04-16.31.35:695][  0]LogMaterial: Uniform references updated for custom material expression Custom.
[2018.04.04-16.31.36:361][  0]SourceControl: Info Source control is disabled
[2018.04.04-16.31.38:832][  0]LogAndroidPermission: UAndroidPermissionCallbackProxy::GetInstance
[2018.04.04-16.31.39:959][  0]LogEngine: Initializing Engine...
[2018.04.04-16.31.39:961][  0]LogHMD: Failed to initialize OpenVR with code 110
[2018.04.04-16.31.40:179][  0]LogStats: UGameplayTagsManager::ConstructGameplayTagTree: Construct from data asset -  0.000 s
[2018.04.04-16.31.40:179][  0]LogStats: UGameplayTagsManager::ConstructGameplayTagTree: GameplayTagTreeChangedEvent.Broadcast -  0.000 s
[2018.04.04-16.31.40:411][  0]LogAIModule: Creating AISystem for world Untitled
[2018.04.04-16.31.40:423][  0]LogInit: XAudio2 using 'Headset Earphone (Corsair VOID RGB USB Gaming Headset )' : 6 channels at 48 kHz using 16 bits per sample (channel mask 0x3f)
[2018.04.04-16.31.40:604][  0]LogInit: FAudioDevice initialized.
[2018.04.04-16.31.40:673][  0]LogDerivedDataCache: Saved boot cache 0.07s 90MB C:/Users/Jordan/AppData/Local/UnrealEngine/4.16/DerivedDataCache/Boot.ddc.
[2018.04.04-16.31.40:693][  0]LogInit: Texture streaming: Enabled
[2018.04.04-16.31.40:855][  0]LogEngineSessionManager: EngineSessionManager initialized
[2018.04.04-16.31.41:236][  0]LogInit: Transaction tracking system initialized
[2018.04.04-16.31.41:792][  0]BlueprintLog: New page: Editor Load
[2018.04.04-16.31.43:435][  0]LocalizationService: Info Localization service is disabled
[2018.04.04-16.31.44:632][  0]LogConsoleResponse:Display: 
[2018.04.04-16.31.44:813][  0]LogCook:Display: Max memory allowance for cook 16384mb min free memory 0mb
[2018.04.04-16.31.44:813][  0]LogCook:Display: Mobile HDR setting 1
[2018.04.04-16.31.45:755][  0]LogFileCache: Scanning file cache for directory 'F:/FMP/RPG_Game/RPG_Game/Content/' took 0.02s
[2018.04.04-16.31.47:010][  0]Cmd: MAP LOAD FILE="F:/FMP/RPG_Game/RPG_Game/Content/Maps/HelloWorld.umap" TEMPLATE=0 SHOWPROGRESS=1 FEATURELEVEL=3
[2018.04.04-16.31.47:011][  0]LightingResults: New page: Lighting Build
[2018.04.04-16.31.47:086][  0]MapCheck: New page: Map Check
[2018.04.04-16.31.47:086][  0]LightingResults: New page: Lighting Build
[2018.04.04-16.31.47:322][  0]LogLinker:Warning: Can't find file '/Game/Materials/alphabox'
[2018.04.04-16.31.47:322][  0]LoadErrors: Info Failed to load /Game/Assets/PowerBlock/AlphaBox.AlphaBox Referenced by AlphaCube_GEN_VARIABLE
[2018.04.04-16.31.47:322][  0]LogLinker:Warning: Can't find file for asset '/Game/Materials/alphabox' while loading F:/FMP/RPG_Game/RPG_Game/Content/Assets/PowerBlock/AlphaBox.uasset.
[2018.04.04-16.31.47:322][  0]LoadErrors: Info Failed to load /Game/Assets/PowerBlock/AlphaBox.AlphaBox Referenced by AlphaCube_GEN_VARIABLE
[2018.04.04-16.31.47:322][  0]LoadErrors:Error: Error /Game/Assets/PowerBlock/AlphaBox : Can't find file for asset. /Game/Materials/alphabox
[2018.04.04-16.31.47:322][  0]LogLinker:Warning: Can't find file '/Game/Materials/alphabox'
[2018.04.04-16.31.47:322][  0]LoadErrors: Info Failed to load /Game/Assets/PowerBlock/AlphaBox.AlphaBox Referenced by AlphaCube_GEN_VARIABLE
[2018.04.04-16.31.47:322][  0]LogLinker:Warning: Can't find file for asset '/Game/Materials/alphabox' while loading F:/FMP/RPG_Game/RPG_Game/Content/Assets/PowerBlock/AlphaBox.uasset.
[2018.04.04-16.31.47:322][  0]LoadErrors: Info Failed to load /Game/Assets/PowerBlock/AlphaBox.AlphaBox Referenced by AlphaCube_GEN_VARIABLE
[2018.04.04-16.31.47:322][  0]LoadErrors:Error: Error /Game/Assets/PowerBlock/AlphaBox : Can't find file for asset. /Game/Materials/alphabox
[2018.04.04-16.31.47:341][  0]LogLinker:Warning: Can't find file '/Game/Materials/ButtonMaterial'
[2018.04.04-16.31.47:341][  0]LoadErrors: Info Failed to load /Game/Assets/PressurePad/Button_Base.Button_Base Referenced by Button_Base_GEN_VARIABLE
[2018.04.04-16.31.47:341][  0]LogLinker:Warning: Can't find file for asset '/Game/Materials/ButtonMaterial' while loading F:/FMP/RPG_Game/RPG_Game/Content/Assets/PressurePad/Button_Base.uasset.
[2018.04.04-16.31.47:341][  0]LoadErrors: Info Failed to load /Game/Assets/PressurePad/Button_Base.Button_Base Referenced by Button_Base_GEN_VARIABLE
[2018.04.04-16.31.47:341][  0]LoadErrors:Error: Error /Game/Assets/PressurePad/Button_Base : Can't find file for asset. /Game/Materials/ButtonMaterial
[2018.04.04-16.31.47:341][  0]LogLinker:Warning: Can't find file '/Game/Materials/ButtonMaterial'
[2018.04.04-16.31.47:341][  0]LoadErrors: Info Failed to load /Game/Assets/PressurePad/Button_Base.Button_Base Referenced by Button_Base_GEN_VARIABLE
[2018.04.04-16.31.47:341][  0]LogLinker:Warning: Can't find file for asset '/Game/Materials/ButtonMaterial' while loading F:/FMP/RPG_Game/RPG_Game/Content/Assets/PressurePad/Button_Base.uasset.
[2018.04.04-16.31.47:341][  0]LoadErrors: Info Failed to load /Game/Assets/PressurePad/Button_Base.Button_Base Referenced by Button_Base_GEN_VARIABLE
[2018.04.04-16.31.47:341][  0]LoadErrors:Error: Error /Game/Assets/PressurePad/Button_Base : Can't find file for asset. /Game/Materials/ButtonMaterial
[2018.04.04-16.31.47:342][  0]LogLinker:Warning: Can't find file '/Game/Materials/ButtonMaterial'
[2018.04.04-16.31.47:342][  0]LoadErrors: Info Failed to load /Game/Assets/PressurePad/Button_Push.Button_Push Referenced by Push_GEN_VARIABLE
[2018.04.04-16.31.47:342][  0]LogLinker:Warning: Can't find file for asset '/Game/Materials/ButtonMaterial' while loading F:/FMP/RPG_Game/RPG_Game/Content/Assets/PressurePad/Button_Push.uasset.
[2018.04.04-16.31.47:342][  0]LoadErrors: Info Failed to load /Game/Assets/PressurePad/Button_Push.Button_Push Referenced by Push_GEN_VARIABLE
[2018.04.04-16.31.47:342][  0]LoadErrors:Error: Error /Game/Assets/PressurePad/Button_Push : Can't find file for asset. /Game/Materials/ButtonMaterial
[2018.04.04-16.31.47:343][  0]LogLinker:Warning: Can't find file '/Game/Materials/ButtonMaterial'
[2018.04.04-16.31.47:343][  0]LoadErrors: Info Failed to load /Game/Assets/PressurePad/Button_Push.Button_Push Referenced by Push_GEN_VARIABLE
[2018.04.04-16.31.47:343][  0]LogLinker:Warning: Can't find file for asset '/Game/Materials/ButtonMaterial' while loading F:/FMP/RPG_Game/RPG_Game/Content/Assets/PressurePad/Button_Push.uasset.
[2018.04.04-16.31.47:343][  0]LoadErrors: Info Failed to load /Game/Assets/PressurePad/Button_Push.Button_Push Referenced by Push_GEN_VARIABLE
[2018.04.04-16.31.47:343][  0]LoadErrors:Error: Error /Game/Assets/PressurePad/Button_Push : Can't find file for asset. /Game/Materials/ButtonMaterial
[2018.04.04-16.31.47:488][  0]LogLinker:Warning: Can't find file '/Game/Materials/ButtonMaterial'
[2018.04.04-16.31.47:488][  0]LoadErrors: Info Failed to load /Game/Materials/ButtonMaterial.ButtonMaterial Referenced by Button_Push
[2018.04.04-16.31.47:488][  0]LogLinker:Warning: Can't find file for asset '/Game/Materials/ButtonMaterial' while loading NULL.
[2018.04.04-16.31.47:488][  0]LoadErrors: Info Failed to load /Game/Materials/ButtonMaterial.ButtonMaterial Referenced by Button_Push
[2018.04.04-16.31.47:488][  0]LogLinker:Warning: Can't find file '/Game/Materials/ButtonMaterial'
[2018.04.04-16.31.47:488][  0]LoadErrors: Info Failed to load /Game/Materials/ButtonMaterial.ButtonMaterial Referenced by Button_Base
[2018.04.04-16.31.47:488][  0]LogLinker:Warning: Can't find file for asset '/Game/Materials/ButtonMaterial' while loading NULL.
[2018.04.04-16.31.47:488][  0]LoadErrors: Info Failed to load /Game/Materials/ButtonMaterial.ButtonMaterial Referenced by Button_Base
[2018.04.04-16.31.47:489][  0]LogLinker:Warning: Can't find file '/Game/Materials/alphabox'
[2018.04.04-16.31.47:489][  0]LoadErrors: Info Failed to load /Game/Materials/alphabox.alphabox Referenced by AlphaBox
[2018.04.04-16.31.47:489][  0]LogLinker:Warning: Can't find file for asset '/Game/Materials/alphabox' while loading NULL.
[2018.04.04-16.31.47:489][  0]LoadErrors: Info Failed to load /Game/Materials/alphabox.alphabox Referenced by AlphaBox
[2018.04.04-16.31.47:710][  0]LogAIModule: Creating AISystem for world HelloWorld
[2018.04.04-16.31.47:786][  0]LogEditorServer: Finished looking for orphan Actors (0.000 secs)
[2018.04.04-16.31.47:803][  0]Cmd: MAP CHECKDEP NOCLEARLOG
[2018.04.04-16.31.47:906][  0]MapCheck: Info Map check complete: 0 Error(s), 0 Warning(s), took 102.445ms to complete.
[2018.04.04-16.31.47:906][  0]LogFileHelpers: Loading map 'HelloWorld' took 0.896
[2018.04.04-16.31.48:108][  0]LogCollectionManager: Loaded 0 collections in 0.002668 seconds
[2018.04.04-16.31.48:228][  0]LogFileCache: Scanning file cache for directory 'F:/FMP/RPG_Game/RPG_Game/Saved/Collections/' took 0.01s
[2018.04.04-16.31.48:228][  0]LogFileCache: Scanning file cache for directory 'F:/FMP/RPG_Game/RPG_Game/Content/Developers/Jordan/Collections/' took 0.01s
[2018.04.04-16.31.48:228][  0]LogFileCache: Scanning file cache for directory 'F:/FMP/RPG_Game/RPG_Game/Content/Collections/' took 0.01s
[2018.04.04-16.31.48:228][  0]LogCollectionManager: Rebuilt the GUID cache for 0 collections in 0.000003 seconds
[2018.04.04-16.31.48:241][  0]LogContentBrowser: Native class hierarchy populated in 0.0125 seconds. Added 2343 classes and 497 folders.
[2018.04.04-16.31.48:354][  0]LogContentBrowser: Native class hierarchy updated for 'WidgetCarousel' in 0.0009 seconds. Added 0 classes and 0 folders.
[2018.04.04-16.31.48:427][  0]LogContentBrowser: Native class hierarchy updated for 'AddContentDialog' in 0.0011 seconds. Added 0 classes and 0 folders.
[2018.04.04-16.31.48:503][  0]LogContentBrowser: Native class hierarchy updated for 'SceneOutliner' in 0.0008 seconds. Added 1 classes and 2 folders.
[2018.04.04-16.31.48:564][  0]LogCrashTracker: Crashtracker disabled due to settings.
[2018.04.04-16.31.48:569][  0]LogSlate: Took 0.000321 seconds to synchronously load lazily loaded font '../../../Engine/Content/Slate/Fonts/Roboto-Regular.ttf' (155K)
[2018.04.04-16.31.48:572][  0]LogSlate: Took 0.000279 seconds to synchronously load lazily loaded font '../../../Engine/Content/Slate/Fonts/Roboto-Bold.ttf' (160K)
[2018.04.04-16.31.48:575][  0]LogSlate: Took 0.000236 seconds to synchronously load lazily loaded font '../../../Engine/Content/Editor/Slate/Fonts/FontAwesome.ttf' (139K)
[2018.04.04-16.31.48:658][  0]LogRenderer: Reallocating scene render targets to support 1528x624 NumSamples 1 (Frame:1).
[2018.04.04-16.31.48:707][  0]LogSlate: Took 0.000346 seconds to synchronously load lazily loaded font '../../../Engine/Content/Slate/Fonts/Roboto-Light.ttf' (159K)
[2018.04.04-16.31.48:822][  0]LogUObjectGlobals:Warning: Failed to find object 'Class None.'
[2018.04.04-16.31.48:922][  0]LogContentBrowser: Native class hierarchy updated for 'HierarchicalLODOutliner' in 0.0008 seconds. Added 1 classes and 2 folders.
[2018.04.04-16.31.48:922][  0]LogLoad: (Engine Initialization) Total time: 28.86 seconds
[2018.04.04-16.31.48:922][  0]LogLoad: (Engine Initialization) Total Blueprint compile time: 0.22 seconds
[2018.04.04-16.31.48:922][  0]LogExternalProfiler: No external profilers were discovered.  External profiling features will not be available.
[2018.04.04-16.31.48:932][  0]LogWindowsTextInputMethodSystem:Display: IME system now deactivated.
[2018.04.04-16.31.48:932][  0]LogOcInput: OculusInput pre-init called
[2018.04.04-16.31.48:932][  0]LogHMD: Starting GearVRController plugin
[2018.04.04-16.31.48:956][  0]SourceControl: Info On branch master
[2018.04.04-16.31.48:956][  0]SourceControl: Info Your branch is up to date with 'origin/master'.
[2018.04.04-16.31.48:956][  0]SourceControl: Info Changes not staged for commit:
[2018.04.04-16.31.48:956][  0]SourceControl: Info   (use "git add/rm <file>..." to update what will be committed)
[2018.04.04-16.31.48:956][  0]SourceControl: Info   (use "git checkout -- <file>..." to discard changes in working directory)
[2018.04.04-16.31.48:956][  0]SourceControl: Info 	modified:   Intermediate/CachedAssetRegistry.bin
[2018.04.04-16.31.48:956][  0]SourceControl: Info 	modified:   Saved/Config/Windows/Editor.ini
[2018.04.04-16.31.48:957][  0]SourceControl: Info 	modified:   Saved/Config/Windows/EditorPerProjectUserSettings.ini
[2018.04.04-16.31.48:957][  0]SourceControl: Info 	modified:   Saved/Config/Windows/Engine.ini
[2018.04.04-16.31.48:957][  0]SourceControl: Info 	deleted:    Saved/Logs/RPG_Game-backup-2018.03.28-15.11.59.log
[2018.04.04-16.31.48:957][  0]SourceControl: Info 	modified:   Saved/Logs/RPG_Game.log
[2018.04.04-16.31.48:957][  0]SourceControl: Info Untracked files:
[2018.04.04-16.31.48:957][  0]SourceControl: Info   (use "git add <file>..." to include in what will be committed)
[2018.04.04-16.31.48:957][  0]SourceControl: Info 	Saved/Config/CrashReportClient/UE4CC-Windows-745D11C84D1CB666E228C98E519EDB96/
[2018.04.04-16.31.48:957][  0]SourceControl: Info 	Saved/Logs/RPG_Game-backup-2018.04.04-17.31.22.log
[2018.04.04-16.31.48:957][  0]SourceControl: Info no changes added to commit (use "git add" and/or "git commit -a")
[2018.04.04-16.31.48:957][  0]LogContentStreaming: Texture pool size now 1000 MB
[2018.04.04-16.31.49:048][  1]LogAssetRegistry: Asset discovery search completed in 18.5034 seconds
[2018.04.04-16.31.49:051][  1]LogCollectionManager: Rebuilt the object cache for 0 collections in 0.000001 seconds (found 0 objects)
[2018.04.04-16.31.49:051][  1]LogCollectionManager: Fixed up redirectors for 0 collections in 0.000053 seconds (updated 0 objects)
[2018.04.04-16.31.49:988][ 93]LogSlate: Took 0.000230 seconds to synchronously load lazily loaded font '../../../Engine/Content/Slate/Fonts/Roboto-Light.ttf' (159K)
[2018.04.04-16.31.50:538][ 93]LogContentBrowser: Native class hierarchy updated for 'BlueprintGraph' in 0.0013 seconds. Added 112 classes and 0 folders.
[2018.04.04-16.31.51:600][ 93]LogSlate: Took 0.000334 seconds to synchronously load lazily loaded font '../../../Engine/Content/Editor/Slate/Fonts/Roboto-BoldCondensed.ttf' (158K)
[2018.04.04-16.31.51:666][ 94]LogSlate: Took 0.000286 seconds to synchronously load lazily loaded font '../../../Engine/Content/Editor/Slate/Fonts/Roboto-Italic.ttf' (157K)
[2018.04.04-16.32.27:344][295]LogActorComponent: UnregisterComponent: (/Engine/Transient.EditorFloorComp) Not registered. Aborting.
[2018.04.04-16.32.36:773][405]LogTemp: Repeting last play command: Selected Viewport
[2018.04.04-16.32.36:898][405]LogBlueprintUserMessages: Early PlayInEditor Detection: Level '/Game/Maps/HelloWorld.HelloWorld:PersistentLevel' has LevelScriptBlueprint '/Game/Maps/HelloWorld.HelloWorld:PersistentLevel.HelloWorld' with GeneratedClass '/Game/Maps/HelloWorld.HelloWorld_C' with ClassGeneratedBy '/Game/Maps/HelloWorld.HelloWorld:PersistentLevel.HelloWorld'
[2018.04.04-16.32.36:899][405]LogPlayLevel: PlayLevel: No blueprints needed recompiling
[2018.04.04-16.32.36:900][405]PIE: New page: PIE session: HelloWorld (4 Apr 2018 18:32:36)
[2018.04.04-16.32.36:900][405]LogPlayLevel: Creating play world package: /Game/Maps/UEDPIE_0_HelloWorld
[2018.04.04-16.32.36:939][405]LogPlayLevel: PIE: StaticDuplicateObject took: (0.038533s)
[2018.04.04-16.32.36:939][405]LogAIModule: Creating AISystem for world HelloWorld
[2018.04.04-16.32.36:940][405]LogPlayLevel: PIE: World Init took: (0.000691s)
[2018.04.04-16.32.36:940][405]LogPlayLevel: PIE: Created PIE world by copying editor world from /Game/Maps/HelloWorld.HelloWorld to /Game/Maps/UEDPIE_0_HelloWorld.HelloWorld (0.039801s)
[2018.04.04-16.32.36:971][405]LogInit: XAudio2 using 'Headset Earphone (Corsair VOID RGB USB Gaming Headset )' : 6 channels at 48 kHz using 16 bits per sample (channel mask 0x3f)
[2018.04.04-16.32.37:146][405]LogInit: FAudioDevice initialized.
[2018.04.04-16.32.37:197][405]LogLoad: Game class is 'FuseGM_C'
[2018.04.04-16.32.37:203][405]LogWorld: Bringing World /Game/Maps/UEDPIE_0_HelloWorld.HelloWorld up for play (max tick rate 0) at 2018.04.04-17.32.37
[2018.04.04-16.32.37:204][405]LogWorld: Bringing up level for play took: 0.003518
[2018.04.04-16.32.37:278][405]LogContentBrowser: Native class hierarchy updated for 'MovieSceneCapture' in 0.0008 seconds. Added 11 classes and 0 folders.
[2018.04.04-16.32.37:282][405]PIE: Info Play in editor start time for /Game/Maps/UEDPIE_0_HelloWorld 1.092
[2018.04.04-16.32.37:282][405]LogBlueprintUserMessages: Late PlayInEditor Detection: Level '/Game/Maps/HelloWorld.HelloWorld:PersistentLevel' has LevelScriptBlueprint '/Game/Maps/HelloWorld.HelloWorld:PersistentLevel.HelloWorld' with GeneratedClass '/Game/Maps/HelloWorld.HelloWorld_C' with ClassGeneratedBy '/Game/Maps/HelloWorld.HelloWorld:PersistentLevel.HelloWorld'
[2018.04.04-16.32.41:072][855]LogScript:Warning: Accessed None trying to read property Door
	PressurePad_C /Game/Maps/UEDPIE_0_HelloWorld.HelloWorld:PersistentLevel.PressurePad_2
	Function /Game/Assets/PressurePad/PressurePad.PressurePad_C:ExecuteUbergraph_PressurePad:0015
[2018.04.04-16.32.41:072][855]PIE:Error: Error Blueprint Runtime Error: Accessed None trying to read property Door from function: 'ExecuteUbergraph_PressurePad' from node: Open in graph: EventGraph in object: PressurePad with description: Accessed None trying to read property Door
[2018.04.04-16.32.41:072][855]LogScript:Warning: Accessed None trying to read property Door
	PressurePad_C /Game/Maps/UEDPIE_0_HelloWorld.HelloWorld:PersistentLevel.PressurePad_2
	Function /Game/Assets/PressurePad/PressurePad.PressurePad_C:ExecuteUbergraph_PressurePad:0015
[2018.04.04-16.32.41:072][855]PIE:Error: Error Blueprint Runtime Error: Accessed None trying to read property Door from function: 'ExecuteUbergraph_PressurePad' from node: Open in graph: EventGraph in object: PressurePad with description: Accessed None trying to read property Door
[2018.04.04-16.32.41:170][867]LogScript:Warning: Accessed None trying to read property Door
	PressurePad_C /Game/Maps/UEDPIE_0_HelloWorld.HelloWorld:PersistentLevel.PressurePad_2
	Function /Game/Assets/PressurePad/PressurePad.PressurePad_C:ExecuteUbergraph_PressurePad:00ED
[2018.04.04-16.32.41:170][867]PIE:Error: Error Blueprint Runtime Error: Accessed None trying to read property Door from function: 'ExecuteUbergraph_PressurePad' from node: Close in graph: EventGraph in object: PressurePad with description: Accessed None trying to read property Door
[2018.04.04-16.32.41:612][920]LogScript:Warning: Accessed None trying to read property Door
	PressurePad_C /Game/Maps/UEDPIE_0_HelloWorld.HelloWorld:PersistentLevel.PressurePad_2
	Function /Game/Assets/PressurePad/PressurePad.PressurePad_C:ExecuteUbergraph_PressurePad:0015
[2018.04.04-16.32.41:612][920]PIE:Error: Error Blueprint Runtime Error: Accessed None trying to read property Door from function: 'ExecuteUbergraph_PressurePad' from node: Open in graph: EventGraph in object: PressurePad with description: Accessed None trying to read property Door
[2018.04.04-16.32.46:555][513]LogBlueprintUserMessages: Early EndPlayMap Detection: Level '/Game/Maps/HelloWorld.HelloWorld:PersistentLevel' has LevelScriptBlueprint '/Game/Maps/HelloWorld.HelloWorld:PersistentLevel.HelloWorld' with GeneratedClass '/Game/Maps/HelloWorld.HelloWorld_C' with ClassGeneratedBy '/Game/Maps/HelloWorld.HelloWorld:PersistentLevel.HelloWorld'
[2018.04.04-16.32.46:589][513]LogBlueprintUserMessages: Late EndPlayMap Detection: Level '/Game/Maps/HelloWorld.HelloWorld:PersistentLevel' has LevelScriptBlueprint '/Game/Maps/HelloWorld.HelloWorld:PersistentLevel.HelloWorld' with GeneratedClass '/Game/Maps/HelloWorld.HelloWorld_C' with ClassGeneratedBy '/Game/Maps/HelloWorld.HelloWorld:PersistentLevel.HelloWorld'
[2018.04.04-16.32.48:972][772]LogEditorViewport: Clicking on Actor (LMB): PressurePad_C (PressurePad)
[2018.04.04-16.32.49:729][835]Cmd: DELETE
[2018.04.04-16.32.49:729][835]Cmd: ACTOR DELETE
[2018.04.04-16.32.49:734][835]LogEditorActor: Deleted Actor: PressurePad_C
[2018.04.04-16.32.49:753][835]LogEditorActor: Deleted 1 Actors (0.024 secs)
[2018.04.04-16.32.50:124][874]LogEditorViewport: Clicking on Actor (LMB): AlphaDoor_C (AlphaDoor2)
[2018.04.04-16.32.50:192][877]Cmd: DELETE
[2018.04.04-16.32.50:192][877]Cmd: ACTOR DELETE
[2018.04.04-16.32.50:192][877]LogEditorActor: Deleted Actor: AlphaDoor_C
[2018.04.04-16.32.50:213][877]LogEditorActor: Deleted 1 Actors (0.021 secs)
[2018.04.04-16.32.50:883][957]LogEditorViewport: Clicking on Actor (LMB): Cube_C (Cube)
[2018.04.04-16.32.50:959][962]Cmd: DELETE
[2018.04.04-16.32.50:959][962]Cmd: ACTOR DELETE
[2018.04.04-16.32.50:960][962]LogEditorActor: Deleted Actor: Cube_C
[2018.04.04-16.32.50:979][962]LogEditorActor: Deleted 1 Actors (0.020 secs)
[2018.04.04-16.33.08:510][ 62]LogEditorViewport: Clicking on Actor (LMB): StaticMeshActor (Beached_Small_Boat)
[2018.04.04-16.33.52:837][331]LogTemp: Repeting last play command: Selected Viewport
[2018.04.04-16.33.52:860][331]LogBlueprintUserMessages: Early PlayInEditor Detection: Level '/Game/Maps/HelloWorld.HelloWorld:PersistentLevel' has LevelScriptBlueprint '/Game/Maps/HelloWorld.HelloWorld:PersistentLevel.HelloWorld' with GeneratedClass '/Game/Maps/HelloWorld.HelloWorld_C' with ClassGeneratedBy '/Game/Maps/HelloWorld.HelloWorld:PersistentLevel.HelloWorld'
[2018.04.04-16.33.52:860][331]LogPlayLevel: PlayLevel: No blueprints needed recompiling
[2018.04.04-16.33.52:861][331]PIE: New page: PIE session: HelloWorld (4 Apr 2018 18:33:52)
[2018.04.04-16.33.52:861][331]LogPlayLevel: Creating play world package: /Game/Maps/UEDPIE_0_HelloWorld
[2018.04.04-16.33.52:878][331]LogPlayLevel: PIE: StaticDuplicateObject took: (0.017505s)
[2018.04.04-16.33.52:879][331]LogAIModule: Creating AISystem for world HelloWorld
[2018.04.04-16.33.52:879][331]LogPlayLevel: PIE: World Init took: (0.000774s)
[2018.04.04-16.33.52:879][331]LogPlayLevel: PIE: Created PIE world by copying editor world from /Game/Maps/HelloWorld.HelloWorld to /Game/Maps/UEDPIE_0_HelloWorld.HelloWorld (0.018499s)
[2018.04.04-16.33.52:911][331]LogInit: XAudio2 using 'Headset Earphone (Corsair VOID RGB USB Gaming Headset )' : 6 channels at 48 kHz using 16 bits per sample (channel mask 0x3f)
[2018.04.04-16.33.53:086][331]LogInit: FAudioDevice initialized.
[2018.04.04-16.33.53:118][331]LogLoad: Game class is 'FuseGM_C'
[2018.04.04-16.33.53:122][331]LogWorld: Bringing World /Game/Maps/UEDPIE_0_HelloWorld.HelloWorld up for play (max tick rate 0) at 2018.04.04-17.33.53
[2018.04.04-16.33.53:123][331]LogWorld: Bringing up level for play took: 0.003532
[2018.04.04-16.33.53:124][331]PIE: Info Play in editor start time for /Game/Maps/UEDPIE_0_HelloWorld 0.935
[2018.04.04-16.33.53:125][331]LogBlueprintUserMessages: Late PlayInEditor Detection: Level '/Game/Maps/HelloWorld.HelloWorld:PersistentLevel' has LevelScriptBlueprint '/Game/Maps/HelloWorld.HelloWorld:PersistentLevel.HelloWorld' with GeneratedClass '/Game/Maps/HelloWorld.HelloWorld_C' with ClassGeneratedBy '/Game/Maps/HelloWorld.HelloWorld:PersistentLevel.HelloWorld'
[2018.04.04-16.35.50:508][411]Cmd: LevelEditor.ToggleImmersive
[2018.04.04-16.35.50:646][412]LogRenderer: Reallocating scene render targets to support 1620x720 NumSamples 1 (Frame:14082).
[2018.04.04-16.35.50:688][413]LogRenderer: Reallocating scene render targets to support 1920x1040 NumSamples 1 (Frame:14084).
[2018.04.04-16.36.00:886][634]LogBlueprintUserMessages: [TriggerBox_Blueprint] You Died!
[2018.04.04-16.36.02:886][874]LogNet: Browse: /Game/Maps/HelloWorld
[2018.04.04-16.36.02:886][874]LogLoad: LoadMap: /Game/Maps/HelloWorld
[2018.04.04-16.36.02:908][874]Cmd: MEM
[2018.04.04-16.36.02:927][874]LogMemory: Platform Memory Stats for Windows
[2018.04.04-16.36.02:927][874]LogMemory: Process Physical Memory: 1250.29 MB used, 1377.86 MB peak
[2018.04.04-16.36.02:927][874]LogMemory: Process Virtual Memory: 2072.43 MB used, 2447.95 MB peak
[2018.04.04-16.36.02:927][874]LogMemory: Physical Memory: 4690.61 MB used,  3456.62 MB free, 8147.22 MB total
[2018.04.04-16.36.02:927][874]LogMemory: Virtual Memory: 3167.98 MB used,  3456.62 MB free, 134217728.00 MB total
[2018.04.04-16.36.02:927][874]LogMemory: 
[2018.04.04-16.36.02:927][874]Allocator Stats for TBB: (not implemented)
[2018.04.04-16.36.02:929][874]LogPlayLevel: Creating play world package: /Game/Maps/UEDPIE_0_HelloWorld
[2018.04.04-16.36.02:946][874]LogPlayLevel: PIE: StaticDuplicateObject took: (0.017147s)
[2018.04.04-16.36.02:947][874]LogAIModule: Creating AISystem for world HelloWorld
[2018.04.04-16.36.02:947][874]LogPlayLevel: PIE: World Init took: (0.000706s)
[2018.04.04-16.36.02:947][874]LogPlayLevel: PIE: Created PIE world by copying editor world from /Game/Maps/HelloWorld.HelloWorld to /Game/Maps/UEDPIE_0_HelloWorld.HelloWorld (0.018146s)
[2018.04.04-16.36.02:947][874]LogLoad: Game class is 'FuseGM_C'
[2018.04.04-16.36.02:952][874]LogWorld: Bringing World /Game/Maps/UEDPIE_0_HelloWorld.HelloWorld up for play (max tick rate 0) at 2018.04.04-17.36.02
[2018.04.04-16.36.02:952][874]LogWorld: Bringing up level for play took: 0.003480
[2018.04.04-16.36.02:954][874]LogLoad: Took 0.067313 seconds to LoadMap(/Game/Maps/UEDPIE_0_HelloWorld)
[2018.04.04-16.36.07:628][434]LogBlueprintUserMessages: Early EndPlayMap Detection: Level '/Game/Maps/HelloWorld.HelloWorld:PersistentLevel' has LevelScriptBlueprint '/Game/Maps/HelloWorld.HelloWorld:PersistentLevel.HelloWorld' with GeneratedClass '/Game/Maps/HelloWorld.HelloWorld_C' with ClassGeneratedBy '/Game/Maps/HelloWorld.HelloWorld:PersistentLevel.HelloWorld'
[2018.04.04-16.36.07:698][434]LogBlueprintUserMessages: Late EndPlayMap Detection: Level '/Game/Maps/HelloWorld.HelloWorld:PersistentLevel' has LevelScriptBlueprint '/Game/Maps/HelloWorld.HelloWorld:PersistentLevel.HelloWorld' with GeneratedClass '/Game/Maps/HelloWorld.HelloWorld_C' with ClassGeneratedBy '/Game/Maps/HelloWorld.HelloWorld:PersistentLevel.HelloWorld'
[2018.04.04-16.36.11:346][823]Cmd: OBJ SAVEPACKAGE PACKAGE="/Game/Maps/HelloWorld" FILE="F:/FMP/RPG_Game/RPG_Game/Content/Maps/HelloWorld.umap" SILENT=true AUTOSAVING=false KEEPDIRTY=false
[2018.04.04-16.36.11:863][823]LogSavePackage: Save=472.86ms
[2018.04.04-16.36.11:863][823]LogSavePackage: Moving 'F:/FMP/RPG_Game/RPG_Game/Saved/HelloWorld7436628148085823F3451892F22CE617.tmp' to 'F:/FMP/RPG_Game/RPG_Game/Content/Maps/HelloWorld.umap'
[2018.04.04-16.36.11:869][823]LogSavePackage:Display: Finished SavePackage F:/FMP/RPG_Game/RPG_Game/Content/Maps/HelloWorld.umap
[2018.04.04-16.36.12:009][823]Cmd: OBJ SAVEPACKAGE PACKAGE="/Game/Maps/HelloWorld_BuiltData" FILE="F:/FMP/RPG_Game/RPG_Game/Content/Maps/HelloWorld_BuiltData.uasset" SILENT=true
[2018.04.04-16.36.12:887][823]LogSavePackage: Save=679.97ms
[2018.04.04-16.36.12:889][823]LogSavePackage: Moving 'F:/FMP/RPG_Game/RPG_Game/Saved/HelloWorld_BuiltDataB8EF5D2A4B64CB698B70BDAB626FD1CA.tmp' to 'F:/FMP/RPG_Game/RPG_Game/Content/Maps/HelloWorld_BuiltData.uasset'
[2018.04.04-16.36.12:903][823]LogSavePackage:Display: Finished SavePackage F:/FMP/RPG_Game/RPG_Game/Content/Maps/HelloWorld_BuiltData.uasset
[2018.04.04-16.36.12:904][823]LogSlate: Took 0.000236 seconds to synchronously load lazily loaded font '../../../Engine/Content/Slate/Fonts/Roboto-Regular.ttf' (155K)
[2018.04.04-16.36.15:363][ 96]LogWindowsTextInputMethodSystem:Display: IME system now deactivated.
[2018.04.04-16.36.15:543][ 97]Cmd: QUIT_EDITOR
[2018.04.04-16.36.15:735][ 97]LogExit: Preparing to exit.
[2018.04.04-16.36.16:073][ 97]LogExit: Editor shut down
[2018.04.04-16.36.16:077][ 97]LogExit: Transaction tracking system shut down
[2018.04.04-16.36.16:191][ 97]LogObj: Freed 0b from 0 cluster array pools.
[2018.04.04-16.36.16:191][ 97]LogExit: Object subsystem successfully closed.
[2018.04.04-16.36.16:221][ 97]LogD3D11RHI: Shutdown
[2018.04.04-16.36.16:221][ 97]LogD3D11RHI: CleanupD3DDevice
[2018.04.04-16.36.16:318][ 97]LogD3D11RHI: ~FD3D11DynamicRHI
[2018.04.04-16.36.16:351][ 97]LogModuleManager: Shutting down and abandoning module MovieSceneCapture (534)
[2018.04.04-16.36.16:351][ 97]LogModuleManager: Shutting down and abandoning module BlueprintGraph (532)
[2018.04.04-16.36.16:352][ 97]LogModuleManager: Shutting down and abandoning module BlueprintProfiler (530)
[2018.04.04-16.36.16:352][ 97]LogModuleManager: Shutting down and abandoning module HierarchicalLODOutliner (528)
[2018.04.04-16.36.16:352][ 97]LogModuleManager: Shutting down and abandoning module CrashTracker (526)
[2018.04.04-16.36.16:352][ 97]LogModuleManager: Shutting down and abandoning module SceneOutliner (524)
[2018.04.04-16.36.16:352][ 97]LogModuleManager: Shutting down and abandoning module AddContentDialog (522)
[2018.04.04-16.36.16:352][ 97]LogDirectoryWatcher: A directory notification for 'C:/Program Files/Epic Games/UE_4.16/FeaturePacks/' was aborted.
[2018.04.04-16.36.16:352][ 97]LogModuleManager: Shutting down and abandoning module WidgetCarousel (521)
[2018.04.04-16.36.16:352][ 97]LogModuleManager: Shutting down and abandoning module EditorWidgets (518)
[2018.04.04-16.36.16:352][ 97]LogModuleManager: Shutting down and abandoning module CollectionManager (516)
[2018.04.04-16.36.16:352][ 97]LogDirectoryWatcher: A directory notification for 'F:/FMP/RPG_Game/RPG_Game/Content/Collections/' was aborted.
[2018.04.04-16.36.16:353][ 97]LogDirectoryWatcher: A directory notification for 'F:/FMP/RPG_Game/RPG_Game/Content/Developers/Jordan/Collections/' was aborted.
[2018.04.04-16.36.16:353][ 97]LogDirectoryWatcher: A directory notification for 'F:/FMP/RPG_Game/RPG_Game/Saved/Collections/' was aborted.
[2018.04.04-16.36.16:353][ 97]LogModuleManager: Shutting down and abandoning module StatsViewer (514)
[2018.04.04-16.36.16:353][ 97]LogModuleManager: Shutting down and abandoning module FoliageEdit (512)
[2018.04.04-16.36.16:353][ 97]LogModuleManager: Shutting down and abandoning module LandscapeEditor (510)
[2018.04.04-16.36.16:353][ 97]LogModuleManager: Shutting down and abandoning module MeshPaintMode (508)
[2018.04.04-16.36.16:353][ 97]LogModuleManager: Shutting down and abandoning module SceneDepthPickerMode (506)
[2018.04.04-16.36.16:353][ 97]LogModuleManager: Shutting down and abandoning module ActorPickerMode (504)
[2018.04.04-16.36.16:353][ 97]LogModuleManager: Shutting down and abandoning module GeometryMode (502)
[2018.04.04-16.36.16:353][ 97]LogModuleManager: Shutting down and abandoning module TextureAlignMode (500)
[2018.04.04-16.36.16:353][ 97]LogModuleManager: Shutting down and abandoning module BspMode (498)
[2018.04.04-16.36.16:353][ 97]LogModuleManager: Shutting down and abandoning module HardwareSurvey (496)
[2018.04.04-16.36.16:353][ 97]LogModuleManager: Shutting down and abandoning module SequenceRecorderSections (494)
[2018.04.04-16.36.16:353][ 97]LogModuleManager: Shutting down and abandoning module AutomationWorker (492)
[2018.04.04-16.36.16:353][ 97]LogModuleManager: Shutting down and abandoning module MatineeToLevelSequence (490)
[2018.04.04-16.36.16:353][ 97]LogModuleManager: Shutting down and abandoning module LevelSequenceEditor (488)
[2018.04.04-16.36.16:353][ 97]LogModuleManager: Shutting down and abandoning module PlacementMode (487)
[2018.04.04-16.36.16:353][ 97]LogModuleManager: Shutting down and abandoning module WmfMediaFactory (484)
[2018.04.04-16.36.16:353][ 97]LogModuleManager: Shutting down and abandoning module WmfMediaEditor (482)
[2018.04.04-16.36.16:353][ 97]LogModuleManager: Shutting down and abandoning module AvfMediaFactory (480)
[2018.04.04-16.36.16:353][ 97]LogModuleManager: Shutting down and abandoning module AvfMediaEditor (478)
[2018.04.04-16.36.16:353][ 97]LogModuleManager: Shutting down and abandoning module AndroidMediaFactory (476)
[2018.04.04-16.36.16:353][ 97]LogModuleManager: Shutting down and abandoning module Media (475)
[2018.04.04-16.36.16:353][ 97]LogModuleManager: Shutting down and abandoning module AndroidMediaEditor (472)
[2018.04.04-16.36.16:353][ 97]LogModuleManager: Shutting down and abandoning module CharacterAI (470)
[2018.04.04-16.36.16:353][ 97]LogModuleManager: Shutting down and abandoning module AudioCapture (468)
[2018.04.04-16.36.16:353][ 97]LogModuleManager: Shutting down and abandoning module SequenceRecorder (467)
[2018.04.04-16.36.16:353][ 97]LogModuleManager: Shutting down and abandoning module SmartSnapping (464)
[2018.04.04-16.36.16:353][ 97]LogModuleManager: Shutting down and abandoning module SessionServices (462)
[2018.04.04-16.36.16:353][ 97]LogModuleManager: Shutting down and abandoning module ViewportSnapping (460)
[2018.04.04-16.36.16:353][ 97]LogModuleManager: Shutting down and abandoning module ViewportInteraction (458)
[2018.04.04-16.36.16:353][ 97]LogModuleManager: Shutting down and abandoning module ClothPainter (456)
[2018.04.04-16.36.16:353][ 97]LogModuleManager: Shutting down and abandoning module LogVisualizer (454)
[2018.04.04-16.36.16:353][ 97]LogModuleManager: Shutting down and abandoning module IntroTutorials (452)
[2018.04.04-16.36.16:353][ 97]LogModuleManager: Shutting down and abandoning module GameProjectGeneration (451)
[2018.04.04-16.36.16:353][ 97]LogModuleManager: Shutting down and abandoning module EditorLiveStreaming (448)
[2018.04.04-16.36.16:353][ 97]LogModuleManager: Shutting down and abandoning module IOSPlatformEditor (446)
[2018.04.04-16.36.16:353][ 97]LogModuleManager: Shutting down and abandoning module HTML5PlatformEditor (444)
[2018.04.04-16.36.16:353][ 97]LogModuleManager: Shutting down and abandoning module AndroidPlatformEditor (442)
[2018.04.04-16.36.16:353][ 97]LogModuleManager: Shutting down and abandoning module AndroidDeviceDetection (441)
[2018.04.04-16.36.17:111][ 97]LogModuleManager: Shutting down and abandoning module IOSRuntimeSettings (438)
[2018.04.04-16.36.17:111][ 97]LogModuleManager: Shutting down and abandoning module AndroidRuntimeSettings (436)
[2018.04.04-16.36.17:111][ 97]LogModuleManager: Shutting down and abandoning module InputBindingEditor (434)
[2018.04.04-16.36.17:111][ 97]LogModuleManager: Shutting down and abandoning module MergeActors (432)
[2018.04.04-16.36.17:111][ 97]LogModuleManager: Shutting down and abandoning module SizeMap (430)
[2018.04.04-16.36.17:111][ 97]LogModuleManager: Shutting down and abandoning module TreeMap (428)
[2018.04.04-16.36.17:111][ 97]LogModuleManager: Shutting down and abandoning module ReferenceViewer (426)
[2018.04.04-16.36.17:111][ 97]LogModuleManager: Shutting down and abandoning module LocalizationDashboard (424)
[2018.04.04-16.36.17:111][ 97]LogModuleManager: Shutting down and abandoning module LocalizationService (423)
[2018.04.04-16.36.17:111][ 97]LogModuleManager: Shutting down and abandoning module HardwareTargeting (420)
[2018.04.04-16.36.17:111][ 97]LogModuleManager: Shutting down and abandoning module DeviceProfileEditor (418)
[2018.04.04-16.36.17:111][ 97]LogModuleManager: Shutting down and abandoning module UndoHistory (416)
[2018.04.04-16.36.17:111][ 97]LogModuleManager: Shutting down and abandoning module UserFeedback (414)
[2018.04.04-16.36.17:111][ 97]LogModuleManager: Shutting down and abandoning module XmlParser (412)
[2018.04.04-16.36.17:111][ 97]LogModuleManager: Shutting down and abandoning module Blutility (410)
[2018.04.04-16.36.17:111][ 97]LogModuleManager: Shutting down and abandoning module ProjectSettingsViewer (408)
[2018.04.04-16.36.17:111][ 97]LogModuleManager: Shutting down and abandoning module ProjectTargetPlatformEditor (407)
[2018.04.04-16.36.17:111][ 97]LogModuleManager: Shutting down and abandoning module EditorSettingsViewer (404)
[2018.04.04-16.36.17:111][ 97]LogModuleManager: Shutting down and abandoning module SettingsEditor (402)
[2018.04.04-16.36.17:111][ 97]LogModuleManager: Shutting down and abandoning module ProjectLauncher (400)
[2018.04.04-16.36.17:111][ 97]LogModuleManager: Shutting down and abandoning module SessionFrontend (398)
[2018.04.04-16.36.17:111][ 97]LogModuleManager: Shutting down and abandoning module ProfilerClient (396)
[2018.04.04-16.36.17:111][ 97]LogModuleManager: Shutting down and abandoning module DeviceManager (394)
[2018.04.04-16.36.17:111][ 97]LogModuleManager: Shutting down and abandoning module TargetDeviceServices (393)
[2018.04.04-16.36.17:163][ 97]LogModuleManager: Shutting down and abandoning module AutomationController (390)
[2018.04.04-16.36.17:163][ 97]LogModuleManager: Shutting down and abandoning module AutomationWindow (388)
[2018.04.04-16.36.17:163][ 97]LogModuleManager: Shutting down and abandoning module Layers (386)
[2018.04.04-16.36.17:163][ 97]LogModuleManager: Shutting down and abandoning module ComponentVisualizers (384)
[2018.04.04-16.36.17:163][ 97]LogModuleManager: Shutting down and abandoning module DetailCustomizations (382)
[2018.04.04-16.36.17:163][ 97]LogModuleManager: Shutting down and abandoning module PackagesDialog (380)
[2018.04.04-16.36.17:164][ 97]LogModuleManager: Shutting down and abandoning module Persona (378)
[2018.04.04-16.36.17:164][ 97]LogModuleManager: Shutting down and abandoning module AdvancedPreviewScene (377)
[2018.04.04-16.36.17:164][ 97]LogModuleManager: Shutting down and abandoning module AnimGraph (375)
[2018.04.04-16.36.17:164][ 97]LogModuleManager: Shutting down and abandoning module Kismet (372)
[2018.04.04-16.36.17:170][ 97]LogModuleManager: Shutting down and abandoning module ClassViewer (370)
[2018.04.04-16.36.17:170][ 97]LogModuleManager: Shutting down and abandoning module Toolbox (368)
[2018.04.04-16.36.17:170][ 97]LogModuleManager: Shutting down and abandoning module ModuleUI (366)
[2018.04.04-16.36.17:170][ 97]LogModuleManager: Shutting down and abandoning module MovieSceneTools (364)
[2018.04.04-16.36.17:170][ 97]LogModuleManager: Shutting down and abandoning module OutputLog (362)
[2018.04.04-16.36.17:170][ 97]LogModuleManager: Shutting down and abandoning module GammaUI (360)
[2018.04.04-16.36.17:170][ 97]LogModuleManager: Shutting down and abandoning module Documentation (358)
[2018.04.04-16.36.17:170][ 97]LogModuleManager: Shutting down and abandoning module MovieSceneTracks (356)
[2018.04.04-16.36.17:170][ 97]LogModuleManager: Shutting down and abandoning module MovieScene (354)
[2018.04.04-16.36.17:170][ 97]LogModuleManager: Shutting down and abandoning module Niagara (352)
[2018.04.04-16.36.17:171][ 97]LogModuleManager: Shutting down and abandoning module NiagaraEditor (351)
[2018.04.04-16.36.17:171][ 97]LogModuleManager: Shutting down and abandoning module StreamingPauseRendering (348)
[2018.04.04-16.36.17:171][ 97]LogModuleManager: Shutting down and abandoning module AnalyticsET (346)
[2018.04.04-16.36.17:171][ 97]LogModuleManager: Shutting down and abandoning module PortalServices (344)
[2018.04.04-16.36.17:171][ 97]LogModuleManager: Shutting down and abandoning module PortalRpc (342)
[2018.04.04-16.36.17:171][ 97]LogModuleManager: Shutting down and abandoning module MessagingRpc (340)
[2018.04.04-16.36.17:171][ 97]LogModuleManager: Shutting down and abandoning module AIModule (338)
[2018.04.04-16.36.17:171][ 97]LogModuleManager: Shutting down and abandoning module GameplayDebugger (337)
[2018.04.04-16.36.17:171][ 97]LogModuleManager: Shutting down and abandoning module AITestSuite (335)
[2018.04.04-16.36.17:171][ 97]LogModuleManager: Shutting down and abandoning module ProfilerService (332)
[2018.04.04-16.36.17:303][ 97]LogModuleManager: Shutting down and abandoning module TaskGraph (330)
[2018.04.04-16.36.17:303][ 97]LogModuleManager: Shutting down and abandoning module SubstanceEditor (328)
[2018.04.04-16.36.17:303][ 97]LogModuleManager: Shutting down and abandoning module SteamVRController (326)
[2018.04.04-16.36.17:303][ 97]LogModuleManager: Shutting down and abandoning module SteamVR (324)
[2018.04.04-16.36.17:303][ 97]LogModuleManager: Shutting down and abandoning module ProceduralMeshComponentEditor (322)
[2018.04.04-16.36.17:303][ 97]LogModuleManager: Shutting down and abandoning module ProceduralMeshComponent (320)
[2018.04.04-16.36.17:303][ 97]LogModuleManager: Shutting down and abandoning module OculusLibrary (318)
[2018.04.04-16.36.17:303][ 97]LogModuleManager: Shutting down and abandoning module OculusInput (316)
[2018.04.04-16.36.17:303][ 97]LogModuleManager: Shutting down and abandoning module MobilePatchingUtils (314)
[2018.04.04-16.36.17:303][ 97]LogModuleManager: Shutting down and abandoning module CustomMeshComponent (312)
[2018.04.04-16.36.17:303][ 97]LogModuleManager: Shutting down and abandoning module CableComponent (310)
[2018.04.04-16.36.17:303][ 97]LogModuleManager: Shutting down and abandoning module ArchVisCharacter (308)
[2018.04.04-16.36.17:303][ 97]LogModuleManager: Shutting down and abandoning module AndroidPermission (306)
[2018.04.04-16.36.17:303][ 97]LogModuleManager: Shutting down and abandoning module MediaPlayerEditor (302)
[2018.04.04-16.36.17:303][ 97]LogModuleManager: Shutting down and abandoning module HTML5Networking (300)
[2018.04.04-16.36.17:303][ 97]LogModuleManager: Shutting down and abandoning module AlembicImporter (298)
[2018.04.04-16.36.17:303][ 97]LogModuleManager: Shutting down and abandoning module AlembicLibrary (297)
[2018.04.04-16.36.17:303][ 97]LogModuleManager: Shutting down and abandoning module GeometryCache (296)
[2018.04.04-16.36.17:303][ 97]LogModuleManager: Shutting down and abandoning module GeometryCacheEd (295)
[2018.04.04-16.36.17:303][ 97]LogModuleManager: Shutting down and abandoning module SuperSearchEditor (290)
[2018.04.04-16.36.17:303][ 97]LogModuleManager: Shutting down and abandoning module SuperSearch (289)
[2018.04.04-16.36.17:303][ 97]LogModuleManager: Shutting down and abandoning module SpeedTreeImporter (286)
[2018.04.04-16.36.17:303][ 97]LogModuleManager: Shutting down and abandoning module PluginBrowser (284)
[2018.04.04-16.36.17:303][ 97]LogModuleManager: Shutting down and abandoning module MobileLauncherProfileWizard (282)
[2018.04.04-16.36.17:303][ 97]LogModuleManager: Shutting down and abandoning module VisualStudioSourceCodeAccess (280)
[2018.04.04-16.36.17:303][ 97]LogModuleManager: Shutting down and abandoning module DesktopPlatform (279)
[2018.04.04-16.36.17:303][ 97]LogModuleManager: Shutting down and abandoning module UObjectPlugin (276)
[2018.04.04-16.36.17:303][ 97]LogModuleManager: Shutting down and abandoning module SubversionSourceControl (274)
[2018.04.04-16.36.17:303][ 97]LogModuleManager: Shutting down and abandoning module PerforceSourceControl (272)
[2018.04.04-16.36.17:303][ 97]LogModuleManager: Shutting down and abandoning module GitSourceControl (270)
[2018.04.04-16.36.17:303][ 97]LogModuleManager: Shutting down and abandoning module SourceControl (269)
[2018.04.04-16.36.17:303][ 97]LogModuleManager: Shutting down and abandoning module LightPropagationVolumeEditor (266)
[2018.04.04-16.36.17:303][ 97]LogModuleManager: Shutting down and abandoning module PaperTiledImporter (264)
[2018.04.04-16.36.17:303][ 97]LogModuleManager: Shutting down and abandoning module PaperSpriteSheetImporter (262)
[2018.04.04-16.36.17:303][ 97]LogModuleManager: Shutting down and abandoning module Paper2DEditor (260)
[2018.04.04-16.36.17:303][ 97]LogModuleManager: Shutting down and abandoning module MeshPaint (259)
[2018.04.04-16.36.17:303][ 97]LogModuleManager: Shutting down and abandoning module LevelEditor (257)
[2018.04.04-16.36.17:304][ 97]LogModuleManager: Shutting down and abandoning module PixelInspectorModule (256)
[2018.04.04-16.36.17:304][ 97]LogModuleManager: Shutting down and abandoning module MainFrame (254)
[2018.04.04-16.36.17:304][ 97]LogModuleManager: Shutting down and abandoning module HotReload (253)
[2018.04.04-16.36.17:305][ 97]LogModuleManager: Shutting down and abandoning module PhysXVehiclesEditor (248)
[2018.04.04-16.36.17:305][ 97]LogModuleManager: Shutting down and abandoning module PhysXVehicles (246)
[2018.04.04-16.36.17:305][ 97]LogModuleManager: Shutting down and abandoning module LocationServicesBPLibrary (244)
[2018.04.04-16.36.17:305][ 97]LogModuleManager: Shutting down and abandoning module ImmediatePhysicsEditor (242)
[2018.04.04-16.36.17:305][ 97]LogModuleManager: Shutting down and abandoning module ImmediatePhysics (240)
[2018.04.04-16.36.17:305][ 97]LogModuleManager: Shutting down and abandoning module UdpMessaging (238)
[2018.04.04-16.36.17:405][ 97]LogModuleManager: Shutting down and abandoning module TcpMessaging (236)
[2018.04.04-16.36.17:506][ 97]LogModuleManager: Shutting down and abandoning module SubstanceCore (234)
[2018.04.04-16.36.17:506][ 97]LogModuleManager: Shutting down and abandoning module GameplayTagsEditor (232)
[2018.04.04-16.36.17:506][ 97]LogModuleManager: Shutting down and abandoning module FacialAnimationEditor (230)
[2018.04.04-16.36.17:506][ 97]LogModuleManager: Shutting down and abandoning module FacialAnimation (228)
[2018.04.04-16.36.17:506][ 97]LogModuleManager: Shutting down and abandoning module AssetManagerEditor (226)
[2018.04.04-16.36.17:506][ 97]LogModuleManager: Shutting down and abandoning module GraphEditor (225)
[2018.04.04-16.36.17:506][ 97]LogModuleManager: Shutting down and abandoning module ContentBrowser (223)
[2018.04.04-16.36.17:507][ 97]LogModuleManager: Shutting down and abandoning module LightPropagationVolumeRuntime (220)
[2018.04.04-16.36.17:507][ 97]LogModuleManager: Shutting down and abandoning module Paper2D (218)
[2018.04.04-16.36.17:507][ 97]LogModuleManager: Shutting down and abandoning module WindowsMoviePlayer (216)
[2018.04.04-16.36.17:507][ 97]LogModuleManager: Shutting down and abandoning module WmfMedia (214)
[2018.04.04-16.36.17:510][ 97]LogModuleManager: Shutting down and abandoning module ClothingSystemEditor (212)
[2018.04.04-16.36.17:510][ 97]LogModuleManager: Shutting down and abandoning module ClothingSystemRuntime (210)
[2018.04.04-16.36.17:510][ 97]LogModuleManager: Shutting down and abandoning module MediaAssets (208)
[2018.04.04-16.36.17:510][ 97]LogModuleManager: Shutting down and abandoning module GameLiveStreaming (206)
[2018.04.04-16.36.17:510][ 97]LogModuleManager: Shutting down and abandoning module VREditor (204)
[2018.04.04-16.36.17:510][ 97]LogModuleManager: Shutting down and abandoning module StringTableEditor (202)
[2018.04.04-16.36.17:510][ 97]LogModuleManager: Shutting down and abandoning module GameplayTasksEditor (200)
[2018.04.04-16.36.17:510][ 97]LogModuleManager: Shutting down and abandoning module BehaviorTreeEditor (198)
[2018.04.04-16.36.17:510][ 97]LogModuleManager: Shutting down and abandoning module FunctionalTesting (196)
[2018.04.04-16.36.17:510][ 97]LogModuleManager: Shutting down and abandoning module CollisionAnalyzer (194)
[2018.04.04-16.36.17:510][ 97]LogModuleManager: Shutting down and abandoning module UMG (192)
[2018.04.04-16.36.17:510][ 97]LogModuleManager: Shutting down and abandoning module UMGEditor (191)
[2018.04.04-16.36.17:510][ 97]LogModuleManager: Shutting down and abandoning module Sequencer (190)
[2018.04.04-16.36.17:510][ 97]LogModuleManager: Shutting down and abandoning module AssetTools (188)
[2018.04.04-16.36.17:510][ 97]LogModuleManager: Shutting down and abandoning module MessageLog (187)
[2018.04.04-16.36.17:510][ 97]LogModuleManager: Shutting down and abandoning module WorkspaceMenuStructure (186)
[2018.04.04-16.36.17:510][ 97]LogModuleManager: Shutting down and abandoning module SlateReflector (180)
[2018.04.04-16.36.17:510][ 97]LogModuleManager: Shutting down and abandoning module Slate (178)
[2018.04.04-16.36.17:510][ 97]LogModuleManager: Shutting down and abandoning module EditorStyle (176)
[2018.04.04-16.36.17:514][ 97]LogModuleManager: Shutting down and abandoning module SourceCodeAccess (174)
[2018.04.04-16.36.17:514][ 97]LogModuleManager: Shutting down and abandoning module HeadMountedDisplay (172)
[2018.04.04-16.36.17:514][ 97]LogModuleManager: Shutting down and abandoning module XAudio2 (170)
[2018.04.04-16.36.17:514][ 97]LogModuleManager: Shutting down and abandoning module Networking (168)
[2018.04.04-16.36.17:514][ 97]LogModuleManager: Shutting down and abandoning module Core (164)
[2018.04.04-16.36.17:514][ 97]LogModuleManager: Shutting down and abandoning module AssetRegistry (162)
[2018.04.04-16.36.17:651][ 97]LogDirectoryWatcher: A directory notification for '../../../Engine/Content/' was aborted.
[2018.04.04-16.36.17:651][ 97]LogDirectoryWatcher: A directory notification for 'F:/FMP/RPG_Game/RPG_Game/Content/' was aborted.
[2018.04.04-16.36.17:651][ 97]LogDirectoryWatcher: A directory notification for '../../../Engine/Plugins/2D/Paper2D/Content/' was aborted.
[2018.04.04-16.36.17:651][ 97]LogDirectoryWatcher: A directory notification for '../../../Engine/Plugins/Runtime/GearVR/Content/' was aborted.
[2018.04.04-16.36.17:654][ 97]LogModuleManager: Shutting down and abandoning module DirectoryWatcher (161)
[2018.04.04-16.36.17:655][ 97]LogModuleManager: Shutting down and abandoning module KismetCompiler (158)
[2018.04.04-16.36.17:655][ 97]LogModuleManager: Shutting down and abandoning module LevelSequence (156)
[2018.04.04-16.36.17:655][ 97]LogModuleManager: Shutting down and abandoning module PhysXFormats (154)
[2018.04.04-16.36.17:655][ 97]LogModuleManager: Shutting down and abandoning module MeshUtilities (152)
[2018.04.04-16.36.17:655][ 97]LogModuleManager: Shutting down and abandoning module SimplygonSwarm (151)
[2018.04.04-16.36.17:655][ 97]LogModuleManager: Shutting down and abandoning module SimplygonMeshReduction (149)
[2018.04.04-16.36.17:655][ 97]LogModuleManager: Shutting down and abandoning module QuadricMeshReduction (147)
[2018.04.04-16.36.17:655][ 97]LogModuleManager: Shutting down and abandoning module DerivedDataCache (144)
[2018.04.04-16.36.17:724][ 97]LogDerivedDataCache: Shutdown
[2018.04.04-16.36.17:724][ 97]LogModuleManager: Shutting down and abandoning module TargetPlatform (142)
[2018.04.04-16.36.17:724][ 97]LogModuleManager: Shutting down and abandoning module VulkanShaderFormat (141)
[2018.04.04-16.36.17:724][ 97]LogModuleManager: Shutting down and abandoning module ShaderFormatVectorVM (139)
[2018.04.04-16.36.17:724][ 97]LogModuleManager: Shutting down and abandoning module ShaderFormatOpenGL (137)
[2018.04.04-16.36.17:724][ 97]LogModuleManager: Shutting down and abandoning module ShaderFormatD3D (135)
[2018.04.04-16.36.17:724][ 97]LogModuleManager: Shutting down and abandoning module MetalShaderFormat (133)
[2018.04.04-16.36.17:724][ 97]LogModuleManager: Shutting down and abandoning module TextureFormatUncompressed (131)
[2018.04.04-16.36.17:724][ 97]LogModuleManager: Shutting down and abandoning module TextureFormatPVR (129)
[2018.04.04-16.36.17:724][ 97]LogModuleManager: Shutting down and abandoning module TextureFormatDXT (127)
[2018.04.04-16.36.17:724][ 97]LogModuleManager: Shutting down and abandoning module TextureFormatIntelISPCTexComp (125)
[2018.04.04-16.36.17:724][ 97]LogModuleManager: Shutting down and abandoning module TextureFormatASTC (123)
[2018.04.04-16.36.17:724][ 97]LogModuleManager: Shutting down and abandoning module ImageWrapper (122)
[2018.04.04-16.36.17:724][ 97]LogModuleManager: Shutting down and abandoning module TextureFormatAndroid (119)
[2018.04.04-16.36.17:724][ 97]LogModuleManager: Shutting down and abandoning module AudioFormatOpus (117)
[2018.04.04-16.36.17:724][ 97]LogModuleManager: Shutting down and abandoning module AudioFormatOgg (115)
[2018.04.04-16.36.17:724][ 97]LogModuleManager: Shutting down and abandoning module AudioFormatADPCM (113)
[2018.04.04-16.36.17:724][ 97]LogModuleManager: Shutting down and abandoning module LinuxTargetPlatform (111)
[2018.04.04-16.36.17:724][ 97]LogModuleManager: Shutting down and abandoning module LinuxServerTargetPlatform (109)
[2018.04.04-16.36.17:724][ 97]LogModuleManager: Shutting down and abandoning module LinuxNoEditorTargetPlatform (107)
[2018.04.04-16.36.17:724][ 97]LogModuleManager: Shutting down and abandoning module LinuxClientTargetPlatform (105)
[2018.04.04-16.36.17:724][ 97]LogModuleManager: Shutting down and abandoning module TVOSTargetPlatform (103)
[2018.04.04-16.36.17:724][ 97]LogModuleManager: Shutting down and abandoning module Messaging (101)
[2018.04.04-16.36.17:724][ 97]LogModuleManager: Shutting down and abandoning module IOSTargetPlatform (99)
[2018.04.04-16.36.17:724][ 97]LogModuleManager: Shutting down and abandoning module HTML5TargetPlatform (97)
[2018.04.04-16.36.17:724][ 97]LogModuleManager: Shutting down and abandoning module Android_PVRTCTargetPlatform (95)
[2018.04.04-16.36.17:724][ 97]LogModuleManager: Shutting down and abandoning module Android_MultiTargetPlatform (93)
[2018.04.04-16.36.17:724][ 97]LogModuleManager: Shutting down and abandoning module Android_ETC2TargetPlatform (91)
[2018.04.04-16.36.17:724][ 97]LogModuleManager: Shutting down and abandoning module Android_ETC1TargetPlatform (89)
[2018.04.04-16.36.17:724][ 97]LogModuleManager: Shutting down and abandoning module Android_DXTTargetPlatform (87)
[2018.04.04-16.36.17:724][ 97]LogModuleManager: Shutting down and abandoning module Android_ATCTargetPlatform (85)
[2018.04.04-16.36.17:724][ 97]LogModuleManager: Shutting down and abandoning module Android_ASTCTargetPlatform (83)
[2018.04.04-16.36.17:724][ 97]LogModuleManager: Shutting down and abandoning module AndroidTargetPlatform (81)
[2018.04.04-16.36.17:724][ 97]LogModuleManager: Shutting down and abandoning module WindowsTargetPlatform (79)
[2018.04.04-16.36.17:724][ 97]LogModuleManager: Shutting down and abandoning module WindowsServerTargetPlatform (77)
[2018.04.04-16.36.17:724][ 97]LogModuleManager: Shutting down and abandoning module WindowsNoEditorTargetPlatform (75)
[2018.04.04-16.36.17:724][ 97]LogModuleManager: Shutting down and abandoning module WindowsClientTargetPlatform (73)
[2018.04.04-16.36.17:724][ 97]LogModuleManager: Shutting down and abandoning module MacTargetPlatform (71)
[2018.04.04-16.36.17:724][ 97]LogModuleManager: Shutting down and abandoning module MacServerTargetPlatform (69)
[2018.04.04-16.36.17:724][ 97]LogModuleManager: Shutting down and abandoning module MacNoEditorTargetPlatform (67)
[2018.04.04-16.36.17:724][ 97]LogModuleManager: Shutting down and abandoning module MacClientTargetPlatform (65)
[2018.04.04-16.36.17:724][ 97]LogModuleManager: Shutting down and abandoning module AllDesktopTargetPlatform (63)
[2018.04.04-16.36.17:724][ 97]LogModuleManager: Shutting down and abandoning module InputCore (60)
[2018.04.04-16.36.17:724][ 97]LogModuleManager: Shutting down and abandoning module Settings (58)
[2018.04.04-16.36.17:724][ 97]LogModuleManager: Shutting down and abandoning module OculusRift (56)
[2018.04.04-16.36.17:724][ 97]LogModuleManager: Shutting down and abandoning module GearVRController (54)
[2018.04.04-16.36.17:724][ 97]LogModuleManager: Shutting down and abandoning module GearVR (52)
[2018.04.04-16.36.17:724][ 97]LogModuleManager: Shutting down and abandoning module ExampleDeviceProfileSelector (50)
[2018.04.04-16.36.17:724][ 97]LogModuleManager: Shutting down and abandoning module OnlineBlueprintSupport (48)
[2018.04.04-16.36.17:724][ 97]LogModuleManager: Shutting down and abandoning module OnlineSubsystem (44)
[2018.04.04-16.36.17:724][ 97]LogOnline:Display: Unloading online subsystem: NULL
[2018.04.04-16.36.17:724][ 97]LogModuleManager: Shutting down and abandoning module XMPP (43)
[2018.04.04-16.36.17:724][ 97]LogModuleManager: Shutting down and abandoning module HTTP (41)
[2018.04.04-16.36.17:724][ 97]LogHttp:Display: Http module shutting down, but needs to wait on 1 outstanding Http requests:
[2018.04.04-16.36.17:724][ 97]LogHttp:Display: 	verb=[POST] url=[https://datarouter.ol.epicgames.com/datarouter/api/v1/public/data?SessionID=%7B38994314-40B7-31AC-D4D3-2881139F1C83%7D&AppID=UEEditor.Rocket.Release&AppVersion=4.16.3-3561208%2B%2B%2BUE4%2BRelease-4.16&UserID=f2ee2cd141fd990cd7bc44856aa9a1ea%7C3996f32fd2fe4f04a289bdcb1f9016df%7Cd35f91c7-4e6c-478a-b9f5-ce22f1949bcb&AppEnvironment=datacollector-binary&UploadType=eteventstream] status=Processing
[2018.04.04-16.36.17:738][ 97]LogModuleManager: Shutting down and abandoning module SSL (40)
[2018.04.04-16.36.17:739][ 97]LogModuleManager: Shutting down and abandoning module HTTPChunkInstaller (36)
[2018.04.04-16.36.17:739][ 97]LogModuleManager: Shutting down and abandoning module AnimationModifiers (34)
[2018.04.04-16.36.17:739][ 97]LogModuleManager: Shutting down and abandoning module PropertyEditor (33)
[2018.04.04-16.36.17:739][ 97]LogModuleManager: Shutting down and abandoning module AudioEditor (30)
[2018.04.04-16.36.17:739][ 97]LogModuleManager: Shutting down and abandoning module TextureCompressor (28)
[2018.04.04-16.36.17:739][ 97]LogModuleManager: Shutting down and abandoning module ShaderCore (26)
[2018.04.04-16.36.17:739][ 97]LogModuleManager: Shutting down and abandoning module Landscape (24)
[2018.04.04-16.36.17:739][ 97]LogModuleManager: Shutting down and abandoning module SlateRHIRenderer (22)
[2018.04.04-16.36.17:740][ 97]LogModuleManager: Shutting down and abandoning module OpenGLDrv (20)
[2018.04.04-16.36.17:740][ 97]LogModuleManager: Shutting down and abandoning module D3D11RHI (18)
[2018.04.04-16.36.17:740][ 97]LogModuleManager: Shutting down and abandoning module AnimGraphRuntime (16)
[2018.04.04-16.36.17:740][ 97]LogModuleManager: Shutting down and abandoning module Renderer (14)
[2018.04.04-16.36.17:740][ 97]LogModuleManager: Shutting down and abandoning module Engine (12)
[2018.04.04-16.36.17:740][ 97]LogModuleManager: Shutting down and abandoning module CoreUObject (10)
[2018.04.04-16.36.17:740][ 97]LogModuleManager: Shutting down and abandoning module NetworkFile (8)
[2018.04.04-16.36.17:740][ 97]LogModuleManager: Shutting down and abandoning module StreamingFile (6)
[2018.04.04-16.36.17:740][ 97]LogModuleManager: Shutting down and abandoning module SandboxFile (4)
[2018.04.04-16.36.17:740][ 97]LogModuleManager: Shutting down and abandoning module PakFile (2)
[2018.04.04-16.36.17:743][ 97]LogExit: Exiting.
[2018.04.04-16.36.17:763][ 97]Log file closed, 04/04/18 17:36:17
