Log file open, 02/15/18 13:06:09
LogInit:Display: Running engine for game: RPG_Game
LogPlatformFile: Not using cached read wrapper
LogInit:Display: RandInit(1858676787) SRandInit(1858676787).
LogTaskGraph: Started task graph with 5 named threads and 8 total threads with 1 sets of task threads.
LogStats: Stats thread started at 0.080689
LogInit: Using libcurl 7.47.1
LogInit:  - built for x86_64-pc-win32
LogInit:  - supports SSL with OpenSSL/1.0.2g
LogInit:  - supports HTTP deflate (compression) using libz 1.2.8
LogInit:  - other features:
LogInit:      CURL_VERSION_SSL
LogInit:      CURL_VERSION_LIBZ
LogInit:      CURL_VERSION_IPV6
LogInit:      CURL_VERSION_ASYNCHDNS
LogInit:      CURL_VERSION_LARGEFILE
LogInit:      CURL_VERSION_IDN
LogInit:  CurlRequestOptions (configurable via config and command line):
LogInit:  - bVerifyPeer = false  - Libcurl will NOT verify peer certificate
LogInit:  - bUseHttpProxy = false  - Libcurl will NOT use HTTP proxy
LogInit:  - bDontReuseConnections = false  - Libcurl will reuse connections
LogInit:  - CertBundlePath = nullptr  - Libcurl will use whatever was configured at build time.
LogInit: Build: ++UE4+Release-4.16-CL-3561208
LogInit: Engine Version: 4.16.3-3561208+++UE4+Release-4.16
LogInit: Compatible Engine Version: 4.16.0-3452394+++UE4+Release-4.16
LogInit: Net CL: 3452394
LogDevObjectVersion: Number of dev versions registered: 16
LogDevObjectVersion:   Dev-Blueprints (B0D832E4-1F89-4F0D-ACCF-7EB736FD4AA2): 9
LogDevObjectVersion:   Dev-Build (E1C64328-A22C-4D53-A36C-8E866417BD8C): 0
LogDevObjectVersion:   Dev-Core (375EC13C-06E4-48FB-B500-84F0262A717E): 2
LogDevObjectVersion:   Dev-Editor (E4B068ED-F494-42E9-A231-DA0B2E46BB41): 17
LogDevObjectVersion:   Dev-Framework (CFFC743F-43B0-4480-9391-14DF171D2073): 23
LogDevObjectVersion:   Dev-Mobile (B02B49B5-BB20-44E9-A304-32B752E40360): 0
LogDevObjectVersion:   Dev-Networking (A4E4105C-59A1-49B5-A7C5-40C4547EDFEE): 0
LogDevObjectVersion:   Dev-Online (39C831C9-5AE6-47DC-9A44-9C173E1C8E7C): 0
LogDevObjectVersion:   Dev-Physics (78F01B33-EBEA-4F98-B9B4-84EACCB95AA2): 0
LogDevObjectVersion:   Dev-Platform (6631380F-2D4D-43E0-8009-CF276956A95A): 0
LogDevObjectVersion:   Dev-Rendering (12F88B9F-8875-4AFC-A67C-D90C383ABD29): 15
LogDevObjectVersion:   Dev-Sequencer (7B5AE74C-D270-4C10-A958-57980B212A5A): 4
LogDevObjectVersion:   Dev-VR (D7296918-1DD6-4BDD-9DE2-64A83CC13884): 0
LogDevObjectVersion:   Dev-LoadTimes (C2A15278-BFE7-4AFE-6C17-90FF531DF755): 1
LogDevObjectVersion:   Private-Geometry (6EACA3D4-40EC-4CC1-B786-8BED09428FC5): 1
LogDevObjectVersion:   Dev-AnimPhys (29E575DD-E0A3-4627-9D10-D276232CDCEA): 3
LogInit: Compiled (64-bit): Jul 28 2017 11:49:47
LogInit: Compiled with Visual C++: 19.00.24215.01
LogInit: Build Configuration: Development
LogInit: Branch Name: ++UE4+Release-4.16
LogInit: Command line:  
LogInit: Base directory: D:/Program Files/UE_4.16/Engine/Binaries/Win64/
LogInit: Installed Engine Build: 1
LogInit: Presizing for max 8388607 objects, including 0 objects not considered by GC, pre-allocating 0 bytes for permanent pool.
LogInit: Object subsystem initialized
[2018.02.15-13.06.10:710][  0]LogInit: Selected Device Profile: [Windows]
[2018.02.15-13.06.10:710][  0]LogInit: Applying CVar settings loaded from the selected device profile: [Windows]
[2018.02.15-13.06.10:830][  0]LogInit: Computer: DESKTOP-46CB9MQ
[2018.02.15-13.06.10:830][  0]LogInit: User: JoshR
[2018.02.15-13.06.10:830][  0]LogInit: CPU Page size=4096, Cores=4
[2018.02.15-13.06.10:830][  0]LogInit: High frequency timer resolution =3.421876 MHz
[2018.02.15-13.06.10:848][  0]LogMemory: Memory total: Physical=16.0GB (16GB approx)
[2018.02.15-13.06.10:848][  0]LogMemory: Platform Memory Stats for Windows
[2018.02.15-13.06.10:848][  0]LogMemory: Process Physical Memory: 273.73 MB used, 273.73 MB peak
[2018.02.15-13.06.10:848][  0]LogMemory: Process Virtual Memory: 266.72 MB used, 266.72 MB peak
[2018.02.15-13.06.10:848][  0]LogMemory: Physical Memory: 3667.47 MB used,  12676.53 MB free, 16344.00 MB total
[2018.02.15-13.06.10:848][  0]LogMemory: Virtual Memory: 662.43 MB used,  12676.53 MB free, 134217728.00 MB total
[2018.02.15-13.06.11:487][  0]LogInit: Using OS detected language (en-GB).
[2018.02.15-13.06.11:487][  0]LogInit: Using OS detected locale (en-GB).
[2018.02.15-13.06.11:614][  0]LogTextLocalizationManager: No specific localization for 'en-GB' exists, so the 'en' localization will be used.
[2018.02.15-13.06.13:550][  0]LogD3D11RHI: D3D11 adapters:
[2018.02.15-13.06.13:585][  0]LogD3D11RHI:    0. 'NVIDIA GeForce GTX 970' (Feature Level 11_0)
[2018.02.15-13.06.13:585][  0]LogD3D11RHI:       4043/0/8172 MB DedicatedVideo/DedicatedSystem/SharedSystem, Outputs:1, VendorId:0x10de
[2018.02.15-13.06.13:588][  0]LogD3D11RHI:    1. 'Microsoft Basic Render Driver' (Feature Level 11_0)
[2018.02.15-13.06.13:588][  0]LogD3D11RHI:       0/0/8172 MB DedicatedVideo/DedicatedSystem/SharedSystem, Outputs:0, VendorId:0x1414
[2018.02.15-13.06.13:588][  0]LogD3D11RHI: Chosen D3D11 Adapter: 0
[2018.02.15-13.06.13:620][  0]LogD3D11RHI: Creating new Direct3DDevice
[2018.02.15-13.06.13:621][  0]LogD3D11RHI:     GPU DeviceId: 0x13c2 (for the marketing name, search the web for "GPU Device Id")
[2018.02.15-13.06.13:621][  0]LogWindows: EnumDisplayDevices:
[2018.02.15-13.06.13:621][  0]LogWindows:    0. 'NVIDIA GeForce GTX 970' (P:1 D:1)
[2018.02.15-13.06.13:621][  0]LogWindows:    1. 'NVIDIA GeForce GTX 970' (P:0 D:0)
[2018.02.15-13.06.13:621][  0]LogWindows:    2. 'NVIDIA GeForce GTX 970' (P:0 D:0)
[2018.02.15-13.06.13:621][  0]LogWindows:    3. 'NVIDIA GeForce GTX 970' (P:0 D:0)
[2018.02.15-13.06.13:621][  0]LogWindows: DebugString: GetVideoDriverDetailsInvalid PrimaryIsNotTheChoosenAdapter GetVideoDriverDetailsInvalid PrimaryIsNotTheChoosenAdapter GetVideoDriverDetailsInvalid PrimaryIsNotTheChoosenAdapter GetVideoDriverDetailsInvalid PrimaryIsNotTheChoosenAdapter FoundDriverCount:0 
[2018.02.15-13.06.13:621][  0]LogD3D11RHI:     Adapter Name: NVIDIA GeForce GTX 970
[2018.02.15-13.06.13:621][  0]LogD3D11RHI:   Driver Version: Unknown (internal:Unknown, unified:Unknown)
[2018.02.15-13.06.13:621][  0]LogD3D11RHI:      Driver Date: Unknown
[2018.02.15-13.06.13:621][  0]LogRHI: Texture pool is 1361 MB (70% of 1945 MB)
[2018.02.15-13.06.13:644][  0]LogD3D11RHI: Async texture creation enabled
[2018.02.15-13.06.13:980][  0]LogD3D11RHI: GPU Timing Frequency: 1000.000000 (Debug: 2 2)
[2018.02.15-13.06.14:023][  0]LogShaderCompilers: Guid format shader working directory is -16 characters bigger than the processId version (../../../../../Users/JoshR/Documents/GitHub/FMP_RPG_Game_Charm/Intermediate/Shaders/WorkingDirectory/5748/).
[2018.02.15-13.06.14:023][  0]LogShaderCompilers: Cleaned the shader compiler working directory 'C:/Users/JoshR/AppData/Local/Temp/UnrealShaderWorkingDir/7D6813AF420B0745D1C7809C9AE09261/'.
[2018.02.15-13.06.14:043][  0]LogShaderCompilers:Display: Using Local Shader Compiler.
[2018.02.15-13.06.16:236][  0]LogTemp:Display: Loaded TP AllDesktopTargetPlatform
[2018.02.15-13.06.16:281][  0]LogTemp:Display: Loaded TP MacClientTargetPlatform
[2018.02.15-13.06.16:313][  0]LogTemp:Display: Loaded TP MacNoEditorTargetPlatform
[2018.02.15-13.06.16:345][  0]LogTemp:Display: Loaded TP MacServerTargetPlatform
[2018.02.15-13.06.16:392][  0]LogTemp:Display: Loaded TP MacTargetPlatform
[2018.02.15-13.06.16:424][  0]LogTemp:Display: Loaded TP WindowsClientTargetPlatform
[2018.02.15-13.06.16:456][  0]LogTemp:Display: Loaded TP WindowsNoEditorTargetPlatform
[2018.02.15-13.06.16:488][  0]LogTemp:Display: Loaded TP WindowsServerTargetPlatform
[2018.02.15-13.06.16:517][  0]LogTemp:Display: Loaded TP WindowsTargetPlatform
[2018.02.15-13.06.16:555][  0]LogTemp:Display: Loaded TP AndroidTargetPlatform
[2018.02.15-13.06.16:588][  0]LogTemp:Display: Loaded TP Android_ASTCTargetPlatform
[2018.02.15-13.06.16:620][  0]LogTemp:Display: Loaded TP Android_ATCTargetPlatform
[2018.02.15-13.06.16:651][  0]LogTemp:Display: Loaded TP Android_DXTTargetPlatform
[2018.02.15-13.06.16:683][  0]LogTemp:Display: Loaded TP Android_ETC1TargetPlatform
[2018.02.15-13.06.16:714][  0]LogTemp:Display: Loaded TP Android_ETC2TargetPlatform
[2018.02.15-13.06.16:778][  0]LogTemp:Display: Loaded TP Android_MultiTargetPlatform
[2018.02.15-13.06.16:778][  0]LogTemp:Display: Loaded TP Android_PVRTCTargetPlatform
[2018.02.15-13.06.16:802][  0]LogTemp:Display: Loaded TP HTML5TargetPlatform
[2018.02.15-13.06.16:923][  0]LogTemp:Display: Loaded TP IOSTargetPlatform
[2018.02.15-13.06.16:942][  0]LogTemp:Display: Loaded TP TVOSTargetPlatform
[2018.02.15-13.06.16:974][  0]LogTemp:Display: Loaded TP LinuxClientTargetPlatform
[2018.02.15-13.06.17:005][  0]LogTemp:Display: Loaded TP LinuxNoEditorTargetPlatform
[2018.02.15-13.06.17:037][  0]LogTemp:Display: Loaded TP LinuxServerTargetPlatform
[2018.02.15-13.06.17:071][  0]LogTemp:Display: Loaded TP LinuxTargetPlatform
[2018.02.15-13.06.17:071][  0]LogTargetPlatformManager:Display: Building Assets For Windows
[2018.02.15-13.06.17:981][  0]LogDerivedDataCache:Display: Max Cache Size: 512 MB
[2018.02.15-13.06.18:275][  0]LogDerivedDataCache: Loaded boot cache 0.29s 90MB C:/Users/JoshR/AppData/Local/UnrealEngine/4.16/DerivedDataCache/Boot.ddc.
[2018.02.15-13.06.18:275][  0]LogDerivedDataCache:Display: Loaded Boot cache: C:/Users/JoshR/AppData/Local/UnrealEngine/4.16/DerivedDataCache/Boot.ddc
[2018.02.15-13.06.18:275][  0]LogDerivedDataCache: FDerivedDataBackendGraph:  Pak pak cache file ../../../../../Users/JoshR/Documents/GitHub/FMP_RPG_Game_Charm/DerivedDataCache/DDC.ddp not found, will not use a pak cache.
[2018.02.15-13.06.18:275][  0]LogDerivedDataCache: Unable to find inner node Pak for hierarchical cache Hierarchy.
[2018.02.15-13.06.18:275][  0]LogDerivedDataCache: FDerivedDataBackendGraph:  CompressedPak pak cache file ../../../../../Users/JoshR/Documents/GitHub/FMP_RPG_Game_Charm/DerivedDataCache/Compressed.ddp not found, will not use a pak cache.
[2018.02.15-13.06.18:275][  0]LogDerivedDataCache: Unable to find inner node CompressedPak for hierarchical cache Hierarchy.
[2018.02.15-13.06.18:318][  0]LogDerivedDataCache:Display: Pak cache opened for reading ../../../Engine/DerivedDataCache/Compressed.ddp.
[2018.02.15-13.06.18:331][  0]LogDerivedDataCache: Using Local data cache path C:/Users/JoshR/AppData/Local/UnrealEngine/Common/DerivedDataCache: Writable
[2018.02.15-13.06.18:412][  0]LogMaterial: Verifying Global Shaders for PCD3D_SM5
[2018.02.15-13.06.18:460][  0]LogSlate: Using Freetype 2.6.0
[2018.02.15-13.06.18:523][  0]LogSlate: SlateFontCache - WITH_FREETYPE: 1, WITH_HARFBUZZ: 1
[2018.02.15-13.06.18:523][  0]LogSlate: SlateFontCache - WITH_FREETYPE: 1, WITH_HARFBUZZ: 1
[2018.02.15-13.06.24:714][  0]LogInit: Selected Device Profile: [Windows]
[2018.02.15-13.06.25:603][  0]LogContentStreaming: Texture pool size is 0.00 MB
[2018.02.15-13.06.26:158][  0]LogMeshUtilities: Using QuadricMeshReduction for automatic static mesh reduction
[2018.02.15-13.06.26:275][  0]LogSimplygon: Simplygon DLL not present - disabling.
[2018.02.15-13.06.26:342][  0]LogMeshUtilities: Using SimplygonSwarm for distributed automatic mesh merging
[2018.02.15-13.06.26:342][  0]LogMeshUtilities: No automatic skeletal mesh reduction module available
[2018.02.15-13.06.26:342][  0]LogMeshUtilities: No automatic mesh merging module available
[2018.02.15-13.06.30:408][  0]LogNetVersion: RPG_Game , NetCL: 3452394, EngineNetVer: 2, GameNetVer: 0 (Checksum: 2586067795)
[2018.02.15-13.06.30:721][  0]LogAssetRegistry: FAssetRegistry took 0.0300 seconds to start up
[2018.02.15-13.06.31:056][  0]LogPackageLocalizationCache: Processed 4 localized package path(s) for 2 prioritized culture(s) in 0.190084 seconds
[2018.02.15-13.06.31:113][  0]LogUObjectArray: 34194 objects as part of root set at end of initial load.
[2018.02.15-13.06.31:113][  0]LogUObjectAllocator: 7260424 out of 0 bytes used by permanent object pool.
[2018.02.15-13.06.31:113][  0]LogUObjectArray: CloseDisregardForGC: 0/0 objects in disregard for GC pool
[2018.02.15-13.06.31:199][  0]LogInit: WinSock: version 1.1 (2.2), MaxSocks=32767, MaxUdp=65467
[2018.02.15-13.06.39:783][  0]LogSubstanceCoreModule: Substance [CPU] Engine Loaded, Max Texture Size = 2048
[2018.02.15-13.06.39:847][  0]LogTcpMessaging: Initializing TcpMessaging bridge
[2018.02.15-13.06.39:896][  0]LogUdpMessaging: Initializing bridge on interface 0.0.0.0:0 to multicast group 230.0.0.1:6666.
[2018.02.15-13.06.41:251][  0]LogMaterial: Uniform references updated for custom material expression Custom.
[2018.02.15-13.06.41:944][  0]SourceControl: Info Source control is disabled
[2018.02.15-13.06.43:194][  0]LogAndroidPermission: UAndroidPermissionCallbackProxy::GetInstance
[2018.02.15-13.06.44:317][  0]LogEngine: Initializing Engine...
[2018.02.15-13.06.44:378][  0]LogHMD: Failed to initialize OpenVR with code 110
[2018.02.15-13.06.45:024][  0]LogStats: UGameplayTagsManager::ConstructGameplayTagTree: Construct from data asset -  0.000 s
[2018.02.15-13.06.45:025][  0]LogStats: UGameplayTagsManager::ConstructGameplayTagTree: GameplayTagTreeChangedEvent.Broadcast -  0.000 s
[2018.02.15-13.06.45:587][  0]LogAIModule: Creating AISystem for world Untitled
[2018.02.15-13.06.45:665][  0]LogInit: XAudio2 using 'Speakers (High Definition Audio Device)' : 2 channels at 44.1 kHz using 16 bits per sample (channel mask 0x3)
[2018.02.15-13.06.45:678][  0]LogInit: FAudioDevice initialized.
[2018.02.15-13.06.45:714][  0]LogDerivedDataCache: Saved boot cache 0.04s 90MB C:/Users/JoshR/AppData/Local/UnrealEngine/4.16/DerivedDataCache/Boot.ddc.
[2018.02.15-13.06.45:720][  0]LogInit: Texture streaming: Enabled
[2018.02.15-13.06.45:829][  0]LogEngineSessionManager: EngineSessionManager initialized
[2018.02.15-13.06.46:457][  0]LogInit: Transaction tracking system initialized
[2018.02.15-13.06.48:628][  0]BlueprintLog: New page: Editor Load
[2018.02.15-13.06.51:081][  0]LocalizationService: Info Localization service is disabled
[2018.02.15-13.06.52:290][  0]LogConsoleResponse:Display: 
[2018.02.15-13.06.53:622][  0]LogFileCache: Scanning file cache for directory 'D:/Users/JoshR/Documents/GitHub/FMP_RPG_Game_Charm/Content/' took 0.01s
[2018.02.15-13.06.53:622][  0]LogCook:Display: Max memory allowance for cook 16384mb min free memory 0mb
[2018.02.15-13.06.53:622][  0]LogCook:Display: Mobile HDR setting 1
[2018.02.15-13.06.56:511][  0]Cmd: MAP LOAD FILE="../../../../../Users/JoshR/Documents/GitHub/FMP_RPG_Game_Charm/Content/Maps/HelloWorld.umap" TEMPLATE=0 SHOWPROGRESS=1 FEATURELEVEL=3
[2018.02.15-13.06.56:520][  0]LightingResults: New page: Lighting Build
[2018.02.15-13.06.56:716][  0]MapCheck: New page: Map Check
[2018.02.15-13.06.56:716][  0]LightingResults: New page: Lighting Build
[2018.02.15-13.06.57:708][  0]LogTexture:Display: Building textures: HQ_Lightmap0_10 (AutoDXT, 128X128)
[2018.02.15-13.06.57:770][  0]LogTexture:Display: Building textures: HQ_Lightmap0_11 (AutoDXT, 128X128)
[2018.02.15-13.06.57:785][  0]LogTexture:Display: Building textures: HQ_Lightmap0_12 (AutoDXT, 128X128)
[2018.02.15-13.06.57:795][  0]LogTexture:Display: Building textures: HQ_Lightmap0_13 (AutoDXT, 128X128)
[2018.02.15-13.06.57:812][  0]LogTexture:Display: Building textures: HQ_Lightmap0_14 (AutoDXT, 128X128)
[2018.02.15-13.06.57:828][  0]LogTexture:Display: Building textures: HQ_Lightmap0_15 (AutoDXT, 128X128)
[2018.02.15-13.06.57:844][  0]LogTexture:Display: Building textures: HQ_Lightmap0_16 (AutoDXT, 128X128)
[2018.02.15-13.06.57:860][  0]LogTexture:Display: Building textures: HQ_Lightmap0_17 (AutoDXT, 128X128)
[2018.02.15-13.06.57:869][  0]LogTexture:Display: Building textures: HQ_Lightmap0_18 (AutoDXT, 128X128)
[2018.02.15-13.06.57:888][  0]LogTexture:Display: Building textures: HQ_Lightmap0_19 (AutoDXT, 256X256)
[2018.02.15-13.06.57:914][  0]LogTexture:Display: Building textures: HQ_Lightmap0_20 (AutoDXT, 128X128)
[2018.02.15-13.06.57:930][  0]LogTexture:Display: Building textures: HQ_Lightmap0_21 (AutoDXT, 128X128)
[2018.02.15-13.06.57:947][  0]LogTexture:Display: Building textures: HQ_Lightmap0_22 (AutoDXT, 256X256)
[2018.02.15-13.06.57:969][  0]LogTexture:Display: Building textures: HQ_Lightmap0_3 (AutoDXT, 256X256)
[2018.02.15-13.06.57:995][  0]LogTexture:Display: Building textures: HQ_Lightmap0_30 (AutoDXT, 128X128)
[2018.02.15-13.06.58:005][  0]LogTexture:Display: Building textures: HQ_Lightmap0_31 (AutoDXT, 128X128)
[2018.02.15-13.06.58:014][  0]LogTexture:Display: Building textures: HQ_Lightmap0_4 (AutoDXT, 256X256)
[2018.02.15-13.06.58:037][  0]LogTexture:Display: Building textures: HQ_Lightmap0_5 (AutoDXT, 256X256)
[2018.02.15-13.06.58:065][  0]LogTexture:Display: Building textures: HQ_Lightmap0_6 (AutoDXT, 128X128)
[2018.02.15-13.06.58:067][  0]LogTexture:Display: Building textures: HQ_Lightmap0_7 (AutoDXT, 128X128)
[2018.02.15-13.06.58:083][  0]LogTexture:Display: Building textures: HQ_Lightmap0_8 (AutoDXT, 128X128)
[2018.02.15-13.06.58:104][  0]LogTexture:Display: Building textures: HQ_Lightmap0_9 (AutoDXT, 128X128)
[2018.02.15-13.06.58:120][  0]LogTexture:Display: Building textures: HQ_Lightmap1_1 (AutoDXT, 128X128)
[2018.02.15-13.06.58:130][  0]LogTexture:Display: Building textures: HQ_Lightmap1_2 (AutoDXT, 512X512)
[2018.02.15-13.06.58:232][  0]LogTexture:Display: Building textures: HQ_Lightmap1_23 (AutoDXT, 128X128)
[2018.02.15-13.06.58:249][  0]LogTexture:Display: Building textures: HQ_Lightmap1_24 (AutoDXT, 256X256)
[2018.02.15-13.06.58:276][  0]LogTexture:Display: Building textures: HQ_Lightmap1_25 (AutoDXT, 256X256)
[2018.02.15-13.06.58:298][  0]LogTexture:Display: Building textures: HQ_Lightmap1_26 (AutoDXT, 256X256)
[2018.02.15-13.06.58:320][  0]LogTexture:Display: Building textures: HQ_Lightmap1_27 (AutoDXT, 128X128)
[2018.02.15-13.06.58:336][  0]LogTexture:Display: Building textures: HQ_Lightmap1_28 (AutoDXT, 128X128)
[2018.02.15-13.06.58:345][  0]LogTexture:Display: Building textures: HQ_Lightmap1_29 (AutoDXT, 128X128)
[2018.02.15-13.06.58:361][  0]LogTexture:Display: Building textures: LQ_Lightmap_0_10 (DXT1, 128X128)
[2018.02.15-13.06.58:375][  0]LogTexture:Display: Building textures: LQ_Lightmap_0_11 (DXT1, 128X128)
[2018.02.15-13.06.58:390][  0]LogTexture:Display: Building textures: LQ_Lightmap_0_12 (DXT1, 128X128)
[2018.02.15-13.06.58:399][  0]LogTexture:Display: Building textures: LQ_Lightmap_0_13 (DXT1, 128X128)
[2018.02.15-13.06.58:416][  0]LogTexture:Display: Building textures: LQ_Lightmap_0_14 (DXT1, 128X128)
[2018.02.15-13.06.58:434][  0]LogTexture:Display: Building textures: LQ_Lightmap_0_15 (DXT1, 128X128)
[2018.02.15-13.06.58:447][  0]LogTexture:Display: Building textures: LQ_Lightmap_0_16 (DXT1, 128X128)
[2018.02.15-13.06.58:464][  0]LogTexture:Display: Building textures: LQ_Lightmap_0_17 (DXT1, 128X128)
[2018.02.15-13.06.58:474][  0]LogTexture:Display: Building textures: LQ_Lightmap_0_18 (DXT1, 128X128)
[2018.02.15-13.06.58:490][  0]LogTexture:Display: Building textures: LQ_Lightmap_0_19 (DXT1, 256X256)
[2018.02.15-13.06.58:517][  0]LogTexture:Display: Building textures: LQ_Lightmap_0_20 (DXT1, 128X128)
[2018.02.15-13.06.58:537][  0]LogTexture:Display: Building textures: LQ_Lightmap_0_21 (DXT1, 128X128)
[2018.02.15-13.06.58:553][  0]LogTexture:Display: Building textures: LQ_Lightmap_0_22 (DXT1, 256X256)
[2018.02.15-13.06.58:574][  0]LogTexture:Display: Building textures: LQ_Lightmap_0_3 (DXT1, 256X256)
[2018.02.15-13.06.58:602][  0]LogTexture:Display: Building textures: LQ_Lightmap_0_30 (DXT1, 128X128)
[2018.02.15-13.06.58:611][  0]LogTexture:Display: Building textures: LQ_Lightmap_0_31 (DXT1, 128X128)
[2018.02.15-13.06.58:619][  0]LogTexture:Display: Building textures: LQ_Lightmap_0_4 (DXT1, 256X256)
[2018.02.15-13.06.58:641][  0]LogTexture:Display: Building textures: LQ_Lightmap_0_5 (DXT1, 256X256)
[2018.02.15-13.06.58:668][  0]LogTexture:Display: Building textures: LQ_Lightmap_0_6 (DXT1, 128X128)
[2018.02.15-13.06.58:675][  0]LogTexture:Display: Building textures: LQ_Lightmap_0_7 (DXT1, 128X128)
[2018.02.15-13.06.58:693][  0]LogTexture:Display: Building textures: LQ_Lightmap_0_8 (DXT1, 128X128)
[2018.02.15-13.06.58:711][  0]LogTexture:Display: Building textures: LQ_Lightmap_0_9 (DXT1, 128X128)
[2018.02.15-13.06.58:727][  0]LogTexture:Display: Building textures: LQ_Lightmap_1_1 (DXT1, 128X128)
[2018.02.15-13.06.58:732][  0]LogTexture:Display: Building textures: LQ_Lightmap_1_2 (DXT1, 512X512)
[2018.02.15-13.06.58:769][  0]LogTexture:Display: Building textures: LQ_Lightmap_1_23 (DXT1, 128X128)
[2018.02.15-13.06.58:788][  0]LogTexture:Display: Building textures: LQ_Lightmap_1_24 (DXT1, 256X256)
[2018.02.15-13.06.58:815][  0]LogTexture:Display: Building textures: LQ_Lightmap_1_25 (DXT1, 256X256)
[2018.02.15-13.06.58:837][  0]LogTexture:Display: Building textures: LQ_Lightmap_1_26 (DXT1, 256X256)
[2018.02.15-13.06.58:858][  0]LogTexture:Display: Building textures: LQ_Lightmap_1_27 (DXT1, 128X128)
[2018.02.15-13.06.58:875][  0]LogTexture:Display: Building textures: LQ_Lightmap_1_28 (DXT1, 128X128)
[2018.02.15-13.06.58:882][  0]LogTexture:Display: Building textures: LQ_Lightmap_1_29 (DXT1, 128X128)
[2018.02.15-13.06.58:899][  0]LogTexture:Display: Building textures: SkyOcclusion0_10 (AutoDXT, 128X64)
[2018.02.15-13.06.58:910][  0]LogTexture:Display: Building textures: SkyOcclusion0_11 (AutoDXT, 128X64)
[2018.02.15-13.06.58:920][  0]LogTexture:Display: Building textures: SkyOcclusion0_12 (AutoDXT, 128X64)
[2018.02.15-13.06.58:926][  0]LogTexture:Display: Building textures: SkyOcclusion0_13 (AutoDXT, 128X64)
[2018.02.15-13.06.58:937][  0]LogTexture:Display: Building textures: SkyOcclusion0_14 (AutoDXT, 128X64)
[2018.02.15-13.06.58:947][  0]LogTexture:Display: Building textures: SkyOcclusion0_15 (AutoDXT, 128X64)
[2018.02.15-13.06.58:958][  0]LogTexture:Display: Building textures: SkyOcclusion0_16 (AutoDXT, 128X64)
[2018.02.15-13.06.58:968][  0]LogTexture:Display: Building textures: SkyOcclusion0_17 (AutoDXT, 128X64)
[2018.02.15-13.06.58:974][  0]LogTexture:Display: Building textures: SkyOcclusion0_18 (AutoDXT, 128X64)
[2018.02.15-13.06.58:986][  0]LogTexture:Display: Building textures: SkyOcclusion0_19 (AutoDXT, 256X128)
[2018.02.15-13.06.59:002][  0]LogTexture:Display: Building textures: SkyOcclusion0_20 (AutoDXT, 128X64)
[2018.02.15-13.06.59:013][  0]LogTexture:Display: Building textures: SkyOcclusion0_21 (AutoDXT, 128X64)
[2018.02.15-13.06.59:024][  0]LogTexture:Display: Building textures: SkyOcclusion0_22 (AutoDXT, 256X128)
[2018.02.15-13.06.59:037][  0]LogTexture:Display: Building textures: SkyOcclusion0_3 (AutoDXT, 256X128)
[2018.02.15-13.06.59:054][  0]LogTexture:Display: Building textures: SkyOcclusion0_30 (AutoDXT, 128X64)
[2018.02.15-13.06.59:060][  0]LogTexture:Display: Building textures: SkyOcclusion0_31 (AutoDXT, 128X64)
[2018.02.15-13.06.59:066][  0]LogTexture:Display: Building textures: SkyOcclusion0_4 (AutoDXT, 256X128)
[2018.02.15-13.06.59:080][  0]LogTexture:Display: Building textures: SkyOcclusion0_5 (AutoDXT, 256X128)
[2018.02.15-13.06.59:100][  0]LogTexture:Display: Building textures: SkyOcclusion0_6 (AutoDXT, 128X64)
[2018.02.15-13.06.59:106][  0]LogTexture:Display: Building textures: SkyOcclusion0_7 (AutoDXT, 128X64)
[2018.02.15-13.06.59:117][  0]LogTexture:Display: Building textures: SkyOcclusion0_8 (AutoDXT, 128X64)
[2018.02.15-13.06.59:127][  0]LogTexture:Display: Building textures: SkyOcclusion0_9 (AutoDXT, 128X64)
[2018.02.15-13.06.59:138][  0]LogTexture:Display: Building textures: SkyOcclusion1_1 (AutoDXT, 128X64)
[2018.02.15-13.06.59:144][  0]LogTexture:Display: Building textures: SkyOcclusion1_2 (AutoDXT, 512X256)
[2018.02.15-13.06.59:189][  0]LogTexture:Display: Building textures: SkyOcclusion1_23 (AutoDXT, 128X64)
[2018.02.15-13.06.59:200][  0]LogTexture:Display: Building textures: SkyOcclusion1_24 (AutoDXT, 256X128)
[2018.02.15-13.06.59:217][  0]LogTexture:Display: Building textures: SkyOcclusion1_25 (AutoDXT, 256X128)
[2018.02.15-13.06.59:230][  0]LogTexture:Display: Building textures: SkyOcclusion1_26 (AutoDXT, 256X128)
[2018.02.15-13.06.59:244][  0]LogTexture:Display: Building textures: SkyOcclusion1_27 (AutoDXT, 128X64)
[2018.02.15-13.06.59:255][  0]LogTexture:Display: Building textures: SkyOcclusion1_28 (AutoDXT, 128X64)
[2018.02.15-13.06.59:262][  0]LogTexture:Display: Building textures: SkyOcclusion1_29 (AutoDXT, 128X64)
[2018.02.15-13.06.59:273][  0]LogTexture:Display: Building textures: ShadowMapTexture2D_0 (G8, 128X64)
[2018.02.15-13.06.59:275][  0]LogTexture:Display: Building textures: ShadowMapTexture2D_1 (G8, 1024X128)
[2018.02.15-13.06.59:278][  0]LogTexture:Display: Building textures: ShadowMapTexture2D_10 (G8, 128X64)
[2018.02.15-13.06.59:279][  0]LogTexture:Display: Building textures: ShadowMapTexture2D_11 (G8, 64X64)
[2018.02.15-13.06.59:279][  0]LogTexture:Display: Building textures: ShadowMapTexture2D_12 (G8, 128X64)
[2018.02.15-13.06.59:279][  0]LogTexture:Display: Building textures: ShadowMapTexture2D_13 (G8, 128X64)
[2018.02.15-13.06.59:279][  0]LogTexture:Display: Building textures: ShadowMapTexture2D_14 (G8, 128X64)
[2018.02.15-13.06.59:280][  0]LogTexture:Display: Building textures: ShadowMapTexture2D_15 (G8, 128X64)
[2018.02.15-13.06.59:280][  0]LogTexture:Display: Building textures: ShadowMapTexture2D_16 (G8, 64X64)
[2018.02.15-13.06.59:280][  0]LogTexture:Display: Building textures: ShadowMapTexture2D_17 (G8, 128X64)
[2018.02.15-13.06.59:280][  0]LogTexture:Display: Building textures: ShadowMapTexture2D_18 (G8, 256X64)
[2018.02.15-13.06.59:281][  0]LogTexture:Display: Building textures: ShadowMapTexture2D_19 (G8, 128X64)
[2018.02.15-13.06.59:281][  0]LogTexture:Display: Building textures: ShadowMapTexture2D_2 (G8, 256X64)
[2018.02.15-13.06.59:282][  0]LogTexture:Display: Building textures: ShadowMapTexture2D_20 (G8, 128X64)
[2018.02.15-13.06.59:282][  0]LogTexture:Display: Building textures: ShadowMapTexture2D_21 (G8, 256X64)
[2018.02.15-13.06.59:283][  0]LogTexture:Display: Building textures: ShadowMapTexture2D_22 (G8, 128X64)
[2018.02.15-13.06.59:283][  0]LogTexture:Display: Building textures: ShadowMapTexture2D_23 (G8, 256X64)
[2018.02.15-13.06.59:284][  0]LogTexture:Display: Building textures: ShadowMapTexture2D_24 (G8, 256X64)
[2018.02.15-13.06.59:285][  0]LogTexture:Display: Building textures: ShadowMapTexture2D_25 (G8, 256X64)
[2018.02.15-13.06.59:286][  0]LogTexture:Display: Building textures: ShadowMapTexture2D_26 (G8, 128X64)
[2018.02.15-13.06.59:287][  0]LogTexture:Display: Building textures: ShadowMapTexture2D_27 (G8, 64X64)
[2018.02.15-13.06.59:288][  0]LogTexture:Display: Building textures: ShadowMapTexture2D_28 (G8, 128X64)
[2018.02.15-13.06.59:288][  0]LogTexture:Display: Building textures: ShadowMapTexture2D_29 (G8, 64X64)
[2018.02.15-13.06.59:289][  0]LogTexture:Display: Building textures: ShadowMapTexture2D_3 (G8, 256X64)
[2018.02.15-13.06.59:290][  0]LogTexture:Display: Building textures: ShadowMapTexture2D_30 (G8, 64X64)
[2018.02.15-13.06.59:292][  0]LogTexture:Display: Building textures: ShadowMapTexture2D_4 (G8, 512X64)
[2018.02.15-13.06.59:295][  0]LogTexture:Display: Building textures: ShadowMapTexture2D_5 (G8, 64X64)
[2018.02.15-13.06.59:296][  0]LogTexture:Display: Building textures: ShadowMapTexture2D_6 (G8, 128X64)
[2018.02.15-13.06.59:296][  0]LogTexture:Display: Building textures: ShadowMapTexture2D_7 (G8, 128X64)
[2018.02.15-13.06.59:297][  0]LogTexture:Display: Building textures: ShadowMapTexture2D_8 (G8, 128X64)
[2018.02.15-13.06.59:298][  0]LogTexture:Display: Building textures: ShadowMapTexture2D_9 (G8, 128X64)
[2018.02.15-13.06.59:649][  0]LogTexture:Display: Building textures: Texture2D_0 (BGRA8, 512X512)
[2018.02.15-13.06.59:686][  0]LogStaticMesh: Building static mesh 10mGlassWall...
[2018.02.15-13.06.59:798][  0]LogStaticMesh: Built static mesh [0.11s] /Game/Assets/Walls/Glass/10mGlassWall.10mGlassWall
[2018.02.15-13.06.59:816][  0]LogStaticMesh: Building static mesh 20mGlassWall...
[2018.02.15-13.06.59:817][  0]LogStaticMesh: Built static mesh [0.00s] /Game/Assets/Walls/Glass/20mGlassWall.20mGlassWall
[2018.02.15-13.06.59:817][  0]LogStaticMesh: Building static mesh 25mGlassWall...
[2018.02.15-13.06.59:818][  0]LogStaticMesh: Built static mesh [0.00s] /Game/Assets/Walls/Glass/25mGlassWall.25mGlassWall
[2018.02.15-13.06.59:819][  0]LogStaticMesh: Building static mesh 50mGlassWall...
[2018.02.15-13.06.59:820][  0]LogStaticMesh: Built static mesh [0.00s] /Game/Assets/Walls/Glass/50mGlassWall.50mGlassWall
[2018.02.15-13.06.59:821][  0]LogStaticMesh: Building static mesh 5mGlassWall...
[2018.02.15-13.06.59:821][  0]LogStaticMesh: Built static mesh [0.00s] /Game/Assets/Walls/Glass/5mGlassWall.5mGlassWall
[2018.02.15-13.06.59:831][  0]LogTexture:Display: Building textures: Texture2D_19 (BGRA8, 64X64)
[2018.02.15-13.06.59:831][  0]LogTexture:Display: Building textures: Texture2D_20 (BGRA8, 64X64)
[2018.02.15-13.06.59:831][  0]LogTexture:Display: Building textures: Texture2D_28 (BGRA8, 64X64)
[2018.02.15-13.06.59:831][  0]LogTexture:Display: Building textures: Texture2D_29 (BGRA8, 64X64)
[2018.02.15-13.06.59:876][  0]LogMaterial: Missing cached shader map for material Glass, compiling. 
[2018.02.15-13.07.00:168][  0]LogAIModule: Creating AISystem for world HelloWorld
[2018.02.15-13.07.01:421][  0]LogEditorServer: Finished looking for orphan Actors (0.000 secs)
[2018.02.15-13.07.01:524][  0]Cmd: MAP CHECKDEP NOCLEARLOG
[2018.02.15-13.07.01:574][  0]MapCheck: Info Map check complete: 0 Error(s), 0 Warning(s), took 45.332ms to complete.
[2018.02.15-13.07.01:574][  0]LogFileHelpers: Loading map 'HelloWorld' took 5.071
[2018.02.15-13.07.02:753][  0]LogCollectionManager: Loaded 0 collections in 0.001199 seconds
[2018.02.15-13.07.02:944][  0]LogFileCache: Scanning file cache for directory 'D:/Users/JoshR/Documents/GitHub/FMP_RPG_Game_Charm/Saved/Collections/' took 0.01s
[2018.02.15-13.07.02:944][  0]LogFileCache: Scanning file cache for directory 'D:/Users/JoshR/Documents/GitHub/FMP_RPG_Game_Charm/Content/Developers/JoshR/Collections/' took 0.01s
[2018.02.15-13.07.02:944][  0]LogFileCache: Scanning file cache for directory 'D:/Users/JoshR/Documents/GitHub/FMP_RPG_Game_Charm/Content/Collections/' took 0.01s
[2018.02.15-13.07.02:944][  0]LogCollectionManager: Rebuilt the GUID cache for 0 collections in 0.000002 seconds
[2018.02.15-13.07.02:955][  0]LogContentBrowser: Native class hierarchy populated in 0.0080 seconds. Added 2343 classes and 497 folders.
[2018.02.15-13.07.03:062][  0]LogContentBrowser: Native class hierarchy updated for 'WidgetCarousel' in 0.0005 seconds. Added 0 classes and 0 folders.
[2018.02.15-13.07.03:753][  0]LogContentBrowser: Native class hierarchy updated for 'AddContentDialog' in 0.0005 seconds. Added 0 classes and 0 folders.
[2018.02.15-13.07.03:851][  0]LogContentBrowser: Native class hierarchy updated for 'SceneOutliner' in 0.0005 seconds. Added 1 classes and 2 folders.
[2018.02.15-13.07.04:203][  0]LogCrashTracker: Crashtracker disabled due to settings.
[2018.02.15-13.07.04:326][  0]LogSlate: Took 0.012118 seconds to synchronously load lazily loaded font '../../../Engine/Content/Slate/Fonts/Roboto-Regular.ttf' (155K)
[2018.02.15-13.07.04:338][  0]LogSlate: Took 0.009526 seconds to synchronously load lazily loaded font '../../../Engine/Content/Slate/Fonts/Roboto-Bold.ttf' (160K)
[2018.02.15-13.07.04:381][  0]LogSlate: Took 0.014650 seconds to synchronously load lazily loaded font '../../../Engine/Content/Editor/Slate/Fonts/FontAwesome.ttf' (139K)
[2018.02.15-13.07.04:695][  0]LogRenderer: Reallocating scene render targets to support 1004x540 NumSamples 1 (Frame:1).
[2018.02.15-13.07.06:450][  0]LogUObjectGlobals:Warning: Failed to find object 'Class None.'
[2018.02.15-13.07.06:542][  0]LogContentBrowser: Native class hierarchy updated for 'HierarchicalLODOutliner' in 0.0005 seconds. Added 1 classes and 2 folders.
[2018.02.15-13.07.06:542][  0]LogLoad: (Engine Initialization) Total time: 61.39 seconds
[2018.02.15-13.07.06:542][  0]LogLoad: (Engine Initialization) Total Blueprint compile time: 0.48 seconds
[2018.02.15-13.07.06:542][  0]LogExternalProfiler: No external profilers were discovered.  External profiling features will not be available.
[2018.02.15-13.07.06:906][  0]LogOcInput: OculusInput pre-init called
[2018.02.15-13.07.06:906][  0]LogHMD: Starting GearVRController plugin
[2018.02.15-13.07.06:995][  0]LogContentStreaming: Texture pool size now 1000 MB
[2018.02.15-13.07.07:134][  0]LogSlate: Took 0.013735 seconds to synchronously load lazily loaded font '../../../Engine/Content/Slate/Fonts/Roboto-Light.ttf' (159K)
[2018.02.15-13.07.07:575][  2]LogAssetRegistry: Asset discovery search completed in 36.8780 seconds
[2018.02.15-13.07.07:623][  2]LogCollectionManager: Rebuilt the object cache for 0 collections in 0.000000 seconds (found 0 objects)
[2018.02.15-13.07.07:623][  2]LogCollectionManager: Fixed up redirectors for 0 collections in 0.000033 seconds (updated 0 objects)
[2018.02.15-13.07.24:132][223]LogTemp: Repeting last play command: Selected Viewport
[2018.02.15-13.07.24:202][223]LogBlueprintUserMessages: Early PlayInEditor Detection: Level '/Game/Maps/HelloWorld.HelloWorld:PersistentLevel' has LevelScriptBlueprint '/Game/Maps/HelloWorld.HelloWorld:PersistentLevel.HelloWorld' with GeneratedClass '/Game/Maps/HelloWorld.HelloWorld_C' with ClassGeneratedBy '/Game/Maps/HelloWorld.HelloWorld:PersistentLevel.HelloWorld'
[2018.02.15-13.07.24:202][223]LogPlayLevel: PlayLevel: No blueprints needed recompiling
[2018.02.15-13.07.24:242][223]PIE: New page: PIE session: HelloWorld (15 Feb 2018 13:07:24)
[2018.02.15-13.07.24:242][223]LogPlayLevel: Creating play world package: /Game/Maps/UEDPIE_0_HelloWorld
[2018.02.15-13.07.24:293][223]LogPlayLevel: PIE: StaticDuplicateObject took: (0.050611s)
[2018.02.15-13.07.24:294][223]LogAIModule: Creating AISystem for world HelloWorld
[2018.02.15-13.07.24:294][223]LogPlayLevel: PIE: World Init took: (0.000550s)
[2018.02.15-13.07.24:294][223]LogPlayLevel: PIE: Created PIE world by copying editor world from /Game/Maps/HelloWorld.HelloWorld to /Game/Maps/UEDPIE_0_HelloWorld.HelloWorld (0.051337s)
[2018.02.15-13.07.24:305][223]LogInit: XAudio2 using 'Speakers (High Definition Audio Device)' : 2 channels at 44.1 kHz using 16 bits per sample (channel mask 0x3)
[2018.02.15-13.07.24:311][223]LogInit: FAudioDevice initialized.
[2018.02.15-13.07.25:150][223]LogLoad: Game class is 'FuseGM_C'
[2018.02.15-13.07.25:176][223]LogWorld: Bringing World /Game/Maps/UEDPIE_0_HelloWorld.HelloWorld up for play (max tick rate 0) at 2018.02.15-13.07.25
[2018.02.15-13.07.25:196][223]LogWorld: Bringing up level for play took: 0.021600
[2018.02.15-13.07.25:322][223]LogContentBrowser: Native class hierarchy updated for 'MovieSceneCapture' in 0.0005 seconds. Added 11 classes and 0 folders.
[2018.02.15-13.07.25:390][223]PIE: Info Play in editor start time for /Game/Maps/UEDPIE_0_HelloWorld 1.62
[2018.02.15-13.07.25:391][223]LogBlueprintUserMessages: Late PlayInEditor Detection: Level '/Game/Maps/HelloWorld.HelloWorld:PersistentLevel' has LevelScriptBlueprint '/Game/Maps/HelloWorld.HelloWorld:PersistentLevel.HelloWorld' with GeneratedClass '/Game/Maps/HelloWorld.HelloWorld_C' with ClassGeneratedBy '/Game/Maps/HelloWorld.HelloWorld:PersistentLevel.HelloWorld'
[2018.02.15-13.07.48:203][949]LogBlueprintUserMessages: Early EndPlayMap Detection: Level '/Game/Maps/HelloWorld.HelloWorld:PersistentLevel' has LevelScriptBlueprint '/Game/Maps/HelloWorld.HelloWorld:PersistentLevel.HelloWorld' with GeneratedClass '/Game/Maps/HelloWorld.HelloWorld_C' with ClassGeneratedBy '/Game/Maps/HelloWorld.HelloWorld:PersistentLevel.HelloWorld'
[2018.02.15-13.07.48:269][949]LogBlueprintUserMessages: Late EndPlayMap Detection: Level '/Game/Maps/HelloWorld.HelloWorld:PersistentLevel' has LevelScriptBlueprint '/Game/Maps/HelloWorld.HelloWorld:PersistentLevel.HelloWorld' with GeneratedClass '/Game/Maps/HelloWorld.HelloWorld_C' with ClassGeneratedBy '/Game/Maps/HelloWorld.HelloWorld:PersistentLevel.HelloWorld'
[2018.02.15-13.07.50:345][183]LogEditorViewport: Clicking on Actor (LMB): StaticMeshActor (Volcano)
[2018.02.15-13.07.51:075][205]LogEditorViewport: Clicking on Actor (LMB): StaticMeshActor (Volcano)
[2018.02.15-13.07.51:305][230]Cmd: CAMERA ALIGN ACTIVEVIEWPORTONLY
[2018.02.15-13.08.12:577][739]LogEditorViewport: Clicking on Actor (LMB): StaticMeshActor (LightHouse)
[2018.02.15-13.08.12:906][769]Cmd: CAMERA ALIGN ACTIVEVIEWPORTONLY
[2018.02.15-13.08.18:908][475]LogStaticMesh: Building static mesh 1MCube...
[2018.02.15-13.08.18:936][475]LogSlate: Took 0.000166 seconds to synchronously load lazily loaded font '../../../Engine/Content/Slate/Fonts/Roboto-Light.ttf' (159K)
[2018.02.15-13.08.18:943][475]LogStaticMesh: Built static mesh [0.04s] /Game/Assets/Walls/Glass/1MCube.1MCube
[2018.02.15-13.08.19:023][480]LogActorFactory: Actor Factory created 1MCube
[2018.02.15-13.08.19:785][561]LogActorFactory: Actor Factory created 1MCube
[2018.02.15-13.08.21:018][705]LogTemp: Repeting last play command: Selected Viewport
[2018.02.15-13.08.21:030][705]LogBlueprintUserMessages: Early PlayInEditor Detection: Level '/Game/Maps/HelloWorld.HelloWorld:PersistentLevel' has LevelScriptBlueprint '/Game/Maps/HelloWorld.HelloWorld:PersistentLevel.HelloWorld' with GeneratedClass '/Game/Maps/HelloWorld.HelloWorld_C' with ClassGeneratedBy '/Game/Maps/HelloWorld.HelloWorld:PersistentLevel.HelloWorld'
[2018.02.15-13.08.21:030][705]LogPlayLevel: PlayLevel: No blueprints needed recompiling
[2018.02.15-13.08.21:030][705]PIE: New page: PIE session: HelloWorld (15 Feb 2018 13:08:21)
[2018.02.15-13.08.21:030][705]LogPlayLevel: Creating play world package: /Game/Maps/UEDPIE_0_HelloWorld
[2018.02.15-13.08.21:043][705]LogPlayLevel: PIE: StaticDuplicateObject took: (0.013315s)
[2018.02.15-13.08.21:044][705]LogAIModule: Creating AISystem for world HelloWorld
[2018.02.15-13.08.21:044][705]LogPlayLevel: PIE: World Init took: (0.000598s)
[2018.02.15-13.08.21:044][705]LogPlayLevel: PIE: Created PIE world by copying editor world from /Game/Maps/HelloWorld.HelloWorld to /Game/Maps/UEDPIE_0_HelloWorld.HelloWorld (0.014087s)
[2018.02.15-13.08.21:058][705]LogInit: XAudio2 using 'Speakers (High Definition Audio Device)' : 2 channels at 44.1 kHz using 16 bits per sample (channel mask 0x3)
[2018.02.15-13.08.21:065][705]LogInit: FAudioDevice initialized.
[2018.02.15-13.08.21:097][705]LogLoad: Game class is 'FuseGM_C'
[2018.02.15-13.08.21:100][705]LogWorld: Bringing World /Game/Maps/UEDPIE_0_HelloWorld.HelloWorld up for play (max tick rate 0) at 2018.02.15-13.08.21
[2018.02.15-13.08.21:101][705]LogWorld: Bringing up level for play took: 0.003201
[2018.02.15-13.08.21:102][705]PIE: Info Play in editor start time for /Game/Maps/UEDPIE_0_HelloWorld -0.668
[2018.02.15-13.08.21:102][705]LogBlueprintUserMessages: Late PlayInEditor Detection: Level '/Game/Maps/HelloWorld.HelloWorld:PersistentLevel' has LevelScriptBlueprint '/Game/Maps/HelloWorld.HelloWorld:PersistentLevel.HelloWorld' with GeneratedClass '/Game/Maps/HelloWorld.HelloWorld_C' with ClassGeneratedBy '/Game/Maps/HelloWorld.HelloWorld:PersistentLevel.HelloWorld'
[2018.02.15-13.08.22:593][880]LogScript:Warning: Accessed None trying to read property HeldItem
	PlayerCharacter_C /Game/Maps/UEDPIE_0_HelloWorld.HelloWorld:PersistentLevel.PlayerCharacter_C_0
	Function /Game/PlayerCharacter.PlayerCharacter_C:DropItem:000D
[2018.02.15-13.08.22:593][880]PIE:Error: Error Blueprint Runtime Error: Accessed None trying to read property HeldItem from function: 'DropItem' from node: DetachFromActor in graph: DropItem in object: PlayerCharacter with description: Accessed None trying to read property HeldItem
[2018.02.15-13.08.22:593][880]LogScript:Warning: Accessed None trying to read property HeldItem
	PlayerCharacter_C /Game/Maps/UEDPIE_0_HelloWorld.HelloWorld:PersistentLevel.PlayerCharacter_C_0
	Function /Game/PlayerCharacter.PlayerCharacter_C:DropItem:0036
[2018.02.15-13.08.22:593][880]PIE:Error: Error Blueprint Runtime Error: Accessed None trying to read property HeldItem from function: 'DropItem' from node: Set Collision Enabled in graph: DropItem in object: PlayerCharacter with description: Accessed None trying to read property HeldItem
[2018.02.15-13.08.22:593][880]LogScript:Warning: Accessed None
	PlayerCharacter_C /Game/Maps/UEDPIE_0_HelloWorld.HelloWorld:PersistentLevel.PlayerCharacter_C_0
	Function /Game/PlayerCharacter.PlayerCharacter_C:DropItem:004B
[2018.02.15-13.08.22:593][880]PIE:Error: Error Blueprint Runtime Error: Accessed None from function: 'DropItem' from node: Set Collision Enabled in graph: DropItem in object: PlayerCharacter with description: Accessed None
[2018.02.15-13.08.22:593][880]LogScript:Warning: Accessed None trying to read property HeldItem
	PlayerCharacter_C /Game/Maps/UEDPIE_0_HelloWorld.HelloWorld:PersistentLevel.PlayerCharacter_C_0
	Function /Game/PlayerCharacter.PlayerCharacter_C:DropItem:0074
[2018.02.15-13.08.22:593][880]PIE:Error: Error Blueprint Runtime Error: Accessed None trying to read property HeldItem from function: 'DropItem' from node: Set Simulate Physics in graph: DropItem in object: PlayerCharacter with description: Accessed None trying to read property HeldItem
[2018.02.15-13.08.22:593][880]LogScript:Warning: Accessed None
	PlayerCharacter_C /Game/Maps/UEDPIE_0_HelloWorld.HelloWorld:PersistentLevel.PlayerCharacter_C_0
	Function /Game/PlayerCharacter.PlayerCharacter_C:DropItem:0089
[2018.02.15-13.08.22:593][880]PIE:Error: Error Blueprint Runtime Error: Accessed None from function: 'DropItem' from node: Set Simulate Physics in graph: DropItem in object: PlayerCharacter with description: Accessed None
[2018.02.15-13.08.23:386][975]LogScript:Warning: Accessed None trying to read property HeldItem
	PlayerCharacter_C /Game/Maps/UEDPIE_0_HelloWorld.HelloWorld:PersistentLevel.PlayerCharacter_C_0
	Function /Game/PlayerCharacter.PlayerCharacter_C:DropItem:000D
[2018.02.15-13.08.23:386][975]PIE:Error: Error Blueprint Runtime Error: Accessed None trying to read property HeldItem from function: 'DropItem' from node: DetachFromActor in graph: DropItem in object: PlayerCharacter with description: Accessed None trying to read property HeldItem
[2018.02.15-13.08.23:386][975]LogScript:Warning: Accessed None trying to read property HeldItem
	PlayerCharacter_C /Game/Maps/UEDPIE_0_HelloWorld.HelloWorld:PersistentLevel.PlayerCharacter_C_0
	Function /Game/PlayerCharacter.PlayerCharacter_C:DropItem:0036
[2018.02.15-13.08.23:386][975]PIE:Error: Error Blueprint Runtime Error: Accessed None trying to read property HeldItem from function: 'DropItem' from node: Set Collision Enabled in graph: DropItem in object: PlayerCharacter with description: Accessed None trying to read property HeldItem
[2018.02.15-13.08.23:386][975]LogScript:Warning: Accessed None
	PlayerCharacter_C /Game/Maps/UEDPIE_0_HelloWorld.HelloWorld:PersistentLevel.PlayerCharacter_C_0
	Function /Game/PlayerCharacter.PlayerCharacter_C:DropItem:004B
[2018.02.15-13.08.23:386][975]PIE:Error: Error Blueprint Runtime Error: Accessed None from function: 'DropItem' from node: Set Collision Enabled in graph: DropItem in object: PlayerCharacter with description: Accessed None
[2018.02.15-13.08.23:386][975]LogScript:Warning: Accessed None trying to read property HeldItem
	PlayerCharacter_C /Game/Maps/UEDPIE_0_HelloWorld.HelloWorld:PersistentLevel.PlayerCharacter_C_0
	Function /Game/PlayerCharacter.PlayerCharacter_C:DropItem:0074
[2018.02.15-13.08.23:386][975]PIE:Error: Error Blueprint Runtime Error: Accessed None trying to read property HeldItem from function: 'DropItem' from node: Set Simulate Physics in graph: DropItem in object: PlayerCharacter with description: Accessed None trying to read property HeldItem
[2018.02.15-13.08.23:386][975]LogScript:Warning: Accessed None
	PlayerCharacter_C /Game/Maps/UEDPIE_0_HelloWorld.HelloWorld:PersistentLevel.PlayerCharacter_C_0
	Function /Game/PlayerCharacter.PlayerCharacter_C:DropItem:0089
[2018.02.15-13.08.23:387][975]PIE:Error: Error Blueprint Runtime Error: Accessed None from function: 'DropItem' from node: Set Simulate Physics in graph: DropItem in object: PlayerCharacter with description: Accessed None
[2018.02.15-13.08.24:137][ 65]LogBlueprintUserMessages: Early EndPlayMap Detection: Level '/Game/Maps/HelloWorld.HelloWorld:PersistentLevel' has LevelScriptBlueprint '/Game/Maps/HelloWorld.HelloWorld:PersistentLevel.HelloWorld' with GeneratedClass '/Game/Maps/HelloWorld.HelloWorld_C' with ClassGeneratedBy '/Game/Maps/HelloWorld.HelloWorld:PersistentLevel.HelloWorld'
[2018.02.15-13.08.24:182][ 65]LogBlueprintUserMessages: Late EndPlayMap Detection: Level '/Game/Maps/HelloWorld.HelloWorld:PersistentLevel' has LevelScriptBlueprint '/Game/Maps/HelloWorld.HelloWorld:PersistentLevel.HelloWorld' with GeneratedClass '/Game/Maps/HelloWorld.HelloWorld_C' with ClassGeneratedBy '/Game/Maps/HelloWorld.HelloWorld:PersistentLevel.HelloWorld'
[2018.02.15-13.08.25:275][190]Cmd: DELETE
[2018.02.15-13.08.25:275][190]Cmd: ACTOR DELETE
[2018.02.15-13.08.25:347][190]LogEditorActor: Deleted Actor: StaticMeshActor
[2018.02.15-13.08.25:355][190]LogEditorActor: Deleted 1 Actors (0.009 secs)
[2018.02.15-13.08.33:111][119]LogEditorViewport: Clicking on Actor (LMB): StaticMeshActor (5mGlassWall)
[2018.02.15-13.08.36:487][494]Cmd: TRANSACTION UNDO
[2018.02.15-13.08.36:487][494]LogEditorTransaction: Undo Move Actors
[2018.02.15-13.08.36:513][494]LogSlate: Took 0.000203 seconds to synchronously load lazily loaded font '../../../Engine/Content/Slate/Fonts/Roboto-Light.ttf' (159K)
[2018.02.15-13.08.47:303][612]Cmd: QUIT_EDITOR
[2018.02.15-13.08.47:661][612]LogWindowsTextInputMethodSystem:Display: IME system now deactivated.
[2018.02.15-13.08.47:670][612]LogExit: Preparing to exit.
[2018.02.15-13.08.48:114][612]LogDirectoryWatcher: A directory notification for 'D:/Users/JoshR/Documents/GitHub/FMP_RPG_Game_Charm/Content/' was aborted.
[2018.02.15-13.08.48:127][612]LogExit: Editor shut down
[2018.02.15-13.08.48:130][612]LogExit: Transaction tracking system shut down
[2018.02.15-13.08.48:500][612]LogObj: Freed 0b from 0 cluster array pools.
[2018.02.15-13.08.48:501][612]LogExit: Object subsystem successfully closed.
[2018.02.15-13.08.48:560][612]LogD3D11RHI: Shutdown
[2018.02.15-13.08.48:560][612]LogD3D11RHI: CleanupD3DDevice
[2018.02.15-13.08.48:607][612]LogD3D11RHI: ~FD3D11DynamicRHI
[2018.02.15-13.08.48:845][612]LogModuleManager: Shutting down and abandoning module MovieSceneCapture (530)
[2018.02.15-13.08.48:845][612]LogModuleManager: Shutting down and abandoning module HierarchicalLODOutliner (528)
[2018.02.15-13.08.48:845][612]LogModuleManager: Shutting down and abandoning module CrashTracker (526)
[2018.02.15-13.08.48:845][612]LogModuleManager: Shutting down and abandoning module SceneOutliner (524)
[2018.02.15-13.08.48:846][612]LogModuleManager: Shutting down and abandoning module AddContentDialog (522)
[2018.02.15-13.08.48:846][612]LogDirectoryWatcher: A directory notification for 'D:/Program Files/UE_4.16/FeaturePacks/' was aborted.
[2018.02.15-13.08.48:846][612]LogModuleManager: Shutting down and abandoning module WidgetCarousel (521)
[2018.02.15-13.08.48:846][612]LogModuleManager: Shutting down and abandoning module EditorWidgets (518)
[2018.02.15-13.08.48:846][612]LogModuleManager: Shutting down and abandoning module CollectionManager (516)
[2018.02.15-13.08.48:846][612]LogDirectoryWatcher: A directory notification for 'D:/Users/JoshR/Documents/GitHub/FMP_RPG_Game_Charm/Content/Collections/' was aborted.
[2018.02.15-13.08.48:846][612]LogDirectoryWatcher: A directory notification for 'D:/Users/JoshR/Documents/GitHub/FMP_RPG_Game_Charm/Content/Developers/JoshR/Collections/' was aborted.
[2018.02.15-13.08.48:846][612]LogDirectoryWatcher: A directory notification for 'D:/Users/JoshR/Documents/GitHub/FMP_RPG_Game_Charm/Saved/Collections/' was aborted.
[2018.02.15-13.08.48:846][612]LogModuleManager: Shutting down and abandoning module StatsViewer (514)
[2018.02.15-13.08.48:846][612]LogModuleManager: Shutting down and abandoning module FoliageEdit (512)
[2018.02.15-13.08.48:846][612]LogModuleManager: Shutting down and abandoning module LandscapeEditor (510)
[2018.02.15-13.08.48:855][612]LogModuleManager: Shutting down and abandoning module MeshPaintMode (508)
[2018.02.15-13.08.48:855][612]LogModuleManager: Shutting down and abandoning module SceneDepthPickerMode (506)
[2018.02.15-13.08.48:855][612]LogModuleManager: Shutting down and abandoning module ActorPickerMode (504)
[2018.02.15-13.08.48:855][612]LogModuleManager: Shutting down and abandoning module GeometryMode (502)
[2018.02.15-13.08.48:855][612]LogModuleManager: Shutting down and abandoning module TextureAlignMode (500)
[2018.02.15-13.08.48:855][612]LogModuleManager: Shutting down and abandoning module BspMode (498)
[2018.02.15-13.08.48:855][612]LogModuleManager: Shutting down and abandoning module HardwareSurvey (496)
[2018.02.15-13.08.48:855][612]LogModuleManager: Shutting down and abandoning module SequenceRecorderSections (494)
[2018.02.15-13.08.48:855][612]LogModuleManager: Shutting down and abandoning module AutomationWorker (492)
[2018.02.15-13.08.48:855][612]LogModuleManager: Shutting down and abandoning module MatineeToLevelSequence (490)
[2018.02.15-13.08.48:855][612]LogModuleManager: Shutting down and abandoning module LevelSequenceEditor (488)
[2018.02.15-13.08.48:865][612]LogModuleManager: Shutting down and abandoning module PlacementMode (487)
[2018.02.15-13.08.48:865][612]LogModuleManager: Shutting down and abandoning module WmfMediaFactory (484)
[2018.02.15-13.08.48:865][612]LogModuleManager: Shutting down and abandoning module WmfMediaEditor (482)
[2018.02.15-13.08.48:865][612]LogModuleManager: Shutting down and abandoning module AvfMediaFactory (480)
[2018.02.15-13.08.48:865][612]LogModuleManager: Shutting down and abandoning module AvfMediaEditor (478)
[2018.02.15-13.08.48:865][612]LogModuleManager: Shutting down and abandoning module AndroidMediaFactory (476)
[2018.02.15-13.08.48:865][612]LogModuleManager: Shutting down and abandoning module Media (475)
[2018.02.15-13.08.48:865][612]LogModuleManager: Shutting down and abandoning module AndroidMediaEditor (472)
[2018.02.15-13.08.48:865][612]LogModuleManager: Shutting down and abandoning module CharacterAI (470)
[2018.02.15-13.08.48:865][612]LogModuleManager: Shutting down and abandoning module AudioCapture (468)
[2018.02.15-13.08.48:866][612]LogModuleManager: Shutting down and abandoning module SequenceRecorder (467)
[2018.02.15-13.08.48:866][612]LogModuleManager: Shutting down and abandoning module SmartSnapping (464)
[2018.02.15-13.08.48:866][612]LogModuleManager: Shutting down and abandoning module SessionServices (462)
[2018.02.15-13.08.48:866][612]LogModuleManager: Shutting down and abandoning module ViewportSnapping (460)
[2018.02.15-13.08.48:866][612]LogModuleManager: Shutting down and abandoning module ViewportInteraction (458)
[2018.02.15-13.08.48:866][612]LogModuleManager: Shutting down and abandoning module ClothPainter (456)
[2018.02.15-13.08.48:866][612]LogModuleManager: Shutting down and abandoning module LogVisualizer (454)
[2018.02.15-13.08.48:878][612]LogModuleManager: Shutting down and abandoning module IntroTutorials (452)
[2018.02.15-13.08.48:878][612]LogModuleManager: Shutting down and abandoning module GameProjectGeneration (451)
[2018.02.15-13.08.48:886][612]LogModuleManager: Shutting down and abandoning module EditorLiveStreaming (448)
[2018.02.15-13.08.48:886][612]LogModuleManager: Shutting down and abandoning module IOSPlatformEditor (446)
[2018.02.15-13.08.48:896][612]LogModuleManager: Shutting down and abandoning module HTML5PlatformEditor (444)
[2018.02.15-13.08.48:896][612]LogModuleManager: Shutting down and abandoning module AndroidPlatformEditor (442)
[2018.02.15-13.08.48:896][612]LogModuleManager: Shutting down and abandoning module AndroidDeviceDetection (441)
[2018.02.15-13.08.49:941][612]LogModuleManager: Shutting down and abandoning module IOSRuntimeSettings (438)
[2018.02.15-13.08.49:941][612]LogModuleManager: Shutting down and abandoning module AndroidRuntimeSettings (436)
[2018.02.15-13.08.49:941][612]LogModuleManager: Shutting down and abandoning module InputBindingEditor (434)
[2018.02.15-13.08.49:955][612]LogModuleManager: Shutting down and abandoning module MergeActors (432)
[2018.02.15-13.08.49:962][612]LogModuleManager: Shutting down and abandoning module SizeMap (430)
[2018.02.15-13.08.49:962][612]LogModuleManager: Shutting down and abandoning module TreeMap (428)
[2018.02.15-13.08.49:972][612]LogModuleManager: Shutting down and abandoning module ReferenceViewer (426)
[2018.02.15-13.08.49:972][612]LogModuleManager: Shutting down and abandoning module LocalizationDashboard (424)
[2018.02.15-13.08.49:977][612]LogModuleManager: Shutting down and abandoning module LocalizationService (423)
[2018.02.15-13.08.49:977][612]LogModuleManager: Shutting down and abandoning module HardwareTargeting (420)
[2018.02.15-13.08.49:977][612]LogModuleManager: Shutting down and abandoning module DeviceProfileEditor (418)
[2018.02.15-13.08.49:987][612]LogModuleManager: Shutting down and abandoning module UndoHistory (416)
[2018.02.15-13.08.49:987][612]LogModuleManager: Shutting down and abandoning module UserFeedback (414)
[2018.02.15-13.08.49:987][612]LogModuleManager: Shutting down and abandoning module XmlParser (412)
[2018.02.15-13.08.49:987][612]LogModuleManager: Shutting down and abandoning module Blutility (410)
[2018.02.15-13.08.49:987][612]LogModuleManager: Shutting down and abandoning module ProjectSettingsViewer (408)
[2018.02.15-13.08.49:987][612]LogModuleManager: Shutting down and abandoning module ProjectTargetPlatformEditor (407)
[2018.02.15-13.08.49:987][612]LogModuleManager: Shutting down and abandoning module EditorSettingsViewer (404)
[2018.02.15-13.08.49:987][612]LogModuleManager: Shutting down and abandoning module SettingsEditor (402)
[2018.02.15-13.08.49:987][612]LogModuleManager: Shutting down and abandoning module ProjectLauncher (400)
[2018.02.15-13.08.50:009][612]LogModuleManager: Shutting down and abandoning module SessionFrontend (398)
[2018.02.15-13.08.50:017][612]LogModuleManager: Shutting down and abandoning module ProfilerClient (396)
[2018.02.15-13.08.50:036][612]LogModuleManager: Shutting down and abandoning module DeviceManager (394)
[2018.02.15-13.08.50:048][612]LogModuleManager: Shutting down and abandoning module TargetDeviceServices (393)
[2018.02.15-13.08.50:101][612]LogModuleManager: Shutting down and abandoning module AutomationController (390)
[2018.02.15-13.08.50:101][612]LogModuleManager: Shutting down and abandoning module AutomationWindow (388)
[2018.02.15-13.08.50:122][612]LogModuleManager: Shutting down and abandoning module Layers (386)
[2018.02.15-13.08.50:133][612]LogModuleManager: Shutting down and abandoning module ComponentVisualizers (384)
[2018.02.15-13.08.50:133][612]LogModuleManager: Shutting down and abandoning module DetailCustomizations (382)
[2018.02.15-13.08.50:133][612]LogModuleManager: Shutting down and abandoning module PackagesDialog (380)
[2018.02.15-13.08.50:134][612]LogModuleManager: Shutting down and abandoning module Persona (378)
[2018.02.15-13.08.50:146][612]LogModuleManager: Shutting down and abandoning module AdvancedPreviewScene (377)
[2018.02.15-13.08.50:146][612]LogModuleManager: Shutting down and abandoning module AnimGraph (375)
[2018.02.15-13.08.50:146][612]LogModuleManager: Shutting down and abandoning module Kismet (372)
[2018.02.15-13.08.50:146][612]LogModuleManager: Shutting down and abandoning module ClassViewer (370)
[2018.02.15-13.08.50:146][612]LogModuleManager: Shutting down and abandoning module Toolbox (368)
[2018.02.15-13.08.50:146][612]LogModuleManager: Shutting down and abandoning module ModuleUI (366)
[2018.02.15-13.08.50:162][612]LogModuleManager: Shutting down and abandoning module MovieSceneTools (364)
[2018.02.15-13.08.50:189][612]LogModuleManager: Shutting down and abandoning module OutputLog (362)
[2018.02.15-13.08.50:189][612]LogModuleManager: Shutting down and abandoning module GammaUI (360)
[2018.02.15-13.08.50:192][612]LogModuleManager: Shutting down and abandoning module Documentation (358)
[2018.02.15-13.08.50:192][612]LogModuleManager: Shutting down and abandoning module MovieSceneTracks (356)
[2018.02.15-13.08.50:192][612]LogModuleManager: Shutting down and abandoning module MovieScene (354)
[2018.02.15-13.08.50:192][612]LogModuleManager: Shutting down and abandoning module Niagara (352)
[2018.02.15-13.08.50:192][612]LogModuleManager: Shutting down and abandoning module NiagaraEditor (351)
[2018.02.15-13.08.50:213][612]LogModuleManager: Shutting down and abandoning module StreamingPauseRendering (348)
[2018.02.15-13.08.50:213][612]LogModuleManager: Shutting down and abandoning module AnalyticsET (346)
[2018.02.15-13.08.50:213][612]LogModuleManager: Shutting down and abandoning module PortalServices (344)
[2018.02.15-13.08.50:213][612]LogModuleManager: Shutting down and abandoning module PortalRpc (342)
[2018.02.15-13.08.50:213][612]LogModuleManager: Shutting down and abandoning module MessagingRpc (340)
[2018.02.15-13.08.50:213][612]LogModuleManager: Shutting down and abandoning module AIModule (338)
[2018.02.15-13.08.50:213][612]LogModuleManager: Shutting down and abandoning module GameplayDebugger (337)
[2018.02.15-13.08.50:214][612]LogModuleManager: Shutting down and abandoning module AITestSuite (335)
[2018.02.15-13.08.50:214][612]LogModuleManager: Shutting down and abandoning module ProfilerService (332)
[2018.02.15-13.08.50:441][612]LogModuleManager: Shutting down and abandoning module TaskGraph (330)
[2018.02.15-13.08.50:458][612]LogModuleManager: Shutting down and abandoning module SubstanceEditor (328)
[2018.02.15-13.08.50:458][612]LogModuleManager: Shutting down and abandoning module SteamVRController (326)
[2018.02.15-13.08.50:458][612]LogModuleManager: Shutting down and abandoning module SteamVR (324)
[2018.02.15-13.08.50:458][612]LogModuleManager: Shutting down and abandoning module ProceduralMeshComponentEditor (322)
[2018.02.15-13.08.50:458][612]LogModuleManager: Shutting down and abandoning module ProceduralMeshComponent (320)
[2018.02.15-13.08.50:458][612]LogModuleManager: Shutting down and abandoning module OculusLibrary (318)
[2018.02.15-13.08.50:458][612]LogModuleManager: Shutting down and abandoning module OculusInput (316)
[2018.02.15-13.08.50:458][612]LogModuleManager: Shutting down and abandoning module MobilePatchingUtils (314)
[2018.02.15-13.08.50:458][612]LogModuleManager: Shutting down and abandoning module CustomMeshComponent (312)
[2018.02.15-13.08.50:458][612]LogModuleManager: Shutting down and abandoning module CableComponent (310)
[2018.02.15-13.08.50:458][612]LogModuleManager: Shutting down and abandoning module ArchVisCharacter (308)
[2018.02.15-13.08.50:458][612]LogModuleManager: Shutting down and abandoning module AndroidPermission (306)
[2018.02.15-13.08.50:458][612]LogModuleManager: Shutting down and abandoning module MediaPlayerEditor (302)
[2018.02.15-13.08.50:474][612]LogModuleManager: Shutting down and abandoning module HTML5Networking (300)
[2018.02.15-13.08.50:474][612]LogModuleManager: Shutting down and abandoning module AlembicImporter (298)
[2018.02.15-13.08.50:481][612]LogModuleManager: Shutting down and abandoning module AlembicLibrary (297)
[2018.02.15-13.08.50:481][612]LogModuleManager: Shutting down and abandoning module GeometryCache (296)
[2018.02.15-13.08.50:481][612]LogModuleManager: Shutting down and abandoning module GeometryCacheEd (295)
[2018.02.15-13.08.50:481][612]LogModuleManager: Shutting down and abandoning module SuperSearchEditor (290)
[2018.02.15-13.08.50:481][612]LogModuleManager: Shutting down and abandoning module SuperSearch (289)
[2018.02.15-13.08.50:481][612]LogModuleManager: Shutting down and abandoning module SpeedTreeImporter (286)
[2018.02.15-13.08.50:481][612]LogModuleManager: Shutting down and abandoning module PluginBrowser (284)
[2018.02.15-13.08.50:481][612]LogModuleManager: Shutting down and abandoning module MobileLauncherProfileWizard (282)
[2018.02.15-13.08.50:481][612]LogModuleManager: Shutting down and abandoning module VisualStudioSourceCodeAccess (280)
[2018.02.15-13.08.50:481][612]LogModuleManager: Shutting down and abandoning module DesktopPlatform (279)
[2018.02.15-13.08.50:481][612]LogModuleManager: Shutting down and abandoning module UObjectPlugin (276)
[2018.02.15-13.08.50:481][612]LogModuleManager: Shutting down and abandoning module SubversionSourceControl (274)
[2018.02.15-13.08.50:481][612]LogModuleManager: Shutting down and abandoning module PerforceSourceControl (272)
[2018.02.15-13.08.50:481][612]LogModuleManager: Shutting down and abandoning module GitSourceControl (270)
[2018.02.15-13.08.50:481][612]LogModuleManager: Shutting down and abandoning module SourceControl (269)
[2018.02.15-13.08.50:481][612]LogModuleManager: Shutting down and abandoning module LightPropagationVolumeEditor (266)
[2018.02.15-13.08.50:481][612]LogModuleManager: Shutting down and abandoning module PaperTiledImporter (264)
[2018.02.15-13.08.50:481][612]LogModuleManager: Shutting down and abandoning module PaperSpriteSheetImporter (262)
[2018.02.15-13.08.50:481][612]LogModuleManager: Shutting down and abandoning module Paper2DEditor (260)
[2018.02.15-13.08.50:481][612]LogModuleManager: Shutting down and abandoning module MeshPaint (259)
[2018.02.15-13.08.50:481][612]LogModuleManager: Shutting down and abandoning module LevelEditor (257)
[2018.02.15-13.08.50:482][612]LogModuleManager: Shutting down and abandoning module PixelInspectorModule (256)
[2018.02.15-13.08.50:482][612]LogModuleManager: Shutting down and abandoning module MainFrame (254)
[2018.02.15-13.08.50:482][612]LogModuleManager: Shutting down and abandoning module HotReload (253)
[2018.02.15-13.08.50:482][612]LogModuleManager: Shutting down and abandoning module PhysXVehiclesEditor (248)
[2018.02.15-13.08.50:482][612]LogModuleManager: Shutting down and abandoning module PhysXVehicles (246)
[2018.02.15-13.08.50:482][612]LogModuleManager: Shutting down and abandoning module LocationServicesBPLibrary (244)
[2018.02.15-13.08.50:482][612]LogModuleManager: Shutting down and abandoning module ImmediatePhysicsEditor (242)
[2018.02.15-13.08.50:482][612]LogModuleManager: Shutting down and abandoning module ImmediatePhysics (240)
[2018.02.15-13.08.50:482][612]LogModuleManager: Shutting down and abandoning module UdpMessaging (238)
[2018.02.15-13.08.50:583][612]LogModuleManager: Shutting down and abandoning module TcpMessaging (236)
[2018.02.15-13.08.50:683][612]LogModuleManager: Shutting down and abandoning module SubstanceCore (234)
[2018.02.15-13.08.50:683][612]LogModuleManager: Shutting down and abandoning module GameplayTagsEditor (232)
[2018.02.15-13.08.50:695][612]LogModuleManager: Shutting down and abandoning module FacialAnimationEditor (230)
[2018.02.15-13.08.50:695][612]LogModuleManager: Shutting down and abandoning module FacialAnimation (228)
[2018.02.15-13.08.50:695][612]LogModuleManager: Shutting down and abandoning module AssetManagerEditor (226)
[2018.02.15-13.08.50:704][612]LogModuleManager: Shutting down and abandoning module GraphEditor (225)
[2018.02.15-13.08.50:735][612]LogModuleManager: Shutting down and abandoning module ContentBrowser (223)
[2018.02.15-13.08.50:736][612]LogModuleManager: Shutting down and abandoning module LightPropagationVolumeRuntime (220)
[2018.02.15-13.08.50:736][612]LogModuleManager: Shutting down and abandoning module Paper2D (218)
[2018.02.15-13.08.50:749][612]LogModuleManager: Shutting down and abandoning module WindowsMoviePlayer (216)
[2018.02.15-13.08.50:749][612]LogModuleManager: Shutting down and abandoning module WmfMedia (214)
[2018.02.15-13.08.50:750][612]LogModuleManager: Shutting down and abandoning module ClothingSystemEditor (212)
[2018.02.15-13.08.50:750][612]LogModuleManager: Shutting down and abandoning module ClothingSystemRuntime (210)
[2018.02.15-13.08.50:762][612]LogModuleManager: Shutting down and abandoning module MediaAssets (208)
[2018.02.15-13.08.50:762][612]LogModuleManager: Shutting down and abandoning module GameLiveStreaming (206)
[2018.02.15-13.08.50:762][612]LogModuleManager: Shutting down and abandoning module VREditor (204)
[2018.02.15-13.08.50:762][612]LogModuleManager: Shutting down and abandoning module StringTableEditor (202)
[2018.02.15-13.08.50:774][612]LogModuleManager: Shutting down and abandoning module GameplayTasksEditor (200)
[2018.02.15-13.08.50:774][612]LogModuleManager: Shutting down and abandoning module BehaviorTreeEditor (198)
[2018.02.15-13.08.50:782][612]LogModuleManager: Shutting down and abandoning module FunctionalTesting (196)
[2018.02.15-13.08.50:782][612]LogModuleManager: Shutting down and abandoning module CollisionAnalyzer (194)
[2018.02.15-13.08.50:785][612]LogModuleManager: Shutting down and abandoning module UMG (192)
[2018.02.15-13.08.50:799][612]LogModuleManager: Shutting down and abandoning module UMGEditor (191)
[2018.02.15-13.08.50:805][612]LogModuleManager: Shutting down and abandoning module Sequencer (190)
[2018.02.15-13.08.50:805][612]LogModuleManager: Shutting down and abandoning module AssetTools (188)
[2018.02.15-13.08.50:824][612]LogModuleManager: Shutting down and abandoning module MessageLog (187)
[2018.02.15-13.08.50:824][612]LogModuleManager: Shutting down and abandoning module WorkspaceMenuStructure (186)
[2018.02.15-13.08.50:824][612]LogModuleManager: Shutting down and abandoning module SlateReflector (180)
[2018.02.15-13.08.50:850][612]LogModuleManager: Shutting down and abandoning module Slate (178)
[2018.02.15-13.08.50:850][612]LogModuleManager: Shutting down and abandoning module EditorStyle (176)
[2018.02.15-13.08.50:851][612]LogModuleManager: Shutting down and abandoning module SourceCodeAccess (174)
[2018.02.15-13.08.50:851][612]LogModuleManager: Shutting down and abandoning module HeadMountedDisplay (172)
[2018.02.15-13.08.50:851][612]LogModuleManager: Shutting down and abandoning module XAudio2 (170)
[2018.02.15-13.08.50:851][612]LogModuleManager: Shutting down and abandoning module Networking (168)
[2018.02.15-13.08.50:851][612]LogModuleManager: Shutting down and abandoning module Core (164)
[2018.02.15-13.08.50:851][612]LogModuleManager: Shutting down and abandoning module AssetRegistry (162)
[2018.02.15-13.08.50:959][612]LogDirectoryWatcher: A directory notification for '../../../Engine/Content/' was aborted.
[2018.02.15-13.08.50:959][612]LogDirectoryWatcher: A directory notification for '../../../../../Users/JoshR/Documents/GitHub/FMP_RPG_Game_Charm/Content/' was aborted.
[2018.02.15-13.08.50:959][612]LogDirectoryWatcher: A directory notification for '../../../Engine/Plugins/2D/Paper2D/Content/' was aborted.
[2018.02.15-13.08.50:959][612]LogDirectoryWatcher: A directory notification for '../../../Engine/Plugins/Runtime/GearVR/Content/' was aborted.
[2018.02.15-13.08.50:961][612]LogModuleManager: Shutting down and abandoning module DirectoryWatcher (161)
[2018.02.15-13.08.50:961][612]LogModuleManager: Shutting down and abandoning module KismetCompiler (158)
[2018.02.15-13.08.50:961][612]LogModuleManager: Shutting down and abandoning module LevelSequence (156)
[2018.02.15-13.08.50:961][612]LogModuleManager: Shutting down and abandoning module PhysXFormats (154)
[2018.02.15-13.08.50:961][612]LogModuleManager: Shutting down and abandoning module MeshUtilities (152)
[2018.02.15-13.08.50:961][612]LogModuleManager: Shutting down and abandoning module SimplygonSwarm (151)
[2018.02.15-13.08.50:961][612]LogModuleManager: Shutting down and abandoning module SimplygonMeshReduction (149)
[2018.02.15-13.08.50:961][612]LogModuleManager: Shutting down and abandoning module QuadricMeshReduction (147)
[2018.02.15-13.08.50:961][612]LogModuleManager: Shutting down and abandoning module DerivedDataCache (144)
[2018.02.15-13.08.50:970][612]LogDerivedDataCache: Shutdown
[2018.02.15-13.08.50:970][612]LogModuleManager: Shutting down and abandoning module TargetPlatform (142)
[2018.02.15-13.08.50:970][612]LogModuleManager: Shutting down and abandoning module VulkanShaderFormat (141)
[2018.02.15-13.08.50:970][612]LogModuleManager: Shutting down and abandoning module ShaderFormatVectorVM (139)
[2018.02.15-13.08.50:987][612]LogModuleManager: Shutting down and abandoning module ShaderFormatOpenGL (137)
[2018.02.15-13.08.51:000][612]LogModuleManager: Shutting down and abandoning module ShaderFormatD3D (135)
[2018.02.15-13.08.51:000][612]LogModuleManager: Shutting down and abandoning module MetalShaderFormat (133)
[2018.02.15-13.08.51:007][612]LogModuleManager: Shutting down and abandoning module TextureFormatUncompressed (131)
[2018.02.15-13.08.51:007][612]LogModuleManager: Shutting down and abandoning module TextureFormatPVR (129)
[2018.02.15-13.08.51:007][612]LogModuleManager: Shutting down and abandoning module TextureFormatDXT (127)
[2018.02.15-13.08.51:007][612]LogModuleManager: Shutting down and abandoning module TextureFormatIntelISPCTexComp (125)
[2018.02.15-13.08.51:007][612]LogModuleManager: Shutting down and abandoning module TextureFormatASTC (123)
[2018.02.15-13.08.51:008][612]LogModuleManager: Shutting down and abandoning module ImageWrapper (122)
[2018.02.15-13.08.51:008][612]LogModuleManager: Shutting down and abandoning module TextureFormatAndroid (119)
[2018.02.15-13.08.51:008][612]LogModuleManager: Shutting down and abandoning module AudioFormatOpus (117)
[2018.02.15-13.08.51:008][612]LogModuleManager: Shutting down and abandoning module AudioFormatOgg (115)
[2018.02.15-13.08.51:008][612]LogModuleManager: Shutting down and abandoning module AudioFormatADPCM (113)
[2018.02.15-13.08.51:008][612]LogModuleManager: Shutting down and abandoning module LinuxTargetPlatform (111)
[2018.02.15-13.08.51:008][612]LogModuleManager: Shutting down and abandoning module LinuxServerTargetPlatform (109)
[2018.02.15-13.08.51:008][612]LogModuleManager: Shutting down and abandoning module LinuxNoEditorTargetPlatform (107)
[2018.02.15-13.08.51:008][612]LogModuleManager: Shutting down and abandoning module LinuxClientTargetPlatform (105)
[2018.02.15-13.08.51:008][612]LogModuleManager: Shutting down and abandoning module TVOSTargetPlatform (103)
[2018.02.15-13.08.51:008][612]LogModuleManager: Shutting down and abandoning module Messaging (101)
[2018.02.15-13.08.51:008][612]LogModuleManager: Shutting down and abandoning module IOSTargetPlatform (99)
[2018.02.15-13.08.51:008][612]LogModuleManager: Shutting down and abandoning module HTML5TargetPlatform (97)
[2018.02.15-13.08.51:008][612]LogModuleManager: Shutting down and abandoning module Android_PVRTCTargetPlatform (95)
[2018.02.15-13.08.51:008][612]LogModuleManager: Shutting down and abandoning module Android_MultiTargetPlatform (93)
[2018.02.15-13.08.51:008][612]LogModuleManager: Shutting down and abandoning module Android_ETC2TargetPlatform (91)
[2018.02.15-13.08.51:008][612]LogModuleManager: Shutting down and abandoning module Android_ETC1TargetPlatform (89)
[2018.02.15-13.08.51:008][612]LogModuleManager: Shutting down and abandoning module Android_DXTTargetPlatform (87)
[2018.02.15-13.08.51:008][612]LogModuleManager: Shutting down and abandoning module Android_ATCTargetPlatform (85)
[2018.02.15-13.08.51:008][612]LogModuleManager: Shutting down and abandoning module Android_ASTCTargetPlatform (83)
[2018.02.15-13.08.51:008][612]LogModuleManager: Shutting down and abandoning module AndroidTargetPlatform (81)
[2018.02.15-13.08.51:008][612]LogModuleManager: Shutting down and abandoning module WindowsTargetPlatform (79)
[2018.02.15-13.08.51:008][612]LogModuleManager: Shutting down and abandoning module WindowsServerTargetPlatform (77)
[2018.02.15-13.08.51:008][612]LogModuleManager: Shutting down and abandoning module WindowsNoEditorTargetPlatform (75)
[2018.02.15-13.08.51:008][612]LogModuleManager: Shutting down and abandoning module WindowsClientTargetPlatform (73)
[2018.02.15-13.08.51:008][612]LogModuleManager: Shutting down and abandoning module MacTargetPlatform (71)
[2018.02.15-13.08.51:008][612]LogModuleManager: Shutting down and abandoning module MacServerTargetPlatform (69)
[2018.02.15-13.08.51:008][612]LogModuleManager: Shutting down and abandoning module MacNoEditorTargetPlatform (67)
[2018.02.15-13.08.51:008][612]LogModuleManager: Shutting down and abandoning module MacClientTargetPlatform (65)
[2018.02.15-13.08.51:008][612]LogModuleManager: Shutting down and abandoning module AllDesktopTargetPlatform (63)
[2018.02.15-13.08.51:008][612]LogModuleManager: Shutting down and abandoning module InputCore (60)
[2018.02.15-13.08.51:008][612]LogModuleManager: Shutting down and abandoning module Settings (58)
[2018.02.15-13.08.51:008][612]LogModuleManager: Shutting down and abandoning module OculusRift (56)
[2018.02.15-13.08.51:008][612]LogModuleManager: Shutting down and abandoning module GearVRController (54)
[2018.02.15-13.08.51:008][612]LogModuleManager: Shutting down and abandoning module GearVR (52)
[2018.02.15-13.08.51:008][612]LogModuleManager: Shutting down and abandoning module ExampleDeviceProfileSelector (50)
[2018.02.15-13.08.51:008][612]LogModuleManager: Shutting down and abandoning module OnlineBlueprintSupport (48)
[2018.02.15-13.08.51:008][612]LogModuleManager: Shutting down and abandoning module OnlineSubsystem (44)
[2018.02.15-13.08.51:008][612]LogOnline:Display: Unloading online subsystem: NULL
[2018.02.15-13.08.51:027][612]LogModuleManager: Shutting down and abandoning module XMPP (43)
[2018.02.15-13.08.51:045][612]LogModuleManager: Shutting down and abandoning module HTTP (41)
[2018.02.15-13.08.51:045][612]LogHttp:Display: Http module shutting down, but needs to wait on 1 outstanding Http requests:
[2018.02.15-13.08.51:045][612]LogHttp:Display: 	verb=[POST] url=[https://datarouter.ol.epicgames.com/datarouter/api/v1/public/data?SessionID=%7BF35D1C47-4B99-9CEA-46F9-B7A40DBDB1F1%7D&AppID=UEEditor.Rocket.Release&AppVersion=4.16.3-3561208%2B%2B%2BUE4%2BRelease-4.16&UserID=f0737b824c736c28631198aee30172af%7C8019e3778a0b4ba78522874ce4acdb0a%7C8a4654aa-9b80-41bd-a943-1725ad37d445&AppEnvironment=datacollector-binary&UploadType=eteventstream] status=Processing
[2018.02.15-13.08.51:067][612]LogModuleManager: Shutting down and abandoning module SSL (40)
[2018.02.15-13.08.51:068][612]LogModuleManager: Shutting down and abandoning module HTTPChunkInstaller (36)
[2018.02.15-13.08.51:079][612]LogModuleManager: Shutting down and abandoning module AnimationModifiers (34)
[2018.02.15-13.08.51:088][612]LogModuleManager: Shutting down and abandoning module PropertyEditor (33)
[2018.02.15-13.08.51:088][612]LogModuleManager: Shutting down and abandoning module AudioEditor (30)
[2018.02.15-13.08.51:088][612]LogModuleManager: Shutting down and abandoning module TextureCompressor (28)
[2018.02.15-13.08.51:088][612]LogModuleManager: Shutting down and abandoning module ShaderCore (26)
[2018.02.15-13.08.51:088][612]LogModuleManager: Shutting down and abandoning module Landscape (24)
[2018.02.15-13.08.51:088][612]LogModuleManager: Shutting down and abandoning module SlateRHIRenderer (22)
[2018.02.15-13.08.51:100][612]LogModuleManager: Shutting down and abandoning module OpenGLDrv (20)
[2018.02.15-13.08.51:121][612]LogModuleManager: Shutting down and abandoning module D3D11RHI (18)
[2018.02.15-13.08.51:121][612]LogModuleManager: Shutting down and abandoning module AnimGraphRuntime (16)
[2018.02.15-13.08.51:121][612]LogModuleManager: Shutting down and abandoning module Renderer (14)
[2018.02.15-13.08.51:121][612]LogModuleManager: Shutting down and abandoning module Engine (12)
[2018.02.15-13.08.51:121][612]LogModuleManager: Shutting down and abandoning module CoreUObject (10)
[2018.02.15-13.08.51:121][612]LogModuleManager: Shutting down and abandoning module NetworkFile (8)
[2018.02.15-13.08.51:121][612]LogModuleManager: Shutting down and abandoning module StreamingFile (6)
[2018.02.15-13.08.51:121][612]LogModuleManager: Shutting down and abandoning module SandboxFile (4)
[2018.02.15-13.08.51:121][612]LogModuleManager: Shutting down and abandoning module PakFile (2)
[2018.02.15-13.08.51:137][612]LogExit: Exiting.
[2018.02.15-13.08.51:146][612]Log file closed, 02/15/18 13:08:51
