Log file open, 03/21/18 15:34:30
LogInit:Display: Running engine for game: RPG_Game
LogPlatformFile: Not using cached read wrapper
LogInit:Display: RandInit(-88387369) SRandInit(-88387369).
LogTaskGraph: Started task graph with 5 named threads and 8 total threads with 1 sets of task threads.
LogStats: Stats thread started at 0.103647
LogInit: Using libcurl 7.47.1
LogInit:  - built for x86_64-pc-win32
LogInit:  - supports SSL with OpenSSL/1.0.2g
LogInit:  - supports HTTP deflate (compression) using libz 1.2.8
LogInit:  - other features:
LogInit:      CURL_VERSION_SSL
LogInit:      CURL_VERSION_LIBZ
LogInit:      CURL_VERSION_IPV6
LogInit:      CURL_VERSION_ASYNCHDNS
LogInit:      CURL_VERSION_LARGEFILE
LogInit:      CURL_VERSION_IDN
LogInit:  CurlRequestOptions (configurable via config and command line):
LogInit:  - bVerifyPeer = false  - Libcurl will NOT verify peer certificate
LogInit:  - bUseHttpProxy = false  - Libcurl will NOT use HTTP proxy
LogInit:  - bDontReuseConnections = false  - Libcurl will reuse connections
LogInit:  - CertBundlePath = nullptr  - Libcurl will use whatever was configured at build time.
LogInit: Build: ++UE4+Release-4.16-CL-3561208
LogInit: Engine Version: 4.16.3-3561208+++UE4+Release-4.16
LogInit: Compatible Engine Version: 4.16.0-3452394+++UE4+Release-4.16
LogInit: Net CL: 3452394
LogDevObjectVersion: Number of dev versions registered: 16
LogDevObjectVersion:   Dev-Blueprints (B0D832E4-1F89-4F0D-ACCF-7EB736FD4AA2): 9
LogDevObjectVersion:   Dev-Build (E1C64328-A22C-4D53-A36C-8E866417BD8C): 0
LogDevObjectVersion:   Dev-Core (375EC13C-06E4-48FB-B500-84F0262A717E): 2
LogDevObjectVersion:   Dev-Editor (E4B068ED-F494-42E9-A231-DA0B2E46BB41): 17
LogDevObjectVersion:   Dev-Framework (CFFC743F-43B0-4480-9391-14DF171D2073): 23
LogDevObjectVersion:   Dev-Mobile (B02B49B5-BB20-44E9-A304-32B752E40360): 0
LogDevObjectVersion:   Dev-Networking (A4E4105C-59A1-49B5-A7C5-40C4547EDFEE): 0
LogDevObjectVersion:   Dev-Online (39C831C9-5AE6-47DC-9A44-9C173E1C8E7C): 0
LogDevObjectVersion:   Dev-Physics (78F01B33-EBEA-4F98-B9B4-84EACCB95AA2): 0
LogDevObjectVersion:   Dev-Platform (6631380F-2D4D-43E0-8009-CF276956A95A): 0
LogDevObjectVersion:   Dev-Rendering (12F88B9F-8875-4AFC-A67C-D90C383ABD29): 15
LogDevObjectVersion:   Dev-Sequencer (7B5AE74C-D270-4C10-A958-57980B212A5A): 4
LogDevObjectVersion:   Dev-VR (D7296918-1DD6-4BDD-9DE2-64A83CC13884): 0
LogDevObjectVersion:   Dev-LoadTimes (C2A15278-BFE7-4AFE-6C17-90FF531DF755): 1
LogDevObjectVersion:   Private-Geometry (6EACA3D4-40EC-4CC1-B786-8BED09428FC5): 1
LogDevObjectVersion:   Dev-AnimPhys (29E575DD-E0A3-4627-9D10-D276232CDCEA): 3
LogInit: Compiled (64-bit): Jul 28 2017 11:49:47
LogInit: Compiled with Visual C++: 19.00.24215.01
LogInit: Build Configuration: Development
LogInit: Branch Name: ++UE4+Release-4.16
LogInit: Command line:  /Temp/Autosaves/Game/Maps/UEDPCHelloWorld -game -PIEVIACONSOLE -ResX=1280 -ResY=720  -Multiprocess -messaging -SessionName="Play in Standalone Game" -windowed 
LogInit: Base directory: C:/Program Files/Epic Games/UE_4.16/Engine/Binaries/Win64/
LogInit: Installed Engine Build: 1
LogInit: Presizing for max 8388607 objects, including 0 objects not considered by GC, pre-allocating 0 bytes for permanent pool.
LogInit: Object subsystem initialized
[2018.03.21-15.34.30:492][  0]LogInit: Selected Device Profile: [Windows]
[2018.03.21-15.34.30:492][  0]LogInit: Applying CVar settings loaded from the selected device profile: [Windows]
[2018.03.21-15.34.30:496][  0]LogInit: Computer: C217-14
[2018.03.21-15.34.30:496][  0]LogInit: User: jordanboast
[2018.03.21-15.34.30:496][  0]LogInit: CPU Page size=4096, Cores=4
[2018.03.21-15.34.30:496][  0]LogInit: High frequency timer resolution =3.328133 MHz
[2018.03.21-15.34.30:496][  0]LogMemory: Memory total: Physical=15.9GB (16GB approx)
[2018.03.21-15.34.30:496][  0]LogMemory: Platform Memory Stats for Windows
[2018.03.21-15.34.30:496][  0]LogMemory: Process Physical Memory: 274.79 MB used, 274.79 MB peak
[2018.03.21-15.34.30:496][  0]LogMemory: Process Virtual Memory: 261.73 MB used, 261.73 MB peak
[2018.03.21-15.34.30:496][  0]LogMemory: Physical Memory: 6775.30 MB used,  9529.25 MB free, 16304.54 MB total
[2018.03.21-15.34.30:496][  0]LogMemory: Virtual Memory: 640.34 MB used,  9529.25 MB free, 134217728.00 MB total
[2018.03.21-15.34.30:571][  0]LogInit: Using OS detected language (en-US).
[2018.03.21-15.34.30:571][  0]LogInit: Using OS detected locale (en-GB).
[2018.03.21-15.34.30:573][  0]LogTextLocalizationManager: No specific localization for 'en-US' exists, so the 'en' localization will be used.
[2018.03.21-15.34.31:190][  0]LogD3D11RHI: D3D11 adapters:
[2018.03.21-15.34.31:207][  0]LogD3D11RHI:    0. 'NVIDIA Quadro K2200' (Feature Level 11_0)
[2018.03.21-15.34.31:207][  0]LogD3D11RHI:       4062/0/8152 MB DedicatedVideo/DedicatedSystem/SharedSystem, Outputs:1, VendorId:0x10de
[2018.03.21-15.34.31:208][  0]LogD3D11RHI:    1. 'Microsoft Basic Render Driver' (Feature Level 11_0)
[2018.03.21-15.34.31:208][  0]LogD3D11RHI:       0/0/8152 MB DedicatedVideo/DedicatedSystem/SharedSystem, Outputs:0, VendorId:0x1414
[2018.03.21-15.34.31:208][  0]LogD3D11RHI: Chosen D3D11 Adapter: 0
[2018.03.21-15.34.31:214][  0]LogD3D11RHI: Creating new Direct3DDevice
[2018.03.21-15.34.31:214][  0]LogD3D11RHI:     GPU DeviceId: 0x13ba (for the marketing name, search the web for "GPU Device Id")
[2018.03.21-15.34.31:214][  0]LogWindows: EnumDisplayDevices:
[2018.03.21-15.34.31:214][  0]LogWindows:    0. 'NVIDIA Quadro K2200' (P:1 D:1)
[2018.03.21-15.34.31:214][  0]LogWindows:    1. 'NVIDIA Quadro K2200' (P:0 D:0)
[2018.03.21-15.34.31:214][  0]LogWindows:    2. 'NVIDIA Quadro K2200' (P:0 D:0)
[2018.03.21-15.34.31:214][  0]LogWindows:    3. 'NVIDIA Quadro K2200' (P:0 D:0)
[2018.03.21-15.34.31:214][  0]LogWindows: DebugString: FoundDriverCount:4 
[2018.03.21-15.34.31:214][  0]LogD3D11RHI:     Adapter Name: NVIDIA Quadro K2200
[2018.03.21-15.34.31:214][  0]LogD3D11RHI:   Driver Version: 377.11 (internal:21.21.13.7711, unified:377.11)
[2018.03.21-15.34.31:214][  0]LogD3D11RHI:      Driver Date: 3-17-2017
[2018.03.21-15.34.31:214][  0]LogRHI: Texture pool is 1361 MB (70% of 1945 MB)
[2018.03.21-15.34.31:228][  0]LogD3D11RHI: Async texture creation enabled
[2018.03.21-15.34.31:240][  0]LogD3D11RHI: GPU Timing Frequency: 1000.000000 (Debug: 2 1)
[2018.03.21-15.34.31:282][  0]LogShaderCompilers: Guid format shader working directory is 29 characters bigger than the processId version (E:/FMP/RPG_Game/RPG_Game/Intermediate/Shaders/WorkingDirectory/2332/).
[2018.03.21-15.34.31:282][  0]LogShaderCompilers: Cleaned the shader compiler working directory 'C:/Users/jordan.boast/AppData/Local/Temp/UnrealShaderWorkingDir/4828F84A42F1B84838FD73B36D95634E/'.
[2018.03.21-15.34.31:282][  0]LogShaderCompilers:Display: Using Local Shader Compiler.
[2018.03.21-15.34.32:236][  0]LogTemp:Display: Loaded TP WindowsClientTargetPlatform
[2018.03.21-15.34.32:276][  0]LogTemp:Display: Loaded TP WindowsNoEditorTargetPlatform
[2018.03.21-15.34.32:316][  0]LogTemp:Display: Loaded TP WindowsServerTargetPlatform
[2018.03.21-15.34.32:350][  0]LogTemp:Display: Loaded TP WindowsTargetPlatform
[2018.03.21-15.34.32:350][  0]LogTargetPlatformManager:Display: Building Assets For Windows
[2018.03.21-15.34.32:730][  0]LogDerivedDataCache:Display: Max Cache Size: 512 MB
[2018.03.21-15.34.32:803][  0]LogDerivedDataCache: Loaded boot cache 0.07s 90MB C:/Users/jordan.boast/AppData/Local/UnrealEngine/4.16/DerivedDataCache/Boot.ddc.
[2018.03.21-15.34.32:804][  0]LogDerivedDataCache:Display: Loaded Boot cache: C:/Users/jordan.boast/AppData/Local/UnrealEngine/4.16/DerivedDataCache/Boot.ddc
[2018.03.21-15.34.32:804][  0]LogDerivedDataCache: FDerivedDataBackendGraph:  Pak pak cache file E:/FMP/RPG_Game/RPG_Game/DerivedDataCache/DDC.ddp not found, will not use a pak cache.
[2018.03.21-15.34.32:804][  0]LogDerivedDataCache: Unable to find inner node Pak for hierarchical cache Hierarchy.
[2018.03.21-15.34.32:804][  0]LogDerivedDataCache: FDerivedDataBackendGraph:  CompressedPak pak cache file E:/FMP/RPG_Game/RPG_Game/DerivedDataCache/Compressed.ddp not found, will not use a pak cache.
[2018.03.21-15.34.32:804][  0]LogDerivedDataCache: Unable to find inner node CompressedPak for hierarchical cache Hierarchy.
[2018.03.21-15.34.32:816][  0]LogDerivedDataCache:Display: Pak cache opened for reading ../../../Engine/DerivedDataCache/Compressed.ddp.
[2018.03.21-15.34.32:828][  0]LogDerivedDataCache: Using Local data cache path C:/Users/jordan.boast/AppData/Local/UnrealEngine/Common/DerivedDataCache: Writable
[2018.03.21-15.34.32:835][  0]LogMaterial: Verifying Global Shaders for PCD3D_SM5
[2018.03.21-15.34.32:836][  0]LogSlate: Using Freetype 2.6.0
[2018.03.21-15.34.32:836][  0]LogSlate: SlateFontCache - WITH_FREETYPE: 1, WITH_HARFBUZZ: 1
[2018.03.21-15.34.32:836][  0]LogSlate: SlateFontCache - WITH_FREETYPE: 1, WITH_HARFBUZZ: 1
[2018.03.21-15.34.33:068][  0]LogAssetRegistry: FAssetRegistry took 0.0029 seconds to start up
[2018.03.21-15.34.33:073][  0]LogPackageLocalizationCache: Processed 4 localized package path(s) for 2 prioritized culture(s) in 0.005151 seconds
[2018.03.21-15.34.33:134][  0]LogInit: Selected Device Profile: [Windows]
[2018.03.21-15.34.33:226][  0]LogContentStreaming: Texture pool size is 1000.00 MB
[2018.03.21-15.34.33:361][  0]LogMeshUtilities: Using QuadricMeshReduction for automatic static mesh reduction
[2018.03.21-15.34.33:395][  0]LogSimplygon: Simplygon DLL not present - disabling.
[2018.03.21-15.34.33:435][  0]LogMeshUtilities: Using SimplygonSwarm for distributed automatic mesh merging
[2018.03.21-15.34.33:435][  0]LogMeshUtilities: No automatic skeletal mesh reduction module available
[2018.03.21-15.34.33:435][  0]LogMeshUtilities: No automatic mesh merging module available
[2018.03.21-15.34.33:840][  0]LogNetVersion: RPG_Game , NetCL: 3452394, EngineNetVer: 2, GameNetVer: 0 (Checksum: 2586067795)
[2018.03.21-15.34.33:900][  0]LogInit: WinSock: version 1.1 (2.2), MaxSocks=32767, MaxUdp=65467
[2018.03.21-15.34.34:727][  0]LogMoviePlayer: Initializing movie player
[2018.03.21-15.34.34:783][  0]LogWindowsTextInputMethodSystem:Display: IME system now deactivated.
[2018.03.21-15.34.35:022][  0]LogCollectionManager: Loaded 0 collections in 0.030413 seconds
[2018.03.21-15.34.35:092][  0]LogFileCache: Scanning file cache for directory 'E:/FMP/RPG_Game/RPG_Game/Saved/Collections/' took 0.01s
[2018.03.21-15.34.35:092][  0]LogFileCache: Scanning file cache for directory 'E:/FMP/RPG_Game/RPG_Game/Content/Developers/jordanboast/Collections/' took 0.01s
[2018.03.21-15.34.35:092][  0]LogFileCache: Scanning file cache for directory 'E:/FMP/RPG_Game/RPG_Game/Content/Collections/' took 0.01s
[2018.03.21-15.34.35:092][  0]LogCollectionManager: Rebuilt the object cache for 0 collections in 0.000002 seconds (found 0 objects)
[2018.03.21-15.34.35:092][  0]LogCollectionManager: Fixed up redirectors for 0 collections in 0.000051 seconds (updated 0 objects)
[2018.03.21-15.34.35:271][  0]LogSubstanceCoreModule: Substance [CPU] Engine Loaded, Max Texture Size = 2048
[2018.03.21-15.34.35:294][  0]LogTcpMessaging: Initializing TcpMessaging bridge
[2018.03.21-15.34.35:327][  0]LogUdpMessaging: Initializing bridge on interface 0.0.0.0:0 to multicast group 230.0.0.1:6666.
[2018.03.21-15.34.35:679][  0]SourceControl: Info Source control is disabled
[2018.03.21-15.34.35:679][  0]SourceControl: Info Source control is disabled
[2018.03.21-15.34.35:716][  0]SourceControl: Info Source control is disabled
[2018.03.21-15.34.35:923][  0]LogAndroidPermission: UAndroidPermissionCallbackProxy::GetInstance
[2018.03.21-15.34.36:266][  0]LogUObjectArray: 37412 objects as part of root set at end of initial load.
[2018.03.21-15.34.36:266][  0]LogUObjectAllocator: 8432712 out of 0 bytes used by permanent object pool.
[2018.03.21-15.34.36:266][  0]LogUObjectArray: CloseDisregardForGC: 0/0 objects in disregard for GC pool
[2018.03.21-15.34.36:351][  0]LogEngine: Initializing Engine...
[2018.03.21-15.34.36:352][  0]LogHMD: Failed to initialize OpenVR with code 110
[2018.03.21-15.34.36:514][  0]LogStats: UGameplayTagsManager::ConstructGameplayTagTree: Construct from data asset -  0.000 s
[2018.03.21-15.34.36:514][  0]LogStats: UGameplayTagsManager::ConstructGameplayTagTree: GameplayTagTreeChangedEvent.Broadcast -  0.000 s
[2018.03.21-15.34.36:521][  0]LogInit: XAudio2 using 'Speakers (Realtek High Definition Audio)' : 2 channels at 48 kHz using 32 bits per sample (channel mask 0x3)
[2018.03.21-15.34.36:539][  0]LogInit: FAudioDevice initialized.
[2018.03.21-15.34.36:559][  0]LogInit: Texture streaming: Enabled
[2018.03.21-15.34.36:577][  0]LogMaterial: Uniform references updated for custom material expression Custom.
[2018.03.21-15.34.36:779][  0]LogSlateStyle:Warning: Unable to find Slate Widget Style 'NormalText'. Using FTextBlockStyle defaults instead.
[2018.03.21-15.34.36:779][  0]LogSlateStyle:Warning: Unable to find Slate Widget Style 'SpinBox'. Using FSpinBoxStyle defaults instead.
[2018.03.21-15.34.36:941][  0]LogInit:Display: Game Engine Initialized.
[2018.03.21-15.34.37:065][  0]LogInit:Display: Starting Game.
[2018.03.21-15.34.37:065][  0]LogNet: Browse: /Temp/Autosaves/Game/Maps/UEDPCHelloWorld?Name=Player
[2018.03.21-15.34.37:065][  0]LogLoad: LoadMap: /Temp/Autosaves/Game/Maps/UEDPCHelloWorld?Name=Player
[2018.03.21-15.34.37:090][  0]LogMemory: Platform Memory Stats for Windows
[2018.03.21-15.34.37:090][  0]LogMemory: Process Physical Memory: 793.23 MB used, 891.80 MB peak
[2018.03.21-15.34.37:090][  0]LogMemory: Process Virtual Memory: 899.19 MB used, 950.34 MB peak
[2018.03.21-15.34.37:090][  0]LogMemory: Physical Memory: 7231.84 MB used,  9072.70 MB free, 16304.54 MB total
[2018.03.21-15.34.37:090][  0]LogMemory: Virtual Memory: 1500.84 MB used,  9072.70 MB free, 134217728.00 MB total
[2018.03.21-15.34.37:090][  0]LogMemory: 
[2018.03.21-15.34.37:090][  0]Allocator Stats for TBB: (not implemented)
[2018.03.21-15.34.37:150][  0]LogLinker:Warning: Can't find file '/Game/Materials/alphabox'
[2018.03.21-15.34.37:150][  0]LoadErrors: Info Failed to load /Game/Materials/alphabox.alphabox Referenced by AlphaBox
[2018.03.21-15.34.37:150][  0]LogUObjectGlobals:Warning: Failed to load '/Game/Materials/alphabox': Can't find file '/Game/Materials/alphabox'
[2018.03.21-15.34.37:150][  0]LogLinker:Warning: Can't find file for asset '/Game/Materials/alphabox' while loading NULL.
[2018.03.21-15.34.37:150][  0]LoadErrors: Info Failed to load /Game/Materials/alphabox.alphabox Referenced by AlphaBox
[2018.03.21-15.34.37:150][  0]LogUObjectGlobals:Warning: Failed to load '/Game/Materials/alphabox': Can't find file for asset '/Game/Materials/alphabox' while loading NULL.
[2018.03.21-15.34.37:167][  0]LogLinker:Warning: Can't find file '/Game/Materials/ButtonMaterial'
[2018.03.21-15.34.37:167][  0]LoadErrors: Info Failed to load /Game/Materials/ButtonMaterial.ButtonMaterial Referenced by Button_Base
[2018.03.21-15.34.37:167][  0]LogUObjectGlobals:Warning: Failed to load '/Game/Materials/ButtonMaterial': Can't find file '/Game/Materials/ButtonMaterial'
[2018.03.21-15.34.37:167][  0]LogLinker:Warning: Can't find file for asset '/Game/Materials/ButtonMaterial' while loading NULL.
[2018.03.21-15.34.37:167][  0]LoadErrors: Info Failed to load /Game/Materials/ButtonMaterial.ButtonMaterial Referenced by Button_Base
[2018.03.21-15.34.37:167][  0]LogUObjectGlobals:Warning: Failed to load '/Game/Materials/ButtonMaterial': Can't find file for asset '/Game/Materials/ButtonMaterial' while loading NULL.
[2018.03.21-15.34.37:168][  0]LogLinker:Warning: Can't find file '/Game/Materials/BaseDoor'
[2018.03.21-15.34.37:168][  0]LoadErrors: Info Failed to load /Game/Materials/BaseDoor.BaseDoor Referenced by Geo_Door_Base
[2018.03.21-15.34.37:168][  0]LogUObjectGlobals:Warning: Failed to load '/Game/Materials/BaseDoor': Can't find file '/Game/Materials/BaseDoor'
[2018.03.21-15.34.37:168][  0]LogLinker:Warning: Can't find file for asset '/Game/Materials/BaseDoor' while loading NULL.
[2018.03.21-15.34.37:168][  0]LoadErrors: Info Failed to load /Game/Materials/BaseDoor.BaseDoor Referenced by Geo_Door_Base
[2018.03.21-15.34.37:168][  0]LogUObjectGlobals:Warning: Failed to load '/Game/Materials/BaseDoor': Can't find file for asset '/Game/Materials/BaseDoor' while loading NULL.
[2018.03.21-15.34.37:210][  0]LogLinker:Warning: Can't find file '/Game/Materials/ButtonMaterial'
[2018.03.21-15.34.37:210][  0]LoadErrors: Info Failed to load /Game/Materials/ButtonMaterial.ButtonMaterial Referenced by Button_Push
[2018.03.21-15.34.37:210][  0]LogUObjectGlobals:Warning: Failed to load '/Game/Materials/ButtonMaterial': Can't find file '/Game/Materials/ButtonMaterial'
[2018.03.21-15.34.37:210][  0]LogLinker:Warning: Can't find file for asset '/Game/Materials/ButtonMaterial' while loading NULL.
[2018.03.21-15.34.37:210][  0]LoadErrors: Info Failed to load /Game/Materials/ButtonMaterial.ButtonMaterial Referenced by Button_Push
[2018.03.21-15.34.37:210][  0]LogUObjectGlobals:Warning: Failed to load '/Game/Materials/ButtonMaterial': Can't find file for asset '/Game/Materials/ButtonMaterial' while loading NULL.
[2018.03.21-15.34.37:401][  0]LogAIModule: Creating AISystem for world HelloWorld
[2018.03.21-15.34.37:599][  0]LogLoad: Game class is 'FuseGM_C'
[2018.03.21-15.34.38:037][  0]LogWorld: Bringing World /Temp/Autosaves/Game/Maps/UEDPCHelloWorld.HelloWorld up for play (max tick rate 0) at 2018.03.21-15.34.38
[2018.03.21-15.34.38:039][  0]LogWorld: Bringing up level for play took: 0.438220
[2018.03.21-15.34.38:041][  0]LogLoad: Took 0.975284 seconds to LoadMap(/Temp/Autosaves/Game/Maps/UEDPCHelloWorld)
[2018.03.21-15.34.38:217][  0]LogRenderer: Reallocating scene render targets to support 1280x720 NumSamples 1 (Frame:1).
[2018.03.21-15.34.38:217][  0]LogLoad: (Engine Initialization) Total time: 9.29 seconds
[2018.03.21-15.34.38:217][  0]LogLoad: (Engine Initialization) Total Blueprint compile time: 0.11 seconds
[2018.03.21-15.34.38:217][  0]LogExternalProfiler: No external profilers were discovered.  External profiling features will not be available.
[2018.03.21-15.34.38:234][  0]LogOcInput: OculusInput pre-init called
[2018.03.21-15.34.38:234][  0]LogHMD: Starting GearVRController plugin
[2018.03.21-15.34.48:224][607]LogPackageName: SearchForPackageOnDisk took   0.173s to resolve Menu.umap.
[2018.03.21-15.34.48:317][607]LogPackageName: SearchForPackageOnDisk took   0.093s to resolve Menu.umap.
[2018.03.21-15.34.48:317][607]LogNet: Browse: /Game/Maps/Menu
[2018.03.21-15.34.48:318][607]LogLoad: LoadMap: /Game/Maps/Menu
[2018.03.21-15.34.48:349][607]LogMemory: Platform Memory Stats for Windows
[2018.03.21-15.34.48:349][607]LogMemory: Process Physical Memory: 895.18 MB used, 932.41 MB peak
[2018.03.21-15.34.48:349][607]LogMemory: Process Virtual Memory: 1058.75 MB used, 1098.07 MB peak
[2018.03.21-15.34.48:349][607]LogMemory: Physical Memory: 7338.31 MB used,  8966.23 MB free, 16304.54 MB total
[2018.03.21-15.34.48:350][607]LogMemory: Virtual Memory: 1746.17 MB used,  8966.23 MB free, 134217728.00 MB total
[2018.03.21-15.34.48:350][607]LogMemory: 
[2018.03.21-15.34.48:350][607]Allocator Stats for TBB: (not implemented)
[2018.03.21-15.34.48:521][607]LogAIModule: Creating AISystem for world Menu
[2018.03.21-15.34.48:525][607]LogLoad: Game class is 'FuseGM_C'
[2018.03.21-15.34.48:527][607]LogWorld: Bringing World /Game/Maps/Menu.Menu up for play (max tick rate 0) at 2018.03.21-15.34.48
[2018.03.21-15.34.48:527][607]LogWorld: Bringing up level for play took: 0.000494
[2018.03.21-15.34.48:527][607]LogGameMode: FindPlayerStart: PATHS NOT DEFINED or NO PLAYERSTART with positive rating
[2018.03.21-15.34.48:530][607]LogLoad: Took 0.212771 seconds to LoadMap(/Game/Maps/Menu)
[2018.03.21-15.34.49:652][673]LogPackageName: SearchForPackageOnDisk took   0.071s to resolve HelloWorld.umap.
[2018.03.21-15.34.49:725][673]LogPackageName: SearchForPackageOnDisk took   0.072s to resolve HelloWorld.umap.
[2018.03.21-15.34.49:725][673]LogNet: Browse: /Game/Maps/HelloWorld
[2018.03.21-15.34.49:725][673]LogLoad: LoadMap: /Game/Maps/HelloWorld
[2018.03.21-15.34.49:744][673]LogMemory: Platform Memory Stats for Windows
[2018.03.21-15.34.49:744][673]LogMemory: Process Physical Memory: 905.86 MB used, 932.41 MB peak
[2018.03.21-15.34.49:744][673]LogMemory: Process Virtual Memory: 1134.22 MB used, 1138.59 MB peak
[2018.03.21-15.34.49:744][673]LogMemory: Physical Memory: 7345.07 MB used,  8959.47 MB free, 16304.54 MB total
[2018.03.21-15.34.49:744][673]LogMemory: Virtual Memory: 1780.86 MB used,  8959.47 MB free, 134217728.00 MB total
[2018.03.21-15.34.49:744][673]LogMemory: 
[2018.03.21-15.34.49:744][673]Allocator Stats for TBB: (not implemented)
[2018.03.21-15.34.49:809][673]LogLinker:Warning: Can't find file '/Game/Materials/BaseDoor'
[2018.03.21-15.34.49:809][673]LoadErrors: Info Failed to load /Game/Materials/BaseDoor.BaseDoor Referenced by Geo_Door_Base
[2018.03.21-15.34.49:809][673]LogUObjectGlobals:Warning: Failed to load '/Game/Materials/BaseDoor': Can't find file '/Game/Materials/BaseDoor'
[2018.03.21-15.34.49:809][673]LogLinker:Warning: Can't find file for asset '/Game/Materials/BaseDoor' while loading NULL.
[2018.03.21-15.34.49:810][673]LoadErrors: Info Failed to load /Game/Materials/BaseDoor.BaseDoor Referenced by Geo_Door_Base
[2018.03.21-15.34.49:810][673]LogUObjectGlobals:Warning: Failed to load '/Game/Materials/BaseDoor': Can't find file for asset '/Game/Materials/BaseDoor' while loading NULL.
[2018.03.21-15.34.49:810][673]LogLinker:Warning: Can't find file '/Game/Materials/ButtonMaterial'
[2018.03.21-15.34.49:810][673]LoadErrors: Info Failed to load /Game/Materials/ButtonMaterial.ButtonMaterial Referenced by Button_Push
[2018.03.21-15.34.49:810][673]LogUObjectGlobals:Warning: Failed to load '/Game/Materials/ButtonMaterial': Can't find file '/Game/Materials/ButtonMaterial'
[2018.03.21-15.34.49:810][673]LogLinker:Warning: Can't find file for asset '/Game/Materials/ButtonMaterial' while loading NULL.
[2018.03.21-15.34.49:810][673]LoadErrors: Info Failed to load /Game/Materials/ButtonMaterial.ButtonMaterial Referenced by Button_Push
[2018.03.21-15.34.49:810][673]LogUObjectGlobals:Warning: Failed to load '/Game/Materials/ButtonMaterial': Can't find file for asset '/Game/Materials/ButtonMaterial' while loading NULL.
[2018.03.21-15.34.49:810][673]LogLinker:Warning: Can't find file '/Game/Materials/ButtonMaterial'
[2018.03.21-15.34.49:810][673]LoadErrors: Info Failed to load /Game/Materials/ButtonMaterial.ButtonMaterial Referenced by Button_Base
[2018.03.21-15.34.49:810][673]LogUObjectGlobals:Warning: Failed to load '/Game/Materials/ButtonMaterial': Can't find file '/Game/Materials/ButtonMaterial'
[2018.03.21-15.34.49:810][673]LogLinker:Warning: Can't find file for asset '/Game/Materials/ButtonMaterial' while loading NULL.
[2018.03.21-15.34.49:810][673]LoadErrors: Info Failed to load /Game/Materials/ButtonMaterial.ButtonMaterial Referenced by Button_Base
[2018.03.21-15.34.49:810][673]LogUObjectGlobals:Warning: Failed to load '/Game/Materials/ButtonMaterial': Can't find file for asset '/Game/Materials/ButtonMaterial' while loading NULL.
[2018.03.21-15.34.49:843][673]LogLinker:Warning: Can't find file '/Game/Materials/alphabox'
[2018.03.21-15.34.49:843][673]LoadErrors: Info Failed to load /Game/Materials/alphabox.alphabox Referenced by AlphaBox
[2018.03.21-15.34.49:843][673]LogUObjectGlobals:Warning: Failed to load '/Game/Materials/alphabox': Can't find file '/Game/Materials/alphabox'
[2018.03.21-15.34.49:843][673]LogLinker:Warning: Can't find file for asset '/Game/Materials/alphabox' while loading NULL.
[2018.03.21-15.34.49:843][673]LoadErrors: Info Failed to load /Game/Materials/alphabox.alphabox Referenced by AlphaBox
[2018.03.21-15.34.49:843][673]LogUObjectGlobals:Warning: Failed to load '/Game/Materials/alphabox': Can't find file for asset '/Game/Materials/alphabox' while loading NULL.
[2018.03.21-15.34.49:919][673]LogAIModule: Creating AISystem for world HelloWorld
[2018.03.21-15.34.50:054][673]LogLoad: Game class is 'FuseGM_C'
[2018.03.21-15.34.50:072][673]LogWorld: Bringing World /Game/Maps/HelloWorld.HelloWorld up for play (max tick rate 0) at 2018.03.21-15.34.50
[2018.03.21-15.34.50:073][673]LogWorld: Bringing up level for play took: 0.018262
[2018.03.21-15.34.50:075][673]LogLoad: Took 0.349757 seconds to LoadMap(/Game/Maps/HelloWorld)
[2018.03.21-15.35.02:517][440]LogPackageName: SearchForPackageOnDisk took   0.064s to resolve Menu.umap.
[2018.03.21-15.35.02:575][440]LogPackageName: SearchForPackageOnDisk took   0.058s to resolve Menu.umap.
[2018.03.21-15.35.02:575][440]LogNet: Browse: /Game/Maps/Menu
[2018.03.21-15.35.02:575][440]LogLoad: LoadMap: /Game/Maps/Menu
[2018.03.21-15.35.02:597][440]LogMemory: Platform Memory Stats for Windows
[2018.03.21-15.35.02:597][440]LogMemory: Process Physical Memory: 922.11 MB used, 952.19 MB peak
[2018.03.21-15.35.02:597][440]LogMemory: Process Virtual Memory: 1072.25 MB used, 1157.97 MB peak
[2018.03.21-15.35.02:597][440]LogMemory: Physical Memory: 7366.65 MB used,  8937.89 MB free, 16304.54 MB total
[2018.03.21-15.35.02:597][440]LogMemory: Virtual Memory: 1764.73 MB used,  8937.89 MB free, 134217728.00 MB total
[2018.03.21-15.35.02:597][440]LogMemory: 
[2018.03.21-15.35.02:597][440]Allocator Stats for TBB: (not implemented)
[2018.03.21-15.35.02:733][440]LogAIModule: Creating AISystem for world Menu
[2018.03.21-15.35.02:736][440]LogLoad: Game class is 'FuseGM_C'
[2018.03.21-15.35.02:738][440]LogWorld: Bringing World /Game/Maps/Menu.Menu up for play (max tick rate 0) at 2018.03.21-15.35.02
[2018.03.21-15.35.02:738][440]LogWorld: Bringing up level for play took: 0.000443
[2018.03.21-15.35.02:738][440]LogGameMode: FindPlayerStart: PATHS NOT DEFINED or NO PLAYERSTART with positive rating
[2018.03.21-15.35.02:741][440]LogLoad: Took 0.165096 seconds to LoadMap(/Game/Maps/Menu)
[2018.03.21-15.35.04:050][522]Closing by request
[2018.03.21-15.35.04:050][522]LogWindows: FPlatformMisc::RequestExit(0)
[2018.03.21-15.35.04:396][523]LogWindowsTextInputMethodSystem:Display: IME system now deactivated.
[2018.03.21-15.35.04:399][523]LogWindowsTextInputMethodSystem:Display: IME system now deactivated.
[2018.03.21-15.35.04:407][523]LogExit: Preparing to exit.
[2018.03.21-15.35.04:407][523]LogMoviePlayer: Shutting down movie player
[2018.03.21-15.35.05:493][523]LogExit: Game engine shut down
[2018.03.21-15.35.05:550][523]LogObj: Freed 0b from 0 cluster array pools.
[2018.03.21-15.35.05:550][523]LogExit: Object subsystem successfully closed.
[2018.03.21-15.35.05:573][523]LogD3D11RHI: Shutdown
[2018.03.21-15.35.05:573][523]LogD3D11RHI: CleanupD3DDevice
[2018.03.21-15.35.05:610][523]LogD3D11RHI: ~FD3D11DynamicRHI
[2018.03.21-15.35.05:619][523]LogModuleManager: Shutting down and abandoning module SequenceRecorderSections (298)
[2018.03.21-15.35.05:619][523]LogModuleManager: Shutting down and abandoning module SequenceRecorder (296)
[2018.03.21-15.35.05:619][523]LogModuleManager: Shutting down and abandoning module AutomationController (294)
[2018.03.21-15.35.05:619][523]LogModuleManager: Shutting down and abandoning module AutomationWorker (292)
[2018.03.21-15.35.05:619][523]LogModuleManager: Shutting down and abandoning module AIModule (290)
[2018.03.21-15.35.05:619][523]LogModuleManager: Shutting down and abandoning module GameplayDebugger (289)
[2018.03.21-15.35.05:619][523]LogModuleManager: Shutting down and abandoning module AITestSuite (287)
[2018.03.21-15.35.05:619][523]LogModuleManager: Shutting down and abandoning module WmfMediaFactory (284)
[2018.03.21-15.35.05:619][523]LogModuleManager: Shutting down and abandoning module AvfMediaFactory (282)
[2018.03.21-15.35.05:619][523]LogModuleManager: Shutting down and abandoning module AndroidMediaFactory (280)
[2018.03.21-15.35.05:619][523]LogModuleManager: Shutting down and abandoning module Media (279)
[2018.03.21-15.35.05:619][523]LogModuleManager: Shutting down and abandoning module CharacterAI (276)
[2018.03.21-15.35.05:619][523]LogModuleManager: Shutting down and abandoning module SessionServices (274)
[2018.03.21-15.35.05:619][523]LogModuleManager: Shutting down and abandoning module MovieSceneCapture (272)
[2018.03.21-15.35.05:619][523]LogModuleManager: Shutting down and abandoning module MovieSceneTracks (270)
[2018.03.21-15.35.05:619][523]LogModuleManager: Shutting down and abandoning module MovieScene (268)
[2018.03.21-15.35.05:619][523]LogModuleManager: Shutting down and abandoning module GeometryCache (266)
[2018.03.21-15.35.05:619][523]LogModuleManager: Shutting down and abandoning module GeometryCacheEd (265)
[2018.03.21-15.35.05:619][523]LogModuleManager: Shutting down and abandoning module Niagara (262)
[2018.03.21-15.35.05:619][523]LogModuleManager: Shutting down and abandoning module NiagaraEditor (261)
[2018.03.21-15.35.05:619][523]LogModuleManager: Shutting down and abandoning module StreamingPauseRendering (258)
[2018.03.21-15.35.05:619][523]LogModuleManager: Shutting down and abandoning module PortalServices (256)
[2018.03.21-15.35.05:619][523]LogModuleManager: Shutting down and abandoning module PortalRpc (254)
[2018.03.21-15.35.05:619][523]LogModuleManager: Shutting down and abandoning module MessagingRpc (252)
[2018.03.21-15.35.05:619][523]LogModuleManager: Shutting down and abandoning module ProfilerService (250)
[2018.03.21-15.35.05:859][523]LogModuleManager: Shutting down and abandoning module TaskGraph (248)
[2018.03.21-15.35.05:859][523]LogModuleManager: Shutting down and abandoning module SteamVRController (246)
[2018.03.21-15.35.05:859][523]LogModuleManager: Shutting down and abandoning module SteamVR (244)
[2018.03.21-15.35.05:859][523]LogModuleManager: Shutting down and abandoning module ProceduralMeshComponent (242)
[2018.03.21-15.35.05:859][523]LogModuleManager: Shutting down and abandoning module OculusLibrary (240)
[2018.03.21-15.35.05:859][523]LogModuleManager: Shutting down and abandoning module OculusInput (238)
[2018.03.21-15.35.05:859][523]LogModuleManager: Shutting down and abandoning module MobilePatchingUtils (236)
[2018.03.21-15.35.05:859][523]LogModuleManager: Shutting down and abandoning module CustomMeshComponent (234)
[2018.03.21-15.35.05:859][523]LogModuleManager: Shutting down and abandoning module CableComponent (232)
[2018.03.21-15.35.05:859][523]LogModuleManager: Shutting down and abandoning module ArchVisCharacter (230)
[2018.03.21-15.35.05:859][523]LogModuleManager: Shutting down and abandoning module AndroidPermission (228)
[2018.03.21-15.35.05:859][523]LogModuleManager: Shutting down and abandoning module HTML5Networking (224)
[2018.03.21-15.35.05:859][523]LogModuleManager: Shutting down and abandoning module VisualStudioSourceCodeAccess (222)
[2018.03.21-15.35.05:859][523]LogModuleManager: Shutting down and abandoning module DesktopPlatform (221)
[2018.03.21-15.35.05:859][523]LogModuleManager: Shutting down and abandoning module HotReload (219)
[2018.03.21-15.35.05:859][523]LogModuleManager: Shutting down and abandoning module UObjectPlugin (216)
[2018.03.21-15.35.05:859][523]LogModuleManager: Shutting down and abandoning module SubversionSourceControl (214)
[2018.03.21-15.35.05:859][523]LogModuleManager: Shutting down and abandoning module PerforceSourceControl (212)
[2018.03.21-15.35.05:859][523]LogModuleManager: Shutting down and abandoning module SourceControl (211)
[2018.03.21-15.35.05:859][523]LogModuleManager: Shutting down and abandoning module PhysXVehiclesEditor (208)
[2018.03.21-15.35.05:859][523]LogModuleManager: Shutting down and abandoning module PhysXVehicles (206)
[2018.03.21-15.35.05:859][523]LogModuleManager: Shutting down and abandoning module LocationServicesBPLibrary (204)
[2018.03.21-15.35.05:859][523]LogModuleManager: Shutting down and abandoning module ImmediatePhysicsEditor (202)
[2018.03.21-15.35.05:859][523]LogModuleManager: Shutting down and abandoning module ImmediatePhysics (200)
[2018.03.21-15.35.05:859][523]LogModuleManager: Shutting down and abandoning module UdpMessaging (198)
[2018.03.21-15.35.05:960][523]LogModuleManager: Shutting down and abandoning module TcpMessaging (196)
[2018.03.21-15.35.06:307][523]LogModuleManager: Shutting down and abandoning module SubstanceCore (194)
[2018.03.21-15.35.06:307][523]LogModuleManager: Shutting down and abandoning module GameplayTagsEditor (192)
[2018.03.21-15.35.06:307][523]LogModuleManager: Shutting down and abandoning module FacialAnimation (190)
[2018.03.21-15.35.06:307][523]LogModuleManager: Shutting down and abandoning module AssetManagerEditor (188)
[2018.03.21-15.35.06:307][523]LogModuleManager: Shutting down and abandoning module GraphEditor (187)
[2018.03.21-15.35.06:307][523]LogModuleManager: Shutting down and abandoning module ContentBrowser (185)
[2018.03.21-15.35.06:307][523]LogModuleManager: Shutting down and abandoning module CollectionManager (184)
[2018.03.21-15.35.06:307][523]LogDirectoryWatcher: A directory notification for 'E:/FMP/RPG_Game/RPG_Game/Content/Collections/' was aborted.
[2018.03.21-15.35.06:307][523]LogDirectoryWatcher: A directory notification for 'E:/FMP/RPG_Game/RPG_Game/Content/Developers/jordanboast/Collections/' was aborted.
[2018.03.21-15.35.06:307][523]LogDirectoryWatcher: A directory notification for 'E:/FMP/RPG_Game/RPG_Game/Saved/Collections/' was aborted.
[2018.03.21-15.35.06:307][523]LogModuleManager: Shutting down and abandoning module DirectoryWatcher (183)
[2018.03.21-15.35.06:307][523]LogModuleManager: Shutting down and abandoning module LightPropagationVolumeRuntime (178)
[2018.03.21-15.35.06:307][523]LogModuleManager: Shutting down and abandoning module Paper2D (176)
[2018.03.21-15.35.06:307][523]LogModuleManager: Shutting down and abandoning module WindowsMoviePlayer (174)
[2018.03.21-15.35.06:308][523]LogModuleManager: Shutting down and abandoning module WmfMedia (172)
[2018.03.21-15.35.06:308][523]LogModuleManager: Shutting down and abandoning module ClothingSystemEditor (170)
[2018.03.21-15.35.06:308][523]LogModuleManager: Shutting down and abandoning module ClothingSystemRuntime (168)
[2018.03.21-15.35.06:308][523]LogModuleManager: Shutting down and abandoning module MediaAssets (166)
[2018.03.21-15.35.06:308][523]LogModuleManager: Shutting down and abandoning module GameLiveStreaming (164)
[2018.03.21-15.35.06:308][523]LogModuleManager: Shutting down and abandoning module VREditor (162)
[2018.03.21-15.35.06:308][523]LogModuleManager: Shutting down and abandoning module StringTableEditor (160)
[2018.03.21-15.35.06:308][523]LogModuleManager: Shutting down and abandoning module GameplayTasksEditor (158)
[2018.03.21-15.35.06:308][523]LogModuleManager: Shutting down and abandoning module BehaviorTreeEditor (156)
[2018.03.21-15.35.06:308][523]LogModuleManager: Shutting down and abandoning module FunctionalTesting (154)
[2018.03.21-15.35.06:308][523]LogModuleManager: Shutting down and abandoning module CollisionAnalyzer (152)
[2018.03.21-15.35.06:308][523]LogModuleManager: Shutting down and abandoning module UMG (150)
[2018.03.21-15.35.06:308][523]LogModuleManager: Shutting down and abandoning module UMGEditor (149)
[2018.03.21-15.35.06:308][523]LogModuleManager: Shutting down and abandoning module Sequencer (148)
[2018.03.21-15.35.06:308][523]LogModuleManager: Shutting down and abandoning module AssetTools (146)
[2018.03.21-15.35.06:308][523]LogModuleManager: Shutting down and abandoning module MessageLog (145)
[2018.03.21-15.35.06:308][523]LogModuleManager: Shutting down and abandoning module WorkspaceMenuStructure (144)
[2018.03.21-15.35.06:308][523]LogModuleManager: Shutting down and abandoning module SlateReflector (138)
[2018.03.21-15.35.06:308][523]LogModuleManager: Shutting down and abandoning module Slate (136)
[2018.03.21-15.35.06:308][523]LogModuleManager: Shutting down and abandoning module EditorStyle (134)
[2018.03.21-15.35.06:310][523]LogModuleManager: Shutting down and abandoning module Messaging (132)
[2018.03.21-15.35.06:310][523]LogModuleManager: Shutting down and abandoning module SourceCodeAccess (130)
[2018.03.21-15.35.06:310][523]LogModuleManager: Shutting down and abandoning module HeadMountedDisplay (128)
[2018.03.21-15.35.06:310][523]LogModuleManager: Shutting down and abandoning module XAudio2 (126)
[2018.03.21-15.35.06:310][523]LogModuleManager: Shutting down and abandoning module Networking (124)
[2018.03.21-15.35.06:310][523]LogModuleManager: Shutting down and abandoning module Core (120)
[2018.03.21-15.35.06:310][523]LogModuleManager: Shutting down and abandoning module KismetCompiler (118)
[2018.03.21-15.35.06:310][523]LogModuleManager: Shutting down and abandoning module LevelSequence (116)
[2018.03.21-15.35.06:310][523]LogModuleManager: Shutting down and abandoning module PhysXFormats (114)
[2018.03.21-15.35.06:310][523]LogModuleManager: Shutting down and abandoning module MeshUtilities (112)
[2018.03.21-15.35.06:310][523]LogModuleManager: Shutting down and abandoning module SimplygonSwarm (111)
[2018.03.21-15.35.06:310][523]LogModuleManager: Shutting down and abandoning module SimplygonMeshReduction (109)
[2018.03.21-15.35.06:310][523]LogModuleManager: Shutting down and abandoning module QuadricMeshReduction (107)
[2018.03.21-15.35.06:310][523]LogModuleManager: Shutting down and abandoning module AssetRegistry (104)
[2018.03.21-15.35.06:310][523]LogModuleManager: Shutting down and abandoning module DerivedDataCache (102)
[2018.03.21-15.35.06:342][523]LogDerivedDataCache: Shutdown
[2018.03.21-15.35.06:342][523]LogModuleManager: Shutting down and abandoning module TargetPlatform (100)
[2018.03.21-15.35.06:342][523]LogModuleManager: Shutting down and abandoning module VulkanShaderFormat (99)
[2018.03.21-15.35.06:342][523]LogModuleManager: Shutting down and abandoning module ShaderFormatVectorVM (97)
[2018.03.21-15.35.06:342][523]LogModuleManager: Shutting down and abandoning module ShaderFormatOpenGL (95)
[2018.03.21-15.35.06:342][523]LogModuleManager: Shutting down and abandoning module ShaderFormatD3D (93)
[2018.03.21-15.35.06:342][523]LogModuleManager: Shutting down and abandoning module MetalShaderFormat (91)
[2018.03.21-15.35.06:342][523]LogModuleManager: Shutting down and abandoning module TextureFormatUncompressed (89)
[2018.03.21-15.35.06:342][523]LogModuleManager: Shutting down and abandoning module TextureFormatPVR (87)
[2018.03.21-15.35.06:342][523]LogModuleManager: Shutting down and abandoning module TextureFormatDXT (85)
[2018.03.21-15.35.06:342][523]LogModuleManager: Shutting down and abandoning module TextureFormatIntelISPCTexComp (83)
[2018.03.21-15.35.06:342][523]LogModuleManager: Shutting down and abandoning module TextureFormatASTC (81)
[2018.03.21-15.35.06:342][523]LogModuleManager: Shutting down and abandoning module ImageWrapper (80)
[2018.03.21-15.35.06:342][523]LogModuleManager: Shutting down and abandoning module TextureFormatAndroid (77)
[2018.03.21-15.35.06:342][523]LogModuleManager: Shutting down and abandoning module AudioFormatOpus (75)
[2018.03.21-15.35.06:342][523]LogModuleManager: Shutting down and abandoning module AudioFormatOgg (73)
[2018.03.21-15.35.06:342][523]LogModuleManager: Shutting down and abandoning module AudioFormatADPCM (71)
[2018.03.21-15.35.06:342][523]LogModuleManager: Shutting down and abandoning module WindowsTargetPlatform (69)
[2018.03.21-15.35.06:342][523]LogModuleManager: Shutting down and abandoning module WindowsServerTargetPlatform (67)
[2018.03.21-15.35.06:342][523]LogModuleManager: Shutting down and abandoning module WindowsNoEditorTargetPlatform (65)
[2018.03.21-15.35.06:342][523]LogModuleManager: Shutting down and abandoning module WindowsClientTargetPlatform (63)
[2018.03.21-15.35.06:342][523]LogModuleManager: Shutting down and abandoning module InputCore (60)
[2018.03.21-15.35.06:342][523]LogModuleManager: Shutting down and abandoning module Settings (58)
[2018.03.21-15.35.06:342][523]LogModuleManager: Shutting down and abandoning module OculusRift (56)
[2018.03.21-15.35.06:342][523]LogModuleManager: Shutting down and abandoning module GearVRController (54)
[2018.03.21-15.35.06:342][523]LogModuleManager: Shutting down and abandoning module GearVR (52)
[2018.03.21-15.35.06:342][523]LogModuleManager: Shutting down and abandoning module ExampleDeviceProfileSelector (50)
[2018.03.21-15.35.06:342][523]LogModuleManager: Shutting down and abandoning module OnlineBlueprintSupport (48)
[2018.03.21-15.35.06:342][523]LogModuleManager: Shutting down and abandoning module OnlineSubsystem (44)
[2018.03.21-15.35.06:342][523]LogOnline:Display: Unloading online subsystem: NULL
[2018.03.21-15.35.06:342][523]LogModuleManager: Shutting down and abandoning module XMPP (43)
[2018.03.21-15.35.06:342][523]LogModuleManager: Shutting down and abandoning module HTTP (41)
[2018.03.21-15.35.06:363][523]LogModuleManager: Shutting down and abandoning module SSL (40)
[2018.03.21-15.35.06:364][523]LogModuleManager: Shutting down and abandoning module HTTPChunkInstaller (36)
[2018.03.21-15.35.06:364][523]LogModuleManager: Shutting down and abandoning module AnimationModifiers (34)
[2018.03.21-15.35.06:364][523]LogModuleManager: Shutting down and abandoning module PropertyEditor (33)
[2018.03.21-15.35.06:364][523]LogModuleManager: Shutting down and abandoning module AudioEditor (30)
[2018.03.21-15.35.06:364][523]LogModuleManager: Shutting down and abandoning module TextureCompressor (28)
[2018.03.21-15.35.06:365][523]LogModuleManager: Shutting down and abandoning module ShaderCore (26)
[2018.03.21-15.35.06:365][523]LogModuleManager: Shutting down and abandoning module Landscape (24)
[2018.03.21-15.35.06:365][523]LogModuleManager: Shutting down and abandoning module SlateRHIRenderer (22)
[2018.03.21-15.35.06:365][523]LogModuleManager: Shutting down and abandoning module OpenGLDrv (20)
[2018.03.21-15.35.06:365][523]LogModuleManager: Shutting down and abandoning module D3D11RHI (18)
[2018.03.21-15.35.06:365][523]LogModuleManager: Shutting down and abandoning module AnimGraphRuntime (16)
[2018.03.21-15.35.06:365][523]LogModuleManager: Shutting down and abandoning module Renderer (14)
[2018.03.21-15.35.06:365][523]LogModuleManager: Shutting down and abandoning module Engine (12)
[2018.03.21-15.35.06:365][523]LogModuleManager: Shutting down and abandoning module CoreUObject (10)
[2018.03.21-15.35.06:365][523]LogModuleManager: Shutting down and abandoning module NetworkFile (8)
[2018.03.21-15.35.06:365][523]LogModuleManager: Shutting down and abandoning module StreamingFile (6)
[2018.03.21-15.35.06:365][523]LogModuleManager: Shutting down and abandoning module SandboxFile (4)
[2018.03.21-15.35.06:365][523]LogModuleManager: Shutting down and abandoning module PakFile (2)
[2018.03.21-15.35.06:366][523]LogExit: Exiting.
[2018.03.21-15.35.06:367][523]Log file closed, 03/21/18 15:35:06
