Log file open, 01/17/18 15:06:01
LogInit:Display: Running engine for game: RPG_Game
LogPlatformFile: Not using cached read wrapper
LogInit:Display: RandInit(1024547148) SRandInit(1024547148).
LogTaskGraph: Started task graph with 5 named threads and 8 total threads with 1 sets of task threads.
LogStats: Stats thread started at 0.115123
LogInit: Using libcurl 7.47.1
LogInit:  - built for x86_64-pc-win32
LogInit:  - supports SSL with OpenSSL/1.0.2g
LogInit:  - supports HTTP deflate (compression) using libz 1.2.8
LogInit:  - other features:
LogInit:      CURL_VERSION_SSL
LogInit:      CURL_VERSION_LIBZ
LogInit:      CURL_VERSION_IPV6
LogInit:      CURL_VERSION_ASYNCHDNS
LogInit:      CURL_VERSION_LARGEFILE
LogInit:      CURL_VERSION_IDN
LogInit:  CurlRequestOptions (configurable via config and command line):
LogInit:  - bVerifyPeer = false  - Libcurl will NOT verify peer certificate
LogInit:  - bUseHttpProxy = false  - Libcurl will NOT use HTTP proxy
LogInit:  - bDontReuseConnections = false  - Libcurl will reuse connections
LogInit:  - CertBundlePath = nullptr  - Libcurl will use whatever was configured at build time.
LogInit: Build: ++UE4+Release-4.16-CL-3561208
LogInit: Engine Version: 4.16.3-3561208+++UE4+Release-4.16
LogInit: Compatible Engine Version: 4.16.0-3452394+++UE4+Release-4.16
LogInit: Net CL: 3452394
LogDevObjectVersion: Number of dev versions registered: 16
LogDevObjectVersion:   Dev-Blueprints (B0D832E4-1F89-4F0D-ACCF-7EB736FD4AA2): 9
LogDevObjectVersion:   Dev-Build (E1C64328-A22C-4D53-A36C-8E866417BD8C): 0
LogDevObjectVersion:   Dev-Core (375EC13C-06E4-48FB-B500-84F0262A717E): 2
LogDevObjectVersion:   Dev-Editor (E4B068ED-F494-42E9-A231-DA0B2E46BB41): 17
LogDevObjectVersion:   Dev-Framework (CFFC743F-43B0-4480-9391-14DF171D2073): 23
LogDevObjectVersion:   Dev-Mobile (B02B49B5-BB20-44E9-A304-32B752E40360): 0
LogDevObjectVersion:   Dev-Networking (A4E4105C-59A1-49B5-A7C5-40C4547EDFEE): 0
LogDevObjectVersion:   Dev-Online (39C831C9-5AE6-47DC-9A44-9C173E1C8E7C): 0
LogDevObjectVersion:   Dev-Physics (78F01B33-EBEA-4F98-B9B4-84EACCB95AA2): 0
LogDevObjectVersion:   Dev-Platform (6631380F-2D4D-43E0-8009-CF276956A95A): 0
LogDevObjectVersion:   Dev-Rendering (12F88B9F-8875-4AFC-A67C-D90C383ABD29): 15
LogDevObjectVersion:   Dev-Sequencer (7B5AE74C-D270-4C10-A958-57980B212A5A): 4
LogDevObjectVersion:   Dev-VR (D7296918-1DD6-4BDD-9DE2-64A83CC13884): 0
LogDevObjectVersion:   Dev-LoadTimes (C2A15278-BFE7-4AFE-6C17-90FF531DF755): 1
LogDevObjectVersion:   Private-Geometry (6EACA3D4-40EC-4CC1-B786-8BED09428FC5): 1
LogDevObjectVersion:   Dev-AnimPhys (29E575DD-E0A3-4627-9D10-D276232CDCEA): 3
LogInit: Compiled (64-bit): Jul 28 2017 11:49:47
LogInit: Compiled with Visual C++: 19.00.24215.01
LogInit: Build Configuration: Development
LogInit: Branch Name: ++UE4+Release-4.16
LogInit: Command line:  
LogInit: Base directory: C:/Program Files/Epic Games/UE_4.16/Engine/Binaries/Win64/
LogInit: Installed Engine Build: 1
LogInit: Presizing for max 8388607 objects, including 0 objects not considered by GC, pre-allocating 0 bytes for permanent pool.
LogInit: Object subsystem initialized
[2018.01.17-15.06.02:051][  0]LogInit: Selected Device Profile: [Windows]
[2018.01.17-15.06.02:051][  0]LogInit: Applying CVar settings loaded from the selected device profile: [Windows]
[2018.01.17-15.06.02:156][  0]LogInit: Computer: C217-08
[2018.01.17-15.06.02:156][  0]LogInit: User: jordanboast
[2018.01.17-15.06.02:156][  0]LogInit: CPU Page size=4096, Cores=4
[2018.01.17-15.06.02:156][  0]LogInit: High frequency timer resolution =3.328130 MHz
[2018.01.17-15.06.02:156][  0]LogMemory: Memory total: Physical=15.9GB (16GB approx)
[2018.01.17-15.06.02:156][  0]LogMemory: Platform Memory Stats for Windows
[2018.01.17-15.06.02:156][  0]LogMemory: Process Physical Memory: 273.55 MB used, 273.55 MB peak
[2018.01.17-15.06.02:156][  0]LogMemory: Process Virtual Memory: 261.36 MB used, 261.36 MB peak
[2018.01.17-15.06.02:156][  0]LogMemory: Physical Memory: 3214.79 MB used,  13089.75 MB free, 16304.54 MB total
[2018.01.17-15.06.02:156][  0]LogMemory: Virtual Memory: 640.13 MB used,  13089.75 MB free, 134217728.00 MB total
[2018.01.17-15.06.02:787][  0]LogInit: Using OS detected language (en-US).
[2018.01.17-15.06.02:787][  0]LogInit: Using OS detected locale (en-GB).
[2018.01.17-15.06.02:963][  0]LogTextLocalizationManager: No specific localization for 'en-US' exists, so the 'en' localization will be used.
[2018.01.17-15.06.06:449][  0]LogD3D11RHI: D3D11 adapters:
[2018.01.17-15.06.06:496][  0]LogD3D11RHI:    0. 'NVIDIA Quadro K2200' (Feature Level 11_0)
[2018.01.17-15.06.06:496][  0]LogD3D11RHI:       4062/0/8152 MB DedicatedVideo/DedicatedSystem/SharedSystem, Outputs:1, VendorId:0x10de
[2018.01.17-15.06.06:497][  0]LogD3D11RHI:    1. 'Microsoft Basic Render Driver' (Feature Level 11_0)
[2018.01.17-15.06.06:497][  0]LogD3D11RHI:       0/0/8152 MB DedicatedVideo/DedicatedSystem/SharedSystem, Outputs:0, VendorId:0x1414
[2018.01.17-15.06.06:497][  0]LogD3D11RHI: Chosen D3D11 Adapter: 0
[2018.01.17-15.06.06:502][  0]LogD3D11RHI: Creating new Direct3DDevice
[2018.01.17-15.06.06:502][  0]LogD3D11RHI:     GPU DeviceId: 0x13ba (for the marketing name, search the web for "GPU Device Id")
[2018.01.17-15.06.06:502][  0]LogWindows: EnumDisplayDevices:
[2018.01.17-15.06.06:502][  0]LogWindows:    0. 'NVIDIA Quadro K2200' (P:1 D:1)
[2018.01.17-15.06.06:502][  0]LogWindows:    1. 'NVIDIA Quadro K2200' (P:0 D:0)
[2018.01.17-15.06.06:502][  0]LogWindows:    2. 'NVIDIA Quadro K2200' (P:0 D:0)
[2018.01.17-15.06.06:502][  0]LogWindows:    3. 'NVIDIA Quadro K2200' (P:0 D:0)
[2018.01.17-15.06.06:502][  0]LogWindows: DebugString: FoundDriverCount:4 
[2018.01.17-15.06.06:502][  0]LogD3D11RHI:     Adapter Name: NVIDIA Quadro K2200
[2018.01.17-15.06.06:502][  0]LogD3D11RHI:   Driver Version: 377.11 (internal:21.21.13.7711, unified:377.11)
[2018.01.17-15.06.06:502][  0]LogD3D11RHI:      Driver Date: 3-17-2017
[2018.01.17-15.06.06:502][  0]LogRHI: Texture pool is 1361 MB (70% of 1945 MB)
[2018.01.17-15.06.06:516][  0]LogD3D11RHI: Async texture creation enabled
[2018.01.17-15.06.06:526][  0]LogD3D11RHI: GPU Timing Frequency: 1000.000000 (Debug: 2 1)
[2018.01.17-15.06.06:568][  0]LogShaderCompilers: Guid format shader working directory is 21 characters bigger than the processId version (E:/Year 2/FMP/RPG_Game/RPG_Game/Intermediate/Shaders/WorkingDirectory/40464/).
[2018.01.17-15.06.06:568][  0]LogShaderCompilers: Cleaned the shader compiler working directory 'C:/Users/jordan.boast/AppData/Local/Temp/UnrealShaderWorkingDir/43EEF126401AAD36ADD1F0918646BACC/'.
[2018.01.17-15.06.06:568][  0]LogShaderCompilers:Display: Using Local Shader Compiler.
[2018.01.17-15.06.09:958][  0]LogTemp:Display: Loaded TP AllDesktopTargetPlatform
[2018.01.17-15.06.09:994][  0]LogTemp:Display: Loaded TP MacClientTargetPlatform
[2018.01.17-15.06.10:030][  0]LogTemp:Display: Loaded TP MacNoEditorTargetPlatform
[2018.01.17-15.06.10:065][  0]LogTemp:Display: Loaded TP MacServerTargetPlatform
[2018.01.17-15.06.10:112][  0]LogTemp:Display: Loaded TP MacTargetPlatform
[2018.01.17-15.06.10:148][  0]LogTemp:Display: Loaded TP WindowsClientTargetPlatform
[2018.01.17-15.06.10:184][  0]LogTemp:Display: Loaded TP WindowsNoEditorTargetPlatform
[2018.01.17-15.06.10:218][  0]LogTemp:Display: Loaded TP WindowsServerTargetPlatform
[2018.01.17-15.06.10:249][  0]LogTemp:Display: Loaded TP WindowsTargetPlatform
[2018.01.17-15.06.10:285][  0]LogTemp:Display: Loaded TP AndroidTargetPlatform
[2018.01.17-15.06.10:317][  0]LogTemp:Display: Loaded TP Android_ASTCTargetPlatform
[2018.01.17-15.06.10:351][  0]LogTemp:Display: Loaded TP Android_ATCTargetPlatform
[2018.01.17-15.06.10:385][  0]LogTemp:Display: Loaded TP Android_DXTTargetPlatform
[2018.01.17-15.06.10:418][  0]LogTemp:Display: Loaded TP Android_ETC1TargetPlatform
[2018.01.17-15.06.10:450][  0]LogTemp:Display: Loaded TP Android_ETC2TargetPlatform
[2018.01.17-15.06.10:519][  0]LogTemp:Display: Loaded TP Android_MultiTargetPlatform
[2018.01.17-15.06.10:519][  0]LogTemp:Display: Loaded TP Android_PVRTCTargetPlatform
[2018.01.17-15.06.10:546][  0]LogTemp:Display: Loaded TP HTML5TargetPlatform
[2018.01.17-15.06.10:621][  0]LogTemp:Display: Loaded TP IOSTargetPlatform
[2018.01.17-15.06.10:649][  0]LogTemp:Display: Loaded TP TVOSTargetPlatform
[2018.01.17-15.06.10:684][  0]LogTemp:Display: Loaded TP LinuxClientTargetPlatform
[2018.01.17-15.06.10:719][  0]LogTemp:Display: Loaded TP LinuxNoEditorTargetPlatform
[2018.01.17-15.06.10:754][  0]LogTemp:Display: Loaded TP LinuxServerTargetPlatform
[2018.01.17-15.06.10:792][  0]LogTemp:Display: Loaded TP LinuxTargetPlatform
[2018.01.17-15.06.10:792][  0]LogTargetPlatformManager:Display: Building Assets For Windows
[2018.01.17-15.06.11:522][  0]LogDerivedDataCache:Display: Max Cache Size: 512 MB
[2018.01.17-15.06.12:214][  0]LogDerivedDataCache: Loaded boot cache 0.68s 90MB C:/Users/jordan.boast/AppData/Local/UnrealEngine/4.16/DerivedDataCache/Boot.ddc.
[2018.01.17-15.06.12:214][  0]LogDerivedDataCache:Display: Loaded Boot cache: C:/Users/jordan.boast/AppData/Local/UnrealEngine/4.16/DerivedDataCache/Boot.ddc
[2018.01.17-15.06.12:214][  0]LogDerivedDataCache: FDerivedDataBackendGraph:  Pak pak cache file E:/Year 2/FMP/RPG_Game/RPG_Game/DerivedDataCache/DDC.ddp not found, will not use a pak cache.
[2018.01.17-15.06.12:214][  0]LogDerivedDataCache: Unable to find inner node Pak for hierarchical cache Hierarchy.
[2018.01.17-15.06.12:214][  0]LogDerivedDataCache: FDerivedDataBackendGraph:  CompressedPak pak cache file E:/Year 2/FMP/RPG_Game/RPG_Game/DerivedDataCache/Compressed.ddp not found, will not use a pak cache.
[2018.01.17-15.06.12:214][  0]LogDerivedDataCache: Unable to find inner node CompressedPak for hierarchical cache Hierarchy.
[2018.01.17-15.06.12:279][  0]LogDerivedDataCache:Display: Pak cache opened for reading ../../../Engine/DerivedDataCache/Compressed.ddp.
[2018.01.17-15.06.12:311][  0]LogDerivedDataCache: Using Local data cache path C:/Users/jordan.boast/AppData/Local/UnrealEngine/Common/DerivedDataCache: Writable
[2018.01.17-15.06.12:330][  0]LogMaterial: Verifying Global Shaders for PCD3D_SM5
[2018.01.17-15.06.12:331][  0]LogSlate: Using Freetype 2.6.0
[2018.01.17-15.06.12:355][  0]LogSlate: SlateFontCache - WITH_FREETYPE: 1, WITH_HARFBUZZ: 1
[2018.01.17-15.06.12:355][  0]LogSlate: SlateFontCache - WITH_FREETYPE: 1, WITH_HARFBUZZ: 1
[2018.01.17-15.06.13:653][  0]LogInit: Selected Device Profile: [Windows]
[2018.01.17-15.06.13:794][  0]LogContentStreaming: Texture pool size is 0.00 MB
[2018.01.17-15.06.14:050][  0]LogMeshUtilities: Using QuadricMeshReduction for automatic static mesh reduction
[2018.01.17-15.06.14:100][  0]LogSimplygon: Simplygon DLL not present - disabling.
[2018.01.17-15.06.14:135][  0]LogMeshUtilities: Using SimplygonSwarm for distributed automatic mesh merging
[2018.01.17-15.06.14:135][  0]LogMeshUtilities: No automatic skeletal mesh reduction module available
[2018.01.17-15.06.14:135][  0]LogMeshUtilities: No automatic mesh merging module available
[2018.01.17-15.06.15:951][  0]LogNetVersion: RPG_Game , NetCL: 3452394, EngineNetVer: 2, GameNetVer: 0 (Checksum: 2586067795)
[2018.01.17-15.06.16:050][  0]LogAssetRegistry: FAssetRegistry took 0.0245 seconds to start up
[2018.01.17-15.06.16:365][  0]LogPackageLocalizationCache: Processed 4 localized package path(s) for 2 prioritized culture(s) in 0.298929 seconds
[2018.01.17-15.06.16:369][  0]LogUObjectArray: 34194 objects as part of root set at end of initial load.
[2018.01.17-15.06.16:369][  0]LogUObjectAllocator: 7260424 out of 0 bytes used by permanent object pool.
[2018.01.17-15.06.16:369][  0]LogUObjectArray: CloseDisregardForGC: 0/0 objects in disregard for GC pool
[2018.01.17-15.06.16:429][  0]LogInit: WinSock: version 1.1 (2.2), MaxSocks=32767, MaxUdp=65467
[2018.01.17-15.06.22:350][  0]LogTcpMessaging: Initializing TcpMessaging bridge
[2018.01.17-15.06.22:387][  0]LogUdpMessaging: Initializing bridge on interface 0.0.0.0:0 to multicast group 230.0.0.1:6666.
[2018.01.17-15.06.23:061][  0]LogMaterial: Uniform references updated for custom material expression Custom.
[2018.01.17-15.06.23:497][  0]SourceControl: Info Source control is disabled
[2018.01.17-15.06.24:338][  0]LogAndroidPermission: UAndroidPermissionCallbackProxy::GetInstance
[2018.01.17-15.06.24:786][  0]LogEngine: Initializing Engine...
[2018.01.17-15.06.24:787][  0]LogHMD: Failed to initialize OpenVR with code 110
[2018.01.17-15.06.25:255][  0]LogStats: UGameplayTagsManager::ConstructGameplayTagTree: Construct from data asset -  0.000 s
[2018.01.17-15.06.25:255][  0]LogStats: UGameplayTagsManager::ConstructGameplayTagTree: GameplayTagTreeChangedEvent.Broadcast -  0.000 s
[2018.01.17-15.06.25:340][  0]LogAIModule: Creating AISystem for world Untitled
[2018.01.17-15.06.25:345][  0]LogInit: XAudio2 using 'Speakers (Realtek High Definition Audio)' : 2 channels at 48 kHz using 32 bits per sample (channel mask 0x3)
[2018.01.17-15.06.25:367][  0]LogInit: FAudioDevice initialized.
[2018.01.17-15.06.25:401][  0]LogDerivedDataCache: Saved boot cache 0.03s 90MB C:/Users/jordan.boast/AppData/Local/UnrealEngine/4.16/DerivedDataCache/Boot.ddc.
[2018.01.17-15.06.25:411][  0]LogInit: Texture streaming: Enabled
[2018.01.17-15.06.25:502][  0]LogEngineSessionManager: EngineSessionManager initialized
[2018.01.17-15.06.26:082][  0]LogInit: Transaction tracking system initialized
[2018.01.17-15.06.26:329][  0]BlueprintLog: New page: Editor Load
[2018.01.17-15.06.27:102][  0]LocalizationService: Info Localization service is disabled
[2018.01.17-15.06.27:935][  0]LogConsoleResponse:Display: 
[2018.01.17-15.06.30:680][  0]LogCook:Display: Max memory allowance for cook 16384mb min free memory 0mb
[2018.01.17-15.06.30:680][  0]LogCook:Display: Mobile HDR setting 1
[2018.01.17-15.06.31:501][  0]LogFileCache: Scanning file cache for directory 'E:/Year 2/FMP/RPG_Game/RPG_Game/Content/' took 0.03s
[2018.01.17-15.06.31:550][  0]LogLinker:Warning: The file '../../../Engine/Content/BasicShapes/Sphere.uasset' contains unrecognizable data, check that it is of the expected type.
[2018.01.17-15.06.31:551][  0]LogLinker:Warning: The file '../../../Engine/Content/BasicShapes/Sphere.uasset' contains unrecognizable data, check that it is of the expected type.
[2018.01.17-15.06.31:551][  0]LogUObjectGlobals:Warning: Failed to find object 'StaticMesh /Engine/BasicShapes/Sphere.Sphere'
[2018.01.17-15.06.32:516][  0]Cmd: MAP LOAD FILE="E:/Year 2/FMP/RPG_Game/RPG_Game/Content/Maps/Tutorial.umap" TEMPLATE=0 SHOWPROGRESS=1 FEATURELEVEL=3
[2018.01.17-15.06.32:600][  0]LightingResults: New page: Lighting Build
[2018.01.17-15.06.32:639][  0]MapCheck: New page: Map Check
[2018.01.17-15.06.32:639][  0]LightingResults: New page: Lighting Build
[2018.01.17-15.06.39:496][  0]LogAIModule: Creating AISystem for world Tutorial
[2018.01.17-15.06.40:039][  0]LogEditorServer: Finished looking for orphan Actors (0.000 secs)
[2018.01.17-15.06.40:060][  0]Cmd: MAP CHECKDEP NOCLEARLOG
[2018.01.17-15.06.40:104][  0]MapCheck: Info Map check complete: 0 Error(s), 0 Warning(s), took 44.771ms to complete.
[2018.01.17-15.06.40:104][  0]LogFileHelpers: Loading map 'Tutorial' took 7.591
[2018.01.17-15.06.40:441][  0]LogCollectionManager: Loaded 0 collections in 0.017321 seconds
[2018.01.17-15.06.40:508][  0]LogFileCache: Scanning file cache for directory 'E:/Year 2/FMP/RPG_Game/RPG_Game/Saved/Collections/' took 0.01s
[2018.01.17-15.06.40:508][  0]LogFileCache: Scanning file cache for directory 'E:/Year 2/FMP/RPG_Game/RPG_Game/Content/Developers/jordanboast/Collections/' took 0.01s
[2018.01.17-15.06.40:508][  0]LogFileCache: Scanning file cache for directory 'E:/Year 2/FMP/RPG_Game/RPG_Game/Content/Collections/' took 0.01s
[2018.01.17-15.06.40:508][  0]LogCollectionManager: Rebuilt the GUID cache for 0 collections in 0.000001 seconds
[2018.01.17-15.06.40:517][  0]LogContentBrowser: Native class hierarchy populated in 0.0089 seconds. Added 2329 classes and 491 folders.
[2018.01.17-15.06.40:571][  0]LogContentBrowser: Native class hierarchy updated for 'WidgetCarousel' in 0.0004 seconds. Added 0 classes and 0 folders.
[2018.01.17-15.06.42:362][  0]LogContentBrowser: Native class hierarchy updated for 'AddContentDialog' in 0.0004 seconds. Added 0 classes and 0 folders.
[2018.01.17-15.06.42:395][  0]LogContentBrowser: Native class hierarchy updated for 'SceneOutliner' in 0.0004 seconds. Added 1 classes and 2 folders.
[2018.01.17-15.06.42:449][  0]LogLinker:Warning: The file '../../../Engine/Content/BasicShapes/Sphere.uasset' contains unrecognizable data, check that it is of the expected type.
[2018.01.17-15.06.42:450][  0]LogLinker:Warning: The file '../../../Engine/Content/BasicShapes/Sphere.uasset' contains unrecognizable data, check that it is of the expected type.
[2018.01.17-15.06.42:478][  0]LogCrashTracker: Crashtracker disabled due to settings.
[2018.01.17-15.06.42:487][  0]LogSlate: Took 0.003514 seconds to synchronously load lazily loaded font '../../../Engine/Content/Slate/Fonts/Roboto-Regular.ttf' (155K)
[2018.01.17-15.06.42:560][  0]LogSlate: Took 0.072184 seconds to synchronously load lazily loaded font '../../../Engine/Content/Slate/Fonts/Roboto-Bold.ttf' (160K)
[2018.01.17-15.06.42:575][  0]LogSlate: Took 0.010655 seconds to synchronously load lazily loaded font '../../../Engine/Content/Editor/Slate/Fonts/FontAwesome.ttf' (139K)
[2018.01.17-15.06.43:004][  0]LogRenderer: Reallocating scene render targets to support 1208x576 NumSamples 1 (Frame:1).
[2018.01.17-15.06.43:199][  0]LogUObjectGlobals:Warning: Failed to find object 'Class None.'
[2018.01.17-15.06.43:253][  0]LogContentBrowser: Native class hierarchy updated for 'HierarchicalLODOutliner' in 0.0005 seconds. Added 1 classes and 2 folders.
[2018.01.17-15.06.43:253][  0]LogLoad: (Engine Initialization) Total time: 45.22 seconds
[2018.01.17-15.06.43:253][  0]LogLoad: (Engine Initialization) Total Blueprint compile time: 0.24 seconds
[2018.01.17-15.06.43:253][  0]LogExternalProfiler: No external profilers were discovered.  External profiling features will not be available.
[2018.01.17-15.06.43:266][  0]LogOcInput: OculusInput pre-init called
[2018.01.17-15.06.43:266][  0]LogHMD: Starting GearVRController plugin
[2018.01.17-15.06.43:285][  0]LogContentStreaming: Texture pool size now 1000 MB
[2018.01.17-15.06.43:377][  1]LogAssetRegistry: Asset discovery search completed in 27.3559 seconds
[2018.01.17-15.06.43:382][  1]LogCollectionManager: Rebuilt the object cache for 0 collections in 0.000001 seconds (found 0 objects)
[2018.01.17-15.06.43:382][  1]LogCollectionManager: Fixed up redirectors for 0 collections in 0.000023 seconds (updated 0 objects)
[2018.01.17-15.06.44:332][ 77]LogSlate: Took 0.037433 seconds to synchronously load lazily loaded font '../../../Engine/Content/Slate/Fonts/Roboto-Light.ttf' (159K)
[2018.01.17-15.06.47:365][432]LogSlate: Took 0.000120 seconds to synchronously load lazily loaded font '../../../Engine/Content/Slate/Fonts/Roboto-Light.ttf' (159K)
[2018.01.17-15.06.49:992][736]LogSlate: Took 0.000134 seconds to synchronously load lazily loaded font '../../../Engine/Content/Slate/Fonts/Roboto-Light.ttf' (159K)
[2018.01.17-15.06.50:181][736]LogMaterial: Missing cached shader map for material M_Water, compiling. 
[2018.01.17-15.06.50:354][736]LogTexture:Display: Building textures: HQ_Lightmap0_1 (AutoDXT, 512X512)
[2018.01.17-15.06.50:494][736]LogTexture:Display: Building textures: HQ_Lightmap0_10 (AutoDXT, 512X512)
[2018.01.17-15.06.50:556][736]LogTexture:Display: Building textures: HQ_Lightmap0_11 (AutoDXT, 256X256)
[2018.01.17-15.06.50:598][736]LogTexture:Display: Building textures: HQ_Lightmap0_12 (AutoDXT, 256X256)
[2018.01.17-15.06.50:629][736]LogTexture:Display: Building textures: HQ_Lightmap0_13 (AutoDXT, 256X256)
[2018.01.17-15.06.50:657][736]LogTexture:Display: Building textures: HQ_Lightmap0_14 (AutoDXT, 256X256)
[2018.01.17-15.06.50:673][736]LogTexture:Display: Building textures: HQ_Lightmap0_15 (AutoDXT, 256X256)
[2018.01.17-15.06.50:701][736]LogTexture:Display: Building textures: HQ_Lightmap0_16 (AutoDXT, 512X512)
[2018.01.17-15.06.50:749][736]LogTexture:Display: Building textures: HQ_Lightmap0_17 (AutoDXT, 512X512)
[2018.01.17-15.06.50:783][736]LogTexture:Display: Building textures: HQ_Lightmap0_18 (AutoDXT, 256X256)
[2018.01.17-15.06.50:817][736]LogTexture:Display: Building textures: HQ_Lightmap0_19 (AutoDXT, 256X256)
[2018.01.17-15.06.50:822][736]LogTexture:Display: Building textures: HQ_Lightmap0_2 (AutoDXT, 128X128)
[2018.01.17-15.06.50:828][736]LogTexture:Display: Building textures: HQ_Lightmap0_20 (AutoDXT, 256X256)
[2018.01.17-15.06.50:843][736]LogTexture:Display: Building textures: HQ_Lightmap0_21 (AutoDXT, 128X128)
[2018.01.17-15.06.50:851][736]LogTexture:Display: Building textures: HQ_Lightmap0_4 (AutoDXT, 512X512)
[2018.01.17-15.06.50:886][736]LogTexture:Display: Building textures: HQ_Lightmap0_5 (AutoDXT, 512X512)
[2018.01.17-15.06.50:908][736]LogTexture:Display: Building textures: HQ_Lightmap0_6 (AutoDXT, 256X256)
[2018.01.17-15.06.50:926][736]LogTexture:Display: Building textures: HQ_Lightmap0_7 (AutoDXT, 256X256)
[2018.01.17-15.06.50:957][736]LogTexture:Display: Building textures: HQ_Lightmap0_8 (AutoDXT, 256X256)
[2018.01.17-15.06.50:998][736]LogTexture:Display: Building textures: HQ_Lightmap0_9 (AutoDXT, 512X512)
[2018.01.17-15.06.51:047][736]LogTexture:Display: Building textures: HQ_Lightmap1_3 (AutoDXT, 128X128)
[2018.01.17-15.06.51:061][736]LogTexture:Display: Building textures: LQ_Lightmap_0_1 (DXT1, 512X512)
[2018.01.17-15.06.51:187][736]LogTexture:Display: Building textures: LQ_Lightmap_0_10 (DXT1, 512X512)
[2018.01.17-15.06.51:232][736]LogTexture:Display: Building textures: LQ_Lightmap_0_11 (DXT1, 256X256)
[2018.01.17-15.06.51:270][736]LogTexture:Display: Building textures: LQ_Lightmap_0_12 (DXT1, 256X256)
[2018.01.17-15.06.51:303][736]LogTexture:Display: Building textures: LQ_Lightmap_0_13 (DXT1, 256X256)
[2018.01.17-15.06.51:321][736]LogTexture:Display: Building textures: LQ_Lightmap_0_14 (DXT1, 256X256)
[2018.01.17-15.06.51:339][736]LogTexture:Display: Building textures: LQ_Lightmap_0_15 (DXT1, 256X256)
[2018.01.17-15.06.51:370][736]LogTexture:Display: Building textures: LQ_Lightmap_0_16 (DXT1, 512X512)
[2018.01.17-15.06.51:419][736]LogTexture:Display: Building textures: LQ_Lightmap_0_17 (DXT1, 512X512)
[2018.01.17-15.06.51:447][736]LogTexture:Display: Building textures: LQ_Lightmap_0_18 (DXT1, 256X256)
[2018.01.17-15.06.51:470][736]LogTexture:Display: Building textures: LQ_Lightmap_0_19 (DXT1, 256X256)
[2018.01.17-15.06.51:478][736]LogTexture:Display: Building textures: LQ_Lightmap_0_2 (DXT1, 128X128)
[2018.01.17-15.06.51:488][736]LogTexture:Display: Building textures: LQ_Lightmap_0_20 (DXT1, 256X256)
[2018.01.17-15.06.51:507][736]LogTexture:Display: Building textures: LQ_Lightmap_0_21 (DXT1, 128X128)
[2018.01.17-15.06.51:515][736]LogTexture:Display: Building textures: LQ_Lightmap_0_4 (DXT1, 512X512)
[2018.01.17-15.06.51:546][736]LogTexture:Display: Building textures: LQ_Lightmap_0_5 (DXT1, 512X512)
[2018.01.17-15.06.51:561][736]LogTexture:Display: Building textures: LQ_Lightmap_0_6 (DXT1, 256X256)
[2018.01.17-15.06.51:573][736]LogTexture:Display: Building textures: LQ_Lightmap_0_7 (DXT1, 256X256)
[2018.01.17-15.06.51:605][736]LogTexture:Display: Building textures: LQ_Lightmap_0_8 (DXT1, 256X256)
[2018.01.17-15.06.51:647][736]LogTexture:Display: Building textures: LQ_Lightmap_0_9 (DXT1, 512X512)
[2018.01.17-15.06.51:698][736]LogTexture:Display: Building textures: LQ_Lightmap_1_3 (DXT1, 128X128)
[2018.01.17-15.06.51:707][736]LogTexture:Display: Building textures: SkyOcclusion0_1 (AutoDXT, 512X256)
[2018.01.17-15.06.51:762][736]LogTexture:Display: Building textures: SkyOcclusion0_10 (AutoDXT, 512X256)
[2018.01.17-15.06.51:787][736]LogTexture:Display: Building textures: SkyOcclusion0_11 (AutoDXT, 256X128)
[2018.01.17-15.06.51:828][736]LogTexture:Display: Building textures: SkyOcclusion0_12 (AutoDXT, 256X128)
[2018.01.17-15.06.51:855][736]LogTexture:Display: Building textures: SkyOcclusion0_13 (AutoDXT, 256X128)
[2018.01.17-15.06.51:877][736]LogTexture:Display: Building textures: SkyOcclusion0_14 (AutoDXT, 256X128)
[2018.01.17-15.06.51:890][736]LogTexture:Display: Building textures: SkyOcclusion0_15 (AutoDXT, 256X128)
[2018.01.17-15.06.51:918][736]LogTexture:Display: Building textures: SkyOcclusion0_16 (AutoDXT, 512X256)
[2018.01.17-15.06.51:943][736]LogTexture:Display: Building textures: SkyOcclusion0_17 (AutoDXT, 512X256)
[2018.01.17-15.06.51:960][736]LogTexture:Display: Building textures: SkyOcclusion0_18 (AutoDXT, 256X128)
[2018.01.17-15.06.51:981][736]LogTexture:Display: Building textures: SkyOcclusion0_19 (AutoDXT, 256X128)
[2018.01.17-15.06.51:983][736]LogTexture:Display: Building textures: SkyOcclusion0_2 (AutoDXT, 128X64)
[2018.01.17-15.06.51:992][736]LogTexture:Display: Building textures: SkyOcclusion0_20 (AutoDXT, 256X128)
[2018.01.17-15.06.51:998][736]LogTexture:Display: Building textures: SkyOcclusion0_21 (AutoDXT, 128X64)
[2018.01.17-15.06.52:000][736]LogTexture:Display: Building textures: SkyOcclusion0_4 (AutoDXT, 512X256)
[2018.01.17-15.06.52:021][736]LogTexture:Display: Building textures: SkyOcclusion0_5 (AutoDXT, 512X256)
[2018.01.17-15.06.52:030][736]LogTexture:Display: Building textures: SkyOcclusion0_6 (AutoDXT, 256X128)
[2018.01.17-15.06.52:039][736]LogTexture:Display: Building textures: SkyOcclusion0_7 (AutoDXT, 256X128)
[2018.01.17-15.06.52:066][736]LogTexture:Display: Building textures: SkyOcclusion0_8 (AutoDXT, 256X128)
[2018.01.17-15.06.52:102][736]LogTexture:Display: Building textures: SkyOcclusion0_9 (AutoDXT, 512X256)
[2018.01.17-15.06.52:132][736]LogTexture:Display: Building textures: SkyOcclusion1_3 (AutoDXT, 128X64)
[2018.01.17-15.06.52:140][736]LogTexture:Display: Building textures: ShadowMapTexture2D_115 (G8, 512X64)
[2018.01.17-15.06.52:142][736]LogTexture:Display: Building textures: ShadowMapTexture2D_116 (G8, 64X64)
[2018.01.17-15.06.52:142][736]LogTexture:Display: Building textures: ShadowMapTexture2D_117 (G8, 64X64)
[2018.01.17-15.06.52:143][736]LogTexture:Display: Building textures: ShadowMapTexture2D_118 (G8, 1024X64)
[2018.01.17-15.06.52:145][736]LogTexture:Display: Building textures: ShadowMapTexture2D_119 (G8, 1024X64)
[2018.01.17-15.06.52:148][736]LogTexture:Display: Building textures: ShadowMapTexture2D_120 (G8, 1024X64)
[2018.01.17-15.06.52:150][736]LogTexture:Display: Building textures: ShadowMapTexture2D_121 (G8, 512X64)
[2018.01.17-15.06.52:152][736]LogTexture:Display: Building textures: ShadowMapTexture2D_122 (G8, 1024X64)
[2018.01.17-15.06.52:154][736]LogTexture:Display: Building textures: ShadowMapTexture2D_123 (G8, 512X64)
[2018.01.17-15.06.52:156][736]LogTexture:Display: Building textures: ShadowMapTexture2D_124 (G8, 512X64)
[2018.01.17-15.06.52:157][736]LogTexture:Display: Building textures: ShadowMapTexture2D_125 (G8, 128X64)
[2018.01.17-15.06.52:158][736]LogTexture:Display: Building textures: ShadowMapTexture2D_126 (G8, 1024X64)
[2018.01.17-15.06.52:160][736]LogTexture:Display: Building textures: ShadowMapTexture2D_127 (G8, 1024X64)
[2018.01.17-15.06.52:163][736]LogTexture:Display: Building textures: ShadowMapTexture2D_128 (G8, 512X64)
[2018.01.17-15.06.52:164][736]LogTexture:Display: Building textures: ShadowMapTexture2D_129 (G8, 512X64)
[2018.01.17-15.06.52:166][736]LogStaticMesh: Building static mesh LargeWater...
[2018.01.17-15.06.52:189][736]LogStaticMesh: Built static mesh [0.02s] /Game/Water/LargeWater.LargeWater
[2018.01.17-15.06.52:241][736]LogMaterial: Missing cached shader map for material WorldGridMaterial, compiling. Is special engine material.
[2018.01.17-15.06.57:445][736]LogTexture:Display: Building textures: Texture2D_36 (BGRA8, 512X512)
[2018.01.17-15.06.57:456][736]LogTexture:Display: Building textures: Texture2D_37 (BGRA8, 512X512)
[2018.01.17-15.06.57:469][736]LogTexture:Display: Building textures: Texture2D_38 (BGRA8, 512X512)
[2018.01.17-15.06.57:479][736]LogTexture:Display: Building textures: Texture2D_39 (BGRA8, 512X512)
[2018.01.17-15.06.57:489][736]LogAIModule: Creating AISystem for world HelloWorld
[2018.01.17-15.06.57:517][736]LogSlate: Took 0.000140 seconds to synchronously load lazily loaded font '../../../Engine/Content/Slate/Fonts/Roboto-Regular.ttf' (155K)
[2018.01.17-15.06.57:530][736]Cmd: MAP LOAD FILE="E:/Year 2/FMP/RPG_Game/RPG_Game/Content/Maps/HelloWorld.umap" TEMPLATE=0 SHOWPROGRESS=1 FEATURELEVEL=3
[2018.01.17-15.06.57:530][736]LightingResults: New page: Lighting Build
[2018.01.17-15.06.57:531][736]LoadErrors: New page: Loading map: HelloWorld.umap
[2018.01.17-15.06.57:549][736]MapCheck: New page: Map Check
[2018.01.17-15.06.57:549][736]LightingResults: New page: Lighting Build
[2018.01.17-15.06.57:678][736]LogEditorServer: Finished looking for orphan Actors (0.000 secs)
[2018.01.17-15.06.57:722][736]Cmd: MAP CHECKDEP NOCLEARLOG
[2018.01.17-15.06.57:779][736]MapCheck: Info Map check complete: 0 Error(s), 0 Warning(s), took 56.8ms to complete.
[2018.01.17-15.06.57:779][736]LogFileHelpers: Loading map 'HelloWorld' took 0.250
[2018.01.17-15.07.14:032][664]LogRenderer: Reallocating scene render targets to support 1528x576 NumSamples 1 (Frame:1923).
[2018.01.17-15.09.10:920][328]LogEditorViewport: Clicking on Actor (LMB): Landscape (Landscape5)
[2018.01.17-15.09.21:854][554]LogMaterial: Missing cached shader map for material LayerVisMaterial, compiling. 
[2018.01.17-15.09.21:891][554]LogMaterial: Missing cached shader map for material SelectBrushMaterial, compiling. 
[2018.01.17-15.09.21:923][554]LogMaterial: Missing cached shader map for material SelectBrushMaterial, compiling. 
[2018.01.17-15.09.21:990][554]LogMaterial: Missing cached shader map for material MaskBrushMaterial, compiling. 
[2018.01.17-15.09.22:032][554]LogMaterial: Missing cached shader map for material LandscapeLayerUsageMaterial, compiling. 
[2018.01.17-15.09.22:122][554]LogMaterial: Missing cached shader map for material CircleBrushMaterial, compiling. 
[2018.01.17-15.09.22:143][554]LogMaterial: Missing cached shader map for material CircleBrushMaterial, compiling. 
[2018.01.17-15.09.22:172][554]LogMaterial: Missing cached shader map for material CircleBrushMaterial, compiling. 
[2018.01.17-15.09.22:199][554]LogMaterial: Missing cached shader map for material CircleBrushMaterial, compiling. 
[2018.01.17-15.09.22:237][554]LogMaterial: Missing cached shader map for material AlphaBrushMaterial, compiling. 
[2018.01.17-15.09.22:266][554]LogMaterial: Missing cached shader map for material CircleBrushMaterial, compiling. 
[2018.01.17-15.09.22:315][554]LogMaterial: Missing cached shader map for material MaskBrushMaterial, compiling. 
[2018.01.17-15.09.22:361][554]LogTexture:Display: Building textures: Texture2D_2 (G8, 128X128)
[2018.01.17-15.10.27:830][603]MapCheck: New page: Map Check
[2018.01.17-15.10.27:868][603]LightingResults: New page: Lighting Build - 17 Jan 2018 15:10:27
[2018.01.17-15.10.28:180][603]LogSwarmInterface: [OpenConnection] Registering TCP channel ...
[2018.01.17-15.10.28:240][603]LogSwarmInterface: [OpenConnection] Connecting to agent ...
[2018.01.17-15.10.28:345][603]LogSwarmInterface: [TryOpenConnection] Testing the Agent
[2018.01.17-15.10.29:499][603]LogSwarmInterface: [TryOpenConnection] Opening Connection to Agent
[2018.01.17-15.10.29:499][603]LogSwarmInterface: [TryOpenConnection] Local Process ID is 40464
[2018.01.17-15.10.35:406][603]LightingResults:Warning: Performance Warning No importance volume found and the scene is so large that the automatically synthesized volume will not yield good results.  Please add a tightly bounding lightmass importance volume to optimize your scene's quality and lighting build times.
[2018.01.17-15.10.35:407][603]LogStaticLightingSystem: Running Lightmass w/ ImmediateImport mode ENABLED
[2018.01.17-15.10.35:407][603]LogStaticLightingSystem: Running Lightmass w/ ImmediateProcess mode ENABLED
[2018.01.17-15.10.35:407][603]LogStaticLightingSystem: Running Lightmass w/ Sorting mode ENABLED
[2018.01.17-15.10.35:407][603]LogStaticLightingSystem: Running Lightmass w/ Mapping paddings ENABLED
[2018.01.17-15.10.35:407][603]LogStaticLightingSystem: Running Lightmass w/ Mapping debug paddings DISABLED
[2018.01.17-15.10.35:787][603]LogEditorBuildUtils: Build time 0:07
[2018.01.17-15.10.35:816][603]LogMaterial: Missing cached shader map for material FLightmassMaterialRenderer lambert2, compiling. 
[2018.01.17-15.10.35:828][603]LogMaterial: Missing cached shader map for material FLightmassMaterialRenderer lambert2, compiling. 
[2018.01.17-15.10.35:833][603]LogMaterial: Missing cached shader map for material FLightmassMaterialRenderer lambert2, compiling. 
[2018.01.17-15.10.35:852][604]LogMaterial: Missing cached shader map for material FLightmassMaterialRenderer M_Water_Inst, compiling. 
[2018.01.17-15.10.35:860][604]LogMaterial: Missing cached shader map for material FLightmassMaterialRenderer M_Water_Inst, compiling. 
[2018.01.17-15.10.35:869][604]LogMaterial: Missing cached shader map for material FLightmassMaterialRenderer M_Water_Inst, compiling. 
[2018.01.17-15.10.35:895][605]LogMaterial: Missing cached shader map for material FLightmassMaterialRenderer LandscapeMaterialInstanceConstant_17297, compiling. Is special engine material.
[2018.01.17-15.10.35:904][605]LogMaterial: Missing cached shader map for material FLightmassMaterialRenderer LandscapeMaterialInstanceConstant_17297, compiling. Is special engine material.
[2018.01.17-15.10.35:911][605]LogMaterial: Missing cached shader map for material FLightmassMaterialRenderer LandscapeMaterialInstanceConstant_17297, compiling. Is special engine material.
[2018.01.17-15.10.39:012][720]LogMaterial: Missing cached shader map for material FLightmassMaterialRenderer WorldGridMaterial, compiling. Is special engine material.
[2018.01.17-15.10.39:020][720]LogMaterial: Missing cached shader map for material FLightmassMaterialRenderer WorldGridMaterial, compiling. Is special engine material.
[2018.01.17-15.10.39:028][720]LogMaterial: Missing cached shader map for material FLightmassMaterialRenderer WorldGridMaterial, compiling. Is special engine material.
[2018.01.17-15.10.47:825][112]Cmd: OBJ SAVEPACKAGE PACKAGE="/Game/Maps/HelloWorld" FILE="E:/Year 2/FMP/RPG_Game/RPG_Game/Content/Maps/HelloWorld.umap" SILENT=true AUTOSAVING=false KEEPDIRTY=false
[2018.01.17-15.10.47:966][112]LogTexture:Display: Building textures: Texture2D_36 (BGRA8, 512X512)
[2018.01.17-15.10.47:976][112]LogTexture:Display: Building textures: Texture2D_37 (BGRA8, 512X512)
[2018.01.17-15.10.47:986][112]LogTexture:Display: Building textures: Texture2D_38 (BGRA8, 512X512)
[2018.01.17-15.10.47:996][112]LogTexture:Display: Building textures: Texture2D_39 (BGRA8, 512X512)
[2018.01.17-15.10.49:005][112]LogSavePackage: Save=1041.01ms
[2018.01.17-15.10.49:005][112]LogSavePackage: Moving 'E:/Year 2/FMP/RPG_Game/RPG_Game/Saved/HelloWorldA96463B34A5ED047525D649C8F5509DC.tmp' to 'E:/Year 2/FMP/RPG_Game/RPG_Game/Content/Maps/HelloWorld.umap'
[2018.01.17-15.10.49:010][112]LogSavePackage:Display: Finished SavePackage E:/Year 2/FMP/RPG_Game/RPG_Game/Content/Maps/HelloWorld.umap
[2018.01.17-15.10.49:040][112]Cmd: OBJ SAVEPACKAGE PACKAGE="/Game/Maps/HelloWorld_BuiltData" FILE="E:/Year 2/FMP/RPG_Game/RPG_Game/Content/Maps/HelloWorld_BuiltData.uasset" SILENT=true
[2018.01.17-15.10.49:842][112]LogSavePackage: Save=612.96ms
[2018.01.17-15.10.49:842][112]LogSavePackage: Moving 'E:/Year 2/FMP/RPG_Game/RPG_Game/Saved/HelloWorld_BuiltData5736369742BEB9E54F92D7AA1D2D14DB.tmp' to 'E:/Year 2/FMP/RPG_Game/RPG_Game/Content/Maps/HelloWorld_BuiltData.uasset'
[2018.01.17-15.10.49:844][112]LogSavePackage:Display: Finished SavePackage E:/Year 2/FMP/RPG_Game/RPG_Game/Content/Maps/HelloWorld_BuiltData.uasset
[2018.01.17-15.11.22:601][556]Job is a success!
[2018.01.17-15.11.24:199][557]LogTexture:Display: Building textures: SkyOcclusion1_1 (AutoDXT, 512X256)
[2018.01.17-15.11.24:199][557]LogTexture:Display: Building textures: HQ_Lightmap1_1 (AutoDXT, 512X512)
[2018.01.17-15.11.24:199][557]LogTexture:Display: Building textures: LQ_Lightmap_1_1 (DXT1, 512X512)
[2018.01.17-15.11.24:199][557]LogTexture:Display: Building textures: SkyOcclusion1_2 (AutoDXT, 128X64)
[2018.01.17-15.11.24:199][557]LogTexture:Display: Building textures: HQ_Lightmap1_2 (AutoDXT, 128X128)
[2018.01.17-15.11.24:199][557]LogTexture:Display: Building textures: LQ_Lightmap_1_2 (DXT1, 128X128)
[2018.01.17-15.11.24:199][557]LogTexture:Display: Building textures: SkyOcclusion0_3 (AutoDXT, 128X64)
[2018.01.17-15.11.24:199][557]LogTexture:Display: Building textures: HQ_Lightmap0_3 (AutoDXT, 128X128)
[2018.01.17-15.11.24:199][557]LogTexture:Display: Building textures: LQ_Lightmap_0_3 (DXT1, 128X128)
[2018.01.17-15.11.24:199][557]LogTexture:Display: Building textures: SkyOcclusion1_4 (AutoDXT, 512X256)
[2018.01.17-15.11.24:199][557]LogTexture:Display: Building textures: HQ_Lightmap1_4 (AutoDXT, 512X512)
[2018.01.17-15.11.24:199][557]LogTexture:Display: Building textures: LQ_Lightmap_1_4 (DXT1, 512X512)
[2018.01.17-15.11.24:199][557]LogTexture:Display: Building textures: SkyOcclusion1_5 (AutoDXT, 512X256)
[2018.01.17-15.11.24:199][557]LogTexture:Display: Building textures: HQ_Lightmap1_5 (AutoDXT, 512X512)
[2018.01.17-15.11.24:199][557]LogTexture:Display: Building textures: LQ_Lightmap_1_5 (DXT1, 512X512)
[2018.01.17-15.11.24:199][557]LogTexture:Display: Building textures: SkyOcclusion1_6 (AutoDXT, 256X128)
[2018.01.17-15.11.24:199][557]LogTexture:Display: Building textures: HQ_Lightmap1_6 (AutoDXT, 256X256)
[2018.01.17-15.11.24:199][557]LogTexture:Display: Building textures: LQ_Lightmap_1_6 (DXT1, 256X256)
[2018.01.17-15.11.24:199][557]LogTexture:Display: Building textures: SkyOcclusion1_7 (AutoDXT, 256X128)
[2018.01.17-15.11.24:199][557]LogTexture:Display: Building textures: HQ_Lightmap1_7 (AutoDXT, 256X256)
[2018.01.17-15.11.24:199][557]LogTexture:Display: Building textures: LQ_Lightmap_1_7 (DXT1, 256X256)
[2018.01.17-15.11.24:199][557]LogTexture:Display: Building textures: SkyOcclusion1_8 (AutoDXT, 256X128)
[2018.01.17-15.11.24:199][557]LogTexture:Display: Building textures: HQ_Lightmap1_8 (AutoDXT, 256X256)
[2018.01.17-15.11.24:199][557]LogTexture:Display: Building textures: LQ_Lightmap_1_8 (DXT1, 256X256)
[2018.01.17-15.11.24:199][557]LogTexture:Display: Building textures: SkyOcclusion1_9 (AutoDXT, 512X256)
[2018.01.17-15.11.24:199][557]LogTexture:Display: Building textures: HQ_Lightmap1_9 (AutoDXT, 512X512)
[2018.01.17-15.11.24:199][557]LogTexture:Display: Building textures: LQ_Lightmap_1_9 (DXT1, 512X512)
[2018.01.17-15.11.24:199][557]LogTexture:Display: Building textures: SkyOcclusion1_10 (AutoDXT, 512X256)
[2018.01.17-15.11.24:199][557]LogTexture:Display: Building textures: HQ_Lightmap1_10 (AutoDXT, 512X512)
[2018.01.17-15.11.24:199][557]LogTexture:Display: Building textures: LQ_Lightmap_1_10 (DXT1, 512X512)
[2018.01.17-15.11.24:199][557]LogTexture:Display: Building textures: SkyOcclusion1_11 (AutoDXT, 256X128)
[2018.01.17-15.11.24:199][557]LogTexture:Display: Building textures: HQ_Lightmap1_11 (AutoDXT, 256X256)
[2018.01.17-15.11.24:199][557]LogTexture:Display: Building textures: LQ_Lightmap_1_11 (DXT1, 256X256)
[2018.01.17-15.11.24:199][557]LogTexture:Display: Building textures: SkyOcclusion1_12 (AutoDXT, 256X128)
[2018.01.17-15.11.24:199][557]LogTexture:Display: Building textures: HQ_Lightmap1_12 (AutoDXT, 256X256)
[2018.01.17-15.11.24:199][557]LogTexture:Display: Building textures: LQ_Lightmap_1_12 (DXT1, 256X256)
[2018.01.17-15.11.24:199][557]LogTexture:Display: Building textures: SkyOcclusion1_13 (AutoDXT, 256X128)
[2018.01.17-15.11.24:199][557]LogTexture:Display: Building textures: HQ_Lightmap1_13 (AutoDXT, 256X256)
[2018.01.17-15.11.24:199][557]LogTexture:Display: Building textures: LQ_Lightmap_1_13 (DXT1, 256X256)
[2018.01.17-15.11.24:199][557]LogTexture:Display: Building textures: SkyOcclusion1_14 (AutoDXT, 256X128)
[2018.01.17-15.11.24:199][557]LogTexture:Display: Building textures: HQ_Lightmap1_14 (AutoDXT, 256X256)
[2018.01.17-15.11.24:199][557]LogTexture:Display: Building textures: LQ_Lightmap_1_14 (DXT1, 256X256)
[2018.01.17-15.11.24:199][557]LogTexture:Display: Building textures: SkyOcclusion1_15 (AutoDXT, 256X128)
[2018.01.17-15.11.24:199][557]LogTexture:Display: Building textures: HQ_Lightmap1_15 (AutoDXT, 256X256)
[2018.01.17-15.11.24:199][557]LogTexture:Display: Building textures: LQ_Lightmap_1_15 (DXT1, 256X256)
[2018.01.17-15.11.24:199][557]LogTexture:Display: Building textures: SkyOcclusion1_16 (AutoDXT, 512X256)
[2018.01.17-15.11.24:199][557]LogTexture:Display: Building textures: HQ_Lightmap1_16 (AutoDXT, 512X512)
[2018.01.17-15.11.24:199][557]LogTexture:Display: Building textures: LQ_Lightmap_1_16 (DXT1, 512X512)
[2018.01.17-15.11.24:199][557]LogTexture:Display: Building textures: SkyOcclusion1_17 (AutoDXT, 512X256)
[2018.01.17-15.11.24:199][557]LogTexture:Display: Building textures: HQ_Lightmap1_17 (AutoDXT, 512X512)
[2018.01.17-15.11.24:199][557]LogTexture:Display: Building textures: LQ_Lightmap_1_17 (DXT1, 512X512)
[2018.01.17-15.11.24:199][557]LogTexture:Display: Building textures: SkyOcclusion1_18 (AutoDXT, 256X128)
[2018.01.17-15.11.24:199][557]LogTexture:Display: Building textures: HQ_Lightmap1_18 (AutoDXT, 256X256)
[2018.01.17-15.11.24:199][557]LogTexture:Display: Building textures: LQ_Lightmap_1_18 (DXT1, 256X256)
[2018.01.17-15.11.24:199][557]LogTexture:Display: Building textures: SkyOcclusion1_19 (AutoDXT, 256X128)
[2018.01.17-15.11.24:199][557]LogTexture:Display: Building textures: HQ_Lightmap1_19 (AutoDXT, 256X256)
[2018.01.17-15.11.24:199][557]LogTexture:Display: Building textures: LQ_Lightmap_1_19 (DXT1, 256X256)
[2018.01.17-15.11.24:199][557]LogTexture:Display: Building textures: SkyOcclusion1_20 (AutoDXT, 256X128)
[2018.01.17-15.11.24:199][557]LogTexture:Display: Building textures: HQ_Lightmap1_20 (AutoDXT, 256X256)
[2018.01.17-15.11.24:199][557]LogTexture:Display: Building textures: LQ_Lightmap_1_20 (DXT1, 256X256)
[2018.01.17-15.11.24:199][557]LogTexture:Display: Building textures: SkyOcclusion1_21 (AutoDXT, 128X64)
[2018.01.17-15.11.24:199][557]LogTexture:Display: Building textures: HQ_Lightmap1_21 (AutoDXT, 128X128)
[2018.01.17-15.11.24:199][557]LogTexture:Display: Building textures: LQ_Lightmap_1_21 (DXT1, 128X128)
[2018.01.17-15.11.24:300][557]LogTexture:Display: Building textures: ShadowMapTexture2D_1 (G8, 64X64)
[2018.01.17-15.11.24:300][557]LogTexture:Display: Building textures: ShadowMapTexture2D_2 (G8, 64X64)
[2018.01.17-15.11.24:300][557]LogTexture:Display: Building textures: ShadowMapTexture2D_0 (G8, 512X64)
[2018.01.17-15.11.24:300][557]LogTexture:Display: Building textures: ShadowMapTexture2D_3 (G8, 1024X64)
[2018.01.17-15.11.24:300][557]LogTexture:Display: Building textures: ShadowMapTexture2D_6 (G8, 512X64)
[2018.01.17-15.11.24:300][557]LogTexture:Display: Building textures: ShadowMapTexture2D_4 (G8, 1024X64)
[2018.01.17-15.11.24:300][557]LogTexture:Display: Building textures: ShadowMapTexture2D_5 (G8, 1024X64)
[2018.01.17-15.11.24:300][557]LogTexture:Display: Building textures: ShadowMapTexture2D_8 (G8, 512X64)
[2018.01.17-15.11.24:300][557]LogTexture:Display: Building textures: ShadowMapTexture2D_9 (G8, 512X64)
[2018.01.17-15.11.24:300][557]LogTexture:Display: Building textures: ShadowMapTexture2D_10 (G8, 128X64)
[2018.01.17-15.11.24:300][557]LogTexture:Display: Building textures: ShadowMapTexture2D_7 (G8, 1024X64)
[2018.01.17-15.11.24:300][557]LogTexture:Display: Building textures: ShadowMapTexture2D_13 (G8, 512X64)
[2018.01.17-15.11.24:300][557]LogTexture:Display: Building textures: ShadowMapTexture2D_11 (G8, 1024X64)
[2018.01.17-15.11.24:300][557]LogTexture:Display: Building textures: ShadowMapTexture2D_14 (G8, 512X64)
[2018.01.17-15.11.24:300][557]LogTexture:Display: Building textures: ShadowMapTexture2D_12 (G8, 1024X64)
[2018.01.17-15.11.24:651][557]Lightmass on C217-08: 36.6 sec total, 5.77 sec importing, 723 ms setup, 8.64 sec photons, 21.4 sec processing, 0 ms extra exporting [172/172 mappings]. Threads: 2:29 min total, 1:50 min processing.
[2018.01.17-15.11.24:677][557]LogStaticLightingSystem: Illumination: 56.4 sec (981 ms encoding lightmaps, 100 ms encoding shadowmaps)
[2018.01.17-15.11.24:677][557]LogStaticLightingSystem: Lightmap texture memory:  6.6 MB (6.6 MB streaming, 0.0 MB non-streaming), 42 textures
[2018.01.17-15.11.24:677][557]LogStaticLightingSystem: Shadowmap texture memory: 0.8 MB (0.8 MB streaming, 0.0 MB non-streaming), 15 textures
[2018.01.17-15.11.25:419][557]DumpUnbuiltLightIteractions
[2018.01.17-15.11.25:419][557]Lights with unbuilt interactions: 0
[2018.01.17-15.11.25:419][557]
[2018.01.17-15.11.25:419][557]Primitives with unbuilt interactions: 0
[2018.01.17-15.11.25:433][558]Cmd: MAP CHECK NOTIFYRESULTS
[2018.01.17-15.11.25:434][558]MapCheck: New page: HelloWorld - 17 Jan 2018 15:11:25
[2018.01.17-15.11.25:590][558]MapCheck: Info Map check complete: 0 Error(s), 0 Warning(s), took 156.391ms to complete.
[2018.01.17-15.11.32:734][955]LogTemp: Repeting last play command: Selected Viewport
[2018.01.17-15.11.32:924][955]LogBlueprintUserMessages: Early PlayInEditor Detection: Level '/Game/Maps/HelloWorld.HelloWorld:PersistentLevel' has LevelScriptBlueprint '/Game/Maps/HelloWorld.HelloWorld:PersistentLevel.HelloWorld' with GeneratedClass '/Game/Maps/HelloWorld.HelloWorld_C' with ClassGeneratedBy '/Game/Maps/HelloWorld.HelloWorld:PersistentLevel.HelloWorld'
[2018.01.17-15.11.32:925][955]LogPlayLevel: PlayLevel: No blueprints needed recompiling
[2018.01.17-15.11.32:925][955]PIE: New page: PIE session: HelloWorld (17 Jan 2018 15:11:32)
[2018.01.17-15.11.32:925][955]LogPlayLevel: Creating play world package: /Game/Maps/UEDPIE_0_HelloWorld
[2018.01.17-15.11.32:942][955]LogPlayLevel: PIE: StaticDuplicateObject took: (0.017076s)
[2018.01.17-15.11.32:943][955]LogAIModule: Creating AISystem for world HelloWorld
[2018.01.17-15.11.32:943][955]LogPlayLevel: PIE: World Init took: (0.000471s)
[2018.01.17-15.11.32:943][955]LogPlayLevel: PIE: Created PIE world by copying editor world from /Game/Maps/HelloWorld.HelloWorld to /Game/Maps/UEDPIE_0_HelloWorld.HelloWorld (0.017808s)
[2018.01.17-15.11.32:981][955]LogInit: XAudio2 using 'Speakers (Realtek High Definition Audio)' : 2 channels at 48 kHz using 32 bits per sample (channel mask 0x3)
[2018.01.17-15.11.32:990][955]LogInit: FAudioDevice initialized.
[2018.01.17-15.11.33:039][955]LogLoad: Game class is 'RPGGM_C'
[2018.01.17-15.11.33:046][955]LogWorld: Bringing World /Game/Maps/UEDPIE_0_HelloWorld.HelloWorld up for play (max tick rate 0) at 2018.01.17-15.11.33
[2018.01.17-15.11.33:047][955]LogWorld: Bringing up level for play took: 0.006179
[2018.01.17-15.11.33:078][955]LogContentBrowser: Native class hierarchy updated for 'MovieSceneCapture' in 0.0005 seconds. Added 11 classes and 0 folders.
[2018.01.17-15.11.33:142][955]PIE: Info Play in editor start time for /Game/Maps/UEDPIE_0_HelloWorld 1.005
[2018.01.17-15.11.33:143][955]LogBlueprintUserMessages: Late PlayInEditor Detection: Level '/Game/Maps/HelloWorld.HelloWorld:PersistentLevel' has LevelScriptBlueprint '/Game/Maps/HelloWorld.HelloWorld:PersistentLevel.HelloWorld' with GeneratedClass '/Game/Maps/HelloWorld.HelloWorld_C' with ClassGeneratedBy '/Game/Maps/HelloWorld.HelloWorld:PersistentLevel.HelloWorld'
[2018.01.17-15.11.39:592][724]LogBlueprintUserMessages: Early EndPlayMap Detection: Level '/Game/Maps/HelloWorld.HelloWorld:PersistentLevel' has LevelScriptBlueprint '/Game/Maps/HelloWorld.HelloWorld:PersistentLevel.HelloWorld' with GeneratedClass '/Game/Maps/HelloWorld.HelloWorld_C' with ClassGeneratedBy '/Game/Maps/HelloWorld.HelloWorld:PersistentLevel.HelloWorld'
[2018.01.17-15.11.39:625][724]LogBlueprintUserMessages: Late EndPlayMap Detection: Level '/Game/Maps/HelloWorld.HelloWorld:PersistentLevel' has LevelScriptBlueprint '/Game/Maps/HelloWorld.HelloWorld:PersistentLevel.HelloWorld' with GeneratedClass '/Game/Maps/HelloWorld.HelloWorld_C' with ClassGeneratedBy '/Game/Maps/HelloWorld.HelloWorld:PersistentLevel.HelloWorld'
[2018.01.17-15.11.47:481][660]LogTemp: Repeting last play command: Selected Viewport
[2018.01.17-15.11.47:506][660]LogBlueprintUserMessages: Early PlayInEditor Detection: Level '/Game/Maps/HelloWorld.HelloWorld:PersistentLevel' has LevelScriptBlueprint '/Game/Maps/HelloWorld.HelloWorld:PersistentLevel.HelloWorld' with GeneratedClass '/Game/Maps/HelloWorld.HelloWorld_C' with ClassGeneratedBy '/Game/Maps/HelloWorld.HelloWorld:PersistentLevel.HelloWorld'
[2018.01.17-15.11.47:506][660]LogPlayLevel: PlayLevel: No blueprints needed recompiling
[2018.01.17-15.11.47:506][660]PIE: New page: PIE session: HelloWorld (17 Jan 2018 15:11:47)
[2018.01.17-15.11.47:506][660]LogPlayLevel: Creating play world package: /Game/Maps/UEDPIE_0_HelloWorld
[2018.01.17-15.11.47:523][660]LogPlayLevel: PIE: StaticDuplicateObject took: (0.016481s)
[2018.01.17-15.11.47:523][660]LogAIModule: Creating AISystem for world HelloWorld
[2018.01.17-15.11.47:524][660]LogPlayLevel: PIE: World Init took: (0.000629s)
[2018.01.17-15.11.47:524][660]LogPlayLevel: PIE: Created PIE world by copying editor world from /Game/Maps/HelloWorld.HelloWorld to /Game/Maps/UEDPIE_0_HelloWorld.HelloWorld (0.017262s)
[2018.01.17-15.11.47:532][660]LogInit: XAudio2 using 'Speakers (Realtek High Definition Audio)' : 2 channels at 48 kHz using 32 bits per sample (channel mask 0x3)
[2018.01.17-15.11.47:540][660]LogInit: FAudioDevice initialized.
[2018.01.17-15.11.47:574][660]LogLoad: Game class is 'RPGGM_C'
[2018.01.17-15.11.47:580][660]LogWorld: Bringing World /Game/Maps/UEDPIE_0_HelloWorld.HelloWorld up for play (max tick rate 0) at 2018.01.17-15.11.47
[2018.01.17-15.11.47:580][660]LogWorld: Bringing up level for play took: 0.005391
[2018.01.17-15.11.47:582][660]PIE: Info Play in editor start time for /Game/Maps/UEDPIE_0_HelloWorld -0.555
[2018.01.17-15.11.47:583][660]LogBlueprintUserMessages: Late PlayInEditor Detection: Level '/Game/Maps/HelloWorld.HelloWorld:PersistentLevel' has LevelScriptBlueprint '/Game/Maps/HelloWorld.HelloWorld:PersistentLevel.HelloWorld' with GeneratedClass '/Game/Maps/HelloWorld.HelloWorld_C' with ClassGeneratedBy '/Game/Maps/HelloWorld.HelloWorld:PersistentLevel.HelloWorld'
[2018.01.17-15.11.48:642][784]LogBlueprintUserMessages: Early EndPlayMap Detection: Level '/Game/Maps/HelloWorld.HelloWorld:PersistentLevel' has LevelScriptBlueprint '/Game/Maps/HelloWorld.HelloWorld:PersistentLevel.HelloWorld' with GeneratedClass '/Game/Maps/HelloWorld.HelloWorld_C' with ClassGeneratedBy '/Game/Maps/HelloWorld.HelloWorld:PersistentLevel.HelloWorld'
[2018.01.17-15.11.48:682][784]LogBlueprintUserMessages: Late EndPlayMap Detection: Level '/Game/Maps/HelloWorld.HelloWorld:PersistentLevel' has LevelScriptBlueprint '/Game/Maps/HelloWorld.HelloWorld:PersistentLevel.HelloWorld' with GeneratedClass '/Game/Maps/HelloWorld.HelloWorld_C' with ClassGeneratedBy '/Game/Maps/HelloWorld.HelloWorld:PersistentLevel.HelloWorld'
[2018.01.17-15.11.50:092][950]Cmd: CAMERA ALIGN ACTIVEVIEWPORTONLY
[2018.01.17-15.11.52:804][272]LogNavigationPoint: PostEditMove Clear paths rebuilt
[2018.01.17-15.11.55:231][562]LogTemp: Repeting last play command: Selected Viewport
[2018.01.17-15.11.55:249][562]LogBlueprintUserMessages: Early PlayInEditor Detection: Level '/Game/Maps/HelloWorld.HelloWorld:PersistentLevel' has LevelScriptBlueprint '/Game/Maps/HelloWorld.HelloWorld:PersistentLevel.HelloWorld' with GeneratedClass '/Game/Maps/HelloWorld.HelloWorld_C' with ClassGeneratedBy '/Game/Maps/HelloWorld.HelloWorld:PersistentLevel.HelloWorld'
[2018.01.17-15.11.55:249][562]LogPlayLevel: PlayLevel: No blueprints needed recompiling
[2018.01.17-15.11.55:249][562]PIE: New page: PIE session: HelloWorld (17 Jan 2018 15:11:55)
[2018.01.17-15.11.55:249][562]LogPlayLevel: Creating play world package: /Game/Maps/UEDPIE_0_HelloWorld
[2018.01.17-15.11.55:266][562]LogPlayLevel: PIE: StaticDuplicateObject took: (0.017017s)
[2018.01.17-15.11.55:266][562]LogAIModule: Creating AISystem for world HelloWorld
[2018.01.17-15.11.55:267][562]LogPlayLevel: PIE: World Init took: (0.000491s)
[2018.01.17-15.11.55:267][562]LogPlayLevel: PIE: Created PIE world by copying editor world from /Game/Maps/HelloWorld.HelloWorld to /Game/Maps/UEDPIE_0_HelloWorld.HelloWorld (0.017688s)
[2018.01.17-15.11.55:281][562]LogInit: XAudio2 using 'Speakers (Realtek High Definition Audio)' : 2 channels at 48 kHz using 32 bits per sample (channel mask 0x3)
[2018.01.17-15.11.55:288][562]LogInit: FAudioDevice initialized.
[2018.01.17-15.11.55:318][562]LogLoad: Game class is 'RPGGM_C'
[2018.01.17-15.11.55:324][562]LogWorld: Bringing World /Game/Maps/UEDPIE_0_HelloWorld.HelloWorld up for play (max tick rate 0) at 2018.01.17-15.11.55
[2018.01.17-15.11.55:324][562]LogWorld: Bringing up level for play took: 0.005875
[2018.01.17-15.11.55:338][562]PIE: Info Play in editor start time for /Game/Maps/UEDPIE_0_HelloWorld -0.799
[2018.01.17-15.11.55:338][562]LogBlueprintUserMessages: Late PlayInEditor Detection: Level '/Game/Maps/HelloWorld.HelloWorld:PersistentLevel' has LevelScriptBlueprint '/Game/Maps/HelloWorld.HelloWorld:PersistentLevel.HelloWorld' with GeneratedClass '/Game/Maps/HelloWorld.HelloWorld_C' with ClassGeneratedBy '/Game/Maps/HelloWorld.HelloWorld:PersistentLevel.HelloWorld'
[2018.01.17-15.12.45:013][517]LogBlueprintUserMessages: Early EndPlayMap Detection: Level '/Game/Maps/HelloWorld.HelloWorld:PersistentLevel' has LevelScriptBlueprint '/Game/Maps/HelloWorld.HelloWorld:PersistentLevel.HelloWorld' with GeneratedClass '/Game/Maps/HelloWorld.HelloWorld_C' with ClassGeneratedBy '/Game/Maps/HelloWorld.HelloWorld:PersistentLevel.HelloWorld'
[2018.01.17-15.12.45:053][517]LogBlueprintUserMessages: Late EndPlayMap Detection: Level '/Game/Maps/HelloWorld.HelloWorld:PersistentLevel' has LevelScriptBlueprint '/Game/Maps/HelloWorld.HelloWorld:PersistentLevel.HelloWorld' with GeneratedClass '/Game/Maps/HelloWorld.HelloWorld_C' with ClassGeneratedBy '/Game/Maps/HelloWorld.HelloWorld:PersistentLevel.HelloWorld'
[2018.01.17-15.12.48:804][768]LogRenderer: Reallocating scene render targets to support 1528x924 NumSamples 1 (Frame:1).
[2018.01.17-15.21.48:904][830]Cmd: OBJ SAVEPACKAGE PACKAGE="/Game/Maps/HelloWorld" FILE="E:/Year 2/FMP/RPG_Game/RPG_Game/Saved/Autosaves/Game/Maps/HelloWorld_Auto1.umap" SILENT=true AUTOSAVING=true KEEPDIRTY=false
[2018.01.17-15.21.49:725][830]LogSavePackage: Save=470.26ms
[2018.01.17-15.21.49:725][830]LogSavePackage: Moving 'E:/Year 2/FMP/RPG_Game/RPG_Game/Saved/HelloWorld_Auto13D62DA6841BB739F76EE5183E428E5E0.tmp' to 'E:/Year 2/FMP/RPG_Game/RPG_Game/Saved/Autosaves/Game/Maps/HelloWorld_Auto1.umap'
[2018.01.17-15.21.49:727][830]LogSavePackage:Display: Finished SavePackage E:/Year 2/FMP/RPG_Game/RPG_Game/Saved/Autosaves/Game/Maps/HelloWorld_Auto1.umap
[2018.01.17-15.21.49:731][830]LogFileHelpers: Editor autosave (incl. sublevels) for '/Game/Maps/HelloWorld' took 0.845
[2018.01.17-15.21.49:731][830]LogFileHelpers: Editor autosave (incl. sublevels) for all levels took 0.845
[2018.01.17-15.21.49:733][830]OBJ SavePackage: Generating thumbnails for [0] asset(s) in package [/Game/Maps/HelloWorld_BuiltData] ([1] browsable assets)...
[2018.01.17-15.21.49:733][830]OBJ SavePackage: Finished generating thumbnails for package [/Game/Maps/HelloWorld_BuiltData]
[2018.01.17-15.21.49:733][830]Cmd: OBJ SAVEPACKAGE PACKAGE="/Game/Maps/HelloWorld_BuiltData" FILE="E:/Year 2/FMP/RPG_Game/RPG_Game/Saved/Autosaves/Game/Maps/HelloWorld_BuiltData_Auto1.uasset" SILENT=false AUTOSAVING=true
[2018.01.17-15.21.50:527][830]LogSavePackage: Save=657.10ms
[2018.01.17-15.21.50:527][830]LogSavePackage: Moving 'E:/Year 2/FMP/RPG_Game/RPG_Game/Saved/HelloWorld_BuiltData_Auto12790E4164DC8468FA884EF9FBE08486F.tmp' to 'E:/Year 2/FMP/RPG_Game/RPG_Game/Saved/Autosaves/Game/Maps/HelloWorld_BuiltData_Auto1.uasset'
[2018.01.17-15.21.50:529][830]LogSavePackage:Display: Finished SavePackage E:/Year 2/FMP/RPG_Game/RPG_Game/Saved/Autosaves/Game/Maps/HelloWorld_BuiltData_Auto1.uasset
[2018.01.17-15.21.50:529][830]LogFileHelpers: Auto-saving content packages took 0.797
[2018.01.17-15.37.30:219][880]LogEditorViewport: Clicking on Actor (LMB): StaticMeshActor (T_SkyBox)
[2018.01.17-15.37.38:211][462]LogSlate: Took 0.018074 seconds to synchronously load lazily loaded font '../../../Engine/Content/Editor/Slate/Fonts/Roboto-Italic.ttf' (157K)
