<<<<<<< HEAD
﻿Log file open, 01/29/18 19:58:45
LogInit:Display: Running engine for game: RPG_Game
LogPlatformFile: Not using cached read wrapper
LogInit:Display: RandInit(1169435542) SRandInit(1169435542).
LogTaskGraph: Started task graph with 5 named threads and 9 total threads with 1 sets of task threads.
LogStats: Stats thread started at 0.144520
=======
﻿Log file open, 01/29/18 19:53:23
LogInit:Display: Running engine for game: RPG_Game
LogPlatformFile: Not using cached read wrapper
LogInit:Display: RandInit(1495625331) SRandInit(1495625331).
LogTaskGraph: Started task graph with 5 named threads and 8 total threads with 1 sets of task threads.
LogStats: Stats thread started at 0.086079
>>>>>>> a789bc904e4d139d79d63ac5560d91c2b30a5a89
LogInit: Using libcurl 7.47.1
LogInit:  - built for x86_64-pc-win32
LogInit:  - supports SSL with OpenSSL/1.0.2g
LogInit:  - supports HTTP deflate (compression) using libz 1.2.8
LogInit:  - other features:
LogInit:      CURL_VERSION_SSL
LogInit:      CURL_VERSION_LIBZ
LogInit:      CURL_VERSION_IPV6
LogInit:      CURL_VERSION_ASYNCHDNS
LogInit:      CURL_VERSION_LARGEFILE
LogInit:      CURL_VERSION_IDN
LogInit:  CurlRequestOptions (configurable via config and command line):
LogInit:  - bVerifyPeer = false  - Libcurl will NOT verify peer certificate
LogInit:  - bUseHttpProxy = false  - Libcurl will NOT use HTTP proxy
LogInit:  - bDontReuseConnections = false  - Libcurl will reuse connections
LogInit:  - CertBundlePath = nullptr  - Libcurl will use whatever was configured at build time.
LogInit: Build: ++UE4+Release-4.16-CL-3561208
LogInit: Engine Version: 4.16.3-3561208+++UE4+Release-4.16
LogInit: Compatible Engine Version: 4.16.0-3452394+++UE4+Release-4.16
LogInit: Net CL: 3452394
LogDevObjectVersion: Number of dev versions registered: 16
LogDevObjectVersion:   Dev-Blueprints (B0D832E4-1F89-4F0D-ACCF-7EB736FD4AA2): 9
LogDevObjectVersion:   Dev-Build (E1C64328-A22C-4D53-A36C-8E866417BD8C): 0
LogDevObjectVersion:   Dev-Core (375EC13C-06E4-48FB-B500-84F0262A717E): 2
LogDevObjectVersion:   Dev-Editor (E4B068ED-F494-42E9-A231-DA0B2E46BB41): 17
LogDevObjectVersion:   Dev-Framework (CFFC743F-43B0-4480-9391-14DF171D2073): 23
LogDevObjectVersion:   Dev-Mobile (B02B49B5-BB20-44E9-A304-32B752E40360): 0
LogDevObjectVersion:   Dev-Networking (A4E4105C-59A1-49B5-A7C5-40C4547EDFEE): 0
LogDevObjectVersion:   Dev-Online (39C831C9-5AE6-47DC-9A44-9C173E1C8E7C): 0
LogDevObjectVersion:   Dev-Physics (78F01B33-EBEA-4F98-B9B4-84EACCB95AA2): 0
LogDevObjectVersion:   Dev-Platform (6631380F-2D4D-43E0-8009-CF276956A95A): 0
LogDevObjectVersion:   Dev-Rendering (12F88B9F-8875-4AFC-A67C-D90C383ABD29): 15
LogDevObjectVersion:   Dev-Sequencer (7B5AE74C-D270-4C10-A958-57980B212A5A): 4
LogDevObjectVersion:   Dev-VR (D7296918-1DD6-4BDD-9DE2-64A83CC13884): 0
LogDevObjectVersion:   Dev-LoadTimes (C2A15278-BFE7-4AFE-6C17-90FF531DF755): 1
LogDevObjectVersion:   Private-Geometry (6EACA3D4-40EC-4CC1-B786-8BED09428FC5): 1
LogDevObjectVersion:   Dev-AnimPhys (29E575DD-E0A3-4627-9D10-D276232CDCEA): 3
LogInit: Compiled (64-bit): Jul 28 2017 11:49:47
LogInit: Compiled with Visual C++: 19.00.24215.01
LogInit: Build Configuration: Development
LogInit: Branch Name: ++UE4+Release-4.16
<<<<<<< HEAD
LogInit: Command line:  /Temp/Autosaves/Game/Maps/UEDPCMenu -game -PIEVIACONSOLE -ResX=1280 -ResY=720  -Multiprocess -messaging -SessionName="Play in Standalone Game" -windowed 
LogInit: Base directory: C:/Program Files/Epic Games/UE_4.16/Engine/Binaries/Win64/
LogInit: Installed Engine Build: 1
LogInit: Presizing for max 8388607 objects, including 0 objects not considered by GC, pre-allocating 0 bytes for permanent pool.
LogInit: Object subsystem initialized
[2018.01.29-19.58.46:489][  0]LogInit: Selected Device Profile: [Windows]
[2018.01.29-19.58.46:489][  0]LogInit: Applying CVar settings loaded from the selected device profile: [Windows]
[2018.01.29-19.58.46:495][  0]LogInit: Computer: SONOFMORT
[2018.01.29-19.58.46:495][  0]LogInit: User: Jordan
[2018.01.29-19.58.46:495][  0]LogInit: CPU Page size=4096, Cores=8
[2018.01.29-19.58.46:495][  0]LogInit: High frequency timer resolution =3.124997 MHz
[2018.01.29-19.58.46:495][  0]LogMemory: Memory total: Physical=8.0GB (8GB approx)
[2018.01.29-19.58.46:495][  0]LogMemory: Platform Memory Stats for Windows
[2018.01.29-19.58.46:495][  0]LogMemory: Process Physical Memory: 278.17 MB used, 278.17 MB peak
[2018.01.29-19.58.46:495][  0]LogMemory: Process Virtual Memory: 269.61 MB used, 269.61 MB peak
[2018.01.29-19.58.46:495][  0]LogMemory: Physical Memory: 6120.80 MB used,  2026.42 MB free, 8147.22 MB total
[2018.01.29-19.58.46:495][  0]LogMemory: Virtual Memory: 674.12 MB used,  2026.42 MB free, 134217728.00 MB total
[2018.01.29-19.58.46:616][  0]LogInit: Using OS detected language (en-GB).
[2018.01.29-19.58.46:616][  0]LogInit: Using OS detected locale (en-GB).
[2018.01.29-19.58.46:621][  0]LogTextLocalizationManager: No specific localization for 'en-GB' exists, so the 'en' localization will be used.
[2018.01.29-19.58.47:640][  0]LogD3D11RHI: D3D11 adapters:
[2018.01.29-19.58.47:714][  0]LogD3D11RHI:    0. 'NVIDIA GeForce GTX 1070' (Feature Level 11_0)
[2018.01.29-19.58.47:714][  0]LogD3D11RHI:       8088/0/4073 MB DedicatedVideo/DedicatedSystem/SharedSystem, Outputs:2, VendorId:0x10de
[2018.01.29-19.58.47:717][  0]LogD3D11RHI:    1. 'Microsoft Basic Render Driver' (Feature Level 11_0)
[2018.01.29-19.58.47:717][  0]LogD3D11RHI:       0/0/4073 MB DedicatedVideo/DedicatedSystem/SharedSystem, Outputs:0, VendorId:0x1414
[2018.01.29-19.58.47:717][  0]LogD3D11RHI: Chosen D3D11 Adapter: 0
[2018.01.29-19.58.47:729][  0]LogD3D11RHI: Creating new Direct3DDevice
[2018.01.29-19.58.47:730][  0]LogD3D11RHI:     GPU DeviceId: 0x1b81 (for the marketing name, search the web for "GPU Device Id")
[2018.01.29-19.58.47:730][  0]LogWindows: EnumDisplayDevices:
[2018.01.29-19.58.47:730][  0]LogWindows:    0. 'NVIDIA GeForce GTX 1070' (P:1 D:1)
[2018.01.29-19.58.47:730][  0]LogWindows:    1. 'NVIDIA GeForce GTX 1070' (P:0 D:1)
[2018.01.29-19.58.47:730][  0]LogWindows:    2. 'NVIDIA GeForce GTX 1070' (P:0 D:0)
[2018.01.29-19.58.47:731][  0]LogWindows:    3. 'NVIDIA GeForce GTX 1070' (P:0 D:0)
[2018.01.29-19.58.47:731][  0]LogWindows: DebugString: GetVideoDriverDetailsInvalid PrimaryIsNotTheChoosenAdapter GetVideoDriverDetailsInvalid PrimaryIsNotTheChoosenAdapter GetVideoDriverDetailsInvalid PrimaryIsNotTheChoosenAdapter GetVideoDriverDetailsInvalid PrimaryIsNotTheChoosenAdapter FoundDriverCount:0 
[2018.01.29-19.58.47:731][  0]LogD3D11RHI:     Adapter Name: NVIDIA GeForce GTX 1070
[2018.01.29-19.58.47:731][  0]LogD3D11RHI:   Driver Version: Unknown (internal:Unknown, unified:Unknown)
[2018.01.29-19.58.47:731][  0]LogD3D11RHI:      Driver Date: Unknown
[2018.01.29-19.58.47:731][  0]LogRHI: Texture pool is 1361 MB (70% of 1945 MB)
[2018.01.29-19.58.47:779][  0]LogD3D11RHI: Async texture creation enabled
[2018.01.29-19.58.47:827][  0]LogD3D11RHI: GPU Timing Frequency: 1000.000000 (Debug: 2 2)
[2018.01.29-19.58.47:927][  0]LogShaderCompilers: Guid format shader working directory is 23 characters bigger than the processId version (F:/FMP/RPG_Game/RPG_Game/Intermediate/Shaders/WorkingDirectory/8464/).
[2018.01.29-19.58.47:928][  0]LogShaderCompilers: Cleaned the shader compiler working directory 'C:/Users/Jordan/AppData/Local/Temp/UnrealShaderWorkingDir/EC943F3E415EE830CAC57689D92EF2D2/'.
[2018.01.29-19.58.47:928][  0]LogShaderCompilers:Display: Using Local Shader Compiler.
[2018.01.29-19.58.49:246][  0]LogTemp:Display: Loaded TP WindowsClientTargetPlatform
[2018.01.29-19.58.49:334][  0]LogTemp:Display: Loaded TP WindowsNoEditorTargetPlatform
[2018.01.29-19.58.49:428][  0]LogTemp:Display: Loaded TP WindowsServerTargetPlatform
[2018.01.29-19.58.49:506][  0]LogTemp:Display: Loaded TP WindowsTargetPlatform
[2018.01.29-19.58.49:506][  0]LogTargetPlatformManager:Display: Building Assets For Windows
[2018.01.29-19.58.50:373][  0]LogDerivedDataCache:Display: Max Cache Size: 512 MB
[2018.01.29-19.58.50:496][  0]LogDerivedDataCache: Loaded boot cache 0.12s 90MB C:/Users/Jordan/AppData/Local/UnrealEngine/4.16/DerivedDataCache/Boot.ddc.
[2018.01.29-19.58.50:496][  0]LogDerivedDataCache:Display: Loaded Boot cache: C:/Users/Jordan/AppData/Local/UnrealEngine/4.16/DerivedDataCache/Boot.ddc
[2018.01.29-19.58.50:496][  0]LogDerivedDataCache: FDerivedDataBackendGraph:  Pak pak cache file F:/FMP/RPG_Game/RPG_Game/DerivedDataCache/DDC.ddp not found, will not use a pak cache.
[2018.01.29-19.58.50:496][  0]LogDerivedDataCache: Unable to find inner node Pak for hierarchical cache Hierarchy.
[2018.01.29-19.58.50:496][  0]LogDerivedDataCache: FDerivedDataBackendGraph:  CompressedPak pak cache file F:/FMP/RPG_Game/RPG_Game/DerivedDataCache/Compressed.ddp not found, will not use a pak cache.
[2018.01.29-19.58.50:496][  0]LogDerivedDataCache: Unable to find inner node CompressedPak for hierarchical cache Hierarchy.
[2018.01.29-19.58.50:518][  0]LogDerivedDataCache:Display: Pak cache opened for reading ../../../Engine/DerivedDataCache/Compressed.ddp.
[2018.01.29-19.58.50:531][  0]LogDerivedDataCache: Using Local data cache path C:/Users/Jordan/AppData/Local/UnrealEngine/Common/DerivedDataCache: Writable
[2018.01.29-19.58.50:545][  0]LogMaterial: Verifying Global Shaders for PCD3D_SM5
[2018.01.29-19.58.50:546][  0]LogSlate: Using Freetype 2.6.0
[2018.01.29-19.58.50:546][  0]LogSlate: SlateFontCache - WITH_FREETYPE: 1, WITH_HARFBUZZ: 1
[2018.01.29-19.58.50:546][  0]LogSlate: SlateFontCache - WITH_FREETYPE: 1, WITH_HARFBUZZ: 1
[2018.01.29-19.58.50:968][  0]LogAssetRegistry: FAssetRegistry took 0.0059 seconds to start up
[2018.01.29-19.58.50:981][  0]LogPackageLocalizationCache: Processed 4 localized package path(s) for 2 prioritized culture(s) in 0.012652 seconds
[2018.01.29-19.58.51:093][  0]LogInit: Selected Device Profile: [Windows]
[2018.01.29-19.58.51:219][  0]LogContentStreaming: Texture pool size is 1000.00 MB
[2018.01.29-19.58.51:430][  0]LogMeshUtilities: Using QuadricMeshReduction for automatic static mesh reduction
[2018.01.29-19.58.51:508][  0]LogSimplygon: Simplygon DLL not present - disabling.
[2018.01.29-19.58.51:594][  0]LogMeshUtilities: Using SimplygonSwarm for distributed automatic mesh merging
[2018.01.29-19.58.51:594][  0]LogMeshUtilities: No automatic skeletal mesh reduction module available
[2018.01.29-19.58.51:594][  0]LogMeshUtilities: No automatic mesh merging module available
[2018.01.29-19.58.52:401][  0]LogNetVersion: RPG_Game , NetCL: 3452394, EngineNetVer: 2, GameNetVer: 0 (Checksum: 2586067795)
[2018.01.29-19.58.52:521][  0]LogInit: WinSock: version 1.1 (2.2), MaxSocks=32767, MaxUdp=65467
[2018.01.29-19.58.54:312][  0]LogMoviePlayer: Initializing movie player
[2018.01.29-19.58.54:852][  0]LogCollectionManager: Loaded 0 collections in 0.002694 seconds
[2018.01.29-19.58.54:929][  0]LogFileCache: Scanning file cache for directory 'F:/FMP/RPG_Game/RPG_Game/Saved/Collections/' took 0.01s
[2018.01.29-19.58.54:929][  0]LogFileCache: Scanning file cache for directory 'F:/FMP/RPG_Game/RPG_Game/Content/Developers/Jordan/Collections/' took 0.01s
[2018.01.29-19.58.54:929][  0]LogFileCache: Scanning file cache for directory 'F:/FMP/RPG_Game/RPG_Game/Content/Collections/' took 0.01s
[2018.01.29-19.58.54:929][  0]LogCollectionManager: Rebuilt the object cache for 0 collections in 0.000002 seconds (found 0 objects)
[2018.01.29-19.58.54:929][  0]LogCollectionManager: Fixed up redirectors for 0 collections in 0.000054 seconds (updated 0 objects)
[2018.01.29-19.58.55:249][  0]LogTcpMessaging: Initializing TcpMessaging bridge
[2018.01.29-19.58.55:312][  0]LogUdpMessaging: Initializing bridge on interface 0.0.0.0:0 to multicast group 230.0.0.1:6666.
[2018.01.29-19.58.55:986][  0]SourceControl: Info Source control is disabled
[2018.01.29-19.58.55:986][  0]SourceControl: Info Source control is disabled
[2018.01.29-19.58.56:073][  0]SourceControl: Info Source control is disabled
[2018.01.29-19.58.56:548][  0]LogAndroidPermission: UAndroidPermissionCallbackProxy::GetInstance
[2018.01.29-19.58.57:356][  0]LogUObjectArray: 37220 objects as part of root set at end of initial load.
[2018.01.29-19.58.57:356][  0]LogUObjectAllocator: 8398840 out of 0 bytes used by permanent object pool.
[2018.01.29-19.58.57:356][  0]LogUObjectArray: CloseDisregardForGC: 0/0 objects in disregard for GC pool
[2018.01.29-19.58.57:516][  0]LogEngine: Initializing Engine...
[2018.01.29-19.58.57:518][  0]LogHMD: Failed to initialize OpenVR with code 110
[2018.01.29-19.58.57:739][  0]LogStats: UGameplayTagsManager::ConstructGameplayTagTree: Construct from data asset -  0.000 s
[2018.01.29-19.58.57:739][  0]LogStats: UGameplayTagsManager::ConstructGameplayTagTree: GameplayTagTreeChangedEvent.Broadcast -  0.000 s
[2018.01.29-19.58.57:754][  0]LogInit: XAudio2 using 'Headset Earphone (Corsair VOID RGB USB Gaming Headset)' : 6 channels at 48 kHz using 16 bits per sample (channel mask 0x3f)
[2018.01.29-19.58.57:934][  0]LogInit: FAudioDevice initialized.
[2018.01.29-19.58.57:962][  0]LogInit: Texture streaming: Enabled
[2018.01.29-19.58.57:979][  0]LogMaterial: Uniform references updated for custom material expression Custom.
[2018.01.29-19.58.58:389][  0]LogSlateStyle:Warning: Unable to find Slate Widget Style 'NormalText'. Using FTextBlockStyle defaults instead.
[2018.01.29-19.58.58:389][  0]LogSlateStyle:Warning: Unable to find Slate Widget Style 'SpinBox'. Using FSpinBoxStyle defaults instead.
[2018.01.29-19.58.58:767][  0]LogInit:Display: Game Engine Initialized.
[2018.01.29-19.58.59:031][  0]LogInit:Display: Starting Game.
[2018.01.29-19.58.59:033][  0]LogNet: Browse: /Temp/Autosaves/Game/Maps/UEDPCMenu?Name=Player
[2018.01.29-19.58.59:034][  0]LogLoad: LoadMap: /Temp/Autosaves/Game/Maps/UEDPCMenu?Name=Player
[2018.01.29-19.58.59:057][  0]LogMemory: Platform Memory Stats for Windows
[2018.01.29-19.58.59:057][  0]LogMemory: Process Physical Memory: 812.08 MB used, 909.93 MB peak
[2018.01.29-19.58.59:057][  0]LogMemory: Process Virtual Memory: 922.79 MB used, 961.66 MB peak
[2018.01.29-19.58.59:057][  0]LogMemory: Physical Memory: 6550.64 MB used,  1596.58 MB free, 8147.22 MB total
[2018.01.29-19.58.59:057][  0]LogMemory: Virtual Memory: 1604.95 MB used,  1596.58 MB free, 134217728.00 MB total
[2018.01.29-19.58.59:057][  0]LogMemory: 
[2018.01.29-19.58.59:057][  0]Allocator Stats for TBB: (not implemented)
[2018.01.29-19.58.59:324][  0]LogAIModule: Creating AISystem for world Menu
[2018.01.29-19.58.59:380][  0]LogLoad: Game class is 'FuseGM_C'
[2018.01.29-19.58.59:382][  0]LogWorld: Bringing World /Temp/Autosaves/Game/Maps/UEDPCMenu.Menu up for play (max tick rate 0) at 2018.01.29-19.58.59
[2018.01.29-19.58.59:384][  0]LogWorld: Bringing up level for play took: 0.001955
[2018.01.29-19.58.59:412][  0]LogLoad: Took 0.378856 seconds to LoadMap(/Temp/Autosaves/Game/Maps/UEDPCMenu)
[2018.01.29-19.58.59:765][  0]LogRenderer: Reallocating scene render targets to support 1280x720 NumSamples 1 (Frame:1).
[2018.01.29-19.58.59:765][  0]LogLoad: (Engine Initialization) Total time: 15.92 seconds
[2018.01.29-19.58.59:765][  0]LogLoad: (Engine Initialization) Total Blueprint compile time: 0.12 seconds
[2018.01.29-19.58.59:765][  0]LogExternalProfiler: No external profilers were discovered.  External profiling features will not be available.
[2018.01.29-19.58.59:781][  0]LogWindowsTextInputMethodSystem:Display: IME system now deactivated.
[2018.01.29-19.58.59:782][  0]LogOcInput: OculusInput pre-init called
[2018.01.29-19.58.59:782][  0]LogHMD: Starting GearVRController plugin
[2018.01.29-19.59.06:980][436]LogPackageName: SearchForPackageOnDisk took   0.135s to resolve HelloWorld.umap.
[2018.01.29-19.59.07:111][436]LogPackageName: SearchForPackageOnDisk took   0.130s to resolve HelloWorld.umap.
[2018.01.29-19.59.07:111][436]LogNet: Browse: /Game/Maps/HelloWorld
[2018.01.29-19.59.07:111][436]LogLoad: LoadMap: /Game/Maps/HelloWorld
[2018.01.29-19.59.07:134][436]LogMemory: Platform Memory Stats for Windows
[2018.01.29-19.59.07:134][436]LogMemory: Process Physical Memory: 747.78 MB used, 909.93 MB peak
[2018.01.29-19.59.07:134][436]LogMemory: Process Virtual Memory: 968.88 MB used, 1132.91 MB peak
[2018.01.29-19.59.07:134][436]LogMemory: Physical Memory: 6472.31 MB used,  1674.91 MB free, 8147.22 MB total
[2018.01.29-19.59.07:134][436]LogMemory: Virtual Memory: 1723.52 MB used,  1674.91 MB free, 134217728.00 MB total
[2018.01.29-19.59.07:134][436]LogMemory: 
[2018.01.29-19.59.07:134][436]Allocator Stats for TBB: (not implemented)
[2018.01.29-19.59.07:317][436]LogAIModule: Creating AISystem for world HelloWorld
[2018.01.29-19.59.07:359][436]LogLoad: Game class is 'FuseGM_C'
[2018.01.29-19.59.07:384][436]PIE:Warning: Warning Trying to simulate physics on ''/Game/Maps/HelloWorld.HelloWorld:PersistentLevel.Remote_71.StaticMesh'' but it has ComplexAsSimple collision.
[2018.01.29-19.59.07:384][436]LogWorld: Bringing World /Game/Maps/HelloWorld.HelloWorld up for play (max tick rate 0) at 2018.01.29-19.59.07
[2018.01.29-19.59.07:387][436]LogWorld: Bringing up level for play took: 0.026457
[2018.01.29-19.59.07:393][436]LogLoad: Took 0.282400 seconds to LoadMap(/Game/Maps/HelloWorld)
[2018.01.29-19.59.20:466][235]LogWindowsTextInputMethodSystem:Display: IME system now deactivated.
[2018.01.29-19.59.20:477][235]LogWindowsTextInputMethodSystem:Display: IME system now deactivated.
[2018.01.29-19.59.20:479][235]LogEngine: All Windows Closed
[2018.01.29-19.59.20:479][235]LogWindows: FPlatformMisc::RequestExit(0)
[2018.01.29-19.59.20:530][236]LogExit: Preparing to exit.
[2018.01.29-19.59.20:530][236]LogMoviePlayer: Shutting down movie player
[2018.01.29-19.59.21:469][236]LogExit: Game engine shut down
[2018.01.29-19.59.21:551][236]LogObj: Freed 0b from 0 cluster array pools.
[2018.01.29-19.59.21:551][236]LogExit: Object subsystem successfully closed.
[2018.01.29-19.59.21:576][236]LogD3D11RHI: Shutdown
[2018.01.29-19.59.21:576][236]LogD3D11RHI: CleanupD3DDevice
[2018.01.29-19.59.21:642][236]LogD3D11RHI: ~FD3D11DynamicRHI
[2018.01.29-19.59.21:663][236]LogModuleManager: Shutting down and abandoning module SequenceRecorderSections (296)
[2018.01.29-19.59.21:663][236]LogModuleManager: Shutting down and abandoning module SequenceRecorder (294)
[2018.01.29-19.59.21:663][236]LogModuleManager: Shutting down and abandoning module AutomationController (292)
[2018.01.29-19.59.21:663][236]LogModuleManager: Shutting down and abandoning module AutomationWorker (290)
[2018.01.29-19.59.21:663][236]LogModuleManager: Shutting down and abandoning module AIModule (288)
[2018.01.29-19.59.21:663][236]LogModuleManager: Shutting down and abandoning module GameplayDebugger (287)
[2018.01.29-19.59.21:663][236]LogModuleManager: Shutting down and abandoning module AITestSuite (285)
[2018.01.29-19.59.21:663][236]LogModuleManager: Shutting down and abandoning module WmfMediaFactory (282)
[2018.01.29-19.59.21:663][236]LogModuleManager: Shutting down and abandoning module AvfMediaFactory (280)
[2018.01.29-19.59.21:663][236]LogModuleManager: Shutting down and abandoning module AndroidMediaFactory (278)
[2018.01.29-19.59.21:663][236]LogModuleManager: Shutting down and abandoning module Media (277)
[2018.01.29-19.59.21:663][236]LogModuleManager: Shutting down and abandoning module CharacterAI (274)
[2018.01.29-19.59.21:663][236]LogModuleManager: Shutting down and abandoning module SessionServices (272)
[2018.01.29-19.59.21:663][236]LogModuleManager: Shutting down and abandoning module MovieSceneCapture (270)
[2018.01.29-19.59.21:663][236]LogModuleManager: Shutting down and abandoning module MovieSceneTracks (268)
[2018.01.29-19.59.21:663][236]LogModuleManager: Shutting down and abandoning module MovieScene (266)
[2018.01.29-19.59.21:663][236]LogModuleManager: Shutting down and abandoning module GeometryCache (264)
[2018.01.29-19.59.21:663][236]LogModuleManager: Shutting down and abandoning module GeometryCacheEd (263)
[2018.01.29-19.59.21:663][236]LogModuleManager: Shutting down and abandoning module Niagara (260)
[2018.01.29-19.59.21:663][236]LogModuleManager: Shutting down and abandoning module NiagaraEditor (259)
[2018.01.29-19.59.21:663][236]LogModuleManager: Shutting down and abandoning module StreamingPauseRendering (256)
[2018.01.29-19.59.21:663][236]LogModuleManager: Shutting down and abandoning module PortalServices (254)
[2018.01.29-19.59.21:663][236]LogModuleManager: Shutting down and abandoning module PortalRpc (252)
[2018.01.29-19.59.21:663][236]LogModuleManager: Shutting down and abandoning module MessagingRpc (250)
[2018.01.29-19.59.21:663][236]LogModuleManager: Shutting down and abandoning module ProfilerService (248)
[2018.01.29-19.59.21:758][236]LogModuleManager: Shutting down and abandoning module TaskGraph (246)
[2018.01.29-19.59.21:758][236]LogModuleManager: Shutting down and abandoning module SteamVRController (244)
[2018.01.29-19.59.21:758][236]LogModuleManager: Shutting down and abandoning module SteamVR (242)
[2018.01.29-19.59.21:758][236]LogModuleManager: Shutting down and abandoning module ProceduralMeshComponent (240)
[2018.01.29-19.59.21:758][236]LogModuleManager: Shutting down and abandoning module OculusLibrary (238)
[2018.01.29-19.59.21:758][236]LogModuleManager: Shutting down and abandoning module OculusInput (236)
[2018.01.29-19.59.21:758][236]LogModuleManager: Shutting down and abandoning module MobilePatchingUtils (234)
[2018.01.29-19.59.21:758][236]LogModuleManager: Shutting down and abandoning module CustomMeshComponent (232)
[2018.01.29-19.59.21:758][236]LogModuleManager: Shutting down and abandoning module CableComponent (230)
[2018.01.29-19.59.21:758][236]LogModuleManager: Shutting down and abandoning module ArchVisCharacter (228)
[2018.01.29-19.59.21:758][236]LogModuleManager: Shutting down and abandoning module AndroidPermission (226)
[2018.01.29-19.59.21:758][236]LogModuleManager: Shutting down and abandoning module HTML5Networking (222)
[2018.01.29-19.59.21:758][236]LogModuleManager: Shutting down and abandoning module VisualStudioSourceCodeAccess (220)
[2018.01.29-19.59.21:759][236]LogModuleManager: Shutting down and abandoning module DesktopPlatform (219)
[2018.01.29-19.59.21:759][236]LogModuleManager: Shutting down and abandoning module HotReload (217)
[2018.01.29-19.59.21:759][236]LogModuleManager: Shutting down and abandoning module UObjectPlugin (214)
[2018.01.29-19.59.21:759][236]LogModuleManager: Shutting down and abandoning module SubversionSourceControl (212)
[2018.01.29-19.59.21:759][236]LogModuleManager: Shutting down and abandoning module PerforceSourceControl (210)
[2018.01.29-19.59.21:759][236]LogModuleManager: Shutting down and abandoning module SourceControl (209)
[2018.01.29-19.59.21:759][236]LogModuleManager: Shutting down and abandoning module PhysXVehiclesEditor (206)
[2018.01.29-19.59.21:759][236]LogModuleManager: Shutting down and abandoning module PhysXVehicles (204)
[2018.01.29-19.59.21:759][236]LogModuleManager: Shutting down and abandoning module LocationServicesBPLibrary (202)
[2018.01.29-19.59.21:759][236]LogModuleManager: Shutting down and abandoning module ImmediatePhysicsEditor (200)
[2018.01.29-19.59.21:759][236]LogModuleManager: Shutting down and abandoning module ImmediatePhysics (198)
[2018.01.29-19.59.21:759][236]LogModuleManager: Shutting down and abandoning module UdpMessaging (196)
[2018.01.29-19.59.21:860][236]LogModuleManager: Shutting down and abandoning module TcpMessaging (194)
[2018.01.29-19.59.22:260][236]LogModuleManager: Shutting down and abandoning module GameplayTagsEditor (192)
[2018.01.29-19.59.22:260][236]LogModuleManager: Shutting down and abandoning module FacialAnimation (190)
[2018.01.29-19.59.22:260][236]LogModuleManager: Shutting down and abandoning module AssetManagerEditor (188)
[2018.01.29-19.59.22:260][236]LogModuleManager: Shutting down and abandoning module GraphEditor (187)
[2018.01.29-19.59.22:260][236]LogModuleManager: Shutting down and abandoning module ContentBrowser (185)
[2018.01.29-19.59.22:262][236]LogModuleManager: Shutting down and abandoning module CollectionManager (184)
[2018.01.29-19.59.22:262][236]LogDirectoryWatcher: A directory notification for 'F:/FMP/RPG_Game/RPG_Game/Content/Collections/' was aborted.
[2018.01.29-19.59.22:262][236]LogDirectoryWatcher: A directory notification for 'F:/FMP/RPG_Game/RPG_Game/Content/Developers/Jordan/Collections/' was aborted.
[2018.01.29-19.59.22:262][236]LogDirectoryWatcher: A directory notification for 'F:/FMP/RPG_Game/RPG_Game/Saved/Collections/' was aborted.
[2018.01.29-19.59.22:262][236]LogModuleManager: Shutting down and abandoning module DirectoryWatcher (183)
[2018.01.29-19.59.22:263][236]LogModuleManager: Shutting down and abandoning module LightPropagationVolumeRuntime (178)
[2018.01.29-19.59.22:263][236]LogModuleManager: Shutting down and abandoning module Paper2D (176)
[2018.01.29-19.59.22:263][236]LogModuleManager: Shutting down and abandoning module WindowsMoviePlayer (174)
[2018.01.29-19.59.22:263][236]LogModuleManager: Shutting down and abandoning module WmfMedia (172)
[2018.01.29-19.59.22:264][236]LogModuleManager: Shutting down and abandoning module ClothingSystemEditor (170)
[2018.01.29-19.59.22:264][236]LogModuleManager: Shutting down and abandoning module ClothingSystemRuntime (168)
[2018.01.29-19.59.22:264][236]LogModuleManager: Shutting down and abandoning module MediaAssets (166)
[2018.01.29-19.59.22:264][236]LogModuleManager: Shutting down and abandoning module GameLiveStreaming (164)
[2018.01.29-19.59.22:264][236]LogModuleManager: Shutting down and abandoning module VREditor (162)
[2018.01.29-19.59.22:264][236]LogModuleManager: Shutting down and abandoning module StringTableEditor (160)
[2018.01.29-19.59.22:264][236]LogModuleManager: Shutting down and abandoning module GameplayTasksEditor (158)
[2018.01.29-19.59.22:264][236]LogModuleManager: Shutting down and abandoning module BehaviorTreeEditor (156)
[2018.01.29-19.59.22:264][236]LogModuleManager: Shutting down and abandoning module FunctionalTesting (154)
[2018.01.29-19.59.22:264][236]LogModuleManager: Shutting down and abandoning module CollisionAnalyzer (152)
[2018.01.29-19.59.22:264][236]LogModuleManager: Shutting down and abandoning module UMG (150)
[2018.01.29-19.59.22:264][236]LogModuleManager: Shutting down and abandoning module UMGEditor (149)
[2018.01.29-19.59.22:264][236]LogModuleManager: Shutting down and abandoning module Sequencer (148)
[2018.01.29-19.59.22:264][236]LogModuleManager: Shutting down and abandoning module AssetTools (146)
[2018.01.29-19.59.22:265][236]LogModuleManager: Shutting down and abandoning module MessageLog (145)
[2018.01.29-19.59.22:265][236]LogModuleManager: Shutting down and abandoning module WorkspaceMenuStructure (144)
[2018.01.29-19.59.22:265][236]LogModuleManager: Shutting down and abandoning module SlateReflector (138)
[2018.01.29-19.59.22:265][236]LogModuleManager: Shutting down and abandoning module Slate (136)
[2018.01.29-19.59.22:265][236]LogModuleManager: Shutting down and abandoning module EditorStyle (134)
[2018.01.29-19.59.22:268][236]LogModuleManager: Shutting down and abandoning module Messaging (132)
[2018.01.29-19.59.22:268][236]LogModuleManager: Shutting down and abandoning module SourceCodeAccess (130)
[2018.01.29-19.59.22:268][236]LogModuleManager: Shutting down and abandoning module HeadMountedDisplay (128)
[2018.01.29-19.59.22:268][236]LogModuleManager: Shutting down and abandoning module XAudio2 (126)
[2018.01.29-19.59.22:268][236]LogModuleManager: Shutting down and abandoning module Networking (124)
[2018.01.29-19.59.22:268][236]LogModuleManager: Shutting down and abandoning module Core (120)
[2018.01.29-19.59.22:268][236]LogModuleManager: Shutting down and abandoning module KismetCompiler (118)
[2018.01.29-19.59.22:268][236]LogModuleManager: Shutting down and abandoning module LevelSequence (116)
[2018.01.29-19.59.22:268][236]LogModuleManager: Shutting down and abandoning module PhysXFormats (114)
[2018.01.29-19.59.22:268][236]LogModuleManager: Shutting down and abandoning module MeshUtilities (112)
[2018.01.29-19.59.22:268][236]LogModuleManager: Shutting down and abandoning module SimplygonSwarm (111)
[2018.01.29-19.59.22:268][236]LogModuleManager: Shutting down and abandoning module SimplygonMeshReduction (109)
[2018.01.29-19.59.22:268][236]LogModuleManager: Shutting down and abandoning module QuadricMeshReduction (107)
[2018.01.29-19.59.22:268][236]LogModuleManager: Shutting down and abandoning module AssetRegistry (104)
[2018.01.29-19.59.22:268][236]LogModuleManager: Shutting down and abandoning module DerivedDataCache (102)
[2018.01.29-19.59.22:543][236]LogDerivedDataCache: Shutdown
[2018.01.29-19.59.22:543][236]LogModuleManager: Shutting down and abandoning module TargetPlatform (100)
[2018.01.29-19.59.22:543][236]LogModuleManager: Shutting down and abandoning module VulkanShaderFormat (99)
[2018.01.29-19.59.22:543][236]LogModuleManager: Shutting down and abandoning module ShaderFormatVectorVM (97)
[2018.01.29-19.59.22:543][236]LogModuleManager: Shutting down and abandoning module ShaderFormatOpenGL (95)
[2018.01.29-19.59.22:543][236]LogModuleManager: Shutting down and abandoning module ShaderFormatD3D (93)
[2018.01.29-19.59.22:543][236]LogModuleManager: Shutting down and abandoning module MetalShaderFormat (91)
[2018.01.29-19.59.22:543][236]LogModuleManager: Shutting down and abandoning module TextureFormatUncompressed (89)
[2018.01.29-19.59.22:544][236]LogModuleManager: Shutting down and abandoning module TextureFormatPVR (87)
[2018.01.29-19.59.22:544][236]LogModuleManager: Shutting down and abandoning module TextureFormatDXT (85)
[2018.01.29-19.59.22:544][236]LogModuleManager: Shutting down and abandoning module TextureFormatIntelISPCTexComp (83)
[2018.01.29-19.59.22:544][236]LogModuleManager: Shutting down and abandoning module TextureFormatASTC (81)
[2018.01.29-19.59.22:544][236]LogModuleManager: Shutting down and abandoning module ImageWrapper (80)
[2018.01.29-19.59.22:544][236]LogModuleManager: Shutting down and abandoning module TextureFormatAndroid (77)
[2018.01.29-19.59.22:544][236]LogModuleManager: Shutting down and abandoning module AudioFormatOpus (75)
[2018.01.29-19.59.22:544][236]LogModuleManager: Shutting down and abandoning module AudioFormatOgg (73)
[2018.01.29-19.59.22:544][236]LogModuleManager: Shutting down and abandoning module AudioFormatADPCM (71)
[2018.01.29-19.59.22:544][236]LogModuleManager: Shutting down and abandoning module WindowsTargetPlatform (69)
[2018.01.29-19.59.22:544][236]LogModuleManager: Shutting down and abandoning module WindowsServerTargetPlatform (67)
[2018.01.29-19.59.22:544][236]LogModuleManager: Shutting down and abandoning module WindowsNoEditorTargetPlatform (65)
[2018.01.29-19.59.22:544][236]LogModuleManager: Shutting down and abandoning module WindowsClientTargetPlatform (63)
[2018.01.29-19.59.22:544][236]LogModuleManager: Shutting down and abandoning module InputCore (60)
[2018.01.29-19.59.22:544][236]LogModuleManager: Shutting down and abandoning module Settings (58)
[2018.01.29-19.59.22:544][236]LogModuleManager: Shutting down and abandoning module OculusRift (56)
[2018.01.29-19.59.22:544][236]LogModuleManager: Shutting down and abandoning module GearVRController (54)
[2018.01.29-19.59.22:544][236]LogModuleManager: Shutting down and abandoning module GearVR (52)
[2018.01.29-19.59.22:544][236]LogModuleManager: Shutting down and abandoning module ExampleDeviceProfileSelector (50)
[2018.01.29-19.59.22:544][236]LogModuleManager: Shutting down and abandoning module OnlineBlueprintSupport (48)
[2018.01.29-19.59.22:544][236]LogModuleManager: Shutting down and abandoning module OnlineSubsystem (44)
[2018.01.29-19.59.22:544][236]LogOnline:Display: Unloading online subsystem: NULL
[2018.01.29-19.59.22:544][236]LogModuleManager: Shutting down and abandoning module XMPP (43)
[2018.01.29-19.59.22:544][236]LogModuleManager: Shutting down and abandoning module HTTP (41)
[2018.01.29-19.59.22:566][236]LogModuleManager: Shutting down and abandoning module SSL (40)
[2018.01.29-19.59.22:568][236]LogModuleManager: Shutting down and abandoning module HTTPChunkInstaller (36)
[2018.01.29-19.59.22:568][236]LogModuleManager: Shutting down and abandoning module AnimationModifiers (34)
[2018.01.29-19.59.22:568][236]LogModuleManager: Shutting down and abandoning module PropertyEditor (33)
[2018.01.29-19.59.22:568][236]LogModuleManager: Shutting down and abandoning module AudioEditor (30)
[2018.01.29-19.59.22:568][236]LogModuleManager: Shutting down and abandoning module TextureCompressor (28)
[2018.01.29-19.59.22:568][236]LogModuleManager: Shutting down and abandoning module ShaderCore (26)
[2018.01.29-19.59.22:568][236]LogModuleManager: Shutting down and abandoning module Landscape (24)
[2018.01.29-19.59.22:568][236]LogModuleManager: Shutting down and abandoning module SlateRHIRenderer (22)
[2018.01.29-19.59.22:569][236]LogModuleManager: Shutting down and abandoning module OpenGLDrv (20)
[2018.01.29-19.59.22:569][236]LogModuleManager: Shutting down and abandoning module D3D11RHI (18)
[2018.01.29-19.59.22:569][236]LogModuleManager: Shutting down and abandoning module AnimGraphRuntime (16)
[2018.01.29-19.59.22:569][236]LogModuleManager: Shutting down and abandoning module Renderer (14)
[2018.01.29-19.59.22:569][236]LogModuleManager: Shutting down and abandoning module Engine (12)
[2018.01.29-19.59.22:569][236]LogModuleManager: Shutting down and abandoning module CoreUObject (10)
[2018.01.29-19.59.22:569][236]LogModuleManager: Shutting down and abandoning module NetworkFile (8)
[2018.01.29-19.59.22:569][236]LogModuleManager: Shutting down and abandoning module StreamingFile (6)
[2018.01.29-19.59.22:569][236]LogModuleManager: Shutting down and abandoning module SandboxFile (4)
[2018.01.29-19.59.22:569][236]LogModuleManager: Shutting down and abandoning module PakFile (2)
[2018.01.29-19.59.22:570][236]LogExit: Exiting.
[2018.01.29-19.59.22:572][236]Log file closed, 01/29/18 19:59:22
=======
LogInit: Command line:  /Temp/Autosaves/Game/Maps/UEDPCHelloWorld -game -PIEVIACONSOLE -ResX=1280 -ResY=720  -Multiprocess -messaging -SessionName="Play in Standalone Game" -windowed 
LogInit: Base directory: D:/Program Files/UE_4.16/Engine/Binaries/Win64/
LogInit: Installed Engine Build: 1
LogInit: Presizing for max 8388607 objects, including 0 objects not considered by GC, pre-allocating 0 bytes for permanent pool.
LogInit: Object subsystem initialized
[2018.01.29-19.53.24:198][  0]LogInit: Selected Device Profile: [Windows]
[2018.01.29-19.53.24:198][  0]LogInit: Applying CVar settings loaded from the selected device profile: [Windows]
[2018.01.29-19.53.24:200][  0]LogInit: Computer: DESKTOP-46CB9MQ
[2018.01.29-19.53.24:200][  0]LogInit: User: JoshR
[2018.01.29-19.53.24:200][  0]LogInit: CPU Page size=4096, Cores=4
[2018.01.29-19.53.24:200][  0]LogInit: High frequency timer resolution =3.421878 MHz
[2018.01.29-19.53.24:201][  0]LogMemory: Memory total: Physical=16.0GB (16GB approx)
[2018.01.29-19.53.24:201][  0]LogMemory: Platform Memory Stats for Windows
[2018.01.29-19.53.24:201][  0]LogMemory: Process Physical Memory: 273.16 MB used, 273.16 MB peak
[2018.01.29-19.53.24:201][  0]LogMemory: Process Virtual Memory: 266.68 MB used, 266.68 MB peak
[2018.01.29-19.53.24:201][  0]LogMemory: Physical Memory: 5403.55 MB used,  10940.46 MB free, 16344.00 MB total
[2018.01.29-19.53.24:201][  0]LogMemory: Virtual Memory: 662.43 MB used,  10940.46 MB free, 134217728.00 MB total
[2018.01.29-19.53.24:248][  0]LogInit: Using OS detected language (en-GB).
[2018.01.29-19.53.24:248][  0]LogInit: Using OS detected locale (en-GB).
[2018.01.29-19.53.24:251][  0]LogTextLocalizationManager: No specific localization for 'en-GB' exists, so the 'en' localization will be used.
[2018.01.29-19.53.24:825][  0]LogD3D11RHI: D3D11 adapters:
[2018.01.29-19.53.24:858][  0]LogD3D11RHI:    0. 'NVIDIA GeForce GTX 970' (Feature Level 11_0)
[2018.01.29-19.53.24:858][  0]LogD3D11RHI:       4043/0/8172 MB DedicatedVideo/DedicatedSystem/SharedSystem, Outputs:1, VendorId:0x10de
[2018.01.29-19.53.24:860][  0]LogD3D11RHI:    1. 'Microsoft Basic Render Driver' (Feature Level 11_0)
[2018.01.29-19.53.24:860][  0]LogD3D11RHI:       0/0/8172 MB DedicatedVideo/DedicatedSystem/SharedSystem, Outputs:0, VendorId:0x1414
[2018.01.29-19.53.24:860][  0]LogD3D11RHI: Chosen D3D11 Adapter: 0
[2018.01.29-19.53.24:864][  0]LogD3D11RHI: Creating new Direct3DDevice
[2018.01.29-19.53.24:864][  0]LogD3D11RHI:     GPU DeviceId: 0x13c2 (for the marketing name, search the web for "GPU Device Id")
[2018.01.29-19.53.24:864][  0]LogWindows: EnumDisplayDevices:
[2018.01.29-19.53.24:864][  0]LogWindows:    0. 'NVIDIA GeForce GTX 970' (P:1 D:1)
[2018.01.29-19.53.24:864][  0]LogWindows:    1. 'NVIDIA GeForce GTX 970' (P:0 D:0)
[2018.01.29-19.53.24:864][  0]LogWindows:    2. 'NVIDIA GeForce GTX 970' (P:0 D:0)
[2018.01.29-19.53.24:864][  0]LogWindows:    3. 'NVIDIA GeForce GTX 970' (P:0 D:0)
[2018.01.29-19.53.24:865][  0]LogWindows: DebugString: GetVideoDriverDetailsInvalid PrimaryIsNotTheChoosenAdapter GetVideoDriverDetailsInvalid PrimaryIsNotTheChoosenAdapter GetVideoDriverDetailsInvalid PrimaryIsNotTheChoosenAdapter GetVideoDriverDetailsInvalid PrimaryIsNotTheChoosenAdapter FoundDriverCount:0 
[2018.01.29-19.53.24:865][  0]LogD3D11RHI:     Adapter Name: NVIDIA GeForce GTX 970
[2018.01.29-19.53.24:865][  0]LogD3D11RHI:   Driver Version: Unknown (internal:Unknown, unified:Unknown)
[2018.01.29-19.53.24:865][  0]LogD3D11RHI:      Driver Date: Unknown
[2018.01.29-19.53.24:865][  0]LogRHI: Texture pool is 1361 MB (70% of 1945 MB)
[2018.01.29-19.53.24:887][  0]LogD3D11RHI: Async texture creation enabled
[2018.01.29-19.53.24:906][  0]LogD3D11RHI: GPU Timing Frequency: 1000.000000 (Debug: 2 2)
[2018.01.29-19.53.24:908][  0]LogShaderCompilers: Guid format shader working directory is -17 characters bigger than the processId version (../../../../../Users/JoshR/Documents/GitHub/FMP_RPG_Game_Charm/Intermediate/Shaders/WorkingDirectory/11888/).
[2018.01.29-19.53.24:908][  0]LogShaderCompilers: Cleaned the shader compiler working directory 'C:/Users/JoshR/AppData/Local/Temp/UnrealShaderWorkingDir/16078E8147EA1CA79BCB558D90838BE3/'.
[2018.01.29-19.53.24:908][  0]LogShaderCompilers:Display: Using Local Shader Compiler.
[2018.01.29-19.53.25:731][  0]LogTemp:Display: Loaded TP WindowsClientTargetPlatform
[2018.01.29-19.53.25:765][  0]LogTemp:Display: Loaded TP WindowsNoEditorTargetPlatform
[2018.01.29-19.53.25:800][  0]LogTemp:Display: Loaded TP WindowsServerTargetPlatform
[2018.01.29-19.53.25:835][  0]LogTemp:Display: Loaded TP WindowsTargetPlatform
[2018.01.29-19.53.25:835][  0]LogTargetPlatformManager:Display: Building Assets For Windows
[2018.01.29-19.53.26:154][  0]LogDerivedDataCache:Display: Max Cache Size: 512 MB
[2018.01.29-19.53.26:227][  0]LogDerivedDataCache: Loaded boot cache 0.07s 90MB C:/Users/JoshR/AppData/Local/UnrealEngine/4.16/DerivedDataCache/Boot.ddc.
[2018.01.29-19.53.26:228][  0]LogDerivedDataCache:Display: Loaded Boot cache: C:/Users/JoshR/AppData/Local/UnrealEngine/4.16/DerivedDataCache/Boot.ddc
[2018.01.29-19.53.26:228][  0]LogDerivedDataCache: FDerivedDataBackendGraph:  Pak pak cache file ../../../../../Users/JoshR/Documents/GitHub/FMP_RPG_Game_Charm/DerivedDataCache/DDC.ddp not found, will not use a pak cache.
[2018.01.29-19.53.26:228][  0]LogDerivedDataCache: Unable to find inner node Pak for hierarchical cache Hierarchy.
[2018.01.29-19.53.26:228][  0]LogDerivedDataCache: FDerivedDataBackendGraph:  CompressedPak pak cache file ../../../../../Users/JoshR/Documents/GitHub/FMP_RPG_Game_Charm/DerivedDataCache/Compressed.ddp not found, will not use a pak cache.
[2018.01.29-19.53.26:228][  0]LogDerivedDataCache: Unable to find inner node CompressedPak for hierarchical cache Hierarchy.
[2018.01.29-19.53.26:241][  0]LogDerivedDataCache:Display: Pak cache opened for reading ../../../Engine/DerivedDataCache/Compressed.ddp.
[2018.01.29-19.53.26:254][  0]LogDerivedDataCache: Using Local data cache path C:/Users/JoshR/AppData/Local/UnrealEngine/Common/DerivedDataCache: Writable
[2018.01.29-19.53.26:262][  0]LogMaterial: Verifying Global Shaders for PCD3D_SM5
[2018.01.29-19.53.26:262][  0]LogSlate: Using Freetype 2.6.0
[2018.01.29-19.53.26:263][  0]LogSlate: SlateFontCache - WITH_FREETYPE: 1, WITH_HARFBUZZ: 1
[2018.01.29-19.53.26:263][  0]LogSlate: SlateFontCache - WITH_FREETYPE: 1, WITH_HARFBUZZ: 1
[2018.01.29-19.53.26:476][  0]LogAssetRegistry: FAssetRegistry took 0.0031 seconds to start up
[2018.01.29-19.53.26:483][  0]LogPackageLocalizationCache: Processed 4 localized package path(s) for 2 prioritized culture(s) in 0.007588 seconds
[2018.01.29-19.53.26:550][  0]LogInit: Selected Device Profile: [Windows]
[2018.01.29-19.53.26:603][  0]LogContentStreaming: Texture pool size is 1000.00 MB
[2018.01.29-19.53.26:718][  0]LogMeshUtilities: Using QuadricMeshReduction for automatic static mesh reduction
[2018.01.29-19.53.26:749][  0]LogSimplygon: Simplygon DLL not present - disabling.
[2018.01.29-19.53.26:783][  0]LogMeshUtilities: Using SimplygonSwarm for distributed automatic mesh merging
[2018.01.29-19.53.26:783][  0]LogMeshUtilities: No automatic skeletal mesh reduction module available
[2018.01.29-19.53.26:783][  0]LogMeshUtilities: No automatic mesh merging module available
[2018.01.29-19.53.27:157][  0]LogNetVersion: RPG_Game , NetCL: 3452394, EngineNetVer: 2, GameNetVer: 0 (Checksum: 2586067795)
[2018.01.29-19.53.27:205][  0]LogInit: WinSock: version 1.1 (2.2), MaxSocks=32767, MaxUdp=65467
[2018.01.29-19.53.27:916][  0]LogMoviePlayer: Initializing movie player
[2018.01.29-19.53.28:165][  0]LogCollectionManager: Loaded 0 collections in 0.000992 seconds
[2018.01.29-19.53.28:212][  0]LogFileCache: Scanning file cache for directory 'D:/Users/JoshR/Documents/GitHub/FMP_RPG_Game_Charm/Saved/Collections/' took 0.01s
[2018.01.29-19.53.28:212][  0]LogFileCache: Scanning file cache for directory 'D:/Users/JoshR/Documents/GitHub/FMP_RPG_Game_Charm/Content/Developers/JoshR/Collections/' took 0.01s
[2018.01.29-19.53.28:212][  0]LogCollectionManager: Rebuilt the object cache for 0 collections in 0.000001 seconds (found 0 objects)
[2018.01.29-19.53.28:212][  0]LogFileCache: Scanning file cache for directory 'D:/Users/JoshR/Documents/GitHub/FMP_RPG_Game_Charm/Content/Collections/' took 0.01s
[2018.01.29-19.53.28:212][  0]LogCollectionManager: Fixed up redirectors for 0 collections in 0.000027 seconds (updated 0 objects)
[2018.01.29-19.53.28:326][  0]LogTcpMessaging: Initializing TcpMessaging bridge
[2018.01.29-19.53.28:357][  0]LogUdpMessaging: Initializing bridge on interface 0.0.0.0:0 to multicast group 230.0.0.1:6666.
[2018.01.29-19.53.28:650][  0]SourceControl: Info Source control is disabled
[2018.01.29-19.53.28:650][  0]SourceControl: Info Source control is disabled
[2018.01.29-19.53.28:684][  0]SourceControl: Info Source control is disabled
[2018.01.29-19.53.28:865][  0]LogAndroidPermission: UAndroidPermissionCallbackProxy::GetInstance
[2018.01.29-19.53.29:174][  0]LogUObjectArray: 37220 objects as part of root set at end of initial load.
[2018.01.29-19.53.29:174][  0]LogUObjectAllocator: 8398840 out of 0 bytes used by permanent object pool.
[2018.01.29-19.53.29:174][  0]LogUObjectArray: CloseDisregardForGC: 0/0 objects in disregard for GC pool
[2018.01.29-19.53.29:251][  0]LogEngine: Initializing Engine...
[2018.01.29-19.53.29:252][  0]LogHMD: Failed to initialize OpenVR with code 110
[2018.01.29-19.53.29:401][  0]LogStats: UGameplayTagsManager::ConstructGameplayTagTree: Construct from data asset -  0.000 s
[2018.01.29-19.53.29:401][  0]LogStats: UGameplayTagsManager::ConstructGameplayTagTree: GameplayTagTreeChangedEvent.Broadcast -  0.000 s
[2018.01.29-19.53.29:412][  0]LogInit: XAudio2 using 'Headset Earphone (2- Corsair VOID RGB Wireless Gaming Headset)' : 6 channels at 48 kHz using 16 bits per sample (channel mask 0x3f)
[2018.01.29-19.53.29:532][  0]LogInit: FAudioDevice initialized.
[2018.01.29-19.53.29:552][  0]LogInit: Texture streaming: Enabled
[2018.01.29-19.53.29:562][  0]LogMaterial: Uniform references updated for custom material expression Custom.
[2018.01.29-19.53.29:744][  0]LogSlateStyle:Warning: Unable to find Slate Widget Style 'NormalText'. Using FTextBlockStyle defaults instead.
[2018.01.29-19.53.29:744][  0]LogSlateStyle:Warning: Unable to find Slate Widget Style 'SpinBox'. Using FSpinBoxStyle defaults instead.
[2018.01.29-19.53.29:885][  0]LogInit:Display: Game Engine Initialized.
[2018.01.29-19.53.29:988][  0]LogInit:Display: Starting Game.
[2018.01.29-19.53.29:988][  0]LogNet: Browse: /Temp/Autosaves/Game/Maps/UEDPCHelloWorld?Name=Player
[2018.01.29-19.53.29:988][  0]LogLoad: LoadMap: /Temp/Autosaves/Game/Maps/UEDPCHelloWorld?Name=Player
[2018.01.29-19.53.30:002][  0]LogMemory: Platform Memory Stats for Windows
[2018.01.29-19.53.30:002][  0]LogMemory: Process Physical Memory: 801.36 MB used, 902.35 MB peak
[2018.01.29-19.53.30:002][  0]LogMemory: Process Virtual Memory: 908.37 MB used, 961.33 MB peak
[2018.01.29-19.53.30:002][  0]LogMemory: Physical Memory: 5844.33 MB used,  10499.67 MB free, 16344.00 MB total
[2018.01.29-19.53.30:002][  0]LogMemory: Virtual Memory: 1538.97 MB used,  10499.67 MB free, 134217728.00 MB total
[2018.01.29-19.53.30:002][  0]LogMemory: 
[2018.01.29-19.53.30:002][  0]Allocator Stats for TBB: (not implemented)
[2018.01.29-19.53.30:210][  0]LogAIModule: Creating AISystem for world HelloWorld
[2018.01.29-19.53.30:256][  0]LogLoad: Game class is 'FuseGM_C'
[2018.01.29-19.53.30:277][  0]PIE:Warning: Warning Trying to simulate physics on ''/Temp/Autosaves/Game/Maps/UEDPCHelloWorld.HelloWorld:PersistentLevel.Remote_71.StaticMesh'' but it has ComplexAsSimple collision.
[2018.01.29-19.53.30:277][  0]LogWorld: Bringing World /Temp/Autosaves/Game/Maps/UEDPCHelloWorld.HelloWorld up for play (max tick rate 0) at 2018.01.29-19.53.30
[2018.01.29-19.53.30:278][  0]LogWorld: Bringing up level for play took: 0.021099
[2018.01.29-19.53.30:280][  0]LogLoad: Took 0.291183 seconds to LoadMap(/Temp/Autosaves/Game/Maps/UEDPCHelloWorld)
[2018.01.29-19.53.30:419][  0]LogRenderer: Reallocating scene render targets to support 1280x720 NumSamples 1 (Frame:1).
[2018.01.29-19.53.30:419][  0]LogLoad: (Engine Initialization) Total time: 7.34 seconds
[2018.01.29-19.53.30:419][  0]LogLoad: (Engine Initialization) Total Blueprint compile time: 0.06 seconds
[2018.01.29-19.53.30:419][  0]LogExternalProfiler: No external profilers were discovered.  External profiling features will not be available.
[2018.01.29-19.53.30:435][  0]LogOcInput: OculusInput pre-init called
[2018.01.29-19.53.30:435][  0]LogHMD: Starting GearVRController plugin
[2018.01.29-19.53.30:565][  8]LogScript:Warning: Accessed None trying to read property HeldItem
	PlayerCharacter_C /Temp/Autosaves/Game/Maps/UEDPCHelloWorld.HelloWorld:PersistentLevel.PlayerCharacter_C_0
	Function /Game/PlayerCharacter.PlayerCharacter_C:ExecuteUbergraph_PlayerCharacter:022B
[2018.01.29-19.53.30:565][  8]LogScript:Warning: Script call stack:
	Function /Game/PlayerCharacter.PlayerCharacter_C:InpActEvt_LeftMouseButton_K2Node_InputKeyEvent_5
	Function /Game/PlayerCharacter.PlayerCharacter_C:ExecuteUbergraph_PlayerCharacter

[2018.01.29-19.53.33:114][162]LogPackageName: SearchForPackageOnDisk took   0.065s to resolve Menu.umap.
[2018.01.29-19.53.33:176][162]LogPackageName: SearchForPackageOnDisk took   0.061s to resolve Menu.umap.
[2018.01.29-19.53.33:176][162]LogNet: Browse: /Game/Maps/Menu
[2018.01.29-19.53.33:176][162]LogLoad: LoadMap: /Game/Maps/Menu
[2018.01.29-19.53.33:193][162]LogMemory: Platform Memory Stats for Windows
[2018.01.29-19.53.33:193][162]LogMemory: Process Physical Memory: 839.07 MB used, 902.35 MB peak
[2018.01.29-19.53.33:193][162]LogMemory: Process Virtual Memory: 1152.37 MB used, 1152.37 MB peak
[2018.01.29-19.53.33:193][162]LogMemory: Physical Memory: 5872.74 MB used,  10471.27 MB free, 16344.00 MB total
[2018.01.29-19.53.33:193][162]LogMemory: Virtual Memory: 1848.91 MB used,  10471.27 MB free, 134217728.00 MB total
[2018.01.29-19.53.33:193][162]LogMemory: 
[2018.01.29-19.53.33:193][162]Allocator Stats for TBB: (not implemented)
[2018.01.29-19.53.33:224][162]LogAIModule: Creating AISystem for world Menu
[2018.01.29-19.53.33:275][162]LogLoad: Game class is 'FuseGM_C'
[2018.01.29-19.53.33:277][162]LogWorld: Bringing World /Game/Maps/Menu.Menu up for play (max tick rate 0) at 2018.01.29-19.53.33
[2018.01.29-19.53.33:277][162]LogWorld: Bringing up level for play took: 0.000439
[2018.01.29-19.53.33:277][162]LogGameMode: FindPlayerStart: PATHS NOT DEFINED or NO PLAYERSTART with positive rating
[2018.01.29-19.53.33:278][162]LogLoad: Took 0.102198 seconds to LoadMap(/Game/Maps/Menu)
[2018.01.29-19.53.45:300][904]LogPackageName: SearchForPackageOnDisk took   0.063s to resolve HelloWorld.umap.
[2018.01.29-19.53.45:363][904]LogPackageName: SearchForPackageOnDisk took   0.062s to resolve HelloWorld.umap.
[2018.01.29-19.53.45:363][904]LogNet: Browse: /Game/Maps/HelloWorld
[2018.01.29-19.53.45:363][904]LogLoad: LoadMap: /Game/Maps/HelloWorld
[2018.01.29-19.53.45:377][904]LogMemory: Platform Memory Stats for Windows
[2018.01.29-19.53.45:377][904]LogMemory: Process Physical Memory: 824.27 MB used, 902.35 MB peak
[2018.01.29-19.53.45:377][904]LogMemory: Process Virtual Memory: 1021.62 MB used, 1160.59 MB peak
[2018.01.29-19.53.45:377][904]LogMemory: Physical Memory: 5858.97 MB used,  10485.04 MB free, 16344.00 MB total
[2018.01.29-19.53.45:377][904]LogMemory: Virtual Memory: 1756.91 MB used,  10485.04 MB free, 134217728.00 MB total
[2018.01.29-19.53.45:377][904]LogMemory: 
[2018.01.29-19.53.45:377][904]Allocator Stats for TBB: (not implemented)
[2018.01.29-19.53.45:494][904]LogAIModule: Creating AISystem for world HelloWorld
[2018.01.29-19.53.45:538][904]LogLoad: Game class is 'FuseGM_C'
[2018.01.29-19.53.45:557][904]PIE:Warning: Warning Trying to simulate physics on ''/Game/Maps/HelloWorld.HelloWorld:PersistentLevel.Remote_71.StaticMesh'' but it has ComplexAsSimple collision.
[2018.01.29-19.53.45:558][904]LogWorld: Bringing World /Game/Maps/HelloWorld.HelloWorld up for play (max tick rate 0) at 2018.01.29-19.53.45
[2018.01.29-19.53.45:559][904]LogWorld: Bringing up level for play took: 0.019881
[2018.01.29-19.53.45:560][904]LogLoad: Took 0.197123 seconds to LoadMap(/Game/Maps/HelloWorld)
[2018.01.29-19.53.46:132][940]LogScript:Warning: Accessed None trying to read property HeldItem
	PlayerCharacter_C /Game/Maps/HelloWorld.HelloWorld:PersistentLevel.PlayerCharacter_C_0
	Function /Game/PlayerCharacter.PlayerCharacter_C:ExecuteUbergraph_PlayerCharacter:022B
[2018.01.29-19.53.46:132][940]LogScript:Warning: Script call stack:
	Function /Game/PlayerCharacter.PlayerCharacter_C:InpActEvt_LeftMouseButton_K2Node_InputKeyEvent_5
	Function /Game/PlayerCharacter.PlayerCharacter_C:ExecuteUbergraph_PlayerCharacter

[2018.01.29-19.53.49:292][132]LogPackageName: SearchForPackageOnDisk took   0.063s to resolve Menu.umap.
[2018.01.29-19.53.49:356][132]LogPackageName: SearchForPackageOnDisk took   0.064s to resolve Menu.umap.
[2018.01.29-19.53.49:356][132]LogNet: Browse: /Game/Maps/Menu
[2018.01.29-19.53.49:357][132]LogLoad: LoadMap: /Game/Maps/Menu
[2018.01.29-19.53.49:375][132]LogMemory: Platform Memory Stats for Windows
[2018.01.29-19.53.49:375][132]LogMemory: Process Physical Memory: 806.12 MB used, 902.35 MB peak
[2018.01.29-19.53.49:375][132]LogMemory: Process Virtual Memory: 1042.08 MB used, 1160.59 MB peak
[2018.01.29-19.53.49:375][132]LogMemory: Physical Memory: 5834.46 MB used,  10509.54 MB free, 16344.00 MB total
[2018.01.29-19.53.49:375][132]LogMemory: Virtual Memory: 1796.72 MB used,  10509.54 MB free, 134217728.00 MB total
[2018.01.29-19.53.49:375][132]LogMemory: 
[2018.01.29-19.53.49:375][132]Allocator Stats for TBB: (not implemented)
[2018.01.29-19.53.49:405][132]LogAIModule: Creating AISystem for world Menu
[2018.01.29-19.53.49:455][132]LogLoad: Game class is 'FuseGM_C'
[2018.01.29-19.53.49:457][132]LogWorld: Bringing World /Game/Maps/Menu.Menu up for play (max tick rate 0) at 2018.01.29-19.53.49
[2018.01.29-19.53.49:457][132]LogWorld: Bringing up level for play took: 0.000653
[2018.01.29-19.53.49:458][132]LogGameMode: FindPlayerStart: PATHS NOT DEFINED or NO PLAYERSTART with positive rating
[2018.01.29-19.53.49:460][132]LogLoad: Took 0.102906 seconds to LoadMap(/Game/Maps/Menu)
[2018.01.29-19.53.49:978][165]Closing by request
[2018.01.29-19.53.49:978][165]LogWindows: FPlatformMisc::RequestExit(0)
[2018.01.29-19.53.50:286][166]LogWindowsTextInputMethodSystem:Display: IME system now deactivated.
[2018.01.29-19.53.50:292][166]LogExit: Preparing to exit.
[2018.01.29-19.53.50:292][166]LogMoviePlayer: Shutting down movie player
[2018.01.29-19.53.51:492][166]LogExit: Game engine shut down
[2018.01.29-19.53.51:554][166]LogObj: Freed 0b from 0 cluster array pools.
[2018.01.29-19.53.51:554][166]LogExit: Object subsystem successfully closed.
[2018.01.29-19.53.51:576][166]LogD3D11RHI: Shutdown
[2018.01.29-19.53.51:576][166]LogD3D11RHI: CleanupD3DDevice
[2018.01.29-19.53.51:627][166]LogD3D11RHI: ~FD3D11DynamicRHI
[2018.01.29-19.53.51:634][166]LogModuleManager: Shutting down and abandoning module SequenceRecorderSections (296)
[2018.01.29-19.53.51:634][166]LogModuleManager: Shutting down and abandoning module SequenceRecorder (294)
[2018.01.29-19.53.51:634][166]LogModuleManager: Shutting down and abandoning module AutomationController (292)
[2018.01.29-19.53.51:634][166]LogModuleManager: Shutting down and abandoning module AutomationWorker (290)
[2018.01.29-19.53.51:634][166]LogModuleManager: Shutting down and abandoning module AIModule (288)
[2018.01.29-19.53.51:634][166]LogModuleManager: Shutting down and abandoning module GameplayDebugger (287)
[2018.01.29-19.53.51:634][166]LogModuleManager: Shutting down and abandoning module AITestSuite (285)
[2018.01.29-19.53.51:634][166]LogModuleManager: Shutting down and abandoning module WmfMediaFactory (282)
[2018.01.29-19.53.51:634][166]LogModuleManager: Shutting down and abandoning module AvfMediaFactory (280)
[2018.01.29-19.53.51:634][166]LogModuleManager: Shutting down and abandoning module AndroidMediaFactory (278)
[2018.01.29-19.53.51:634][166]LogModuleManager: Shutting down and abandoning module Media (277)
[2018.01.29-19.53.51:634][166]LogModuleManager: Shutting down and abandoning module CharacterAI (274)
[2018.01.29-19.53.51:634][166]LogModuleManager: Shutting down and abandoning module SessionServices (272)
[2018.01.29-19.53.51:634][166]LogModuleManager: Shutting down and abandoning module MovieSceneCapture (270)
[2018.01.29-19.53.51:634][166]LogModuleManager: Shutting down and abandoning module MovieSceneTracks (268)
[2018.01.29-19.53.51:634][166]LogModuleManager: Shutting down and abandoning module MovieScene (266)
[2018.01.29-19.53.51:634][166]LogModuleManager: Shutting down and abandoning module GeometryCache (264)
[2018.01.29-19.53.51:634][166]LogModuleManager: Shutting down and abandoning module GeometryCacheEd (263)
[2018.01.29-19.53.51:634][166]LogModuleManager: Shutting down and abandoning module Niagara (260)
[2018.01.29-19.53.51:634][166]LogModuleManager: Shutting down and abandoning module NiagaraEditor (259)
[2018.01.29-19.53.51:634][166]LogModuleManager: Shutting down and abandoning module StreamingPauseRendering (256)
[2018.01.29-19.53.51:634][166]LogModuleManager: Shutting down and abandoning module PortalServices (254)
[2018.01.29-19.53.51:634][166]LogModuleManager: Shutting down and abandoning module PortalRpc (252)
[2018.01.29-19.53.51:634][166]LogModuleManager: Shutting down and abandoning module MessagingRpc (250)
[2018.01.29-19.53.51:634][166]LogModuleManager: Shutting down and abandoning module ProfilerService (248)
[2018.01.29-19.53.51:734][166]LogModuleManager: Shutting down and abandoning module TaskGraph (246)
[2018.01.29-19.53.51:734][166]LogModuleManager: Shutting down and abandoning module SteamVRController (244)
[2018.01.29-19.53.51:734][166]LogModuleManager: Shutting down and abandoning module SteamVR (242)
[2018.01.29-19.53.51:734][166]LogModuleManager: Shutting down and abandoning module ProceduralMeshComponent (240)
[2018.01.29-19.53.51:734][166]LogModuleManager: Shutting down and abandoning module OculusLibrary (238)
[2018.01.29-19.53.51:734][166]LogModuleManager: Shutting down and abandoning module OculusInput (236)
[2018.01.29-19.53.51:734][166]LogModuleManager: Shutting down and abandoning module MobilePatchingUtils (234)
[2018.01.29-19.53.51:734][166]LogModuleManager: Shutting down and abandoning module CustomMeshComponent (232)
[2018.01.29-19.53.51:734][166]LogModuleManager: Shutting down and abandoning module CableComponent (230)
[2018.01.29-19.53.51:734][166]LogModuleManager: Shutting down and abandoning module ArchVisCharacter (228)
[2018.01.29-19.53.51:734][166]LogModuleManager: Shutting down and abandoning module AndroidPermission (226)
[2018.01.29-19.53.51:734][166]LogModuleManager: Shutting down and abandoning module HTML5Networking (222)
[2018.01.29-19.53.51:734][166]LogModuleManager: Shutting down and abandoning module VisualStudioSourceCodeAccess (220)
[2018.01.29-19.53.51:734][166]LogModuleManager: Shutting down and abandoning module DesktopPlatform (219)
[2018.01.29-19.53.51:734][166]LogModuleManager: Shutting down and abandoning module HotReload (217)
[2018.01.29-19.53.51:735][166]LogModuleManager: Shutting down and abandoning module UObjectPlugin (214)
[2018.01.29-19.53.51:735][166]LogModuleManager: Shutting down and abandoning module SubversionSourceControl (212)
[2018.01.29-19.53.51:735][166]LogModuleManager: Shutting down and abandoning module PerforceSourceControl (210)
[2018.01.29-19.53.51:735][166]LogModuleManager: Shutting down and abandoning module SourceControl (209)
[2018.01.29-19.53.51:735][166]LogModuleManager: Shutting down and abandoning module PhysXVehiclesEditor (206)
[2018.01.29-19.53.51:735][166]LogModuleManager: Shutting down and abandoning module PhysXVehicles (204)
[2018.01.29-19.53.51:735][166]LogModuleManager: Shutting down and abandoning module LocationServicesBPLibrary (202)
[2018.01.29-19.53.51:735][166]LogModuleManager: Shutting down and abandoning module ImmediatePhysicsEditor (200)
[2018.01.29-19.53.51:735][166]LogModuleManager: Shutting down and abandoning module ImmediatePhysics (198)
[2018.01.29-19.53.51:735][166]LogModuleManager: Shutting down and abandoning module UdpMessaging (196)
[2018.01.29-19.53.51:835][166]LogModuleManager: Shutting down and abandoning module TcpMessaging (194)
[2018.01.29-19.53.52:331][166]LogModuleManager: Shutting down and abandoning module GameplayTagsEditor (192)
[2018.01.29-19.53.52:331][166]LogModuleManager: Shutting down and abandoning module FacialAnimation (190)
[2018.01.29-19.53.52:331][166]LogModuleManager: Shutting down and abandoning module AssetManagerEditor (188)
[2018.01.29-19.53.52:331][166]LogModuleManager: Shutting down and abandoning module GraphEditor (187)
[2018.01.29-19.53.52:331][166]LogModuleManager: Shutting down and abandoning module ContentBrowser (185)
[2018.01.29-19.53.52:331][166]LogModuleManager: Shutting down and abandoning module CollectionManager (184)
[2018.01.29-19.53.52:331][166]LogDirectoryWatcher: A directory notification for 'D:/Users/JoshR/Documents/GitHub/FMP_RPG_Game_Charm/Content/Collections/' was aborted.
[2018.01.29-19.53.52:331][166]LogDirectoryWatcher: A directory notification for 'D:/Users/JoshR/Documents/GitHub/FMP_RPG_Game_Charm/Content/Developers/JoshR/Collections/' was aborted.
[2018.01.29-19.53.52:331][166]LogDirectoryWatcher: A directory notification for 'D:/Users/JoshR/Documents/GitHub/FMP_RPG_Game_Charm/Saved/Collections/' was aborted.
[2018.01.29-19.53.52:331][166]LogModuleManager: Shutting down and abandoning module DirectoryWatcher (183)
[2018.01.29-19.53.52:331][166]LogModuleManager: Shutting down and abandoning module LightPropagationVolumeRuntime (178)
[2018.01.29-19.53.52:331][166]LogModuleManager: Shutting down and abandoning module Paper2D (176)
[2018.01.29-19.53.52:331][166]LogModuleManager: Shutting down and abandoning module WindowsMoviePlayer (174)
[2018.01.29-19.53.52:331][166]LogModuleManager: Shutting down and abandoning module WmfMedia (172)
[2018.01.29-19.53.52:333][166]LogModuleManager: Shutting down and abandoning module ClothingSystemEditor (170)
[2018.01.29-19.53.52:333][166]LogModuleManager: Shutting down and abandoning module ClothingSystemRuntime (168)
[2018.01.29-19.53.52:333][166]LogModuleManager: Shutting down and abandoning module MediaAssets (166)
[2018.01.29-19.53.52:333][166]LogModuleManager: Shutting down and abandoning module GameLiveStreaming (164)
[2018.01.29-19.53.52:333][166]LogModuleManager: Shutting down and abandoning module VREditor (162)
[2018.01.29-19.53.52:333][166]LogModuleManager: Shutting down and abandoning module StringTableEditor (160)
[2018.01.29-19.53.52:333][166]LogModuleManager: Shutting down and abandoning module GameplayTasksEditor (158)
[2018.01.29-19.53.52:334][166]LogModuleManager: Shutting down and abandoning module BehaviorTreeEditor (156)
[2018.01.29-19.53.52:334][166]LogModuleManager: Shutting down and abandoning module FunctionalTesting (154)
[2018.01.29-19.53.52:334][166]LogModuleManager: Shutting down and abandoning module CollisionAnalyzer (152)
[2018.01.29-19.53.52:334][166]LogModuleManager: Shutting down and abandoning module UMG (150)
[2018.01.29-19.53.52:334][166]LogModuleManager: Shutting down and abandoning module UMGEditor (149)
[2018.01.29-19.53.52:334][166]LogModuleManager: Shutting down and abandoning module Sequencer (148)
[2018.01.29-19.53.52:334][166]LogModuleManager: Shutting down and abandoning module AssetTools (146)
[2018.01.29-19.53.52:334][166]LogModuleManager: Shutting down and abandoning module MessageLog (145)
[2018.01.29-19.53.52:334][166]LogModuleManager: Shutting down and abandoning module WorkspaceMenuStructure (144)
[2018.01.29-19.53.52:334][166]LogModuleManager: Shutting down and abandoning module SlateReflector (138)
[2018.01.29-19.53.52:334][166]LogModuleManager: Shutting down and abandoning module Slate (136)
[2018.01.29-19.53.52:334][166]LogModuleManager: Shutting down and abandoning module EditorStyle (134)
[2018.01.29-19.53.52:335][166]LogModuleManager: Shutting down and abandoning module Messaging (132)
[2018.01.29-19.53.52:335][166]LogModuleManager: Shutting down and abandoning module SourceCodeAccess (130)
[2018.01.29-19.53.52:335][166]LogModuleManager: Shutting down and abandoning module HeadMountedDisplay (128)
[2018.01.29-19.53.52:335][166]LogModuleManager: Shutting down and abandoning module XAudio2 (126)
[2018.01.29-19.53.52:335][166]LogModuleManager: Shutting down and abandoning module Networking (124)
[2018.01.29-19.53.52:335][166]LogModuleManager: Shutting down and abandoning module Core (120)
[2018.01.29-19.53.52:335][166]LogModuleManager: Shutting down and abandoning module KismetCompiler (118)
[2018.01.29-19.53.52:335][166]LogModuleManager: Shutting down and abandoning module LevelSequence (116)
[2018.01.29-19.53.52:335][166]LogModuleManager: Shutting down and abandoning module PhysXFormats (114)
[2018.01.29-19.53.52:335][166]LogModuleManager: Shutting down and abandoning module MeshUtilities (112)
[2018.01.29-19.53.52:335][166]LogModuleManager: Shutting down and abandoning module SimplygonSwarm (111)
[2018.01.29-19.53.52:335][166]LogModuleManager: Shutting down and abandoning module SimplygonMeshReduction (109)
[2018.01.29-19.53.52:335][166]LogModuleManager: Shutting down and abandoning module QuadricMeshReduction (107)
[2018.01.29-19.53.52:335][166]LogModuleManager: Shutting down and abandoning module AssetRegistry (104)
[2018.01.29-19.53.52:335][166]LogModuleManager: Shutting down and abandoning module DerivedDataCache (102)
[2018.01.29-19.53.52:763][166]LogDerivedDataCache: Shutdown
[2018.01.29-19.53.52:763][166]LogModuleManager: Shutting down and abandoning module TargetPlatform (100)
[2018.01.29-19.53.52:763][166]LogModuleManager: Shutting down and abandoning module VulkanShaderFormat (99)
[2018.01.29-19.53.52:763][166]LogModuleManager: Shutting down and abandoning module ShaderFormatVectorVM (97)
[2018.01.29-19.53.52:763][166]LogModuleManager: Shutting down and abandoning module ShaderFormatOpenGL (95)
[2018.01.29-19.53.52:763][166]LogModuleManager: Shutting down and abandoning module ShaderFormatD3D (93)
[2018.01.29-19.53.52:763][166]LogModuleManager: Shutting down and abandoning module MetalShaderFormat (91)
[2018.01.29-19.53.52:763][166]LogModuleManager: Shutting down and abandoning module TextureFormatUncompressed (89)
[2018.01.29-19.53.52:763][166]LogModuleManager: Shutting down and abandoning module TextureFormatPVR (87)
[2018.01.29-19.53.52:763][166]LogModuleManager: Shutting down and abandoning module TextureFormatDXT (85)
[2018.01.29-19.53.52:763][166]LogModuleManager: Shutting down and abandoning module TextureFormatIntelISPCTexComp (83)
[2018.01.29-19.53.52:763][166]LogModuleManager: Shutting down and abandoning module TextureFormatASTC (81)
[2018.01.29-19.53.52:763][166]LogModuleManager: Shutting down and abandoning module ImageWrapper (80)
[2018.01.29-19.53.52:763][166]LogModuleManager: Shutting down and abandoning module TextureFormatAndroid (77)
[2018.01.29-19.53.52:763][166]LogModuleManager: Shutting down and abandoning module AudioFormatOpus (75)
[2018.01.29-19.53.52:763][166]LogModuleManager: Shutting down and abandoning module AudioFormatOgg (73)
[2018.01.29-19.53.52:763][166]LogModuleManager: Shutting down and abandoning module AudioFormatADPCM (71)
[2018.01.29-19.53.52:763][166]LogModuleManager: Shutting down and abandoning module WindowsTargetPlatform (69)
[2018.01.29-19.53.52:763][166]LogModuleManager: Shutting down and abandoning module WindowsServerTargetPlatform (67)
[2018.01.29-19.53.52:763][166]LogModuleManager: Shutting down and abandoning module WindowsNoEditorTargetPlatform (65)
[2018.01.29-19.53.52:763][166]LogModuleManager: Shutting down and abandoning module WindowsClientTargetPlatform (63)
[2018.01.29-19.53.52:763][166]LogModuleManager: Shutting down and abandoning module InputCore (60)
[2018.01.29-19.53.52:763][166]LogModuleManager: Shutting down and abandoning module Settings (58)
[2018.01.29-19.53.52:763][166]LogModuleManager: Shutting down and abandoning module OculusRift (56)
[2018.01.29-19.53.52:763][166]LogModuleManager: Shutting down and abandoning module GearVRController (54)
[2018.01.29-19.53.52:763][166]LogModuleManager: Shutting down and abandoning module GearVR (52)
[2018.01.29-19.53.52:763][166]LogModuleManager: Shutting down and abandoning module ExampleDeviceProfileSelector (50)
[2018.01.29-19.53.52:763][166]LogModuleManager: Shutting down and abandoning module OnlineBlueprintSupport (48)
[2018.01.29-19.53.52:763][166]LogModuleManager: Shutting down and abandoning module OnlineSubsystem (44)
[2018.01.29-19.53.52:763][166]LogOnline:Display: Unloading online subsystem: NULL
[2018.01.29-19.53.52:763][166]LogModuleManager: Shutting down and abandoning module XMPP (43)
[2018.01.29-19.53.52:763][166]LogModuleManager: Shutting down and abandoning module HTTP (41)
[2018.01.29-19.53.52:765][166]LogModuleManager: Shutting down and abandoning module SSL (40)
[2018.01.29-19.53.52:767][166]LogModuleManager: Shutting down and abandoning module HTTPChunkInstaller (36)
[2018.01.29-19.53.52:767][166]LogModuleManager: Shutting down and abandoning module AnimationModifiers (34)
[2018.01.29-19.53.52:767][166]LogModuleManager: Shutting down and abandoning module PropertyEditor (33)
[2018.01.29-19.53.52:767][166]LogModuleManager: Shutting down and abandoning module AudioEditor (30)
[2018.01.29-19.53.52:767][166]LogModuleManager: Shutting down and abandoning module TextureCompressor (28)
[2018.01.29-19.53.52:767][166]LogModuleManager: Shutting down and abandoning module ShaderCore (26)
[2018.01.29-19.53.52:767][166]LogModuleManager: Shutting down and abandoning module Landscape (24)
[2018.01.29-19.53.52:767][166]LogModuleManager: Shutting down and abandoning module SlateRHIRenderer (22)
[2018.01.29-19.53.52:767][166]LogModuleManager: Shutting down and abandoning module OpenGLDrv (20)
[2018.01.29-19.53.52:767][166]LogModuleManager: Shutting down and abandoning module D3D11RHI (18)
[2018.01.29-19.53.52:767][166]LogModuleManager: Shutting down and abandoning module AnimGraphRuntime (16)
[2018.01.29-19.53.52:767][166]LogModuleManager: Shutting down and abandoning module Renderer (14)
[2018.01.29-19.53.52:767][166]LogModuleManager: Shutting down and abandoning module Engine (12)
[2018.01.29-19.53.52:767][166]LogModuleManager: Shutting down and abandoning module CoreUObject (10)
[2018.01.29-19.53.52:767][166]LogModuleManager: Shutting down and abandoning module NetworkFile (8)
[2018.01.29-19.53.52:767][166]LogModuleManager: Shutting down and abandoning module StreamingFile (6)
[2018.01.29-19.53.52:767][166]LogModuleManager: Shutting down and abandoning module SandboxFile (4)
[2018.01.29-19.53.52:767][166]LogModuleManager: Shutting down and abandoning module PakFile (2)
[2018.01.29-19.53.52:769][166]LogExit: Exiting.
[2018.01.29-19.53.52:770][166]Log file closed, 01/29/18 19:53:52
>>>>>>> a789bc904e4d139d79d63ac5560d91c2b30a5a89
