Log file open, 01/16/18 12:11:54
LogInit:Display: Running engine for game: RPG_Game
LogPlatformFile: Not using cached read wrapper
LogInit:Display: RandInit(-1615155440) SRandInit(-1615155439).
LogTaskGraph: Started task graph with 5 named threads and 8 total threads with 1 sets of task threads.
LogStats: Stats thread started at 0.133301
LogInit: Using libcurl 7.47.1
LogInit:  - built for x86_64-pc-win32
LogInit:  - supports SSL with OpenSSL/1.0.2g
LogInit:  - supports HTTP deflate (compression) using libz 1.2.8
LogInit:  - other features:
LogInit:      CURL_VERSION_SSL
LogInit:      CURL_VERSION_LIBZ
LogInit:      CURL_VERSION_IPV6
LogInit:      CURL_VERSION_ASYNCHDNS
LogInit:      CURL_VERSION_LARGEFILE
LogInit:      CURL_VERSION_IDN
LogInit:  CurlRequestOptions (configurable via config and command line):
LogInit:  - bVerifyPeer = false  - Libcurl will NOT verify peer certificate
LogInit:  - bUseHttpProxy = false  - Libcurl will NOT use HTTP proxy
LogInit:  - bDontReuseConnections = false  - Libcurl will reuse connections
LogInit:  - CertBundlePath = nullptr  - Libcurl will use whatever was configured at build time.
LogInit: Build: ++UE4+Release-4.16-CL-3561208
LogInit: Engine Version: 4.16.3-3561208+++UE4+Release-4.16
LogInit: Compatible Engine Version: 4.16.0-3452394+++UE4+Release-4.16
LogInit: Net CL: 3452394
LogDevObjectVersion: Number of dev versions registered: 16
LogDevObjectVersion:   Dev-Blueprints (B0D832E4-1F89-4F0D-ACCF-7EB736FD4AA2): 9
LogDevObjectVersion:   Dev-Build (E1C64328-A22C-4D53-A36C-8E866417BD8C): 0
LogDevObjectVersion:   Dev-Core (375EC13C-06E4-48FB-B500-84F0262A717E): 2
LogDevObjectVersion:   Dev-Editor (E4B068ED-F494-42E9-A231-DA0B2E46BB41): 17
LogDevObjectVersion:   Dev-Framework (CFFC743F-43B0-4480-9391-14DF171D2073): 23
LogDevObjectVersion:   Dev-Mobile (B02B49B5-BB20-44E9-A304-32B752E40360): 0
LogDevObjectVersion:   Dev-Networking (A4E4105C-59A1-49B5-A7C5-40C4547EDFEE): 0
LogDevObjectVersion:   Dev-Online (39C831C9-5AE6-47DC-9A44-9C173E1C8E7C): 0
LogDevObjectVersion:   Dev-Physics (78F01B33-EBEA-4F98-B9B4-84EACCB95AA2): 0
LogDevObjectVersion:   Dev-Platform (6631380F-2D4D-43E0-8009-CF276956A95A): 0
LogDevObjectVersion:   Dev-Rendering (12F88B9F-8875-4AFC-A67C-D90C383ABD29): 15
LogDevObjectVersion:   Dev-Sequencer (7B5AE74C-D270-4C10-A958-57980B212A5A): 4
LogDevObjectVersion:   Dev-VR (D7296918-1DD6-4BDD-9DE2-64A83CC13884): 0
LogDevObjectVersion:   Dev-LoadTimes (C2A15278-BFE7-4AFE-6C17-90FF531DF755): 1
LogDevObjectVersion:   Private-Geometry (6EACA3D4-40EC-4CC1-B786-8BED09428FC5): 1
LogDevObjectVersion:   Dev-AnimPhys (29E575DD-E0A3-4627-9D10-D276232CDCEA): 3
LogInit: Compiled (64-bit): Jul 28 2017 11:49:47
LogInit: Compiled with Visual C++: 19.00.24215.01
LogInit: Build Configuration: Development
LogInit: Branch Name: ++UE4+Release-4.16
LogInit: Command line:  
LogInit: Base directory: C:/Program Files/Epic Games/UE_4.16/Engine/Binaries/Win64/
LogInit: Installed Engine Build: 1
LogInit: Presizing for max 8388607 objects, including 0 objects not considered by GC, pre-allocating 0 bytes for permanent pool.
LogInit: Object subsystem initialized
[2018.01.16-12.11.55:150][  0]LogInit: Selected Device Profile: [Windows]
[2018.01.16-12.11.55:150][  0]LogInit: Applying CVar settings loaded from the selected device profile: [Windows]
[2018.01.16-12.11.55:246][  0]LogInit: Computer: C217-14
[2018.01.16-12.11.55:246][  0]LogInit: User: jordanboast
[2018.01.16-12.11.55:246][  0]LogInit: CPU Page size=4096, Cores=4
[2018.01.16-12.11.55:246][  0]LogInit: High frequency timer resolution =3.328132 MHz
[2018.01.16-12.11.55:246][  0]LogMemory: Memory total: Physical=15.9GB (16GB approx)
[2018.01.16-12.11.55:246][  0]LogMemory: Platform Memory Stats for Windows
[2018.01.16-12.11.55:246][  0]LogMemory: Process Physical Memory: 273.63 MB used, 273.63 MB peak
[2018.01.16-12.11.55:246][  0]LogMemory: Process Virtual Memory: 261.50 MB used, 261.50 MB peak
[2018.01.16-12.11.55:246][  0]LogMemory: Physical Memory: 3510.08 MB used,  12794.46 MB free, 16304.54 MB total
[2018.01.16-12.11.55:246][  0]LogMemory: Virtual Memory: 635.31 MB used,  12794.46 MB free, 134217728.00 MB total
[2018.01.16-12.11.55:857][  0]LogInit: Using OS detected language (en-US).
[2018.01.16-12.11.55:857][  0]LogInit: Using OS detected locale (en-GB).
[2018.01.16-12.11.56:210][  0]LogTextLocalizationManager: No specific localization for 'en-US' exists, so the 'en' localization will be used.
[2018.01.16-12.12.00:354][  0]LogD3D11RHI: D3D11 adapters:
[2018.01.16-12.12.00:387][  0]LogD3D11RHI:    0. 'NVIDIA Quadro K2200' (Feature Level 11_0)
[2018.01.16-12.12.00:387][  0]LogD3D11RHI:       4062/0/8152 MB DedicatedVideo/DedicatedSystem/SharedSystem, Outputs:1, VendorId:0x10de
[2018.01.16-12.12.00:388][  0]LogD3D11RHI:    1. 'Microsoft Basic Render Driver' (Feature Level 11_0)
[2018.01.16-12.12.00:388][  0]LogD3D11RHI:       0/0/8152 MB DedicatedVideo/DedicatedSystem/SharedSystem, Outputs:0, VendorId:0x1414
[2018.01.16-12.12.00:388][  0]LogD3D11RHI: Chosen D3D11 Adapter: 0
[2018.01.16-12.12.00:396][  0]LogD3D11RHI: Creating new Direct3DDevice
[2018.01.16-12.12.00:396][  0]LogD3D11RHI:     GPU DeviceId: 0x13ba (for the marketing name, search the web for "GPU Device Id")
[2018.01.16-12.12.00:396][  0]LogWindows: EnumDisplayDevices:
[2018.01.16-12.12.00:396][  0]LogWindows:    0. 'NVIDIA Quadro K2200' (P:1 D:1)
[2018.01.16-12.12.00:396][  0]LogWindows:    1. 'NVIDIA Quadro K2200' (P:0 D:0)
[2018.01.16-12.12.00:396][  0]LogWindows:    2. 'NVIDIA Quadro K2200' (P:0 D:0)
[2018.01.16-12.12.00:396][  0]LogWindows:    3. 'NVIDIA Quadro K2200' (P:0 D:0)
[2018.01.16-12.12.00:396][  0]LogWindows: DebugString: FoundDriverCount:4 
[2018.01.16-12.12.00:396][  0]LogD3D11RHI:     Adapter Name: NVIDIA Quadro K2200
[2018.01.16-12.12.00:396][  0]LogD3D11RHI:   Driver Version: 377.11 (internal:21.21.13.7711, unified:377.11)
[2018.01.16-12.12.00:396][  0]LogD3D11RHI:      Driver Date: 3-17-2017
[2018.01.16-12.12.00:396][  0]LogRHI: Texture pool is 1361 MB (70% of 1945 MB)
[2018.01.16-12.12.00:409][  0]LogD3D11RHI: Async texture creation enabled
[2018.01.16-12.12.00:421][  0]LogD3D11RHI: GPU Timing Frequency: 1000.000000 (Debug: 2 1)
[2018.01.16-12.12.00:462][  0]LogShaderCompilers: Guid format shader working directory is 21 characters bigger than the processId version (G:/Year 2/FMP/RPG_Game/RPG_Game/Intermediate/Shaders/WorkingDirectory/70968/).
[2018.01.16-12.12.00:462][  0]LogShaderCompilers: Cleaned the shader compiler working directory 'C:/Users/jordan.boast/AppData/Local/Temp/UnrealShaderWorkingDir/90AEF46C461E6676933838A123625E49/'.
[2018.01.16-12.12.00:462][  0]LogShaderCompilers:Display: Using Local Shader Compiler.
[2018.01.16-12.12.03:558][  0]LogTemp:Display: Loaded TP AllDesktopTargetPlatform
[2018.01.16-12.12.03:596][  0]LogTemp:Display: Loaded TP MacClientTargetPlatform
[2018.01.16-12.12.03:643][  0]LogTemp:Display: Loaded TP MacNoEditorTargetPlatform
[2018.01.16-12.12.03:685][  0]LogTemp:Display: Loaded TP MacServerTargetPlatform
[2018.01.16-12.12.03:745][  0]LogTemp:Display: Loaded TP MacTargetPlatform
[2018.01.16-12.12.03:789][  0]LogTemp:Display: Loaded TP WindowsClientTargetPlatform
[2018.01.16-12.12.03:826][  0]LogTemp:Display: Loaded TP WindowsNoEditorTargetPlatform
[2018.01.16-12.12.03:864][  0]LogTemp:Display: Loaded TP WindowsServerTargetPlatform
[2018.01.16-12.12.03:900][  0]LogTemp:Display: Loaded TP WindowsTargetPlatform
[2018.01.16-12.12.03:948][  0]LogTemp:Display: Loaded TP AndroidTargetPlatform
[2018.01.16-12.12.04:001][  0]LogTemp:Display: Loaded TP Android_ASTCTargetPlatform
[2018.01.16-12.12.04:043][  0]LogTemp:Display: Loaded TP Android_ATCTargetPlatform
[2018.01.16-12.12.04:081][  0]LogTemp:Display: Loaded TP Android_DXTTargetPlatform
[2018.01.16-12.12.04:124][  0]LogTemp:Display: Loaded TP Android_ETC1TargetPlatform
[2018.01.16-12.12.04:163][  0]LogTemp:Display: Loaded TP Android_ETC2TargetPlatform
[2018.01.16-12.12.04:252][  0]LogTemp:Display: Loaded TP Android_MultiTargetPlatform
[2018.01.16-12.12.04:252][  0]LogTemp:Display: Loaded TP Android_PVRTCTargetPlatform
[2018.01.16-12.12.04:288][  0]LogTemp:Display: Loaded TP HTML5TargetPlatform
[2018.01.16-12.12.04:383][  0]LogTemp:Display: Loaded TP IOSTargetPlatform
[2018.01.16-12.12.04:423][  0]LogTemp:Display: Loaded TP TVOSTargetPlatform
[2018.01.16-12.12.04:467][  0]LogTemp:Display: Loaded TP LinuxClientTargetPlatform
[2018.01.16-12.12.04:508][  0]LogTemp:Display: Loaded TP LinuxNoEditorTargetPlatform
[2018.01.16-12.12.04:547][  0]LogTemp:Display: Loaded TP LinuxServerTargetPlatform
[2018.01.16-12.12.04:601][  0]LogTemp:Display: Loaded TP LinuxTargetPlatform
[2018.01.16-12.12.04:601][  0]LogTargetPlatformManager:Display: Building Assets For Windows
[2018.01.16-12.12.05:296][  0]LogDerivedDataCache:Display: Max Cache Size: 512 MB
[2018.01.16-12.12.05:296][  0]LogDerivedDataCache:Display: Starting with empty Boot cache
[2018.01.16-12.12.05:296][  0]LogDerivedDataCache: FDerivedDataBackendGraph:  Pak pak cache file G:/Year 2/FMP/RPG_Game/RPG_Game/DerivedDataCache/DDC.ddp not found, will not use a pak cache.
[2018.01.16-12.12.05:296][  0]LogDerivedDataCache: Unable to find inner node Pak for hierarchical cache Hierarchy.
[2018.01.16-12.12.05:296][  0]LogDerivedDataCache: FDerivedDataBackendGraph:  CompressedPak pak cache file G:/Year 2/FMP/RPG_Game/RPG_Game/DerivedDataCache/Compressed.ddp not found, will not use a pak cache.
[2018.01.16-12.12.05:296][  0]LogDerivedDataCache: Unable to find inner node CompressedPak for hierarchical cache Hierarchy.
[2018.01.16-12.12.05:355][  0]LogDerivedDataCache:Display: Pak cache opened for reading ../../../Engine/DerivedDataCache/Compressed.ddp.
[2018.01.16-12.12.05:367][  0]LogDerivedDataCache: Using Local data cache path C:/Users/jordan.boast/AppData/Local/UnrealEngine/Common/DerivedDataCache: Writable
[2018.01.16-12.12.05:413][  0]LogMaterial: Verifying Global Shaders for PCD3D_SM5
[2018.01.16-12.12.05:414][  0]LogSlate: Using Freetype 2.6.0
[2018.01.16-12.12.05:490][  0]LogSlate: SlateFontCache - WITH_FREETYPE: 1, WITH_HARFBUZZ: 1
[2018.01.16-12.12.05:491][  0]LogSlate: SlateFontCache - WITH_FREETYPE: 1, WITH_HARFBUZZ: 1
[2018.01.16-12.12.06:865][  0]LogInit: Selected Device Profile: [Windows]
[2018.01.16-12.12.07:118][  0]LogContentStreaming: Texture pool size is 0.00 MB
[2018.01.16-12.12.07:464][  0]LogMeshUtilities: Using QuadricMeshReduction for automatic static mesh reduction
[2018.01.16-12.12.07:508][  0]LogSimplygon: Simplygon DLL not present - disabling.
[2018.01.16-12.12.07:542][  0]LogMeshUtilities: Using SimplygonSwarm for distributed automatic mesh merging
[2018.01.16-12.12.07:542][  0]LogMeshUtilities: No automatic skeletal mesh reduction module available
[2018.01.16-12.12.07:542][  0]LogMeshUtilities: No automatic mesh merging module available
[2018.01.16-12.12.09:639][  0]LogNetVersion: RPG_Game , NetCL: 3452394, EngineNetVer: 2, GameNetVer: 0 (Checksum: 2586067795)
[2018.01.16-12.12.09:787][  0]LogAssetRegistry: FAssetRegistry took 0.0252 seconds to start up
[2018.01.16-12.12.09:986][  0]LogPackageLocalizationCache: Processed 4 localized package path(s) for 2 prioritized culture(s) in 0.183425 seconds
[2018.01.16-12.12.09:994][  0]LogUObjectArray: 34194 objects as part of root set at end of initial load.
[2018.01.16-12.12.09:994][  0]LogUObjectAllocator: 7260416 out of 0 bytes used by permanent object pool.
[2018.01.16-12.12.09:994][  0]LogUObjectArray: CloseDisregardForGC: 0/0 objects in disregard for GC pool
[2018.01.16-12.12.10:076][  0]LogInit: WinSock: version 1.1 (2.2), MaxSocks=32767, MaxUdp=65467
[2018.01.16-12.12.20:011][  0]LogTcpMessaging: Initializing TcpMessaging bridge
[2018.01.16-12.12.20:043][  0]LogUdpMessaging: Initializing bridge on interface 0.0.0.0:0 to multicast group 230.0.0.1:6666.
[2018.01.16-12.12.20:699][  0]LogMaterial: Uniform references updated for custom material expression Custom.
[2018.01.16-12.12.21:101][  0]SourceControl: Info Source control is disabled
[2018.01.16-12.12.21:947][  0]LogAndroidPermission: UAndroidPermissionCallbackProxy::GetInstance
[2018.01.16-12.12.22:436][  0]LogEngine: Initializing Engine...
[2018.01.16-12.12.22:436][  0]LogHMD: Failed to initialize OpenVR with code 110
[2018.01.16-12.12.22:992][  0]LogStats: UGameplayTagsManager::ConstructGameplayTagTree: Construct from data asset -  0.000 s
[2018.01.16-12.12.22:992][  0]LogStats: UGameplayTagsManager::ConstructGameplayTagTree: GameplayTagTreeChangedEvent.Broadcast -  0.000 s
[2018.01.16-12.12.23:091][  0]LogAIModule: Creating AISystem for world Untitled
[2018.01.16-12.12.23:096][  0]LogInit: XAudio2 using 'Speakers (Realtek High Definition Audio)' : 2 channels at 48 kHz using 32 bits per sample (channel mask 0x3)
[2018.01.16-12.12.23:294][  0]LogInit: FAudioDevice initialized.
[2018.01.16-12.12.23:329][  0]LogDerivedDataCache: Saved boot cache 0.04s 90MB C:/Users/jordan.boast/AppData/Local/UnrealEngine/4.16/DerivedDataCache/Boot.ddc.
[2018.01.16-12.12.23:336][  0]LogInit: Texture streaming: Enabled
[2018.01.16-12.12.23:419][  0]LogEngineSessionManager: EngineSessionManager initialized
[2018.01.16-12.12.24:177][  0]LogInit: Transaction tracking system initialized
[2018.01.16-12.12.24:409][  0]BlueprintLog: New page: Editor Load
[2018.01.16-12.12.25:513][  0]LocalizationService: Info Localization service is disabled
[2018.01.16-12.12.26:172][  0]LogConsoleResponse:Display: 
[2018.01.16-12.12.27:199][  0]LogCook:Display: Max memory allowance for cook 16384mb min free memory 0mb
[2018.01.16-12.12.27:199][  0]LogCook:Display: Mobile HDR setting 1
[2018.01.16-12.12.27:356][  0]LogFileCache: Scanning file cache for directory 'G:/Year 2/FMP/RPG_Game/RPG_Game/Content/' took 0.05s
[2018.01.16-12.12.29:250][  0]Cmd: MAP LOAD FILE="G:/Year 2/FMP/RPG_Game/RPG_Game/Content/Maps/Tutorial.umap" TEMPLATE=0 SHOWPROGRESS=1 FEATURELEVEL=3
[2018.01.16-12.12.29:251][  0]LightingResults: New page: Lighting Build
[2018.01.16-12.12.29:283][  0]MapCheck: New page: Map Check
[2018.01.16-12.12.29:283][  0]LightingResults: New page: Lighting Build
[2018.01.16-12.12.31:989][  0]LogStaticMesh: Building static mesh GrassFix...
[2018.01.16-12.12.32:095][  0]LogStaticMesh: Built static mesh [0.13s] /Game/Assets/Grass/GrassFix.GrassFix
[2018.01.16-12.12.32:213][  0]LogTexture:Display: Building textures: Texture2D_13 (BGRA8, 8X8)
[2018.01.16-12.12.32:222][  0]LogTexture:Display: Building textures: Texture2D_9 (BGRA8, 8X8)
[2018.01.16-12.12.32:222][  0]LogTexture:Display: Building textures: Texture2D_7 (BGRA8, 8X8)
[2018.01.16-12.12.32:222][  0]LogTexture:Display: Building textures: Texture2D_10 (BGRA8, 8X8)
[2018.01.16-12.12.32:222][  0]LogTexture:Display: Building textures: Texture2D_0 (BGRA8, 8X8)
[2018.01.16-12.12.32:222][  0]LogTexture:Display: Building textures: Texture2D_12 (BGRA8, 8X8)
[2018.01.16-12.12.32:223][  0]LogTexture:Display: Building textures: Texture2D_8 (BGRA8, 8X8)
[2018.01.16-12.12.32:223][  0]LogTexture:Display: Building textures: Texture2D_11 (BGRA8, 8X8)
[2018.01.16-12.12.32:223][  0]LogTexture:Display: Building textures: Texture2D_1 (BGRA8, 8X8)
[2018.01.16-12.12.32:223][  0]LogTexture:Display: Building textures: Texture2D_2 (BGRA8, 8X8)
[2018.01.16-12.12.32:223][  0]LogTexture:Display: Building textures: Texture2D_3 (BGRA8, 8X8)
[2018.01.16-12.12.32:223][  0]LogTexture:Display: Building textures: Texture2D_17 (BGRA8, 8X8)
[2018.01.16-12.12.32:223][  0]LogTexture:Display: Building textures: Texture2D_4 (BGRA8, 8X8)
[2018.01.16-12.12.32:224][  0]LogTexture:Display: Building textures: Texture2D_14 (BGRA8, 8X8)
[2018.01.16-12.12.32:224][  0]LogTexture:Display: Building textures: Texture2D_15 (BGRA8, 8X8)
[2018.01.16-12.12.32:224][  0]LogTexture:Display: Building textures: Texture2D_5 (BGRA8, 8X8)
[2018.01.16-12.12.32:224][  0]LogTexture:Display: Building textures: Texture2D_16 (BGRA8, 8X8)
[2018.01.16-12.12.32:224][  0]LogTexture:Display: Building textures: Texture2D_6 (BGRA8, 8X8)
[2018.01.16-12.12.32:226][  0]LogTexture:Display: Building textures: Dirt (AutoDXT, 512X512)
[2018.01.16-12.12.32:252][  0]LogTexture:Display: Building textures: GrassGreen (AutoDXT, 512X512)
[2018.01.16-12.12.32:275][  0]LogMaterial: Missing cached shader map for material Landscape, compiling. 
[2018.01.16-12.12.32:327][  0]LogMaterial: Missing cached shader map for material Landscape, compiling. 
[2018.01.16-12.12.32:415][  0]LogMaterial: Missing cached shader map for material Landscape, compiling. 
[2018.01.16-12.12.32:451][  0]LogTexture:Display: Building textures: Texture2D_36 (BGRA8, 64X64)
[2018.01.16-12.12.32:470][  0]LogStaticMesh: Building static mesh SM_SwipeCircle_01...
[2018.01.16-12.12.32:470][  0]LogMeshUtilities: Invalid vertex normals found for mesh. Forcing recomputation of vertex normals for MikkTSpace. Fix mesh or disable "Use MikkTSpace Tangent Space" to avoid forced recomputation of normals.
[2018.01.16-12.12.32:471][  0]LogStaticMesh: Built static mesh [0.00s] /Game/InfinityBladeEffects/Effects/FX_Meshes/Skills/SM_SwipeCircle_01.SM_SwipeCircle_01
[2018.01.16-12.12.32:649][  0]LogMaterial: Missing cached shader map for material M_Add_Sprite_2Sided_Master, compiling. 
[2018.01.16-12.12.32:704][  0]LogTexture:Display: Building textures: T_SwipeTrail (AutoDXT, 512X512)
[2018.01.16-12.12.32:746][  0]LogStaticMesh: Building static mesh SM_AuraCircle_04_Twist...
[2018.01.16-12.12.32:748][  0]LogMeshUtilities: Invalid vertex normals found for mesh. Forcing recomputation of vertex normals for MikkTSpace. Fix mesh or disable "Use MikkTSpace Tangent Space" to avoid forced recomputation of normals.
[2018.01.16-12.12.32:765][  0]LogStaticMesh: Built static mesh [0.02s] /Game/InfinityBladeEffects/Effects/FX_Meshes/Skills/SM_AuraCircle_04_Twist.SM_AuraCircle_04_Twist
[2018.01.16-12.12.32:769][  0]LogMaterial: Missing cached shader map for material M_Trans_MeshEmit_2Sided_Pan_Mask_Master, compiling. 
[2018.01.16-12.12.32:849][  0]LogTexture:Display: Building textures: T_Tile_Noise_Tendril_01 (AutoDXT, 1024X1024)
[2018.01.16-12.12.33:373][  0]LogMaterial: Missing cached shader map for material M_Add_Sprite_SubUV_Master, compiling. 
[2018.01.16-12.12.33:432][  0]LogTexture:Display: Building textures: T_SmokeBall_01_8_8 (AutoDXT, 1024X1024)
[2018.01.16-12.12.33:890][  0]LogMaterial: Missing cached shader map for material M_Add_Sprite_Master_DepthFade, compiling. 
[2018.01.16-12.12.33:918][  0]LogTexture:Display: Building textures: T_SoftFallOff (AutoDXT, 256X256)
[2018.01.16-12.12.33:934][  0]LogTexture:Display: Building textures: T_Sparks_04_SubUV_1_4 (AutoDXT, 512X512)
[2018.01.16-12.12.33:972][  0]LogStaticMesh: Building static mesh SM_SwipeTrail_Set_01...
[2018.01.16-12.12.33:973][  0]LogMeshUtilities: Invalid vertex normals found for mesh. Forcing recomputation of vertex normals for MikkTSpace. Fix mesh or disable "Use MikkTSpace Tangent Space" to avoid forced recomputation of normals.
[2018.01.16-12.12.33:976][  0]LogStaticMesh: Built static mesh [0.00s] /Game/InfinityBladeEffects/Effects/FX_Meshes/Skills/SM_SwipeTrail_Set_01.SM_SwipeTrail_Set_01
[2018.01.16-12.12.33:979][  0]LogMaterial: Missing cached shader map for material M_Add_Sprite_Master, compiling. 
[2018.01.16-12.12.34:009][  0]LogTexture:Display: Building textures: T_BlastHalf (AutoDXT, 256X256)
[2018.01.16-12.12.34:033][  0]LogStaticMesh: Building static mesh BigRock1NotBroke...
[2018.01.16-12.12.34:040][  0]LogStaticMesh: Built static mesh [0.01s] /Game/Assets/Rocks/BigRock1NotBroke.BigRock1NotBroke
[2018.01.16-12.12.34:059][  0]LogStaticMesh: Building static mesh OakTree1_2...
[2018.01.16-12.12.34:083][  0]LogStaticMesh: Built static mesh [0.02s] /Game/Assets/Trees/OakTree1_2.OakTree1_2
[2018.01.16-12.12.34:085][  0]LogStaticMesh: Building static mesh pileofbricks...
[2018.01.16-12.12.34:099][  0]LogStaticMesh: Built static mesh [0.01s] /Game/Assets/Debris/pileofbricks.pileofbricks
[2018.01.16-12.12.34:100][  0]LogStaticMesh: Building static mesh rock1...
[2018.01.16-12.12.34:104][  0]LogStaticMesh: Built static mesh [0.00s] /Game/Assets/Rocks/rock1.rock1
[2018.01.16-12.12.34:105][  0]LogStaticMesh: Building static mesh Spruce3...
[2018.01.16-12.12.34:124][  0]LogStaticMesh: Built static mesh [0.02s] /Game/Assets/Trees/Spruce3.Spruce3
[2018.01.16-12.12.34:125][  0]LogStaticMesh: Building static mesh T_SkyBox...
[2018.01.16-12.12.34:130][  0]LogStaticMesh: Built static mesh [0.01s] /Game/Maps/Skybox/T_SkyBox.T_SkyBox
[2018.01.16-12.12.34:160][  0]LogStaticMesh: Building static mesh Wall...
[2018.01.16-12.12.34:166][  0]LogStaticMesh: Built static mesh [0.04s] /Game/Assets/Walls/Wall.Wall
[2018.01.16-12.12.34:166][  0]LogStaticMesh: Building static mesh WellHut...
[2018.01.16-12.12.34:186][  0]LogStaticMesh: Built static mesh [0.02s] /Game/Assets/Well/Hut/WellHut.WellHut
[2018.01.16-12.12.34:187][  0]LogAudioDerivedData:Display: Building compressed audio format OGG wave Keytronic_-_Homesick__Keymix_...
[2018.01.16-12.12.41:994][  0]LogTexture:Display: Building textures: T_Skybox1 (AutoDXT, 2048X2048)
[2018.01.16-12.12.42:831][  0]LogMaterial: Missing cached shader map for material lambert2, compiling. 
[2018.01.16-12.12.42:855][  0]LogMaterial: Missing cached shader map for material wood, compiling. 
[2018.01.16-12.12.42:877][  0]LogMaterial: Missing cached shader map for material stone, compiling. 
[2018.01.16-12.12.42:898][  0]LogMaterial: Missing cached shader map for material roof, compiling. 
[2018.01.16-12.12.42:919][  0]LogMaterial: Missing cached shader map for material stone, compiling. 
[2018.01.16-12.12.42:945][  0]LogMaterial: Missing cached shader map for material SpruceTreeTrunk, compiling. 
[2018.01.16-12.12.42:972][  0]LogMaterial: Missing cached shader map for material SpruceTreeLeaf, compiling. 
[2018.01.16-12.12.42:999][  0]LogMaterial: Missing cached shader map for material OakTreeTrunk, compiling. 
[2018.01.16-12.12.43:024][  0]LogMaterial: Missing cached shader map for material OakTreeLeaf, compiling. 
[2018.01.16-12.12.43:051][  0]LogMaterial: Missing cached shader map for material Rock, compiling. 
[2018.01.16-12.12.43:078][  0]LogMaterial: Missing cached shader map for material M_Yellow, compiling. 
[2018.01.16-12.12.43:125][  0]LogMaterial: Missing cached shader map for material M_Rose, compiling. 
[2018.01.16-12.12.43:174][  0]LogMaterial: Missing cached shader map for material M_Leaves, compiling. 
[2018.01.16-12.12.43:221][  0]LogMaterial: Missing cached shader map for material M_DarkLeaves, compiling. 
[2018.01.16-12.12.43:268][  0]LogMaterial: Missing cached shader map for material M_Blue, compiling. 
[2018.01.16-12.12.43:319][  0]LogMaterial: Missing cached shader map for material stone, compiling. 
[2018.01.16-12.12.43:345][  0]LogMaterial: Missing cached shader map for material White, compiling. 
[2018.01.16-12.12.43:411][  0]LogTexture:Display: Building textures: HQ_Lightmap0_1 (AutoDXT, 512X512)
[2018.01.16-12.12.43:541][  0]LogTexture:Display: Building textures: HQ_Lightmap0_2 (AutoDXT, 128X128)
[2018.01.16-12.12.43:543][  0]LogTexture:Display: Building textures: HQ_Lightmap0_3 (AutoDXT, 128X128)
[2018.01.16-12.12.43:544][  0]LogTexture:Display: Building textures: HQ_Lightmap1_4 (AutoDXT, 128X128)
[2018.01.16-12.12.43:561][  0]LogTexture:Display: Building textures: LQ_Lightmap_0_1 (DXT1, 512X512)
[2018.01.16-12.12.43:660][  0]LogTexture:Display: Building textures: LQ_Lightmap_0_2 (DXT1, 128X128)
[2018.01.16-12.12.43:672][  0]LogTexture:Display: Building textures: LQ_Lightmap_0_3 (DXT1, 128X128)
[2018.01.16-12.12.43:683][  0]LogTexture:Display: Building textures: LQ_Lightmap_1_4 (DXT1, 128X128)
[2018.01.16-12.12.43:692][  0]LogTexture:Display: Building textures: SkyOcclusion0_1 (AutoDXT, 512X256)
[2018.01.16-12.12.43:749][  0]LogTexture:Display: Building textures: SkyOcclusion0_2 (AutoDXT, 128X64)
[2018.01.16-12.12.43:758][  0]LogTexture:Display: Building textures: SkyOcclusion0_3 (AutoDXT, 128X64)
[2018.01.16-12.12.43:767][  0]LogTexture:Display: Building textures: SkyOcclusion0_4 (AutoDXT, 128X64)
[2018.01.16-12.12.43:774][  0]LogTexture:Display: Building textures: ShadowMapTexture2D_10 (BGRA8, 1024X64)
[2018.01.16-12.12.43:785][  0]LogTexture:Display: Building textures: ThumbnailTexture (DXT1, 512X512)
[2018.01.16-12.12.43:843][  0]LogAudioDerivedData:Display: Building compressed audio format OGG wave portal...
[2018.01.16-12.12.44:199][  0]LogAudioDerivedData:Display: Building compressed audio format OGG wave birds_singing...
[2018.01.16-12.12.44:937][  0]LogAIModule: Creating AISystem for world Tutorial
[2018.01.16-12.12.45:144][  0]LogEditorServer: Finished looking for orphan Actors (0.000 secs)
[2018.01.16-12.12.45:159][  0]Cmd: MAP CHECKDEP NOCLEARLOG
[2018.01.16-12.12.45:222][  0]MapCheck: Info Map check complete: 0 Error(s), 0 Warning(s), took 62.761ms to complete.
[2018.01.16-12.12.45:222][  0]LogFileHelpers: Loading map 'Tutorial' took 15.972
[2018.01.16-12.12.45:536][  0]LogCollectionManager: Loaded 0 collections in 0.002291 seconds
[2018.01.16-12.12.45:623][  0]LogFileCache: Scanning file cache for directory 'G:/Year 2/FMP/RPG_Game/RPG_Game/Saved/Collections/' took 0.01s
[2018.01.16-12.12.45:623][  0]LogFileCache: Scanning file cache for directory 'G:/Year 2/FMP/RPG_Game/RPG_Game/Content/Developers/jordanboast/Collections/' took 0.01s
[2018.01.16-12.12.45:623][  0]LogFileCache: Scanning file cache for directory 'G:/Year 2/FMP/RPG_Game/RPG_Game/Content/Collections/' took 0.01s
[2018.01.16-12.12.45:623][  0]LogCollectionManager: Rebuilt the GUID cache for 0 collections in 0.000002 seconds
[2018.01.16-12.12.45:635][  0]LogContentBrowser: Native class hierarchy populated in 0.0117 seconds. Added 2329 classes and 491 folders.
[2018.01.16-12.12.45:716][  0]LogContentBrowser: Native class hierarchy updated for 'WidgetCarousel' in 0.0007 seconds. Added 0 classes and 0 folders.
[2018.01.16-12.12.46:828][  0]LogContentBrowser: Native class hierarchy updated for 'AddContentDialog' in 0.0007 seconds. Added 0 classes and 0 folders.
[2018.01.16-12.12.46:881][  0]LogContentBrowser: Native class hierarchy updated for 'SceneOutliner' in 0.0005 seconds. Added 1 classes and 2 folders.
[2018.01.16-12.12.46:968][  0]LogCrashTracker: Crashtracker disabled due to settings.
[2018.01.16-12.12.46:980][  0]LogSlate: Took 0.005616 seconds to synchronously load lazily loaded font '../../../Engine/Content/Slate/Fonts/Roboto-Regular.ttf' (155K)
[2018.01.16-12.12.46:997][  0]LogSlate: Took 0.015061 seconds to synchronously load lazily loaded font '../../../Engine/Content/Slate/Fonts/Roboto-Bold.ttf' (160K)
[2018.01.16-12.12.47:016][  0]LogSlate: Took 0.013746 seconds to synchronously load lazily loaded font '../../../Engine/Content/Editor/Slate/Fonts/FontAwesome.ttf' (139K)
[2018.01.16-12.12.47:194][  0]LogRenderer: Reallocating scene render targets to support 1208x576 NumSamples 1 (Frame:1).
[2018.01.16-12.12.47:657][  0]LogContentBrowser: Native class hierarchy updated for 'HierarchicalLODOutliner' in 0.0007 seconds. Added 1 classes and 2 folders.
[2018.01.16-12.12.47:657][  0]LogLoad: (Engine Initialization) Total time: 55.98 seconds
[2018.01.16-12.12.47:657][  0]LogLoad: (Engine Initialization) Total Blueprint compile time: 0.21 seconds
[2018.01.16-12.12.47:657][  0]LogExternalProfiler: No external profilers were discovered.  External profiling features will not be available.
[2018.01.16-12.12.47:667][  0]LogOcInput: OculusInput pre-init called
[2018.01.16-12.12.47:667][  0]LogHMD: Starting GearVRController plugin
[2018.01.16-12.12.47:688][  0]LogContentStreaming: Texture pool size now 1000 MB
[2018.01.16-12.12.47:811][  0]LogSlate: Took 0.005239 seconds to synchronously load lazily loaded font '../../../Engine/Content/Slate/Fonts/Roboto-Light.ttf' (159K)
[2018.01.16-12.12.47:908][  2]LogAssetRegistry: Asset discovery search completed in 38.1423 seconds
[2018.01.16-12.12.47:913][  2]LogCollectionManager: Rebuilt the object cache for 0 collections in 0.000001 seconds (found 0 objects)
[2018.01.16-12.12.47:913][  2]LogCollectionManager: Fixed up redirectors for 0 collections in 0.000040 seconds (updated 0 objects)
[2018.01.16-12.12.48:711][ 71]LogSlate: Took 0.000172 seconds to synchronously load lazily loaded font '../../../Engine/Content/Slate/Fonts/Roboto-Light.ttf' (159K)
[2018.01.16-12.12.51:084][321]LogSlate: Took 0.000155 seconds to synchronously load lazily loaded font '../../../Engine/Content/Slate/Fonts/Roboto-Light.ttf' (159K)
[2018.01.16-12.12.51:248][321]LogMaterial: Missing cached shader map for material M_Water, compiling. 
[2018.01.16-12.12.51:318][321]LogStaticMesh: Building static mesh WaterGrid...
[2018.01.16-12.12.51:321][321]LogStaticMesh: Built static mesh [0.00s] /Game/Water/WaterGrid.WaterGrid
[2018.01.16-12.12.51:322][321]LogTexture:Display: Building textures: HQ_Lightmap0_1 (AutoDXT, 128X128)
[2018.01.16-12.12.51:323][321]LogTexture:Display: Building textures: HQ_Lightmap0_2 (AutoDXT, 128X128)
[2018.01.16-12.12.51:325][321]LogTexture:Display: Building textures: HQ_Lightmap1_3 (AutoDXT, 128X128)
[2018.01.16-12.12.51:326][321]LogTexture:Display: Building textures: LQ_Lightmap_0_1 (DXT1, 128X128)
[2018.01.16-12.12.51:330][321]LogTexture:Display: Building textures: LQ_Lightmap_0_2 (DXT1, 128X128)
[2018.01.16-12.12.51:341][321]LogTexture:Display: Building textures: LQ_Lightmap_1_3 (DXT1, 128X128)
[2018.01.16-12.12.51:353][321]LogTexture:Display: Building textures: SkyOcclusion0_1 (AutoDXT, 128X64)
[2018.01.16-12.12.51:354][321]LogTexture:Display: Building textures: SkyOcclusion0_2 (AutoDXT, 128X64)
[2018.01.16-12.12.51:365][321]LogTexture:Display: Building textures: SkyOcclusion1_3 (AutoDXT, 128X64)
[2018.01.16-12.12.51:374][321]LogTexture:Display: Building textures: ShadowMapTexture2D_0 (G8, 64X64)
[2018.01.16-12.12.51:375][321]LogTexture:Display: Building textures: ShadowMapTexture2D_1 (G8, 64X64)
[2018.01.16-12.12.51:375][321]LogTexture:Display: Building textures: ShadowMapTexture2D_5 (G8, 64X64)
[2018.01.16-12.12.51:378][321]LogAIModule: Creating AISystem for world HelloWorld
[2018.01.16-12.12.51:394][321]Cmd: MAP LOAD FILE="G:/Year 2/FMP/RPG_Game/RPG_Game/Content/Maps/HelloWorld.umap" TEMPLATE=0 SHOWPROGRESS=1 FEATURELEVEL=3
[2018.01.16-12.12.51:394][321]LightingResults: New page: Lighting Build
[2018.01.16-12.12.51:395][321]LoadErrors: New page: Loading map: HelloWorld.umap
[2018.01.16-12.12.51:396][321]MapCheck: New page: Map Check
[2018.01.16-12.12.51:396][321]LightingResults: New page: Lighting Build
[2018.01.16-12.12.51:436][321]LogEditorServer: Finished looking for orphan Actors (0.000 secs)
[2018.01.16-12.12.51:482][321]Cmd: MAP CHECKDEP NOCLEARLOG
[2018.01.16-12.12.51:537][321]MapCheck: Info Map check complete: 0 Error(s), 0 Warning(s), took 55.391ms to complete.
[2018.01.16-12.12.51:537][321]LogFileHelpers: Loading map 'HelloWorld' took 0.144
[2018.01.16-12.12.55:892][810]LogMaterial: Missing cached shader map for material M_Water, compiling. 
[2018.01.16-12.12.56:004][810]LogMaterial: Missing cached shader map for material M_Water, compiling. 
[2018.01.16-12.12.56:031][810]LogMaterial: Missing cached shader map for material M_Water, compiling. 
[2018.01.16-12.12.56:085][810]LogMaterial: Missing cached shader map for material FMatExpressionPreview MaterialExpressionVectorParameter_19, compiling. 
[2018.01.16-12.12.56:090][810]LogMaterial: Missing cached shader map for material FMatExpressionPreview MaterialExpressionMultiply_0, compiling. 
[2018.01.16-12.12.56:096][810]LogMaterial: Missing cached shader map for material FMatExpressionPreview MaterialExpressionTextureSample_0, compiling. 
[2018.01.16-12.12.56:101][810]LogMaterial: Missing cached shader map for material FMatExpressionPreview MaterialExpressionSubtract_0, compiling. 
[2018.01.16-12.12.56:115][810]LogSlate: Took 0.005415 seconds to synchronously load lazily loaded font '../../../Engine/Content/Editor/Slate/Fonts/Roboto-BoldCondensed.ttf' (158K)
[2018.01.16-12.12.56:326][811]LogSlate: Took 0.005109 seconds to synchronously load lazily loaded font '../../../Engine/Content/Editor/Slate/Fonts/Roboto-Italic.ttf' (157K)
[2018.01.16-12.12.58:253][957]MaterialEditorStats: Info Base pass shader: 87 instructions
[2018.01.16-12.12.58:253][957]MaterialEditorStats: Info Vertex shader: 37 instructions
[2018.01.16-12.12.58:253][957]MaterialEditorStats: Info Texture samplers: 3/16
[2018.01.16-12.13.29:304][644]LogEditorViewport: Clicking on Actor (LMB): StaticMeshActor (WaterGrid)
[2018.01.16-12.13.38:859][607]Cmd: CAMERA ALIGN ACTIVEVIEWPORTONLY
[2018.01.16-12.13.53:134][300]LogMaterial: Missing cached shader map for material M_Water, compiling. 
[2018.01.16-12.13.54:603][473]MaterialEditorStats: Info Base pass shader: 87 instructions
[2018.01.16-12.13.54:603][473]MaterialEditorStats: Info Vertex shader: 37 instructions
[2018.01.16-12.13.54:603][473]MaterialEditorStats: Info Texture samplers: 3/16
[2018.01.16-12.13.59:626][ 75]LogMaterial: Missing cached shader map for material M_Water, compiling. 
[2018.01.16-12.14.00:832][215]MaterialEditorStats: Info Base pass shader: 87 instructions
[2018.01.16-12.14.00:832][215]MaterialEditorStats: Info Vertex shader: 37 instructions
[2018.01.16-12.14.00:832][215]MaterialEditorStats: Info Texture samplers: 3/16
[2018.01.16-12.14.03:449][529]LogMaterialEditor: Applying material M_Water
[2018.01.16-12.14.03:962][529]LogMaterial: Missing cached shader map for material M_Water, compiling. 
[2018.01.16-12.14.04:022][529]LogMaterial: Missing cached shader map for material M_Water, compiling. 
[2018.01.16-12.14.04:085][529]LogMaterial: Missing cached shader map for material M_Water, compiling. 
[2018.01.16-12.14.04:142][529]LogMaterial: Missing cached shader map for material FDebugViewModeMaterialProxy M_Water, compiling. 
[2018.01.16-12.14.05:154][529]TextureStreamingBuild:Display: Compiling optional shaders took 1.019 seconds.
[2018.01.16-12.14.07:932][832]MaterialEditorStats: Info Base pass shader: 87 instructions
[2018.01.16-12.14.07:932][832]MaterialEditorStats: Info Vertex shader: 51 instructions
[2018.01.16-12.14.07:932][832]MaterialEditorStats: Info Texture samplers: 3/16
[2018.01.16-12.14.27:431][144]MapCheck: New page: Map Check
[2018.01.16-12.14.27:473][144]Cmd: MAP REBUILD ALLVISIBLE
[2018.01.16-12.14.27:485][144]LogEditorServer: Rebuildmap Clear paths rebuilt
[2018.01.16-12.14.27:611][144]LogMaterial: Missing cached shader map for material FDebugViewModeMaterialProxy WorldGridMaterial, compiling. Is special engine material.
[2018.01.16-12.14.27:621][144]LogMaterial: Missing cached shader map for material FDebugViewModeMaterialProxy LandscapeGizmo_Mat, compiling. 
[2018.01.16-12.14.27:626][144]LogMaterial: Missing cached shader map for material FDebugViewModeMaterialProxy lambert2, compiling. 
[2018.01.16-12.14.27:632][144]LogMaterial: Missing cached shader map for material FDebugViewModeMaterialProxy M_Water, compiling. 
[2018.01.16-12.14.28:044][144]TextureStreamingBuild:Display: Compiling optional shaders took 0.448 seconds.
[2018.01.16-12.14.28:054][144]LogLevel:Display: Export Material TexCoord Scales took 0.010 seconds.
[2018.01.16-12.14.28:069][144]TextureStreamingBuild:Display: Build Texture Streaming took 0.015 seconds.
[2018.01.16-12.14.28:086][144]LightingResults: New page: Lighting Build - 16 Jan 2018 12:14:28
[2018.01.16-12.14.28:338][144]LogSwarmInterface: [OpenConnection] Registering TCP channel ...
[2018.01.16-12.14.28:490][144]LogSwarmInterface: [OpenConnection] Connecting to agent ...
[2018.01.16-12.14.28:612][144]LogSwarmInterface: [TryOpenConnection] Testing the Agent
[2018.01.16-12.14.29:840][144]LogSwarmInterface: [TryOpenConnection] Opening Connection to Agent
[2018.01.16-12.14.29:840][144]LogSwarmInterface: [TryOpenConnection] Local Process ID is 70968
[2018.01.16-12.14.33:551][144]LightingResults:Warning: Performance Warning No importance volume found and the scene is so large that the automatically synthesized volume will not yield good results.  Please add a tightly bounding lightmass importance volume to optimize your scene's quality and lighting build times.
[2018.01.16-12.14.33:567][144]LogStaticLightingSystem: Running Lightmass w/ ImmediateImport mode ENABLED
[2018.01.16-12.14.33:567][144]LogStaticLightingSystem: Running Lightmass w/ ImmediateProcess mode ENABLED
[2018.01.16-12.14.33:567][144]LogStaticLightingSystem: Running Lightmass w/ Sorting mode ENABLED
[2018.01.16-12.14.33:567][144]LogStaticLightingSystem: Running Lightmass w/ Mapping paddings ENABLED
[2018.01.16-12.14.33:567][144]LogStaticLightingSystem: Running Lightmass w/ Mapping debug paddings DISABLED
[2018.01.16-12.14.33:781][144]Cmd: MAP CHECK DONTDISPLAYDIALOG
[2018.01.16-12.14.33:781][144]MapCheck: New page: HelloWorld - 16 Jan 2018 12:14:33
[2018.01.16-12.14.33:805][144]MapCheck:Error: Error WorldSettings Maps need lighting rebuilt 
[2018.01.16-12.14.33:846][144]MapCheck: Info Map check complete: 1 Error(s), 0 Warning(s), took 65.724ms to complete.
[2018.01.16-12.14.33:869][144]LogEditorBuildUtils: Build time 0:06
[2018.01.16-12.14.33:910][144]LogMaterial: Missing cached shader map for material FLightmassMaterialRenderer lambert2, compiling. 
[2018.01.16-12.14.33:932][144]LogMaterial: Missing cached shader map for material FLightmassMaterialRenderer lambert2, compiling. 
[2018.01.16-12.14.33:937][144]LogMaterial: Missing cached shader map for material FLightmassMaterialRenderer lambert2, compiling. 
[2018.01.16-12.14.34:018][145]LogMaterial: Missing cached shader map for material FLightmassMaterialRenderer M_Water, compiling. 
[2018.01.16-12.14.34:025][145]LogMaterial: Missing cached shader map for material FLightmassMaterialRenderer M_Water, compiling. 
[2018.01.16-12.14.34:031][145]LogMaterial: Missing cached shader map for material FLightmassMaterialRenderer M_Water, compiling. 
[2018.01.16-12.14.34:064][146]LogMaterial: Missing cached shader map for material FLightmassMaterialRenderer WorldGridMaterial, compiling. Is special engine material.
[2018.01.16-12.14.34:071][146]LogMaterial: Missing cached shader map for material FLightmassMaterialRenderer WorldGridMaterial, compiling. Is special engine material.
[2018.01.16-12.14.34:079][146]LogMaterial: Missing cached shader map for material FLightmassMaterialRenderer WorldGridMaterial, compiling. Is special engine material.
[2018.01.16-12.14.39:798][446]Job is a success!
[2018.01.16-12.14.39:992][447]LogTexture:Display: Building textures: HQ_Lightmap1_1 (AutoDXT, 128X128)
[2018.01.16-12.14.39:992][447]LogTexture:Display: Building textures: LQ_Lightmap_1_1 (DXT1, 128X128)
[2018.01.16-12.14.39:992][447]LogTexture:Display: Building textures: SkyOcclusion1_1 (AutoDXT, 128X64)
[2018.01.16-12.14.39:992][447]LogTexture:Display: Building textures: SkyOcclusion1_2 (AutoDXT, 128X64)
[2018.01.16-12.14.39:992][447]LogTexture:Display: Building textures: HQ_Lightmap1_2 (AutoDXT, 128X128)
[2018.01.16-12.14.39:992][447]LogTexture:Display: Building textures: LQ_Lightmap_1_2 (DXT1, 128X128)
[2018.01.16-12.14.39:992][447]LogTexture:Display: Building textures: SkyOcclusion0_3 (AutoDXT, 128X64)
[2018.01.16-12.14.39:992][447]LogTexture:Display: Building textures: HQ_Lightmap0_3 (AutoDXT, 128X128)
[2018.01.16-12.14.39:992][447]LogTexture:Display: Building textures: LQ_Lightmap_0_3 (DXT1, 128X128)
[2018.01.16-12.14.39:992][447]LogTexture:Display: Building textures: ShadowMapTexture2D_3 (G8, 64X64)
[2018.01.16-12.14.39:992][447]LogTexture:Display: Building textures: ShadowMapTexture2D_2 (G8, 128X64)
[2018.01.16-12.14.39:992][447]LogTexture:Display: Building textures: ShadowMapTexture2D_4 (G8, 64X64)
[2018.01.16-12.14.40:243][447]Lightmass on C217-14: 2.87 sec total, 113 ms importing, 17 ms setup, 415 ms photons, 2.31 sec processing, 0 ms extra exporting [4/4 mappings]. Threads: 16.0 sec total, 4.19 sec processing.
[2018.01.16-12.14.40:281][447]LogStaticLightingSystem: Illumination: 12.1 sec (19 ms encoding lightmaps, 53 ms encoding shadowmaps)
[2018.01.16-12.14.40:281][447]LogStaticLightingSystem: Lightmap texture memory:  0.1 MB (0.1 MB streaming, 0.0 MB non-streaming), 6 textures
[2018.01.16-12.14.40:281][447]LogStaticLightingSystem: Shadowmap texture memory: 0.0 MB (0.0 MB streaming, 0.0 MB non-streaming), 3 textures
[2018.01.16-12.14.45:531][447]DumpUnbuiltLightIteractions
[2018.01.16-12.14.45:531][447]Lights with unbuilt interactions: 0
[2018.01.16-12.14.45:531][447]
[2018.01.16-12.14.45:531][447]Primitives with unbuilt interactions: 0
[2018.01.16-12.14.45:544][448]Cmd: MAP CHECK NOTIFYRESULTS
[2018.01.16-12.14.45:544][448]MapCheck: New page: HelloWorld - 16 Jan 2018 12:14:45
[2018.01.16-12.14.45:611][448]MapCheck: Info Map check complete: 0 Error(s), 0 Warning(s), took 67.312ms to complete.
[2018.01.16-12.14.47:931][723]LogEditorViewport: Clicking on Actor (context menu): StaticMeshActor (T_SkyBox2)
[2018.01.16-12.14.59:827][819]LogRenderer: Reallocating scene render targets to support 1432x924 NumSamples 1 (Frame:1).
[2018.01.16-12.16.10:403][696]LogMaterial: Missing cached shader map for material M_Water, compiling. 
[2018.01.16-12.16.12:558][922]LogMaterial: Missing cached shader map for material M_Water, compiling. 
[2018.01.16-12.16.13:762][ 33]MaterialEditorStats: Info Base pass shader: 90 instructions
[2018.01.16-12.16.13:762][ 33]MaterialEditorStats: Info Vertex shader: 37 instructions
[2018.01.16-12.16.13:762][ 33]MaterialEditorStats: Info Texture samplers: 3/16
[2018.01.16-12.16.14:334][ 84]LogMaterial: Missing cached shader map for material M_Water, compiling. 
[2018.01.16-12.16.15:556][196]MaterialEditorStats: Info Base pass shader: 90 instructions
[2018.01.16-12.16.15:556][196]MaterialEditorStats: Info Vertex shader: 37 instructions
[2018.01.16-12.16.15:556][196]MaterialEditorStats: Info Texture samplers: 3/16
[2018.01.16-12.16.17:774][398]LogMaterial: Missing cached shader map for material M_Water, compiling. 
[2018.01.16-12.16.18:956][507]MaterialEditorStats: Info Base pass shader: 87 instructions
[2018.01.16-12.16.18:956][507]MaterialEditorStats: Info Vertex shader: 37 instructions
[2018.01.16-12.16.18:956][507]MaterialEditorStats: Info Texture samplers: 3/16
[2018.01.16-12.16.20:500][647]LogMaterial: Missing cached shader map for material M_Water, compiling. 
[2018.01.16-12.16.21:705][758]MaterialEditorStats: Info Base pass shader: 90 instructions
[2018.01.16-12.16.21:705][758]MaterialEditorStats: Info Vertex shader: 37 instructions
[2018.01.16-12.16.21:705][758]MaterialEditorStats: Info Texture samplers: 3/16
[2018.01.16-12.16.23:012][878]LogMaterialEditor: Applying material M_Water
[2018.01.16-12.16.23:484][878]LogMaterial: Missing cached shader map for material M_Water, compiling. 
[2018.01.16-12.16.23:540][878]LogMaterial: Missing cached shader map for material M_Water, compiling. 
[2018.01.16-12.16.23:606][878]LogMaterial: Missing cached shader map for material M_Water, compiling. 
[2018.01.16-12.16.23:665][878]LogMaterial: Missing cached shader map for material FDebugViewModeMaterialProxy M_Water, compiling. 
[2018.01.16-12.16.24:632][878]TextureStreamingBuild:Display: Compiling optional shaders took 0.974 seconds.
[2018.01.16-12.16.27:298][ 81]MaterialEditorStats: Info Base pass shader: 90 instructions
[2018.01.16-12.16.27:298][ 81]MaterialEditorStats: Info Vertex shader: 51 instructions
[2018.01.16-12.16.27:298][ 81]MaterialEditorStats: Info Texture samplers: 3/16
[2018.01.16-12.16.33:941][630]LogMaterial: Missing cached shader map for material M_Water, compiling. 
[2018.01.16-12.16.35:282][750]MaterialEditorStats: Info Base pass shader: 87 instructions
[2018.01.16-12.16.35:282][750]MaterialEditorStats: Info Vertex shader: 37 instructions
[2018.01.16-12.16.35:282][750]MaterialEditorStats: Info Texture samplers: 3/16
[2018.01.16-12.16.38:404][  8]LogMaterialEditor: Applying material M_Water
[2018.01.16-12.16.38:898][  8]LogMaterial: Missing cached shader map for material M_Water, compiling. 
[2018.01.16-12.16.38:950][  8]LogMaterial: Missing cached shader map for material M_Water, compiling. 
[2018.01.16-12.16.39:009][  8]LogMaterial: Missing cached shader map for material M_Water, compiling. 
[2018.01.16-12.16.39:068][  8]LogMaterial: Missing cached shader map for material FDebugViewModeMaterialProxy M_Water, compiling. 
[2018.01.16-12.16.40:022][  8]TextureStreamingBuild:Display: Compiling optional shaders took 0.961 seconds.
[2018.01.16-12.16.42:703][172]MaterialEditorStats: Info Base pass shader: 87 instructions
[2018.01.16-12.16.42:703][172]MaterialEditorStats: Info Vertex shader: 51 instructions
[2018.01.16-12.16.42:703][172]MaterialEditorStats: Info Texture samplers: 3/16
[2018.01.16-12.18.09:623][958]LogMaterial: Missing cached shader map for material M_Water, compiling. 
[2018.01.16-12.18.19:543][864]LogMaterial: Missing cached shader map for material M_Water, compiling. 
[2018.01.16-12.18.23:676][242]LogMaterial: Missing cached shader map for material M_Water, compiling. 
[2018.01.16-12.18.30:789][922]LogMaterial: Missing cached shader map for material M_Water, compiling. 
[2018.01.16-12.18.32:010][ 34]MaterialEditorStats: Info Base pass shader: 80 instructions
[2018.01.16-12.18.32:010][ 34]MaterialEditorStats: Info Vertex shader: 37 instructions
[2018.01.16-12.18.32:010][ 34]MaterialEditorStats: Info Texture samplers: 3/16
[2018.01.16-12.18.33:953][212]LogMaterialEditor: Applying material M_Water
[2018.01.16-12.18.34:429][212]LogMaterial: Missing cached shader map for material M_Water, compiling. 
[2018.01.16-12.18.34:488][212]LogMaterial: Missing cached shader map for material M_Water, compiling. 
[2018.01.16-12.18.34:551][212]LogMaterial: Missing cached shader map for material M_Water, compiling. 
[2018.01.16-12.18.34:610][212]LogMaterial: Missing cached shader map for material FDebugViewModeMaterialProxy M_Water, compiling. 
[2018.01.16-12.18.35:610][212]TextureStreamingBuild:Display: Compiling optional shaders took 1.007 seconds.
[2018.01.16-12.18.38:402][468]MaterialEditorStats: Info Base pass shader: 80 instructions
[2018.01.16-12.18.38:402][468]MaterialEditorStats: Info Vertex shader: 51 instructions
[2018.01.16-12.18.38:402][468]MaterialEditorStats: Info Texture samplers: 3/16
[2018.01.16-12.18.48:642][258]LogEditorViewport: Clicking on Actor (LMB): StaticMeshActor (WaterGrid)
[2018.01.16-12.18.55:811][815]LogEditorViewport: Clicking on Actor (LMB): StaticMeshActor (WaterGrid2)
[2018.01.16-12.19.05:833][597]LogMaterial: Missing cached shader map for material M_Water, compiling. 
[2018.01.16-12.19.07:311][732]MaterialEditorStats: Info Base pass shader: 87 instructions
[2018.01.16-12.19.07:311][732]MaterialEditorStats: Info Vertex shader: 37 instructions
[2018.01.16-12.19.07:311][732]MaterialEditorStats: Info Texture samplers: 3/16
[2018.01.16-12.19.08:734][863]LogMaterialEditor: Applying material M_Water
[2018.01.16-12.19.09:205][863]LogMaterial: Missing cached shader map for material M_Water, compiling. 
[2018.01.16-12.19.09:253][863]LogMaterial: Missing cached shader map for material M_Water, compiling. 
[2018.01.16-12.19.09:314][863]LogMaterial: Missing cached shader map for material M_Water, compiling. 
[2018.01.16-12.19.09:369][863]LogMaterial: Missing cached shader map for material FDebugViewModeMaterialProxy M_Water, compiling. 
[2018.01.16-12.19.10:304][863]TextureStreamingBuild:Display: Compiling optional shaders took 0.942 seconds.
[2018.01.16-12.19.13:040][ 88]MaterialEditorStats: Info Base pass shader: 87 instructions
[2018.01.16-12.19.13:040][ 88]MaterialEditorStats: Info Vertex shader: 51 instructions
[2018.01.16-12.19.13:040][ 88]MaterialEditorStats: Info Texture samplers: 3/16
[2018.01.16-12.19.31:938][789]Cmd: OBJ SAVEPACKAGE PACKAGE="/Game/Water/WaterGrid" FILE="G:/Year 2/FMP/RPG_Game/RPG_Game/Content/Water/WaterGrid.uasset" SILENT=true
[2018.01.16-12.19.32:124][789]LogSavePackage: Save=14.98ms
[2018.01.16-12.19.32:125][789]LogSavePackage: Moving 'G:/Year 2/FMP/RPG_Game/RPG_Game/Saved/WaterGridF54CBFFD4CD9C2E14C52C4849E51885E.tmp' to 'G:/Year 2/FMP/RPG_Game/RPG_Game/Content/Water/WaterGrid.uasset'
[2018.01.16-12.19.32:131][789]LogSavePackage:Display: Finished SavePackage G:/Year 2/FMP/RPG_Game/RPG_Game/Content/Water/WaterGrid.uasset
[2018.01.16-12.20.00:696][256]LogContentBrowser: Native class hierarchy updated for 'BlueprintGraph' in 0.0008 seconds. Added 112 classes and 0 folders.
[2018.01.16-12.20.01:146][256]LogSlate: Took 0.000200 seconds to synchronously load lazily loaded font '../../../Engine/Content/Slate/Fonts/Roboto-Regular.ttf' (155K)
[2018.01.16-12.20.37:969][551]BlueprintLog: New page: Compile NewBlueprint
[2018.01.16-12.22.20:159][591]BlueprintLog: New page: Compile NewBlueprint
[2018.01.16-12.22.20:597][630]Cmd: OBJ SAVEPACKAGE PACKAGE="/Game/NewBlueprint" FILE="G:/Year 2/FMP/RPG_Game/RPG_Game/Content/NewBlueprint.uasset" SILENT=true
[2018.01.16-12.22.20:624][630]LogSavePackage: Save=23.58ms
[2018.01.16-12.22.20:624][630]LogSavePackage: Moving 'G:/Year 2/FMP/RPG_Game/RPG_Game/Saved/NewBlueprintD206E71E493253411D7CE18352602BC6.tmp' to 'G:/Year 2/FMP/RPG_Game/RPG_Game/Content/NewBlueprint.uasset'
[2018.01.16-12.22.20:627][630]LogSavePackage:Display: Finished SavePackage G:/Year 2/FMP/RPG_Game/RPG_Game/Content/NewBlueprint.uasset
[2018.01.16-12.22.32:479][973]Cmd: CAMERA ALIGN ACTIVEVIEWPORTONLY
[2018.01.16-12.23.52:905][189]Cmd: OBJ SAVEPACKAGE PACKAGE="/Game/Maps/HelloWorld" FILE="G:/Year 2/FMP/RPG_Game/RPG_Game/Saved/Autosaves/Game/Maps/HelloWorld_Auto1.umap" SILENT=true AUTOSAVING=true KEEPDIRTY=false
[2018.01.16-12.23.53:074][189]LogSavePackage: Save=154.66ms
[2018.01.16-12.23.53:074][189]LogSavePackage: Moving 'G:/Year 2/FMP/RPG_Game/RPG_Game/Saved/HelloWorld_Auto1E2CF4B89403993DCF3DF4EAC4B473898.tmp' to 'G:/Year 2/FMP/RPG_Game/RPG_Game/Saved/Autosaves/Game/Maps/HelloWorld_Auto1.umap'
[2018.01.16-12.23.53:074][189]LogSavePackage:Display: Finished SavePackage G:/Year 2/FMP/RPG_Game/RPG_Game/Saved/Autosaves/Game/Maps/HelloWorld_Auto1.umap
[2018.01.16-12.23.53:076][189]LogFileHelpers: Editor autosave (incl. sublevels) for '/Game/Maps/HelloWorld' took 0.191
[2018.01.16-12.23.53:076][189]LogFileHelpers: Editor autosave (incl. sublevels) for all levels took 0.191
[2018.01.16-12.23.53:078][189]OBJ SavePackage: Generating thumbnails for [0] asset(s) in package [/Game/Maps/HelloWorld_BuiltData] ([1] browsable assets)...
[2018.01.16-12.23.53:078][189]OBJ SavePackage: Finished generating thumbnails for package [/Game/Maps/HelloWorld_BuiltData]
[2018.01.16-12.23.53:078][189]Cmd: OBJ SAVEPACKAGE PACKAGE="/Game/Maps/HelloWorld_BuiltData" FILE="G:/Year 2/FMP/RPG_Game/RPG_Game/Saved/Autosaves/Game/Maps/HelloWorld_BuiltData_Auto1.uasset" SILENT=false AUTOSAVING=true
[2018.01.16-12.23.53:110][189]LogSavePackage: Save=18.13ms
[2018.01.16-12.23.53:110][189]LogSavePackage: Moving 'G:/Year 2/FMP/RPG_Game/RPG_Game/Saved/HelloWorld_BuiltData_Auto149FF65084008A6EE18FCF6AA271AE7D7.tmp' to 'G:/Year 2/FMP/RPG_Game/RPG_Game/Saved/Autosaves/Game/Maps/HelloWorld_BuiltData_Auto1.uasset'
[2018.01.16-12.23.53:111][189]LogSavePackage:Display: Finished SavePackage G:/Year 2/FMP/RPG_Game/RPG_Game/Saved/Autosaves/Game/Maps/HelloWorld_BuiltData_Auto1.uasset
[2018.01.16-12.23.53:111][189]OBJ SavePackage: Generating thumbnails for [1] asset(s) in package [/Game/Water/M_Water] ([1] browsable assets)...
[2018.01.16-12.23.53:140][189]OBJ SavePackage:     Rendered thumbnail for [Material /Game/Water/M_Water.M_Water]
[2018.01.16-12.23.53:140][189]OBJ SavePackage: Finished generating thumbnails for package [/Game/Water/M_Water]
[2018.01.16-12.23.53:140][189]Cmd: OBJ SAVEPACKAGE PACKAGE="/Game/Water/M_Water" FILE="G:/Year 2/FMP/RPG_Game/RPG_Game/Saved/Autosaves/Game/Water/M_Water_Auto1.uasset" SILENT=false AUTOSAVING=true
[2018.01.16-12.23.53:173][189]LogSavePackage: Save=23.39ms
[2018.01.16-12.23.53:173][189]LogSavePackage: Moving 'G:/Year 2/FMP/RPG_Game/RPG_Game/Saved/M_Water_Auto1492B8F9B40BF5E282A105EB4D43DDD61.tmp' to 'G:/Year 2/FMP/RPG_Game/RPG_Game/Saved/Autosaves/Game/Water/M_Water_Auto1.uasset'
[2018.01.16-12.23.53:174][189]LogSavePackage:Display: Finished SavePackage G:/Year 2/FMP/RPG_Game/RPG_Game/Saved/Autosaves/Game/Water/M_Water_Auto1.uasset
[2018.01.16-12.23.53:174][189]LogFileHelpers: Auto-saving content packages took 0.096
[2018.01.16-12.28.04:914][941]Cmd: OBJ SAVEPACKAGE PACKAGE="/Game/Maps/HelloWorld" FILE="G:/Year 2/FMP/RPG_Game/RPG_Game/Content/Maps/HelloWorld.umap" SILENT=true AUTOSAVING=false KEEPDIRTY=false
[2018.01.16-12.28.05:096][941]LogSavePackage: Save=127.54ms
[2018.01.16-12.28.05:096][941]LogSavePackage: Moving 'G:/Year 2/FMP/RPG_Game/RPG_Game/Saved/HelloWorldBD2CB0A34EC0AB668D62D094AAB08E95.tmp' to 'G:/Year 2/FMP/RPG_Game/RPG_Game/Content/Maps/HelloWorld.umap'
[2018.01.16-12.28.05:102][941]LogSavePackage:Display: Finished SavePackage G:/Year 2/FMP/RPG_Game/RPG_Game/Content/Maps/HelloWorld.umap
[2018.01.16-12.28.05:132][941]LogFileHelpers: Saving map 'HelloWorld' took 0.276
[2018.01.16-12.28.05:136][941]Cmd: OBJ SAVEPACKAGE PACKAGE="/Game/Maps/HelloWorld_BuiltData" FILE="G:/Year 2/FMP/RPG_Game/RPG_Game/Content/Maps/HelloWorld_BuiltData.uasset" SILENT=true
[2018.01.16-12.28.05:165][941]LogSavePackage: Save=23.86ms
[2018.01.16-12.28.05:165][941]LogSavePackage: Moving 'G:/Year 2/FMP/RPG_Game/RPG_Game/Saved/HelloWorld_BuiltData4475CC0B46755500B2917DA3A2F9C13B.tmp' to 'G:/Year 2/FMP/RPG_Game/RPG_Game/Content/Maps/HelloWorld_BuiltData.uasset'
[2018.01.16-12.28.05:172][941]LogSavePackage:Display: Finished SavePackage G:/Year 2/FMP/RPG_Game/RPG_Game/Content/Maps/HelloWorld_BuiltData.uasset
[2018.01.16-12.28.05:175][941]Cmd: OBJ SAVEPACKAGE PACKAGE="/Game/Water/M_Water" FILE="G:/Year 2/FMP/RPG_Game/RPG_Game/Content/Water/M_Water.uasset" SILENT=true
[2018.01.16-12.28.05:192][941]LogSavePackage: Save=11.86ms
[2018.01.16-12.28.05:192][941]LogSavePackage: Moving 'G:/Year 2/FMP/RPG_Game/RPG_Game/Saved/M_WaterB828A8C345327D0DD206CBA001766B49.tmp' to 'G:/Year 2/FMP/RPG_Game/RPG_Game/Content/Water/M_Water.uasset'
[2018.01.16-12.28.05:197][941]LogSavePackage:Display: Finished SavePackage G:/Year 2/FMP/RPG_Game/RPG_Game/Content/Water/M_Water.uasset
[2018.01.16-12.28.05:491][942]Cmd: QUIT_EDITOR
[2018.01.16-12.28.05:507][942]LogWindowsTextInputMethodSystem:Display: IME system now deactivated.
[2018.01.16-12.28.05:514][942]LogExit: Preparing to exit.
[2018.01.16-12.28.06:496][942]LogExit: Editor shut down
[2018.01.16-12.28.06:498][942]LogExit: Transaction tracking system shut down
[2018.01.16-12.28.06:581][942]LogObj: Freed 0b from 0 cluster array pools.
[2018.01.16-12.28.06:581][942]LogExit: Object subsystem successfully closed.
[2018.01.16-12.28.06:591][942]LogD3D11RHI: Shutdown
[2018.01.16-12.28.06:591][942]LogD3D11RHI: CleanupD3DDevice
[2018.01.16-12.28.06:650][942]LogD3D11RHI: ~FD3D11DynamicRHI
[2018.01.16-12.28.06:660][942]LogModuleManager: Shutting down and abandoning module BlueprintGraph (534)
[2018.01.16-12.28.06:660][942]LogModuleManager: Shutting down and abandoning module BlueprintProfiler (532)
[2018.01.16-12.28.06:660][942]LogModuleManager: Shutting down and abandoning module StaticMeshEditor (530)
[2018.01.16-12.28.06:660][942]LogModuleManager: Shutting down and abandoning module HierarchicalLODUtilities (528)
[2018.01.16-12.28.06:660][942]LogModuleManager: Shutting down and abandoning module MaterialEditor (526)
[2018.01.16-12.28.06:660][942]LogModuleManager: Shutting down and abandoning module HierarchicalLODOutliner (524)
[2018.01.16-12.28.06:660][942]LogModuleManager: Shutting down and abandoning module CrashTracker (522)
[2018.01.16-12.28.06:660][942]LogModuleManager: Shutting down and abandoning module SceneOutliner (520)
[2018.01.16-12.28.06:660][942]LogModuleManager: Shutting down and abandoning module AddContentDialog (518)
[2018.01.16-12.28.06:660][942]LogDirectoryWatcher: A directory notification for 'C:/Program Files/Epic Games/UE_4.16/FeaturePacks/' was aborted.
[2018.01.16-12.28.06:661][942]LogModuleManager: Shutting down and abandoning module WidgetCarousel (517)
[2018.01.16-12.28.06:661][942]LogModuleManager: Shutting down and abandoning module EditorWidgets (514)
[2018.01.16-12.28.06:661][942]LogModuleManager: Shutting down and abandoning module CollectionManager (512)
[2018.01.16-12.28.06:661][942]LogDirectoryWatcher: A directory notification for 'G:/Year 2/FMP/RPG_Game/RPG_Game/Content/Collections/' was aborted.
[2018.01.16-12.28.06:661][942]LogDirectoryWatcher: A directory notification for 'G:/Year 2/FMP/RPG_Game/RPG_Game/Content/Developers/jordanboast/Collections/' was aborted.
[2018.01.16-12.28.06:661][942]LogDirectoryWatcher: A directory notification for 'G:/Year 2/FMP/RPG_Game/RPG_Game/Saved/Collections/' was aborted.
[2018.01.16-12.28.06:661][942]LogModuleManager: Shutting down and abandoning module StatsViewer (510)
[2018.01.16-12.28.06:661][942]LogModuleManager: Shutting down and abandoning module FoliageEdit (508)
[2018.01.16-12.28.06:661][942]LogModuleManager: Shutting down and abandoning module LandscapeEditor (506)
[2018.01.16-12.28.06:661][942]LogModuleManager: Shutting down and abandoning module MeshPaintMode (504)
[2018.01.16-12.28.06:661][942]LogModuleManager: Shutting down and abandoning module SceneDepthPickerMode (502)
[2018.01.16-12.28.06:661][942]LogModuleManager: Shutting down and abandoning module ActorPickerMode (500)
[2018.01.16-12.28.06:661][942]LogModuleManager: Shutting down and abandoning module GeometryMode (498)
[2018.01.16-12.28.06:661][942]LogModuleManager: Shutting down and abandoning module TextureAlignMode (496)
[2018.01.16-12.28.06:661][942]LogModuleManager: Shutting down and abandoning module BspMode (494)
[2018.01.16-12.28.06:661][942]LogModuleManager: Shutting down and abandoning module HardwareSurvey (492)
[2018.01.16-12.28.06:661][942]LogModuleManager: Shutting down and abandoning module SequenceRecorderSections (490)
[2018.01.16-12.28.06:661][942]LogModuleManager: Shutting down and abandoning module AutomationWorker (488)
[2018.01.16-12.28.06:661][942]LogModuleManager: Shutting down and abandoning module MatineeToLevelSequence (486)
[2018.01.16-12.28.06:661][942]LogModuleManager: Shutting down and abandoning module LevelSequenceEditor (484)
[2018.01.16-12.28.06:661][942]LogModuleManager: Shutting down and abandoning module PlacementMode (483)
[2018.01.16-12.28.06:661][942]LogModuleManager: Shutting down and abandoning module WmfMediaFactory (480)
[2018.01.16-12.28.06:661][942]LogModuleManager: Shutting down and abandoning module WmfMediaEditor (478)
[2018.01.16-12.28.06:661][942]LogModuleManager: Shutting down and abandoning module AvfMediaFactory (476)
[2018.01.16-12.28.06:661][942]LogModuleManager: Shutting down and abandoning module AvfMediaEditor (474)
[2018.01.16-12.28.06:661][942]LogModuleManager: Shutting down and abandoning module AndroidMediaFactory (472)
[2018.01.16-12.28.06:661][942]LogModuleManager: Shutting down and abandoning module Media (471)
[2018.01.16-12.28.06:661][942]LogModuleManager: Shutting down and abandoning module AndroidMediaEditor (468)
[2018.01.16-12.28.06:661][942]LogModuleManager: Shutting down and abandoning module CharacterAI (466)
[2018.01.16-12.28.06:661][942]LogModuleManager: Shutting down and abandoning module AudioCapture (464)
[2018.01.16-12.28.06:661][942]LogModuleManager: Shutting down and abandoning module SequenceRecorder (463)
[2018.01.16-12.28.06:661][942]LogModuleManager: Shutting down and abandoning module SmartSnapping (460)
[2018.01.16-12.28.06:661][942]LogModuleManager: Shutting down and abandoning module SessionServices (458)
[2018.01.16-12.28.06:661][942]LogModuleManager: Shutting down and abandoning module ViewportSnapping (456)
[2018.01.16-12.28.06:661][942]LogModuleManager: Shutting down and abandoning module ViewportInteraction (454)
[2018.01.16-12.28.06:661][942]LogModuleManager: Shutting down and abandoning module ClothPainter (452)
[2018.01.16-12.28.06:661][942]LogModuleManager: Shutting down and abandoning module LogVisualizer (450)
[2018.01.16-12.28.06:661][942]LogModuleManager: Shutting down and abandoning module IntroTutorials (448)
[2018.01.16-12.28.06:661][942]LogModuleManager: Shutting down and abandoning module GameProjectGeneration (447)
[2018.01.16-12.28.06:661][942]LogModuleManager: Shutting down and abandoning module EditorLiveStreaming (444)
[2018.01.16-12.28.06:661][942]LogModuleManager: Shutting down and abandoning module IOSPlatformEditor (442)
[2018.01.16-12.28.06:661][942]LogModuleManager: Shutting down and abandoning module HTML5PlatformEditor (440)
[2018.01.16-12.28.06:661][942]LogModuleManager: Shutting down and abandoning module AndroidPlatformEditor (438)
[2018.01.16-12.28.06:661][942]LogModuleManager: Shutting down and abandoning module AndroidDeviceDetection (437)
[2018.01.16-12.28.07:142][942]LogModuleManager: Shutting down and abandoning module IOSRuntimeSettings (434)
[2018.01.16-12.28.07:142][942]LogModuleManager: Shutting down and abandoning module AndroidRuntimeSettings (432)
[2018.01.16-12.28.07:142][942]LogModuleManager: Shutting down and abandoning module InputBindingEditor (430)
[2018.01.16-12.28.07:142][942]LogModuleManager: Shutting down and abandoning module MergeActors (428)
[2018.01.16-12.28.07:142][942]LogModuleManager: Shutting down and abandoning module SizeMap (426)
[2018.01.16-12.28.07:142][942]LogModuleManager: Shutting down and abandoning module TreeMap (424)
[2018.01.16-12.28.07:142][942]LogModuleManager: Shutting down and abandoning module ReferenceViewer (422)
[2018.01.16-12.28.07:142][942]LogModuleManager: Shutting down and abandoning module LocalizationDashboard (420)
[2018.01.16-12.28.07:142][942]LogModuleManager: Shutting down and abandoning module LocalizationService (419)
[2018.01.16-12.28.07:142][942]LogModuleManager: Shutting down and abandoning module HardwareTargeting (416)
[2018.01.16-12.28.07:142][942]LogModuleManager: Shutting down and abandoning module DeviceProfileEditor (414)
[2018.01.16-12.28.07:142][942]LogModuleManager: Shutting down and abandoning module UndoHistory (412)
[2018.01.16-12.28.07:142][942]LogModuleManager: Shutting down and abandoning module UserFeedback (410)
[2018.01.16-12.28.07:142][942]LogModuleManager: Shutting down and abandoning module XmlParser (408)
[2018.01.16-12.28.07:142][942]LogModuleManager: Shutting down and abandoning module Blutility (406)
[2018.01.16-12.28.07:142][942]LogModuleManager: Shutting down and abandoning module ProjectSettingsViewer (404)
[2018.01.16-12.28.07:142][942]LogModuleManager: Shutting down and abandoning module ProjectTargetPlatformEditor (403)
[2018.01.16-12.28.07:142][942]LogModuleManager: Shutting down and abandoning module EditorSettingsViewer (400)
[2018.01.16-12.28.07:142][942]LogModuleManager: Shutting down and abandoning module SettingsEditor (398)
[2018.01.16-12.28.07:142][942]LogModuleManager: Shutting down and abandoning module ProjectLauncher (396)
[2018.01.16-12.28.07:142][942]LogModuleManager: Shutting down and abandoning module SessionFrontend (394)
[2018.01.16-12.28.07:143][942]LogModuleManager: Shutting down and abandoning module ProfilerClient (392)
[2018.01.16-12.28.07:143][942]LogModuleManager: Shutting down and abandoning module DeviceManager (390)
[2018.01.16-12.28.07:143][942]LogModuleManager: Shutting down and abandoning module TargetDeviceServices (389)
[2018.01.16-12.28.07:195][942]LogModuleManager: Shutting down and abandoning module AutomationController (386)
[2018.01.16-12.28.07:195][942]LogModuleManager: Shutting down and abandoning module AutomationWindow (384)
[2018.01.16-12.28.07:195][942]LogModuleManager: Shutting down and abandoning module Layers (382)
[2018.01.16-12.28.07:195][942]LogModuleManager: Shutting down and abandoning module ComponentVisualizers (380)
[2018.01.16-12.28.07:195][942]LogModuleManager: Shutting down and abandoning module DetailCustomizations (378)
[2018.01.16-12.28.07:195][942]LogModuleManager: Shutting down and abandoning module PackagesDialog (376)
[2018.01.16-12.28.07:195][942]LogModuleManager: Shutting down and abandoning module Persona (374)
[2018.01.16-12.28.07:195][942]LogModuleManager: Shutting down and abandoning module AdvancedPreviewScene (373)
[2018.01.16-12.28.07:195][942]LogModuleManager: Shutting down and abandoning module AnimGraph (371)
[2018.01.16-12.28.07:195][942]LogModuleManager: Shutting down and abandoning module Kismet (368)
[2018.01.16-12.28.07:200][942]LogModuleManager: Shutting down and abandoning module ClassViewer (366)
[2018.01.16-12.28.07:201][942]LogModuleManager: Shutting down and abandoning module Toolbox (364)
[2018.01.16-12.28.07:201][942]LogModuleManager: Shutting down and abandoning module ModuleUI (362)
[2018.01.16-12.28.07:201][942]LogModuleManager: Shutting down and abandoning module MovieSceneTools (360)
[2018.01.16-12.28.07:201][942]LogModuleManager: Shutting down and abandoning module OutputLog (358)
[2018.01.16-12.28.07:201][942]LogModuleManager: Shutting down and abandoning module GammaUI (356)
[2018.01.16-12.28.07:201][942]LogModuleManager: Shutting down and abandoning module Documentation (354)
[2018.01.16-12.28.07:201][942]LogModuleManager: Shutting down and abandoning module MovieSceneTracks (352)
[2018.01.16-12.28.07:201][942]LogModuleManager: Shutting down and abandoning module MovieScene (350)
[2018.01.16-12.28.07:201][942]LogModuleManager: Shutting down and abandoning module Niagara (348)
[2018.01.16-12.28.07:201][942]LogModuleManager: Shutting down and abandoning module NiagaraEditor (347)
[2018.01.16-12.28.07:201][942]LogModuleManager: Shutting down and abandoning module StreamingPauseRendering (344)
[2018.01.16-12.28.07:201][942]LogModuleManager: Shutting down and abandoning module AnalyticsET (342)
[2018.01.16-12.28.07:201][942]LogModuleManager: Shutting down and abandoning module PortalServices (340)
[2018.01.16-12.28.07:201][942]LogModuleManager: Shutting down and abandoning module PortalRpc (338)
[2018.01.16-12.28.07:201][942]LogModuleManager: Shutting down and abandoning module MessagingRpc (336)
[2018.01.16-12.28.07:201][942]LogModuleManager: Shutting down and abandoning module AIModule (334)
[2018.01.16-12.28.07:201][942]LogModuleManager: Shutting down and abandoning module GameplayDebugger (333)
[2018.01.16-12.28.07:201][942]LogModuleManager: Shutting down and abandoning module AITestSuite (331)
[2018.01.16-12.28.07:201][942]LogModuleManager: Shutting down and abandoning module ProfilerService (328)
[2018.01.16-12.28.07:308][942]LogModuleManager: Shutting down and abandoning module TaskGraph (326)
[2018.01.16-12.28.07:308][942]LogModuleManager: Shutting down and abandoning module SteamVRController (324)
[2018.01.16-12.28.07:308][942]LogModuleManager: Shutting down and abandoning module SteamVR (322)
[2018.01.16-12.28.07:308][942]LogModuleManager: Shutting down and abandoning module ProceduralMeshComponentEditor (320)
[2018.01.16-12.28.07:308][942]LogModuleManager: Shutting down and abandoning module ProceduralMeshComponent (318)
[2018.01.16-12.28.07:308][942]LogModuleManager: Shutting down and abandoning module OculusLibrary (316)
[2018.01.16-12.28.07:308][942]LogModuleManager: Shutting down and abandoning module OculusInput (314)
[2018.01.16-12.28.07:308][942]LogModuleManager: Shutting down and abandoning module MobilePatchingUtils (312)
[2018.01.16-12.28.07:308][942]LogModuleManager: Shutting down and abandoning module CustomMeshComponent (310)
[2018.01.16-12.28.07:308][942]LogModuleManager: Shutting down and abandoning module CableComponent (308)
[2018.01.16-12.28.07:308][942]LogModuleManager: Shutting down and abandoning module ArchVisCharacter (306)
[2018.01.16-12.28.07:308][942]LogModuleManager: Shutting down and abandoning module AndroidPermission (304)
[2018.01.16-12.28.07:308][942]LogModuleManager: Shutting down and abandoning module MediaPlayerEditor (300)
[2018.01.16-12.28.07:308][942]LogModuleManager: Shutting down and abandoning module HTML5Networking (298)
[2018.01.16-12.28.07:308][942]LogModuleManager: Shutting down and abandoning module AlembicImporter (296)
[2018.01.16-12.28.07:308][942]LogModuleManager: Shutting down and abandoning module AlembicLibrary (295)
[2018.01.16-12.28.07:308][942]LogModuleManager: Shutting down and abandoning module GeometryCache (294)
[2018.01.16-12.28.07:308][942]LogModuleManager: Shutting down and abandoning module GeometryCacheEd (293)
[2018.01.16-12.28.07:308][942]LogModuleManager: Shutting down and abandoning module SuperSearchEditor (288)
[2018.01.16-12.28.07:308][942]LogModuleManager: Shutting down and abandoning module SuperSearch (287)
[2018.01.16-12.28.07:308][942]LogModuleManager: Shutting down and abandoning module SpeedTreeImporter (284)
[2018.01.16-12.28.07:308][942]LogModuleManager: Shutting down and abandoning module PluginBrowser (282)
[2018.01.16-12.28.07:308][942]LogModuleManager: Shutting down and abandoning module MobileLauncherProfileWizard (280)
[2018.01.16-12.28.07:308][942]LogModuleManager: Shutting down and abandoning module VisualStudioSourceCodeAccess (278)
[2018.01.16-12.28.07:308][942]LogModuleManager: Shutting down and abandoning module DesktopPlatform (277)
[2018.01.16-12.28.07:308][942]LogModuleManager: Shutting down and abandoning module UObjectPlugin (274)
[2018.01.16-12.28.07:308][942]LogModuleManager: Shutting down and abandoning module SubversionSourceControl (272)
[2018.01.16-12.28.07:309][942]LogModuleManager: Shutting down and abandoning module PerforceSourceControl (270)
[2018.01.16-12.28.07:309][942]LogModuleManager: Shutting down and abandoning module GitSourceControl (268)
[2018.01.16-12.28.07:309][942]LogModuleManager: Shutting down and abandoning module SourceControl (267)
[2018.01.16-12.28.07:309][942]LogModuleManager: Shutting down and abandoning module LightPropagationVolumeEditor (264)
[2018.01.16-12.28.07:309][942]LogModuleManager: Shutting down and abandoning module PaperTiledImporter (262)
[2018.01.16-12.28.07:309][942]LogModuleManager: Shutting down and abandoning module PaperSpriteSheetImporter (260)
[2018.01.16-12.28.07:309][942]LogModuleManager: Shutting down and abandoning module Paper2DEditor (258)
[2018.01.16-12.28.07:309][942]LogModuleManager: Shutting down and abandoning module MeshPaint (257)
[2018.01.16-12.28.07:309][942]LogModuleManager: Shutting down and abandoning module LevelEditor (255)
[2018.01.16-12.28.07:310][942]LogModuleManager: Shutting down and abandoning module PixelInspectorModule (254)
[2018.01.16-12.28.07:310][942]LogModuleManager: Shutting down and abandoning module MainFrame (252)
[2018.01.16-12.28.07:310][942]LogModuleManager: Shutting down and abandoning module HotReload (251)
[2018.01.16-12.28.07:311][942]LogModuleManager: Shutting down and abandoning module PhysXVehiclesEditor (246)
[2018.01.16-12.28.07:311][942]LogModuleManager: Shutting down and abandoning module PhysXVehicles (244)
[2018.01.16-12.28.07:311][942]LogModuleManager: Shutting down and abandoning module LocationServicesBPLibrary (242)
[2018.01.16-12.28.07:311][942]LogModuleManager: Shutting down and abandoning module ImmediatePhysicsEditor (240)
[2018.01.16-12.28.07:311][942]LogModuleManager: Shutting down and abandoning module ImmediatePhysics (238)
[2018.01.16-12.28.07:311][942]LogModuleManager: Shutting down and abandoning module UdpMessaging (236)
[2018.01.16-12.28.07:413][942]LogModuleManager: Shutting down and abandoning module TcpMessaging (234)
[2018.01.16-12.28.07:513][942]LogModuleManager: Shutting down and abandoning module GameplayTagsEditor (232)
[2018.01.16-12.28.07:513][942]LogModuleManager: Shutting down and abandoning module FacialAnimationEditor (230)
[2018.01.16-12.28.07:513][942]LogModuleManager: Shutting down and abandoning module FacialAnimation (228)
[2018.01.16-12.28.07:513][942]LogModuleManager: Shutting down and abandoning module AssetManagerEditor (226)
[2018.01.16-12.28.07:513][942]LogModuleManager: Shutting down and abandoning module GraphEditor (225)
[2018.01.16-12.28.07:513][942]LogModuleManager: Shutting down and abandoning module ContentBrowser (223)
[2018.01.16-12.28.07:515][942]LogModuleManager: Shutting down and abandoning module LightPropagationVolumeRuntime (220)
[2018.01.16-12.28.07:515][942]LogModuleManager: Shutting down and abandoning module Paper2D (218)
[2018.01.16-12.28.07:515][942]LogModuleManager: Shutting down and abandoning module WindowsMoviePlayer (216)
[2018.01.16-12.28.07:515][942]LogModuleManager: Shutting down and abandoning module WmfMedia (214)
[2018.01.16-12.28.07:515][942]LogModuleManager: Shutting down and abandoning module ClothingSystemEditor (212)
[2018.01.16-12.28.07:515][942]LogModuleManager: Shutting down and abandoning module ClothingSystemRuntime (210)
[2018.01.16-12.28.07:515][942]LogModuleManager: Shutting down and abandoning module MediaAssets (208)
[2018.01.16-12.28.07:515][942]LogModuleManager: Shutting down and abandoning module GameLiveStreaming (206)
[2018.01.16-12.28.07:515][942]LogModuleManager: Shutting down and abandoning module VREditor (204)
[2018.01.16-12.28.07:516][942]LogModuleManager: Shutting down and abandoning module StringTableEditor (202)
[2018.01.16-12.28.07:516][942]LogModuleManager: Shutting down and abandoning module GameplayTasksEditor (200)
[2018.01.16-12.28.07:516][942]LogModuleManager: Shutting down and abandoning module BehaviorTreeEditor (198)
[2018.01.16-12.28.07:516][942]LogModuleManager: Shutting down and abandoning module FunctionalTesting (196)
[2018.01.16-12.28.07:516][942]LogModuleManager: Shutting down and abandoning module CollisionAnalyzer (194)
[2018.01.16-12.28.07:516][942]LogModuleManager: Shutting down and abandoning module UMG (192)
[2018.01.16-12.28.07:516][942]LogModuleManager: Shutting down and abandoning module UMGEditor (191)
[2018.01.16-12.28.07:516][942]LogModuleManager: Shutting down and abandoning module Sequencer (190)
[2018.01.16-12.28.07:516][942]LogModuleManager: Shutting down and abandoning module AssetTools (188)
[2018.01.16-12.28.07:516][942]LogModuleManager: Shutting down and abandoning module MessageLog (187)
[2018.01.16-12.28.07:516][942]LogModuleManager: Shutting down and abandoning module WorkspaceMenuStructure (186)
[2018.01.16-12.28.07:516][942]LogModuleManager: Shutting down and abandoning module SlateReflector (180)
[2018.01.16-12.28.07:516][942]LogModuleManager: Shutting down and abandoning module Slate (178)
[2018.01.16-12.28.07:516][942]LogModuleManager: Shutting down and abandoning module EditorStyle (176)
[2018.01.16-12.28.07:523][942]LogModuleManager: Shutting down and abandoning module SourceCodeAccess (174)
[2018.01.16-12.28.07:523][942]LogModuleManager: Shutting down and abandoning module HeadMountedDisplay (172)
[2018.01.16-12.28.07:523][942]LogModuleManager: Shutting down and abandoning module XAudio2 (170)
[2018.01.16-12.28.07:523][942]LogModuleManager: Shutting down and abandoning module Networking (168)
[2018.01.16-12.28.07:523][942]LogModuleManager: Shutting down and abandoning module Core (164)
[2018.01.16-12.28.07:523][942]LogModuleManager: Shutting down and abandoning module AssetRegistry (162)
[2018.01.16-12.28.07:824][942]LogDirectoryWatcher: A directory notification for '../../../Engine/Content/' was aborted.
[2018.01.16-12.28.07:824][942]LogDirectoryWatcher: A directory notification for 'G:/Year 2/FMP/RPG_Game/RPG_Game/Content/' was aborted.
[2018.01.16-12.28.07:824][942]LogDirectoryWatcher: A directory notification for '../../../Engine/Plugins/2D/Paper2D/Content/' was aborted.
[2018.01.16-12.28.07:824][942]LogDirectoryWatcher: A directory notification for '../../../Engine/Plugins/Runtime/GearVR/Content/' was aborted.
[2018.01.16-12.28.07:827][942]LogModuleManager: Shutting down and abandoning module DirectoryWatcher (161)
[2018.01.16-12.28.07:827][942]LogModuleManager: Shutting down and abandoning module KismetCompiler (158)
[2018.01.16-12.28.07:827][942]LogModuleManager: Shutting down and abandoning module LevelSequence (156)
[2018.01.16-12.28.07:827][942]LogModuleManager: Shutting down and abandoning module PhysXFormats (154)
[2018.01.16-12.28.07:827][942]LogModuleManager: Shutting down and abandoning module MeshUtilities (152)
[2018.01.16-12.28.07:827][942]LogModuleManager: Shutting down and abandoning module SimplygonSwarm (151)
[2018.01.16-12.28.07:827][942]LogModuleManager: Shutting down and abandoning module SimplygonMeshReduction (149)
[2018.01.16-12.28.07:827][942]LogModuleManager: Shutting down and abandoning module QuadricMeshReduction (147)
[2018.01.16-12.28.07:827][942]LogModuleManager: Shutting down and abandoning module DerivedDataCache (144)
[2018.01.16-12.28.07:884][942]LogDerivedDataCache: Shutdown
[2018.01.16-12.28.07:884][942]LogModuleManager: Shutting down and abandoning module TargetPlatform (142)
[2018.01.16-12.28.07:884][942]LogModuleManager: Shutting down and abandoning module VulkanShaderFormat (141)
[2018.01.16-12.28.07:884][942]LogModuleManager: Shutting down and abandoning module ShaderFormatVectorVM (139)
[2018.01.16-12.28.07:884][942]LogModuleManager: Shutting down and abandoning module ShaderFormatOpenGL (137)
[2018.01.16-12.28.07:884][942]LogModuleManager: Shutting down and abandoning module ShaderFormatD3D (135)
[2018.01.16-12.28.07:884][942]LogModuleManager: Shutting down and abandoning module MetalShaderFormat (133)
[2018.01.16-12.28.07:884][942]LogModuleManager: Shutting down and abandoning module TextureFormatUncompressed (131)
[2018.01.16-12.28.07:884][942]LogModuleManager: Shutting down and abandoning module TextureFormatPVR (129)
[2018.01.16-12.28.07:884][942]LogModuleManager: Shutting down and abandoning module TextureFormatDXT (127)
[2018.01.16-12.28.07:884][942]LogModuleManager: Shutting down and abandoning module TextureFormatIntelISPCTexComp (125)
[2018.01.16-12.28.07:884][942]LogModuleManager: Shutting down and abandoning module TextureFormatASTC (123)
[2018.01.16-12.28.07:884][942]LogModuleManager: Shutting down and abandoning module ImageWrapper (122)
[2018.01.16-12.28.07:884][942]LogModuleManager: Shutting down and abandoning module TextureFormatAndroid (119)
[2018.01.16-12.28.07:884][942]LogModuleManager: Shutting down and abandoning module AudioFormatOpus (117)
[2018.01.16-12.28.07:884][942]LogModuleManager: Shutting down and abandoning module AudioFormatOgg (115)
[2018.01.16-12.28.07:884][942]LogModuleManager: Shutting down and abandoning module AudioFormatADPCM (113)
[2018.01.16-12.28.07:884][942]LogModuleManager: Shutting down and abandoning module LinuxTargetPlatform (111)
[2018.01.16-12.28.07:884][942]LogModuleManager: Shutting down and abandoning module LinuxServerTargetPlatform (109)
[2018.01.16-12.28.07:884][942]LogModuleManager: Shutting down and abandoning module LinuxNoEditorTargetPlatform (107)
[2018.01.16-12.28.07:884][942]LogModuleManager: Shutting down and abandoning module LinuxClientTargetPlatform (105)
[2018.01.16-12.28.07:884][942]LogModuleManager: Shutting down and abandoning module TVOSTargetPlatform (103)
[2018.01.16-12.28.07:884][942]LogModuleManager: Shutting down and abandoning module Messaging (101)
[2018.01.16-12.28.07:884][942]LogModuleManager: Shutting down and abandoning module IOSTargetPlatform (99)
[2018.01.16-12.28.07:884][942]LogModuleManager: Shutting down and abandoning module HTML5TargetPlatform (97)
[2018.01.16-12.28.07:884][942]LogModuleManager: Shutting down and abandoning module Android_PVRTCTargetPlatform (95)
[2018.01.16-12.28.07:884][942]LogModuleManager: Shutting down and abandoning module Android_MultiTargetPlatform (93)
[2018.01.16-12.28.07:884][942]LogModuleManager: Shutting down and abandoning module Android_ETC2TargetPlatform (91)
[2018.01.16-12.28.07:884][942]LogModuleManager: Shutting down and abandoning module Android_ETC1TargetPlatform (89)
[2018.01.16-12.28.07:884][942]LogModuleManager: Shutting down and abandoning module Android_DXTTargetPlatform (87)
[2018.01.16-12.28.07:884][942]LogModuleManager: Shutting down and abandoning module Android_ATCTargetPlatform (85)
[2018.01.16-12.28.07:884][942]LogModuleManager: Shutting down and abandoning module Android_ASTCTargetPlatform (83)
[2018.01.16-12.28.07:884][942]LogModuleManager: Shutting down and abandoning module AndroidTargetPlatform (81)
[2018.01.16-12.28.07:884][942]LogModuleManager: Shutting down and abandoning module WindowsTargetPlatform (79)
[2018.01.16-12.28.07:884][942]LogModuleManager: Shutting down and abandoning module WindowsServerTargetPlatform (77)
[2018.01.16-12.28.07:884][942]LogModuleManager: Shutting down and abandoning module WindowsNoEditorTargetPlatform (75)
[2018.01.16-12.28.07:884][942]LogModuleManager: Shutting down and abandoning module WindowsClientTargetPlatform (73)
[2018.01.16-12.28.07:884][942]LogModuleManager: Shutting down and abandoning module MacTargetPlatform (71)
[2018.01.16-12.28.07:884][942]LogModuleManager: Shutting down and abandoning module MacServerTargetPlatform (69)
[2018.01.16-12.28.07:884][942]LogModuleManager: Shutting down and abandoning module MacNoEditorTargetPlatform (67)
[2018.01.16-12.28.07:884][942]LogModuleManager: Shutting down and abandoning module MacClientTargetPlatform (65)
[2018.01.16-12.28.07:884][942]LogModuleManager: Shutting down and abandoning module AllDesktopTargetPlatform (63)
[2018.01.16-12.28.07:884][942]LogModuleManager: Shutting down and abandoning module InputCore (60)
[2018.01.16-12.28.07:884][942]LogModuleManager: Shutting down and abandoning module Settings (58)
[2018.01.16-12.28.07:884][942]LogModuleManager: Shutting down and abandoning module OculusRift (56)
[2018.01.16-12.28.07:884][942]LogModuleManager: Shutting down and abandoning module GearVRController (54)
[2018.01.16-12.28.07:884][942]LogModuleManager: Shutting down and abandoning module GearVR (52)
[2018.01.16-12.28.07:884][942]LogModuleManager: Shutting down and abandoning module ExampleDeviceProfileSelector (50)
[2018.01.16-12.28.07:884][942]LogModuleManager: Shutting down and abandoning module OnlineBlueprintSupport (48)
[2018.01.16-12.28.07:884][942]LogModuleManager: Shutting down and abandoning module OnlineSubsystem (44)
[2018.01.16-12.28.07:884][942]LogOnline:Display: Unloading online subsystem: NULL
[2018.01.16-12.28.07:885][942]LogModuleManager: Shutting down and abandoning module XMPP (43)
[2018.01.16-12.28.07:885][942]LogModuleManager: Shutting down and abandoning module HTTP (41)
[2018.01.16-12.28.07:885][942]LogHttp:Display: Http module shutting down, but needs to wait on 1 outstanding Http requests:
[2018.01.16-12.28.07:885][942]LogHttp:Display: 	verb=[POST] url=[https://datarouter.ol.epicgames.com/datarouter/api/v1/public/data?SessionID=%7B147CCD2A-43C3-5CF1-97D8-B8AA2B2B9844%7D&AppID=UEEditor.Rocket.Release&AppVersion=4.16.3-3561208%2B%2B%2BUE4%2BRelease-4.16&UserID=f7adcfee480587e46a6f9faa7d3cf87a%7C%7C9f9b0e65-7849-45bc-afb3-4ec2e6ead6df&AppEnvironment=datacollector-binary&UploadType=eteventstream] status=Processing
[2018.01.16-12.28.07:911][942]LogModuleManager: Shutting down and abandoning module SSL (40)
[2018.01.16-12.28.07:911][942]LogModuleManager: Shutting down and abandoning module HTTPChunkInstaller (36)
[2018.01.16-12.28.07:911][942]LogModuleManager: Shutting down and abandoning module AnimationModifiers (34)
[2018.01.16-12.28.07:911][942]LogModuleManager: Shutting down and abandoning module PropertyEditor (33)
[2018.01.16-12.28.07:911][942]LogModuleManager: Shutting down and abandoning module AudioEditor (30)
[2018.01.16-12.28.07:911][942]LogModuleManager: Shutting down and abandoning module TextureCompressor (28)
[2018.01.16-12.28.07:911][942]LogModuleManager: Shutting down and abandoning module ShaderCore (26)
[2018.01.16-12.28.07:911][942]LogModuleManager: Shutting down and abandoning module Landscape (24)
[2018.01.16-12.28.07:911][942]LogModuleManager: Shutting down and abandoning module SlateRHIRenderer (22)
[2018.01.16-12.28.07:912][942]LogModuleManager: Shutting down and abandoning module OpenGLDrv (20)
[2018.01.16-12.28.07:912][942]LogModuleManager: Shutting down and abandoning module D3D11RHI (18)
[2018.01.16-12.28.07:912][942]LogModuleManager: Shutting down and abandoning module AnimGraphRuntime (16)
[2018.01.16-12.28.07:912][942]LogModuleManager: Shutting down and abandoning module Renderer (14)
[2018.01.16-12.28.07:912][942]LogModuleManager: Shutting down and abandoning module Engine (12)
[2018.01.16-12.28.07:912][942]LogModuleManager: Shutting down and abandoning module CoreUObject (10)
[2018.01.16-12.28.07:912][942]LogModuleManager: Shutting down and abandoning module NetworkFile (8)
[2018.01.16-12.28.07:912][942]LogModuleManager: Shutting down and abandoning module StreamingFile (6)
[2018.01.16-12.28.07:912][942]LogModuleManager: Shutting down and abandoning module SandboxFile (4)
[2018.01.16-12.28.07:912][942]LogModuleManager: Shutting down and abandoning module PakFile (2)
[2018.01.16-12.28.07:913][942]LogExit: Exiting.
[2018.01.16-12.28.07:928][942]Log file closed, 01/16/18 12:28:07
