Log file open, 01/25/18 10:58:08
LogInit:Display: Running engine for game: RPG_Game
LogPlatformFile: Not using cached read wrapper
LogInit:Display: RandInit(275607345) SRandInit(275607345).
LogTaskGraph: Started task graph with 5 named threads and 12 total threads with 1 sets of task threads.
LogStats: Stats thread started at 0.491385
LogInit: Using libcurl 7.47.1
LogInit:  - built for x86_64-pc-win32
LogInit:  - supports SSL with OpenSSL/1.0.2g
LogInit:  - supports HTTP deflate (compression) using libz 1.2.8
LogInit:  - other features:
LogInit:      CURL_VERSION_SSL
LogInit:      CURL_VERSION_LIBZ
LogInit:      CURL_VERSION_IPV6
LogInit:      CURL_VERSION_ASYNCHDNS
LogInit:      CURL_VERSION_LARGEFILE
LogInit:      CURL_VERSION_IDN
LogInit:  CurlRequestOptions (configurable via config and command line):
LogInit:  - bVerifyPeer = false  - Libcurl will NOT verify peer certificate
LogInit:  - bUseHttpProxy = false  - Libcurl will NOT use HTTP proxy
LogInit:  - bDontReuseConnections = false  - Libcurl will reuse connections
LogInit:  - CertBundlePath = nullptr  - Libcurl will use whatever was configured at build time.
LogInit: Build: ++UE4+Release-4.16-CL-3561208
LogInit: Engine Version: 4.16.3-3561208+++UE4+Release-4.16
LogInit: Compatible Engine Version: 4.16.0-3452394+++UE4+Release-4.16
LogInit: Net CL: 3452394
LogDevObjectVersion: Number of dev versions registered: 16
LogDevObjectVersion:   Dev-Blueprints (B0D832E4-1F89-4F0D-ACCF-7EB736FD4AA2): 9
LogDevObjectVersion:   Dev-Build (E1C64328-A22C-4D53-A36C-8E866417BD8C): 0
LogDevObjectVersion:   Dev-Core (375EC13C-06E4-48FB-B500-84F0262A717E): 2
LogDevObjectVersion:   Dev-Editor (E4B068ED-F494-42E9-A231-DA0B2E46BB41): 17
LogDevObjectVersion:   Dev-Framework (CFFC743F-43B0-4480-9391-14DF171D2073): 23
LogDevObjectVersion:   Dev-Mobile (B02B49B5-BB20-44E9-A304-32B752E40360): 0
LogDevObjectVersion:   Dev-Networking (A4E4105C-59A1-49B5-A7C5-40C4547EDFEE): 0
LogDevObjectVersion:   Dev-Online (39C831C9-5AE6-47DC-9A44-9C173E1C8E7C): 0
LogDevObjectVersion:   Dev-Physics (78F01B33-EBEA-4F98-B9B4-84EACCB95AA2): 0
LogDevObjectVersion:   Dev-Platform (6631380F-2D4D-43E0-8009-CF276956A95A): 0
LogDevObjectVersion:   Dev-Rendering (12F88B9F-8875-4AFC-A67C-D90C383ABD29): 15
LogDevObjectVersion:   Dev-Sequencer (7B5AE74C-D270-4C10-A958-57980B212A5A): 4
LogDevObjectVersion:   Dev-VR (D7296918-1DD6-4BDD-9DE2-64A83CC13884): 0
LogDevObjectVersion:   Dev-LoadTimes (C2A15278-BFE7-4AFE-6C17-90FF531DF755): 1
LogDevObjectVersion:   Private-Geometry (6EACA3D4-40EC-4CC1-B786-8BED09428FC5): 1
LogDevObjectVersion:   Dev-AnimPhys (29E575DD-E0A3-4627-9D10-D276232CDCEA): 3
LogInit: Compiled (64-bit): Jul 28 2017 11:49:47
LogInit: Compiled with Visual C++: 19.00.24215.01
LogInit: Build Configuration: Development
LogInit: Branch Name: ++UE4+Release-4.16
LogInit: Command line:  
LogInit: Base directory: C:/Program Files/Epic Games/UE_4.16/Engine/Binaries/Win64/
LogInit: Installed Engine Build: 1
LogInit: Presizing for max 8388607 objects, including 0 objects not considered by GC, pre-allocating 0 bytes for permanent pool.
LogInit: Object subsystem initialized
[2018.01.25-10.58.09:212][  0]LogInit: Selected Device Profile: [Windows]
[2018.01.25-10.58.09:212][  0]LogInit: Applying CVar settings loaded from the selected device profile: [Windows]
[2018.01.25-10.58.09:231][  0]LogInit: Computer: SONOFMORT
[2018.01.25-10.58.09:231][  0]LogInit: User: Jordan
[2018.01.25-10.58.09:231][  0]LogInit: CPU Page size=4096, Cores=8
[2018.01.25-10.58.09:231][  0]LogInit: High frequency timer resolution =3.125003 MHz
[2018.01.25-10.58.09:232][  0]LogMemory: Memory total: Physical=8.0GB (8GB approx)
[2018.01.25-10.58.09:232][  0]LogMemory: Platform Memory Stats for Windows
[2018.01.25-10.58.09:232][  0]LogMemory: Process Physical Memory: 274.50 MB used, 274.50 MB peak
[2018.01.25-10.58.09:232][  0]LogMemory: Process Virtual Memory: 267.62 MB used, 267.62 MB peak
[2018.01.25-10.58.09:232][  0]LogMemory: Physical Memory: 4998.11 MB used,  3149.12 MB free, 8147.22 MB total
[2018.01.25-10.58.09:232][  0]LogMemory: Virtual Memory: 673.40 MB used,  3149.12 MB free, 134217728.00 MB total
[2018.01.25-10.58.09:491][  0]LogInit: Using OS detected language (en-GB).
[2018.01.25-10.58.09:491][  0]LogInit: Using OS detected locale (en-GB).
[2018.01.25-10.58.09:500][  0]LogTextLocalizationManager: No specific localization for 'en-GB' exists, so the 'en' localization will be used.
[2018.01.25-10.58.10:808][  0]LogD3D11RHI: D3D11 adapters:
[2018.01.25-10.58.10:886][  0]LogD3D11RHI:    0. 'NVIDIA GeForce GTX 1070' (Feature Level 11_0)
[2018.01.25-10.58.10:886][  0]LogD3D11RHI:       8088/0/4073 MB DedicatedVideo/DedicatedSystem/SharedSystem, Outputs:2, VendorId:0x10de
[2018.01.25-10.58.10:888][  0]LogD3D11RHI:    1. 'Microsoft Basic Render Driver' (Feature Level 11_0)
[2018.01.25-10.58.10:888][  0]LogD3D11RHI:       0/0/4073 MB DedicatedVideo/DedicatedSystem/SharedSystem, Outputs:0, VendorId:0x1414
[2018.01.25-10.58.10:888][  0]LogD3D11RHI: Chosen D3D11 Adapter: 0
[2018.01.25-10.58.10:898][  0]LogD3D11RHI: Creating new Direct3DDevice
[2018.01.25-10.58.10:898][  0]LogD3D11RHI:     GPU DeviceId: 0x1b81 (for the marketing name, search the web for "GPU Device Id")
[2018.01.25-10.58.10:898][  0]LogWindows: EnumDisplayDevices:
[2018.01.25-10.58.10:899][  0]LogWindows:    0. 'NVIDIA GeForce GTX 1070' (P:1 D:1)
[2018.01.25-10.58.10:899][  0]LogWindows:    1. 'NVIDIA GeForce GTX 1070' (P:0 D:1)
[2018.01.25-10.58.10:899][  0]LogWindows:    2. 'NVIDIA GeForce GTX 1070' (P:0 D:0)
[2018.01.25-10.58.10:899][  0]LogWindows:    3. 'NVIDIA GeForce GTX 1070' (P:0 D:0)
[2018.01.25-10.58.10:899][  0]LogWindows: DebugString: GetVideoDriverDetailsInvalid PrimaryIsNotTheChoosenAdapter GetVideoDriverDetailsInvalid PrimaryIsNotTheChoosenAdapter GetVideoDriverDetailsInvalid PrimaryIsNotTheChoosenAdapter GetVideoDriverDetailsInvalid PrimaryIsNotTheChoosenAdapter FoundDriverCount:0 
[2018.01.25-10.58.10:899][  0]LogD3D11RHI:     Adapter Name: NVIDIA GeForce GTX 1070
[2018.01.25-10.58.10:899][  0]LogD3D11RHI:   Driver Version: Unknown (internal:Unknown, unified:Unknown)
[2018.01.25-10.58.10:899][  0]LogD3D11RHI:      Driver Date: Unknown
[2018.01.25-10.58.10:899][  0]LogRHI: Texture pool is 1361 MB (70% of 1945 MB)
[2018.01.25-10.58.10:944][  0]LogD3D11RHI: Async texture creation enabled
[2018.01.25-10.58.10:995][  0]LogD3D11RHI: GPU Timing Frequency: 1000.000000 (Debug: 2 2)
[2018.01.25-10.58.11:091][  0]LogShaderCompilers: Guid format shader working directory is 23 characters bigger than the processId version (F:/FMP/RPG_Game/RPG_Game/Intermediate/Shaders/WorkingDirectory/4272/).
[2018.01.25-10.58.11:091][  0]LogShaderCompilers: Cleaned the shader compiler working directory 'C:/Users/Jordan/AppData/Local/Temp/UnrealShaderWorkingDir/8C2168504D7A87C0138287B08D2A634E/'.
[2018.01.25-10.58.11:092][  0]LogShaderCompilers:Display: Using Local Shader Compiler.
[2018.01.25-10.58.12:456][  0]LogTemp:Display: Loaded TP AllDesktopTargetPlatform
[2018.01.25-10.58.12:540][  0]LogTemp:Display: Loaded TP MacClientTargetPlatform
[2018.01.25-10.58.12:624][  0]LogTemp:Display: Loaded TP MacNoEditorTargetPlatform
[2018.01.25-10.58.12:709][  0]LogTemp:Display: Loaded TP MacServerTargetPlatform
[2018.01.25-10.58.12:796][  0]LogTemp:Display: Loaded TP MacTargetPlatform
[2018.01.25-10.58.12:881][  0]LogTemp:Display: Loaded TP WindowsClientTargetPlatform
[2018.01.25-10.58.12:966][  0]LogTemp:Display: Loaded TP WindowsNoEditorTargetPlatform
[2018.01.25-10.58.13:050][  0]LogTemp:Display: Loaded TP WindowsServerTargetPlatform
[2018.01.25-10.58.13:128][  0]LogTemp:Display: Loaded TP WindowsTargetPlatform
[2018.01.25-10.58.13:220][  0]LogTemp:Display: Loaded TP AndroidTargetPlatform
[2018.01.25-10.58.13:312][  0]LogTemp:Display: Loaded TP Android_ASTCTargetPlatform
[2018.01.25-10.58.13:404][  0]LogTemp:Display: Loaded TP Android_ATCTargetPlatform
[2018.01.25-10.58.13:489][  0]LogTemp:Display: Loaded TP Android_DXTTargetPlatform
[2018.01.25-10.58.13:571][  0]LogTemp:Display: Loaded TP Android_ETC1TargetPlatform
[2018.01.25-10.58.13:654][  0]LogTemp:Display: Loaded TP Android_ETC2TargetPlatform
[2018.01.25-10.58.13:821][  0]LogTemp:Display: Loaded TP Android_MultiTargetPlatform
[2018.01.25-10.58.13:821][  0]LogTemp:Display: Loaded TP Android_PVRTCTargetPlatform
[2018.01.25-10.58.13:890][  0]LogTemp:Display: Loaded TP HTML5TargetPlatform
[2018.01.25-10.58.14:038][  0]LogTemp:Display: Loaded TP IOSTargetPlatform
[2018.01.25-10.58.14:086][  0]LogTemp:Display: Loaded TP TVOSTargetPlatform
[2018.01.25-10.58.14:169][  0]LogTemp:Display: Loaded TP LinuxClientTargetPlatform
[2018.01.25-10.58.14:251][  0]LogTemp:Display: Loaded TP LinuxNoEditorTargetPlatform
[2018.01.25-10.58.14:334][  0]LogTemp:Display: Loaded TP LinuxServerTargetPlatform
[2018.01.25-10.58.14:419][  0]LogTemp:Display: Loaded TP LinuxTargetPlatform
[2018.01.25-10.58.14:419][  0]LogTargetPlatformManager:Display: Building Assets For Windows
[2018.01.25-10.58.15:364][  0]LogDerivedDataCache:Display: Max Cache Size: 512 MB
[2018.01.25-10.58.15:733][  0]LogDerivedDataCache: Loaded boot cache 0.37s 90MB C:/Users/Jordan/AppData/Local/UnrealEngine/4.16/DerivedDataCache/Boot.ddc.
[2018.01.25-10.58.15:733][  0]LogDerivedDataCache:Display: Loaded Boot cache: C:/Users/Jordan/AppData/Local/UnrealEngine/4.16/DerivedDataCache/Boot.ddc
[2018.01.25-10.58.15:733][  0]LogDerivedDataCache: FDerivedDataBackendGraph:  Pak pak cache file F:/FMP/RPG_Game/RPG_Game/DerivedDataCache/DDC.ddp not found, will not use a pak cache.
[2018.01.25-10.58.15:733][  0]LogDerivedDataCache: Unable to find inner node Pak for hierarchical cache Hierarchy.
[2018.01.25-10.58.15:733][  0]LogDerivedDataCache: FDerivedDataBackendGraph:  CompressedPak pak cache file F:/FMP/RPG_Game/RPG_Game/DerivedDataCache/Compressed.ddp not found, will not use a pak cache.
[2018.01.25-10.58.15:733][  0]LogDerivedDataCache: Unable to find inner node CompressedPak for hierarchical cache Hierarchy.
[2018.01.25-10.58.15:758][  0]LogDerivedDataCache:Display: Pak cache opened for reading ../../../Engine/DerivedDataCache/Compressed.ddp.
[2018.01.25-10.58.15:771][  0]LogDerivedDataCache: Using Local data cache path C:/Users/Jordan/AppData/Local/UnrealEngine/Common/DerivedDataCache: Writable
[2018.01.25-10.58.15:786][  0]LogMaterial: Verifying Global Shaders for PCD3D_SM5
[2018.01.25-10.58.15:790][  0]LogSlate: Using Freetype 2.6.0
[2018.01.25-10.58.15:793][  0]LogSlate: SlateFontCache - WITH_FREETYPE: 1, WITH_HARFBUZZ: 1
[2018.01.25-10.58.15:793][  0]LogSlate: SlateFontCache - WITH_FREETYPE: 1, WITH_HARFBUZZ: 1
[2018.01.25-10.58.16:593][  0]LogInit: Selected Device Profile: [Windows]
[2018.01.25-10.58.16:784][  0]LogContentStreaming: Texture pool size is 0.00 MB
[2018.01.25-10.58.17:068][  0]LogMeshUtilities: Using QuadricMeshReduction for automatic static mesh reduction
[2018.01.25-10.58.17:154][  0]LogSimplygon: Simplygon DLL not present - disabling.
[2018.01.25-10.58.17:242][  0]LogMeshUtilities: Using SimplygonSwarm for distributed automatic mesh merging
[2018.01.25-10.58.17:242][  0]LogMeshUtilities: No automatic skeletal mesh reduction module available
[2018.01.25-10.58.17:242][  0]LogMeshUtilities: No automatic mesh merging module available
[2018.01.25-10.58.18:396][  0]LogNetVersion: RPG_Game , NetCL: 3452394, EngineNetVer: 2, GameNetVer: 0 (Checksum: 2586067795)
[2018.01.25-10.58.18:499][  0]LogAssetRegistry: FAssetRegistry took 0.0280 seconds to start up
[2018.01.25-10.58.18:766][  0]LogPackageLocalizationCache: Processed 4 localized package path(s) for 2 prioritized culture(s) in 0.227077 seconds
[2018.01.25-10.58.18:774][  0]LogUObjectArray: 34194 objects as part of root set at end of initial load.
[2018.01.25-10.58.18:774][  0]LogUObjectAllocator: 7260424 out of 0 bytes used by permanent object pool.
[2018.01.25-10.58.18:774][  0]LogUObjectArray: CloseDisregardForGC: 0/0 objects in disregard for GC pool
[2018.01.25-10.58.18:882][  0]LogInit: WinSock: version 1.1 (2.2), MaxSocks=32767, MaxUdp=65467
[2018.01.25-10.58.23:855][  0]LogTcpMessaging: Initializing TcpMessaging bridge
[2018.01.25-10.58.23:919][  0]LogUdpMessaging: Initializing bridge on interface 0.0.0.0:0 to multicast group 230.0.0.1:6666.
[2018.01.25-10.58.24:857][  0]LogMaterial: Uniform references updated for custom material expression Custom.
[2018.01.25-10.58.25:512][  0]SourceControl: Info Source control is disabled
[2018.01.25-10.58.28:248][  0]LogAndroidPermission: UAndroidPermissionCallbackProxy::GetInstance
[2018.01.25-10.58.29:346][  0]LogEngine: Initializing Engine...
[2018.01.25-10.58.29:350][  0]LogHMD: Failed to initialize OpenVR with code 110
[2018.01.25-10.58.29:671][  0]LogStats: UGameplayTagsManager::ConstructGameplayTagTree: Construct from data asset -  0.000 s
[2018.01.25-10.58.29:671][  0]LogStats: UGameplayTagsManager::ConstructGameplayTagTree: GameplayTagTreeChangedEvent.Broadcast -  0.000 s
[2018.01.25-10.58.29:916][  0]LogAIModule: Creating AISystem for world Untitled
[2018.01.25-10.58.29:940][  0]LogInit: XAudio2 using 'Headset Earphone (Corsair VOID RGB USB Gaming Headset)' : 6 channels at 48 kHz using 16 bits per sample (channel mask 0x3f)
[2018.01.25-10.58.30:109][  0]LogInit: FAudioDevice initialized.
[2018.01.25-10.58.30:170][  0]LogDerivedDataCache: Saved boot cache 0.06s 90MB C:/Users/Jordan/AppData/Local/UnrealEngine/4.16/DerivedDataCache/Boot.ddc.
[2018.01.25-10.58.30:186][  0]LogInit: Texture streaming: Enabled
[2018.01.25-10.58.30:362][  0]LogEngineSessionManager: EngineSessionManager initialized
[2018.01.25-10.58.30:768][  0]LogWindowsTextInputMethodSystem:Display: IME system now deactivated.
[2018.01.25-10.58.30:832][  0]LogInit: Transaction tracking system initialized
[2018.01.25-10.58.31:435][  0]BlueprintLog: New page: Editor Load
[2018.01.25-10.58.33:246][  0]LocalizationService: Info Localization service is disabled
[2018.01.25-10.58.34:552][  0]LogConsoleResponse:Display: 
[2018.01.25-10.58.34:794][  0]LogCook:Display: Max memory allowance for cook 16384mb min free memory 0mb
[2018.01.25-10.58.34:795][  0]LogCook:Display: Mobile HDR setting 1
[2018.01.25-10.58.35:347][  0]LogFileCache: Scanning file cache for directory 'F:/FMP/RPG_Game/RPG_Game/Content/' took 0.04s
[2018.01.25-10.58.37:135][  0]Cmd: MAP LOAD FILE="F:/FMP/RPG_Game/RPG_Game/Content/Maps/Tutorial.umap" TEMPLATE=0 SHOWPROGRESS=1 FEATURELEVEL=3
[2018.01.25-10.58.37:169][  0]LightingResults: New page: Lighting Build
[2018.01.25-10.58.37:256][  0]MapCheck: New page: Map Check
[2018.01.25-10.58.37:256][  0]LightingResults: New page: Lighting Build
[2018.01.25-10.58.38:366][  0]LogLinker:Warning: Can't find file '/Game/Particles/P_Whirlwind_Default_Area_01'
[2018.01.25-10.58.38:366][  0]LogLinker:Warning: Can't find file for asset '/Game/Particles/P_Whirlwind_Default_Area_01' while loading F:/FMP/RPG_Game/RPG_Game/Content/Maps/Tutorial.umap.
[2018.01.25-10.58.38:366][  0]LoadErrors:Error: Error /Game/Maps/Tutorial : Can't find file for asset. /Game/Particles/P_Whirlwind_Default_Area_01
[2018.01.25-10.58.38:366][  0]LogLinker:Warning: Can't find file '/Game/Particles/P_Whirlwind_Default_Area_01'
[2018.01.25-10.58.38:366][  0]LogLinker:Warning: Can't find file for asset '/Game/Particles/P_Whirlwind_Default_Area_01' while loading F:/FMP/RPG_Game/RPG_Game/Content/Maps/Tutorial.umap.
[2018.01.25-10.58.38:366][  0]LoadErrors:Error: Error /Game/Maps/Tutorial : Can't find file for asset. /Game/Particles/P_Whirlwind_Default_Area_01
[2018.01.25-10.58.38:368][  0]LogLinker:Warning: Can't find file '/Game/Particles/P_Whirlwind_Default_Area_01'
[2018.01.25-10.58.38:368][  0]LogLinker:Warning: Can't find file for asset '/Game/Particles/P_Whirlwind_Default_Area_01' while loading NULL.
[2018.01.25-10.58.38:368][  0]LogLinker:Warning: Can't find file '/Game/Particles/P_Whirlwind_Default_Area_01'
[2018.01.25-10.58.38:368][  0]LogLinker:Warning: Can't find file for asset '/Game/Particles/P_Whirlwind_Default_Area_01' while loading NULL.
[2018.01.25-10.58.38:525][  0]LogLinker:Warning: Can't find file '/Game/Particles/P_Whirlwind_Default_Area_01'
[2018.01.25-10.58.38:525][  0]LoadErrors: Info Failed to load /Game/Particles/P_Whirlwind_Default_Area_01.P_Whirlwind_Default_Area_01 Referenced by ParticleSystemComponent0
[2018.01.25-10.58.38:525][  0]LogLinker:Warning: Can't find file for asset '/Game/Particles/P_Whirlwind_Default_Area_01' while loading NULL.
[2018.01.25-10.58.38:525][  0]LoadErrors: Info Failed to load /Game/Particles/P_Whirlwind_Default_Area_01.P_Whirlwind_Default_Area_01 Referenced by ParticleSystemComponent0
[2018.01.25-10.58.38:525][  0]LogLinker:Warning: Can't find file '/Game/Particles/P_Whirlwind_Default_Area_01'
[2018.01.25-10.58.38:525][  0]LoadErrors: Info Failed to load /Game/Particles/P_Whirlwind_Default_Area_01.P_Whirlwind_Default_Area_01 Referenced by ParticleSystemComponent0
[2018.01.25-10.58.38:525][  0]LogLinker:Warning: Can't find file for asset '/Game/Particles/P_Whirlwind_Default_Area_01' while loading NULL.
[2018.01.25-10.58.38:525][  0]LoadErrors: Info Failed to load /Game/Particles/P_Whirlwind_Default_Area_01.P_Whirlwind_Default_Area_01 Referenced by ParticleSystemComponent0
[2018.01.25-10.58.38:730][  0]LogMaterial: Missing cached shader map for material Landscape, compiling. 
[2018.01.25-10.58.38:867][  0]LogMaterial: Missing cached shader map for material Landscape, compiling. 
[2018.01.25-10.58.38:968][  0]LogMaterial: Missing cached shader map for material Landscape, compiling. 
[2018.01.25-10.58.39:154][  0]LogAIModule: Creating AISystem for world Tutorial
[2018.01.25-10.58.39:279][  0]LogEditorServer: Finished looking for orphan Actors (0.000 secs)
[2018.01.25-10.58.39:306][  0]Cmd: MAP CHECKDEP NOCLEARLOG
[2018.01.25-10.58.39:451][  0]MapCheck: Info Map check complete: 0 Error(s), 0 Warning(s), took 144.68ms to complete.
[2018.01.25-10.58.39:451][  0]LogFileHelpers: Loading map 'Tutorial' took 2.317
[2018.01.25-10.58.39:885][  0]LogCollectionManager: Loaded 0 collections in 0.004154 seconds
[2018.01.25-10.58.40:112][  0]LogFileCache: Scanning file cache for directory 'F:/FMP/RPG_Game/RPG_Game/Saved/Collections/' took 0.01s
[2018.01.25-10.58.40:112][  0]LogFileCache: Scanning file cache for directory 'F:/FMP/RPG_Game/RPG_Game/Content/Developers/Jordan/Collections/' took 0.01s
[2018.01.25-10.58.40:112][  0]LogFileCache: Scanning file cache for directory 'F:/FMP/RPG_Game/RPG_Game/Content/Collections/' took 0.01s
[2018.01.25-10.58.40:112][  0]LogCollectionManager: Rebuilt the GUID cache for 0 collections in 0.000168 seconds
[2018.01.25-10.58.40:135][  0]LogContentBrowser: Native class hierarchy populated in 0.0213 seconds. Added 2329 classes and 491 folders.
[2018.01.25-10.58.40:363][  0]LogContentBrowser: Native class hierarchy updated for 'WidgetCarousel' in 0.0013 seconds. Added 0 classes and 0 folders.
[2018.01.25-10.58.40:655][  0]LogContentBrowser: Native class hierarchy updated for 'AddContentDialog' in 0.0013 seconds. Added 0 classes and 0 folders.
[2018.01.25-10.58.40:820][  0]LogContentBrowser: Native class hierarchy updated for 'SceneOutliner' in 0.0027 seconds. Added 1 classes and 2 folders.
[2018.01.25-10.58.41:027][  0]LogCrashTracker: Crashtracker disabled due to settings.
[2018.01.25-10.58.41:054][  0]LogSlate: Took 0.001687 seconds to synchronously load lazily loaded font '../../../Engine/Content/Slate/Fonts/Roboto-Regular.ttf' (155K)
[2018.01.25-10.58.41:069][  0]LogSlate: Took 0.001876 seconds to synchronously load lazily loaded font '../../../Engine/Content/Slate/Fonts/Roboto-Bold.ttf' (160K)
[2018.01.25-10.58.41:077][  0]LogSlate: Took 0.001801 seconds to synchronously load lazily loaded font '../../../Engine/Content/Editor/Slate/Fonts/FontAwesome.ttf' (139K)
[2018.01.25-10.58.41:231][  0]LogRenderer: Reallocating scene render targets to support 1528x624 NumSamples 1 (Frame:1).
[2018.01.25-10.58.41:716][  0]LogUObjectGlobals:Warning: Failed to find object 'Class None.'
[2018.01.25-10.58.41:900][  0]LogContentBrowser: Native class hierarchy updated for 'HierarchicalLODOutliner' in 0.0015 seconds. Added 1 classes and 2 folders.
[2018.01.25-10.58.41:901][  0]LogLoad: (Engine Initialization) Total time: 36.30 seconds
[2018.01.25-10.58.41:901][  0]LogLoad: (Engine Initialization) Total Blueprint compile time: 0.22 seconds
[2018.01.25-10.58.41:901][  0]LogExternalProfiler: No external profilers were discovered.  External profiling features will not be available.
[2018.01.25-10.58.41:914][  0]LogOcInput: OculusInput pre-init called
[2018.01.25-10.58.41:914][  0]LogHMD: Starting GearVRController plugin
[2018.01.25-10.58.41:948][  0]SourceControl: Info On branch master
[2018.01.25-10.58.41:948][  0]SourceControl: Info Your branch is up to date with 'origin/master'.
[2018.01.25-10.58.41:948][  0]SourceControl: Info Changes not staged for commit:
[2018.01.25-10.58.41:948][  0]SourceControl: Info   (use "git add/rm <file>..." to update what will be committed)
[2018.01.25-10.58.41:948][  0]SourceControl: Info   (use "git checkout -- <file>..." to discard changes in working directory)
[2018.01.25-10.58.41:948][  0]SourceControl: Info 	modified:   Content/Assets/Island/M_Ground.uasset
[2018.01.25-10.58.41:948][  0]SourceControl: Info 	modified:   Content/Assets/Island/M_Lava.uasset
[2018.01.25-10.58.41:948][  0]SourceControl: Info 	modified:   Content/Assets/Island/M_Sand.uasset
[2018.01.25-10.58.41:948][  0]SourceControl: Info 	modified:   Content/Assets/Island/M_Volcano.uasset
[2018.01.25-10.58.41:948][  0]SourceControl: Info 	modified:   Content/Maps/HelloWorld.umap
[2018.01.25-10.58.41:948][  0]SourceControl: Info 	modified:   Content/Maps/HelloWorld_BuiltData.uasset
[2018.01.25-10.58.41:948][  0]SourceControl: Info 	modified:   Content/Materials/Landscape/Grass.uasset
[2018.01.25-10.58.41:948][  0]SourceControl: Info 	modified:   Content/Materials/Landscape/Landscape.uasset
[2018.01.25-10.58.41:948][  0]SourceControl: Info 	deleted:    Content/Particles/P_AuraCircle_Ice_Vortex_01.uasset
[2018.01.25-10.58.41:948][  0]SourceControl: Info 	deleted:    Content/Particles/P_Whirlwind_Default_Area_01.uasset
[2018.01.25-10.58.41:948][  0]SourceControl: Info 	modified:   Content/Water/LargeWater/LargeWater.uasset
[2018.01.25-10.58.41:948][  0]SourceControl: Info 	modified:   Content/Water/LargeWater/M_Water_Inst.uasset
[2018.01.25-10.58.41:948][  0]SourceControl: Info 	modified:   Content/Water/Smallwater/M_Water.uasset
[2018.01.25-10.58.41:949][  0]SourceControl: Info 	modified:   Intermediate/AssetRegistryCache/311563bb.bin
[2018.01.25-10.58.41:949][  0]SourceControl: Info 	modified:   Intermediate/AssetRegistryCache/c90e3f55.bin
[2018.01.25-10.58.41:949][  0]SourceControl: Info 	modified:   Intermediate/CachedAssetRegistry.bin
[2018.01.25-10.58.41:949][  0]SourceControl: Info 	modified:   Saved/AutoScreenshot.png
[2018.01.25-10.58.41:949][  0]SourceControl: Info 	modified:   Saved/Autosaves/Game/Maps/HelloWorld_Auto1.umap
[2018.01.25-10.58.41:949][  0]SourceControl: Info 	modified:   Saved/Autosaves/Game/Maps/HelloWorld_Auto2.umap
[2018.01.25-10.58.41:949][  0]SourceControl: Info 	modified:   Saved/Autosaves/Game/Maps/HelloWorld_Auto3.umap
[2018.01.25-10.58.41:949][  0]SourceControl: Info 	modified:   Saved/Autosaves/Game/Maps/HelloWorld_Auto4.umap
[2018.01.25-10.58.41:949][  0]SourceControl: Info 	modified:   Saved/Autosaves/Game/Maps/HelloWorld_BuiltData_Auto1.uasset
[2018.01.25-10.58.41:949][  0]SourceControl: Info 	modified:   Saved/Autosaves/Game/Maps/HelloWorld_BuiltData_Auto2.uasset
[2018.01.25-10.58.41:949][  0]SourceControl: Info 	modified:   Saved/Autosaves/Game/Maps/HelloWorld_BuiltData_Auto3.uasset
[2018.01.25-10.58.41:949][  0]SourceControl: Info 	modified:   Saved/Autosaves/Game/Maps/HelloWorld_BuiltData_Auto4.uasset
[2018.01.25-10.58.41:949][  0]SourceControl: Info 	modified:   Saved/Autosaves/Game/Materials/Landscape/Landscape_Auto6.uasset
[2018.01.25-10.58.41:949][  0]SourceControl: Info 	deleted:    Saved/Backup/BJeff_2017-11-23-21-58-57.uasset
[2018.01.25-10.58.41:949][  0]SourceControl: Info 	deleted:    Saved/Backup/BJeff_2017-11-24-00-46-40.uasset
[2018.01.25-10.58.41:949][  0]SourceControl: Info 	deleted:    Saved/Backup/BJeff_2017-11-24-01-06-07.uasset
[2018.01.25-10.58.41:949][  0]SourceControl: Info 	deleted:    Saved/Backup/BP_Sky_Sphere_2017-11-16-21-47-19.uasset
[2018.01.25-10.58.41:949][  0]SourceControl: Info 	deleted:    Saved/Backup/ChangeLevel_2017-11-24-01-10-12.uasset
[2018.01.25-10.58.41:949][  0]SourceControl: Info 	deleted:    Saved/Backup/ChangeLevel_2017-11-24-01-15-29.uasset
[2018.01.25-10.58.41:949][  0]SourceControl: Info 	deleted:    Saved/Backup/ChangeLevel_2017-11-24-01-21-14.uasset
[2018.01.25-10.58.41:949][  0]SourceControl: Info 	deleted:    Saved/Backup/DoorBP_2017-11-27-12-21-18.uasset
[2018.01.25-10.58.41:949][  0]SourceControl: Info 	deleted:    Saved/Backup/DoorBP_2017-11-27-12-26-24.uasset
[2018.01.25-10.58.41:949][  0]SourceControl: Info 	deleted:    Saved/Backup/DoorBP_2017-11-27-12-35-17.uasset
[2018.01.25-10.58.41:949][  0]SourceControl: Info 	deleted:    Saved/Backup/DoorBP_2017-11-27-12-40-33.uasset
[2018.01.25-10.58.41:949][  0]SourceControl: Info 	deleted:    Saved/Backup/DoorBP_2017-11-27-13-44-53.uasset
[2018.01.25-10.58.41:949][  0]SourceControl: Info 	deleted:    Saved/Backup/DoorBP_2017-11-27-13-50-08.uasset
[2018.01.25-10.58.41:949][  0]SourceControl: Info 	deleted:    Saved/Backup/ExitHUD_2017-11-24-00-59-26.uasset
[2018.01.25-10.58.41:949][  0]SourceControl: Info 	deleted:    Saved/Backup/ExitHUD_2017-11-24-01-06-07.uasset
[2018.01.25-10.58.41:949][  0]SourceControl: Info 	deleted:    Saved/Backup/ExitHUD_2017-11-24-01-20-35.uasset
[2018.01.25-10.58.41:949][  0]SourceControl: Info 	deleted:    Saved/Backup/ExitHUD_2017-11-27-12-30-45.uasset
[2018.01.25-10.58.41:949][  0]SourceControl: Info 	deleted:    Saved/Backup/HelloWorld_2017-11-15-10-01-05.umap
[2018.01.25-10.58.41:949][  0]SourceControl: Info 	deleted:    Saved/Backup/HelloWorld_2017-11-15-11-33-04.umap
[2018.01.25-10.58.41:949][  0]SourceControl: Info 	deleted:    Saved/Backup/HelloWorld_2017-11-15-20-22-10.umap
[2018.01.25-10.58.41:949][  0]SourceControl: Info 	deleted:    Saved/Backup/JeffBP_2017-11-18-22-12-38.uasset
[2018.01.25-10.58.41:949][  0]SourceControl: Info 	deleted:    Saved/Backup/Landscape_2017-11-15-11-43-34.uasset
[2018.01.25-10.58.41:949][  0]SourceControl: Info 	deleted:    Saved/Backup/Landscape_2017-11-15-17-47-27.uasset
[2018.01.25-10.58.41:949][  0]SourceControl: Info 	deleted:    Saved/Backup/M_Blue_2017-11-15-09-54-30.uasset
[2018.01.25-10.58.41:949][  0]SourceControl: Info 	deleted:    Saved/Backup/M_DarkLeaves_2017-11-15-09-54-30.uasset
[2018.01.25-10.58.41:949][  0]SourceControl: Info 	deleted:    Saved/Backup/M_Door_2017-11-27-11-53-31.uasset
[2018.01.25-10.58.41:949][  0]SourceControl: Info 	deleted:    Saved/Backup/M_House01_2017-11-14-19-54-02.uasset
[2018.01.25-10.58.41:949][  0]SourceControl: Info 	deleted:    Saved/Backup/M_Leaves_2017-11-15-09-54-30.uasset
[2018.01.25-10.58.41:949][  0]SourceControl: Info 	deleted:    Saved/Backup/M_Rose_2017-11-15-09-54-30.uasset
[2018.01.25-10.58.41:949][  0]SourceControl: Info 	deleted:    Saved/Backup/M_Yellow_2017-11-15-09-54-30.uasset
[2018.01.25-10.58.41:949][  0]SourceControl: Info 	deleted:    Saved/Backup/NewLevelPortal_2017-11-15-09-58-25.uasset
[2018.01.25-10.58.41:949][  0]SourceControl: Info 	deleted:    Saved/Backup/NewLevelPortal_2017-11-15-10-17-39.uasset
[2018.01.25-10.58.41:949][  0]SourceControl: Info 	deleted:    Saved/Backup/NewLevelPortal_2017-11-24-00-48-02.uasset
[2018.01.25-10.58.41:949][  0]SourceControl: Info 	deleted:    Saved/Backup/NewLevelPortal_2017-11-24-00-53-44.uasset
[2018.01.25-10.58.41:949][  0]SourceControl: Info 	deleted:    Saved/Backup/NewLevelPortal_2017-11-24-01-06-07.uasset
[2018.01.25-10.58.41:950][  0]SourceControl: Info 	deleted:    Saved/Backup/NewMaterial_2017-11-13-14-01-53.uasset
[2018.01.25-10.58.41:950][  0]SourceControl: Info 	deleted:    Saved/Backup/OakTreeLeaf_2017-11-13-14-19-49.uasset
[2018.01.25-10.58.41:950][  0]SourceControl: Info 	deleted:    Saved/Backup/OakTreeLeaf_2017-11-13-14-42-31.uasset
[2018.01.25-10.58.41:950][  0]SourceControl: Info 	deleted:    Saved/Backup/OakTreeLeaf_2017-11-14-19-54-03.uasset
[2018.01.25-10.58.41:950][  0]SourceControl: Info 	deleted:    Saved/Backup/OakTreeTrunk_2017-11-13-14-19-49.uasset
[2018.01.25-10.58.41:950][  0]SourceControl: Info 	deleted:    Saved/Backup/OakTreeTrunk_2017-11-13-14-42-44.uasset
[2018.01.25-10.58.41:950][  0]SourceControl: Info 	deleted:    Saved/Backup/OakTreeTrunk_2017-11-13-14-48-32.uasset
[2018.01.25-10.58.41:950][  0]SourceControl: Info 	deleted:    Saved/Backup/OakTreeTrunk_2017-11-16-21-47-20.uasset
[2018.01.25-10.58.41:950][  0]SourceControl: Info 	deleted:    Saved/Backup/P_AuraCircle_Ice_Vortex_01_2017-11-14-13-45-06.uasset
[2018.01.25-10.58.41:950][  0]SourceControl: Info 	deleted:    Saved/Backup/PlayerCharacter_2017-11-23-22-08-22.uasset
[2018.01.25-10.58.41:950][  0]SourceControl: Info 	deleted:    Saved/Backup/PlayerCharacter_2017-11-23-22-14-43.uasset
[2018.01.25-10.58.41:950][  0]SourceControl: Info 	deleted:    Saved/Backup/PlayerCharacter_2017-11-23-22-23-41.uasset
[2018.01.25-10.58.41:950][  0]SourceControl: Info 	deleted:    Saved/Backup/PlayerCharacter_2017-11-23-22-28-53.uasset
[2018.01.25-10.58.41:950][  0]SourceControl: Info 	deleted:    Saved/Backup/PlayerCharacter_2017-11-23-22-38-01.uasset
[2018.01.25-10.58.41:950][  0]SourceControl: Info 	deleted:    Saved/Backup/PlayerCharacter_2017-11-23-22-43-29.uasset
[2018.01.25-10.58.41:950][  0]SourceControl: Info 	deleted:    Saved/Backup/PlayerCharacter_2017-11-23-22-48-42.uasset
[2018.01.25-10.58.41:950][  0]SourceControl: Info 	deleted:    Saved/Backup/PlayerCharacter_2017-11-23-22-54-20.uasset
[2018.01.25-10.58.41:950][  0]SourceControl: Info 	deleted:    Saved/Backup/PlayerCharacter_2017-11-23-23-03-03.uasset
[2018.01.25-10.58.41:950][  0]SourceControl: Info 	deleted:    Saved/Backup/PlayerCharacter_2017-11-24-00-20-41.uasset
[2018.01.25-10.58.41:950][  0]SourceControl: Info 	deleted:    Saved/Backup/PlayerCharacter_2017-11-24-00-28-00.uasset
[2018.01.25-10.58.41:950][  0]SourceControl: Info 	deleted:    Saved/Backup/PlayerCharacter_2017-11-24-00-34-01.uasset
[2018.01.25-10.58.41:950][  0]SourceControl: Info 	deleted:    Saved/Backup/PlayerCharacter_2017-11-24-00-40-11.uasset
[2018.01.25-10.58.41:950][  0]SourceControl: Info 	deleted:    Saved/Backup/PlayerCharacter_2017-11-24-00-45-14.uasset
[2018.01.25-10.58.41:950][  0]SourceControl: Info 	deleted:    Saved/Backup/PlayerCharacter_2017-11-24-00-52-48.uasset
[2018.01.25-10.58.41:950][  0]SourceControl: Info 	deleted:    Saved/Backup/PlayerCharacter_2017-11-24-01-04-31.uasset
[2018.01.25-10.58.41:950][  0]SourceControl: Info 	deleted:    Saved/Backup/RPGGM_2017-11-23-22-20-57.uasset
[2018.01.25-10.58.41:950][  0]SourceControl: Info 	deleted:    Saved/Backup/RPGGM_2017-11-24-01-06-07.uasset
[2018.01.25-10.58.41:950][  0]SourceControl: Info 	deleted:    Saved/Backup/RPGGM_2017-11-24-01-15-46.uasset
[2018.01.25-10.58.41:950][  0]SourceControl: Info 	deleted:    Saved/Backup/RPGGM_2017-11-24-01-23-38.uasset
[2018.01.25-10.58.41:950][  0]SourceControl: Info 	deleted:    Saved/Backup/Rock_2017-11-13-14-31-47.uasset
[2018.01.25-10.58.41:950][  0]SourceControl: Info 	deleted:    Saved/Backup/Rock_2017-11-13-14-37-08.uasset
[2018.01.25-10.58.41:950][  0]SourceControl: Info 	deleted:    Saved/Backup/Rock_2017-11-14-12-41-02.uasset
[2018.01.25-10.58.41:950][  0]SourceControl: Info 	deleted:    Saved/Backup/RyansCommit_2017-11-18-22-05-56.uasset
[2018.01.25-10.58.41:950][  0]SourceControl: Info 	deleted:    Saved/Backup/SpruceTreeLeaf_2017-11-14-12-39-23.uasset
[2018.01.25-10.58.41:950][  0]SourceControl: Info 	deleted:    Saved/Backup/SpruceTreeTrunk_2017-11-14-12-41-02.uasset
[2018.01.25-10.58.41:950][  0]SourceControl: Info 	deleted:    Saved/Backup/ThirdPersonCharacter_2017-11-13-15-47-01.uasset
[2018.01.25-10.58.41:950][  0]SourceControl: Info 	deleted:    Saved/Backup/ThirdPersonCharacter_2017-11-14-16-34-45.uasset
[2018.01.25-10.58.41:950][  0]SourceControl: Info 	deleted:    Saved/Backup/ThirdPersonCharacter_2017-11-14-18-34-59.uasset
[2018.01.25-10.58.41:950][  0]SourceControl: Info 	deleted:    Saved/Backup/ThirdPersonCharacter_2017-11-15-10-18-23.uasset
[2018.01.25-10.58.41:950][  0]SourceControl: Info 	deleted:    Saved/Backup/ThirdPersonCharacter_2017-11-15-20-22-10.uasset
[2018.01.25-10.58.41:950][  0]SourceControl: Info 	deleted:    Saved/Backup/ThirdPersonCharacter_2017-11-15-20-42-31.uasset
[2018.01.25-10.58.41:950][  0]SourceControl: Info 	deleted:    Saved/Backup/ThirdPersonPlayer_2017-11-24-01-08-24.uasset
[2018.01.25-10.58.41:950][  0]SourceControl: Info 	deleted:    Saved/Backup/ThirdPersonPlayer_2017-11-24-01-15-58.uasset
[2018.01.25-10.58.41:950][  0]SourceControl: Info 	deleted:    Saved/Backup/ThirdPersonPlayer_2017-11-27-13-29-05.uasset
[2018.01.25-10.58.41:951][  0]SourceControl: Info 	deleted:    Saved/Backup/ThirdPersonPlayer_2017-11-27-13-43-49.uasset
[2018.01.25-10.58.41:951][  0]SourceControl: Info 	deleted:    Saved/Backup/ThirdPersonPlayer_2017-11-27-13-55-15.uasset
[2018.01.25-10.58.41:951][  0]SourceControl: Info 	deleted:    Saved/Backup/Tutorial_2017-11-13-14-04-21.umap
[2018.01.25-10.58.41:951][  0]SourceControl: Info 	deleted:    Saved/Backup/Tutorial_2017-11-13-14-19-49.umap
[2018.01.25-10.58.41:951][  0]SourceControl: Info 	deleted:    Saved/Backup/Tutorial_2017-11-13-14-27-36.umap
[2018.01.25-10.58.41:951][  0]SourceControl: Info 	deleted:    Saved/Backup/Tutorial_2017-11-13-14-38-31.umap
[2018.01.25-10.58.41:951][  0]SourceControl: Info 	deleted:    Saved/Backup/Tutorial_2017-11-13-14-48-23.umap
[2018.01.25-10.58.41:951][  0]SourceControl: Info 	deleted:    Saved/Backup/Tutorial_2017-11-13-15-00-48.umap
[2018.01.25-10.58.41:951][  0]SourceControl: Info 	deleted:    Saved/Backup/Tutorial_2017-11-13-15-16-11.umap
[2018.01.25-10.58.41:951][  0]SourceControl: Info 	deleted:    Saved/Backup/Tutorial_2017-11-13-15-24-46.umap
[2018.01.25-10.58.41:951][  0]SourceControl: Info 	deleted:    Saved/Backup/Tutorial_2017-11-13-15-37-26.umap
[2018.01.25-10.58.41:951][  0]SourceControl: Info 	deleted:    Saved/Backup/Tutorial_2017-11-13-15-47-01.umap
[2018.01.25-10.58.41:951][  0]SourceControl: Info 	deleted:    Saved/Backup/Tutorial_2017-11-13-15-53-10.umap
[2018.01.25-10.58.41:951][  0]SourceControl: Info 	deleted:    Saved/Backup/Tutorial_2017-11-14-12-26-17.umap
[2018.01.25-10.58.41:951][  0]SourceControl: Info 	deleted:    Saved/Backup/Tutorial_2017-11-14-12-41-01.umap
[2018.01.25-10.58.41:951][  0]SourceControl: Info 	deleted:    Saved/Backup/Tutorial_2017-11-14-12-54-34.umap
[2018.01.25-10.58.41:951][  0]SourceControl: Info 	deleted:    Saved/Backup/Tutorial_2017-11-14-13-05-51.umap
[2018.01.25-10.58.41:951][  0]SourceControl: Info 	deleted:    Saved/Backup/Tutorial_2017-11-14-13-16-53.umap
[2018.01.25-10.58.41:951][  0]SourceControl: Info 	deleted:    Saved/Backup/Tutorial_2017-11-14-13-26-33.umap
[2018.01.25-10.58.41:951][  0]SourceControl: Info 	deleted:    Saved/Backup/Tutorial_2017-11-14-16-53-01.umap
[2018.01.25-10.58.41:951][  0]SourceControl: Info 	deleted:    Saved/Backup/Tutorial_2017-11-14-18-34-07.umap
[2018.01.25-10.58.41:951][  0]SourceControl: Info 	deleted:    Saved/Backup/Tutorial_2017-11-14-18-47-29.umap
[2018.01.25-10.58.41:951][  0]SourceControl: Info 	deleted:    Saved/Backup/Tutorial_2017-11-14-18-59-44.umap
[2018.01.25-10.58.41:951][  0]SourceControl: Info 	deleted:    Saved/Backup/Tutorial_2017-11-14-19-53-49.umap
[2018.01.25-10.58.41:951][  0]SourceControl: Info 	deleted:    Saved/Backup/Tutorial_2017-11-15-09-21-06.umap
[2018.01.25-10.58.41:951][  0]SourceControl: Info 	deleted:    Saved/Backup/Tutorial_2017-11-15-09-42-24.umap
[2018.01.25-10.58.41:951][  0]SourceControl: Info 	deleted:    Saved/Backup/Tutorial_2017-11-15-09-54-30.umap
[2018.01.25-10.58.41:951][  0]SourceControl: Info 	deleted:    Saved/Backup/Tutorial_2017-11-15-10-09-43.umap
[2018.01.25-10.58.41:951][  0]SourceControl: Info 	deleted:    Saved/Backup/Tutorial_2017-11-15-10-15-46.umap
[2018.01.25-10.58.41:951][  0]SourceControl: Info 	deleted:    Saved/Backup/Tutorial_2017-11-15-10-26-20.umap
[2018.01.25-10.58.41:951][  0]SourceControl: Info 	deleted:    Saved/Backup/Tutorial_2017-11-15-11-26-00.umap
[2018.01.25-10.58.41:951][  0]SourceControl: Info 	deleted:    Saved/Backup/Tutorial_2017-11-15-11-32-55.umap
[2018.01.25-10.58.41:951][  0]SourceControl: Info 	deleted:    Saved/Backup/Tutorial_2017-11-15-11-47-49.umap
[2018.01.25-10.58.41:951][  0]SourceControl: Info 	deleted:    Saved/Backup/Tutorial_2017-11-15-17-20-18.umap
[2018.01.25-10.58.41:951][  0]SourceControl: Info 	deleted:    Saved/Backup/Tutorial_2017-11-15-17-30-30.umap
[2018.01.25-10.58.41:951][  0]SourceControl: Info 	deleted:    Saved/Backup/Tutorial_2017-11-15-17-40-54.umap
[2018.01.25-10.58.41:951][  0]SourceControl: Info 	deleted:    Saved/Backup/Tutorial_2017-11-15-17-47-25.umap
[2018.01.25-10.58.41:951][  0]SourceControl: Info 	deleted:    Saved/Backup/Tutorial_2017-11-15-20-42-28.umap
[2018.01.25-10.58.41:951][  0]SourceControl: Info 	deleted:    Saved/Backup/Tutorial_2017-11-15-22-13-59.umap
[2018.01.25-10.58.41:951][  0]SourceControl: Info 	deleted:    Saved/Backup/Tutorial_2017-11-16-21-47-14.umap
[2018.01.25-10.58.41:951][  0]SourceControl: Info 	deleted:    Saved/Backup/Tutorial_2017-11-18-21-50-37.umap
[2018.01.25-10.58.41:952][  0]SourceControl: Info 	deleted:    Saved/Backup/Tutorial_2017-11-18-21-56-38.umap
[2018.01.25-10.58.41:952][  0]SourceControl: Info 	deleted:    Saved/Backup/Tutorial_2017-11-18-22-01-44.umap
[2018.01.25-10.58.41:952][  0]SourceControl: Info 	deleted:    Saved/Backup/Tutorial_2017-11-24-00-58-02.umap
[2018.01.25-10.58.41:952][  0]SourceControl: Info 	deleted:    Saved/Backup/Tutorial_2017-11-24-01-07-44.umap
[2018.01.25-10.58.41:952][  0]SourceControl: Info 	deleted:    Saved/Backup/Tutorial_2017-11-24-01-12-55.umap
[2018.01.25-10.58.41:952][  0]SourceControl: Info 	deleted:    Saved/Backup/Tutorial_2017-11-24-01-19-32.umap
[2018.01.25-10.58.41:952][  0]SourceControl: Info 	deleted:    Saved/Backup/Tutorial_2017-11-27-13-14-51.umap
[2018.01.25-10.58.41:952][  0]SourceControl: Info 	deleted:    Saved/Backup/Tutorial_2017-11-27-13-44-31.umap
[2018.01.25-10.58.41:952][  0]SourceControl: Info 	deleted:    Saved/Backup/Tutorial_2017-11-27-13-51-09.umap
[2018.01.25-10.58.41:952][  0]SourceControl: Info 	deleted:    Saved/Backup/Tutorial_BuiltData_2017-11-13-14-19-49.uasset
[2018.01.25-10.58.41:952][  0]SourceControl: Info 	deleted:    Saved/Backup/Tutorial_BuiltData_2017-11-13-14-27-36.uasset
[2018.01.25-10.58.41:952][  0]SourceControl: Info 	deleted:    Saved/Backup/Tutorial_BuiltData_2017-11-13-14-38-32.uasset
[2018.01.25-10.58.41:952][  0]SourceControl: Info 	deleted:    Saved/Backup/Tutorial_BuiltData_2017-11-13-14-48-24.uasset
[2018.01.25-10.58.41:952][  0]SourceControl: Info 	deleted:    Saved/Backup/Tutorial_BuiltData_2017-11-13-15-16-12.uasset
[2018.01.25-10.58.41:952][  0]SourceControl: Info 	deleted:    Saved/Backup/Tutorial_BuiltData_2017-11-13-15-24-46.uasset
[2018.01.25-10.58.41:952][  0]SourceControl: Info 	deleted:    Saved/Backup/Tutorial_BuiltData_2017-11-13-15-41-54.uasset
[2018.01.25-10.58.41:952][  0]SourceControl: Info 	deleted:    Saved/Backup/Tutorial_BuiltData_2017-11-13-15-47-01.uasset
[2018.01.25-10.58.41:952][  0]SourceControl: Info 	deleted:    Saved/Backup/Tutorial_BuiltData_2017-11-14-12-54-34.uasset
[2018.01.25-10.58.41:952][  0]SourceControl: Info 	deleted:    Saved/Backup/Tutorial_BuiltData_2017-11-14-13-05-51.uasset
[2018.01.25-10.58.41:952][  0]SourceControl: Info 	deleted:    Saved/Backup/Tutorial_BuiltData_2017-11-14-13-16-53.uasset
[2018.01.25-10.58.41:952][  0]SourceControl: Info 	deleted:    Saved/Backup/Tutorial_BuiltData_2017-11-14-13-26-33.uasset
[2018.01.25-10.58.41:952][  0]SourceControl: Info 	deleted:    Saved/Backup/Tutorial_BuiltData_2017-11-14-18-35-46.uasset
[2018.01.25-10.58.41:952][  0]SourceControl: Info 	deleted:    Saved/Backup/Tutorial_BuiltData_2017-11-15-09-54-30.uasset
[2018.01.25-10.58.41:952][  0]SourceControl: Info 	deleted:    Saved/Backup/Tutorial_BuiltData_2017-11-15-10-09-44.uasset
[2018.01.25-10.58.41:952][  0]SourceControl: Info 	deleted:    Saved/Backup/Tutorial_BuiltData_2017-11-15-10-15-47.uasset
[2018.01.25-10.58.41:952][  0]SourceControl: Info 	deleted:    Saved/Backup/Tutorial_BuiltData_2017-11-15-11-26-01.uasset
[2018.01.25-10.58.41:952][  0]SourceControl: Info 	deleted:    Saved/Backup/Tutorial_BuiltData_2017-11-15-11-32-55.uasset
[2018.01.25-10.58.41:952][  0]SourceControl: Info 	deleted:    Saved/Backup/Tutorial_BuiltData_2017-11-15-11-47-50.uasset
[2018.01.25-10.58.41:952][  0]SourceControl: Info 	deleted:    Saved/Backup/Tutorial_BuiltData_2017-11-15-17-20-18.uasset
[2018.01.25-10.58.41:952][  0]SourceControl: Info 	deleted:    Saved/Backup/Tutorial_BuiltData_2017-11-15-17-47-25.uasset
[2018.01.25-10.58.41:952][  0]SourceControl: Info 	deleted:    Saved/Backup/Tutorial_BuiltData_2017-11-15-20-42-29.uasset
[2018.01.25-10.58.41:952][  0]SourceControl: Info 	deleted:    Saved/Backup/Tutorial_BuiltData_2017-11-15-22-13-59.uasset
[2018.01.25-10.58.41:952][  0]SourceControl: Info 	deleted:    Saved/Backup/Tutorial_BuiltData_2017-11-16-21-47-15.uasset
[2018.01.25-10.58.41:952][  0]SourceControl: Info 	deleted:    Saved/Backup/Tutorial_BuiltData_2017-11-18-21-56-39.uasset
[2018.01.25-10.58.41:952][  0]SourceControl: Info 	deleted:    Saved/Backup/Tutorial_BuiltData_2017-11-18-22-01-45.uasset
[2018.01.25-10.58.41:952][  0]SourceControl: Info 	deleted:    Saved/Backup/Tutorial_BuiltData_2017-11-24-01-07-44.uasset
[2018.01.25-10.58.41:952][  0]SourceControl: Info 	deleted:    Saved/Backup/Tutorial_BuiltData_2017-11-24-01-16-31.uasset
[2018.01.25-10.58.41:952][  0]SourceControl: Info 	deleted:    Saved/Backup/Tutorial_BuiltData_2017-11-24-01-21-59.uasset
[2018.01.25-10.58.41:952][  0]SourceControl: Info 	deleted:    Saved/Backup/Tutorial_BuiltData_2017-11-27-12-54-11.uasset
[2018.01.25-10.58.41:952][  0]SourceControl: Info 	deleted:    Saved/Backup/Tutorial_BuiltData_2017-11-27-13-14-51.uasset
[2018.01.25-10.58.41:952][  0]SourceControl: Info 	deleted:    Saved/Backup/Tutorial_BuiltData_2017-11-27-13-44-41.uasset
[2018.01.25-10.58.41:952][  0]SourceControl: Info 	deleted:    Saved/Backup/Tutorial_BuiltData_2017-11-27-13-51-09.uasset
[2018.01.25-10.58.41:952][  0]SourceControl: Info 	deleted:    Saved/Backup/Wall_2017-11-14-13-26-31.uasset
[2018.01.25-10.58.41:952][  0]SourceControl: Info 	deleted:    Saved/Backup/White_2017-11-13-15-47-02.uasset
[2018.01.25-10.58.41:952][  0]SourceControl: Info 	deleted:    Saved/Backup/portalAttenuation_2017-11-15-10-11-07.uasset
[2018.01.25-10.58.41:952][  0]SourceControl: Info 	deleted:    Saved/Backup/roof_2017-11-16-21-47-20.uasset
[2018.01.25-10.58.41:952][  0]SourceControl: Info 	deleted:    Saved/Backup/stone_2017-11-14-13-05-51.uasset
[2018.01.25-10.58.41:952][  0]SourceControl: Info 	deleted:    Saved/Backup/stone_2017-11-16-21-47-20.uasset
[2018.01.25-10.58.41:952][  0]SourceControl: Info 	deleted:    Saved/Backup/wood_2017-11-16-21-47-20.uasset
[2018.01.25-10.58.41:953][  0]SourceControl: Info 	deleted:    Saved/Config/CrashReportClient/UE4CC-Windows-67B6326741510505471864A6925DED94/CrashReportClient.ini
[2018.01.25-10.58.41:953][  0]SourceControl: Info 	deleted:    Saved/Config/CrashReportClient/UE4CC-Windows-C13069DA42368E4E44F705B3CCD5D963/CrashReportClient.ini
[2018.01.25-10.58.41:953][  0]SourceControl: Info 	deleted:    Saved/Config/CrashReportClient/UE4CC-Windows-CF28964B4FC561DEF616EFA2ABF5ED2C/CrashReportClient.ini
[2018.01.25-10.58.41:953][  0]SourceControl: Info 	deleted:    Saved/Config/CrashReportClient/UE4CC-Windows-DB226EA34EAE72D104276C9B22811324/CrashReportClient.ini
[2018.01.25-10.58.41:953][  0]SourceControl: Info 	deleted:    Saved/Config/CrashReportClient/UE4CC-Windows-EA17394342F51CB9FC9046A468D5E9DB/CrashReportClient.ini
[2018.01.25-10.58.41:953][  0]SourceControl: Info 	deleted:    Saved/Config/CrashReportClient/UE4CC-Windows-F1C984044B99DD47466E299BD7495769/CrashReportClient.ini
[2018.01.25-10.58.41:953][  0]SourceControl: Info 	deleted:    Saved/Config/CrashReportClient/UE4CC-Windows-FA3FA7604B3E4C52DA908A8C92AC5873/CrashReportClient.ini
[2018.01.25-10.58.41:953][  0]SourceControl: Info 	modified:   Saved/Config/Windows/EditorPerProjectUserSettings.ini
[2018.01.25-10.58.41:953][  0]SourceControl: Info 	modified:   Saved/Config/Windows/Engine.ini
[2018.01.25-10.58.41:953][  0]SourceControl: Info 	modified:   Saved/HardwareSurvey/dxdiag.txt
[2018.01.25-10.58.41:953][  0]SourceControl: Info 	deleted:    Saved/Logs/RPG_Game-backup-2018.01.11-14.55.33.log
[2018.01.25-10.58.41:953][  0]SourceControl: Info 	deleted:    Saved/Logs/RPG_Game-backup-2018.01.16-12.11.54.log
[2018.01.25-10.58.41:953][  0]SourceControl: Info 	deleted:    Saved/Logs/RPG_Game-backup-2018.01.17-10.20.14.log
[2018.01.25-10.58.41:953][  0]SourceControl: Info 	deleted:    Saved/Logs/RPG_Game-backup-2018.01.17-15.06.01.log
[2018.01.25-10.58.41:953][  0]SourceControl: Info 	deleted:    Saved/Logs/RPG_Game-backup-2018.01.17-17.09.10.log
[2018.01.25-10.58.41:953][  0]SourceControl: Info 	deleted:    Saved/Logs/RPG_Game-backup-2018.01.17-21.08.35.log
[2018.01.25-10.58.41:953][  0]SourceControl: Info 	deleted:    Saved/Logs/RPG_Game-backup-2018.01.17-21.36.12.log
[2018.01.25-10.58.41:953][  0]SourceControl: Info 	deleted:    Saved/Logs/RPG_Game-backup-2018.01.17-21.48.11.log
[2018.01.25-10.58.41:953][  0]SourceControl: Info 	modified:   Saved/Logs/RPG_Game.log
[2018.01.25-10.58.41:953][  0]SourceControl: Info Untracked files:
[2018.01.25-10.58.41:953][  0]SourceControl: Info   (use "git add <file>..." to include in what will be committed)
[2018.01.25-10.58.41:953][  0]SourceControl: Info 	Saved/Autosaves/Game/Assets/Island/
[2018.01.25-10.58.41:953][  0]SourceControl: Info 	Saved/Autosaves/Game/Maps/HelloWorld_Auto5.umap
[2018.01.25-10.58.41:953][  0]SourceControl: Info 	Saved/Autosaves/Game/Maps/HelloWorld_Auto6.umap
[2018.01.25-10.58.41:953][  0]SourceControl: Info 	Saved/Autosaves/Game/Maps/HelloWorld_BuiltData_Auto5.uasset
[2018.01.25-10.58.41:953][  0]SourceControl: Info 	Saved/Autosaves/Game/Maps/HelloWorld_BuiltData_Auto6.uasset
[2018.01.25-10.58.41:953][  0]SourceControl: Info 	Saved/Autosaves/Game/Materials/Landscape/Grass_Auto5.uasset
[2018.01.25-10.58.41:953][  0]SourceControl: Info 	Saved/Autosaves/Game/Water/LargeWater/
[2018.01.25-10.58.41:953][  0]SourceControl: Info 	Saved/Autosaves/Game/Water/Smallwater/
[2018.01.25-10.58.41:953][  0]SourceControl: Info 	Saved/Backup/Grass_2018-01-24-11-19-56.uasset
[2018.01.25-10.58.41:953][  0]SourceControl: Info 	Saved/Backup/Grass_2018-01-24-11-44-49.uasset
[2018.01.25-10.58.41:953][  0]SourceControl: Info 	Saved/Backup/HelloWorld_2018-01-24-09-39-57.umap
[2018.01.25-10.58.41:953][  0]SourceControl: Info 	Saved/Backup/HelloWorld_2018-01-24-09-53-04.umap
[2018.01.25-10.58.41:953][  0]SourceControl: Info 	Saved/Backup/HelloWorld_2018-01-24-09-58-48.umap
[2018.01.25-10.58.41:953][  0]SourceControl: Info 	Saved/Backup/HelloWorld_2018-01-24-10-13-48.umap
[2018.01.25-10.58.41:953][  0]SourceControl: Info 	Saved/Backup/HelloWorld_2018-01-24-10-57-24.umap
[2018.01.25-10.58.41:953][  0]SourceControl: Info 	Saved/Backup/HelloWorld_2018-01-24-11-03-52.umap
[2018.01.25-10.58.41:953][  0]SourceControl: Info 	Saved/Backup/HelloWorld_2018-01-24-11-19-55.umap
[2018.01.25-10.58.41:953][  0]SourceControl: Info 	Saved/Backup/HelloWorld_2018-01-24-11-30-04.umap
[2018.01.25-10.58.41:953][  0]SourceControl: Info 	Saved/Backup/HelloWorld_2018-01-24-11-38-37.umap
[2018.01.25-10.58.41:953][  0]SourceControl: Info 	Saved/Backup/HelloWorld_2018-01-24-11-44-43.umap
[2018.01.25-10.58.41:953][  0]SourceControl: Info 	Saved/Backup/HelloWorld_2018-01-24-15-56-43.umap
[2018.01.25-10.58.41:953][  0]SourceControl: Info 	Saved/Backup/HelloWorld_BuiltData_2018-01-24-09-39-57.uasset
[2018.01.25-10.58.41:953][  0]SourceControl: Info 	Saved/Backup/HelloWorld_BuiltData_2018-01-24-09-53-04.uasset
[2018.01.25-10.58.41:953][  0]SourceControl: Info 	Saved/Backup/HelloWorld_BuiltData_2018-01-24-09-58-48.uasset
[2018.01.25-10.58.41:953][  0]SourceControl: Info 	Saved/Backup/HelloWorld_BuiltData_2018-01-24-10-13-49.uasset
[2018.01.25-10.58.41:954][  0]SourceControl: Info 	Saved/Backup/HelloWorld_BuiltData_2018-01-24-10-57-25.uasset
[2018.01.25-10.58.41:954][  0]SourceControl: Info 	Saved/Backup/HelloWorld_BuiltData_2018-01-24-11-03-52.uasset
[2018.01.25-10.58.41:954][  0]SourceControl: Info 	Saved/Backup/HelloWorld_BuiltData_2018-01-24-11-19-55.uasset
[2018.01.25-10.58.41:954][  0]SourceControl: Info 	Saved/Backup/HelloWorld_BuiltData_2018-01-24-11-30-04.uasset
[2018.01.25-10.58.41:954][  0]SourceControl: Info 	Saved/Backup/HelloWorld_BuiltData_2018-01-24-11-38-38.uasset
[2018.01.25-10.58.41:954][  0]SourceControl: Info 	Saved/Backup/HelloWorld_BuiltData_2018-01-24-11-44-44.uasset
[2018.01.25-10.58.41:954][  0]SourceControl: Info 	Saved/Backup/HelloWorld_BuiltData_2018-01-24-15-56-44.uasset
[2018.01.25-10.58.41:954][  0]SourceControl: Info 	Saved/Backup/Landscape_2018-01-24-11-14-47.uasset
[2018.01.25-10.58.41:954][  0]SourceControl: Info 	Saved/Backup/Landscape_2018-01-24-11-30-04.uasset
[2018.01.25-10.58.41:954][  0]SourceControl: Info 	Saved/Backup/Landscape_2018-01-24-11-44-48.uasset
[2018.01.25-10.58.41:954][  0]SourceControl: Info 	Saved/Backup/LargeWater_2018-01-24-10-06-32.uasset
[2018.01.25-10.58.41:954][  0]SourceControl: Info 	Saved/Backup/M_Ground_2018-01-24-11-19-55.uasset
[2018.01.25-10.58.41:954][  0]SourceControl: Info 	Saved/Backup/M_Ground_2018-01-24-11-44-48.uasset
[2018.01.25-10.58.41:954][  0]SourceControl: Info 	Saved/Backup/M_Lava_2018-01-24-11-19-55.uasset
[2018.01.25-10.58.41:954][  0]SourceControl: Info 	Saved/Backup/M_Lava_2018-01-24-11-44-49.uasset
[2018.01.25-10.58.41:954][  0]SourceControl: Info 	Saved/Backup/M_Sand_2018-01-24-11-19-55.uasset
[2018.01.25-10.58.41:954][  0]SourceControl: Info 	Saved/Backup/M_Sand_2018-01-24-11-44-49.uasset
[2018.01.25-10.58.41:954][  0]SourceControl: Info 	Saved/Backup/M_Volcano_2018-01-24-11-19-55.uasset
[2018.01.25-10.58.41:954][  0]SourceControl: Info 	Saved/Backup/M_Volcano_2018-01-24-11-44-49.uasset
[2018.01.25-10.58.41:954][  0]SourceControl: Info 	Saved/Backup/M_Water_2018-01-24-10-05-38.uasset
[2018.01.25-10.58.41:954][  0]SourceControl: Info 	Saved/Backup/M_Water_2018-01-24-10-13-16.uasset
[2018.01.25-10.58.41:954][  0]SourceControl: Info 	Saved/Backup/M_Water_2018-01-24-11-19-56.uasset
[2018.01.25-10.58.41:954][  0]SourceControl: Info 	Saved/Backup/M_Water_2018-01-24-11-44-49.uasset
[2018.01.25-10.58.41:954][  0]SourceControl: Info 	Saved/Backup/M_Water_Inst_2018-01-24-10-06-48.uasset
[2018.01.25-10.58.41:954][  0]SourceControl: Info 	Saved/Backup/M_Water_Inst_2018-01-24-11-19-55.uasset
[2018.01.25-10.58.41:954][  0]SourceControl: Info 	Saved/Backup/M_Water_Inst_2018-01-24-11-44-48.uasset
[2018.01.25-10.58.41:954][  0]SourceControl: Info 	Saved/Backup/M_Water_Inst_2018-01-24-15-51-12.uasset
[2018.01.25-10.58.41:954][  0]SourceControl: Info 	Saved/Config/CrashReportClient/UE4CC-Windows-1F2089FD44866255BDEAB581F613FE14/
[2018.01.25-10.58.41:954][  0]SourceControl: Info 	Saved/Config/CrashReportClient/UE4CC-Windows-D678464B4C959D98016609A69A00B78D/
[2018.01.25-10.58.41:954][  0]SourceControl: Info 	Saved/Config/CrashReportClient/UE4CC-Windows-E48EA27C4B8008AC739137913BFECFFE/
[2018.01.25-10.58.41:954][  0]SourceControl: Info 	Saved/Logs/RPG_Game-backup-2018.01.24-09.18.40.log
[2018.01.25-10.58.41:954][  0]SourceControl: Info 	Saved/Logs/RPG_Game-backup-2018.01.24-15.21.17.log
[2018.01.25-10.58.41:954][  0]SourceControl: Info 	Saved/Logs/RPG_Game-backup-2018.01.25-10.58.08.log
[2018.01.25-10.58.41:954][  0]SourceControl: Info no changes added to commit (use "git add" and/or "git commit -a")
[2018.01.25-10.58.41:957][  0]LogContentStreaming: Texture pool size now 1000 MB
[2018.01.25-10.58.42:262][  2]LogSlate: Took 0.002258 seconds to synchronously load lazily loaded font '../../../Engine/Content/Slate/Fonts/Roboto-Light.ttf' (159K)
[2018.01.25-10.58.42:335][  3]LogAssetRegistry: Asset discovery search completed in 23.8571 seconds
[2018.01.25-10.58.42:348][  3]LogCollectionManager: Rebuilt the object cache for 0 collections in 0.000002 seconds (found 0 objects)
[2018.01.25-10.58.42:348][  3]LogCollectionManager: Fixed up redirectors for 0 collections in 0.000864 seconds (updated 0 objects)
[2018.01.25-10.58.43:100][ 14]LogD3D11RHI: Timed out while waiting for GPU to catch up. (0.5 s)
[2018.01.25-11.01.54:283][227]LogWindowsTextInputMethodSystem:Display: IME system now deactivated.
[2018.01.25-11.01.54:464][228]Cmd: QUIT_EDITOR
[2018.01.25-11.01.54:502][228]LogExit: Preparing to exit.
[2018.01.25-11.01.55:140][228]LogExit: Editor shut down
[2018.01.25-11.01.55:145][228]LogExit: Transaction tracking system shut down
[2018.01.25-11.01.55:232][228]LogObj: Freed 0b from 0 cluster array pools.
[2018.01.25-11.01.55:233][228]LogExit: Object subsystem successfully closed.
[2018.01.25-11.01.55:264][228]LogD3D11RHI: Shutdown
[2018.01.25-11.01.55:264][228]LogD3D11RHI: CleanupD3DDevice
[2018.01.25-11.01.55:336][228]LogD3D11RHI: ~FD3D11DynamicRHI
[2018.01.25-11.01.55:386][228]LogModuleManager: Shutting down and abandoning module HierarchicalLODOutliner (524)
[2018.01.25-11.01.55:387][228]LogModuleManager: Shutting down and abandoning module CrashTracker (522)
[2018.01.25-11.01.55:387][228]LogModuleManager: Shutting down and abandoning module SceneOutliner (520)
[2018.01.25-11.01.55:387][228]LogModuleManager: Shutting down and abandoning module AddContentDialog (518)
[2018.01.25-11.01.55:387][228]LogDirectoryWatcher: A directory notification for 'C:/Program Files/Epic Games/UE_4.16/FeaturePacks/' was aborted.
[2018.01.25-11.01.55:388][228]LogModuleManager: Shutting down and abandoning module WidgetCarousel (517)
[2018.01.25-11.01.55:388][228]LogModuleManager: Shutting down and abandoning module EditorWidgets (514)
[2018.01.25-11.01.55:388][228]LogModuleManager: Shutting down and abandoning module CollectionManager (512)
[2018.01.25-11.01.55:388][228]LogDirectoryWatcher: A directory notification for 'F:/FMP/RPG_Game/RPG_Game/Content/Collections/' was aborted.
[2018.01.25-11.01.55:388][228]LogDirectoryWatcher: A directory notification for 'F:/FMP/RPG_Game/RPG_Game/Content/Developers/Jordan/Collections/' was aborted.
[2018.01.25-11.01.55:388][228]LogDirectoryWatcher: A directory notification for 'F:/FMP/RPG_Game/RPG_Game/Saved/Collections/' was aborted.
[2018.01.25-11.01.55:388][228]LogModuleManager: Shutting down and abandoning module StatsViewer (510)
[2018.01.25-11.01.55:388][228]LogModuleManager: Shutting down and abandoning module FoliageEdit (508)
[2018.01.25-11.01.55:388][228]LogModuleManager: Shutting down and abandoning module LandscapeEditor (506)
[2018.01.25-11.01.55:388][228]LogModuleManager: Shutting down and abandoning module MeshPaintMode (504)
[2018.01.25-11.01.55:388][228]LogModuleManager: Shutting down and abandoning module SceneDepthPickerMode (502)
[2018.01.25-11.01.55:388][228]LogModuleManager: Shutting down and abandoning module ActorPickerMode (500)
[2018.01.25-11.01.55:388][228]LogModuleManager: Shutting down and abandoning module GeometryMode (498)
[2018.01.25-11.01.55:388][228]LogModuleManager: Shutting down and abandoning module TextureAlignMode (496)
[2018.01.25-11.01.55:388][228]LogModuleManager: Shutting down and abandoning module BspMode (494)
[2018.01.25-11.01.55:389][228]LogModuleManager: Shutting down and abandoning module HardwareSurvey (492)
[2018.01.25-11.01.55:389][228]LogModuleManager: Shutting down and abandoning module SequenceRecorderSections (490)
[2018.01.25-11.01.55:389][228]LogModuleManager: Shutting down and abandoning module AutomationWorker (488)
[2018.01.25-11.01.55:389][228]LogModuleManager: Shutting down and abandoning module MatineeToLevelSequence (486)
[2018.01.25-11.01.55:390][228]LogModuleManager: Shutting down and abandoning module LevelSequenceEditor (484)
[2018.01.25-11.01.55:392][228]LogModuleManager: Shutting down and abandoning module PlacementMode (483)
[2018.01.25-11.01.55:392][228]LogModuleManager: Shutting down and abandoning module WmfMediaFactory (480)
[2018.01.25-11.01.55:392][228]LogModuleManager: Shutting down and abandoning module WmfMediaEditor (478)
[2018.01.25-11.01.55:392][228]LogModuleManager: Shutting down and abandoning module AvfMediaFactory (476)
[2018.01.25-11.01.55:392][228]LogModuleManager: Shutting down and abandoning module AvfMediaEditor (474)
[2018.01.25-11.01.55:392][228]LogModuleManager: Shutting down and abandoning module AndroidMediaFactory (472)
[2018.01.25-11.01.55:392][228]LogModuleManager: Shutting down and abandoning module Media (471)
[2018.01.25-11.01.55:392][228]LogModuleManager: Shutting down and abandoning module AndroidMediaEditor (468)
[2018.01.25-11.01.55:392][228]LogModuleManager: Shutting down and abandoning module CharacterAI (466)
[2018.01.25-11.01.55:392][228]LogModuleManager: Shutting down and abandoning module AudioCapture (464)
[2018.01.25-11.01.55:392][228]LogModuleManager: Shutting down and abandoning module SequenceRecorder (463)
[2018.01.25-11.01.55:393][228]LogModuleManager: Shutting down and abandoning module SmartSnapping (460)
[2018.01.25-11.01.55:393][228]LogModuleManager: Shutting down and abandoning module SessionServices (458)
[2018.01.25-11.01.55:393][228]LogModuleManager: Shutting down and abandoning module ViewportSnapping (456)
[2018.01.25-11.01.55:393][228]LogModuleManager: Shutting down and abandoning module ViewportInteraction (454)
[2018.01.25-11.01.55:393][228]LogModuleManager: Shutting down and abandoning module ClothPainter (452)
[2018.01.25-11.01.55:394][228]LogModuleManager: Shutting down and abandoning module LogVisualizer (450)
[2018.01.25-11.01.55:395][228]LogModuleManager: Shutting down and abandoning module IntroTutorials (448)
[2018.01.25-11.01.55:396][228]LogModuleManager: Shutting down and abandoning module GameProjectGeneration (447)
[2018.01.25-11.01.55:396][228]LogModuleManager: Shutting down and abandoning module EditorLiveStreaming (444)
[2018.01.25-11.01.55:396][228]LogModuleManager: Shutting down and abandoning module IOSPlatformEditor (442)
[2018.01.25-11.01.55:397][228]LogModuleManager: Shutting down and abandoning module HTML5PlatformEditor (440)
[2018.01.25-11.01.55:397][228]LogModuleManager: Shutting down and abandoning module AndroidPlatformEditor (438)
[2018.01.25-11.01.55:397][228]LogModuleManager: Shutting down and abandoning module AndroidDeviceDetection (437)
[2018.01.25-11.01.55:944][228]LogModuleManager: Shutting down and abandoning module IOSRuntimeSettings (434)
[2018.01.25-11.01.55:944][228]LogModuleManager: Shutting down and abandoning module AndroidRuntimeSettings (432)
[2018.01.25-11.01.55:944][228]LogModuleManager: Shutting down and abandoning module InputBindingEditor (430)
[2018.01.25-11.01.55:945][228]LogModuleManager: Shutting down and abandoning module MergeActors (428)
[2018.01.25-11.01.55:945][228]LogModuleManager: Shutting down and abandoning module SizeMap (426)
[2018.01.25-11.01.55:945][228]LogModuleManager: Shutting down and abandoning module TreeMap (424)
[2018.01.25-11.01.55:945][228]LogModuleManager: Shutting down and abandoning module ReferenceViewer (422)
[2018.01.25-11.01.55:945][228]LogModuleManager: Shutting down and abandoning module LocalizationDashboard (420)
[2018.01.25-11.01.55:946][228]LogModuleManager: Shutting down and abandoning module LocalizationService (419)
[2018.01.25-11.01.55:946][228]LogModuleManager: Shutting down and abandoning module HardwareTargeting (416)
[2018.01.25-11.01.55:946][228]LogModuleManager: Shutting down and abandoning module DeviceProfileEditor (414)
[2018.01.25-11.01.55:946][228]LogModuleManager: Shutting down and abandoning module UndoHistory (412)
[2018.01.25-11.01.55:946][228]LogModuleManager: Shutting down and abandoning module UserFeedback (410)
[2018.01.25-11.01.55:947][228]LogModuleManager: Shutting down and abandoning module XmlParser (408)
[2018.01.25-11.01.55:947][228]LogModuleManager: Shutting down and abandoning module Blutility (406)
[2018.01.25-11.01.55:947][228]LogModuleManager: Shutting down and abandoning module ProjectSettingsViewer (404)
[2018.01.25-11.01.55:947][228]LogModuleManager: Shutting down and abandoning module ProjectTargetPlatformEditor (403)
[2018.01.25-11.01.55:947][228]LogModuleManager: Shutting down and abandoning module EditorSettingsViewer (400)
[2018.01.25-11.01.55:947][228]LogModuleManager: Shutting down and abandoning module SettingsEditor (398)
[2018.01.25-11.01.55:948][228]LogModuleManager: Shutting down and abandoning module ProjectLauncher (396)
[2018.01.25-11.01.55:948][228]LogModuleManager: Shutting down and abandoning module SessionFrontend (394)
[2018.01.25-11.01.55:949][228]LogModuleManager: Shutting down and abandoning module ProfilerClient (392)
[2018.01.25-11.01.55:949][228]LogModuleManager: Shutting down and abandoning module DeviceManager (390)
[2018.01.25-11.01.55:950][228]LogModuleManager: Shutting down and abandoning module TargetDeviceServices (389)
[2018.01.25-11.01.56:003][228]LogModuleManager: Shutting down and abandoning module AutomationController (386)
[2018.01.25-11.01.56:003][228]LogModuleManager: Shutting down and abandoning module AutomationWindow (384)
[2018.01.25-11.01.56:004][228]LogModuleManager: Shutting down and abandoning module Layers (382)
[2018.01.25-11.01.56:005][228]LogModuleManager: Shutting down and abandoning module ComponentVisualizers (380)
[2018.01.25-11.01.56:005][228]LogModuleManager: Shutting down and abandoning module DetailCustomizations (378)
[2018.01.25-11.01.56:006][228]LogModuleManager: Shutting down and abandoning module PackagesDialog (376)
[2018.01.25-11.01.56:006][228]LogModuleManager: Shutting down and abandoning module Persona (374)
[2018.01.25-11.01.56:007][228]LogModuleManager: Shutting down and abandoning module AdvancedPreviewScene (373)
[2018.01.25-11.01.56:007][228]LogModuleManager: Shutting down and abandoning module AnimGraph (371)
[2018.01.25-11.01.56:007][228]LogModuleManager: Shutting down and abandoning module Kismet (368)
[2018.01.25-11.01.56:008][228]LogModuleManager: Shutting down and abandoning module ClassViewer (366)
[2018.01.25-11.01.56:008][228]LogModuleManager: Shutting down and abandoning module Toolbox (364)
[2018.01.25-11.01.56:008][228]LogModuleManager: Shutting down and abandoning module ModuleUI (362)
[2018.01.25-11.01.56:009][228]LogModuleManager: Shutting down and abandoning module MovieSceneTools (360)
[2018.01.25-11.01.56:010][228]LogModuleManager: Shutting down and abandoning module OutputLog (358)
[2018.01.25-11.01.56:010][228]LogModuleManager: Shutting down and abandoning module GammaUI (356)
[2018.01.25-11.01.56:010][228]LogModuleManager: Shutting down and abandoning module Documentation (354)
[2018.01.25-11.01.56:010][228]LogModuleManager: Shutting down and abandoning module MovieSceneTracks (352)
[2018.01.25-11.01.56:010][228]LogModuleManager: Shutting down and abandoning module MovieScene (350)
[2018.01.25-11.01.56:010][228]LogModuleManager: Shutting down and abandoning module Niagara (348)
[2018.01.25-11.01.56:010][228]LogModuleManager: Shutting down and abandoning module NiagaraEditor (347)
[2018.01.25-11.01.56:012][228]LogModuleManager: Shutting down and abandoning module StreamingPauseRendering (344)
[2018.01.25-11.01.56:012][228]LogModuleManager: Shutting down and abandoning module AnalyticsET (342)
[2018.01.25-11.01.56:012][228]LogModuleManager: Shutting down and abandoning module PortalServices (340)
[2018.01.25-11.01.56:012][228]LogModuleManager: Shutting down and abandoning module PortalRpc (338)
[2018.01.25-11.01.56:012][228]LogModuleManager: Shutting down and abandoning module MessagingRpc (336)
[2018.01.25-11.01.56:012][228]LogModuleManager: Shutting down and abandoning module AIModule (334)
[2018.01.25-11.01.56:012][228]LogModuleManager: Shutting down and abandoning module GameplayDebugger (333)
[2018.01.25-11.01.56:012][228]LogModuleManager: Shutting down and abandoning module AITestSuite (331)
[2018.01.25-11.01.56:012][228]LogModuleManager: Shutting down and abandoning module ProfilerService (328)
[2018.01.25-11.01.56:022][228]LogModuleManager: Shutting down and abandoning module TaskGraph (326)
[2018.01.25-11.01.56:023][228]LogModuleManager: Shutting down and abandoning module SteamVRController (324)
[2018.01.25-11.01.56:023][228]LogModuleManager: Shutting down and abandoning module SteamVR (322)
[2018.01.25-11.01.56:023][228]LogModuleManager: Shutting down and abandoning module ProceduralMeshComponentEditor (320)
[2018.01.25-11.01.56:023][228]LogModuleManager: Shutting down and abandoning module ProceduralMeshComponent (318)
[2018.01.25-11.01.56:023][228]LogModuleManager: Shutting down and abandoning module OculusLibrary (316)
[2018.01.25-11.01.56:023][228]LogModuleManager: Shutting down and abandoning module OculusInput (314)
[2018.01.25-11.01.56:023][228]LogModuleManager: Shutting down and abandoning module MobilePatchingUtils (312)
[2018.01.25-11.01.56:023][228]LogModuleManager: Shutting down and abandoning module CustomMeshComponent (310)
[2018.01.25-11.01.56:024][228]LogModuleManager: Shutting down and abandoning module CableComponent (308)
[2018.01.25-11.01.56:024][228]LogModuleManager: Shutting down and abandoning module ArchVisCharacter (306)
[2018.01.25-11.01.56:024][228]LogModuleManager: Shutting down and abandoning module AndroidPermission (304)
[2018.01.25-11.01.56:024][228]LogModuleManager: Shutting down and abandoning module MediaPlayerEditor (300)
[2018.01.25-11.01.56:025][228]LogModuleManager: Shutting down and abandoning module HTML5Networking (298)
[2018.01.25-11.01.56:025][228]LogModuleManager: Shutting down and abandoning module AlembicImporter (296)
[2018.01.25-11.01.56:025][228]LogModuleManager: Shutting down and abandoning module AlembicLibrary (295)
[2018.01.25-11.01.56:025][228]LogModuleManager: Shutting down and abandoning module GeometryCache (294)
[2018.01.25-11.01.56:025][228]LogModuleManager: Shutting down and abandoning module GeometryCacheEd (293)
[2018.01.25-11.01.56:025][228]LogModuleManager: Shutting down and abandoning module SuperSearchEditor (288)
[2018.01.25-11.01.56:025][228]LogModuleManager: Shutting down and abandoning module SuperSearch (287)
[2018.01.25-11.01.56:025][228]LogModuleManager: Shutting down and abandoning module SpeedTreeImporter (284)
[2018.01.25-11.01.56:025][228]LogModuleManager: Shutting down and abandoning module PluginBrowser (282)
[2018.01.25-11.01.56:026][228]LogModuleManager: Shutting down and abandoning module MobileLauncherProfileWizard (280)
[2018.01.25-11.01.56:027][228]LogModuleManager: Shutting down and abandoning module VisualStudioSourceCodeAccess (278)
[2018.01.25-11.01.56:027][228]LogModuleManager: Shutting down and abandoning module DesktopPlatform (277)
[2018.01.25-11.01.56:027][228]LogModuleManager: Shutting down and abandoning module UObjectPlugin (274)
[2018.01.25-11.01.56:027][228]LogModuleManager: Shutting down and abandoning module SubversionSourceControl (272)
[2018.01.25-11.01.56:028][228]LogModuleManager: Shutting down and abandoning module PerforceSourceControl (270)
[2018.01.25-11.01.56:028][228]LogModuleManager: Shutting down and abandoning module GitSourceControl (268)
[2018.01.25-11.01.56:028][228]LogModuleManager: Shutting down and abandoning module SourceControl (267)
[2018.01.25-11.01.56:028][228]LogModuleManager: Shutting down and abandoning module LightPropagationVolumeEditor (264)
[2018.01.25-11.01.56:028][228]LogModuleManager: Shutting down and abandoning module PaperTiledImporter (262)
[2018.01.25-11.01.56:028][228]LogModuleManager: Shutting down and abandoning module PaperSpriteSheetImporter (260)
[2018.01.25-11.01.56:028][228]LogModuleManager: Shutting down and abandoning module Paper2DEditor (258)
[2018.01.25-11.01.56:029][228]LogModuleManager: Shutting down and abandoning module MeshPaint (257)
[2018.01.25-11.01.56:029][228]LogModuleManager: Shutting down and abandoning module LevelEditor (255)
[2018.01.25-11.01.56:030][228]LogModuleManager: Shutting down and abandoning module PixelInspectorModule (254)
[2018.01.25-11.01.56:030][228]LogModuleManager: Shutting down and abandoning module MainFrame (252)
[2018.01.25-11.01.56:030][228]LogModuleManager: Shutting down and abandoning module HotReload (251)
[2018.01.25-11.01.56:031][228]LogModuleManager: Shutting down and abandoning module PhysXVehiclesEditor (246)
[2018.01.25-11.01.56:031][228]LogModuleManager: Shutting down and abandoning module PhysXVehicles (244)
[2018.01.25-11.01.56:031][228]LogModuleManager: Shutting down and abandoning module LocationServicesBPLibrary (242)
[2018.01.25-11.01.56:031][228]LogModuleManager: Shutting down and abandoning module ImmediatePhysicsEditor (240)
[2018.01.25-11.01.56:031][228]LogModuleManager: Shutting down and abandoning module ImmediatePhysics (238)
[2018.01.25-11.01.56:031][228]LogModuleManager: Shutting down and abandoning module UdpMessaging (236)
[2018.01.25-11.01.56:133][228]LogModuleManager: Shutting down and abandoning module TcpMessaging (234)
[2018.01.25-11.01.56:234][228]LogModuleManager: Shutting down and abandoning module GameplayTagsEditor (232)
[2018.01.25-11.01.56:235][228]LogModuleManager: Shutting down and abandoning module FacialAnimationEditor (230)
[2018.01.25-11.01.56:235][228]LogModuleManager: Shutting down and abandoning module FacialAnimation (228)
[2018.01.25-11.01.56:235][228]LogModuleManager: Shutting down and abandoning module AssetManagerEditor (226)
[2018.01.25-11.01.56:236][228]LogModuleManager: Shutting down and abandoning module GraphEditor (225)
[2018.01.25-11.01.56:237][228]LogModuleManager: Shutting down and abandoning module ContentBrowser (223)
[2018.01.25-11.01.56:238][228]LogModuleManager: Shutting down and abandoning module LightPropagationVolumeRuntime (220)
[2018.01.25-11.01.56:238][228]LogModuleManager: Shutting down and abandoning module Paper2D (218)
[2018.01.25-11.01.56:238][228]LogModuleManager: Shutting down and abandoning module WindowsMoviePlayer (216)
[2018.01.25-11.01.56:238][228]LogModuleManager: Shutting down and abandoning module WmfMedia (214)
[2018.01.25-11.01.56:241][228]LogModuleManager: Shutting down and abandoning module ClothingSystemEditor (212)
[2018.01.25-11.01.56:241][228]LogModuleManager: Shutting down and abandoning module ClothingSystemRuntime (210)
[2018.01.25-11.01.56:241][228]LogModuleManager: Shutting down and abandoning module MediaAssets (208)
[2018.01.25-11.01.56:241][228]LogModuleManager: Shutting down and abandoning module GameLiveStreaming (206)
[2018.01.25-11.01.56:241][228]LogModuleManager: Shutting down and abandoning module VREditor (204)
[2018.01.25-11.01.56:241][228]LogModuleManager: Shutting down and abandoning module StringTableEditor (202)
[2018.01.25-11.01.56:242][228]LogModuleManager: Shutting down and abandoning module GameplayTasksEditor (200)
[2018.01.25-11.01.56:242][228]LogModuleManager: Shutting down and abandoning module BehaviorTreeEditor (198)
[2018.01.25-11.01.56:243][228]LogModuleManager: Shutting down and abandoning module FunctionalTesting (196)
[2018.01.25-11.01.56:243][228]LogModuleManager: Shutting down and abandoning module CollisionAnalyzer (194)
[2018.01.25-11.01.56:244][228]LogModuleManager: Shutting down and abandoning module UMG (192)
[2018.01.25-11.01.56:244][228]LogModuleManager: Shutting down and abandoning module UMGEditor (191)
[2018.01.25-11.01.56:245][228]LogModuleManager: Shutting down and abandoning module Sequencer (190)
[2018.01.25-11.01.56:246][228]LogModuleManager: Shutting down and abandoning module AssetTools (188)
[2018.01.25-11.01.56:248][228]LogModuleManager: Shutting down and abandoning module MessageLog (187)
[2018.01.25-11.01.56:248][228]LogModuleManager: Shutting down and abandoning module WorkspaceMenuStructure (186)
[2018.01.25-11.01.56:248][228]LogModuleManager: Shutting down and abandoning module SlateReflector (180)
[2018.01.25-11.01.56:250][228]LogModuleManager: Shutting down and abandoning module Slate (178)
[2018.01.25-11.01.56:250][228]LogModuleManager: Shutting down and abandoning module EditorStyle (176)
[2018.01.25-11.01.56:253][228]LogModuleManager: Shutting down and abandoning module SourceCodeAccess (174)
[2018.01.25-11.01.56:253][228]LogModuleManager: Shutting down and abandoning module HeadMountedDisplay (172)
[2018.01.25-11.01.56:253][228]LogModuleManager: Shutting down and abandoning module XAudio2 (170)
[2018.01.25-11.01.56:253][228]LogModuleManager: Shutting down and abandoning module Networking (168)
[2018.01.25-11.01.56:253][228]LogModuleManager: Shutting down and abandoning module Core (164)
[2018.01.25-11.01.56:253][228]LogModuleManager: Shutting down and abandoning module AssetRegistry (162)
[2018.01.25-11.01.56:512][228]LogDirectoryWatcher: A directory notification for '../../../Engine/Content/' was aborted.
[2018.01.25-11.01.56:512][228]LogDirectoryWatcher: A directory notification for 'F:/FMP/RPG_Game/RPG_Game/Content/' was aborted.
[2018.01.25-11.01.56:512][228]LogDirectoryWatcher: A directory notification for '../../../Engine/Plugins/2D/Paper2D/Content/' was aborted.
[2018.01.25-11.01.56:512][228]LogDirectoryWatcher: A directory notification for '../../../Engine/Plugins/Runtime/GearVR/Content/' was aborted.
[2018.01.25-11.01.56:517][228]LogModuleManager: Shutting down and abandoning module DirectoryWatcher (161)
[2018.01.25-11.01.56:517][228]LogModuleManager: Shutting down and abandoning module KismetCompiler (158)
[2018.01.25-11.01.56:517][228]LogModuleManager: Shutting down and abandoning module LevelSequence (156)
[2018.01.25-11.01.56:517][228]LogModuleManager: Shutting down and abandoning module PhysXFormats (154)
[2018.01.25-11.01.56:517][228]LogModuleManager: Shutting down and abandoning module MeshUtilities (152)
[2018.01.25-11.01.56:518][228]LogModuleManager: Shutting down and abandoning module SimplygonSwarm (151)
[2018.01.25-11.01.56:519][228]LogModuleManager: Shutting down and abandoning module SimplygonMeshReduction (149)
[2018.01.25-11.01.56:519][228]LogModuleManager: Shutting down and abandoning module QuadricMeshReduction (147)
[2018.01.25-11.01.56:519][228]LogModuleManager: Shutting down and abandoning module DerivedDataCache (144)
[2018.01.25-11.01.56:544][228]LogDerivedDataCache: Shutdown
[2018.01.25-11.01.56:544][228]LogModuleManager: Shutting down and abandoning module TargetPlatform (142)
[2018.01.25-11.01.56:544][228]LogModuleManager: Shutting down and abandoning module VulkanShaderFormat (141)
[2018.01.25-11.01.56:545][228]LogModuleManager: Shutting down and abandoning module ShaderFormatVectorVM (139)
[2018.01.25-11.01.56:545][228]LogModuleManager: Shutting down and abandoning module ShaderFormatOpenGL (137)
[2018.01.25-11.01.56:546][228]LogModuleManager: Shutting down and abandoning module ShaderFormatD3D (135)
[2018.01.25-11.01.56:546][228]LogModuleManager: Shutting down and abandoning module MetalShaderFormat (133)
[2018.01.25-11.01.56:546][228]LogModuleManager: Shutting down and abandoning module TextureFormatUncompressed (131)
[2018.01.25-11.01.56:546][228]LogModuleManager: Shutting down and abandoning module TextureFormatPVR (129)
[2018.01.25-11.01.56:546][228]LogModuleManager: Shutting down and abandoning module TextureFormatDXT (127)
[2018.01.25-11.01.56:546][228]LogModuleManager: Shutting down and abandoning module TextureFormatIntelISPCTexComp (125)
[2018.01.25-11.01.56:546][228]LogModuleManager: Shutting down and abandoning module TextureFormatASTC (123)
[2018.01.25-11.01.56:546][228]LogModuleManager: Shutting down and abandoning module ImageWrapper (122)
[2018.01.25-11.01.56:546][228]LogModuleManager: Shutting down and abandoning module TextureFormatAndroid (119)
[2018.01.25-11.01.56:546][228]LogModuleManager: Shutting down and abandoning module AudioFormatOpus (117)
[2018.01.25-11.01.56:546][228]LogModuleManager: Shutting down and abandoning module AudioFormatOgg (115)
[2018.01.25-11.01.56:546][228]LogModuleManager: Shutting down and abandoning module AudioFormatADPCM (113)
[2018.01.25-11.01.56:546][228]LogModuleManager: Shutting down and abandoning module LinuxTargetPlatform (111)
[2018.01.25-11.01.56:546][228]LogModuleManager: Shutting down and abandoning module LinuxServerTargetPlatform (109)
[2018.01.25-11.01.56:546][228]LogModuleManager: Shutting down and abandoning module LinuxNoEditorTargetPlatform (107)
[2018.01.25-11.01.56:546][228]LogModuleManager: Shutting down and abandoning module LinuxClientTargetPlatform (105)
[2018.01.25-11.01.56:546][228]LogModuleManager: Shutting down and abandoning module TVOSTargetPlatform (103)
[2018.01.25-11.01.56:546][228]LogModuleManager: Shutting down and abandoning module Messaging (101)
[2018.01.25-11.01.56:546][228]LogModuleManager: Shutting down and abandoning module IOSTargetPlatform (99)
[2018.01.25-11.01.56:546][228]LogModuleManager: Shutting down and abandoning module HTML5TargetPlatform (97)
[2018.01.25-11.01.56:546][228]LogModuleManager: Shutting down and abandoning module Android_PVRTCTargetPlatform (95)
[2018.01.25-11.01.56:546][228]LogModuleManager: Shutting down and abandoning module Android_MultiTargetPlatform (93)
[2018.01.25-11.01.56:546][228]LogModuleManager: Shutting down and abandoning module Android_ETC2TargetPlatform (91)
[2018.01.25-11.01.56:546][228]LogModuleManager: Shutting down and abandoning module Android_ETC1TargetPlatform (89)
[2018.01.25-11.01.56:546][228]LogModuleManager: Shutting down and abandoning module Android_DXTTargetPlatform (87)
[2018.01.25-11.01.56:546][228]LogModuleManager: Shutting down and abandoning module Android_ATCTargetPlatform (85)
[2018.01.25-11.01.56:546][228]LogModuleManager: Shutting down and abandoning module Android_ASTCTargetPlatform (83)
[2018.01.25-11.01.56:546][228]LogModuleManager: Shutting down and abandoning module AndroidTargetPlatform (81)
[2018.01.25-11.01.56:546][228]LogModuleManager: Shutting down and abandoning module WindowsTargetPlatform (79)
[2018.01.25-11.01.56:546][228]LogModuleManager: Shutting down and abandoning module WindowsServerTargetPlatform (77)
[2018.01.25-11.01.56:546][228]LogModuleManager: Shutting down and abandoning module WindowsNoEditorTargetPlatform (75)
[2018.01.25-11.01.56:546][228]LogModuleManager: Shutting down and abandoning module WindowsClientTargetPlatform (73)
[2018.01.25-11.01.56:546][228]LogModuleManager: Shutting down and abandoning module MacTargetPlatform (71)
[2018.01.25-11.01.56:546][228]LogModuleManager: Shutting down and abandoning module MacServerTargetPlatform (69)
[2018.01.25-11.01.56:547][228]LogModuleManager: Shutting down and abandoning module MacNoEditorTargetPlatform (67)
[2018.01.25-11.01.56:547][228]LogModuleManager: Shutting down and abandoning module MacClientTargetPlatform (65)
[2018.01.25-11.01.56:547][228]LogModuleManager: Shutting down and abandoning module AllDesktopTargetPlatform (63)
[2018.01.25-11.01.56:547][228]LogModuleManager: Shutting down and abandoning module InputCore (60)
[2018.01.25-11.01.56:547][228]LogModuleManager: Shutting down and abandoning module Settings (58)
[2018.01.25-11.01.56:547][228]LogModuleManager: Shutting down and abandoning module OculusRift (56)
[2018.01.25-11.01.56:547][228]LogModuleManager: Shutting down and abandoning module GearVRController (54)
[2018.01.25-11.01.56:547][228]LogModuleManager: Shutting down and abandoning module GearVR (52)
[2018.01.25-11.01.56:547][228]LogModuleManager: Shutting down and abandoning module ExampleDeviceProfileSelector (50)
[2018.01.25-11.01.56:547][228]LogModuleManager: Shutting down and abandoning module OnlineBlueprintSupport (48)
[2018.01.25-11.01.56:547][228]LogModuleManager: Shutting down and abandoning module OnlineSubsystem (44)
[2018.01.25-11.01.56:547][228]LogOnline:Display: Unloading online subsystem: NULL
[2018.01.25-11.01.56:548][228]LogModuleManager: Shutting down and abandoning module XMPP (43)
[2018.01.25-11.01.56:549][228]LogModuleManager: Shutting down and abandoning module HTTP (41)
[2018.01.25-11.01.56:549][228]LogHttp:Display: Http module shutting down, but needs to wait on 1 outstanding Http requests:
[2018.01.25-11.01.56:549][228]LogHttp:Display: 	verb=[POST] url=[https://datarouter.ol.epicgames.com/datarouter/api/v1/public/data?SessionID=%7B7FF641AE-4BD9-8DE5-359C-EDB25206B451%7D&AppID=UEEditor.Rocket.Release&AppVersion=4.16.3-3561208%2B%2B%2BUE4%2BRelease-4.16&UserID=f2ee2cd141fd990cd7bc44856aa9a1ea%7C3996f32fd2fe4f04a289bdcb1f9016df%7Cd35f91c7-4e6c-478a-b9f5-ce22f1949bcb&AppEnvironment=datacollector-binary&UploadType=eteventstream] status=Processing
[2018.01.25-11.01.56:556][228]LogModuleManager: Shutting down and abandoning module SSL (40)
[2018.01.25-11.01.56:558][228]LogModuleManager: Shutting down and abandoning module HTTPChunkInstaller (36)
[2018.01.25-11.01.56:558][228]LogModuleManager: Shutting down and abandoning module AnimationModifiers (34)
[2018.01.25-11.01.56:559][228]LogModuleManager: Shutting down and abandoning module PropertyEditor (33)
[2018.01.25-11.01.56:559][228]LogModuleManager: Shutting down and abandoning module AudioEditor (30)
[2018.01.25-11.01.56:559][228]LogModuleManager: Shutting down and abandoning module TextureCompressor (28)
[2018.01.25-11.01.56:560][228]LogModuleManager: Shutting down and abandoning module ShaderCore (26)
[2018.01.25-11.01.56:560][228]LogModuleManager: Shutting down and abandoning module Landscape (24)
[2018.01.25-11.01.56:560][228]LogModuleManager: Shutting down and abandoning module SlateRHIRenderer (22)
[2018.01.25-11.01.56:561][228]LogModuleManager: Shutting down and abandoning module OpenGLDrv (20)
[2018.01.25-11.01.56:561][228]LogModuleManager: Shutting down and abandoning module D3D11RHI (18)
[2018.01.25-11.01.56:561][228]LogModuleManager: Shutting down and abandoning module AnimGraphRuntime (16)
[2018.01.25-11.01.56:561][228]LogModuleManager: Shutting down and abandoning module Renderer (14)
[2018.01.25-11.01.56:561][228]LogModuleManager: Shutting down and abandoning module Engine (12)
[2018.01.25-11.01.56:561][228]LogModuleManager: Shutting down and abandoning module CoreUObject (10)
[2018.01.25-11.01.56:561][228]LogModuleManager: Shutting down and abandoning module NetworkFile (8)
[2018.01.25-11.01.56:561][228]LogModuleManager: Shutting down and abandoning module StreamingFile (6)
[2018.01.25-11.01.56:561][228]LogModuleManager: Shutting down and abandoning module SandboxFile (4)
[2018.01.25-11.01.56:561][228]LogModuleManager: Shutting down and abandoning module PakFile (2)
[2018.01.25-11.01.56:565][228]LogExit: Exiting.
[2018.01.25-11.01.56:580][228]Log file closed, 01/25/18 11:01:56
