Log file open, 11/23/17 23:54:54
LogInit:Display: Running engine for game: RPG_Game
LogPlatformFile: Not using cached read wrapper
LogInit:Display: RandInit(762793081) SRandInit(762793081).
LogTaskGraph: Started task graph with 5 named threads and 8 total threads with 1 sets of task threads.
LogStats: Stats thread started at 0.799137
LogInit: Using libcurl 7.47.1
LogInit:  - built for x86_64-pc-win32
LogInit:  - supports SSL with OpenSSL/1.0.2g
LogInit:  - supports HTTP deflate (compression) using libz 1.2.8
LogInit:  - other features:
LogInit:      CURL_VERSION_SSL
LogInit:      CURL_VERSION_LIBZ
LogInit:      CURL_VERSION_IPV6
LogInit:      CURL_VERSION_ASYNCHDNS
LogInit:      CURL_VERSION_LARGEFILE
LogInit:      CURL_VERSION_IDN
LogInit:  CurlRequestOptions (configurable via config and command line):
LogInit:  - bVerifyPeer = false  - Libcurl will NOT verify peer certificate
LogInit:  - bUseHttpProxy = false  - Libcurl will NOT use HTTP proxy
LogInit:  - bDontReuseConnections = false  - Libcurl will reuse connections
LogInit:  - CertBundlePath = nullptr  - Libcurl will use whatever was configured at build time.
LogInit: Build: ++UE4+Release-4.16-CL-3561208
LogInit: Engine Version: 4.16.3-3561208+++UE4+Release-4.16
LogInit: Compatible Engine Version: 4.16.0-3452394+++UE4+Release-4.16
LogInit: Net CL: 3452394
LogDevObjectVersion: Number of dev versions registered: 16
LogDevObjectVersion:   Dev-Blueprints (B0D832E4-1F89-4F0D-ACCF-7EB736FD4AA2): 9
LogDevObjectVersion:   Dev-Build (E1C64328-A22C-4D53-A36C-8E866417BD8C): 0
LogDevObjectVersion:   Dev-Core (375EC13C-06E4-48FB-B500-84F0262A717E): 2
LogDevObjectVersion:   Dev-Editor (E4B068ED-F494-42E9-A231-DA0B2E46BB41): 17
LogDevObjectVersion:   Dev-Framework (CFFC743F-43B0-4480-9391-14DF171D2073): 23
LogDevObjectVersion:   Dev-Mobile (B02B49B5-BB20-44E9-A304-32B752E40360): 0
LogDevObjectVersion:   Dev-Networking (A4E4105C-59A1-49B5-A7C5-40C4547EDFEE): 0
LogDevObjectVersion:   Dev-Online (39C831C9-5AE6-47DC-9A44-9C173E1C8E7C): 0
LogDevObjectVersion:   Dev-Physics (78F01B33-EBEA-4F98-B9B4-84EACCB95AA2): 0
LogDevObjectVersion:   Dev-Platform (6631380F-2D4D-43E0-8009-CF276956A95A): 0
LogDevObjectVersion:   Dev-Rendering (12F88B9F-8875-4AFC-A67C-D90C383ABD29): 15
LogDevObjectVersion:   Dev-Sequencer (7B5AE74C-D270-4C10-A958-57980B212A5A): 4
LogDevObjectVersion:   Dev-VR (D7296918-1DD6-4BDD-9DE2-64A83CC13884): 0
LogDevObjectVersion:   Dev-LoadTimes (C2A15278-BFE7-4AFE-6C17-90FF531DF755): 1
LogDevObjectVersion:   Private-Geometry (6EACA3D4-40EC-4CC1-B786-8BED09428FC5): 1
LogDevObjectVersion:   Dev-AnimPhys (29E575DD-E0A3-4627-9D10-D276232CDCEA): 3
LogInit: Compiled (64-bit): Jul 28 2017 11:49:47
LogInit: Compiled with Visual C++: 19.00.24215.01
LogInit: Build Configuration: Development
LogInit: Branch Name: ++UE4+Release-4.16
LogInit: Command line:  
LogInit: Base directory: F:/UE/UE_4.16/Engine/Binaries/Win64/
LogInit: Installed Engine Build: 1
LogInit: Presizing for max 8388607 objects, including 0 objects not considered by GC, pre-allocating 0 bytes for permanent pool.
LogInit: Object subsystem initialized
[2017.11.23-23.54.54:676][  0]LogInit: Selected Device Profile: [Windows]
[2017.11.23-23.54.54:676][  0]LogInit: Applying CVar settings loaded from the selected device profile: [Windows]
[2017.11.23-23.54.54:687][  0]LogInit: Computer: RYAN-PC
[2017.11.23-23.54.54:687][  0]LogInit: User: Ryan
[2017.11.23-23.54.54:687][  0]LogInit: CPU Page size=4096, Cores=4
[2017.11.23-23.54.54:687][  0]LogInit: High frequency timer resolution =3.417996 MHz
[2017.11.23-23.54.54:688][  0]LogMemory: Memory total: Physical=7.9GB (8GB approx)
[2017.11.23-23.54.54:688][  0]LogMemory: Platform Memory Stats for Windows
[2017.11.23-23.54.54:688][  0]LogMemory: Process Physical Memory: 273.77 MB used, 273.77 MB peak
[2017.11.23-23.54.54:688][  0]LogMemory: Process Virtual Memory: 261.13 MB used, 261.13 MB peak
[2017.11.23-23.54.54:688][  0]LogMemory: Physical Memory: 3430.64 MB used,  4707.23 MB free, 8137.87 MB total
[2017.11.23-23.54.54:688][  0]LogMemory: Virtual Memory: 638.62 MB used,  4707.23 MB free, 134217728.00 MB total
[2017.11.23-23.54.55:011][  0]LogInit: Using OS detected language (en-GB).
[2017.11.23-23.54.55:011][  0]LogInit: Using OS detected locale (en-GB).
[2017.11.23-23.54.55:024][  0]LogTextLocalizationManager: No specific localization for 'en-GB' exists, so the 'en' localization will be used.
[2017.11.23-23.54.56:135][  0]LogD3D11RHI: D3D11 adapters:
[2017.11.23-23.54.56:208][  0]LogD3D11RHI:    0. 'NVIDIA GeForce GTX 1080' (Feature Level 11_0)
[2017.11.23-23.54.56:208][  0]LogD3D11RHI:       8091/0/4068 MB DedicatedVideo/DedicatedSystem/SharedSystem, Outputs:2, VendorId:0x10de
[2017.11.23-23.54.56:212][  0]LogD3D11RHI:    1. 'Microsoft Basic Render Driver' (Feature Level 11_0)
[2017.11.23-23.54.56:212][  0]LogD3D11RHI:       0/0/4068 MB DedicatedVideo/DedicatedSystem/SharedSystem, Outputs:0, VendorId:0x1414
[2017.11.23-23.54.56:212][  0]LogD3D11RHI: Chosen D3D11 Adapter: 0
[2017.11.23-23.54.56:216][  0]LogD3D11RHI: Creating new Direct3DDevice
[2017.11.23-23.54.56:217][  0]LogD3D11RHI:     GPU DeviceId: 0x1b80 (for the marketing name, search the web for "GPU Device Id")
[2017.11.23-23.54.56:217][  0]LogWindows: EnumDisplayDevices:
[2017.11.23-23.54.56:217][  0]LogWindows:    0. 'NVIDIA GeForce GTX 1080' (P:1 D:1)
[2017.11.23-23.54.56:217][  0]LogWindows:    1. 'NVIDIA GeForce GTX 1080' (P:0 D:1)
[2017.11.23-23.54.56:217][  0]LogWindows:    2. 'NVIDIA GeForce GTX 1080' (P:0 D:0)
[2017.11.23-23.54.56:217][  0]LogWindows:    3. 'NVIDIA GeForce GTX 1080' (P:0 D:0)
[2017.11.23-23.54.56:217][  0]LogWindows: DebugString: FoundDriverCount:4 
[2017.11.23-23.54.56:217][  0]LogD3D11RHI:     Adapter Name: NVIDIA GeForce GTX 1080
[2017.11.23-23.54.56:218][  0]LogD3D11RHI:   Driver Version: 388.13 (internal:23.21.13.8813, unified:388.13)
[2017.11.23-23.54.56:218][  0]LogD3D11RHI:      Driver Date: 10-27-2017
[2017.11.23-23.54.56:218][  0]LogRHI: Texture pool is 1361 MB (70% of 1945 MB)
[2017.11.23-23.54.56:247][  0]LogD3D11RHI: Async texture creation enabled
[2017.11.23-23.54.56:294][  0]LogD3D11RHI: GPU Timing Frequency: 1000.000000 (Debug: 2 1)
[2017.11.23-23.54.56:351][  0]LogShaderCompilers: Guid format shader working directory is -3 characters bigger than the processId version (../../../../../GitDownloaded/FMP_RPG_Game_Charm/Intermediate/Shaders/WorkingDirectory/14080/).
[2017.11.23-23.54.56:351][  0]LogShaderCompilers: Cleaned the shader compiler working directory 'C:/Users/Ryan/AppData/Local/Temp/UnrealShaderWorkingDir/54BB7E1148D851E286FF99AA916AA4BA/'.
[2017.11.23-23.54.56:352][  0]LogShaderCompilers:Display: Using Local Shader Compiler.
[2017.11.23-23.54.57:628][  0]LogTemp:Display: Loaded TP AllDesktopTargetPlatform
[2017.11.23-23.54.57:671][  0]LogTemp:Display: Loaded TP MacClientTargetPlatform
[2017.11.23-23.54.57:715][  0]LogTemp:Display: Loaded TP MacNoEditorTargetPlatform
[2017.11.23-23.54.57:762][  0]LogTemp:Display: Loaded TP MacServerTargetPlatform
[2017.11.23-23.54.57:811][  0]LogTemp:Display: Loaded TP MacTargetPlatform
[2017.11.23-23.54.57:857][  0]LogTemp:Display: Loaded TP WindowsClientTargetPlatform
[2017.11.23-23.54.57:905][  0]LogTemp:Display: Loaded TP WindowsNoEditorTargetPlatform
[2017.11.23-23.54.57:950][  0]LogTemp:Display: Loaded TP WindowsServerTargetPlatform
[2017.11.23-23.54.57:991][  0]LogTemp:Display: Loaded TP WindowsTargetPlatform
[2017.11.23-23.54.58:035][  0]LogTemp:Display: Loaded TP AndroidTargetPlatform
[2017.11.23-23.54.58:081][  0]LogTemp:Display: Loaded TP Android_ASTCTargetPlatform
[2017.11.23-23.54.58:125][  0]LogTemp:Display: Loaded TP Android_ATCTargetPlatform
[2017.11.23-23.54.58:176][  0]LogTemp:Display: Loaded TP Android_DXTTargetPlatform
[2017.11.23-23.54.58:227][  0]LogTemp:Display: Loaded TP Android_ETC1TargetPlatform
[2017.11.23-23.54.58:275][  0]LogTemp:Display: Loaded TP Android_ETC2TargetPlatform
[2017.11.23-23.54.58:371][  0]LogTemp:Display: Loaded TP Android_MultiTargetPlatform
[2017.11.23-23.54.58:371][  0]LogTemp:Display: Loaded TP Android_PVRTCTargetPlatform
[2017.11.23-23.54.58:409][  0]LogTemp:Display: Loaded TP HTML5TargetPlatform
[2017.11.23-23.54.58:504][  0]LogTemp:Display: Loaded TP IOSTargetPlatform
[2017.11.23-23.54.58:531][  0]LogTemp:Display: Loaded TP TVOSTargetPlatform
[2017.11.23-23.54.58:590][  0]LogTemp:Display: Loaded TP LinuxClientTargetPlatform
[2017.11.23-23.54.58:635][  0]LogTemp:Display: Loaded TP LinuxNoEditorTargetPlatform
[2017.11.23-23.54.58:680][  0]LogTemp:Display: Loaded TP LinuxServerTargetPlatform
[2017.11.23-23.54.58:728][  0]LogTemp:Display: Loaded TP LinuxTargetPlatform
[2017.11.23-23.54.58:728][  0]LogTargetPlatformManager:Display: Building Assets For Windows
[2017.11.23-23.54.59:305][  0]LogDerivedDataCache:Display: Max Cache Size: 512 MB
[2017.11.23-23.54.59:768][  0]LogDerivedDataCache: Loaded boot cache 0.46s 90MB C:/Users/Ryan/AppData/Local/UnrealEngine/4.16/DerivedDataCache/Boot.ddc.
[2017.11.23-23.54.59:769][  0]LogDerivedDataCache:Display: Loaded Boot cache: C:/Users/Ryan/AppData/Local/UnrealEngine/4.16/DerivedDataCache/Boot.ddc
[2017.11.23-23.54.59:769][  0]LogDerivedDataCache: FDerivedDataBackendGraph:  Pak pak cache file ../../../../../GitDownloaded/FMP_RPG_Game_Charm/DerivedDataCache/DDC.ddp not found, will not use a pak cache.
[2017.11.23-23.54.59:769][  0]LogDerivedDataCache: Unable to find inner node Pak for hierarchical cache Hierarchy.
[2017.11.23-23.54.59:769][  0]LogDerivedDataCache: FDerivedDataBackendGraph:  CompressedPak pak cache file ../../../../../GitDownloaded/FMP_RPG_Game_Charm/DerivedDataCache/Compressed.ddp not found, will not use a pak cache.
[2017.11.23-23.54.59:769][  0]LogDerivedDataCache: Unable to find inner node CompressedPak for hierarchical cache Hierarchy.
[2017.11.23-23.54.59:791][  0]LogDerivedDataCache:Display: Pak cache opened for reading ../../../Engine/DerivedDataCache/Compressed.ddp.
[2017.11.23-23.54.59:803][  0]LogDerivedDataCache: Using Local data cache path C:/Users/Ryan/AppData/Local/UnrealEngine/Common/DerivedDataCache: Writable
[2017.11.23-23.54.59:819][  0]LogMaterial: Verifying Global Shaders for PCD3D_SM5
[2017.11.23-23.54.59:825][  0]LogSlate: Using Freetype 2.6.0
[2017.11.23-23.54.59:830][  0]LogSlate: SlateFontCache - WITH_FREETYPE: 1, WITH_HARFBUZZ: 1
[2017.11.23-23.54.59:830][  0]LogSlate: SlateFontCache - WITH_FREETYPE: 1, WITH_HARFBUZZ: 1
[2017.11.23-23.55.00:753][  0]LogInit: Selected Device Profile: [Windows]
[2017.11.23-23.55.00:937][  0]LogContentStreaming: Texture pool size is 0.00 MB
[2017.11.23-23.55.01:174][  0]LogMeshUtilities: Using QuadricMeshReduction for automatic static mesh reduction
[2017.11.23-23.55.01:229][  0]LogSimplygon: Simplygon DLL not present - disabling.
[2017.11.23-23.55.01:284][  0]LogMeshUtilities: Using SimplygonSwarm for distributed automatic mesh merging
[2017.11.23-23.55.01:284][  0]LogMeshUtilities: No automatic skeletal mesh reduction module available
[2017.11.23-23.55.01:284][  0]LogMeshUtilities: No automatic mesh merging module available
[2017.11.23-23.55.02:229][  0]LogNetVersion: RPG_Game , NetCL: 3452394, EngineNetVer: 2, GameNetVer: 0 (Checksum: 2586067795)
[2017.11.23-23.55.02:318][  0]LogAssetRegistry: FAssetRegistry took 0.0287 seconds to start up
[2017.11.23-23.55.02:376][  0]LogPackageLocalizationCache: Processed 4 localized package path(s) for 2 prioritized culture(s) in 0.033958 seconds
[2017.11.23-23.55.02:381][  0]LogUObjectArray: 34194 objects as part of root set at end of initial load.
[2017.11.23-23.55.02:381][  0]LogUObjectAllocator: 7260424 out of 0 bytes used by permanent object pool.
[2017.11.23-23.55.02:381][  0]LogUObjectArray: CloseDisregardForGC: 0/0 objects in disregard for GC pool
[2017.11.23-23.55.02:439][  0]LogInit: WinSock: version 1.1 (2.2), MaxSocks=32767, MaxUdp=65467
[2017.11.23-23.55.06:043][  0]LogTcpMessaging: Initializing TcpMessaging bridge
[2017.11.23-23.55.06:095][  0]LogUdpMessaging: Initializing bridge on interface 0.0.0.0:0 to multicast group 230.0.0.1:6666.
[2017.11.23-23.55.06:860][  0]LogMaterial: Uniform references updated for custom material expression Custom.
[2017.11.23-23.55.07:475][  0]SourceControl: Info Source control is disabled
[2017.11.23-23.55.09:510][  0]LogAndroidPermission: UAndroidPermissionCallbackProxy::GetInstance
[2017.11.23-23.55.10:332][  0]LogEngine: Initializing Engine...
[2017.11.23-23.55.10:613][  0]LogHMD: Failed to initialize OpenVR with code 126
[2017.11.23-23.55.10:882][  0]LogStats: UGameplayTagsManager::ConstructGameplayTagTree: Construct from data asset -  0.000 s
[2017.11.23-23.55.10:883][  0]LogStats: UGameplayTagsManager::ConstructGameplayTagTree: GameplayTagTreeChangedEvent.Broadcast -  0.000 s
[2017.11.23-23.55.11:136][  0]LogAIModule: Creating AISystem for world Untitled
[2017.11.23-23.55.11:190][  0]LogInit: XAudio2 using 'Headset Earphone (Corsair VOID PRO USB Gaming Headset )' : 2 channels at 44.1 kHz using 16 bits per sample (channel mask 0x3)
[2017.11.23-23.55.11:221][  0]LogInit: FAudioDevice initialized.
[2017.11.23-23.55.11:274][  0]LogDerivedDataCache: Saved boot cache 0.05s 90MB C:/Users/Ryan/AppData/Local/UnrealEngine/4.16/DerivedDataCache/Boot.ddc.
[2017.11.23-23.55.11:279][  0]LogInit: Texture streaming: Enabled
[2017.11.23-23.55.11:410][  0]LogEngineSessionManager: EngineSessionManager initialized
[2017.11.23-23.55.11:771][  0]LogInit: Transaction tracking system initialized
[2017.11.23-23.55.12:199][  0]BlueprintLog: New page: Editor Load
[2017.11.23-23.55.13:767][  0]LocalizationService: Info Localization service is disabled
[2017.11.23-23.55.14:808][  0]LogConsoleResponse:Display: 
[2017.11.23-23.55.15:109][  0]LogCook:Display: Max memory allowance for cook 16384mb min free memory 0mb
[2017.11.23-23.55.15:110][  0]LogCook:Display: Mobile HDR setting 1
[2017.11.23-23.55.15:796][  0]LogFileCache: Scanning file cache for directory 'F:/GitDownloaded/FMP_RPG_Game_Charm/Content/' took 0.05s
[2017.11.23-23.55.17:203][  0]Cmd: MAP LOAD FILE="../../../../../GitDownloaded/FMP_RPG_Game_Charm/Content/ThirdPersonBP/Maps/Tutorial.umap" TEMPLATE=0 SHOWPROGRESS=1 FEATURELEVEL=3
[2017.11.23-23.55.17:207][  0]LightingResults: New page: Lighting Build
[2017.11.23-23.55.17:280][  0]MapCheck: New page: Map Check
[2017.11.23-23.55.17:280][  0]LightingResults: New page: Lighting Build
[2017.11.23-23.55.17:633][  0]LogBlueprint:Warning: [Compiler ThirdPersonCharacter] Warning InputAction Event references unknown Action 'ResetVR' for  InputAction ResetVR
[2017.11.23-23.55.17:633][  0]LogBlueprint:Warning: [Compiler ThirdPersonCharacter] Warning Input Axis Event references unknown Axis 'LookUpRate' for  InputAxis LookUpRate
[2017.11.23-23.55.17:634][  0]LogBlueprint:Warning: [Compiler ThirdPersonCharacter] Warning Input Axis Event references unknown Axis 'TurnRate' for  InputAxis TurnRate
[2017.11.23-23.55.17:634][  0]LogBlueprint:Warning: [Compiler ThirdPersonCharacter] Warning Input Axis Event references unknown Axis 'LookUp' for  InputAxis LookUp
[2017.11.23-23.55.17:635][  0]LogBlueprint:Warning: [Compiler ThirdPersonCharacter] Warning Input Axis Event references unknown Axis 'Turn' for  InputAxis Turn
[2017.11.23-23.55.17:635][  0]LogBlueprint:Warning: [Compiler ThirdPersonCharacter] Warning Input Axis Event references unknown Axis 'MoveRight' for  InputAxis MoveRight
[2017.11.23-23.55.17:635][  0]LogBlueprint:Warning: [Compiler ThirdPersonCharacter] Warning Input Axis Event references unknown Axis 'MoveForward' for  InputAxis MoveForward
[2017.11.23-23.55.17:640][  0]LogBlueprint:Warning: [Compiler ThirdPersonCharacter] Warning [0025.87] Compile of ThirdPersonCharacter successful, but with 7 Warning(s) [in 18 ms] (/Game/ThirdPersonBP/Blueprints/ThirdPersonCharacter.ThirdPersonCharacter)
[2017.11.23-23.55.17:640][  0]LogBlueprint:Warning: [Compiler ThirdPersonCharacter] Warning [0025.87] Compile of ThirdPersonCharacter successful, but with 8 Warning(s) [in 0 ms] (/Game/ThirdPersonBP/Blueprints/ThirdPersonCharacter.ThirdPersonCharacter)
[2017.11.23-23.55.17:641][  0]LogBlueprint:Warning: [Compiler ThirdPersonCharacter] Warning [0025.87] Compile of ThirdPersonCharacter successful, but with 9 Warning(s) [in 0 ms] (/Game/ThirdPersonBP/Blueprints/ThirdPersonCharacter.ThirdPersonCharacter)
[2017.11.23-23.55.17:650][  0]LogBlueprint:Warning: [Compiler ThirdPersonCharacter] Warning InputAction Event references unknown Action 'ResetVR' for  InputAction ResetVR
[2017.11.23-23.55.17:650][  0]LogBlueprint:Warning: [Compiler ThirdPersonCharacter] Warning Input Axis Event references unknown Axis 'LookUpRate' for  InputAxis LookUpRate
[2017.11.23-23.55.17:650][  0]LogBlueprint:Warning: [Compiler ThirdPersonCharacter] Warning Input Axis Event references unknown Axis 'TurnRate' for  InputAxis TurnRate
[2017.11.23-23.55.17:650][  0]LogBlueprint:Warning: [Compiler ThirdPersonCharacter] Warning Input Axis Event references unknown Axis 'LookUp' for  InputAxis LookUp
[2017.11.23-23.55.17:651][  0]LogBlueprint:Warning: [Compiler ThirdPersonCharacter] Warning Input Axis Event references unknown Axis 'Turn' for  InputAxis Turn
[2017.11.23-23.55.17:651][  0]LogBlueprint:Warning: [Compiler ThirdPersonCharacter] Warning Input Axis Event references unknown Axis 'MoveRight' for  InputAxis MoveRight
[2017.11.23-23.55.17:651][  0]LogBlueprint:Warning: [Compiler ThirdPersonCharacter] Warning Input Axis Event references unknown Axis 'MoveForward' for  InputAxis MoveForward
[2017.11.23-23.55.17:657][  0]LogBlueprint:Warning: [Compiler ThirdPersonCharacter] Warning [0025.89] Compile of ThirdPersonCharacter successful, but with 7 Warning(s) [in 11 ms] (/Game/ThirdPersonBP/Blueprints/ThirdPersonCharacter.ThirdPersonCharacter)
[2017.11.23-23.55.17:657][  0]LogBlueprint:Warning: [Compiler ThirdPersonCharacter] Warning [0025.89] Compile of ThirdPersonCharacter successful, but with 8 Warning(s) [in 0 ms] (/Game/ThirdPersonBP/Blueprints/ThirdPersonCharacter.ThirdPersonCharacter)
[2017.11.23-23.55.17:657][  0]LogBlueprint:Warning: [Compiler ThirdPersonCharacter] Warning [0025.89] Compile of ThirdPersonCharacter successful, but with 9 Warning(s) [in 0 ms] (/Game/ThirdPersonBP/Blueprints/ThirdPersonCharacter.ThirdPersonCharacter)
[2017.11.23-23.55.18:597][  0]LogAIModule: Creating AISystem for world Tutorial
[2017.11.23-23.55.18:703][  0]LogEditorServer: Finished looking for orphan Actors (0.000 secs)
[2017.11.23-23.55.18:728][  0]Cmd: MAP CHECKDEP NOCLEARLOG
[2017.11.23-23.55.18:826][  0]MapCheck: Info Map check complete: 0 Error(s), 0 Warning(s), took 97.532ms to complete.
[2017.11.23-23.55.18:826][  0]LogFileHelpers: Loading map 'Tutorial' took 1.626
[2017.11.23-23.55.19:159][  0]LogCollectionManager: Loaded 0 collections in 0.002521 seconds
[2017.11.23-23.55.19:285][  0]LogFileCache: Scanning file cache for directory 'F:/GitDownloaded/FMP_RPG_Game_Charm/Saved/Collections/' took 0.01s
[2017.11.23-23.55.19:285][  0]LogFileCache: Scanning file cache for directory 'F:/GitDownloaded/FMP_RPG_Game_Charm/Content/Developers/Ryan/Collections/' took 0.01s
[2017.11.23-23.55.19:285][  0]LogFileCache: Scanning file cache for directory 'F:/GitDownloaded/FMP_RPG_Game_Charm/Content/Collections/' took 0.01s
[2017.11.23-23.55.19:285][  0]LogCollectionManager: Rebuilt the GUID cache for 0 collections in 0.000001 seconds
[2017.11.23-23.55.19:300][  0]LogContentBrowser: Native class hierarchy populated in 0.0128 seconds. Added 2329 classes and 491 folders.
[2017.11.23-23.55.19:367][  0]LogContentBrowser: Native class hierarchy updated for 'WidgetCarousel' in 0.0007 seconds. Added 0 classes and 0 folders.
[2017.11.23-23.55.19:527][  0]LogContentBrowser: Native class hierarchy updated for 'AddContentDialog' in 0.0005 seconds. Added 0 classes and 0 folders.
[2017.11.23-23.55.19:578][  0]LogContentBrowser: Native class hierarchy updated for 'SceneOutliner' in 0.0006 seconds. Added 1 classes and 2 folders.
[2017.11.23-23.55.19:776][  0]LogCrashTracker: Crashtracker disabled due to settings.
[2017.11.23-23.55.20:734][  0]LogSlate: Only BGRA pngs, bmps or icos are supported in by External Image Picker
[2017.11.23-23.55.20:764][  0]LogSlate: Took 0.001562 seconds to synchronously load lazily loaded font '../../../Engine/Content/Slate/Fonts/Roboto-Regular.ttf' (155K)
[2017.11.23-23.55.20:769][  0]LogSlate: Took 0.001676 seconds to synchronously load lazily loaded font '../../../Engine/Content/Slate/Fonts/Roboto-Bold.ttf' (160K)
[2017.11.23-23.55.20:782][  0]LogTemp: Executing iPhonePackager certificates Engine -bundlename com.YourCompany.RPGGame
[2017.11.23-23.55.20:782][  0]LogTemp: CWD: F:\UE\UE_4.16\Engine\Binaries\DotNET\IOS
[2017.11.23-23.55.20:782][  0]LogTemp: Initial Dir: F:\UE\UE_4.16
[2017.11.23-23.55.20:782][  0]LogTemp: Env CWD: F:\UE\UE_4.16\Engine\Binaries\DotNET\IOS
[2017.11.23-23.55.20:782][  0]LogTemp: BranchPath = RYAN-PC/F/UE/UE_4.16/Engine/Binaries --- GameBranchPath = RYAN-PC/F/UE/UE_4.16/Engine/Binaries
[2017.11.23-23.55.20:782][  0]LogSlate: Took 0.001673 seconds to synchronously load lazily loaded font '../../../Engine/Content/Editor/Slate/Fonts/FontAwesome.ttf' (139K)
[2017.11.23-23.55.20:929][  0]LogTemp: IPP ERROR: Could not find provision directory 'C:\Users\Ryan\AppData\Local/Apple Computer/MobileDevice/Provisioning Profiles/'.
[2017.11.23-23.55.20:929][  0]LogRenderer: Reallocating scene render targets to support 1168x600 NumSamples 1 (Frame:1).
[2017.11.23-23.55.21:111][  0]LogUObjectGlobals:Warning: Failed to find object 'Class None.'
[2017.11.23-23.55.21:185][  0]LogContentBrowser: Native class hierarchy updated for 'HierarchicalLODOutliner' in 0.0006 seconds. Added 1 classes and 2 folders.
[2017.11.23-23.55.21:186][  0]LogLoad: (Engine Initialization) Total time: 29.41 seconds
[2017.11.23-23.55.21:186][  0]LogLoad: (Engine Initialization) Total Blueprint compile time: 0.30 seconds
[2017.11.23-23.55.21:186][  0]LogExternalProfiler: Found external profiler: VSPerf
[2017.11.23-23.55.21:186][  0]LogExternalProfiler: Using external profiler: VSPerf
[2017.11.23-23.55.21:523][  0]LogOcInput: OculusInput pre-init called
[2017.11.23-23.55.21:524][  0]LogHMD: Starting GearVRController plugin
[2017.11.23-23.55.21:559][  0]SourceControl: Info On branch master
[2017.11.23-23.55.21:559][  0]SourceControl: Info Your branch is behind 'origin/master' by 2 commits, and can be fast-forwarded.
[2017.11.23-23.55.21:559][  0]SourceControl: Info   (use "git pull" to update your local branch)
[2017.11.23-23.55.21:559][  0]SourceControl: Info Changes to be committed:
[2017.11.23-23.55.21:559][  0]SourceControl: Info   (use "git reset HEAD <file>..." to unstage)
[2017.11.23-23.55.21:559][  0]SourceControl: Info 	modified:   Content/BJeff.uasset
[2017.11.23-23.55.21:559][  0]SourceControl: Info 	new file:   Content/PlayerCharacter.uasset
[2017.11.23-23.55.21:559][  0]SourceControl: Info 	new file:   Content/RPGGM.uasset
[2017.11.23-23.55.21:559][  0]SourceControl: Info Changes not staged for commit:
[2017.11.23-23.55.21:559][  0]SourceControl: Info   (use "git add/rm <file>..." to update what will be committed)
[2017.11.23-23.55.21:559][  0]SourceControl: Info   (use "git checkout -- <file>..." to discard changes in working directory)
[2017.11.23-23.55.21:559][  0]SourceControl: Info 	modified:   Config/DefaultEngine.ini
[2017.11.23-23.55.21:559][  0]SourceControl: Info 	modified:   Config/DefaultInput.ini
[2017.11.23-23.55.21:559][  0]SourceControl: Info 	modified:   Content/PlayerCharacter.uasset
[2017.11.23-23.55.21:559][  0]SourceControl: Info 	modified:   Content/RPGGM.uasset
[2017.11.23-23.55.21:559][  0]SourceControl: Info 	modified:   Intermediate/AssetRegistryCache/c90e3f55.bin
[2017.11.23-23.55.21:559][  0]SourceControl: Info 	modified:   Intermediate/CachedAssetRegistry.bin
[2017.11.23-23.55.21:559][  0]SourceControl: Info 	modified:   Intermediate/Config/CoalescedSourceConfigs/Engine.ini
[2017.11.23-23.55.21:559][  0]SourceControl: Info 	modified:   Intermediate/Config/CoalescedSourceConfigs/Input.ini
[2017.11.23-23.55.21:559][  0]SourceControl: Info 	modified:   Saved/AutoScreenshot.png
[2017.11.23-23.55.21:559][  0]SourceControl: Info 	deleted:    Saved/Config/CrashReportClient/UE4CC-Windows-0586AF234BC751DB416B6EB486BB3657/CrashReportClient.ini
[2017.11.23-23.55.21:559][  0]SourceControl: Info 	deleted:    Saved/Config/CrashReportClient/UE4CC-Windows-276A1B074F1B53C81318EBB912E39B0A/CrashReportClient.ini
[2017.11.23-23.55.21:559][  0]SourceControl: Info 	deleted:    Saved/Config/CrashReportClient/UE4CC-Windows-2BAA93CD4C4BA9061EA72197D7F042E6/CrashReportClient.ini
[2017.11.23-23.55.21:559][  0]SourceControl: Info 	deleted:    Saved/Config/CrashReportClient/UE4CC-Windows-A5968EE845D98787DAA232B9C02777CA/CrashReportClient.ini
[2017.11.23-23.55.21:559][  0]SourceControl: Info 	deleted:    Saved/Config/CrashReportClient/UE4CC-Windows-AE17849343C67F26CD465CAA3BCF9146/CrashReportClient.ini
[2017.11.23-23.55.21:559][  0]SourceControl: Info 	deleted:    Saved/Config/CrashReportClient/UE4CC-Windows-CDDB26204D7C70267B6E9689D5563577/CrashReportClient.ini
[2017.11.23-23.55.21:559][  0]SourceControl: Info 	deleted:    Saved/Config/CrashReportClient/UE4CC-Windows-F9975D71411ECE7F47FA80A480C9E336/CrashReportClient.ini
[2017.11.23-23.55.21:559][  0]SourceControl: Info 	modified:   Saved/Config/Windows/EditorPerProjectUserSettings.ini
[2017.11.23-23.55.21:559][  0]SourceControl: Info 	modified:   Saved/Config/Windows/Engine.ini
[2017.11.23-23.55.21:559][  0]SourceControl: Info 	deleted:    Saved/Logs/RPG_Game-backup-2017.11.13-15.52.00.log
[2017.11.23-23.55.21:559][  0]SourceControl: Info 	deleted:    Saved/Logs/RPG_Game-backup-2017.11.14-13.10.02.log
[2017.11.23-23.55.21:559][  0]SourceControl: Info 	deleted:    Saved/Logs/RPG_Game-backup-2017.11.14-16.21.38.log
[2017.11.23-23.55.21:559][  0]SourceControl: Info 	deleted:    Saved/Logs/RPG_Game-backup-2017.11.15-09.10.05.log
[2017.11.23-23.55.21:559][  0]SourceControl: Info 	deleted:    Saved/Logs/RPG_Game-backup-2017.11.15-19.35.53.log
[2017.11.23-23.55.21:559][  0]SourceControl: Info 	deleted:    Saved/Logs/RPG_Game-backup-2017.11.15-20.44.04.log
[2017.11.23-23.55.21:559][  0]SourceControl: Info 	deleted:    Saved/Logs/RPG_Game-backup-2017.11.16-21.25.33.log
[2017.11.23-23.55.21:559][  0]SourceControl: Info 	deleted:    Saved/Logs/RPG_Game-backup-2017.11.18-21.38.09.log
[2017.11.23-23.55.21:560][  0]SourceControl: Info 	deleted:    Saved/Logs/RPG_Game-backup-2017.11.18-22.08.59.log
[2017.11.23-23.55.21:560][  0]SourceControl: Info 	modified:   Saved/Logs/RPG_Game.log
[2017.11.23-23.55.21:560][  0]SourceControl: Info Untracked files:
[2017.11.23-23.55.21:560][  0]SourceControl: Info   (use "git add <file>..." to include in what will be committed)
[2017.11.23-23.55.21:560][  0]SourceControl: Info 	Saved/Autosaves/Game/PlayerCharacter_Auto1.uasset
[2017.11.23-23.55.21:560][  0]SourceControl: Info 	Saved/Autosaves/Game/PlayerCharacter_Auto2.uasset
[2017.11.23-23.55.21:560][  0]SourceControl: Info 	Saved/Autosaves/Game/PlayerCharacter_Auto3.uasset
[2017.11.23-23.55.21:560][  0]SourceControl: Info 	Saved/Backup/BJeff_2017-11-23-21-58-57.uasset
[2017.11.23-23.55.21:560][  0]SourceControl: Info 	Saved/Backup/PlayerCharacter_2017-11-23-22-08-22.uasset
[2017.11.23-23.55.21:560][  0]SourceControl: Info 	Saved/Backup/PlayerCharacter_2017-11-23-22-14-43.uasset
[2017.11.23-23.55.21:560][  0]SourceControl: Info 	Saved/Backup/PlayerCharacter_2017-11-23-22-23-41.uasset
[2017.11.23-23.55.21:560][  0]SourceControl: Info 	Saved/Backup/PlayerCharacter_2017-11-23-22-28-53.uasset
[2017.11.23-23.55.21:560][  0]SourceControl: Info 	Saved/Backup/PlayerCharacter_2017-11-23-22-38-01.uasset
[2017.11.23-23.55.21:560][  0]SourceControl: Info 	Saved/Backup/PlayerCharacter_2017-11-23-22-43-29.uasset
[2017.11.23-23.55.21:560][  0]SourceControl: Info 	Saved/Backup/PlayerCharacter_2017-11-23-22-48-42.uasset
[2017.11.23-23.55.21:560][  0]SourceControl: Info 	Saved/Backup/PlayerCharacter_2017-11-23-22-54-20.uasset
[2017.11.23-23.55.21:560][  0]SourceControl: Info 	Saved/Backup/PlayerCharacter_2017-11-23-23-03-03.uasset
[2017.11.23-23.55.21:560][  0]SourceControl: Info 	Saved/Backup/RPGGM_2017-11-23-22-20-57.uasset
[2017.11.23-23.55.21:560][  0]SourceControl: Info 	Saved/Config/CrashReportClient/UE4CC-Windows-CFC21D204B0434B26D753780BEB171D1/
[2017.11.23-23.55.21:560][  0]SourceControl: Info 	Saved/Config/CrashReportClient/UE4CC-Windows-E0F274D04CC7E3C39E227EA126D23E68/
[2017.11.23-23.55.21:560][  0]SourceControl: Info 	Saved/Config/CrashReportClient/UE4CC-Windows-F557218346A08499584E1F9CBDCB2336/
[2017.11.23-23.55.21:560][  0]SourceControl: Info 	Saved/Logs/RPG_Game-backup-2017.11.23-21.57.24.log
[2017.11.23-23.55.21:560][  0]SourceControl: Info 	Saved/Logs/RPG_Game-backup-2017.11.23-23.54.54.log
[2017.11.23-23.55.21:560][  0]SourceControl: Info 	Saved/Logs/RPG_Game_2.log
[2017.11.23-23.55.21:561][  0]LogContentStreaming: Texture pool size now 1000 MB
[2017.11.23-23.55.21:615][  0]LogSlate: Took 0.001472 seconds to synchronously load lazily loaded font '../../../Engine/Content/Slate/Fonts/Roboto-Light.ttf' (159K)
[2017.11.23-23.55.21:692][  2]LogAssetRegistry: Asset discovery search completed in 19.3958 seconds
[2017.11.23-23.55.21:696][  2]LogCollectionManager: Rebuilt the object cache for 0 collections in 0.000001 seconds (found 0 objects)
[2017.11.23-23.55.21:696][  2]LogCollectionManager: Fixed up redirectors for 0 collections in 0.000083 seconds (updated 0 objects)
[2017.11.23-23.55.22:808][ 51]LogSlate: Took 0.000217 seconds to synchronously load lazily loaded font '../../../Engine/Content/Slate/Fonts/Roboto-Light.ttf' (159K)
[2017.11.23-23.57.06:559][558]LogSlate: Took 0.000229 seconds to synchronously load lazily loaded font '../../../Engine/Content/Slate/Fonts/Roboto-Light.ttf' (159K)
[2017.11.23-23.57.06:986][558]LogContentBrowser: Native class hierarchy updated for 'BlueprintGraph' in 0.0010 seconds. Added 112 classes and 0 folders.
[2017.11.23-23.57.07:660][558]LogSlate: Took 0.000181 seconds to synchronously load lazily loaded font '../../../Engine/Content/Slate/Fonts/Roboto-Regular.ttf' (155K)
[2017.11.23-23.57.07:761][558]LogSlate: Took 0.002023 seconds to synchronously load lazily loaded font '../../../Engine/Content/Editor/Slate/Fonts/Roboto-BoldCondensed.ttf' (158K)
[2017.11.23-23.57.07:886][559]LogSlate: Took 0.001632 seconds to synchronously load lazily loaded font '../../../Engine/Content/Editor/Slate/Fonts/Roboto-Italic.ttf' (157K)
[2017.11.23-23.57.11:283][880]LogWindowsTextInputMethodSystem:Display: IME system now deactivated.
[2017.11.23-23.57.11:454][881]Cmd: QUIT_EDITOR
[2017.11.23-23.57.11:482][881]LogExit: Preparing to exit.
[2017.11.23-23.57.12:267][881]LogDirectoryWatcher: A directory notification for 'F:/GitDownloaded/FMP_RPG_Game_Charm/Content/' was aborted.
[2017.11.23-23.57.12:296][881]LogExit: Editor shut down
[2017.11.23-23.57.12:298][881]LogExit: Transaction tracking system shut down
[2017.11.23-23.57.12:382][881]LogObj: Freed 0b from 0 cluster array pools.
[2017.11.23-23.57.12:382][881]LogExit: Object subsystem successfully closed.
[2017.11.23-23.57.12:407][881]LogD3D11RHI: Shutdown
[2017.11.23-23.57.12:407][881]LogD3D11RHI: CleanupD3DDevice
[2017.11.23-23.57.12:479][881]LogD3D11RHI: ~FD3D11DynamicRHI
[2017.11.23-23.57.12:487][881]LogModuleManager: Shutting down and abandoning module BlueprintGraph (530)
[2017.11.23-23.57.12:487][881]LogModuleManager: Shutting down and abandoning module BlueprintProfiler (528)
[2017.11.23-23.57.12:488][881]LogModuleManager: Shutting down and abandoning module HierarchicalLODOutliner (526)
[2017.11.23-23.57.12:488][881]LogModuleManager: Shutting down and abandoning module ExternalImagePicker (524)
[2017.11.23-23.57.12:488][881]LogModuleManager: Shutting down and abandoning module CrashTracker (522)
[2017.11.23-23.57.12:488][881]LogModuleManager: Shutting down and abandoning module SceneOutliner (520)
[2017.11.23-23.57.12:488][881]LogModuleManager: Shutting down and abandoning module AddContentDialog (518)
[2017.11.23-23.57.12:488][881]LogDirectoryWatcher: A directory notification for 'F:/UE/UE_4.16/FeaturePacks/' was aborted.
[2017.11.23-23.57.12:489][881]LogModuleManager: Shutting down and abandoning module WidgetCarousel (517)
[2017.11.23-23.57.12:489][881]LogModuleManager: Shutting down and abandoning module EditorWidgets (514)
[2017.11.23-23.57.12:489][881]LogModuleManager: Shutting down and abandoning module CollectionManager (512)
[2017.11.23-23.57.12:489][881]LogDirectoryWatcher: A directory notification for 'F:/GitDownloaded/FMP_RPG_Game_Charm/Content/Collections/' was aborted.
[2017.11.23-23.57.12:489][881]LogDirectoryWatcher: A directory notification for 'F:/GitDownloaded/FMP_RPG_Game_Charm/Content/Developers/Ryan/Collections/' was aborted.
[2017.11.23-23.57.12:489][881]LogDirectoryWatcher: A directory notification for 'F:/GitDownloaded/FMP_RPG_Game_Charm/Saved/Collections/' was aborted.
[2017.11.23-23.57.12:489][881]LogModuleManager: Shutting down and abandoning module StatsViewer (510)
[2017.11.23-23.57.12:489][881]LogModuleManager: Shutting down and abandoning module FoliageEdit (508)
[2017.11.23-23.57.12:489][881]LogModuleManager: Shutting down and abandoning module LandscapeEditor (506)
[2017.11.23-23.57.12:489][881]LogModuleManager: Shutting down and abandoning module MeshPaintMode (504)
[2017.11.23-23.57.12:489][881]LogModuleManager: Shutting down and abandoning module SceneDepthPickerMode (502)
[2017.11.23-23.57.12:489][881]LogModuleManager: Shutting down and abandoning module ActorPickerMode (500)
[2017.11.23-23.57.12:489][881]LogModuleManager: Shutting down and abandoning module GeometryMode (498)
[2017.11.23-23.57.12:489][881]LogModuleManager: Shutting down and abandoning module TextureAlignMode (496)
[2017.11.23-23.57.12:489][881]LogModuleManager: Shutting down and abandoning module BspMode (494)
[2017.11.23-23.57.12:489][881]LogModuleManager: Shutting down and abandoning module HardwareSurvey (492)
[2017.11.23-23.57.12:489][881]LogModuleManager: Shutting down and abandoning module SequenceRecorderSections (490)
[2017.11.23-23.57.12:489][881]LogModuleManager: Shutting down and abandoning module AutomationWorker (488)
[2017.11.23-23.57.12:489][881]LogModuleManager: Shutting down and abandoning module MatineeToLevelSequence (486)
[2017.11.23-23.57.12:489][881]LogModuleManager: Shutting down and abandoning module LevelSequenceEditor (484)
[2017.11.23-23.57.12:489][881]LogModuleManager: Shutting down and abandoning module PlacementMode (483)
[2017.11.23-23.57.12:489][881]LogModuleManager: Shutting down and abandoning module WmfMediaFactory (480)
[2017.11.23-23.57.12:489][881]LogModuleManager: Shutting down and abandoning module WmfMediaEditor (478)
[2017.11.23-23.57.12:489][881]LogModuleManager: Shutting down and abandoning module AvfMediaFactory (476)
[2017.11.23-23.57.12:489][881]LogModuleManager: Shutting down and abandoning module AvfMediaEditor (474)
[2017.11.23-23.57.12:489][881]LogModuleManager: Shutting down and abandoning module AndroidMediaFactory (472)
[2017.11.23-23.57.12:489][881]LogModuleManager: Shutting down and abandoning module Media (471)
[2017.11.23-23.57.12:489][881]LogModuleManager: Shutting down and abandoning module AndroidMediaEditor (468)
[2017.11.23-23.57.12:489][881]LogModuleManager: Shutting down and abandoning module CharacterAI (466)
[2017.11.23-23.57.12:489][881]LogModuleManager: Shutting down and abandoning module AudioCapture (464)
[2017.11.23-23.57.12:489][881]LogModuleManager: Shutting down and abandoning module SequenceRecorder (463)
[2017.11.23-23.57.12:489][881]LogModuleManager: Shutting down and abandoning module SmartSnapping (460)
[2017.11.23-23.57.12:489][881]LogModuleManager: Shutting down and abandoning module SessionServices (458)
[2017.11.23-23.57.12:489][881]LogModuleManager: Shutting down and abandoning module ViewportSnapping (456)
[2017.11.23-23.57.12:489][881]LogModuleManager: Shutting down and abandoning module ViewportInteraction (454)
[2017.11.23-23.57.12:489][881]LogModuleManager: Shutting down and abandoning module ClothPainter (452)
[2017.11.23-23.57.12:490][881]LogModuleManager: Shutting down and abandoning module LogVisualizer (450)
[2017.11.23-23.57.12:490][881]LogModuleManager: Shutting down and abandoning module IntroTutorials (448)
[2017.11.23-23.57.12:490][881]LogModuleManager: Shutting down and abandoning module GameProjectGeneration (447)
[2017.11.23-23.57.12:490][881]LogModuleManager: Shutting down and abandoning module EditorLiveStreaming (444)
[2017.11.23-23.57.12:490][881]LogModuleManager: Shutting down and abandoning module IOSPlatformEditor (442)
[2017.11.23-23.57.12:490][881]LogModuleManager: Shutting down and abandoning module HTML5PlatformEditor (440)
[2017.11.23-23.57.12:490][881]LogModuleManager: Shutting down and abandoning module AndroidPlatformEditor (438)
[2017.11.23-23.57.12:490][881]LogModuleManager: Shutting down and abandoning module AndroidDeviceDetection (437)
[2017.11.23-23.57.13:377][881]LogModuleManager: Shutting down and abandoning module IOSRuntimeSettings (434)
[2017.11.23-23.57.13:377][881]LogModuleManager: Shutting down and abandoning module AndroidRuntimeSettings (432)
[2017.11.23-23.57.13:377][881]LogModuleManager: Shutting down and abandoning module InputBindingEditor (430)
[2017.11.23-23.57.13:377][881]LogModuleManager: Shutting down and abandoning module MergeActors (428)
[2017.11.23-23.57.13:377][881]LogModuleManager: Shutting down and abandoning module SizeMap (426)
[2017.11.23-23.57.13:377][881]LogModuleManager: Shutting down and abandoning module TreeMap (424)
[2017.11.23-23.57.13:377][881]LogModuleManager: Shutting down and abandoning module ReferenceViewer (422)
[2017.11.23-23.57.13:377][881]LogModuleManager: Shutting down and abandoning module LocalizationDashboard (420)
[2017.11.23-23.57.13:377][881]LogModuleManager: Shutting down and abandoning module LocalizationService (419)
[2017.11.23-23.57.13:377][881]LogModuleManager: Shutting down and abandoning module HardwareTargeting (416)
[2017.11.23-23.57.13:377][881]LogModuleManager: Shutting down and abandoning module DeviceProfileEditor (414)
[2017.11.23-23.57.13:377][881]LogModuleManager: Shutting down and abandoning module UndoHistory (412)
[2017.11.23-23.57.13:377][881]LogModuleManager: Shutting down and abandoning module UserFeedback (410)
[2017.11.23-23.57.13:377][881]LogModuleManager: Shutting down and abandoning module XmlParser (408)
[2017.11.23-23.57.13:377][881]LogModuleManager: Shutting down and abandoning module Blutility (406)
[2017.11.23-23.57.13:377][881]LogModuleManager: Shutting down and abandoning module ProjectSettingsViewer (404)
[2017.11.23-23.57.13:377][881]LogModuleManager: Shutting down and abandoning module ProjectTargetPlatformEditor (403)
[2017.11.23-23.57.13:377][881]LogModuleManager: Shutting down and abandoning module EditorSettingsViewer (400)
[2017.11.23-23.57.13:377][881]LogModuleManager: Shutting down and abandoning module SettingsEditor (398)
[2017.11.23-23.57.13:377][881]LogModuleManager: Shutting down and abandoning module ProjectLauncher (396)
[2017.11.23-23.57.13:377][881]LogModuleManager: Shutting down and abandoning module SessionFrontend (394)
[2017.11.23-23.57.13:377][881]LogModuleManager: Shutting down and abandoning module ProfilerClient (392)
[2017.11.23-23.57.13:377][881]LogModuleManager: Shutting down and abandoning module DeviceManager (390)
[2017.11.23-23.57.13:377][881]LogModuleManager: Shutting down and abandoning module TargetDeviceServices (389)
[2017.11.23-23.57.13:430][881]LogModuleManager: Shutting down and abandoning module AutomationController (386)
[2017.11.23-23.57.13:430][881]LogModuleManager: Shutting down and abandoning module AutomationWindow (384)
[2017.11.23-23.57.13:430][881]LogModuleManager: Shutting down and abandoning module Layers (382)
[2017.11.23-23.57.13:430][881]LogModuleManager: Shutting down and abandoning module ComponentVisualizers (380)
[2017.11.23-23.57.13:430][881]LogModuleManager: Shutting down and abandoning module DetailCustomizations (378)
[2017.11.23-23.57.13:430][881]LogModuleManager: Shutting down and abandoning module PackagesDialog (376)
[2017.11.23-23.57.13:430][881]LogModuleManager: Shutting down and abandoning module Persona (374)
[2017.11.23-23.57.13:430][881]LogModuleManager: Shutting down and abandoning module AdvancedPreviewScene (373)
[2017.11.23-23.57.13:430][881]LogModuleManager: Shutting down and abandoning module AnimGraph (371)
[2017.11.23-23.57.13:430][881]LogModuleManager: Shutting down and abandoning module Kismet (368)
[2017.11.23-23.57.13:433][881]LogModuleManager: Shutting down and abandoning module ClassViewer (366)
[2017.11.23-23.57.13:433][881]LogModuleManager: Shutting down and abandoning module Toolbox (364)
[2017.11.23-23.57.13:433][881]LogModuleManager: Shutting down and abandoning module ModuleUI (362)
[2017.11.23-23.57.13:434][881]LogModuleManager: Shutting down and abandoning module MovieSceneTools (360)
[2017.11.23-23.57.13:434][881]LogModuleManager: Shutting down and abandoning module OutputLog (358)
[2017.11.23-23.57.13:434][881]LogModuleManager: Shutting down and abandoning module GammaUI (356)
[2017.11.23-23.57.13:434][881]LogModuleManager: Shutting down and abandoning module Documentation (354)
[2017.11.23-23.57.13:434][881]LogModuleManager: Shutting down and abandoning module MovieSceneTracks (352)
[2017.11.23-23.57.13:434][881]LogModuleManager: Shutting down and abandoning module MovieScene (350)
[2017.11.23-23.57.13:434][881]LogModuleManager: Shutting down and abandoning module Niagara (348)
[2017.11.23-23.57.13:434][881]LogModuleManager: Shutting down and abandoning module NiagaraEditor (347)
[2017.11.23-23.57.13:434][881]LogModuleManager: Shutting down and abandoning module StreamingPauseRendering (344)
[2017.11.23-23.57.13:434][881]LogModuleManager: Shutting down and abandoning module AnalyticsET (342)
[2017.11.23-23.57.13:434][881]LogModuleManager: Shutting down and abandoning module PortalServices (340)
[2017.11.23-23.57.13:434][881]LogModuleManager: Shutting down and abandoning module PortalRpc (338)
[2017.11.23-23.57.13:434][881]LogModuleManager: Shutting down and abandoning module MessagingRpc (336)
[2017.11.23-23.57.13:434][881]LogModuleManager: Shutting down and abandoning module AIModule (334)
[2017.11.23-23.57.13:434][881]LogModuleManager: Shutting down and abandoning module GameplayDebugger (333)
[2017.11.23-23.57.13:434][881]LogModuleManager: Shutting down and abandoning module AITestSuite (331)
[2017.11.23-23.57.13:434][881]LogModuleManager: Shutting down and abandoning module ProfilerService (328)
[2017.11.23-23.57.13:664][881]LogModuleManager: Shutting down and abandoning module TaskGraph (326)
[2017.11.23-23.57.13:664][881]LogModuleManager: Shutting down and abandoning module SteamVRController (324)
[2017.11.23-23.57.13:664][881]LogModuleManager: Shutting down and abandoning module SteamVR (322)
[2017.11.23-23.57.13:664][881]LogModuleManager: Shutting down and abandoning module ProceduralMeshComponentEditor (320)
[2017.11.23-23.57.13:664][881]LogModuleManager: Shutting down and abandoning module ProceduralMeshComponent (318)
[2017.11.23-23.57.13:664][881]LogModuleManager: Shutting down and abandoning module OculusLibrary (316)
[2017.11.23-23.57.13:664][881]LogModuleManager: Shutting down and abandoning module OculusInput (314)
[2017.11.23-23.57.13:664][881]LogModuleManager: Shutting down and abandoning module MobilePatchingUtils (312)
[2017.11.23-23.57.13:664][881]LogModuleManager: Shutting down and abandoning module CustomMeshComponent (310)
[2017.11.23-23.57.13:664][881]LogModuleManager: Shutting down and abandoning module CableComponent (308)
[2017.11.23-23.57.13:664][881]LogModuleManager: Shutting down and abandoning module ArchVisCharacter (306)
[2017.11.23-23.57.13:664][881]LogModuleManager: Shutting down and abandoning module AndroidPermission (304)
[2017.11.23-23.57.13:664][881]LogModuleManager: Shutting down and abandoning module MediaPlayerEditor (300)
[2017.11.23-23.57.13:664][881]LogModuleManager: Shutting down and abandoning module HTML5Networking (298)
[2017.11.23-23.57.13:664][881]LogModuleManager: Shutting down and abandoning module AlembicImporter (296)
[2017.11.23-23.57.13:664][881]LogModuleManager: Shutting down and abandoning module AlembicLibrary (295)
[2017.11.23-23.57.13:664][881]LogModuleManager: Shutting down and abandoning module GeometryCache (294)
[2017.11.23-23.57.13:664][881]LogModuleManager: Shutting down and abandoning module GeometryCacheEd (293)
[2017.11.23-23.57.13:664][881]LogModuleManager: Shutting down and abandoning module SuperSearchEditor (288)
[2017.11.23-23.57.13:664][881]LogModuleManager: Shutting down and abandoning module SuperSearch (287)
[2017.11.23-23.57.13:664][881]LogModuleManager: Shutting down and abandoning module SpeedTreeImporter (284)
[2017.11.23-23.57.13:664][881]LogModuleManager: Shutting down and abandoning module PluginBrowser (282)
[2017.11.23-23.57.13:664][881]LogModuleManager: Shutting down and abandoning module MobileLauncherProfileWizard (280)
[2017.11.23-23.57.13:664][881]LogModuleManager: Shutting down and abandoning module VisualStudioSourceCodeAccess (278)
[2017.11.23-23.57.13:664][881]LogModuleManager: Shutting down and abandoning module DesktopPlatform (277)
[2017.11.23-23.57.13:664][881]LogModuleManager: Shutting down and abandoning module UObjectPlugin (274)
[2017.11.23-23.57.13:664][881]LogModuleManager: Shutting down and abandoning module SubversionSourceControl (272)
[2017.11.23-23.57.13:664][881]LogModuleManager: Shutting down and abandoning module PerforceSourceControl (270)
[2017.11.23-23.57.13:664][881]LogModuleManager: Shutting down and abandoning module GitSourceControl (268)
[2017.11.23-23.57.13:664][881]LogModuleManager: Shutting down and abandoning module SourceControl (267)
[2017.11.23-23.57.13:664][881]LogModuleManager: Shutting down and abandoning module LightPropagationVolumeEditor (264)
[2017.11.23-23.57.13:664][881]LogModuleManager: Shutting down and abandoning module PaperTiledImporter (262)
[2017.11.23-23.57.13:665][881]LogModuleManager: Shutting down and abandoning module PaperSpriteSheetImporter (260)
[2017.11.23-23.57.13:665][881]LogModuleManager: Shutting down and abandoning module Paper2DEditor (258)
[2017.11.23-23.57.13:665][881]LogModuleManager: Shutting down and abandoning module MeshPaint (257)
[2017.11.23-23.57.13:665][881]LogModuleManager: Shutting down and abandoning module LevelEditor (255)
[2017.11.23-23.57.13:665][881]LogModuleManager: Shutting down and abandoning module PixelInspectorModule (254)
[2017.11.23-23.57.13:665][881]LogModuleManager: Shutting down and abandoning module MainFrame (252)
[2017.11.23-23.57.13:665][881]LogModuleManager: Shutting down and abandoning module HotReload (251)
[2017.11.23-23.57.13:666][881]LogModuleManager: Shutting down and abandoning module PhysXVehiclesEditor (246)
[2017.11.23-23.57.13:666][881]LogModuleManager: Shutting down and abandoning module PhysXVehicles (244)
[2017.11.23-23.57.13:666][881]LogModuleManager: Shutting down and abandoning module LocationServicesBPLibrary (242)
[2017.11.23-23.57.13:666][881]LogModuleManager: Shutting down and abandoning module ImmediatePhysicsEditor (240)
[2017.11.23-23.57.13:666][881]LogModuleManager: Shutting down and abandoning module ImmediatePhysics (238)
[2017.11.23-23.57.13:666][881]LogModuleManager: Shutting down and abandoning module UdpMessaging (236)
[2017.11.23-23.57.13:766][881]LogModuleManager: Shutting down and abandoning module TcpMessaging (234)
[2017.11.23-23.57.13:867][881]LogModuleManager: Shutting down and abandoning module GameplayTagsEditor (232)
[2017.11.23-23.57.13:867][881]LogModuleManager: Shutting down and abandoning module FacialAnimationEditor (230)
[2017.11.23-23.57.13:867][881]LogModuleManager: Shutting down and abandoning module FacialAnimation (228)
[2017.11.23-23.57.13:867][881]LogModuleManager: Shutting down and abandoning module AssetManagerEditor (226)
[2017.11.23-23.57.13:867][881]LogModuleManager: Shutting down and abandoning module GraphEditor (225)
[2017.11.23-23.57.13:867][881]LogModuleManager: Shutting down and abandoning module ContentBrowser (223)
[2017.11.23-23.57.13:867][881]LogModuleManager: Shutting down and abandoning module LightPropagationVolumeRuntime (220)
[2017.11.23-23.57.13:867][881]LogModuleManager: Shutting down and abandoning module Paper2D (218)
[2017.11.23-23.57.13:868][881]LogModuleManager: Shutting down and abandoning module WindowsMoviePlayer (216)
[2017.11.23-23.57.13:868][881]LogModuleManager: Shutting down and abandoning module WmfMedia (214)
[2017.11.23-23.57.13:868][881]LogModuleManager: Shutting down and abandoning module ClothingSystemEditor (212)
[2017.11.23-23.57.13:868][881]LogModuleManager: Shutting down and abandoning module ClothingSystemRuntime (210)
[2017.11.23-23.57.13:868][881]LogModuleManager: Shutting down and abandoning module MediaAssets (208)
[2017.11.23-23.57.13:868][881]LogModuleManager: Shutting down and abandoning module GameLiveStreaming (206)
[2017.11.23-23.57.13:868][881]LogModuleManager: Shutting down and abandoning module VREditor (204)
[2017.11.23-23.57.13:868][881]LogModuleManager: Shutting down and abandoning module StringTableEditor (202)
[2017.11.23-23.57.13:868][881]LogModuleManager: Shutting down and abandoning module GameplayTasksEditor (200)
[2017.11.23-23.57.13:868][881]LogModuleManager: Shutting down and abandoning module BehaviorTreeEditor (198)
[2017.11.23-23.57.13:868][881]LogModuleManager: Shutting down and abandoning module FunctionalTesting (196)
[2017.11.23-23.57.13:868][881]LogModuleManager: Shutting down and abandoning module CollisionAnalyzer (194)
[2017.11.23-23.57.13:868][881]LogModuleManager: Shutting down and abandoning module UMG (192)
[2017.11.23-23.57.13:868][881]LogModuleManager: Shutting down and abandoning module UMGEditor (191)
[2017.11.23-23.57.13:868][881]LogModuleManager: Shutting down and abandoning module Sequencer (190)
[2017.11.23-23.57.13:868][881]LogModuleManager: Shutting down and abandoning module AssetTools (188)
[2017.11.23-23.57.13:868][881]LogModuleManager: Shutting down and abandoning module MessageLog (187)
[2017.11.23-23.57.13:868][881]LogModuleManager: Shutting down and abandoning module WorkspaceMenuStructure (186)
[2017.11.23-23.57.13:868][881]LogModuleManager: Shutting down and abandoning module SlateReflector (180)
[2017.11.23-23.57.13:868][881]LogModuleManager: Shutting down and abandoning module Slate (178)
[2017.11.23-23.57.13:868][881]LogModuleManager: Shutting down and abandoning module EditorStyle (176)
[2017.11.23-23.57.13:870][881]LogModuleManager: Shutting down and abandoning module SourceCodeAccess (174)
[2017.11.23-23.57.13:870][881]LogModuleManager: Shutting down and abandoning module HeadMountedDisplay (172)
[2017.11.23-23.57.13:870][881]LogModuleManager: Shutting down and abandoning module XAudio2 (170)
[2017.11.23-23.57.13:870][881]LogModuleManager: Shutting down and abandoning module Networking (168)
[2017.11.23-23.57.13:870][881]LogModuleManager: Shutting down and abandoning module Core (164)
[2017.11.23-23.57.13:870][881]LogModuleManager: Shutting down and abandoning module AssetRegistry (162)
[2017.11.23-23.57.14:014][881]LogDirectoryWatcher: A directory notification for '../../../Engine/Content/' was aborted.
[2017.11.23-23.57.14:014][881]LogDirectoryWatcher: A directory notification for '../../../../../GitDownloaded/FMP_RPG_Game_Charm/Content/' was aborted.
[2017.11.23-23.57.14:014][881]LogDirectoryWatcher: A directory notification for '../../../Engine/Plugins/2D/Paper2D/Content/' was aborted.
[2017.11.23-23.57.14:014][881]LogDirectoryWatcher: A directory notification for '../../../Engine/Plugins/Runtime/GearVR/Content/' was aborted.
[2017.11.23-23.57.14:017][881]LogModuleManager: Shutting down and abandoning module DirectoryWatcher (161)
[2017.11.23-23.57.14:017][881]LogModuleManager: Shutting down and abandoning module KismetCompiler (158)
[2017.11.23-23.57.14:017][881]LogModuleManager: Shutting down and abandoning module LevelSequence (156)
[2017.11.23-23.57.14:017][881]LogModuleManager: Shutting down and abandoning module PhysXFormats (154)
[2017.11.23-23.57.14:017][881]LogModuleManager: Shutting down and abandoning module MeshUtilities (152)
[2017.11.23-23.57.14:017][881]LogModuleManager: Shutting down and abandoning module SimplygonSwarm (151)
[2017.11.23-23.57.14:017][881]LogModuleManager: Shutting down and abandoning module SimplygonMeshReduction (149)
[2017.11.23-23.57.14:017][881]LogModuleManager: Shutting down and abandoning module QuadricMeshReduction (147)
[2017.11.23-23.57.14:017][881]LogModuleManager: Shutting down and abandoning module DerivedDataCache (144)
[2017.11.23-23.57.14:093][881]LogDerivedDataCache: Shutdown
[2017.11.23-23.57.14:093][881]LogModuleManager: Shutting down and abandoning module TargetPlatform (142)
[2017.11.23-23.57.14:093][881]LogModuleManager: Shutting down and abandoning module VulkanShaderFormat (141)
[2017.11.23-23.57.14:093][881]LogModuleManager: Shutting down and abandoning module ShaderFormatVectorVM (139)
[2017.11.23-23.57.14:093][881]LogModuleManager: Shutting down and abandoning module ShaderFormatOpenGL (137)
[2017.11.23-23.57.14:093][881]LogModuleManager: Shutting down and abandoning module ShaderFormatD3D (135)
[2017.11.23-23.57.14:093][881]LogModuleManager: Shutting down and abandoning module MetalShaderFormat (133)
[2017.11.23-23.57.14:093][881]LogModuleManager: Shutting down and abandoning module TextureFormatUncompressed (131)
[2017.11.23-23.57.14:093][881]LogModuleManager: Shutting down and abandoning module TextureFormatPVR (129)
[2017.11.23-23.57.14:093][881]LogModuleManager: Shutting down and abandoning module TextureFormatDXT (127)
[2017.11.23-23.57.14:093][881]LogModuleManager: Shutting down and abandoning module TextureFormatIntelISPCTexComp (125)
[2017.11.23-23.57.14:093][881]LogModuleManager: Shutting down and abandoning module TextureFormatASTC (123)
[2017.11.23-23.57.14:093][881]LogModuleManager: Shutting down and abandoning module ImageWrapper (122)
[2017.11.23-23.57.14:093][881]LogModuleManager: Shutting down and abandoning module TextureFormatAndroid (119)
[2017.11.23-23.57.14:093][881]LogModuleManager: Shutting down and abandoning module AudioFormatOpus (117)
[2017.11.23-23.57.14:093][881]LogModuleManager: Shutting down and abandoning module AudioFormatOgg (115)
[2017.11.23-23.57.14:093][881]LogModuleManager: Shutting down and abandoning module AudioFormatADPCM (113)
[2017.11.23-23.57.14:093][881]LogModuleManager: Shutting down and abandoning module LinuxTargetPlatform (111)
[2017.11.23-23.57.14:093][881]LogModuleManager: Shutting down and abandoning module LinuxServerTargetPlatform (109)
[2017.11.23-23.57.14:093][881]LogModuleManager: Shutting down and abandoning module LinuxNoEditorTargetPlatform (107)
[2017.11.23-23.57.14:093][881]LogModuleManager: Shutting down and abandoning module LinuxClientTargetPlatform (105)
[2017.11.23-23.57.14:093][881]LogModuleManager: Shutting down and abandoning module TVOSTargetPlatform (103)
[2017.11.23-23.57.14:093][881]LogModuleManager: Shutting down and abandoning module Messaging (101)
[2017.11.23-23.57.14:093][881]LogModuleManager: Shutting down and abandoning module IOSTargetPlatform (99)
[2017.11.23-23.57.14:093][881]LogModuleManager: Shutting down and abandoning module HTML5TargetPlatform (97)
[2017.11.23-23.57.14:093][881]LogModuleManager: Shutting down and abandoning module Android_PVRTCTargetPlatform (95)
[2017.11.23-23.57.14:093][881]LogModuleManager: Shutting down and abandoning module Android_MultiTargetPlatform (93)
[2017.11.23-23.57.14:093][881]LogModuleManager: Shutting down and abandoning module Android_ETC2TargetPlatform (91)
[2017.11.23-23.57.14:093][881]LogModuleManager: Shutting down and abandoning module Android_ETC1TargetPlatform (89)
[2017.11.23-23.57.14:093][881]LogModuleManager: Shutting down and abandoning module Android_DXTTargetPlatform (87)
[2017.11.23-23.57.14:093][881]LogModuleManager: Shutting down and abandoning module Android_ATCTargetPlatform (85)
[2017.11.23-23.57.14:093][881]LogModuleManager: Shutting down and abandoning module Android_ASTCTargetPlatform (83)
[2017.11.23-23.57.14:093][881]LogModuleManager: Shutting down and abandoning module AndroidTargetPlatform (81)
[2017.11.23-23.57.14:094][881]LogModuleManager: Shutting down and abandoning module WindowsTargetPlatform (79)
[2017.11.23-23.57.14:094][881]LogModuleManager: Shutting down and abandoning module WindowsServerTargetPlatform (77)
[2017.11.23-23.57.14:094][881]LogModuleManager: Shutting down and abandoning module WindowsNoEditorTargetPlatform (75)
[2017.11.23-23.57.14:094][881]LogModuleManager: Shutting down and abandoning module WindowsClientTargetPlatform (73)
[2017.11.23-23.57.14:094][881]LogModuleManager: Shutting down and abandoning module MacTargetPlatform (71)
[2017.11.23-23.57.14:094][881]LogModuleManager: Shutting down and abandoning module MacServerTargetPlatform (69)
[2017.11.23-23.57.14:094][881]LogModuleManager: Shutting down and abandoning module MacNoEditorTargetPlatform (67)
[2017.11.23-23.57.14:094][881]LogModuleManager: Shutting down and abandoning module MacClientTargetPlatform (65)
[2017.11.23-23.57.14:094][881]LogModuleManager: Shutting down and abandoning module AllDesktopTargetPlatform (63)
[2017.11.23-23.57.14:094][881]LogModuleManager: Shutting down and abandoning module InputCore (60)
[2017.11.23-23.57.14:094][881]LogModuleManager: Shutting down and abandoning module Settings (58)
[2017.11.23-23.57.14:094][881]LogModuleManager: Shutting down and abandoning module OculusRift (56)
[2017.11.23-23.57.14:094][881]LogModuleManager: Shutting down and abandoning module GearVRController (54)
[2017.11.23-23.57.14:094][881]LogModuleManager: Shutting down and abandoning module GearVR (52)
[2017.11.23-23.57.14:094][881]LogModuleManager: Shutting down and abandoning module ExampleDeviceProfileSelector (50)
[2017.11.23-23.57.14:094][881]LogModuleManager: Shutting down and abandoning module OnlineBlueprintSupport (48)
[2017.11.23-23.57.14:094][881]LogModuleManager: Shutting down and abandoning module OnlineSubsystem (44)
[2017.11.23-23.57.14:094][881]LogOnline:Display: Unloading online subsystem: NULL
[2017.11.23-23.57.14:094][881]LogModuleManager: Shutting down and abandoning module XMPP (43)
[2017.11.23-23.57.14:094][881]LogModuleManager: Shutting down and abandoning module HTTP (41)
[2017.11.23-23.57.14:094][881]LogHttp:Display: Http module shutting down, but needs to wait on 1 outstanding Http requests:
[2017.11.23-23.57.14:094][881]LogHttp:Display: 	verb=[POST] url=[https://datarouter.ol.epicgames.com/datarouter/api/v1/public/data?SessionID=%7BED5C7DF1-4606-F2EC-6271-3DB02C4CD6E4%7D&AppID=UEEditor.Rocket.Release&AppVersion=4.16.3-3561208%2B%2B%2BUE4%2BRelease-4.16&UserID=80685d1f44f32b1fbce3579e86be7684%7C1cd4d5901e88499eb9139176ba5a7f4f%7Cd4885e74-c0c5-4abc-a5e8-67608077d65b&AppEnvironment=datacollector-binary&UploadType=eteventstream] status=Processing
[2017.11.23-23.57.14:096][881]LogModuleManager: Shutting down and abandoning module SSL (40)
[2017.11.23-23.57.14:098][881]LogModuleManager: Shutting down and abandoning module HTTPChunkInstaller (36)
[2017.11.23-23.57.14:098][881]LogModuleManager: Shutting down and abandoning module AnimationModifiers (34)
[2017.11.23-23.57.14:098][881]LogModuleManager: Shutting down and abandoning module PropertyEditor (33)
[2017.11.23-23.57.14:098][881]LogModuleManager: Shutting down and abandoning module AudioEditor (30)
[2017.11.23-23.57.14:098][881]LogModuleManager: Shutting down and abandoning module TextureCompressor (28)
[2017.11.23-23.57.14:098][881]LogModuleManager: Shutting down and abandoning module ShaderCore (26)
[2017.11.23-23.57.14:098][881]LogModuleManager: Shutting down and abandoning module Landscape (24)
[2017.11.23-23.57.14:098][881]LogModuleManager: Shutting down and abandoning module SlateRHIRenderer (22)
[2017.11.23-23.57.14:098][881]LogModuleManager: Shutting down and abandoning module OpenGLDrv (20)
[2017.11.23-23.57.14:098][881]LogModuleManager: Shutting down and abandoning module D3D11RHI (18)
[2017.11.23-23.57.14:098][881]LogModuleManager: Shutting down and abandoning module AnimGraphRuntime (16)
[2017.11.23-23.57.14:098][881]LogModuleManager: Shutting down and abandoning module Renderer (14)
[2017.11.23-23.57.14:098][881]LogModuleManager: Shutting down and abandoning module Engine (12)
[2017.11.23-23.57.14:098][881]LogModuleManager: Shutting down and abandoning module CoreUObject (10)
[2017.11.23-23.57.14:098][881]LogModuleManager: Shutting down and abandoning module NetworkFile (8)
[2017.11.23-23.57.14:098][881]LogModuleManager: Shutting down and abandoning module StreamingFile (6)
[2017.11.23-23.57.14:098][881]LogModuleManager: Shutting down and abandoning module SandboxFile (4)
[2017.11.23-23.57.14:098][881]LogModuleManager: Shutting down and abandoning module PakFile (2)
[2017.11.23-23.57.14:100][881]LogExit: Exiting.
[2017.11.23-23.57.14:109][881]Log file closed, 11/23/17 23:57:14
