Log file open, 02/02/18 09:28:03
LogInit:Display: Running engine for game: RPG_Game
LogPlatformFile: Not using cached read wrapper
LogInit:Display: RandInit(-762430782) SRandInit(-762430782).
LogTaskGraph: Started task graph with 5 named threads and 8 total threads with 1 sets of task threads.
LogStats: Stats thread started at 0.082389
LogInit: Using libcurl 7.47.1
LogInit:  - built for x86_64-pc-win32
LogInit:  - supports SSL with OpenSSL/1.0.2g
LogInit:  - supports HTTP deflate (compression) using libz 1.2.8
LogInit:  - other features:
LogInit:      CURL_VERSION_SSL
LogInit:      CURL_VERSION_LIBZ
LogInit:      CURL_VERSION_IPV6
LogInit:      CURL_VERSION_ASYNCHDNS
LogInit:      CURL_VERSION_LARGEFILE
LogInit:      CURL_VERSION_IDN
LogInit:  CurlRequestOptions (configurable via config and command line):
LogInit:  - bVerifyPeer = false  - Libcurl will NOT verify peer certificate
LogInit:  - bUseHttpProxy = false  - Libcurl will NOT use HTTP proxy
LogInit:  - bDontReuseConnections = false  - Libcurl will reuse connections
LogInit:  - CertBundlePath = nullptr  - Libcurl will use whatever was configured at build time.
LogInit: Build: ++UE4+Release-4.16-CL-3561208
LogInit: Engine Version: 4.16.3-3561208+++UE4+Release-4.16
LogInit: Compatible Engine Version: 4.16.0-3452394+++UE4+Release-4.16
LogInit: Net CL: 3452394
LogDevObjectVersion: Number of dev versions registered: 16
LogDevObjectVersion:   Dev-Blueprints (B0D832E4-1F89-4F0D-ACCF-7EB736FD4AA2): 9
LogDevObjectVersion:   Dev-Build (E1C64328-A22C-4D53-A36C-8E866417BD8C): 0
LogDevObjectVersion:   Dev-Core (375EC13C-06E4-48FB-B500-84F0262A717E): 2
LogDevObjectVersion:   Dev-Editor (E4B068ED-F494-42E9-A231-DA0B2E46BB41): 17
LogDevObjectVersion:   Dev-Framework (CFFC743F-43B0-4480-9391-14DF171D2073): 23
LogDevObjectVersion:   Dev-Mobile (B02B49B5-BB20-44E9-A304-32B752E40360): 0
LogDevObjectVersion:   Dev-Networking (A4E4105C-59A1-49B5-A7C5-40C4547EDFEE): 0
LogDevObjectVersion:   Dev-Online (39C831C9-5AE6-47DC-9A44-9C173E1C8E7C): 0
LogDevObjectVersion:   Dev-Physics (78F01B33-EBEA-4F98-B9B4-84EACCB95AA2): 0
LogDevObjectVersion:   Dev-Platform (6631380F-2D4D-43E0-8009-CF276956A95A): 0
LogDevObjectVersion:   Dev-Rendering (12F88B9F-8875-4AFC-A67C-D90C383ABD29): 15
LogDevObjectVersion:   Dev-Sequencer (7B5AE74C-D270-4C10-A958-57980B212A5A): 4
LogDevObjectVersion:   Dev-VR (D7296918-1DD6-4BDD-9DE2-64A83CC13884): 0
LogDevObjectVersion:   Dev-LoadTimes (C2A15278-BFE7-4AFE-6C17-90FF531DF755): 1
LogDevObjectVersion:   Private-Geometry (6EACA3D4-40EC-4CC1-B786-8BED09428FC5): 1
LogDevObjectVersion:   Dev-AnimPhys (29E575DD-E0A3-4627-9D10-D276232CDCEA): 3
LogInit: Compiled (64-bit): Jul 28 2017 11:49:47
LogInit: Compiled with Visual C++: 19.00.24215.01
LogInit: Build Configuration: Development
LogInit: Branch Name: ++UE4+Release-4.16
LogInit: Command line:  /Temp/Autosaves/Game/Maps/UEDPCMenu -game -PIEVIACONSOLE -ResX=1280 -ResY=720  -Multiprocess -messaging -SessionName="Play in Standalone Game" -windowed 
LogInit: Base directory: D:/Program Files/UE_4.16/Engine/Binaries/Win64/
LogInit: Installed Engine Build: 1
LogInit: Presizing for max 8388607 objects, including 0 objects not considered by GC, pre-allocating 0 bytes for permanent pool.
LogInit: Object subsystem initialized
[2018.02.02-09.28.04:056][  0]LogInit: Selected Device Profile: [Windows]
[2018.02.02-09.28.04:056][  0]LogInit: Applying CVar settings loaded from the selected device profile: [Windows]
[2018.02.02-09.28.04:059][  0]LogInit: Computer: DESKTOP-46CB9MQ
[2018.02.02-09.28.04:059][  0]LogInit: User: JoshR
[2018.02.02-09.28.04:059][  0]LogInit: CPU Page size=4096, Cores=4
[2018.02.02-09.28.04:059][  0]LogInit: High frequency timer resolution =3.421878 MHz
[2018.02.02-09.28.04:059][  0]LogMemory: Memory total: Physical=16.0GB (16GB approx)
[2018.02.02-09.28.04:059][  0]LogMemory: Platform Memory Stats for Windows
[2018.02.02-09.28.04:059][  0]LogMemory: Process Physical Memory: 273.21 MB used, 273.21 MB peak
[2018.02.02-09.28.04:059][  0]LogMemory: Process Virtual Memory: 266.78 MB used, 266.78 MB peak
[2018.02.02-09.28.04:059][  0]LogMemory: Physical Memory: 4982.93 MB used,  11361.07 MB free, 16344.00 MB total
[2018.02.02-09.28.04:059][  0]LogMemory: Virtual Memory: 662.43 MB used,  11361.07 MB free, 134217728.00 MB total
[2018.02.02-09.28.04:100][  0]LogInit: Using OS detected language (en-GB).
[2018.02.02-09.28.04:100][  0]LogInit: Using OS detected locale (en-GB).
[2018.02.02-09.28.04:102][  0]LogTextLocalizationManager: No specific localization for 'en-GB' exists, so the 'en' localization will be used.
[2018.02.02-09.28.04:631][  0]LogD3D11RHI: D3D11 adapters:
[2018.02.02-09.28.04:660][  0]LogD3D11RHI:    0. 'NVIDIA GeForce GTX 970' (Feature Level 11_0)
[2018.02.02-09.28.04:660][  0]LogD3D11RHI:       4043/0/8172 MB DedicatedVideo/DedicatedSystem/SharedSystem, Outputs:1, VendorId:0x10de
[2018.02.02-09.28.04:662][  0]LogD3D11RHI:    1. 'Microsoft Basic Render Driver' (Feature Level 11_0)
[2018.02.02-09.28.04:662][  0]LogD3D11RHI:       0/0/8172 MB DedicatedVideo/DedicatedSystem/SharedSystem, Outputs:0, VendorId:0x1414
[2018.02.02-09.28.04:662][  0]LogD3D11RHI: Chosen D3D11 Adapter: 0
[2018.02.02-09.28.04:667][  0]LogD3D11RHI: Creating new Direct3DDevice
[2018.02.02-09.28.04:667][  0]LogD3D11RHI:     GPU DeviceId: 0x13c2 (for the marketing name, search the web for "GPU Device Id")
[2018.02.02-09.28.04:667][  0]LogWindows: EnumDisplayDevices:
[2018.02.02-09.28.04:667][  0]LogWindows:    0. 'NVIDIA GeForce GTX 970' (P:1 D:1)
[2018.02.02-09.28.04:667][  0]LogWindows:    1. 'NVIDIA GeForce GTX 970' (P:0 D:0)
[2018.02.02-09.28.04:667][  0]LogWindows:    2. 'NVIDIA GeForce GTX 970' (P:0 D:0)
[2018.02.02-09.28.04:667][  0]LogWindows:    3. 'NVIDIA GeForce GTX 970' (P:0 D:0)
[2018.02.02-09.28.04:667][  0]LogWindows: DebugString: GetVideoDriverDetailsInvalid PrimaryIsNotTheChoosenAdapter GetVideoDriverDetailsInvalid PrimaryIsNotTheChoosenAdapter GetVideoDriverDetailsInvalid PrimaryIsNotTheChoosenAdapter GetVideoDriverDetailsInvalid PrimaryIsNotTheChoosenAdapter FoundDriverCount:0 
[2018.02.02-09.28.04:667][  0]LogD3D11RHI:     Adapter Name: NVIDIA GeForce GTX 970
[2018.02.02-09.28.04:667][  0]LogD3D11RHI:   Driver Version: Unknown (internal:Unknown, unified:Unknown)
[2018.02.02-09.28.04:667][  0]LogD3D11RHI:      Driver Date: Unknown
[2018.02.02-09.28.04:667][  0]LogRHI: Texture pool is 1361 MB (70% of 1945 MB)
[2018.02.02-09.28.04:687][  0]LogD3D11RHI: Async texture creation enabled
[2018.02.02-09.28.04:706][  0]LogD3D11RHI: GPU Timing Frequency: 1000.000000 (Debug: 2 2)
[2018.02.02-09.28.04:708][  0]LogShaderCompilers: Guid format shader working directory is -17 characters bigger than the processId version (../../../../../Users/JoshR/Documents/GitHub/FMP_RPG_Game_Charm/Intermediate/Shaders/WorkingDirectory/10908/).
[2018.02.02-09.28.04:708][  0]LogShaderCompilers: Cleaned the shader compiler working directory 'C:/Users/JoshR/AppData/Local/Temp/UnrealShaderWorkingDir/EB60BEB64F0ACB6C7B93FCAFAC69B364/'.
[2018.02.02-09.28.04:708][  0]LogShaderCompilers:Display: Using Local Shader Compiler.
[2018.02.02-09.28.05:448][  0]LogTemp:Display: Loaded TP WindowsClientTargetPlatform
[2018.02.02-09.28.05:479][  0]LogTemp:Display: Loaded TP WindowsNoEditorTargetPlatform
[2018.02.02-09.28.05:510][  0]LogTemp:Display: Loaded TP WindowsServerTargetPlatform
[2018.02.02-09.28.05:542][  0]LogTemp:Display: Loaded TP WindowsTargetPlatform
[2018.02.02-09.28.05:542][  0]LogTargetPlatformManager:Display: Building Assets For Windows
[2018.02.02-09.28.05:831][  0]LogDerivedDataCache:Display: Max Cache Size: 512 MB
[2018.02.02-09.28.05:896][  0]LogDerivedDataCache: Loaded boot cache 0.06s 90MB C:/Users/JoshR/AppData/Local/UnrealEngine/4.16/DerivedDataCache/Boot.ddc.
[2018.02.02-09.28.05:896][  0]LogDerivedDataCache:Display: Loaded Boot cache: C:/Users/JoshR/AppData/Local/UnrealEngine/4.16/DerivedDataCache/Boot.ddc
[2018.02.02-09.28.05:896][  0]LogDerivedDataCache: FDerivedDataBackendGraph:  Pak pak cache file ../../../../../Users/JoshR/Documents/GitHub/FMP_RPG_Game_Charm/DerivedDataCache/DDC.ddp not found, will not use a pak cache.
[2018.02.02-09.28.05:896][  0]LogDerivedDataCache: Unable to find inner node Pak for hierarchical cache Hierarchy.
[2018.02.02-09.28.05:896][  0]LogDerivedDataCache: FDerivedDataBackendGraph:  CompressedPak pak cache file ../../../../../Users/JoshR/Documents/GitHub/FMP_RPG_Game_Charm/DerivedDataCache/Compressed.ddp not found, will not use a pak cache.
[2018.02.02-09.28.05:896][  0]LogDerivedDataCache: Unable to find inner node CompressedPak for hierarchical cache Hierarchy.
[2018.02.02-09.28.05:908][  0]LogDerivedDataCache:Display: Pak cache opened for reading ../../../Engine/DerivedDataCache/Compressed.ddp.
[2018.02.02-09.28.05:921][  0]LogDerivedDataCache: Using Local data cache path C:/Users/JoshR/AppData/Local/UnrealEngine/Common/DerivedDataCache: Writable
[2018.02.02-09.28.05:928][  0]LogMaterial: Verifying Global Shaders for PCD3D_SM5
[2018.02.02-09.28.05:929][  0]LogSlate: Using Freetype 2.6.0
[2018.02.02-09.28.05:929][  0]LogSlate: SlateFontCache - WITH_FREETYPE: 1, WITH_HARFBUZZ: 1
[2018.02.02-09.28.05:929][  0]LogSlate: SlateFontCache - WITH_FREETYPE: 1, WITH_HARFBUZZ: 1
[2018.02.02-09.28.06:124][  0]LogAssetRegistry: FAssetRegistry took 0.0030 seconds to start up
[2018.02.02-09.28.06:131][  0]LogPackageLocalizationCache: Processed 4 localized package path(s) for 2 prioritized culture(s) in 0.007079 seconds
[2018.02.02-09.28.06:190][  0]LogInit: Selected Device Profile: [Windows]
[2018.02.02-09.28.06:235][  0]LogContentStreaming: Texture pool size is 1000.00 MB
[2018.02.02-09.28.06:340][  0]LogMeshUtilities: Using QuadricMeshReduction for automatic static mesh reduction
[2018.02.02-09.28.06:366][  0]LogSimplygon: Simplygon DLL not present - disabling.
[2018.02.02-09.28.06:397][  0]LogMeshUtilities: Using SimplygonSwarm for distributed automatic mesh merging
[2018.02.02-09.28.06:397][  0]LogMeshUtilities: No automatic skeletal mesh reduction module available
[2018.02.02-09.28.06:397][  0]LogMeshUtilities: No automatic mesh merging module available
[2018.02.02-09.28.06:719][  0]LogNetVersion: RPG_Game , NetCL: 3452394, EngineNetVer: 2, GameNetVer: 0 (Checksum: 2586067795)
[2018.02.02-09.28.06:762][  0]LogInit: WinSock: version 1.1 (2.2), MaxSocks=32767, MaxUdp=65467
[2018.02.02-09.28.07:393][  0]LogMoviePlayer: Initializing movie player
[2018.02.02-09.28.07:622][  0]LogCollectionManager: Loaded 0 collections in 0.000946 seconds
[2018.02.02-09.28.07:668][  0]LogFileCache: Scanning file cache for directory 'D:/Users/JoshR/Documents/GitHub/FMP_RPG_Game_Charm/Saved/Collections/' took 0.01s
[2018.02.02-09.28.07:668][  0]LogFileCache: Scanning file cache for directory 'D:/Users/JoshR/Documents/GitHub/FMP_RPG_Game_Charm/Content/Developers/JoshR/Collections/' took 0.01s
[2018.02.02-09.28.07:668][  0]LogFileCache: Scanning file cache for directory 'D:/Users/JoshR/Documents/GitHub/FMP_RPG_Game_Charm/Content/Collections/' took 0.01s
[2018.02.02-09.28.07:668][  0]LogCollectionManager: Rebuilt the object cache for 0 collections in 0.000001 seconds (found 0 objects)
[2018.02.02-09.28.07:668][  0]LogCollectionManager: Fixed up redirectors for 0 collections in 0.000027 seconds (updated 0 objects)
[2018.02.02-09.28.07:772][  0]LogTcpMessaging: Initializing TcpMessaging bridge
[2018.02.02-09.28.07:800][  0]LogUdpMessaging: Initializing bridge on interface 0.0.0.0:0 to multicast group 230.0.0.1:6666.
[2018.02.02-09.28.08:066][  0]SourceControl: Info Source control is disabled
[2018.02.02-09.28.08:066][  0]SourceControl: Info Source control is disabled
[2018.02.02-09.28.08:097][  0]SourceControl: Info Source control is disabled
[2018.02.02-09.28.08:258][  0]LogAndroidPermission: UAndroidPermissionCallbackProxy::GetInstance
[2018.02.02-09.28.08:534][  0]LogUObjectArray: 37220 objects as part of root set at end of initial load.
[2018.02.02-09.28.08:534][  0]LogUObjectAllocator: 8398848 out of 0 bytes used by permanent object pool.
[2018.02.02-09.28.08:534][  0]LogUObjectArray: CloseDisregardForGC: 0/0 objects in disregard for GC pool
[2018.02.02-09.28.08:605][  0]LogEngine: Initializing Engine...
[2018.02.02-09.28.08:606][  0]LogHMD: Failed to initialize OpenVR with code 110
[2018.02.02-09.28.08:735][  0]LogStats: UGameplayTagsManager::ConstructGameplayTagTree: Construct from data asset -  0.000 s
[2018.02.02-09.28.08:735][  0]LogStats: UGameplayTagsManager::ConstructGameplayTagTree: GameplayTagTreeChangedEvent.Broadcast -  0.000 s
[2018.02.02-09.28.08:743][  0]LogInit: XAudio2 using 'Speakers (High Definition Audio Device)' : 2 channels at 44.1 kHz using 16 bits per sample (channel mask 0x3)
[2018.02.02-09.28.08:759][  0]LogInit: FAudioDevice initialized.
[2018.02.02-09.28.08:776][  0]LogInit: Texture streaming: Enabled
[2018.02.02-09.28.08:786][  0]LogMaterial: Uniform references updated for custom material expression Custom.
[2018.02.02-09.28.08:943][  0]LogSlateStyle:Warning: Unable to find Slate Widget Style 'NormalText'. Using FTextBlockStyle defaults instead.
[2018.02.02-09.28.08:943][  0]LogSlateStyle:Warning: Unable to find Slate Widget Style 'SpinBox'. Using FSpinBoxStyle defaults instead.
[2018.02.02-09.28.09:069][  0]LogInit:Display: Game Engine Initialized.
[2018.02.02-09.28.09:162][  0]LogInit:Display: Starting Game.
[2018.02.02-09.28.09:162][  0]LogNet: Browse: /Temp/Autosaves/Game/Maps/UEDPCMenu?Name=Player
[2018.02.02-09.28.09:162][  0]LogLoad: LoadMap: /Temp/Autosaves/Game/Maps/UEDPCMenu?Name=Player
[2018.02.02-09.28.09:174][  0]LogMemory: Platform Memory Stats for Windows
[2018.02.02-09.28.09:174][  0]LogMemory: Process Physical Memory: 793.82 MB used, 898.18 MB peak
[2018.02.02-09.28.09:174][  0]LogMemory: Process Virtual Memory: 900.08 MB used, 953.98 MB peak
[2018.02.02-09.28.09:174][  0]LogMemory: Physical Memory: 5398.89 MB used,  10945.11 MB free, 16344.00 MB total
[2018.02.02-09.28.09:174][  0]LogMemory: Virtual Memory: 1530.53 MB used,  10945.11 MB free, 134217728.00 MB total
[2018.02.02-09.28.09:174][  0]LogMemory: 
[2018.02.02-09.28.09:174][  0]Allocator Stats for TBB: (not implemented)
[2018.02.02-09.28.09:370][  0]LogAIModule: Creating AISystem for world Menu
[2018.02.02-09.28.09:373][  0]LogLoad: Game class is 'FuseGM_C'
[2018.02.02-09.28.09:374][  0]LogWorld: Bringing World /Temp/Autosaves/Game/Maps/UEDPCMenu.Menu up for play (max tick rate 0) at 2018.02.02-09.28.09
[2018.02.02-09.28.09:374][  0]LogWorld: Bringing up level for play took: 0.000457
[2018.02.02-09.28.09:378][  0]LogLoad: Took 0.216059 seconds to LoadMap(/Temp/Autosaves/Game/Maps/UEDPCMenu)
[2018.02.02-09.28.09:499][  0]LogRenderer: Reallocating scene render targets to support 1280x720 NumSamples 1 (Frame:1).
[2018.02.02-09.28.09:499][  0]LogLoad: (Engine Initialization) Total time: 6.47 seconds
[2018.02.02-09.28.09:499][  0]LogLoad: (Engine Initialization) Total Blueprint compile time: 0.09 seconds
[2018.02.02-09.28.09:499][  0]LogExternalProfiler: No external profilers were discovered.  External profiling features will not be available.
[2018.02.02-09.28.09:515][  0]LogOcInput: OculusInput pre-init called
[2018.02.02-09.28.09:516][  0]LogHMD: Starting GearVRController plugin
[2018.02.02-09.28.16:355][420]LogPackageName: SearchForPackageOnDisk took   0.065s to resolve HelloWorld.umap.
[2018.02.02-09.28.16:419][420]LogPackageName: SearchForPackageOnDisk took   0.064s to resolve HelloWorld.umap.
[2018.02.02-09.28.16:419][420]LogNet: Browse: /Game/Maps/HelloWorld
[2018.02.02-09.28.16:419][420]LogLoad: LoadMap: /Game/Maps/HelloWorld
[2018.02.02-09.28.16:435][420]LogMemory: Platform Memory Stats for Windows
[2018.02.02-09.28.16:435][420]LogMemory: Process Physical Memory: 749.07 MB used, 898.18 MB peak
[2018.02.02-09.28.16:435][420]LogMemory: Process Virtual Memory: 962.90 MB used, 1104.70 MB peak
[2018.02.02-09.28.16:435][420]LogMemory: Physical Memory: 5350.15 MB used,  10993.85 MB free, 16344.00 MB total
[2018.02.02-09.28.16:435][420]LogMemory: Virtual Memory: 1656.72 MB used,  10993.85 MB free, 134217728.00 MB total
[2018.02.02-09.28.16:435][420]LogMemory: 
[2018.02.02-09.28.16:435][420]Allocator Stats for TBB: (not implemented)
[2018.02.02-09.28.16:594][420]LogAIModule: Creating AISystem for world HelloWorld
[2018.02.02-09.28.16:704][420]LogLoad: Game class is 'FuseGM_C'
[2018.02.02-09.28.16:724][420]PIE:Warning: Warning Trying to simulate physics on ''/Game/Maps/HelloWorld.HelloWorld:PersistentLevel.Remote_71.StaticMesh'' but it has ComplexAsSimple collision.
[2018.02.02-09.28.16:725][420]LogWorld: Bringing World /Game/Maps/HelloWorld.HelloWorld up for play (max tick rate 0) at 2018.02.02-09.28.16
[2018.02.02-09.28.16:726][420]LogWorld: Bringing up level for play took: 0.020114
[2018.02.02-09.28.16:727][420]LogLoad: Took 0.307611 seconds to LoadMap(/Game/Maps/HelloWorld)
[2018.02.02-09.28.20:496][654]sg.ShadowQuality = "1"
[2018.02.02-09.28.20:497][655]LogRenderer: Reallocating scene render targets to support 1280x720 NumSamples 1 (Frame:236).
[2018.02.02-09.28.20:641][663]sg.ShadowQuality = "0"
[2018.02.02-09.28.20:642][664]LogRenderer: Reallocating scene render targets to support 1280x720 NumSamples 1 (Frame:245).
[2018.02.02-09.28.20:786][672]sg.ShadowQuality = "0"
[2018.02.02-09.28.28:706][163]sg.ShadowQuality = "1"
[2018.02.02-09.28.28:706][164]LogRenderer: Reallocating scene render targets to support 1280x720 NumSamples 1 (Frame:745).
[2018.02.02-09.28.28:867][173]sg.ShadowQuality = "0"
[2018.02.02-09.28.28:868][174]LogRenderer: Reallocating scene render targets to support 1280x720 NumSamples 1 (Frame:755).
[2018.02.02-09.28.29:028][183]sg.ShadowQuality = "0"
[2018.02.02-09.28.29:367][204]Command not recognized: PostProcessAAQuality 1
[2018.02.02-09.28.29:512][213]Command not recognized: PostProcessAAQuality 0
[2018.02.02-09.28.29:803][231]sg.PostProcessQuality = "1"
[2018.02.02-09.28.29:948][240]sg.PostProcessQuality = "0"
[2018.02.02-09.28.30:303][262]r.ScreenPercentage = "50"
[2018.02.02-09.28.30:303][263]LogRenderer: Reallocating scene render targets to support 640x360 NumSamples 1 (Frame:844).
[2018.02.02-09.28.30:447][271]r.ScreenPercentage = "25"
[2018.02.02-09.28.30:448][272]LogRenderer: Reallocating scene render targets to support 320x180 NumSamples 1 (Frame:853).
[2018.02.02-09.28.37:754][724]r.ScreenPercentage = "100"
[2018.02.02-09.28.37:755][725]LogRenderer: Reallocating scene render targets to support 1280x720 NumSamples 1 (Frame:1306).
[2018.02.02-09.28.37:899][733]r.ScreenPercentage = "100"
[2018.02.02-09.28.38:367][762]sg.PostProcessQuality = "3"
[2018.02.02-09.28.38:641][779]Command not recognized: PostProcessAAQuality 3
[2018.02.02-09.28.39:012][802]sg.ShadowQuality = "3"
[2018.02.02-09.28.39:013][803]LogRenderer: Reallocating scene render targets to support 1280x720 NumSamples 1 (Frame:1384).
[2018.02.02-09.28.44:559][142]LogPackageName: SearchForPackageOnDisk took   0.062s to resolve Menu.umap.
[2018.02.02-09.28.44:622][142]LogPackageName: SearchForPackageOnDisk took   0.063s to resolve Menu.umap.
[2018.02.02-09.28.44:622][142]LogNet: Browse: /Game/Maps/Menu
[2018.02.02-09.28.44:622][142]LogLoad: LoadMap: /Game/Maps/Menu
[2018.02.02-09.28.44:642][142]LogMemory: Platform Memory Stats for Windows
[2018.02.02-09.28.44:642][142]LogMemory: Process Physical Memory: 802.32 MB used, 898.18 MB peak
[2018.02.02-09.28.44:642][142]LogMemory: Process Virtual Memory: 1058.16 MB used, 1149.47 MB peak
[2018.02.02-09.28.44:642][142]LogMemory: Physical Memory: 5378.95 MB used,  10965.05 MB free, 16344.00 MB total
[2018.02.02-09.28.44:642][142]LogMemory: Virtual Memory: 1822.34 MB used,  10965.05 MB free, 134217728.00 MB total
[2018.02.02-09.28.44:642][142]LogMemory: 
[2018.02.02-09.28.44:642][142]Allocator Stats for TBB: (not implemented)
[2018.02.02-09.28.44:762][142]LogAIModule: Creating AISystem for world Menu
[2018.02.02-09.28.44:766][142]LogLoad: Game class is 'FuseGM_C'
[2018.02.02-09.28.44:767][142]LogWorld: Bringing World /Game/Maps/Menu.Menu up for play (max tick rate 0) at 2018.02.02-09.28.44
[2018.02.02-09.28.44:768][142]LogWorld: Bringing up level for play took: 0.000457
[2018.02.02-09.28.44:768][142]LogGameMode: FindPlayerStart: PATHS NOT DEFINED or NO PLAYERSTART with positive rating
[2018.02.02-09.28.44:770][142]LogLoad: Took 0.148427 seconds to LoadMap(/Game/Maps/Menu)
[2018.02.02-09.28.45:386][181]Closing by request
[2018.02.02-09.28.45:386][181]LogWindows: FPlatformMisc::RequestExit(0)
[2018.02.02-09.28.45:640][182]LogWindowsTextInputMethodSystem:Display: IME system now deactivated.
[2018.02.02-09.28.45:648][182]LogExit: Preparing to exit.
[2018.02.02-09.28.45:648][182]LogMoviePlayer: Shutting down movie player
[2018.02.02-09.28.45:928][182]LogExit: Game engine shut down
[2018.02.02-09.28.45:964][182]LogObj: Freed 0b from 0 cluster array pools.
[2018.02.02-09.28.45:964][182]LogExit: Object subsystem successfully closed.
[2018.02.02-09.28.45:978][182]LogD3D11RHI: Shutdown
[2018.02.02-09.28.45:978][182]LogD3D11RHI: CleanupD3DDevice
[2018.02.02-09.28.46:013][182]LogD3D11RHI: ~FD3D11DynamicRHI
[2018.02.02-09.28.46:016][182]LogModuleManager: Shutting down and abandoning module SequenceRecorderSections (296)
[2018.02.02-09.28.46:016][182]LogModuleManager: Shutting down and abandoning module SequenceRecorder (294)
[2018.02.02-09.28.46:016][182]LogModuleManager: Shutting down and abandoning module AutomationController (292)
[2018.02.02-09.28.46:016][182]LogModuleManager: Shutting down and abandoning module AutomationWorker (290)
[2018.02.02-09.28.46:016][182]LogModuleManager: Shutting down and abandoning module AIModule (288)
[2018.02.02-09.28.46:016][182]LogModuleManager: Shutting down and abandoning module GameplayDebugger (287)
[2018.02.02-09.28.46:016][182]LogModuleManager: Shutting down and abandoning module AITestSuite (285)
[2018.02.02-09.28.46:016][182]LogModuleManager: Shutting down and abandoning module WmfMediaFactory (282)
[2018.02.02-09.28.46:016][182]LogModuleManager: Shutting down and abandoning module AvfMediaFactory (280)
[2018.02.02-09.28.46:016][182]LogModuleManager: Shutting down and abandoning module AndroidMediaFactory (278)
[2018.02.02-09.28.46:016][182]LogModuleManager: Shutting down and abandoning module Media (277)
[2018.02.02-09.28.46:016][182]LogModuleManager: Shutting down and abandoning module CharacterAI (274)
[2018.02.02-09.28.46:016][182]LogModuleManager: Shutting down and abandoning module SessionServices (272)
[2018.02.02-09.28.46:016][182]LogModuleManager: Shutting down and abandoning module MovieSceneCapture (270)
[2018.02.02-09.28.46:016][182]LogModuleManager: Shutting down and abandoning module MovieSceneTracks (268)
[2018.02.02-09.28.46:016][182]LogModuleManager: Shutting down and abandoning module MovieScene (266)
[2018.02.02-09.28.46:016][182]LogModuleManager: Shutting down and abandoning module GeometryCache (264)
[2018.02.02-09.28.46:016][182]LogModuleManager: Shutting down and abandoning module GeometryCacheEd (263)
[2018.02.02-09.28.46:016][182]LogModuleManager: Shutting down and abandoning module Niagara (260)
[2018.02.02-09.28.46:016][182]LogModuleManager: Shutting down and abandoning module NiagaraEditor (259)
[2018.02.02-09.28.46:016][182]LogModuleManager: Shutting down and abandoning module StreamingPauseRendering (256)
[2018.02.02-09.28.46:016][182]LogModuleManager: Shutting down and abandoning module PortalServices (254)
[2018.02.02-09.28.46:016][182]LogModuleManager: Shutting down and abandoning module PortalRpc (252)
[2018.02.02-09.28.46:016][182]LogModuleManager: Shutting down and abandoning module MessagingRpc (250)
[2018.02.02-09.28.46:017][182]LogModuleManager: Shutting down and abandoning module ProfilerService (248)
[2018.02.02-09.28.46:098][182]LogModuleManager: Shutting down and abandoning module TaskGraph (246)
[2018.02.02-09.28.46:098][182]LogModuleManager: Shutting down and abandoning module SteamVRController (244)
[2018.02.02-09.28.46:098][182]LogModuleManager: Shutting down and abandoning module SteamVR (242)
[2018.02.02-09.28.46:098][182]LogModuleManager: Shutting down and abandoning module ProceduralMeshComponent (240)
[2018.02.02-09.28.46:098][182]LogModuleManager: Shutting down and abandoning module OculusLibrary (238)
[2018.02.02-09.28.46:098][182]LogModuleManager: Shutting down and abandoning module OculusInput (236)
[2018.02.02-09.28.46:098][182]LogModuleManager: Shutting down and abandoning module MobilePatchingUtils (234)
[2018.02.02-09.28.46:098][182]LogModuleManager: Shutting down and abandoning module CustomMeshComponent (232)
[2018.02.02-09.28.46:098][182]LogModuleManager: Shutting down and abandoning module CableComponent (230)
[2018.02.02-09.28.46:098][182]LogModuleManager: Shutting down and abandoning module ArchVisCharacter (228)
[2018.02.02-09.28.46:098][182]LogModuleManager: Shutting down and abandoning module AndroidPermission (226)
[2018.02.02-09.28.46:098][182]LogModuleManager: Shutting down and abandoning module HTML5Networking (222)
[2018.02.02-09.28.46:098][182]LogModuleManager: Shutting down and abandoning module VisualStudioSourceCodeAccess (220)
[2018.02.02-09.28.46:098][182]LogModuleManager: Shutting down and abandoning module DesktopPlatform (219)
[2018.02.02-09.28.46:098][182]LogModuleManager: Shutting down and abandoning module HotReload (217)
[2018.02.02-09.28.46:099][182]LogModuleManager: Shutting down and abandoning module UObjectPlugin (214)
[2018.02.02-09.28.46:099][182]LogModuleManager: Shutting down and abandoning module SubversionSourceControl (212)
[2018.02.02-09.28.46:099][182]LogModuleManager: Shutting down and abandoning module PerforceSourceControl (210)
[2018.02.02-09.28.46:099][182]LogModuleManager: Shutting down and abandoning module SourceControl (209)
[2018.02.02-09.28.46:099][182]LogModuleManager: Shutting down and abandoning module PhysXVehiclesEditor (206)
[2018.02.02-09.28.46:099][182]LogModuleManager: Shutting down and abandoning module PhysXVehicles (204)
[2018.02.02-09.28.46:099][182]LogModuleManager: Shutting down and abandoning module LocationServicesBPLibrary (202)
[2018.02.02-09.28.46:099][182]LogModuleManager: Shutting down and abandoning module ImmediatePhysicsEditor (200)
[2018.02.02-09.28.46:099][182]LogModuleManager: Shutting down and abandoning module ImmediatePhysics (198)
[2018.02.02-09.28.46:099][182]LogModuleManager: Shutting down and abandoning module UdpMessaging (196)
[2018.02.02-09.28.46:199][182]LogModuleManager: Shutting down and abandoning module TcpMessaging (194)
[2018.02.02-09.28.46:779][182]LogModuleManager: Shutting down and abandoning module GameplayTagsEditor (192)
[2018.02.02-09.28.46:779][182]LogModuleManager: Shutting down and abandoning module FacialAnimation (190)
[2018.02.02-09.28.46:779][182]LogModuleManager: Shutting down and abandoning module AssetManagerEditor (188)
[2018.02.02-09.28.46:779][182]LogModuleManager: Shutting down and abandoning module GraphEditor (187)
[2018.02.02-09.28.46:780][182]LogModuleManager: Shutting down and abandoning module ContentBrowser (185)
[2018.02.02-09.28.46:780][182]LogModuleManager: Shutting down and abandoning module CollectionManager (184)
[2018.02.02-09.28.46:780][182]LogDirectoryWatcher: A directory notification for 'D:/Users/JoshR/Documents/GitHub/FMP_RPG_Game_Charm/Content/Collections/' was aborted.
[2018.02.02-09.28.46:780][182]LogDirectoryWatcher: A directory notification for 'D:/Users/JoshR/Documents/GitHub/FMP_RPG_Game_Charm/Content/Developers/JoshR/Collections/' was aborted.
[2018.02.02-09.28.46:780][182]LogDirectoryWatcher: A directory notification for 'D:/Users/JoshR/Documents/GitHub/FMP_RPG_Game_Charm/Saved/Collections/' was aborted.
[2018.02.02-09.28.46:780][182]LogModuleManager: Shutting down and abandoning module DirectoryWatcher (183)
[2018.02.02-09.28.46:780][182]LogModuleManager: Shutting down and abandoning module LightPropagationVolumeRuntime (178)
[2018.02.02-09.28.46:780][182]LogModuleManager: Shutting down and abandoning module Paper2D (176)
[2018.02.02-09.28.46:780][182]LogModuleManager: Shutting down and abandoning module WindowsMoviePlayer (174)
[2018.02.02-09.28.46:780][182]LogModuleManager: Shutting down and abandoning module WmfMedia (172)
[2018.02.02-09.28.46:781][182]LogModuleManager: Shutting down and abandoning module ClothingSystemEditor (170)
[2018.02.02-09.28.46:781][182]LogModuleManager: Shutting down and abandoning module ClothingSystemRuntime (168)
[2018.02.02-09.28.46:781][182]LogModuleManager: Shutting down and abandoning module MediaAssets (166)
[2018.02.02-09.28.46:781][182]LogModuleManager: Shutting down and abandoning module GameLiveStreaming (164)
[2018.02.02-09.28.46:781][182]LogModuleManager: Shutting down and abandoning module VREditor (162)
[2018.02.02-09.28.46:781][182]LogModuleManager: Shutting down and abandoning module StringTableEditor (160)
[2018.02.02-09.28.46:781][182]LogModuleManager: Shutting down and abandoning module GameplayTasksEditor (158)
[2018.02.02-09.28.46:781][182]LogModuleManager: Shutting down and abandoning module BehaviorTreeEditor (156)
[2018.02.02-09.28.46:781][182]LogModuleManager: Shutting down and abandoning module FunctionalTesting (154)
[2018.02.02-09.28.46:781][182]LogModuleManager: Shutting down and abandoning module CollisionAnalyzer (152)
[2018.02.02-09.28.46:781][182]LogModuleManager: Shutting down and abandoning module UMG (150)
[2018.02.02-09.28.46:781][182]LogModuleManager: Shutting down and abandoning module UMGEditor (149)
[2018.02.02-09.28.46:781][182]LogModuleManager: Shutting down and abandoning module Sequencer (148)
[2018.02.02-09.28.46:781][182]LogModuleManager: Shutting down and abandoning module AssetTools (146)
[2018.02.02-09.28.46:781][182]LogModuleManager: Shutting down and abandoning module MessageLog (145)
[2018.02.02-09.28.46:781][182]LogModuleManager: Shutting down and abandoning module WorkspaceMenuStructure (144)
[2018.02.02-09.28.46:781][182]LogModuleManager: Shutting down and abandoning module SlateReflector (138)
[2018.02.02-09.28.46:781][182]LogModuleManager: Shutting down and abandoning module Slate (136)
[2018.02.02-09.28.46:781][182]LogModuleManager: Shutting down and abandoning module EditorStyle (134)
[2018.02.02-09.28.46:782][182]LogModuleManager: Shutting down and abandoning module Messaging (132)
[2018.02.02-09.28.46:782][182]LogModuleManager: Shutting down and abandoning module SourceCodeAccess (130)
[2018.02.02-09.28.46:782][182]LogModuleManager: Shutting down and abandoning module HeadMountedDisplay (128)
[2018.02.02-09.28.46:782][182]LogModuleManager: Shutting down and abandoning module XAudio2 (126)
[2018.02.02-09.28.46:782][182]LogModuleManager: Shutting down and abandoning module Networking (124)
[2018.02.02-09.28.46:782][182]LogModuleManager: Shutting down and abandoning module Core (120)
[2018.02.02-09.28.46:782][182]LogModuleManager: Shutting down and abandoning module KismetCompiler (118)
[2018.02.02-09.28.46:782][182]LogModuleManager: Shutting down and abandoning module LevelSequence (116)
[2018.02.02-09.28.46:782][182]LogModuleManager: Shutting down and abandoning module PhysXFormats (114)
[2018.02.02-09.28.46:782][182]LogModuleManager: Shutting down and abandoning module MeshUtilities (112)
[2018.02.02-09.28.46:782][182]LogModuleManager: Shutting down and abandoning module SimplygonSwarm (111)
[2018.02.02-09.28.46:782][182]LogModuleManager: Shutting down and abandoning module SimplygonMeshReduction (109)
[2018.02.02-09.28.46:782][182]LogModuleManager: Shutting down and abandoning module QuadricMeshReduction (107)
[2018.02.02-09.28.46:782][182]LogModuleManager: Shutting down and abandoning module AssetRegistry (104)
[2018.02.02-09.28.46:782][182]LogModuleManager: Shutting down and abandoning module DerivedDataCache (102)
[2018.02.02-09.28.46:938][182]LogDerivedDataCache: Shutdown
[2018.02.02-09.28.46:938][182]LogModuleManager: Shutting down and abandoning module TargetPlatform (100)
[2018.02.02-09.28.46:938][182]LogModuleManager: Shutting down and abandoning module VulkanShaderFormat (99)
[2018.02.02-09.28.46:938][182]LogModuleManager: Shutting down and abandoning module ShaderFormatVectorVM (97)
[2018.02.02-09.28.46:938][182]LogModuleManager: Shutting down and abandoning module ShaderFormatOpenGL (95)
[2018.02.02-09.28.46:938][182]LogModuleManager: Shutting down and abandoning module ShaderFormatD3D (93)
[2018.02.02-09.28.46:938][182]LogModuleManager: Shutting down and abandoning module MetalShaderFormat (91)
[2018.02.02-09.28.46:938][182]LogModuleManager: Shutting down and abandoning module TextureFormatUncompressed (89)
[2018.02.02-09.28.46:938][182]LogModuleManager: Shutting down and abandoning module TextureFormatPVR (87)
[2018.02.02-09.28.46:938][182]LogModuleManager: Shutting down and abandoning module TextureFormatDXT (85)
[2018.02.02-09.28.46:938][182]LogModuleManager: Shutting down and abandoning module TextureFormatIntelISPCTexComp (83)
[2018.02.02-09.28.46:938][182]LogModuleManager: Shutting down and abandoning module TextureFormatASTC (81)
[2018.02.02-09.28.46:938][182]LogModuleManager: Shutting down and abandoning module ImageWrapper (80)
[2018.02.02-09.28.46:938][182]LogModuleManager: Shutting down and abandoning module TextureFormatAndroid (77)
[2018.02.02-09.28.46:938][182]LogModuleManager: Shutting down and abandoning module AudioFormatOpus (75)
[2018.02.02-09.28.46:938][182]LogModuleManager: Shutting down and abandoning module AudioFormatOgg (73)
[2018.02.02-09.28.46:938][182]LogModuleManager: Shutting down and abandoning module AudioFormatADPCM (71)
[2018.02.02-09.28.46:938][182]LogModuleManager: Shutting down and abandoning module WindowsTargetPlatform (69)
[2018.02.02-09.28.46:938][182]LogModuleManager: Shutting down and abandoning module WindowsServerTargetPlatform (67)
[2018.02.02-09.28.46:938][182]LogModuleManager: Shutting down and abandoning module WindowsNoEditorTargetPlatform (65)
[2018.02.02-09.28.46:938][182]LogModuleManager: Shutting down and abandoning module WindowsClientTargetPlatform (63)
[2018.02.02-09.28.46:938][182]LogModuleManager: Shutting down and abandoning module InputCore (60)
[2018.02.02-09.28.46:938][182]LogModuleManager: Shutting down and abandoning module Settings (58)
[2018.02.02-09.28.46:938][182]LogModuleManager: Shutting down and abandoning module OculusRift (56)
[2018.02.02-09.28.46:938][182]LogModuleManager: Shutting down and abandoning module GearVRController (54)
[2018.02.02-09.28.46:938][182]LogModuleManager: Shutting down and abandoning module GearVR (52)
[2018.02.02-09.28.46:938][182]LogModuleManager: Shutting down and abandoning module ExampleDeviceProfileSelector (50)
[2018.02.02-09.28.46:938][182]LogModuleManager: Shutting down and abandoning module OnlineBlueprintSupport (48)
[2018.02.02-09.28.46:938][182]LogModuleManager: Shutting down and abandoning module OnlineSubsystem (44)
[2018.02.02-09.28.46:938][182]LogOnline:Display: Unloading online subsystem: NULL
[2018.02.02-09.28.46:938][182]LogModuleManager: Shutting down and abandoning module XMPP (43)
[2018.02.02-09.28.46:938][182]LogModuleManager: Shutting down and abandoning module HTTP (41)
[2018.02.02-09.28.46:965][182]LogModuleManager: Shutting down and abandoning module SSL (40)
[2018.02.02-09.28.46:966][182]LogModuleManager: Shutting down and abandoning module HTTPChunkInstaller (36)
[2018.02.02-09.28.46:966][182]LogModuleManager: Shutting down and abandoning module AnimationModifiers (34)
[2018.02.02-09.28.46:966][182]LogModuleManager: Shutting down and abandoning module PropertyEditor (33)
[2018.02.02-09.28.46:966][182]LogModuleManager: Shutting down and abandoning module AudioEditor (30)
[2018.02.02-09.28.46:966][182]LogModuleManager: Shutting down and abandoning module TextureCompressor (28)
[2018.02.02-09.28.46:966][182]LogModuleManager: Shutting down and abandoning module ShaderCore (26)
[2018.02.02-09.28.46:966][182]LogModuleManager: Shutting down and abandoning module Landscape (24)
[2018.02.02-09.28.46:966][182]LogModuleManager: Shutting down and abandoning module SlateRHIRenderer (22)
[2018.02.02-09.28.46:966][182]LogModuleManager: Shutting down and abandoning module OpenGLDrv (20)
[2018.02.02-09.28.46:966][182]LogModuleManager: Shutting down and abandoning module D3D11RHI (18)
[2018.02.02-09.28.46:966][182]LogModuleManager: Shutting down and abandoning module AnimGraphRuntime (16)
[2018.02.02-09.28.46:966][182]LogModuleManager: Shutting down and abandoning module Renderer (14)
[2018.02.02-09.28.46:966][182]LogModuleManager: Shutting down and abandoning module Engine (12)
[2018.02.02-09.28.46:966][182]LogModuleManager: Shutting down and abandoning module CoreUObject (10)
[2018.02.02-09.28.46:966][182]LogModuleManager: Shutting down and abandoning module NetworkFile (8)
[2018.02.02-09.28.46:966][182]LogModuleManager: Shutting down and abandoning module StreamingFile (6)
[2018.02.02-09.28.46:966][182]LogModuleManager: Shutting down and abandoning module SandboxFile (4)
[2018.02.02-09.28.46:966][182]LogModuleManager: Shutting down and abandoning module PakFile (2)
[2018.02.02-09.28.46:967][182]LogExit: Exiting.
[2018.02.02-09.28.46:967][182]Log file closed, 02/02/18 09:28:46
