Log file open, 01/27/18 12:31:01
LogInit:Display: Running engine for game: RPG_Game
LogPlatformFile: Not using cached read wrapper
LogInit:Display: RandInit(-34375191) SRandInit(-34375191).
LogTaskGraph: Started task graph with 5 named threads and 12 total threads with 1 sets of task threads.
LogStats: Stats thread started at 0.619616
LogInit: Using libcurl 7.47.1
LogInit:  - built for x86_64-pc-win32
LogInit:  - supports SSL with OpenSSL/1.0.2g
LogInit:  - supports HTTP deflate (compression) using libz 1.2.8
LogInit:  - other features:
LogInit:      CURL_VERSION_SSL
LogInit:      CURL_VERSION_LIBZ
LogInit:      CURL_VERSION_IPV6
LogInit:      CURL_VERSION_ASYNCHDNS
LogInit:      CURL_VERSION_LARGEFILE
LogInit:      CURL_VERSION_IDN
LogInit:  CurlRequestOptions (configurable via config and command line):
LogInit:  - bVerifyPeer = false  - Libcurl will NOT verify peer certificate
LogInit:  - bUseHttpProxy = false  - Libcurl will NOT use HTTP proxy
LogInit:  - bDontReuseConnections = false  - Libcurl will reuse connections
LogInit:  - CertBundlePath = nullptr  - Libcurl will use whatever was configured at build time.
LogInit: Build: ++UE4+Release-4.16-CL-3561208
LogInit: Engine Version: 4.16.3-3561208+++UE4+Release-4.16
LogInit: Compatible Engine Version: 4.16.0-3452394+++UE4+Release-4.16
LogInit: Net CL: 3452394
LogDevObjectVersion: Number of dev versions registered: 16
LogDevObjectVersion:   Dev-Blueprints (B0D832E4-1F89-4F0D-ACCF-7EB736FD4AA2): 9
LogDevObjectVersion:   Dev-Build (E1C64328-A22C-4D53-A36C-8E866417BD8C): 0
LogDevObjectVersion:   Dev-Core (375EC13C-06E4-48FB-B500-84F0262A717E): 2
LogDevObjectVersion:   Dev-Editor (E4B068ED-F494-42E9-A231-DA0B2E46BB41): 17
LogDevObjectVersion:   Dev-Framework (CFFC743F-43B0-4480-9391-14DF171D2073): 23
LogDevObjectVersion:   Dev-Mobile (B02B49B5-BB20-44E9-A304-32B752E40360): 0
LogDevObjectVersion:   Dev-Networking (A4E4105C-59A1-49B5-A7C5-40C4547EDFEE): 0
LogDevObjectVersion:   Dev-Online (39C831C9-5AE6-47DC-9A44-9C173E1C8E7C): 0
LogDevObjectVersion:   Dev-Physics (78F01B33-EBEA-4F98-B9B4-84EACCB95AA2): 0
LogDevObjectVersion:   Dev-Platform (6631380F-2D4D-43E0-8009-CF276956A95A): 0
LogDevObjectVersion:   Dev-Rendering (12F88B9F-8875-4AFC-A67C-D90C383ABD29): 15
LogDevObjectVersion:   Dev-Sequencer (7B5AE74C-D270-4C10-A958-57980B212A5A): 4
LogDevObjectVersion:   Dev-VR (D7296918-1DD6-4BDD-9DE2-64A83CC13884): 0
LogDevObjectVersion:   Dev-LoadTimes (C2A15278-BFE7-4AFE-6C17-90FF531DF755): 1
LogDevObjectVersion:   Private-Geometry (6EACA3D4-40EC-4CC1-B786-8BED09428FC5): 1
LogDevObjectVersion:   Dev-AnimPhys (29E575DD-E0A3-4627-9D10-D276232CDCEA): 3
LogInit: Compiled (64-bit): Jul 28 2017 11:49:47
LogInit: Compiled with Visual C++: 19.00.24215.01
LogInit: Build Configuration: Development
LogInit: Branch Name: ++UE4+Release-4.16
LogInit: Command line:  
LogInit: Base directory: C:/Program Files/Epic Games/UE_4.16/Engine/Binaries/Win64/
LogInit: Installed Engine Build: 1
LogInit: Presizing for max 8388607 objects, including 0 objects not considered by GC, pre-allocating 0 bytes for permanent pool.
LogInit: Object subsystem initialized
[2018.01.27-12.31.02:932][  0]LogInit: Selected Device Profile: [Windows]
[2018.01.27-12.31.02:932][  0]LogInit: Applying CVar settings loaded from the selected device profile: [Windows]
[2018.01.27-12.31.02:970][  0]LogInit: Computer: SONOFMORT
[2018.01.27-12.31.02:970][  0]LogInit: User: Jordan
[2018.01.27-12.31.02:970][  0]LogInit: CPU Page size=4096, Cores=8
[2018.01.27-12.31.02:970][  0]LogInit: High frequency timer resolution =3.124997 MHz
[2018.01.27-12.31.02:970][  0]LogMemory: Memory total: Physical=8.0GB (8GB approx)
[2018.01.27-12.31.02:970][  0]LogMemory: Platform Memory Stats for Windows
[2018.01.27-12.31.02:970][  0]LogMemory: Process Physical Memory: 276.36 MB used, 276.36 MB peak
[2018.01.27-12.31.02:970][  0]LogMemory: Process Virtual Memory: 267.60 MB used, 267.60 MB peak
[2018.01.27-12.31.02:970][  0]LogMemory: Physical Memory: 3495.39 MB used,  4651.83 MB free, 8147.22 MB total
[2018.01.27-12.31.02:970][  0]LogMemory: Virtual Memory: 673.93 MB used,  4651.83 MB free, 134217728.00 MB total
[2018.01.27-12.31.03:289][  0]LogInit: Using OS detected language (en-GB).
[2018.01.27-12.31.03:289][  0]LogInit: Using OS detected locale (en-GB).
[2018.01.27-12.31.03:302][  0]LogTextLocalizationManager: No specific localization for 'en-GB' exists, so the 'en' localization will be used.
[2018.01.27-12.31.04:858][  0]LogD3D11RHI: D3D11 adapters:
[2018.01.27-12.31.04:935][  0]LogD3D11RHI:    0. 'NVIDIA GeForce GTX 1070' (Feature Level 11_0)
[2018.01.27-12.31.04:935][  0]LogD3D11RHI:       8088/0/4073 MB DedicatedVideo/DedicatedSystem/SharedSystem, Outputs:2, VendorId:0x10de
[2018.01.27-12.31.04:939][  0]LogD3D11RHI:    1. 'Microsoft Basic Render Driver' (Feature Level 11_0)
[2018.01.27-12.31.04:939][  0]LogD3D11RHI:       0/0/4073 MB DedicatedVideo/DedicatedSystem/SharedSystem, Outputs:0, VendorId:0x1414
[2018.01.27-12.31.04:939][  0]LogD3D11RHI: Chosen D3D11 Adapter: 0
[2018.01.27-12.31.04:950][  0]LogD3D11RHI: Creating new Direct3DDevice
[2018.01.27-12.31.04:951][  0]LogD3D11RHI:     GPU DeviceId: 0x1b81 (for the marketing name, search the web for "GPU Device Id")
[2018.01.27-12.31.04:951][  0]LogWindows: EnumDisplayDevices:
[2018.01.27-12.31.04:951][  0]LogWindows:    0. 'NVIDIA GeForce GTX 1070' (P:1 D:1)
[2018.01.27-12.31.04:951][  0]LogWindows:    1. 'NVIDIA GeForce GTX 1070' (P:0 D:1)
[2018.01.27-12.31.04:951][  0]LogWindows:    2. 'NVIDIA GeForce GTX 1070' (P:0 D:0)
[2018.01.27-12.31.04:951][  0]LogWindows:    3. 'NVIDIA GeForce GTX 1070' (P:0 D:0)
[2018.01.27-12.31.04:951][  0]LogWindows: DebugString: GetVideoDriverDetailsInvalid PrimaryIsNotTheChoosenAdapter GetVideoDriverDetailsInvalid PrimaryIsNotTheChoosenAdapter GetVideoDriverDetailsInvalid PrimaryIsNotTheChoosenAdapter GetVideoDriverDetailsInvalid PrimaryIsNotTheChoosenAdapter FoundDriverCount:0 
[2018.01.27-12.31.04:951][  0]LogD3D11RHI:     Adapter Name: NVIDIA GeForce GTX 1070
[2018.01.27-12.31.04:951][  0]LogD3D11RHI:   Driver Version: Unknown (internal:Unknown, unified:Unknown)
[2018.01.27-12.31.04:951][  0]LogD3D11RHI:      Driver Date: Unknown
[2018.01.27-12.31.04:951][  0]LogRHI: Texture pool is 1361 MB (70% of 1945 MB)
[2018.01.27-12.31.05:006][  0]LogD3D11RHI: Async texture creation enabled
[2018.01.27-12.31.05:063][  0]LogD3D11RHI: GPU Timing Frequency: 1000.000000 (Debug: 2 2)
[2018.01.27-12.31.05:162][  0]LogShaderCompilers: Guid format shader working directory is 22 characters bigger than the processId version (F:/FMP/RPG_Game/RPG_Game/Intermediate/Shaders/WorkingDirectory/13200/).
[2018.01.27-12.31.05:162][  0]LogShaderCompilers: Cleaned the shader compiler working directory 'C:/Users/Jordan/AppData/Local/Temp/UnrealShaderWorkingDir/CF18F23E47350B52E6400E93C1DC13BE/'.
[2018.01.27-12.31.05:163][  0]LogShaderCompilers:Display: Using Local Shader Compiler.
[2018.01.27-12.31.07:058][  0]LogTemp:Display: Loaded TP AllDesktopTargetPlatform
[2018.01.27-12.31.07:154][  0]LogTemp:Display: Loaded TP MacClientTargetPlatform
[2018.01.27-12.31.07:249][  0]LogTemp:Display: Loaded TP MacNoEditorTargetPlatform
[2018.01.27-12.31.07:341][  0]LogTemp:Display: Loaded TP MacServerTargetPlatform
[2018.01.27-12.31.07:432][  0]LogTemp:Display: Loaded TP MacTargetPlatform
[2018.01.27-12.31.07:521][  0]LogTemp:Display: Loaded TP WindowsClientTargetPlatform
[2018.01.27-12.31.07:616][  0]LogTemp:Display: Loaded TP WindowsNoEditorTargetPlatform
[2018.01.27-12.31.07:709][  0]LogTemp:Display: Loaded TP WindowsServerTargetPlatform
[2018.01.27-12.31.07:795][  0]LogTemp:Display: Loaded TP WindowsTargetPlatform
[2018.01.27-12.31.07:883][  0]LogTemp:Display: Loaded TP AndroidTargetPlatform
[2018.01.27-12.31.07:975][  0]LogTemp:Display: Loaded TP Android_ASTCTargetPlatform
[2018.01.27-12.31.08:077][  0]LogTemp:Display: Loaded TP Android_ATCTargetPlatform
[2018.01.27-12.31.08:179][  0]LogTemp:Display: Loaded TP Android_DXTTargetPlatform
[2018.01.27-12.31.08:274][  0]LogTemp:Display: Loaded TP Android_ETC1TargetPlatform
[2018.01.27-12.31.08:364][  0]LogTemp:Display: Loaded TP Android_ETC2TargetPlatform
[2018.01.27-12.31.08:550][  0]LogTemp:Display: Loaded TP Android_MultiTargetPlatform
[2018.01.27-12.31.08:550][  0]LogTemp:Display: Loaded TP Android_PVRTCTargetPlatform
[2018.01.27-12.31.08:626][  0]LogTemp:Display: Loaded TP HTML5TargetPlatform
[2018.01.27-12.31.08:787][  0]LogTemp:Display: Loaded TP IOSTargetPlatform
[2018.01.27-12.31.08:844][  0]LogTemp:Display: Loaded TP TVOSTargetPlatform
[2018.01.27-12.31.08:947][  0]LogTemp:Display: Loaded TP LinuxClientTargetPlatform
[2018.01.27-12.31.09:043][  0]LogTemp:Display: Loaded TP LinuxNoEditorTargetPlatform
[2018.01.27-12.31.09:143][  0]LogTemp:Display: Loaded TP LinuxServerTargetPlatform
[2018.01.27-12.31.09:244][  0]LogTemp:Display: Loaded TP LinuxTargetPlatform
[2018.01.27-12.31.09:244][  0]LogTargetPlatformManager:Display: Building Assets For Windows
[2018.01.27-12.31.10:318][  0]LogDerivedDataCache:Display: Max Cache Size: 512 MB
[2018.01.27-12.31.10:718][  0]LogDerivedDataCache: Loaded boot cache 0.40s 90MB C:/Users/Jordan/AppData/Local/UnrealEngine/4.16/DerivedDataCache/Boot.ddc.
[2018.01.27-12.31.10:718][  0]LogDerivedDataCache:Display: Loaded Boot cache: C:/Users/Jordan/AppData/Local/UnrealEngine/4.16/DerivedDataCache/Boot.ddc
[2018.01.27-12.31.10:718][  0]LogDerivedDataCache: FDerivedDataBackendGraph:  Pak pak cache file F:/FMP/RPG_Game/RPG_Game/DerivedDataCache/DDC.ddp not found, will not use a pak cache.
[2018.01.27-12.31.10:718][  0]LogDerivedDataCache: Unable to find inner node Pak for hierarchical cache Hierarchy.
[2018.01.27-12.31.10:718][  0]LogDerivedDataCache: FDerivedDataBackendGraph:  CompressedPak pak cache file F:/FMP/RPG_Game/RPG_Game/DerivedDataCache/Compressed.ddp not found, will not use a pak cache.
[2018.01.27-12.31.10:718][  0]LogDerivedDataCache: Unable to find inner node CompressedPak for hierarchical cache Hierarchy.
[2018.01.27-12.31.10:744][  0]LogDerivedDataCache:Display: Pak cache opened for reading ../../../Engine/DerivedDataCache/Compressed.ddp.
[2018.01.27-12.31.10:758][  0]LogDerivedDataCache: Using Local data cache path C:/Users/Jordan/AppData/Local/UnrealEngine/Common/DerivedDataCache: Writable
[2018.01.27-12.31.10:774][  0]LogMaterial: Verifying Global Shaders for PCD3D_SM5
[2018.01.27-12.31.10:779][  0]LogSlate: Using Freetype 2.6.0
[2018.01.27-12.31.10:784][  0]LogSlate: SlateFontCache - WITH_FREETYPE: 1, WITH_HARFBUZZ: 1
[2018.01.27-12.31.10:784][  0]LogSlate: SlateFontCache - WITH_FREETYPE: 1, WITH_HARFBUZZ: 1
[2018.01.27-12.31.11:921][  0]LogInit: Selected Device Profile: [Windows]
[2018.01.27-12.31.12:145][  0]LogContentStreaming: Texture pool size is 0.00 MB
[2018.01.27-12.31.12:535][  0]LogMeshUtilities: Using QuadricMeshReduction for automatic static mesh reduction
[2018.01.27-12.31.12:630][  0]LogSimplygon: Simplygon DLL not present - disabling.
[2018.01.27-12.31.12:728][  0]LogMeshUtilities: Using SimplygonSwarm for distributed automatic mesh merging
[2018.01.27-12.31.12:728][  0]LogMeshUtilities: No automatic skeletal mesh reduction module available
[2018.01.27-12.31.12:728][  0]LogMeshUtilities: No automatic mesh merging module available
[2018.01.27-12.31.13:963][  0]LogNetVersion: RPG_Game , NetCL: 3452394, EngineNetVer: 2, GameNetVer: 0 (Checksum: 2586067795)
[2018.01.27-12.31.14:083][  0]LogAssetRegistry: FAssetRegistry took 0.0295 seconds to start up
[2018.01.27-12.31.14:350][  0]LogPackageLocalizationCache: Processed 4 localized package path(s) for 2 prioritized culture(s) in 0.213368 seconds
[2018.01.27-12.31.14:360][  0]LogUObjectArray: 34194 objects as part of root set at end of initial load.
[2018.01.27-12.31.14:360][  0]LogUObjectAllocator: 7260424 out of 0 bytes used by permanent object pool.
[2018.01.27-12.31.14:360][  0]LogUObjectArray: CloseDisregardForGC: 0/0 objects in disregard for GC pool
[2018.01.27-12.31.14:493][  0]LogInit: WinSock: version 1.1 (2.2), MaxSocks=32767, MaxUdp=65467
[2018.01.27-12.31.19:564][  0]LogTcpMessaging: Initializing TcpMessaging bridge
[2018.01.27-12.31.19:630][  0]LogUdpMessaging: Initializing bridge on interface 0.0.0.0:0 to multicast group 230.0.0.1:6666.
[2018.01.27-12.31.20:678][  0]LogMaterial: Uniform references updated for custom material expression Custom.
[2018.01.27-12.31.21:483][  0]SourceControl: Info Source control is disabled
[2018.01.27-12.31.24:633][  0]LogAndroidPermission: UAndroidPermissionCallbackProxy::GetInstance
[2018.01.27-12.31.25:908][  0]LogEngine: Initializing Engine...
[2018.01.27-12.31.25:913][  0]LogHMD: Failed to initialize OpenVR with code 110
[2018.01.27-12.31.26:205][  0]LogStats: UGameplayTagsManager::ConstructGameplayTagTree: Construct from data asset -  0.000 s
[2018.01.27-12.31.26:206][  0]LogStats: UGameplayTagsManager::ConstructGameplayTagTree: GameplayTagTreeChangedEvent.Broadcast -  0.000 s
[2018.01.27-12.31.26:503][  0]LogAIModule: Creating AISystem for world Untitled
[2018.01.27-12.31.26:534][  0]LogInit: XAudio2 using 'Headset Earphone (Corsair VOID RGB USB Gaming Headset)' : 6 channels at 48 kHz using 16 bits per sample (channel mask 0x3f)
[2018.01.27-12.31.26:738][  0]LogInit: FAudioDevice initialized.
[2018.01.27-12.31.26:806][  0]LogDerivedDataCache: Saved boot cache 0.07s 90MB C:/Users/Jordan/AppData/Local/UnrealEngine/4.16/DerivedDataCache/Boot.ddc.
[2018.01.27-12.31.26:824][  0]LogInit: Texture streaming: Enabled
[2018.01.27-12.31.27:012][  0]LogEngineSessionManager: EngineSessionManager initialized
[2018.01.27-12.31.27:473][  0]LogInit: Transaction tracking system initialized
[2018.01.27-12.31.28:090][  0]BlueprintLog: New page: Editor Load
[2018.01.27-12.31.30:001][  0]LocalizationService: Info Localization service is disabled
[2018.01.27-12.31.31:404][  0]LogConsoleResponse:Display: 
[2018.01.27-12.31.31:728][  0]LogCook:Display: Max memory allowance for cook 16384mb min free memory 0mb
[2018.01.27-12.31.31:729][  0]LogCook:Display: Mobile HDR setting 1
[2018.01.27-12.31.32:336][  0]LogFileCache: Scanning file cache for directory 'F:/FMP/RPG_Game/RPG_Game/Content/' took 0.04s
[2018.01.27-12.31.34:425][  0]Cmd: MAP LOAD FILE="F:/FMP/RPG_Game/RPG_Game/Content/Maps/Tutorial.umap" TEMPLATE=0 SHOWPROGRESS=1 FEATURELEVEL=3
[2018.01.27-12.31.34:462][  0]LightingResults: New page: Lighting Build
[2018.01.27-12.31.34:562][  0]MapCheck: New page: Map Check
[2018.01.27-12.31.34:562][  0]LightingResults: New page: Lighting Build
[2018.01.27-12.31.36:400][  0]LogLinker:Warning: Can't find file '/Game/Particles/P_Whirlwind_Default_Area_01'
[2018.01.27-12.31.36:400][  0]LogLinker:Warning: Can't find file for asset '/Game/Particles/P_Whirlwind_Default_Area_01' while loading F:/FMP/RPG_Game/RPG_Game/Content/Maps/Tutorial.umap.
[2018.01.27-12.31.36:401][  0]LoadErrors:Error: Error /Game/Maps/Tutorial : Can't find file for asset. /Game/Particles/P_Whirlwind_Default_Area_01
[2018.01.27-12.31.36:401][  0]LogLinker:Warning: Can't find file '/Game/Particles/P_Whirlwind_Default_Area_01'
[2018.01.27-12.31.36:401][  0]LogLinker:Warning: Can't find file for asset '/Game/Particles/P_Whirlwind_Default_Area_01' while loading F:/FMP/RPG_Game/RPG_Game/Content/Maps/Tutorial.umap.
[2018.01.27-12.31.36:401][  0]LoadErrors:Error: Error /Game/Maps/Tutorial : Can't find file for asset. /Game/Particles/P_Whirlwind_Default_Area_01
[2018.01.27-12.31.36:403][  0]LogLinker:Warning: Can't find file '/Game/Particles/P_Whirlwind_Default_Area_01'
[2018.01.27-12.31.36:403][  0]LogLinker:Warning: Can't find file for asset '/Game/Particles/P_Whirlwind_Default_Area_01' while loading NULL.
[2018.01.27-12.31.36:403][  0]LogLinker:Warning: Can't find file '/Game/Particles/P_Whirlwind_Default_Area_01'
[2018.01.27-12.31.36:403][  0]LogLinker:Warning: Can't find file for asset '/Game/Particles/P_Whirlwind_Default_Area_01' while loading NULL.
[2018.01.27-12.31.36:434][  0]LogLinker:Warning: Can't find file '/Game/Particles/P_Whirlwind_Default_Area_01'
[2018.01.27-12.31.36:434][  0]LoadErrors: Info Failed to load /Game/Particles/P_Whirlwind_Default_Area_01.P_Whirlwind_Default_Area_01 Referenced by ParticleSystemComponent0
[2018.01.27-12.31.36:434][  0]LogLinker:Warning: Can't find file for asset '/Game/Particles/P_Whirlwind_Default_Area_01' while loading NULL.
[2018.01.27-12.31.36:434][  0]LoadErrors: Info Failed to load /Game/Particles/P_Whirlwind_Default_Area_01.P_Whirlwind_Default_Area_01 Referenced by ParticleSystemComponent0
[2018.01.27-12.31.36:434][  0]LogLinker:Warning: Can't find file '/Game/Particles/P_Whirlwind_Default_Area_01'
[2018.01.27-12.31.36:434][  0]LoadErrors: Info Failed to load /Game/Particles/P_Whirlwind_Default_Area_01.P_Whirlwind_Default_Area_01 Referenced by ParticleSystemComponent0
[2018.01.27-12.31.36:434][  0]LogLinker:Warning: Can't find file for asset '/Game/Particles/P_Whirlwind_Default_Area_01' while loading NULL.
[2018.01.27-12.31.36:434][  0]LoadErrors: Info Failed to load /Game/Particles/P_Whirlwind_Default_Area_01.P_Whirlwind_Default_Area_01 Referenced by ParticleSystemComponent0
[2018.01.27-12.31.36:962][  0]LogAIModule: Creating AISystem for world Tutorial
[2018.01.27-12.31.37:161][  0]LogEditorServer: Finished looking for orphan Actors (0.000 secs)
[2018.01.27-12.31.37:220][  0]Cmd: MAP CHECKDEP NOCLEARLOG
[2018.01.27-12.31.37:339][  0]MapCheck: Info Map check complete: 0 Error(s), 0 Warning(s), took 119.03ms to complete.
[2018.01.27-12.31.37:339][  0]LogFileHelpers: Loading map 'Tutorial' took 2.933
[2018.01.27-12.31.37:621][  0]LogCollectionManager: Loaded 0 collections in 0.002701 seconds
[2018.01.27-12.31.37:769][  0]LogFileCache: Scanning file cache for directory 'F:/FMP/RPG_Game/RPG_Game/Saved/Collections/' took 0.01s
[2018.01.27-12.31.37:769][  0]LogFileCache: Scanning file cache for directory 'F:/FMP/RPG_Game/RPG_Game/Content/Developers/Jordan/Collections/' took 0.01s
[2018.01.27-12.31.37:769][  0]LogFileCache: Scanning file cache for directory 'F:/FMP/RPG_Game/RPG_Game/Content/Collections/' took 0.01s
[2018.01.27-12.31.37:769][  0]LogCollectionManager: Rebuilt the GUID cache for 0 collections in 0.000002 seconds
[2018.01.27-12.31.37:784][  0]LogContentBrowser: Native class hierarchy populated in 0.0136 seconds. Added 2329 classes and 491 folders.
[2018.01.27-12.31.37:916][  0]LogContentBrowser: Native class hierarchy updated for 'WidgetCarousel' in 0.0012 seconds. Added 0 classes and 0 folders.
[2018.01.27-12.31.38:095][  0]LogContentBrowser: Native class hierarchy updated for 'AddContentDialog' in 0.0010 seconds. Added 0 classes and 0 folders.
[2018.01.27-12.31.38:187][  0]LogContentBrowser: Native class hierarchy updated for 'SceneOutliner' in 0.0008 seconds. Added 1 classes and 2 folders.
[2018.01.27-12.31.38:306][  0]LogCrashTracker: Crashtracker disabled due to settings.
[2018.01.27-12.31.38:326][  0]LogSlate: Took 0.001578 seconds to synchronously load lazily loaded font '../../../Engine/Content/Slate/Fonts/Roboto-Regular.ttf' (155K)
[2018.01.27-12.31.38:335][  0]LogSlate: Took 0.001404 seconds to synchronously load lazily loaded font '../../../Engine/Content/Slate/Fonts/Roboto-Bold.ttf' (160K)
[2018.01.27-12.31.38:340][  0]LogSlate: Took 0.001393 seconds to synchronously load lazily loaded font '../../../Engine/Content/Editor/Slate/Fonts/FontAwesome.ttf' (139K)
[2018.01.27-12.31.38:445][  0]LogRenderer: Reallocating scene render targets to support 1528x624 NumSamples 1 (Frame:1).
[2018.01.27-12.31.38:715][  0]LogUObjectGlobals:Warning: Failed to find object 'Class None.'
[2018.01.27-12.31.38:827][  0]LogContentBrowser: Native class hierarchy updated for 'HierarchicalLODOutliner' in 0.0009 seconds. Added 1 classes and 2 folders.
[2018.01.27-12.31.38:827][  0]LogLoad: (Engine Initialization) Total time: 40.43 seconds
[2018.01.27-12.31.38:827][  0]LogLoad: (Engine Initialization) Total Blueprint compile time: 0.24 seconds
[2018.01.27-12.31.38:827][  0]LogExternalProfiler: No external profilers were discovered.  External profiling features will not be available.
[2018.01.27-12.31.39:168][  0]LogOcInput: OculusInput pre-init called
[2018.01.27-12.31.39:168][  0]LogHMD: Starting GearVRController plugin
[2018.01.27-12.31.39:201][  0]SourceControl: Info On branch master
[2018.01.27-12.31.39:201][  0]SourceControl: Info Your branch is up to date with 'origin/master'.
[2018.01.27-12.31.39:201][  0]SourceControl: Info Changes not staged for commit:
[2018.01.27-12.31.39:201][  0]SourceControl: Info   (use "git add/rm <file>..." to update what will be committed)
[2018.01.27-12.31.39:201][  0]SourceControl: Info   (use "git checkout -- <file>..." to discard changes in working directory)
[2018.01.27-12.31.39:201][  0]SourceControl: Info 	modified:   Content/Assets/Island/M_Ground.uasset
[2018.01.27-12.31.39:201][  0]SourceControl: Info 	modified:   Content/Assets/Island/M_Lava.uasset
[2018.01.27-12.31.39:201][  0]SourceControl: Info 	modified:   Content/Assets/Island/M_Sand.uasset
[2018.01.27-12.31.39:201][  0]SourceControl: Info 	modified:   Content/Assets/Island/M_Volcano.uasset
[2018.01.27-12.31.39:201][  0]SourceControl: Info 	modified:   Content/Maps/HelloWorld.umap
[2018.01.27-12.31.39:201][  0]SourceControl: Info 	modified:   Content/Maps/HelloWorld_BuiltData.uasset
[2018.01.27-12.31.39:201][  0]SourceControl: Info 	modified:   Content/Materials/Landscape/Grass.uasset
[2018.01.27-12.31.39:201][  0]SourceControl: Info 	modified:   Content/Materials/Landscape/Landscape.uasset
[2018.01.27-12.31.39:201][  0]SourceControl: Info 	deleted:    Content/Particles/P_AuraCircle_Ice_Vortex_01.uasset
[2018.01.27-12.31.39:201][  0]SourceControl: Info 	deleted:    Content/Particles/P_Whirlwind_Default_Area_01.uasset
[2018.01.27-12.31.39:201][  0]SourceControl: Info 	modified:   Content/Water/LargeWater/LargeWater.uasset
[2018.01.27-12.31.39:201][  0]SourceControl: Info 	modified:   Content/Water/LargeWater/M_Water_Inst.uasset
[2018.01.27-12.31.39:201][  0]SourceControl: Info 	modified:   Content/Water/Smallwater/M_Water.uasset
[2018.01.27-12.31.39:201][  0]SourceControl: Info 	modified:   Intermediate/AssetRegistryCache/311563bb.bin
[2018.01.27-12.31.39:201][  0]SourceControl: Info 	modified:   Intermediate/AssetRegistryCache/c90e3f55.bin
[2018.01.27-12.31.39:201][  0]SourceControl: Info 	modified:   Intermediate/CachedAssetRegistry.bin
[2018.01.27-12.31.39:201][  0]SourceControl: Info 	modified:   Saved/AutoScreenshot.png
[2018.01.27-12.31.39:201][  0]SourceControl: Info 	modified:   Saved/Autosaves/Game/Maps/HelloWorld_Auto1.umap
[2018.01.27-12.31.39:201][  0]SourceControl: Info 	modified:   Saved/Autosaves/Game/Maps/HelloWorld_Auto2.umap
[2018.01.27-12.31.39:201][  0]SourceControl: Info 	modified:   Saved/Autosaves/Game/Maps/HelloWorld_Auto3.umap
[2018.01.27-12.31.39:201][  0]SourceControl: Info 	modified:   Saved/Autosaves/Game/Maps/HelloWorld_Auto4.umap
[2018.01.27-12.31.39:202][  0]SourceControl: Info 	modified:   Saved/Autosaves/Game/Maps/HelloWorld_BuiltData_Auto1.uasset
[2018.01.27-12.31.39:202][  0]SourceControl: Info 	modified:   Saved/Autosaves/Game/Maps/HelloWorld_BuiltData_Auto2.uasset
[2018.01.27-12.31.39:202][  0]SourceControl: Info 	modified:   Saved/Autosaves/Game/Maps/HelloWorld_BuiltData_Auto3.uasset
[2018.01.27-12.31.39:202][  0]SourceControl: Info 	modified:   Saved/Autosaves/Game/Maps/HelloWorld_BuiltData_Auto4.uasset
[2018.01.27-12.31.39:202][  0]SourceControl: Info 	modified:   Saved/Autosaves/Game/Materials/Landscape/Landscape_Auto6.uasset
[2018.01.27-12.31.39:202][  0]SourceControl: Info 	deleted:    Saved/Backup/BJeff_2017-11-23-21-58-57.uasset
[2018.01.27-12.31.39:202][  0]SourceControl: Info 	deleted:    Saved/Backup/BJeff_2017-11-24-00-46-40.uasset
[2018.01.27-12.31.39:202][  0]SourceControl: Info 	deleted:    Saved/Backup/BJeff_2017-11-24-01-06-07.uasset
[2018.01.27-12.31.39:202][  0]SourceControl: Info 	deleted:    Saved/Backup/BP_Sky_Sphere_2017-11-16-21-47-19.uasset
[2018.01.27-12.31.39:202][  0]SourceControl: Info 	deleted:    Saved/Backup/ChangeLevel_2017-11-24-01-10-12.uasset
[2018.01.27-12.31.39:202][  0]SourceControl: Info 	deleted:    Saved/Backup/ChangeLevel_2017-11-24-01-15-29.uasset
[2018.01.27-12.31.39:202][  0]SourceControl: Info 	deleted:    Saved/Backup/ChangeLevel_2017-11-24-01-21-14.uasset
[2018.01.27-12.31.39:202][  0]SourceControl: Info 	deleted:    Saved/Backup/DoorBP_2017-11-27-12-21-18.uasset
[2018.01.27-12.31.39:202][  0]SourceControl: Info 	deleted:    Saved/Backup/DoorBP_2017-11-27-12-26-24.uasset
[2018.01.27-12.31.39:202][  0]SourceControl: Info 	deleted:    Saved/Backup/DoorBP_2017-11-27-12-35-17.uasset
[2018.01.27-12.31.39:202][  0]SourceControl: Info 	deleted:    Saved/Backup/DoorBP_2017-11-27-12-40-33.uasset
[2018.01.27-12.31.39:202][  0]SourceControl: Info 	deleted:    Saved/Backup/DoorBP_2017-11-27-13-44-53.uasset
[2018.01.27-12.31.39:202][  0]SourceControl: Info 	deleted:    Saved/Backup/DoorBP_2017-11-27-13-50-08.uasset
[2018.01.27-12.31.39:202][  0]SourceControl: Info 	deleted:    Saved/Backup/ExitHUD_2017-11-24-00-59-26.uasset
[2018.01.27-12.31.39:202][  0]SourceControl: Info 	deleted:    Saved/Backup/ExitHUD_2017-11-24-01-06-07.uasset
[2018.01.27-12.31.39:202][  0]SourceControl: Info 	deleted:    Saved/Backup/ExitHUD_2017-11-24-01-20-35.uasset
[2018.01.27-12.31.39:202][  0]SourceControl: Info 	deleted:    Saved/Backup/ExitHUD_2017-11-27-12-30-45.uasset
[2018.01.27-12.31.39:202][  0]SourceControl: Info 	deleted:    Saved/Backup/HelloWorld_2017-11-15-10-01-05.umap
[2018.01.27-12.31.39:202][  0]SourceControl: Info 	deleted:    Saved/Backup/HelloWorld_2017-11-15-11-33-04.umap
[2018.01.27-12.31.39:202][  0]SourceControl: Info 	deleted:    Saved/Backup/HelloWorld_2017-11-15-20-22-10.umap
[2018.01.27-12.31.39:202][  0]SourceControl: Info 	deleted:    Saved/Backup/JeffBP_2017-11-18-22-12-38.uasset
[2018.01.27-12.31.39:202][  0]SourceControl: Info 	deleted:    Saved/Backup/Landscape_2017-11-15-11-43-34.uasset
[2018.01.27-12.31.39:202][  0]SourceControl: Info 	deleted:    Saved/Backup/Landscape_2017-11-15-17-47-27.uasset
[2018.01.27-12.31.39:202][  0]SourceControl: Info 	deleted:    Saved/Backup/M_Blue_2017-11-15-09-54-30.uasset
[2018.01.27-12.31.39:202][  0]SourceControl: Info 	deleted:    Saved/Backup/M_DarkLeaves_2017-11-15-09-54-30.uasset
[2018.01.27-12.31.39:202][  0]SourceControl: Info 	deleted:    Saved/Backup/M_Door_2017-11-27-11-53-31.uasset
[2018.01.27-12.31.39:202][  0]SourceControl: Info 	deleted:    Saved/Backup/M_House01_2017-11-14-19-54-02.uasset
[2018.01.27-12.31.39:202][  0]SourceControl: Info 	deleted:    Saved/Backup/M_Leaves_2017-11-15-09-54-30.uasset
[2018.01.27-12.31.39:202][  0]SourceControl: Info 	deleted:    Saved/Backup/M_Rose_2017-11-15-09-54-30.uasset
[2018.01.27-12.31.39:202][  0]SourceControl: Info 	deleted:    Saved/Backup/M_Yellow_2017-11-15-09-54-30.uasset
[2018.01.27-12.31.39:202][  0]SourceControl: Info 	deleted:    Saved/Backup/NewLevelPortal_2017-11-15-09-58-25.uasset
[2018.01.27-12.31.39:202][  0]SourceControl: Info 	deleted:    Saved/Backup/NewLevelPortal_2017-11-15-10-17-39.uasset
[2018.01.27-12.31.39:202][  0]SourceControl: Info 	deleted:    Saved/Backup/NewLevelPortal_2017-11-24-00-48-02.uasset
[2018.01.27-12.31.39:202][  0]SourceControl: Info 	deleted:    Saved/Backup/NewLevelPortal_2017-11-24-00-53-44.uasset
[2018.01.27-12.31.39:202][  0]SourceControl: Info 	deleted:    Saved/Backup/NewLevelPortal_2017-11-24-01-06-07.uasset
[2018.01.27-12.31.39:202][  0]SourceControl: Info 	deleted:    Saved/Backup/NewMaterial_2017-11-13-14-01-53.uasset
[2018.01.27-12.31.39:202][  0]SourceControl: Info 	deleted:    Saved/Backup/OakTreeLeaf_2017-11-13-14-19-49.uasset
[2018.01.27-12.31.39:202][  0]SourceControl: Info 	deleted:    Saved/Backup/OakTreeLeaf_2017-11-13-14-42-31.uasset
[2018.01.27-12.31.39:202][  0]SourceControl: Info 	deleted:    Saved/Backup/OakTreeLeaf_2017-11-14-19-54-03.uasset
[2018.01.27-12.31.39:202][  0]SourceControl: Info 	deleted:    Saved/Backup/OakTreeTrunk_2017-11-13-14-19-49.uasset
[2018.01.27-12.31.39:202][  0]SourceControl: Info 	deleted:    Saved/Backup/OakTreeTrunk_2017-11-13-14-42-44.uasset
[2018.01.27-12.31.39:202][  0]SourceControl: Info 	deleted:    Saved/Backup/OakTreeTrunk_2017-11-13-14-48-32.uasset
[2018.01.27-12.31.39:202][  0]SourceControl: Info 	deleted:    Saved/Backup/OakTreeTrunk_2017-11-16-21-47-20.uasset
[2018.01.27-12.31.39:202][  0]SourceControl: Info 	deleted:    Saved/Backup/P_AuraCircle_Ice_Vortex_01_2017-11-14-13-45-06.uasset
[2018.01.27-12.31.39:202][  0]SourceControl: Info 	deleted:    Saved/Backup/PlayerCharacter_2017-11-23-22-08-22.uasset
[2018.01.27-12.31.39:202][  0]SourceControl: Info 	deleted:    Saved/Backup/PlayerCharacter_2017-11-23-22-14-43.uasset
[2018.01.27-12.31.39:202][  0]SourceControl: Info 	deleted:    Saved/Backup/PlayerCharacter_2017-11-23-22-23-41.uasset
[2018.01.27-12.31.39:202][  0]SourceControl: Info 	deleted:    Saved/Backup/PlayerCharacter_2017-11-23-22-28-53.uasset
[2018.01.27-12.31.39:202][  0]SourceControl: Info 	deleted:    Saved/Backup/PlayerCharacter_2017-11-23-22-38-01.uasset
[2018.01.27-12.31.39:202][  0]SourceControl: Info 	deleted:    Saved/Backup/PlayerCharacter_2017-11-23-22-43-29.uasset
[2018.01.27-12.31.39:202][  0]SourceControl: Info 	deleted:    Saved/Backup/PlayerCharacter_2017-11-23-22-48-42.uasset
[2018.01.27-12.31.39:202][  0]SourceControl: Info 	deleted:    Saved/Backup/PlayerCharacter_2017-11-23-22-54-20.uasset
[2018.01.27-12.31.39:202][  0]SourceControl: Info 	deleted:    Saved/Backup/PlayerCharacter_2017-11-23-23-03-03.uasset
[2018.01.27-12.31.39:202][  0]SourceControl: Info 	deleted:    Saved/Backup/PlayerCharacter_2017-11-24-00-20-41.uasset
[2018.01.27-12.31.39:202][  0]SourceControl: Info 	deleted:    Saved/Backup/PlayerCharacter_2017-11-24-00-28-00.uasset
[2018.01.27-12.31.39:202][  0]SourceControl: Info 	deleted:    Saved/Backup/PlayerCharacter_2017-11-24-00-34-01.uasset
[2018.01.27-12.31.39:202][  0]SourceControl: Info 	deleted:    Saved/Backup/PlayerCharacter_2017-11-24-00-40-11.uasset
[2018.01.27-12.31.39:202][  0]SourceControl: Info 	deleted:    Saved/Backup/PlayerCharacter_2017-11-24-00-45-14.uasset
[2018.01.27-12.31.39:202][  0]SourceControl: Info 	deleted:    Saved/Backup/PlayerCharacter_2017-11-24-00-52-48.uasset
[2018.01.27-12.31.39:202][  0]SourceControl: Info 	deleted:    Saved/Backup/PlayerCharacter_2017-11-24-01-04-31.uasset
[2018.01.27-12.31.39:202][  0]SourceControl: Info 	deleted:    Saved/Backup/RPGGM_2017-11-23-22-20-57.uasset
[2018.01.27-12.31.39:202][  0]SourceControl: Info 	deleted:    Saved/Backup/RPGGM_2017-11-24-01-06-07.uasset
[2018.01.27-12.31.39:202][  0]SourceControl: Info 	deleted:    Saved/Backup/RPGGM_2017-11-24-01-15-46.uasset
[2018.01.27-12.31.39:202][  0]SourceControl: Info 	deleted:    Saved/Backup/RPGGM_2017-11-24-01-23-38.uasset
[2018.01.27-12.31.39:202][  0]SourceControl: Info 	deleted:    Saved/Backup/Rock_2017-11-13-14-31-47.uasset
[2018.01.27-12.31.39:202][  0]SourceControl: Info 	deleted:    Saved/Backup/Rock_2017-11-13-14-37-08.uasset
[2018.01.27-12.31.39:202][  0]SourceControl: Info 	deleted:    Saved/Backup/Rock_2017-11-14-12-41-02.uasset
[2018.01.27-12.31.39:202][  0]SourceControl: Info 	deleted:    Saved/Backup/RyansCommit_2017-11-18-22-05-56.uasset
[2018.01.27-12.31.39:202][  0]SourceControl: Info 	deleted:    Saved/Backup/SpruceTreeLeaf_2017-11-14-12-39-23.uasset
[2018.01.27-12.31.39:202][  0]SourceControl: Info 	deleted:    Saved/Backup/SpruceTreeTrunk_2017-11-14-12-41-02.uasset
[2018.01.27-12.31.39:202][  0]SourceControl: Info 	deleted:    Saved/Backup/ThirdPersonCharacter_2017-11-13-15-47-01.uasset
[2018.01.27-12.31.39:203][  0]SourceControl: Info 	deleted:    Saved/Backup/ThirdPersonCharacter_2017-11-14-16-34-45.uasset
[2018.01.27-12.31.39:203][  0]SourceControl: Info 	deleted:    Saved/Backup/ThirdPersonCharacter_2017-11-14-18-34-59.uasset
[2018.01.27-12.31.39:203][  0]SourceControl: Info 	deleted:    Saved/Backup/ThirdPersonCharacter_2017-11-15-10-18-23.uasset
[2018.01.27-12.31.39:203][  0]SourceControl: Info 	deleted:    Saved/Backup/ThirdPersonCharacter_2017-11-15-20-22-10.uasset
[2018.01.27-12.31.39:203][  0]SourceControl: Info 	deleted:    Saved/Backup/ThirdPersonCharacter_2017-11-15-20-42-31.uasset
[2018.01.27-12.31.39:203][  0]SourceControl: Info 	deleted:    Saved/Backup/ThirdPersonPlayer_2017-11-24-01-08-24.uasset
[2018.01.27-12.31.39:203][  0]SourceControl: Info 	deleted:    Saved/Backup/ThirdPersonPlayer_2017-11-24-01-15-58.uasset
[2018.01.27-12.31.39:203][  0]SourceControl: Info 	deleted:    Saved/Backup/ThirdPersonPlayer_2017-11-27-13-29-05.uasset
[2018.01.27-12.31.39:203][  0]SourceControl: Info 	deleted:    Saved/Backup/ThirdPersonPlayer_2017-11-27-13-43-49.uasset
[2018.01.27-12.31.39:203][  0]SourceControl: Info 	deleted:    Saved/Backup/ThirdPersonPlayer_2017-11-27-13-55-15.uasset
[2018.01.27-12.31.39:203][  0]SourceControl: Info 	deleted:    Saved/Backup/Tutorial_2017-11-13-14-04-21.umap
[2018.01.27-12.31.39:203][  0]SourceControl: Info 	deleted:    Saved/Backup/Tutorial_2017-11-13-14-19-49.umap
[2018.01.27-12.31.39:203][  0]SourceControl: Info 	deleted:    Saved/Backup/Tutorial_2017-11-13-14-27-36.umap
[2018.01.27-12.31.39:203][  0]SourceControl: Info 	deleted:    Saved/Backup/Tutorial_2017-11-13-14-38-31.umap
[2018.01.27-12.31.39:203][  0]SourceControl: Info 	deleted:    Saved/Backup/Tutorial_2017-11-13-14-48-23.umap
[2018.01.27-12.31.39:203][  0]SourceControl: Info 	deleted:    Saved/Backup/Tutorial_2017-11-13-15-00-48.umap
[2018.01.27-12.31.39:203][  0]SourceControl: Info 	deleted:    Saved/Backup/Tutorial_2017-11-13-15-16-11.umap
[2018.01.27-12.31.39:203][  0]SourceControl: Info 	deleted:    Saved/Backup/Tutorial_2017-11-13-15-24-46.umap
[2018.01.27-12.31.39:203][  0]SourceControl: Info 	deleted:    Saved/Backup/Tutorial_2017-11-13-15-37-26.umap
[2018.01.27-12.31.39:203][  0]SourceControl: Info 	deleted:    Saved/Backup/Tutorial_2017-11-13-15-47-01.umap
[2018.01.27-12.31.39:203][  0]SourceControl: Info 	deleted:    Saved/Backup/Tutorial_2017-11-13-15-53-10.umap
[2018.01.27-12.31.39:203][  0]SourceControl: Info 	deleted:    Saved/Backup/Tutorial_2017-11-14-12-26-17.umap
[2018.01.27-12.31.39:203][  0]SourceControl: Info 	deleted:    Saved/Backup/Tutorial_2017-11-14-12-41-01.umap
[2018.01.27-12.31.39:203][  0]SourceControl: Info 	deleted:    Saved/Backup/Tutorial_2017-11-14-12-54-34.umap
[2018.01.27-12.31.39:203][  0]SourceControl: Info 	deleted:    Saved/Backup/Tutorial_2017-11-14-13-05-51.umap
[2018.01.27-12.31.39:203][  0]SourceControl: Info 	deleted:    Saved/Backup/Tutorial_2017-11-14-13-16-53.umap
[2018.01.27-12.31.39:203][  0]SourceControl: Info 	deleted:    Saved/Backup/Tutorial_2017-11-14-13-26-33.umap
[2018.01.27-12.31.39:203][  0]SourceControl: Info 	deleted:    Saved/Backup/Tutorial_2017-11-14-16-53-01.umap
[2018.01.27-12.31.39:203][  0]SourceControl: Info 	deleted:    Saved/Backup/Tutorial_2017-11-14-18-34-07.umap
[2018.01.27-12.31.39:203][  0]SourceControl: Info 	deleted:    Saved/Backup/Tutorial_2017-11-14-18-47-29.umap
[2018.01.27-12.31.39:203][  0]SourceControl: Info 	deleted:    Saved/Backup/Tutorial_2017-11-14-18-59-44.umap
[2018.01.27-12.31.39:203][  0]SourceControl: Info 	deleted:    Saved/Backup/Tutorial_2017-11-14-19-53-49.umap
[2018.01.27-12.31.39:203][  0]SourceControl: Info 	deleted:    Saved/Backup/Tutorial_2017-11-15-09-21-06.umap
[2018.01.27-12.31.39:203][  0]SourceControl: Info 	deleted:    Saved/Backup/Tutorial_2017-11-15-09-42-24.umap
[2018.01.27-12.31.39:203][  0]SourceControl: Info 	deleted:    Saved/Backup/Tutorial_2017-11-15-09-54-30.umap
[2018.01.27-12.31.39:203][  0]SourceControl: Info 	deleted:    Saved/Backup/Tutorial_2017-11-15-10-09-43.umap
[2018.01.27-12.31.39:203][  0]SourceControl: Info 	deleted:    Saved/Backup/Tutorial_2017-11-15-10-15-46.umap
[2018.01.27-12.31.39:203][  0]SourceControl: Info 	deleted:    Saved/Backup/Tutorial_2017-11-15-10-26-20.umap
[2018.01.27-12.31.39:203][  0]SourceControl: Info 	deleted:    Saved/Backup/Tutorial_2017-11-15-11-26-00.umap
[2018.01.27-12.31.39:203][  0]SourceControl: Info 	deleted:    Saved/Backup/Tutorial_2017-11-15-11-32-55.umap
[2018.01.27-12.31.39:203][  0]SourceControl: Info 	deleted:    Saved/Backup/Tutorial_2017-11-15-11-47-49.umap
[2018.01.27-12.31.39:203][  0]SourceControl: Info 	deleted:    Saved/Backup/Tutorial_2017-11-15-17-20-18.umap
[2018.01.27-12.31.39:203][  0]SourceControl: Info 	deleted:    Saved/Backup/Tutorial_2017-11-15-17-30-30.umap
[2018.01.27-12.31.39:203][  0]SourceControl: Info 	deleted:    Saved/Backup/Tutorial_2017-11-15-17-40-54.umap
[2018.01.27-12.31.39:203][  0]SourceControl: Info 	deleted:    Saved/Backup/Tutorial_2017-11-15-17-47-25.umap
[2018.01.27-12.31.39:203][  0]SourceControl: Info 	deleted:    Saved/Backup/Tutorial_2017-11-15-20-42-28.umap
[2018.01.27-12.31.39:203][  0]SourceControl: Info 	deleted:    Saved/Backup/Tutorial_2017-11-15-22-13-59.umap
[2018.01.27-12.31.39:203][  0]SourceControl: Info 	deleted:    Saved/Backup/Tutorial_2017-11-16-21-47-14.umap
[2018.01.27-12.31.39:203][  0]SourceControl: Info 	deleted:    Saved/Backup/Tutorial_2017-11-18-21-50-37.umap
[2018.01.27-12.31.39:203][  0]SourceControl: Info 	deleted:    Saved/Backup/Tutorial_2017-11-18-21-56-38.umap
[2018.01.27-12.31.39:203][  0]SourceControl: Info 	deleted:    Saved/Backup/Tutorial_2017-11-18-22-01-44.umap
[2018.01.27-12.31.39:203][  0]SourceControl: Info 	deleted:    Saved/Backup/Tutorial_2017-11-24-00-58-02.umap
[2018.01.27-12.31.39:203][  0]SourceControl: Info 	deleted:    Saved/Backup/Tutorial_2017-11-24-01-07-44.umap
[2018.01.27-12.31.39:203][  0]SourceControl: Info 	deleted:    Saved/Backup/Tutorial_2017-11-24-01-12-55.umap
[2018.01.27-12.31.39:203][  0]SourceControl: Info 	deleted:    Saved/Backup/Tutorial_2017-11-24-01-19-32.umap
[2018.01.27-12.31.39:203][  0]SourceControl: Info 	deleted:    Saved/Backup/Tutorial_2017-11-27-13-14-51.umap
[2018.01.27-12.31.39:203][  0]SourceControl: Info 	deleted:    Saved/Backup/Tutorial_2017-11-27-13-44-31.umap
[2018.01.27-12.31.39:203][  0]SourceControl: Info 	deleted:    Saved/Backup/Tutorial_2017-11-27-13-51-09.umap
[2018.01.27-12.31.39:203][  0]SourceControl: Info 	deleted:    Saved/Backup/Tutorial_BuiltData_2017-11-13-14-19-49.uasset
[2018.01.27-12.31.39:203][  0]SourceControl: Info 	deleted:    Saved/Backup/Tutorial_BuiltData_2017-11-13-14-27-36.uasset
[2018.01.27-12.31.39:203][  0]SourceControl: Info 	deleted:    Saved/Backup/Tutorial_BuiltData_2017-11-13-14-38-32.uasset
[2018.01.27-12.31.39:203][  0]SourceControl: Info 	deleted:    Saved/Backup/Tutorial_BuiltData_2017-11-13-14-48-24.uasset
[2018.01.27-12.31.39:203][  0]SourceControl: Info 	deleted:    Saved/Backup/Tutorial_BuiltData_2017-11-13-15-16-12.uasset
[2018.01.27-12.31.39:203][  0]SourceControl: Info 	deleted:    Saved/Backup/Tutorial_BuiltData_2017-11-13-15-24-46.uasset
[2018.01.27-12.31.39:203][  0]SourceControl: Info 	deleted:    Saved/Backup/Tutorial_BuiltData_2017-11-13-15-41-54.uasset
[2018.01.27-12.31.39:203][  0]SourceControl: Info 	deleted:    Saved/Backup/Tutorial_BuiltData_2017-11-13-15-47-01.uasset
[2018.01.27-12.31.39:203][  0]SourceControl: Info 	deleted:    Saved/Backup/Tutorial_BuiltData_2017-11-14-12-54-34.uasset
[2018.01.27-12.31.39:203][  0]SourceControl: Info 	deleted:    Saved/Backup/Tutorial_BuiltData_2017-11-14-13-05-51.uasset
[2018.01.27-12.31.39:203][  0]SourceControl: Info 	deleted:    Saved/Backup/Tutorial_BuiltData_2017-11-14-13-16-53.uasset
[2018.01.27-12.31.39:203][  0]SourceControl: Info 	deleted:    Saved/Backup/Tutorial_BuiltData_2017-11-14-13-26-33.uasset
[2018.01.27-12.31.39:204][  0]SourceControl: Info 	deleted:    Saved/Backup/Tutorial_BuiltData_2017-11-14-18-35-46.uasset
[2018.01.27-12.31.39:204][  0]SourceControl: Info 	deleted:    Saved/Backup/Tutorial_BuiltData_2017-11-15-09-54-30.uasset
[2018.01.27-12.31.39:204][  0]SourceControl: Info 	deleted:    Saved/Backup/Tutorial_BuiltData_2017-11-15-10-09-44.uasset
[2018.01.27-12.31.39:204][  0]SourceControl: Info 	deleted:    Saved/Backup/Tutorial_BuiltData_2017-11-15-10-15-47.uasset
[2018.01.27-12.31.39:204][  0]SourceControl: Info 	deleted:    Saved/Backup/Tutorial_BuiltData_2017-11-15-11-26-01.uasset
[2018.01.27-12.31.39:204][  0]SourceControl: Info 	deleted:    Saved/Backup/Tutorial_BuiltData_2017-11-15-11-32-55.uasset
[2018.01.27-12.31.39:204][  0]SourceControl: Info 	deleted:    Saved/Backup/Tutorial_BuiltData_2017-11-15-11-47-50.uasset
[2018.01.27-12.31.39:204][  0]SourceControl: Info 	deleted:    Saved/Backup/Tutorial_BuiltData_2017-11-15-17-20-18.uasset
[2018.01.27-12.31.39:204][  0]SourceControl: Info 	deleted:    Saved/Backup/Tutorial_BuiltData_2017-11-15-17-47-25.uasset
[2018.01.27-12.31.39:204][  0]SourceControl: Info 	deleted:    Saved/Backup/Tutorial_BuiltData_2017-11-15-20-42-29.uasset
[2018.01.27-12.31.39:204][  0]SourceControl: Info 	deleted:    Saved/Backup/Tutorial_BuiltData_2017-11-15-22-13-59.uasset
[2018.01.27-12.31.39:204][  0]SourceControl: Info 	deleted:    Saved/Backup/Tutorial_BuiltData_2017-11-16-21-47-15.uasset
[2018.01.27-12.31.39:204][  0]SourceControl: Info 	deleted:    Saved/Backup/Tutorial_BuiltData_2017-11-18-21-56-39.uasset
[2018.01.27-12.31.39:204][  0]SourceControl: Info 	deleted:    Saved/Backup/Tutorial_BuiltData_2017-11-18-22-01-45.uasset
[2018.01.27-12.31.39:204][  0]SourceControl: Info 	deleted:    Saved/Backup/Tutorial_BuiltData_2017-11-24-01-07-44.uasset
[2018.01.27-12.31.39:204][  0]SourceControl: Info 	deleted:    Saved/Backup/Tutorial_BuiltData_2017-11-24-01-16-31.uasset
[2018.01.27-12.31.39:204][  0]SourceControl: Info 	deleted:    Saved/Backup/Tutorial_BuiltData_2017-11-24-01-21-59.uasset
[2018.01.27-12.31.39:204][  0]SourceControl: Info 	deleted:    Saved/Backup/Tutorial_BuiltData_2017-11-27-12-54-11.uasset
[2018.01.27-12.31.39:204][  0]SourceControl: Info 	deleted:    Saved/Backup/Tutorial_BuiltData_2017-11-27-13-14-51.uasset
[2018.01.27-12.31.39:204][  0]SourceControl: Info 	deleted:    Saved/Backup/Tutorial_BuiltData_2017-11-27-13-44-41.uasset
[2018.01.27-12.31.39:204][  0]SourceControl: Info 	deleted:    Saved/Backup/Tutorial_BuiltData_2017-11-27-13-51-09.uasset
[2018.01.27-12.31.39:204][  0]SourceControl: Info 	deleted:    Saved/Backup/Wall_2017-11-14-13-26-31.uasset
[2018.01.27-12.31.39:204][  0]SourceControl: Info 	deleted:    Saved/Backup/White_2017-11-13-15-47-02.uasset
[2018.01.27-12.31.39:204][  0]SourceControl: Info 	deleted:    Saved/Backup/portalAttenuation_2017-11-15-10-11-07.uasset
[2018.01.27-12.31.39:204][  0]SourceControl: Info 	deleted:    Saved/Backup/roof_2017-11-16-21-47-20.uasset
[2018.01.27-12.31.39:204][  0]SourceControl: Info 	deleted:    Saved/Backup/stone_2017-11-14-13-05-51.uasset
[2018.01.27-12.31.39:204][  0]SourceControl: Info 	deleted:    Saved/Backup/stone_2017-11-16-21-47-20.uasset
[2018.01.27-12.31.39:204][  0]SourceControl: Info 	deleted:    Saved/Backup/wood_2017-11-16-21-47-20.uasset
[2018.01.27-12.31.39:204][  0]SourceControl: Info 	deleted:    Saved/Config/CrashReportClient/UE4CC-Windows-67B6326741510505471864A6925DED94/CrashReportClient.ini
[2018.01.27-12.31.39:204][  0]SourceControl: Info 	deleted:    Saved/Config/CrashReportClient/UE4CC-Windows-C13069DA42368E4E44F705B3CCD5D963/CrashReportClient.ini
[2018.01.27-12.31.39:204][  0]SourceControl: Info 	deleted:    Saved/Config/CrashReportClient/UE4CC-Windows-CF28964B4FC561DEF616EFA2ABF5ED2C/CrashReportClient.ini
[2018.01.27-12.31.39:204][  0]SourceControl: Info 	deleted:    Saved/Config/CrashReportClient/UE4CC-Windows-DB226EA34EAE72D104276C9B22811324/CrashReportClient.ini
[2018.01.27-12.31.39:204][  0]SourceControl: Info 	deleted:    Saved/Config/CrashReportClient/UE4CC-Windows-EA17394342F51CB9FC9046A468D5E9DB/CrashReportClient.ini
[2018.01.27-12.31.39:204][  0]SourceControl: Info 	deleted:    Saved/Config/CrashReportClient/UE4CC-Windows-F1C984044B99DD47466E299BD7495769/CrashReportClient.ini
[2018.01.27-12.31.39:204][  0]SourceControl: Info 	deleted:    Saved/Config/CrashReportClient/UE4CC-Windows-FA3FA7604B3E4C52DA908A8C92AC5873/CrashReportClient.ini
[2018.01.27-12.31.39:204][  0]SourceControl: Info 	modified:   Saved/Config/Windows/EditorPerProjectUserSettings.ini
[2018.01.27-12.31.39:204][  0]SourceControl: Info 	modified:   Saved/Config/Windows/Engine.ini
[2018.01.27-12.31.39:204][  0]SourceControl: Info 	modified:   Saved/HardwareSurvey/dxdiag.txt
[2018.01.27-12.31.39:205][  0]SourceControl: Info 	deleted:    Saved/Logs/RPG_Game-backup-2018.01.11-14.55.33.log
[2018.01.27-12.31.39:205][  0]SourceControl: Info 	deleted:    Saved/Logs/RPG_Game-backup-2018.01.16-12.11.54.log
[2018.01.27-12.31.39:205][  0]SourceControl: Info 	deleted:    Saved/Logs/RPG_Game-backup-2018.01.17-10.20.14.log
[2018.01.27-12.31.39:205][  0]SourceControl: Info 	deleted:    Saved/Logs/RPG_Game-backup-2018.01.17-15.06.01.log
[2018.01.27-12.31.39:205][  0]SourceControl: Info 	deleted:    Saved/Logs/RPG_Game-backup-2018.01.17-17.09.10.log
[2018.01.27-12.31.39:205][  0]SourceControl: Info 	deleted:    Saved/Logs/RPG_Game-backup-2018.01.17-21.08.35.log
[2018.01.27-12.31.39:205][  0]SourceControl: Info 	deleted:    Saved/Logs/RPG_Game-backup-2018.01.17-21.36.12.log
[2018.01.27-12.31.39:205][  0]SourceControl: Info 	deleted:    Saved/Logs/RPG_Game-backup-2018.01.17-21.48.11.log
[2018.01.27-12.31.39:205][  0]SourceControl: Info 	modified:   Saved/Logs/RPG_Game.log
[2018.01.27-12.31.39:205][  0]SourceControl: Info Untracked files:
[2018.01.27-12.31.39:205][  0]SourceControl: Info   (use "git add <file>..." to include in what will be committed)
[2018.01.27-12.31.39:205][  0]SourceControl: Info 	Saved/Autosaves/Game/Assets/Island/
[2018.01.27-12.31.39:205][  0]SourceControl: Info 	Saved/Autosaves/Game/Maps/HelloWorld_Auto5.umap
[2018.01.27-12.31.39:205][  0]SourceControl: Info 	Saved/Autosaves/Game/Maps/HelloWorld_Auto6.umap
[2018.01.27-12.31.39:205][  0]SourceControl: Info 	Saved/Autosaves/Game/Maps/HelloWorld_BuiltData_Auto5.uasset
[2018.01.27-12.31.39:205][  0]SourceControl: Info 	Saved/Autosaves/Game/Maps/HelloWorld_BuiltData_Auto6.uasset
[2018.01.27-12.31.39:205][  0]SourceControl: Info 	Saved/Autosaves/Game/Materials/Landscape/Grass_Auto5.uasset
[2018.01.27-12.31.39:205][  0]SourceControl: Info 	Saved/Autosaves/Game/Water/LargeWater/
[2018.01.27-12.31.39:205][  0]SourceControl: Info 	Saved/Autosaves/Game/Water/Smallwater/
[2018.01.27-12.31.39:205][  0]SourceControl: Info 	Saved/Backup/Grass_2018-01-24-11-19-56.uasset
[2018.01.27-12.31.39:205][  0]SourceControl: Info 	Saved/Backup/Grass_2018-01-24-11-44-49.uasset
[2018.01.27-12.31.39:205][  0]SourceControl: Info 	Saved/Backup/HelloWorld_2018-01-24-09-39-57.umap
[2018.01.27-12.31.39:205][  0]SourceControl: Info 	Saved/Backup/HelloWorld_2018-01-24-09-53-04.umap
[2018.01.27-12.31.39:205][  0]SourceControl: Info 	Saved/Backup/HelloWorld_2018-01-24-09-58-48.umap
[2018.01.27-12.31.39:205][  0]SourceControl: Info 	Saved/Backup/HelloWorld_2018-01-24-10-13-48.umap
[2018.01.27-12.31.39:205][  0]SourceControl: Info 	Saved/Backup/HelloWorld_2018-01-24-10-57-24.umap
[2018.01.27-12.31.39:205][  0]SourceControl: Info 	Saved/Backup/HelloWorld_2018-01-24-11-03-52.umap
[2018.01.27-12.31.39:205][  0]SourceControl: Info 	Saved/Backup/HelloWorld_2018-01-24-11-19-55.umap
[2018.01.27-12.31.39:205][  0]SourceControl: Info 	Saved/Backup/HelloWorld_2018-01-24-11-30-04.umap
[2018.01.27-12.31.39:205][  0]SourceControl: Info 	Saved/Backup/HelloWorld_2018-01-24-11-38-37.umap
[2018.01.27-12.31.39:205][  0]SourceControl: Info 	Saved/Backup/HelloWorld_2018-01-24-11-44-43.umap
[2018.01.27-12.31.39:205][  0]SourceControl: Info 	Saved/Backup/HelloWorld_2018-01-24-15-56-43.umap
[2018.01.27-12.31.39:205][  0]SourceControl: Info 	Saved/Backup/HelloWorld_BuiltData_2018-01-24-09-39-57.uasset
[2018.01.27-12.31.39:205][  0]SourceControl: Info 	Saved/Backup/HelloWorld_BuiltData_2018-01-24-09-53-04.uasset
[2018.01.27-12.31.39:205][  0]SourceControl: Info 	Saved/Backup/HelloWorld_BuiltData_2018-01-24-09-58-48.uasset
[2018.01.27-12.31.39:205][  0]SourceControl: Info 	Saved/Backup/HelloWorld_BuiltData_2018-01-24-10-13-49.uasset
[2018.01.27-12.31.39:205][  0]SourceControl: Info 	Saved/Backup/HelloWorld_BuiltData_2018-01-24-10-57-25.uasset
[2018.01.27-12.31.39:205][  0]SourceControl: Info 	Saved/Backup/HelloWorld_BuiltData_2018-01-24-11-03-52.uasset
[2018.01.27-12.31.39:205][  0]SourceControl: Info 	Saved/Backup/HelloWorld_BuiltData_2018-01-24-11-19-55.uasset
[2018.01.27-12.31.39:205][  0]SourceControl: Info 	Saved/Backup/HelloWorld_BuiltData_2018-01-24-11-30-04.uasset
[2018.01.27-12.31.39:205][  0]SourceControl: Info 	Saved/Backup/HelloWorld_BuiltData_2018-01-24-11-38-38.uasset
[2018.01.27-12.31.39:205][  0]SourceControl: Info 	Saved/Backup/HelloWorld_BuiltData_2018-01-24-11-44-44.uasset
[2018.01.27-12.31.39:205][  0]SourceControl: Info 	Saved/Backup/HelloWorld_BuiltData_2018-01-24-15-56-44.uasset
[2018.01.27-12.31.39:205][  0]SourceControl: Info 	Saved/Backup/Landscape_2018-01-24-11-14-47.uasset
[2018.01.27-12.31.39:205][  0]SourceControl: Info 	Saved/Backup/Landscape_2018-01-24-11-30-04.uasset
[2018.01.27-12.31.39:205][  0]SourceControl: Info 	Saved/Backup/Landscape_2018-01-24-11-44-48.uasset
[2018.01.27-12.31.39:205][  0]SourceControl: Info 	Saved/Backup/LargeWater_2018-01-24-10-06-32.uasset
[2018.01.27-12.31.39:205][  0]SourceControl: Info 	Saved/Backup/M_Ground_2018-01-24-11-19-55.uasset
[2018.01.27-12.31.39:205][  0]SourceControl: Info 	Saved/Backup/M_Ground_2018-01-24-11-44-48.uasset
[2018.01.27-12.31.39:205][  0]SourceControl: Info 	Saved/Backup/M_Lava_2018-01-24-11-19-55.uasset
[2018.01.27-12.31.39:205][  0]SourceControl: Info 	Saved/Backup/M_Lava_2018-01-24-11-44-49.uasset
[2018.01.27-12.31.39:205][  0]SourceControl: Info 	Saved/Backup/M_Sand_2018-01-24-11-19-55.uasset
[2018.01.27-12.31.39:205][  0]SourceControl: Info 	Saved/Backup/M_Sand_2018-01-24-11-44-49.uasset
[2018.01.27-12.31.39:205][  0]SourceControl: Info 	Saved/Backup/M_Volcano_2018-01-24-11-19-55.uasset
[2018.01.27-12.31.39:205][  0]SourceControl: Info 	Saved/Backup/M_Volcano_2018-01-24-11-44-49.uasset
[2018.01.27-12.31.39:205][  0]SourceControl: Info 	Saved/Backup/M_Water_2018-01-24-10-05-38.uasset
[2018.01.27-12.31.39:205][  0]SourceControl: Info 	Saved/Backup/M_Water_2018-01-24-10-13-16.uasset
[2018.01.27-12.31.39:205][  0]SourceControl: Info 	Saved/Backup/M_Water_2018-01-24-11-19-56.uasset
[2018.01.27-12.31.39:205][  0]SourceControl: Info 	Saved/Backup/M_Water_2018-01-24-11-44-49.uasset
[2018.01.27-12.31.39:205][  0]SourceControl: Info 	Saved/Backup/M_Water_Inst_2018-01-24-10-06-48.uasset
[2018.01.27-12.31.39:205][  0]SourceControl: Info 	Saved/Backup/M_Water_Inst_2018-01-24-11-19-55.uasset
[2018.01.27-12.31.39:205][  0]SourceControl: Info 	Saved/Backup/M_Water_Inst_2018-01-24-11-44-48.uasset
[2018.01.27-12.31.39:205][  0]SourceControl: Info 	Saved/Backup/M_Water_Inst_2018-01-24-15-51-12.uasset
[2018.01.27-12.31.39:205][  0]SourceControl: Info 	Saved/Config/CrashReportClient/UE4CC-Windows-E5F4F25344DB1C33E6BDF4AD301ED376/
[2018.01.27-12.31.39:205][  0]SourceControl: Info 	Saved/Logs/RPG_Game-backup-2018.01.24-09.18.40.log
[2018.01.27-12.31.39:205][  0]SourceControl: Info 	Saved/Logs/RPG_Game-backup-2018.01.24-15.21.17.log
[2018.01.27-12.31.39:205][  0]SourceControl: Info 	Saved/Logs/RPG_Game-backup-2018.01.25-10.58.08.log
[2018.01.27-12.31.39:205][  0]SourceControl: Info 	Saved/Logs/RPG_Game-backup-2018.01.27-12.31.01.log
[2018.01.27-12.31.39:205][  0]SourceControl: Info no changes added to commit (use "git add" and/or "git commit -a")
[2018.01.27-12.31.39:206][  0]LogContentStreaming: Texture pool size now 1000 MB
[2018.01.27-12.31.39:537][  1]LogSlate: Took 0.001961 seconds to synchronously load lazily loaded font '../../../Engine/Content/Slate/Fonts/Roboto-Light.ttf' (159K)
[2018.01.27-12.31.39:878][  2]LogAssetRegistry: Asset discovery search completed in 25.8173 seconds
[2018.01.27-12.31.39:885][  2]LogCollectionManager: Rebuilt the object cache for 0 collections in 0.000000 seconds (found 0 objects)
[2018.01.27-12.31.39:885][  2]LogCollectionManager: Fixed up redirectors for 0 collections in 0.000040 seconds (updated 0 objects)
[2018.01.27-12.32.26:727][578]SourceControl: Info fatal: C:/Program Files/Epic Games/UE_4.16/Engine/Content/: 'C:/Program Files/Epic Games/UE_4.16/Engine/Content/' is outside repository
[2018.01.27-12.32.38:433][578]LogSourceControl: FGitCheckInWorker: commit successful
[2018.01.27-12.32.38:509][578]SourceControl: Info [master 61a1338] Update
[2018.01.27-12.32.38:509][578]SourceControl: Info  4 files changed, 0 insertions(+), 0 deletions(-)
[2018.01.27-12.32.38:509][578]SourceControl: Info  rewrite Content/Assets/Island/M_Ground.uasset (98%)
[2018.01.27-12.32.38:509][578]SourceControl: Info  rewrite Content/Assets/Island/M_Lava.uasset (98%)
[2018.01.27-12.32.38:509][578]SourceControl: Info  rewrite Content/Assets/Island/M_Sand.uasset (98%)
[2018.01.27-12.32.38:509][578]SourceControl: Info  rewrite Content/Assets/Island/M_Volcano.uasset (98%)
[2018.01.27-12.32.38:518][578]SourceControl: Info Commited [master 61a1338] Update.
[2018.01.27-12.33.51:944][454]LogSlate: Only BGRA pngs, bmps or icos are supported in by External Image Picker
[2018.01.27-12.33.52:203][474]LogTemp: Executing iPhonePackager certificates Engine -bundlename com.YourCompany.RPGGame
[2018.01.27-12.33.52:203][474]LogTemp: CWD: C:\Program Files\Epic Games\UE_4.16\Engine\Binaries\DotNET\IOS
[2018.01.27-12.33.52:203][474]LogTemp: Initial Dir: C:\Program Files\Epic Games\UE_4.16
[2018.01.27-12.33.52:203][474]LogTemp: Env CWD: C:\Program Files\Epic Games\UE_4.16\Engine\Binaries\DotNET\IOS
[2018.01.27-12.33.52:211][475]LogTemp: BranchPath = SONOFMORT/C/Program Files/Epic Games/UE_4.16/Engine/Binaries --- GameBranchPath = SONOFMORT/C/Program Files/Epic Games/UE_4.16/Engine/Binaries
[2018.01.27-12.33.52:257][480]LogTemp: IPP ERROR: Could not find provision directory 'C:\Users\Jordan\AppData\Local/Apple Computer/MobileDevice/Provisioning Profiles/'.
[2018.01.27-12.33.59:204][216]LogSlate: Took 0.000267 seconds to synchronously load lazily loaded font '../../../Engine/Content/Slate/Fonts/Roboto-Light.ttf' (159K)
[2018.01.27-12.34.00:794][374]SourceControl:Error: Error fatal: Invalid path '/Script': No such file or directory
[2018.01.27-12.34.09:492][323]LogSlate: Took 0.000282 seconds to synchronously load lazily loaded font '../../../Engine/Content/Slate/Fonts/Roboto-Light.ttf' (159K)
[2018.01.27-12.34.09:507][323]Cmd: OBJ SAVEPACKAGE PACKAGE="/Game/Maps/Tutorial" FILE="F:/FMP/RPG_Game/RPG_Game/Content/Maps/Tutorial.umap" SILENT=true AUTOSAVING=false KEEPDIRTY=false
[2018.01.27-12.34.10:002][323]LogSavePackage: Save=469.47ms
[2018.01.27-12.34.10:003][323]LogSavePackage: Moving 'F:/FMP/RPG_Game/RPG_Game/Saved/TutorialFEBA9B3E4E5780930343429DC4D56AA8.tmp' to 'F:/FMP/RPG_Game/RPG_Game/Content/Maps/Tutorial.umap'
[2018.01.27-12.34.10:004][323]LogSavePackage:Display: Finished SavePackage F:/FMP/RPG_Game/RPG_Game/Content/Maps/Tutorial.umap
[2018.01.27-12.34.10:152][323]Cmd: OBJ SAVEPACKAGE PACKAGE="/Game/Maps/Tutorial_BuiltData" FILE="F:/FMP/RPG_Game/RPG_Game/Content/Maps/Tutorial_BuiltData.uasset" SILENT=true
[2018.01.27-12.34.10:345][323]LogSavePackage: Save=102.96ms
[2018.01.27-12.34.10:345][323]LogSavePackage: Moving 'F:/FMP/RPG_Game/RPG_Game/Saved/Tutorial_BuiltData30D91B0B41B2E9274B7A62B34F46A1B9.tmp' to 'F:/FMP/RPG_Game/RPG_Game/Content/Maps/Tutorial_BuiltData.uasset'
[2018.01.27-12.34.10:347][323]LogSavePackage:Display: Finished SavePackage F:/FMP/RPG_Game/RPG_Game/Content/Maps/Tutorial_BuiltData.uasset
[2018.01.27-12.34.12:807][603]SourceControl: Info fatal: C:/Program Files/Epic Games/UE_4.16/Engine/Content/: 'C:/Program Files/Epic Games/UE_4.16/Engine/Content/' is outside repository
[2018.01.27-12.34.26:120][603]LogSourceControl: FGitCheckInWorker: commit successful
[2018.01.27-12.34.26:294][603]SourceControl: Info [master a4c0903] Changed Starting Map
[2018.01.27-12.34.26:294][603]SourceControl: Info  3 files changed, 2 insertions(+), 2 deletions(-)
[2018.01.27-12.34.26:305][603]SourceControl: Info Commited [master a4c0903] Changed Starting Map.
[2018.01.27-12.34.42:436][465]LogMaterial: Missing cached shader map for material M_Water, compiling. 
[2018.01.27-12.34.42:531][465]LogTexture:Display: Building textures: HQ_Lightmap0_1 (AutoDXT, 256X256)
[2018.01.27-12.34.42:558][465]LogTexture:Display: Building textures: HQ_Lightmap0_2 (AutoDXT, 128X128)
[2018.01.27-12.34.42:561][465]LogTexture:Display: Building textures: HQ_Lightmap0_23 (AutoDXT, 128X128)
[2018.01.27-12.34.42:584][465]LogTexture:Display: Building textures: HQ_Lightmap0_24 (AutoDXT, 128X128)
[2018.01.27-12.34.42:606][465]LogTexture:Display: Building textures: HQ_Lightmap0_25 (AutoDXT, 128X128)
[2018.01.27-12.34.42:620][465]LogTexture:Display: Building textures: HQ_Lightmap0_26 (AutoDXT, 128X128)
[2018.01.27-12.34.42:644][465]LogTexture:Display: Building textures: HQ_Lightmap1_10 (AutoDXT, 128X128)
[2018.01.27-12.34.42:670][465]LogTexture:Display: Building textures: HQ_Lightmap1_11 (AutoDXT, 256X256)
[2018.01.27-12.34.42:693][465]LogTexture:Display: Building textures: HQ_Lightmap1_12 (AutoDXT, 128X128)
[2018.01.27-12.34.42:717][465]LogTexture:Display: Building textures: HQ_Lightmap1_13 (AutoDXT, 128X128)
[2018.01.27-12.34.42:732][465]LogTexture:Display: Building textures: HQ_Lightmap1_14 (AutoDXT, 128X128)
[2018.01.27-12.34.42:759][465]LogTexture:Display: Building textures: HQ_Lightmap1_15 (AutoDXT, 256X256)
[2018.01.27-12.34.42:783][465]LogTexture:Display: Building textures: HQ_Lightmap1_16 (AutoDXT, 256X256)
[2018.01.27-12.34.42:807][465]LogTexture:Display: Building textures: HQ_Lightmap1_17 (AutoDXT, 256X256)
[2018.01.27-12.34.42:829][465]LogTexture:Display: Building textures: HQ_Lightmap1_18 (AutoDXT, 128X128)
[2018.01.27-12.34.42:850][465]LogTexture:Display: Building textures: HQ_Lightmap1_19 (AutoDXT, 256X256)
[2018.01.27-12.34.42:878][465]LogTexture:Display: Building textures: HQ_Lightmap1_20 (AutoDXT, 256X256)
[2018.01.27-12.34.42:904][465]LogTexture:Display: Building textures: HQ_Lightmap1_21 (AutoDXT, 256X256)
[2018.01.27-12.34.42:930][465]LogTexture:Display: Building textures: HQ_Lightmap1_22 (AutoDXT, 256X256)
[2018.01.27-12.34.42:956][465]LogTexture:Display: Building textures: HQ_Lightmap1_3 (AutoDXT, 128X128)
[2018.01.27-12.34.42:983][465]LogTexture:Display: Building textures: HQ_Lightmap1_4 (AutoDXT, 128X128)
[2018.01.27-12.34.43:009][465]LogTexture:Display: Building textures: HQ_Lightmap1_5 (AutoDXT, 256X256)
[2018.01.27-12.34.43:032][465]LogTexture:Display: Building textures: HQ_Lightmap1_6 (AutoDXT, 256X256)
[2018.01.27-12.34.43:053][465]LogTexture:Display: Building textures: HQ_Lightmap1_7 (AutoDXT, 128X128)
[2018.01.27-12.34.43:075][465]LogTexture:Display: Building textures: HQ_Lightmap1_8 (AutoDXT, 128X128)
[2018.01.27-12.34.43:092][465]LogTexture:Display: Building textures: HQ_Lightmap1_9 (AutoDXT, 256X256)
[2018.01.27-12.34.43:123][465]LogTexture:Display: Building textures: LQ_Lightmap_0_1 (DXT1, 256X256)
[2018.01.27-12.34.43:156][465]LogTexture:Display: Building textures: LQ_Lightmap_0_2 (DXT1, 128X128)
[2018.01.27-12.34.43:168][465]LogTexture:Display: Building textures: LQ_Lightmap_0_23 (DXT1, 128X128)
[2018.01.27-12.34.43:194][465]LogTexture:Display: Building textures: LQ_Lightmap_0_24 (DXT1, 128X128)
[2018.01.27-12.34.43:219][465]LogTexture:Display: Building textures: LQ_Lightmap_0_25 (DXT1, 128X128)
[2018.01.27-12.34.43:234][465]LogTexture:Display: Building textures: LQ_Lightmap_0_26 (DXT1, 128X128)
[2018.01.27-12.34.43:260][465]LogTexture:Display: Building textures: LQ_Lightmap_1_10 (DXT1, 128X128)
[2018.01.27-12.34.43:287][465]LogTexture:Display: Building textures: LQ_Lightmap_1_11 (DXT1, 256X256)
[2018.01.27-12.34.43:311][465]LogTexture:Display: Building textures: LQ_Lightmap_1_12 (DXT1, 128X128)
[2018.01.27-12.34.43:337][465]LogTexture:Display: Building textures: LQ_Lightmap_1_13 (DXT1, 128X128)
[2018.01.27-12.34.43:351][465]LogTexture:Display: Building textures: LQ_Lightmap_1_14 (DXT1, 128X128)
[2018.01.27-12.34.43:380][465]LogTexture:Display: Building textures: LQ_Lightmap_1_15 (DXT1, 256X256)
[2018.01.27-12.34.43:403][465]LogTexture:Display: Building textures: LQ_Lightmap_1_16 (DXT1, 256X256)
[2018.01.27-12.34.43:428][465]LogTexture:Display: Building textures: LQ_Lightmap_1_17 (DXT1, 256X256)
[2018.01.27-12.34.43:452][465]LogTexture:Display: Building textures: LQ_Lightmap_1_18 (DXT1, 128X128)
[2018.01.27-12.34.43:480][465]LogTexture:Display: Building textures: LQ_Lightmap_1_19 (DXT1, 256X256)
[2018.01.27-12.34.43:515][465]LogTexture:Display: Building textures: LQ_Lightmap_1_20 (DXT1, 256X256)
[2018.01.27-12.34.43:541][465]LogTexture:Display: Building textures: LQ_Lightmap_1_21 (DXT1, 256X256)
[2018.01.27-12.34.43:573][465]LogTexture:Display: Building textures: LQ_Lightmap_1_22 (DXT1, 256X256)
[2018.01.27-12.34.43:601][465]LogTexture:Display: Building textures: LQ_Lightmap_1_3 (DXT1, 128X128)
[2018.01.27-12.34.43:629][465]LogTexture:Display: Building textures: LQ_Lightmap_1_4 (DXT1, 128X128)
[2018.01.27-12.34.43:659][465]LogTexture:Display: Building textures: LQ_Lightmap_1_5 (DXT1, 256X256)
[2018.01.27-12.34.43:685][465]LogTexture:Display: Building textures: LQ_Lightmap_1_6 (DXT1, 256X256)
[2018.01.27-12.34.43:709][465]LogTexture:Display: Building textures: LQ_Lightmap_1_7 (DXT1, 128X128)
[2018.01.27-12.34.43:736][465]LogTexture:Display: Building textures: LQ_Lightmap_1_8 (DXT1, 128X128)
[2018.01.27-12.34.43:751][465]LogTexture:Display: Building textures: LQ_Lightmap_1_9 (DXT1, 256X256)
[2018.01.27-12.34.43:776][465]LogTexture:Display: Building textures: SkyOcclusion0_1 (AutoDXT, 256X128)
[2018.01.27-12.34.43:810][465]LogTexture:Display: Building textures: SkyOcclusion0_2 (AutoDXT, 128X64)
[2018.01.27-12.34.43:819][465]LogTexture:Display: Building textures: SkyOcclusion0_23 (AutoDXT, 128X64)
[2018.01.27-12.34.43:835][465]LogTexture:Display: Building textures: SkyOcclusion0_24 (AutoDXT, 128X64)
[2018.01.27-12.34.43:852][465]LogTexture:Display: Building textures: SkyOcclusion0_25 (AutoDXT, 128X64)
[2018.01.27-12.34.43:862][465]LogTexture:Display: Building textures: SkyOcclusion0_26 (AutoDXT, 128X64)
[2018.01.27-12.34.43:879][465]LogTexture:Display: Building textures: SkyOcclusion1_10 (AutoDXT, 128X64)
[2018.01.27-12.34.43:897][465]LogTexture:Display: Building textures: SkyOcclusion1_11 (AutoDXT, 256X128)
[2018.01.27-12.34.43:921][465]LogTexture:Display: Building textures: SkyOcclusion1_12 (AutoDXT, 128X64)
[2018.01.27-12.34.43:936][465]LogTexture:Display: Building textures: SkyOcclusion1_13 (AutoDXT, 128X64)
[2018.01.27-12.34.43:945][465]LogTexture:Display: Building textures: SkyOcclusion1_14 (AutoDXT, 128X64)
[2018.01.27-12.34.43:963][465]LogTexture:Display: Building textures: SkyOcclusion1_15 (AutoDXT, 256X128)
[2018.01.27-12.34.43:985][465]LogTexture:Display: Building textures: SkyOcclusion1_16 (AutoDXT, 256X128)
[2018.01.27-12.34.44:008][465]LogTexture:Display: Building textures: SkyOcclusion1_17 (AutoDXT, 256X128)
[2018.01.27-12.34.44:030][465]LogTexture:Display: Building textures: SkyOcclusion1_18 (AutoDXT, 128X64)
[2018.01.27-12.34.44:047][465]LogTexture:Display: Building textures: SkyOcclusion1_19 (AutoDXT, 256X128)
[2018.01.27-12.34.44:074][465]LogTexture:Display: Building textures: SkyOcclusion1_20 (AutoDXT, 256X128)
[2018.01.27-12.34.44:096][465]LogTexture:Display: Building textures: SkyOcclusion1_21 (AutoDXT, 256X128)
[2018.01.27-12.34.44:123][465]LogTexture:Display: Building textures: SkyOcclusion1_22 (AutoDXT, 256X128)
[2018.01.27-12.34.44:147][465]LogTexture:Display: Building textures: SkyOcclusion1_3 (AutoDXT, 128X64)
[2018.01.27-12.34.44:164][465]LogTexture:Display: Building textures: SkyOcclusion1_4 (AutoDXT, 128X64)
[2018.01.27-12.34.44:182][465]LogTexture:Display: Building textures: SkyOcclusion1_5 (AutoDXT, 256X128)
[2018.01.27-12.34.44:203][465]LogTexture:Display: Building textures: SkyOcclusion1_6 (AutoDXT, 256X128)
[2018.01.27-12.34.44:225][465]LogTexture:Display: Building textures: SkyOcclusion1_7 (AutoDXT, 128X64)
[2018.01.27-12.34.44:243][465]LogSlate: Took 0.001252 seconds to synchronously load lazily loaded font '../../../Engine/Content/Slate/Fonts/Roboto-Regular.ttf' (155K)
[2018.01.27-12.34.44:249][465]LogTexture:Display: Building textures: SkyOcclusion1_8 (AutoDXT, 128X64)
[2018.01.27-12.34.44:259][465]LogTexture:Display: Building textures: SkyOcclusion1_9 (AutoDXT, 256X128)
[2018.01.27-12.34.44:285][465]LogTexture:Display: Building textures: ShadowMapTexture2D_26 (G8, 512X64)
[2018.01.27-12.34.44:287][465]LogTexture:Display: Building textures: ShadowMapTexture2D_27 (G8, 64X64)
[2018.01.27-12.34.44:288][465]LogTexture:Display: Building textures: ShadowMapTexture2D_28 (G8, 128X64)
[2018.01.27-12.34.44:289][465]LogTexture:Display: Building textures: ShadowMapTexture2D_29 (G8, 128X64)
[2018.01.27-12.34.44:289][465]LogTexture:Display: Building textures: ShadowMapTexture2D_30 (G8, 256X64)
[2018.01.27-12.34.44:290][465]LogTexture:Display: Building textures: ShadowMapTexture2D_31 (G8, 256X64)
[2018.01.27-12.34.44:291][465]LogTexture:Display: Building textures: ShadowMapTexture2D_32 (G8, 128X64)
[2018.01.27-12.34.44:292][465]LogTexture:Display: Building textures: ShadowMapTexture2D_33 (G8, 64X64)
[2018.01.27-12.34.44:292][465]LogTexture:Display: Building textures: ShadowMapTexture2D_34 (G8, 256X64)
[2018.01.27-12.34.44:294][465]LogTexture:Display: Building textures: ShadowMapTexture2D_35 (G8, 128X64)
[2018.01.27-12.34.44:294][465]LogTexture:Display: Building textures: ShadowMapTexture2D_36 (G8, 256X64)
[2018.01.27-12.34.44:295][465]LogTexture:Display: Building textures: ShadowMapTexture2D_37 (G8, 128X64)
[2018.01.27-12.34.44:296][465]LogTexture:Display: Building textures: ShadowMapTexture2D_38 (G8, 64X64)
[2018.01.27-12.34.44:297][465]LogTexture:Display: Building textures: ShadowMapTexture2D_39 (G8, 128X64)
[2018.01.27-12.34.44:297][465]LogTexture:Display: Building textures: ShadowMapTexture2D_40 (G8, 256X64)
[2018.01.27-12.34.44:299][465]LogTexture:Display: Building textures: ShadowMapTexture2D_41 (G8, 256X64)
[2018.01.27-12.34.44:300][465]LogTexture:Display: Building textures: ShadowMapTexture2D_42 (G8, 256X64)
[2018.01.27-12.34.44:301][465]LogTexture:Display: Building textures: ShadowMapTexture2D_43 (G8, 128X64)
[2018.01.27-12.34.44:301][465]LogTexture:Display: Building textures: ShadowMapTexture2D_44 (G8, 256X64)
[2018.01.27-12.34.44:302][465]LogTexture:Display: Building textures: ShadowMapTexture2D_45 (G8, 256X64)
[2018.01.27-12.34.44:303][465]LogTexture:Display: Building textures: ShadowMapTexture2D_46 (G8, 256X64)
[2018.01.27-12.34.44:304][465]LogTexture:Display: Building textures: ShadowMapTexture2D_47 (G8, 256X64)
[2018.01.27-12.34.44:305][465]LogTexture:Display: Building textures: ShadowMapTexture2D_48 (G8, 128X64)
[2018.01.27-12.34.44:306][465]LogTexture:Display: Building textures: ShadowMapTexture2D_49 (G8, 128X64)
[2018.01.27-12.34.44:307][465]LogTexture:Display: Building textures: ShadowMapTexture2D_50 (G8, 64X64)
[2018.01.27-12.34.44:307][465]LogTexture:Display: Building textures: ShadowMapTexture2D_51 (G8, 128X64)
[2018.01.27-12.34.44:311][465]LogTexture:Display: Building textures: Texture2D_36 (BGRA8, 64X64)
[2018.01.27-12.34.44:312][465]LogTexture:Display: Building textures: Texture2D_37 (BGRA8, 64X64)
[2018.01.27-12.34.44:312][465]LogTexture:Display: Building textures: Texture2D_38 (BGRA8, 64X64)
[2018.01.27-12.34.44:313][465]LogTexture:Display: Building textures: Texture2D_39 (BGRA8, 64X64)
[2018.01.27-12.34.44:314][465]LogTexture:Display: Building textures: Texture2D_40 (BGRA8, 64X64)
[2018.01.27-12.34.44:314][465]LogTexture:Display: Building textures: Texture2D_41 (BGRA8, 64X64)
[2018.01.27-12.34.44:315][465]LogTexture:Display: Building textures: Texture2D_42 (BGRA8, 64X64)
[2018.01.27-12.34.44:316][465]LogTexture:Display: Building textures: Texture2D_43 (BGRA8, 64X64)
[2018.01.27-12.34.44:316][465]LogTexture:Display: Building textures: Texture2D_44 (BGRA8, 64X64)
[2018.01.27-12.34.44:317][465]LogTexture:Display: Building textures: Texture2D_45 (BGRA8, 64X64)
[2018.01.27-12.34.44:317][465]LogTexture:Display: Building textures: Texture2D_46 (BGRA8, 64X64)
[2018.01.27-12.34.44:318][465]LogTexture:Display: Building textures: Texture2D_47 (BGRA8, 64X64)
[2018.01.27-12.34.44:319][465]LogTexture:Display: Building textures: Texture2D_48 (BGRA8, 64X64)
[2018.01.27-12.34.44:319][465]LogTexture:Display: Building textures: Texture2D_49 (BGRA8, 64X64)
[2018.01.27-12.34.44:320][465]LogTexture:Display: Building textures: Texture2D_50 (BGRA8, 64X64)
[2018.01.27-12.34.44:320][465]LogTexture:Display: Building textures: Texture2D_51 (BGRA8, 64X64)
[2018.01.27-12.34.44:340][465]LogTexture:Display: Building textures: Texture2D_0 (BGRA8, 512X512)
[2018.01.27-12.34.44:360][465]LogTexture:Display: Building textures: Texture2D_1 (BGRA8, 64X64)
[2018.01.27-12.34.44:361][465]LogTexture:Display: Building textures: Texture2D_10 (BGRA8, 64X64)
[2018.01.27-12.34.44:362][465]LogTexture:Display: Building textures: Texture2D_11 (BGRA8, 64X64)
[2018.01.27-12.34.44:362][465]LogTexture:Display: Building textures: Texture2D_12 (BGRA8, 64X64)
[2018.01.27-12.34.44:363][465]LogTexture:Display: Building textures: Texture2D_13 (BGRA8, 64X64)
[2018.01.27-12.34.44:363][465]LogTexture:Display: Building textures: Texture2D_14 (BGRA8, 64X64)
[2018.01.27-12.34.44:364][465]LogTexture:Display: Building textures: Texture2D_15 (BGRA8, 64X64)
[2018.01.27-12.34.44:365][465]LogTexture:Display: Building textures: Texture2D_16 (BGRA8, 64X64)
[2018.01.27-12.34.44:365][465]LogTexture:Display: Building textures: Texture2D_17 (BGRA8, 64X64)
[2018.01.27-12.34.44:366][465]LogTexture:Display: Building textures: Texture2D_18 (BGRA8, 64X64)
[2018.01.27-12.34.44:366][465]LogTexture:Display: Building textures: Texture2D_19 (BGRA8, 64X64)
[2018.01.27-12.34.44:367][465]LogTexture:Display: Building textures: Texture2D_2 (BGRA8, 64X64)
[2018.01.27-12.34.44:367][465]LogTexture:Display: Building textures: Texture2D_20 (BGRA8, 64X64)
[2018.01.27-12.34.44:368][465]LogTexture:Display: Building textures: Texture2D_21 (BGRA8, 64X64)
[2018.01.27-12.34.44:368][465]LogTexture:Display: Building textures: Texture2D_22 (BGRA8, 64X64)
[2018.01.27-12.34.44:369][465]LogTexture:Display: Building textures: Texture2D_23 (BGRA8, 64X64)
[2018.01.27-12.34.44:369][465]LogTexture:Display: Building textures: Texture2D_24 (BGRA8, 64X64)
[2018.01.27-12.34.44:370][465]LogTexture:Display: Building textures: Texture2D_25 (BGRA8, 64X64)
[2018.01.27-12.34.44:370][465]LogTexture:Display: Building textures: Texture2D_26 (BGRA8, 64X64)
[2018.01.27-12.34.44:371][465]LogTexture:Display: Building textures: Texture2D_27 (BGRA8, 64X64)
[2018.01.27-12.34.44:371][465]LogTexture:Display: Building textures: Texture2D_28 (BGRA8, 64X64)
[2018.01.27-12.34.44:372][465]LogTexture:Display: Building textures: Texture2D_29 (BGRA8, 64X64)
[2018.01.27-12.34.44:372][465]LogTexture:Display: Building textures: Texture2D_3 (BGRA8, 64X64)
[2018.01.27-12.34.44:373][465]LogTexture:Display: Building textures: Texture2D_30 (BGRA8, 64X64)
[2018.01.27-12.34.44:373][465]LogTexture:Display: Building textures: Texture2D_4 (BGRA8, 64X64)
[2018.01.27-12.34.44:374][465]LogTexture:Display: Building textures: Texture2D_5 (BGRA8, 64X64)
[2018.01.27-12.34.44:375][465]LogTexture:Display: Building textures: Texture2D_6 (BGRA8, 64X64)
[2018.01.27-12.34.44:375][465]LogTexture:Display: Building textures: Texture2D_7 (BGRA8, 64X64)
[2018.01.27-12.34.44:376][465]LogTexture:Display: Building textures: Texture2D_8 (BGRA8, 64X64)
[2018.01.27-12.34.44:376][465]LogTexture:Display: Building textures: Texture2D_9 (BGRA8, 64X64)
[2018.01.27-12.34.44:378][465]LogAIModule: Creating AISystem for world HelloWorld
[2018.01.27-12.34.44:420][465]Cmd: MAP LOAD FILE="F:/FMP/RPG_Game/RPG_Game/Content/Maps/HelloWorld.umap" TEMPLATE=0 SHOWPROGRESS=1 FEATURELEVEL=3
[2018.01.27-12.34.44:421][465]LightingResults: New page: Lighting Build
[2018.01.27-12.34.44:422][465]LoadErrors: New page: Loading map: HelloWorld.umap
[2018.01.27-12.34.44:428][465]MapCheck: New page: Map Check
[2018.01.27-12.34.44:428][465]LightingResults: New page: Lighting Build
[2018.01.27-12.34.45:858][465]LogEditorServer: Finished looking for orphan Actors (0.000 secs)
[2018.01.27-12.34.45:907][465]Cmd: MAP CHECKDEP NOCLEARLOG
[2018.01.27-12.34.46:149][465]MapCheck: Info Map check complete: 0 Error(s), 0 Warning(s), took 242.221ms to complete.
[2018.01.27-12.34.46:154][465]LogFileHelpers: Loading map 'HelloWorld' took 1.735
[2018.01.27-12.35.08:217][ 21]LogNavigationPoint: PostEditMove Clear paths rebuilt
[2018.01.27-12.35.13:706][621]LogNavigationPoint: PostEditMove Clear paths rebuilt
[2018.01.27-12.35.15:082][739]LogNavigationPoint: PostEditMove Clear paths rebuilt
[2018.01.27-12.35.17:145][973]LogNavigationPoint: PostEditMove Clear paths rebuilt
[2018.01.27-12.35.19:699][268]LogNavigationPoint: PostEditMove Clear paths rebuilt
[2018.01.27-12.35.49:523][687]LogEditorViewport: Clicking on Actor (LMB): StaticMeshActor (T_SkyBox)
[2018.01.27-12.35.54:704][263]LogTemp: Repeting last play command: Selected Viewport
[2018.01.27-12.35.54:956][263]LogBlueprintUserMessages: Early PlayInEditor Detection: Level '/Game/Maps/HelloWorld.HelloWorld:PersistentLevel' has LevelScriptBlueprint '/Game/Maps/HelloWorld.HelloWorld:PersistentLevel.HelloWorld' with GeneratedClass '/Game/Maps/HelloWorld.HelloWorld_C' with ClassGeneratedBy '/Game/Maps/HelloWorld.HelloWorld:PersistentLevel.HelloWorld'
[2018.01.27-12.35.54:957][263]LogPlayLevel: PlayLevel: No blueprints needed recompiling
[2018.01.27-12.35.54:960][263]PIE: New page: PIE session: HelloWorld (27 Jan 2018 12:35:54)
[2018.01.27-12.35.54:960][263]LogPlayLevel: Creating play world package: /Game/Maps/UEDPIE_0_HelloWorld
[2018.01.27-12.35.54:980][263]LogPlayLevel: PIE: StaticDuplicateObject took: (0.019604s)
[2018.01.27-12.35.54:981][263]LogAIModule: Creating AISystem for world HelloWorld
[2018.01.27-12.35.54:981][263]LogPlayLevel: PIE: World Init took: (0.001058s)
[2018.01.27-12.35.54:981][263]LogPlayLevel: PIE: Created PIE world by copying editor world from /Game/Maps/HelloWorld.HelloWorld to /Game/Maps/UEDPIE_0_HelloWorld.HelloWorld (0.021409s)
[2018.01.27-12.35.54:999][263]LogInit: XAudio2 using 'Headset Earphone (Corsair VOID RGB USB Gaming Headset)' : 6 channels at 48 kHz using 16 bits per sample (channel mask 0x3f)
[2018.01.27-12.35.56:130][263]LogAudio:Error: CreateMasteringVoice error: Unhandled error code -2004287472
[2018.01.27-12.35.56:130][263]LogInit:Warning: Failed to create the mastering voice for XAudio2
[2018.01.27-12.35.56:185][263]LogLoad: Game class is 'RPGGM_C'
[2018.01.27-12.35.56:197][263]LogWorld: Bringing World /Game/Maps/UEDPIE_0_HelloWorld.HelloWorld up for play (max tick rate 0) at 2018.01.27-12.35.56
[2018.01.27-12.35.56:201][263]LogWorld: Bringing up level for play took: 0.008130
[2018.01.27-12.35.56:305][263]LogContentBrowser: Native class hierarchy updated for 'MovieSceneCapture' in 0.0010 seconds. Added 11 classes and 0 folders.
[2018.01.27-12.35.56:337][263]PIE: Info Play in editor start time for /Game/Maps/UEDPIE_0_HelloWorld 1.612
[2018.01.27-12.35.56:338][263]LogBlueprintUserMessages: Late PlayInEditor Detection: Level '/Game/Maps/HelloWorld.HelloWorld:PersistentLevel' has LevelScriptBlueprint '/Game/Maps/HelloWorld.HelloWorld:PersistentLevel.HelloWorld' with GeneratedClass '/Game/Maps/HelloWorld.HelloWorld_C' with ClassGeneratedBy '/Game/Maps/HelloWorld.HelloWorld:PersistentLevel.HelloWorld'
[2018.01.27-12.36.02:400][982]LogBlueprintUserMessages: [HelloWorld_C_1] You Died
[2018.01.27-12.36.04:400][222]LogNet: Browse: /Game/Maps/HelloWorld
[2018.01.27-12.36.04:400][222]LogLoad: LoadMap: /Game/Maps/HelloWorld
[2018.01.27-12.36.04:419][222]Cmd: MEM
[2018.01.27-12.36.04:432][222]LogMemory: Platform Memory Stats for Windows
[2018.01.27-12.36.04:432][222]LogMemory: Process Physical Memory: 1206.09 MB used, 1255.08 MB peak
[2018.01.27-12.36.04:432][222]LogMemory: Process Virtual Memory: 1853.99 MB used, 1865.79 MB peak
[2018.01.27-12.36.04:432][222]LogMemory: Physical Memory: 4480.65 MB used,  3666.57 MB free, 8147.22 MB total
[2018.01.27-12.36.04:432][222]LogMemory: Virtual Memory: 2716.16 MB used,  3666.57 MB free, 134217728.00 MB total
[2018.01.27-12.36.04:432][222]LogMemory: 
[2018.01.27-12.36.04:432][222]Allocator Stats for TBB: (not implemented)
[2018.01.27-12.36.04:433][222]LogPlayLevel: Creating play world package: /Game/Maps/UEDPIE_0_HelloWorld
[2018.01.27-12.36.04:453][222]LogPlayLevel: PIE: StaticDuplicateObject took: (0.019075s)
[2018.01.27-12.36.04:454][222]LogAIModule: Creating AISystem for world HelloWorld
[2018.01.27-12.36.04:454][222]LogPlayLevel: PIE: World Init took: (0.000844s)
[2018.01.27-12.36.04:454][222]LogPlayLevel: PIE: Created PIE world by copying editor world from /Game/Maps/HelloWorld.HelloWorld to /Game/Maps/UEDPIE_0_HelloWorld.HelloWorld (0.020186s)
[2018.01.27-12.36.04:454][222]LogLoad: Game class is 'RPGGM_C'
[2018.01.27-12.36.04:458][222]LogWorld: Bringing World /Game/Maps/UEDPIE_0_HelloWorld.HelloWorld up for play (max tick rate 0) at 2018.01.27-12.36.04
[2018.01.27-12.36.04:460][222]LogWorld: Bringing up level for play took: 0.004070
[2018.01.27-12.36.04:463][222]LogLoad: Took 0.062509 seconds to LoadMap(/Game/Maps/UEDPIE_0_HelloWorld)
[2018.01.27-12.36.08:980][763]LogBlueprintUserMessages: [HelloWorld_C_1] You Died
[2018.01.27-12.36.10:982][  3]LogNet: Browse: /Game/Maps/HelloWorld
[2018.01.27-12.36.10:982][  3]LogLoad: LoadMap: /Game/Maps/HelloWorld
[2018.01.27-12.36.10:995][  3]Cmd: MEM
[2018.01.27-12.36.11:006][  3]LogMemory: Platform Memory Stats for Windows
[2018.01.27-12.36.11:006][  3]LogMemory: Process Physical Memory: 1202.66 MB used, 1255.08 MB peak
[2018.01.27-12.36.11:006][  3]LogMemory: Process Virtual Memory: 1850.33 MB used, 1921.07 MB peak
[2018.01.27-12.36.11:006][  3]LogMemory: Physical Memory: 4484.83 MB used,  3662.39 MB free, 8147.22 MB total
[2018.01.27-12.36.11:006][  3]LogMemory: Virtual Memory: 2736.73 MB used,  3662.39 MB free, 134217728.00 MB total
[2018.01.27-12.36.11:006][  3]LogMemory: 
[2018.01.27-12.36.11:006][  3]Allocator Stats for TBB: (not implemented)
[2018.01.27-12.36.11:006][  3]LogPlayLevel: Creating play world package: /Game/Maps/UEDPIE_0_HelloWorld
[2018.01.27-12.36.11:023][  3]LogPlayLevel: PIE: StaticDuplicateObject took: (0.016254s)
[2018.01.27-12.36.11:023][  3]LogAIModule: Creating AISystem for world HelloWorld
[2018.01.27-12.36.11:024][  3]LogPlayLevel: PIE: World Init took: (0.000670s)
[2018.01.27-12.36.11:024][  3]LogPlayLevel: PIE: Created PIE world by copying editor world from /Game/Maps/HelloWorld.HelloWorld to /Game/Maps/UEDPIE_0_HelloWorld.HelloWorld (0.017141s)
[2018.01.27-12.36.11:024][  3]LogLoad: Game class is 'RPGGM_C'
[2018.01.27-12.36.11:028][  3]LogWorld: Bringing World /Game/Maps/UEDPIE_0_HelloWorld.HelloWorld up for play (max tick rate 0) at 2018.01.27-12.36.11
[2018.01.27-12.36.11:029][  3]LogWorld: Bringing up level for play took: 0.003854
[2018.01.27-12.36.11:032][  3]LogLoad: Took 0.049770 seconds to LoadMap(/Game/Maps/UEDPIE_0_HelloWorld)
[2018.01.27-12.37.12:982][432]LogBlueprintUserMessages: Early EndPlayMap Detection: Level '/Game/Maps/HelloWorld.HelloWorld:PersistentLevel' has LevelScriptBlueprint '/Game/Maps/HelloWorld.HelloWorld:PersistentLevel.HelloWorld' with GeneratedClass '/Game/Maps/HelloWorld.HelloWorld_C' with ClassGeneratedBy '/Game/Maps/HelloWorld.HelloWorld:PersistentLevel.HelloWorld'
[2018.01.27-12.37.13:042][432]LogBlueprintUserMessages: Late EndPlayMap Detection: Level '/Game/Maps/HelloWorld.HelloWorld:PersistentLevel' has LevelScriptBlueprint '/Game/Maps/HelloWorld.HelloWorld:PersistentLevel.HelloWorld' with GeneratedClass '/Game/Maps/HelloWorld.HelloWorld_C' with ClassGeneratedBy '/Game/Maps/HelloWorld.HelloWorld:PersistentLevel.HelloWorld'
[2018.01.27-12.37.22:633][553]LogSlate: Took 0.002142 seconds to synchronously load lazily loaded font '../../../Engine/Content/Editor/Slate/Fonts/Roboto-Italic.ttf' (157K)
[2018.01.27-12.38.04:487][512]LogEditorViewport: Clicking on Actor (LMB): PlayerStart (PlayerStart)
[2018.01.27-12.38.07:757][888]LogTemp: Repeting last play command: Selected Viewport
[2018.01.27-12.38.07:779][888]LogBlueprintUserMessages: Early PlayInEditor Detection: Level '/Game/Maps/HelloWorld.HelloWorld:PersistentLevel' has LevelScriptBlueprint '/Game/Maps/HelloWorld.HelloWorld:PersistentLevel.HelloWorld' with GeneratedClass '/Game/Maps/HelloWorld.HelloWorld_C' with ClassGeneratedBy '/Game/Maps/HelloWorld.HelloWorld:PersistentLevel.HelloWorld'
[2018.01.27-12.38.07:779][888]LogPlayLevel: PlayLevel: No blueprints needed recompiling
[2018.01.27-12.38.07:779][888]PIE: New page: PIE session: HelloWorld (27 Jan 2018 12:38:07)
[2018.01.27-12.38.07:780][888]LogPlayLevel: Creating play world package: /Game/Maps/UEDPIE_0_HelloWorld
[2018.01.27-12.38.07:798][888]LogPlayLevel: PIE: StaticDuplicateObject took: (0.018095s)
[2018.01.27-12.38.07:798][888]LogAIModule: Creating AISystem for world HelloWorld
[2018.01.27-12.38.07:799][888]LogPlayLevel: PIE: World Init took: (0.000896s)
[2018.01.27-12.38.07:799][888]LogPlayLevel: PIE: Created PIE world by copying editor world from /Game/Maps/HelloWorld.HelloWorld to /Game/Maps/UEDPIE_0_HelloWorld.HelloWorld (0.019279s)
[2018.01.27-12.38.07:814][888]LogInit: XAudio2 using 'Headset Earphone (Corsair VOID RGB USB Gaming Headset)' : 6 channels at 48 kHz using 16 bits per sample (channel mask 0x3f)
