Log file open, 01/18/18 12:42:37
LogInit:Display: Running engine for game: RPG_Game
LogPlatformFile: Not using cached read wrapper
LogInit:Display: RandInit(674703290) SRandInit(674703290).
LogTaskGraph: Started task graph with 5 named threads and 8 total threads with 1 sets of task threads.
LogStats: Stats thread started at 0.110029
LogInit: Using libcurl 7.47.1
LogInit:  - built for x86_64-pc-win32
LogInit:  - supports SSL with OpenSSL/1.0.2g
LogInit:  - supports HTTP deflate (compression) using libz 1.2.8
LogInit:  - other features:
LogInit:      CURL_VERSION_SSL
LogInit:      CURL_VERSION_LIBZ
LogInit:      CURL_VERSION_IPV6
LogInit:      CURL_VERSION_ASYNCHDNS
LogInit:      CURL_VERSION_LARGEFILE
LogInit:      CURL_VERSION_IDN
LogInit:  CurlRequestOptions (configurable via config and command line):
LogInit:  - bVerifyPeer = false  - Libcurl will NOT verify peer certificate
LogInit:  - bUseHttpProxy = false  - Libcurl will NOT use HTTP proxy
LogInit:  - bDontReuseConnections = false  - Libcurl will reuse connections
LogInit:  - CertBundlePath = nullptr  - Libcurl will use whatever was configured at build time.
LogInit: Build: ++UE4+Release-4.16-CL-3561208
LogInit: Engine Version: 4.16.3-3561208+++UE4+Release-4.16
LogInit: Compatible Engine Version: 4.16.0-3452394+++UE4+Release-4.16
LogInit: Net CL: 3452394
LogDevObjectVersion: Number of dev versions registered: 16
LogDevObjectVersion:   Dev-Blueprints (B0D832E4-1F89-4F0D-ACCF-7EB736FD4AA2): 9
LogDevObjectVersion:   Dev-Build (E1C64328-A22C-4D53-A36C-8E866417BD8C): 0
LogDevObjectVersion:   Dev-Core (375EC13C-06E4-48FB-B500-84F0262A717E): 2
LogDevObjectVersion:   Dev-Editor (E4B068ED-F494-42E9-A231-DA0B2E46BB41): 17
LogDevObjectVersion:   Dev-Framework (CFFC743F-43B0-4480-9391-14DF171D2073): 23
LogDevObjectVersion:   Dev-Mobile (B02B49B5-BB20-44E9-A304-32B752E40360): 0
LogDevObjectVersion:   Dev-Networking (A4E4105C-59A1-49B5-A7C5-40C4547EDFEE): 0
LogDevObjectVersion:   Dev-Online (39C831C9-5AE6-47DC-9A44-9C173E1C8E7C): 0
LogDevObjectVersion:   Dev-Physics (78F01B33-EBEA-4F98-B9B4-84EACCB95AA2): 0
LogDevObjectVersion:   Dev-Platform (6631380F-2D4D-43E0-8009-CF276956A95A): 0
LogDevObjectVersion:   Dev-Rendering (12F88B9F-8875-4AFC-A67C-D90C383ABD29): 15
LogDevObjectVersion:   Dev-Sequencer (7B5AE74C-D270-4C10-A958-57980B212A5A): 4
LogDevObjectVersion:   Dev-VR (D7296918-1DD6-4BDD-9DE2-64A83CC13884): 0
LogDevObjectVersion:   Dev-LoadTimes (C2A15278-BFE7-4AFE-6C17-90FF531DF755): 1
LogDevObjectVersion:   Private-Geometry (6EACA3D4-40EC-4CC1-B786-8BED09428FC5): 1
LogDevObjectVersion:   Dev-AnimPhys (29E575DD-E0A3-4627-9D10-D276232CDCEA): 3
LogInit: Compiled (64-bit): Jul 28 2017 11:49:47
LogInit: Compiled with Visual C++: 19.00.24215.01
LogInit: Build Configuration: Development
LogInit: Branch Name: ++UE4+Release-4.16
LogInit: Command line:  
LogInit: Base directory: D:/Program Files/UE_4.16/Engine/Binaries/Win64/
LogInit: Installed Engine Build: 1
LogInit: Presizing for max 8388607 objects, including 0 objects not considered by GC, pre-allocating 0 bytes for permanent pool.
LogInit: Object subsystem initialized
[2018.01.18-12.42.38:973][  0]LogInit: Selected Device Profile: [Windows]
[2018.01.18-12.42.38:973][  0]LogInit: Applying CVar settings loaded from the selected device profile: [Windows]
[2018.01.18-12.42.39:078][  0]LogInit: Computer: DESKTOP-46CB9MQ
[2018.01.18-12.42.39:078][  0]LogInit: User: JoshR
[2018.01.18-12.42.39:078][  0]LogInit: CPU Page size=4096, Cores=4
[2018.01.18-12.42.39:078][  0]LogInit: High frequency timer resolution =3.421878 MHz
[2018.01.18-12.42.39:102][  0]LogMemory: Memory total: Physical=16.0GB (16GB approx)
[2018.01.18-12.42.39:102][  0]LogMemory: Platform Memory Stats for Windows
[2018.01.18-12.42.39:102][  0]LogMemory: Process Physical Memory: 272.59 MB used, 272.59 MB peak
[2018.01.18-12.42.39:102][  0]LogMemory: Process Virtual Memory: 258.65 MB used, 258.65 MB peak
[2018.01.18-12.42.39:102][  0]LogMemory: Physical Memory: 3658.75 MB used,  12685.25 MB free, 16344.00 MB total
[2018.01.18-12.42.39:102][  0]LogMemory: Virtual Memory: 654.43 MB used,  12685.25 MB free, 134217728.00 MB total
[2018.01.18-12.42.39:733][  0]LogInit: Using OS detected language (en-GB).
[2018.01.18-12.42.39:733][  0]LogInit: Using OS detected locale (en-GB).
[2018.01.18-12.42.39:898][  0]LogTextLocalizationManager: No specific localization for 'en-GB' exists, so the 'en' localization will be used.
[2018.01.18-12.42.42:104][  0]LogD3D11RHI: D3D11 adapters:
[2018.01.18-12.42.42:135][  0]LogD3D11RHI:    0. 'NVIDIA GeForce GTX 970' (Feature Level 11_0)
[2018.01.18-12.42.42:135][  0]LogD3D11RHI:       4043/0/8172 MB DedicatedVideo/DedicatedSystem/SharedSystem, Outputs:1, VendorId:0x10de
[2018.01.18-12.42.42:137][  0]LogD3D11RHI:    1. 'Microsoft Basic Render Driver' (Feature Level 11_0)
[2018.01.18-12.42.42:137][  0]LogD3D11RHI:       0/0/8172 MB DedicatedVideo/DedicatedSystem/SharedSystem, Outputs:0, VendorId:0x1414
[2018.01.18-12.42.42:137][  0]LogD3D11RHI: Chosen D3D11 Adapter: 0
[2018.01.18-12.42.42:142][  0]LogD3D11RHI: Creating new Direct3DDevice
[2018.01.18-12.42.42:142][  0]LogD3D11RHI:     GPU DeviceId: 0x13c2 (for the marketing name, search the web for "GPU Device Id")
[2018.01.18-12.42.42:142][  0]LogWindows: EnumDisplayDevices:
[2018.01.18-12.42.42:142][  0]LogWindows:    0. 'NVIDIA GeForce GTX 970' (P:1 D:1)
[2018.01.18-12.42.42:143][  0]LogWindows:    1. 'NVIDIA GeForce GTX 970' (P:0 D:0)
[2018.01.18-12.42.42:143][  0]LogWindows:    2. 'NVIDIA GeForce GTX 970' (P:0 D:0)
[2018.01.18-12.42.42:143][  0]LogWindows:    3. 'NVIDIA GeForce GTX 970' (P:0 D:0)
[2018.01.18-12.42.42:143][  0]LogWindows: DebugString: GetVideoDriverDetailsInvalid PrimaryIsNotTheChoosenAdapter GetVideoDriverDetailsInvalid PrimaryIsNotTheChoosenAdapter GetVideoDriverDetailsInvalid PrimaryIsNotTheChoosenAdapter GetVideoDriverDetailsInvalid PrimaryIsNotTheChoosenAdapter FoundDriverCount:0 
[2018.01.18-12.42.42:143][  0]LogD3D11RHI:     Adapter Name: NVIDIA GeForce GTX 970
[2018.01.18-12.42.42:143][  0]LogD3D11RHI:   Driver Version: Unknown (internal:Unknown, unified:Unknown)
[2018.01.18-12.42.42:143][  0]LogD3D11RHI:      Driver Date: Unknown
[2018.01.18-12.42.42:143][  0]LogRHI: Texture pool is 1361 MB (70% of 1945 MB)
[2018.01.18-12.42.42:167][  0]LogD3D11RHI: Async texture creation enabled
[2018.01.18-12.42.42:492][  0]LogD3D11RHI: GPU Timing Frequency: 1000.000000 (Debug: 2 2)
[2018.01.18-12.42.42:528][  0]LogShaderCompilers: Guid format shader working directory is -16 characters bigger than the processId version (../../../../../Users/JoshR/Documents/GitHub/FMP_RPG_Game_Charm/Intermediate/Shaders/WorkingDirectory/8184/).
[2018.01.18-12.42.42:529][  0]LogShaderCompilers: Cleaned the shader compiler working directory 'C:/Users/JoshR/AppData/Local/Temp/UnrealShaderWorkingDir/3DD4100C413A58F82A190BA24C76B8A9/'.
[2018.01.18-12.42.42:547][  0]LogShaderCompilers:Display: Using Local Shader Compiler.
[2018.01.18-12.42.44:915][  0]LogTemp:Display: Loaded TP AllDesktopTargetPlatform
[2018.01.18-12.42.44:959][  0]LogTemp:Display: Loaded TP MacClientTargetPlatform
[2018.01.18-12.42.44:989][  0]LogTemp:Display: Loaded TP MacNoEditorTargetPlatform
[2018.01.18-12.42.45:020][  0]LogTemp:Display: Loaded TP MacServerTargetPlatform
[2018.01.18-12.42.45:103][  0]LogTemp:Display: Loaded TP MacTargetPlatform
[2018.01.18-12.42.45:134][  0]LogTemp:Display: Loaded TP WindowsClientTargetPlatform
[2018.01.18-12.42.45:166][  0]LogTemp:Display: Loaded TP WindowsNoEditorTargetPlatform
[2018.01.18-12.42.45:197][  0]LogTemp:Display: Loaded TP WindowsServerTargetPlatform
[2018.01.18-12.42.45:227][  0]LogTemp:Display: Loaded TP WindowsTargetPlatform
[2018.01.18-12.42.45:261][  0]LogTemp:Display: Loaded TP AndroidTargetPlatform
[2018.01.18-12.42.45:295][  0]LogTemp:Display: Loaded TP Android_ASTCTargetPlatform
[2018.01.18-12.42.45:327][  0]LogTemp:Display: Loaded TP Android_ATCTargetPlatform
[2018.01.18-12.42.45:359][  0]LogTemp:Display: Loaded TP Android_DXTTargetPlatform
[2018.01.18-12.42.45:391][  0]LogTemp:Display: Loaded TP Android_ETC1TargetPlatform
[2018.01.18-12.42.45:424][  0]LogTemp:Display: Loaded TP Android_ETC2TargetPlatform
[2018.01.18-12.42.45:490][  0]LogTemp:Display: Loaded TP Android_MultiTargetPlatform
[2018.01.18-12.42.45:490][  0]LogTemp:Display: Loaded TP Android_PVRTCTargetPlatform
[2018.01.18-12.42.45:515][  0]LogTemp:Display: Loaded TP HTML5TargetPlatform
[2018.01.18-12.42.45:621][  0]LogTemp:Display: Loaded TP IOSTargetPlatform
[2018.01.18-12.42.45:641][  0]LogTemp:Display: Loaded TP TVOSTargetPlatform
[2018.01.18-12.42.45:675][  0]LogTemp:Display: Loaded TP LinuxClientTargetPlatform
[2018.01.18-12.42.45:708][  0]LogTemp:Display: Loaded TP LinuxNoEditorTargetPlatform
[2018.01.18-12.42.45:741][  0]LogTemp:Display: Loaded TP LinuxServerTargetPlatform
[2018.01.18-12.42.45:775][  0]LogTemp:Display: Loaded TP LinuxTargetPlatform
[2018.01.18-12.42.45:775][  0]LogTargetPlatformManager:Display: Building Assets For Windows
[2018.01.18-12.42.46:703][  0]LogDerivedDataCache:Display: Max Cache Size: 512 MB
[2018.01.18-12.42.46:978][  0]LogDerivedDataCache: Loaded boot cache 0.28s 90MB C:/Users/JoshR/AppData/Local/UnrealEngine/4.16/DerivedDataCache/Boot.ddc.
[2018.01.18-12.42.46:979][  0]LogDerivedDataCache:Display: Loaded Boot cache: C:/Users/JoshR/AppData/Local/UnrealEngine/4.16/DerivedDataCache/Boot.ddc
[2018.01.18-12.42.46:979][  0]LogDerivedDataCache: FDerivedDataBackendGraph:  Pak pak cache file ../../../../../Users/JoshR/Documents/GitHub/FMP_RPG_Game_Charm/DerivedDataCache/DDC.ddp not found, will not use a pak cache.
[2018.01.18-12.42.46:979][  0]LogDerivedDataCache: Unable to find inner node Pak for hierarchical cache Hierarchy.
[2018.01.18-12.42.46:979][  0]LogDerivedDataCache: FDerivedDataBackendGraph:  CompressedPak pak cache file ../../../../../Users/JoshR/Documents/GitHub/FMP_RPG_Game_Charm/DerivedDataCache/Compressed.ddp not found, will not use a pak cache.
[2018.01.18-12.42.46:979][  0]LogDerivedDataCache: Unable to find inner node CompressedPak for hierarchical cache Hierarchy.
[2018.01.18-12.42.47:030][  0]LogDerivedDataCache:Display: Pak cache opened for reading ../../../Engine/DerivedDataCache/Compressed.ddp.
[2018.01.18-12.42.47:042][  0]LogDerivedDataCache: Using Local data cache path C:/Users/JoshR/AppData/Local/UnrealEngine/Common/DerivedDataCache: Writable
[2018.01.18-12.42.47:117][  0]LogMaterial: Verifying Global Shaders for PCD3D_SM5
[2018.01.18-12.42.47:172][  0]LogSlate: Using Freetype 2.6.0
[2018.01.18-12.42.47:277][  0]LogSlate: SlateFontCache - WITH_FREETYPE: 1, WITH_HARFBUZZ: 1
[2018.01.18-12.42.47:277][  0]LogSlate: SlateFontCache - WITH_FREETYPE: 1, WITH_HARFBUZZ: 1
[2018.01.18-12.42.54:143][  0]LogInit: Selected Device Profile: [Windows]
[2018.01.18-12.42.55:100][  0]LogContentStreaming: Texture pool size is 0.00 MB
[2018.01.18-12.42.55:637][  0]LogMeshUtilities: Using QuadricMeshReduction for automatic static mesh reduction
[2018.01.18-12.42.55:771][  0]LogSimplygon: Simplygon DLL not present - disabling.
[2018.01.18-12.42.55:826][  0]LogMeshUtilities: Using SimplygonSwarm for distributed automatic mesh merging
[2018.01.18-12.42.55:826][  0]LogMeshUtilities: No automatic skeletal mesh reduction module available
[2018.01.18-12.42.55:826][  0]LogMeshUtilities: No automatic mesh merging module available
[2018.01.18-12.43.00:229][  0]LogNetVersion: RPG_Game , NetCL: 3452394, EngineNetVer: 2, GameNetVer: 0 (Checksum: 2586067795)
[2018.01.18-12.43.00:575][  0]LogAssetRegistry: FAssetRegistry took 0.0295 seconds to start up
[2018.01.18-12.43.00:788][  0]LogPackageLocalizationCache: Processed 4 localized package path(s) for 2 prioritized culture(s) in 0.101192 seconds
[2018.01.18-12.43.00:809][  0]LogUObjectArray: 34194 objects as part of root set at end of initial load.
[2018.01.18-12.43.00:809][  0]LogUObjectAllocator: 7260416 out of 0 bytes used by permanent object pool.
[2018.01.18-12.43.00:809][  0]LogUObjectArray: CloseDisregardForGC: 0/0 objects in disregard for GC pool
[2018.01.18-12.43.00:878][  0]LogInit: WinSock: version 1.1 (2.2), MaxSocks=32767, MaxUdp=65467
[2018.01.18-12.43.10:777][  0]LogTcpMessaging: Initializing TcpMessaging bridge
[2018.01.18-12.43.10:825][  0]LogUdpMessaging: Initializing bridge on interface 0.0.0.0:0 to multicast group 230.0.0.1:6666.
[2018.01.18-12.43.12:104][  0]LogMaterial: Uniform references updated for custom material expression Custom.
[2018.01.18-12.43.12:715][  0]SourceControl: Info Source control is disabled
[2018.01.18-12.43.14:837][  0]LogAndroidPermission: UAndroidPermissionCallbackProxy::GetInstance
[2018.01.18-12.43.15:922][  0]LogEngine: Initializing Engine...
[2018.01.18-12.43.15:983][  0]LogHMD: Failed to initialize OpenVR with code 110
[2018.01.18-12.43.16:571][  0]LogStats: UGameplayTagsManager::ConstructGameplayTagTree: Construct from data asset -  0.000 s
[2018.01.18-12.43.16:571][  0]LogStats: UGameplayTagsManager::ConstructGameplayTagTree: GameplayTagTreeChangedEvent.Broadcast -  0.000 s
[2018.01.18-12.43.17:017][  0]LogAIModule: Creating AISystem for world Untitled
[2018.01.18-12.43.17:100][  0]LogInit: XAudio2 using 'Speakers (High Definition Audio Device)' : 2 channels at 44.1 kHz using 16 bits per sample (channel mask 0x3)
[2018.01.18-12.43.17:112][  0]LogInit: FAudioDevice initialized.
[2018.01.18-12.43.17:147][  0]LogDerivedDataCache: Saved boot cache 0.03s 90MB C:/Users/JoshR/AppData/Local/UnrealEngine/4.16/DerivedDataCache/Boot.ddc.
[2018.01.18-12.43.17:151][  0]LogInit: Texture streaming: Enabled
[2018.01.18-12.43.17:301][  0]LogEngineSessionManager: EngineSessionManager initialized
[2018.01.18-12.43.17:733][  0]LogWindowsTextInputMethodSystem:Display: IME system now deactivated.
[2018.01.18-12.43.17:820][  0]LogInit: Transaction tracking system initialized
[2018.01.18-12.43.18:333][  0]BlueprintLog: New page: Editor Load
[2018.01.18-12.43.19:934][  0]LocalizationService: Info Localization service is disabled
[2018.01.18-12.43.22:195][  0]LogConsoleResponse:Display: 
[2018.01.18-12.43.25:060][  0]LogFileCache: Scanning file cache for directory 'D:/Users/JoshR/Documents/GitHub/FMP_RPG_Game_Charm/Content/' took 0.03s
[2018.01.18-12.43.25:060][  0]LogCook:Display: Max memory allowance for cook 16384mb min free memory 0mb
[2018.01.18-12.43.25:060][  0]LogCook:Display: Mobile HDR setting 1
[2018.01.18-12.43.28:816][  0]Cmd: MAP LOAD FILE="../../../../../Users/JoshR/Documents/GitHub/FMP_RPG_Game_Charm/Content/Maps/Tutorial.umap" TEMPLATE=0 SHOWPROGRESS=1 FEATURELEVEL=3
[2018.01.18-12.43.28:884][  0]LightingResults: New page: Lighting Build
[2018.01.18-12.43.29:072][  0]MapCheck: New page: Map Check
[2018.01.18-12.43.29:072][  0]LightingResults: New page: Lighting Build
[2018.01.18-12.43.31:961][  0]LogAIModule: Creating AISystem for world Tutorial
[2018.01.18-12.43.32:409][  0]LogEditorServer: Finished looking for orphan Actors (0.000 secs)
[2018.01.18-12.43.32:512][  0]Cmd: MAP CHECKDEP NOCLEARLOG
[2018.01.18-12.43.32:559][  0]MapCheck: Info Map check complete: 0 Error(s), 0 Warning(s), took 42.346ms to complete.
[2018.01.18-12.43.32:559][  0]LogFileHelpers: Loading map 'Tutorial' took 3.751
[2018.01.18-12.43.33:954][  0]LogCollectionManager: Loaded 0 collections in 0.000971 seconds
[2018.01.18-12.43.34:122][  0]LogFileCache: Scanning file cache for directory 'D:/Users/JoshR/Documents/GitHub/FMP_RPG_Game_Charm/Saved/Collections/' took 0.01s
[2018.01.18-12.43.34:122][  0]LogFileCache: Scanning file cache for directory 'D:/Users/JoshR/Documents/GitHub/FMP_RPG_Game_Charm/Content/Developers/JoshR/Collections/' took 0.01s
[2018.01.18-12.43.34:122][  0]LogFileCache: Scanning file cache for directory 'D:/Users/JoshR/Documents/GitHub/FMP_RPG_Game_Charm/Content/Collections/' took 0.01s
[2018.01.18-12.43.34:122][  0]LogCollectionManager: Rebuilt the GUID cache for 0 collections in 0.000001 seconds
[2018.01.18-12.43.34:131][  0]LogContentBrowser: Native class hierarchy populated in 0.0072 seconds. Added 2329 classes and 491 folders.
[2018.01.18-12.43.34:222][  0]LogContentBrowser: Native class hierarchy updated for 'WidgetCarousel' in 0.0004 seconds. Added 0 classes and 0 folders.
[2018.01.18-12.43.35:044][  0]LogContentBrowser: Native class hierarchy updated for 'AddContentDialog' in 0.0004 seconds. Added 0 classes and 0 folders.
[2018.01.18-12.43.35:148][  0]LogContentBrowser: Native class hierarchy updated for 'SceneOutliner' in 0.0004 seconds. Added 1 classes and 2 folders.
[2018.01.18-12.43.35:521][  0]LogCrashTracker: Crashtracker disabled due to settings.
[2018.01.18-12.43.35:640][  0]LogSlate: Took 0.011930 seconds to synchronously load lazily loaded font '../../../Engine/Content/Slate/Fonts/Roboto-Regular.ttf' (155K)
[2018.01.18-12.43.35:667][  0]LogSlate: Took 0.026340 seconds to synchronously load lazily loaded font '../../../Engine/Content/Slate/Fonts/Roboto-Bold.ttf' (160K)
[2018.01.18-12.43.35:711][  0]LogSlate: Took 0.014817 seconds to synchronously load lazily loaded font '../../../Engine/Content/Editor/Slate/Fonts/FontAwesome.ttf' (139K)
[2018.01.18-12.43.36:049][  0]LogRenderer: Reallocating scene render targets to support 1004x540 NumSamples 1 (Frame:1).
[2018.01.18-12.43.36:454][  0]LogUObjectGlobals:Warning: Failed to find object 'Class None.'
[2018.01.18-12.43.36:593][  0]LogContentBrowser: Native class hierarchy updated for 'HierarchicalLODOutliner' in 0.0004 seconds. Added 1 classes and 2 folders.
[2018.01.18-12.43.36:593][  0]LogLoad: (Engine Initialization) Total time: 63.23 seconds
[2018.01.18-12.43.36:593][  0]LogLoad: (Engine Initialization) Total Blueprint compile time: 0.81 seconds
[2018.01.18-12.43.36:593][  0]LogExternalProfiler: No external profilers were discovered.  External profiling features will not be available.
[2018.01.18-12.43.36:622][  0]LogOcInput: OculusInput pre-init called
[2018.01.18-12.43.36:622][  0]LogHMD: Starting GearVRController plugin
[2018.01.18-12.43.36:700][  0]SourceControl: Info On branch master
[2018.01.18-12.43.36:700][  0]SourceControl: Info Your branch is behind 'origin/master' by 7 commits, and can be fast-forwarded.
[2018.01.18-12.43.36:700][  0]SourceControl: Info   (use "git pull" to update your local branch)
[2018.01.18-12.43.36:700][  0]SourceControl: Info Changes not staged for commit:
[2018.01.18-12.43.36:700][  0]SourceControl: Info   (use "git add/rm <file>..." to update what will be committed)
[2018.01.18-12.43.36:700][  0]SourceControl: Info   (use "git checkout -- <file>..." to discard changes in working directory)
[2018.01.18-12.43.36:700][  0]SourceControl: Info 	modified:   Intermediate/CachedAssetRegistry.bin
[2018.01.18-12.43.36:700][  0]SourceControl: Info 	modified:   Saved/AutoScreenshot.png
[2018.01.18-12.43.36:700][  0]SourceControl: Info 	modified:   Saved/Autosaves/PackageRestoreData.json
[2018.01.18-12.43.36:700][  0]SourceControl: Info 	modified:   Saved/Config/Windows/EditorPerProjectUserSettings.ini
[2018.01.18-12.43.36:701][  0]SourceControl: Info 	deleted:    Saved/Logs/RPG_Game-backup-2018.01.17-17.09.10.log
[2018.01.18-12.43.36:701][  0]SourceControl: Info 	deleted:    Saved/Logs/RPG_Game-backup-2018.01.17-21.08.35.log
[2018.01.18-12.43.36:701][  0]SourceControl: Info 	modified:   Saved/Logs/RPG_Game.log
[2018.01.18-12.43.36:701][  0]SourceControl: Info Untracked files:
[2018.01.18-12.43.36:701][  0]SourceControl: Info   (use "git add <file>..." to include in what will be committed)
[2018.01.18-12.43.36:701][  0]SourceControl: Info 	Saved/Config/CrashReportClient/UE4CC-Windows-5E662B8F4B7C727C89EA228201045D44/
[2018.01.18-12.43.36:701][  0]SourceControl: Info 	Saved/Config/CrashReportClient/UE4CC-Windows-9B0D69984F1D23F114204699B6BE3A65/
[2018.01.18-12.43.36:701][  0]SourceControl: Info 	Saved/Logs/RPG_Game-backup-2018.01.17-21.55.53.log
[2018.01.18-12.43.36:701][  0]SourceControl: Info 	Saved/Logs/RPG_Game-backup-2018.01.18-12.42.37.log
[2018.01.18-12.43.36:701][  0]SourceControl: Info no changes added to commit (use "git add" and/or "git commit -a")
[2018.01.18-12.43.36:704][  0]LogContentStreaming: Texture pool size now 1000 MB
[2018.01.18-12.43.36:972][  1]LogSlate: Took 0.022098 seconds to synchronously load lazily loaded font '../../../Engine/Content/Slate/Fonts/Roboto-Light.ttf' (159K)
[2018.01.18-12.43.37:006][  2]LogAssetRegistry: Asset discovery search completed in 36.4547 seconds
[2018.01.18-12.43.37:043][  2]LogCollectionManager: Rebuilt the object cache for 0 collections in 0.000000 seconds (found 0 objects)
[2018.01.18-12.43.37:043][  2]LogCollectionManager: Fixed up redirectors for 0 collections in 0.000031 seconds (updated 0 objects)
[2018.01.18-12.43.51:063][621]SourceControl: Info On branch master
[2018.01.18-12.43.51:063][621]SourceControl: Info Your branch is behind 'origin/master' by 7 commits, and can be fast-forwarded.
[2018.01.18-12.43.51:063][621]SourceControl: Info   (use "git pull" to update your local branch)
[2018.01.18-12.43.51:063][621]SourceControl: Info Changes not staged for commit:
[2018.01.18-12.43.51:063][621]SourceControl: Info   (use "git add/rm <file>..." to update what will be committed)
[2018.01.18-12.43.51:063][621]SourceControl: Info   (use "git checkout -- <file>..." to discard changes in working directory)
[2018.01.18-12.43.51:063][621]SourceControl: Info 	modified:   Intermediate/CachedAssetRegistry.bin
[2018.01.18-12.43.51:063][621]SourceControl: Info 	modified:   Saved/AutoScreenshot.png
[2018.01.18-12.43.51:063][621]SourceControl: Info 	modified:   Saved/Autosaves/PackageRestoreData.json
[2018.01.18-12.43.51:063][621]SourceControl: Info 	modified:   Saved/Config/Windows/EditorPerProjectUserSettings.ini
[2018.01.18-12.43.51:063][621]SourceControl: Info 	deleted:    Saved/Logs/RPG_Game-backup-2018.01.17-17.09.10.log
[2018.01.18-12.43.51:063][621]SourceControl: Info 	deleted:    Saved/Logs/RPG_Game-backup-2018.01.17-21.08.35.log
[2018.01.18-12.43.51:063][621]SourceControl: Info 	modified:   Saved/Logs/RPG_Game.log
[2018.01.18-12.43.51:063][621]SourceControl: Info Untracked files:
[2018.01.18-12.43.51:063][621]SourceControl: Info   (use "git add <file>..." to include in what will be committed)
[2018.01.18-12.43.51:063][621]SourceControl: Info 	Saved/Config/CrashReportClient/UE4CC-Windows-5E662B8F4B7C727C89EA228201045D44/
[2018.01.18-12.43.51:063][621]SourceControl: Info 	Saved/Config/CrashReportClient/UE4CC-Windows-9B0D69984F1D23F114204699B6BE3A65/
[2018.01.18-12.43.51:063][621]SourceControl: Info 	Saved/Logs/RPG_Game-backup-2018.01.17-21.55.53.log
[2018.01.18-12.43.51:063][621]SourceControl: Info 	Saved/Logs/RPG_Game-backup-2018.01.18-12.42.37.log
[2018.01.18-12.43.51:063][621]SourceControl: Info no changes added to commit (use "git add" and/or "git commit -a")
[2018.01.18-12.44.20:625][145]LogTemp: Repeting last play command: Selected Viewport
[2018.01.18-12.44.20:943][145]LogPackageName:Warning: String asset reference "JW_FlameDungeon.FX.SM_FX_Embers" is in short form, which is unsupported and -- even if valid -- resolving it will be really slow.
[2018.01.18-12.44.20:943][145]LogPackageName:Warning: Please consider resaving package in order to speed-up loading.
[2018.01.18-12.44.21:036][145]LogPackageName: SearchForPackageOnDisk took   0.093s, but failed to resolve JW_FlameDungeon.
[2018.01.18-12.44.21:036][145]LogPackageName:Warning: String asset reference "JW_FlameDungeon.FX.SM_FX_Embers" could not be resolved.
[2018.01.18-12.44.21:038][145]LogPackageName:Warning: String asset reference "JW_FlameDungeon.FX.SM_FogPlane02" is in short form, which is unsupported and -- even if valid -- resolving it will be really slow.
[2018.01.18-12.44.21:038][145]LogPackageName:Warning: Please consider resaving package in order to speed-up loading.
[2018.01.18-12.44.21:130][145]LogPackageName: SearchForPackageOnDisk took   0.093s, but failed to resolve JW_FlameDungeon.
[2018.01.18-12.44.21:130][145]LogPackageName:Warning: String asset reference "JW_FlameDungeon.FX.SM_FogPlane02" could not be resolved.
[2018.01.18-12.44.21:980][145]LogPackageName:Warning: String asset reference "StaticMesh'FX_Meshes_IB.SM_Debris_Box_RadialFull'" is in short form, which is unsupported and -- even if valid -- resolving it will be really slow.
[2018.01.18-12.44.21:980][145]LogPackageName:Warning: Please consider resaving package in order to speed-up loading.
[2018.01.18-12.44.22:073][145]LogPackageName: SearchForPackageOnDisk took   0.093s, but failed to resolve StaticMesh'FX_Meshes_IB.
[2018.01.18-12.44.22:073][145]LogPackageName:Warning: String asset reference "StaticMesh'FX_Meshes_IB.SM_Debris_Box_RadialFull'" could not be resolved.
[2018.01.18-12.44.22:122][145]LogPackageName:Warning: String asset reference "JW_Ice_Mountain.Mesh.SM_SnowBoulder" is in short form, which is unsupported and -- even if valid -- resolving it will be really slow.
[2018.01.18-12.44.22:123][145]LogPackageName:Warning: Please consider resaving package in order to speed-up loading.
[2018.01.18-12.44.22:213][145]LogPackageName: SearchForPackageOnDisk took   0.091s, but failed to resolve JW_Ice_Mountain.
[2018.01.18-12.44.22:213][145]LogPackageName:Warning: String asset reference "JW_Ice_Mountain.Mesh.SM_SnowBoulder" could not be resolved.
[2018.01.18-12.44.22:261][145]LogPackageName:Warning: String asset reference "FX_Meshes.UI.SM_SelectionMesh_01" is in short form, which is unsupported and -- even if valid -- resolving it will be really slow.
[2018.01.18-12.44.22:262][145]LogPackageName:Warning: Please consider resaving package in order to speed-up loading.
[2018.01.18-12.44.22:353][145]LogPackageName: SearchForPackageOnDisk took   0.091s, but failed to resolve FX_Meshes.
[2018.01.18-12.44.22:353][145]LogPackageName:Warning: String asset reference "FX_Meshes.UI.SM_SelectionMesh_01" could not be resolved.
[2018.01.18-12.44.22:355][145]LogPackageName:Warning: String asset reference "FX_Meshes.UI.SM_SelectionMesh_01" is in short form, which is unsupported and -- even if valid -- resolving it will be really slow.
[2018.01.18-12.44.22:355][145]LogPackageName:Warning: Please consider resaving package in order to speed-up loading.
[2018.01.18-12.44.22:446][145]LogPackageName: SearchForPackageOnDisk took   0.091s, but failed to resolve FX_Meshes.
[2018.01.18-12.44.22:446][145]LogPackageName:Warning: String asset reference "FX_Meshes.UI.SM_SelectionMesh_01" could not be resolved.
[2018.01.18-12.44.22:453][145]LogPackageName:Warning: String asset reference "'FX_Ambient.Meshes.SM_Bats'" is in short form, which is unsupported and -- even if valid -- resolving it will be really slow.
[2018.01.18-12.44.22:453][145]LogPackageName:Warning: Please consider resaving package in order to speed-up loading.
[2018.01.18-12.44.22:544][145]LogPackageName: SearchForPackageOnDisk took   0.091s, but failed to resolve 'FX_Ambient.
[2018.01.18-12.44.22:544][145]LogPackageName:Warning: String asset reference "'FX_Ambient.Meshes.SM_Bats'" could not be resolved.
[2018.01.18-12.44.22:548][145]LogPackageName:Warning: String asset reference "CastleEffects.TouchToMoveArrow" is in short form, which is unsupported and -- even if valid -- resolving it will be really slow.
[2018.01.18-12.44.22:548][145]LogPackageName:Warning: Please consider resaving package in order to speed-up loading.
[2018.01.18-12.44.22:638][145]LogPackageName: SearchForPackageOnDisk took   0.091s, but failed to resolve CastleEffects.
[2018.01.18-12.44.22:638][145]LogPackageName:Warning: String asset reference "CastleEffects.TouchToMoveArrow" could not be resolved.
[2018.01.18-12.44.22:754][145]LogPackageName:Warning: String asset reference "StaticMesh'FX_Meshes.Fire.SM_Dungeon_Pipes_Lava01_Cool'" is in short form, which is unsupported and -- even if valid -- resolving it will be really slow.
[2018.01.18-12.44.22:754][145]LogPackageName:Warning: Please consider resaving package in order to speed-up loading.
[2018.01.18-12.44.22:847][145]LogPackageName: SearchForPackageOnDisk took   0.092s, but failed to resolve StaticMesh'FX_Meshes.
[2018.01.18-12.44.22:847][145]LogPackageName:Warning: String asset reference "StaticMesh'FX_Meshes.Fire.SM_Dungeon_Pipes_Lava01_Cool'" could not be resolved.
[2018.01.18-12.44.22:847][145]LogPackageName:Warning: String asset reference "m_FogSheet_02" is in short form, which is unsupported and -- even if valid -- resolving it will be really slow.
[2018.01.18-12.44.22:847][145]LogPackageName:Warning: Please consider resaving package in order to speed-up loading.
[2018.01.18-12.44.22:937][145]LogPackageName: SearchForPackageOnDisk took   0.089s to resolve m_FogSheet_02.
[2018.01.18-12.44.22:953][145]LogPackageName:Warning: String asset reference "FX_Test_LAN.Meshes.SM_IceWall01" is in short form, which is unsupported and -- even if valid -- resolving it will be really slow.
[2018.01.18-12.44.22:953][145]LogPackageName:Warning: Please consider resaving package in order to speed-up loading.
[2018.01.18-12.44.23:045][145]LogPackageName: SearchForPackageOnDisk took   0.091s, but failed to resolve FX_Test_LAN.
[2018.01.18-12.44.23:045][145]LogPackageName:Warning: String asset reference "FX_Test_LAN.Meshes.SM_IceWall01" could not be resolved.
[2018.01.18-12.44.23:104][145]LogPackageName:Warning: String asset reference "m_FogSheet_02" is in short form, which is unsupported and -- even if valid -- resolving it will be really slow.
[2018.01.18-12.44.23:104][145]LogPackageName:Warning: Please consider resaving package in order to speed-up loading.
[2018.01.18-12.44.23:195][145]LogPackageName: SearchForPackageOnDisk took   0.091s to resolve m_FogSheet_02.
[2018.01.18-12.44.23:196][145]LogPackageName:Warning: String asset reference "m_FogSheet_02" is in short form, which is unsupported and -- even if valid -- resolving it will be really slow.
[2018.01.18-12.44.23:196][145]LogPackageName:Warning: Please consider resaving package in order to speed-up loading.
[2018.01.18-12.44.23:287][145]LogPackageName: SearchForPackageOnDisk took   0.091s to resolve m_FogSheet_02.
[2018.01.18-12.44.23:287][145]LogPackageName:Warning: String asset reference "m_FogSheet_02" is in short form, which is unsupported and -- even if valid -- resolving it will be really slow.
[2018.01.18-12.44.23:287][145]LogPackageName:Warning: Please consider resaving package in order to speed-up loading.
[2018.01.18-12.44.23:378][145]LogPackageName: SearchForPackageOnDisk took   0.091s to resolve m_FogSheet_02.
[2018.01.18-12.44.26:881][145]LogPackageName:Warning: String asset reference "JW_Ice_Mountain.Mesh.SM_SnowBoulder" is in short form, which is unsupported and -- even if valid -- resolving it will be really slow.
[2018.01.18-12.44.26:881][145]LogPackageName:Warning: Please consider resaving package in order to speed-up loading.
[2018.01.18-12.44.26:970][145]LogPackageName: SearchForPackageOnDisk took   0.089s, but failed to resolve JW_Ice_Mountain.
[2018.01.18-12.44.26:970][145]LogPackageName:Warning: String asset reference "JW_Ice_Mountain.Mesh.SM_SnowBoulder" could not be resolved.
[2018.01.18-12.44.26:996][145]LogPackageName:Warning: String asset reference "S_Survival_CA_Chicken_02.SM.S_Survival_CA_Chicken_02" is in short form, which is unsupported and -- even if valid -- resolving it will be really slow.
[2018.01.18-12.44.26:996][145]LogPackageName:Warning: Please consider resaving package in order to speed-up loading.
[2018.01.18-12.44.27:087][145]LogPackageName: SearchForPackageOnDisk took   0.091s to resolve S_Survival_CA_Chicken_02.
[2018.01.18-12.44.27:495][145]LogPackageName:Warning: String asset reference "JW_Ice_Mountain.Mesh.SM_SnowBoulder" is in short form, which is unsupported and -- even if valid -- resolving it will be really slow.
[2018.01.18-12.44.27:496][145]LogPackageName:Warning: Please consider resaving package in order to speed-up loading.
[2018.01.18-12.44.27:586][145]LogPackageName: SearchForPackageOnDisk took   0.090s, but failed to resolve JW_Ice_Mountain.
[2018.01.18-12.44.27:586][145]LogPackageName:Warning: String asset reference "JW_Ice_Mountain.Mesh.SM_SnowBoulder" could not be resolved.
[2018.01.18-12.44.27:642][145]LogPackageName:Warning: String asset reference "Env_ALL_Artifacts.Mesh.Env_ALL_Terminus001" is in short form, which is unsupported and -- even if valid -- resolving it will be really slow.
[2018.01.18-12.44.27:642][145]LogPackageName:Warning: Please consider resaving package in order to speed-up loading.
[2018.01.18-12.44.27:732][145]LogPackageName: SearchForPackageOnDisk took   0.090s, but failed to resolve Env_ALL_Artifacts.
[2018.01.18-12.44.27:732][145]LogPackageName:Warning: String asset reference "Env_ALL_Artifacts.Mesh.Env_ALL_Terminus001" could not be resolved.
[2018.01.18-12.44.28:070][145]LogBlueprintUserMessages: Early PlayInEditor Detection: Level '/Game/Maps/Tutorial.Tutorial:PersistentLevel' has LevelScriptBlueprint '/Game/Maps/Tutorial.Tutorial:PersistentLevel.Tutorial' with GeneratedClass '/Game/Maps/Tutorial.Tutorial_C' with ClassGeneratedBy '/Game/Maps/Tutorial.Tutorial:PersistentLevel.Tutorial'
[2018.01.18-12.44.28:070][145]LogPlayLevel: PlayLevel: No blueprints needed recompiling
[2018.01.18-12.44.28:121][145]PIE: New page: PIE session: Tutorial (18 Jan 2018 12:44:28)
[2018.01.18-12.44.28:121][145]LogPlayLevel: Creating play world package: /Game/Maps/UEDPIE_0_Tutorial
[2018.01.18-12.44.28:153][145]LogPlayLevel: PIE: StaticDuplicateObject took: (0.031762s)
[2018.01.18-12.44.28:153][145]LogAIModule: Creating AISystem for world Tutorial
[2018.01.18-12.44.28:154][145]LogPlayLevel: PIE: World Init took: (0.000565s)
[2018.01.18-12.44.28:154][145]LogPlayLevel: PIE: Created PIE world by copying editor world from /Game/Maps/Tutorial.Tutorial to /Game/Maps/UEDPIE_0_Tutorial.Tutorial (0.032506s)
[2018.01.18-12.44.28:164][145]LogInit: XAudio2 using 'Speakers (High Definition Audio Device)' : 2 channels at 44.1 kHz using 16 bits per sample (channel mask 0x3)
[2018.01.18-12.44.28:171][145]LogInit: FAudioDevice initialized.
[2018.01.18-12.44.28:272][145]LogLoad: Game class is 'RPGGM_C'
[2018.01.18-12.44.28:288][145]LogWorld: Bringing World /Game/Maps/UEDPIE_0_Tutorial.Tutorial up for play (max tick rate 3) at 2018.01.18-12.44.28
[2018.01.18-12.44.28:305][145]LogWorld: Bringing up level for play took: 0.018620
[2018.01.18-12.44.28:392][145]LogContentBrowser: Native class hierarchy updated for 'MovieSceneCapture' in 0.0005 seconds. Added 11 classes and 0 folders.
[2018.01.18-12.44.28:544][145]PIE: Info Play in editor start time for /Game/Maps/UEDPIE_0_Tutorial 0.018
[2018.01.18-12.44.28:544][145]LogBlueprintUserMessages: Late PlayInEditor Detection: Level '/Game/Maps/Tutorial.Tutorial:PersistentLevel' has LevelScriptBlueprint '/Game/Maps/Tutorial.Tutorial:PersistentLevel.Tutorial' with GeneratedClass '/Game/Maps/Tutorial.Tutorial_C' with ClassGeneratedBy '/Game/Maps/Tutorial.Tutorial:PersistentLevel.Tutorial'
[2018.01.18-12.44.56:955][428]LogBlueprintUserMessages: Early EndPlayMap Detection: Level '/Game/Maps/Tutorial.Tutorial:PersistentLevel' has LevelScriptBlueprint '/Game/Maps/Tutorial.Tutorial:PersistentLevel.Tutorial' with GeneratedClass '/Game/Maps/Tutorial.Tutorial_C' with ClassGeneratedBy '/Game/Maps/Tutorial.Tutorial:PersistentLevel.Tutorial'
[2018.01.18-12.44.57:015][428]LogBlueprintUserMessages: Late EndPlayMap Detection: Level '/Game/Maps/Tutorial.Tutorial:PersistentLevel' has LevelScriptBlueprint '/Game/Maps/Tutorial.Tutorial:PersistentLevel.Tutorial' with GeneratedClass '/Game/Maps/Tutorial.Tutorial_C' with ClassGeneratedBy '/Game/Maps/Tutorial.Tutorial:PersistentLevel.Tutorial'
[2018.01.18-12.44.59:610][727]LogSlate: Took 0.000177 seconds to synchronously load lazily loaded font '../../../Engine/Content/Slate/Fonts/Roboto-Light.ttf' (159K)
[2018.01.18-12.45.00:294][789]LogSlate: Took 0.000161 seconds to synchronously load lazily loaded font '../../../Engine/Content/Slate/Fonts/Roboto-Light.ttf' (159K)
[2018.01.18-12.45.00:812][789]LogContentBrowser: Native class hierarchy updated for 'BlueprintGraph' in 0.0007 seconds. Added 112 classes and 0 folders.
[2018.01.18-12.45.01:599][789]LogSlate: Took 0.011563 seconds to synchronously load lazily loaded font '../../../Engine/Content/Editor/Slate/Fonts/Roboto-BoldCondensed.ttf' (158K)
[2018.01.18-12.45.21:454][949]LogSlate: Took 0.013204 seconds to synchronously load lazily loaded font '../../../Engine/Content/Editor/Slate/Fonts/Roboto-Italic.ttf' (157K)
[2018.01.18-12.45.47:455][383]LogEditorTransaction: Undo Move Widget
[2018.01.18-12.45.47:832][410]LogEditorTransaction: Undo Move Widget
[2018.01.18-12.45.51:937][639]Cmd: QUIT_EDITOR
[2018.01.18-12.45.52:324][639]LogWindowsTextInputMethodSystem:Display: IME system now deactivated.
[2018.01.18-12.45.52:330][639]LogExit: Preparing to exit.
[2018.01.18-12.45.53:010][639]LogDirectoryWatcher: A directory notification for 'D:/Users/JoshR/Documents/GitHub/FMP_RPG_Game_Charm/Content/' was aborted.
[2018.01.18-12.45.53:065][639]LogExit: Editor shut down
[2018.01.18-12.45.53:072][639]LogExit: Transaction tracking system shut down
[2018.01.18-12.45.53:370][639]LogObj: Freed 0b from 0 cluster array pools.
[2018.01.18-12.45.53:370][639]LogExit: Object subsystem successfully closed.
[2018.01.18-12.45.53:412][639]LogD3D11RHI: Shutdown
[2018.01.18-12.45.53:412][639]LogD3D11RHI: CleanupD3DDevice
[2018.01.18-12.45.53:451][639]LogD3D11RHI: ~FD3D11DynamicRHI
[2018.01.18-12.45.53:641][639]LogModuleManager: Shutting down and abandoning module SequencerWidgets (532)
[2018.01.18-12.45.53:641][639]LogModuleManager: Shutting down and abandoning module BlueprintGraph (530)
[2018.01.18-12.45.53:641][639]LogModuleManager: Shutting down and abandoning module BlueprintProfiler (528)
[2018.01.18-12.45.53:641][639]LogModuleManager: Shutting down and abandoning module MovieSceneCapture (526)
[2018.01.18-12.45.53:641][639]LogModuleManager: Shutting down and abandoning module HierarchicalLODOutliner (524)
[2018.01.18-12.45.53:641][639]LogModuleManager: Shutting down and abandoning module CrashTracker (522)
[2018.01.18-12.45.53:641][639]LogModuleManager: Shutting down and abandoning module SceneOutliner (520)
[2018.01.18-12.45.53:641][639]LogModuleManager: Shutting down and abandoning module AddContentDialog (518)
[2018.01.18-12.45.53:641][639]LogDirectoryWatcher: A directory notification for 'D:/Program Files/UE_4.16/FeaturePacks/' was aborted.
[2018.01.18-12.45.53:642][639]LogModuleManager: Shutting down and abandoning module WidgetCarousel (517)
[2018.01.18-12.45.53:642][639]LogModuleManager: Shutting down and abandoning module EditorWidgets (514)
[2018.01.18-12.45.53:642][639]LogModuleManager: Shutting down and abandoning module CollectionManager (512)
[2018.01.18-12.45.53:642][639]LogDirectoryWatcher: A directory notification for 'D:/Users/JoshR/Documents/GitHub/FMP_RPG_Game_Charm/Content/Collections/' was aborted.
[2018.01.18-12.45.53:642][639]LogDirectoryWatcher: A directory notification for 'D:/Users/JoshR/Documents/GitHub/FMP_RPG_Game_Charm/Content/Developers/JoshR/Collections/' was aborted.
[2018.01.18-12.45.53:642][639]LogDirectoryWatcher: A directory notification for 'D:/Users/JoshR/Documents/GitHub/FMP_RPG_Game_Charm/Saved/Collections/' was aborted.
[2018.01.18-12.45.53:642][639]LogModuleManager: Shutting down and abandoning module StatsViewer (510)
[2018.01.18-12.45.53:642][639]LogModuleManager: Shutting down and abandoning module FoliageEdit (508)
[2018.01.18-12.45.53:642][639]LogModuleManager: Shutting down and abandoning module LandscapeEditor (506)
[2018.01.18-12.45.53:651][639]LogModuleManager: Shutting down and abandoning module MeshPaintMode (504)
[2018.01.18-12.45.53:651][639]LogModuleManager: Shutting down and abandoning module SceneDepthPickerMode (502)
[2018.01.18-12.45.53:651][639]LogModuleManager: Shutting down and abandoning module ActorPickerMode (500)
[2018.01.18-12.45.53:651][639]LogModuleManager: Shutting down and abandoning module GeometryMode (498)
[2018.01.18-12.45.53:651][639]LogModuleManager: Shutting down and abandoning module TextureAlignMode (496)
[2018.01.18-12.45.53:651][639]LogModuleManager: Shutting down and abandoning module BspMode (494)
[2018.01.18-12.45.53:651][639]LogModuleManager: Shutting down and abandoning module HardwareSurvey (492)
[2018.01.18-12.45.53:651][639]LogModuleManager: Shutting down and abandoning module SequenceRecorderSections (490)
[2018.01.18-12.45.53:651][639]LogModuleManager: Shutting down and abandoning module AutomationWorker (488)
[2018.01.18-12.45.53:651][639]LogModuleManager: Shutting down and abandoning module MatineeToLevelSequence (486)
[2018.01.18-12.45.53:651][639]LogModuleManager: Shutting down and abandoning module LevelSequenceEditor (484)
[2018.01.18-12.45.53:661][639]LogModuleManager: Shutting down and abandoning module PlacementMode (483)
[2018.01.18-12.45.53:661][639]LogModuleManager: Shutting down and abandoning module WmfMediaFactory (480)
[2018.01.18-12.45.53:661][639]LogModuleManager: Shutting down and abandoning module WmfMediaEditor (478)
[2018.01.18-12.45.53:661][639]LogModuleManager: Shutting down and abandoning module AvfMediaFactory (476)
[2018.01.18-12.45.53:661][639]LogModuleManager: Shutting down and abandoning module AvfMediaEditor (474)
[2018.01.18-12.45.53:661][639]LogModuleManager: Shutting down and abandoning module AndroidMediaFactory (472)
[2018.01.18-12.45.53:661][639]LogModuleManager: Shutting down and abandoning module Media (471)
[2018.01.18-12.45.53:661][639]LogModuleManager: Shutting down and abandoning module AndroidMediaEditor (468)
[2018.01.18-12.45.53:661][639]LogModuleManager: Shutting down and abandoning module CharacterAI (466)
[2018.01.18-12.45.53:661][639]LogModuleManager: Shutting down and abandoning module AudioCapture (464)
[2018.01.18-12.45.53:661][639]LogModuleManager: Shutting down and abandoning module SequenceRecorder (463)
[2018.01.18-12.45.53:661][639]LogModuleManager: Shutting down and abandoning module SmartSnapping (460)
[2018.01.18-12.45.53:662][639]LogModuleManager: Shutting down and abandoning module SessionServices (458)
[2018.01.18-12.45.53:662][639]LogModuleManager: Shutting down and abandoning module ViewportSnapping (456)
[2018.01.18-12.45.53:662][639]LogModuleManager: Shutting down and abandoning module ViewportInteraction (454)
[2018.01.18-12.45.53:662][639]LogModuleManager: Shutting down and abandoning module ClothPainter (452)
[2018.01.18-12.45.53:675][639]LogModuleManager: Shutting down and abandoning module LogVisualizer (450)
[2018.01.18-12.45.53:682][639]LogModuleManager: Shutting down and abandoning module IntroTutorials (448)
[2018.01.18-12.45.53:682][639]LogModuleManager: Shutting down and abandoning module GameProjectGeneration (447)
[2018.01.18-12.45.53:690][639]LogModuleManager: Shutting down and abandoning module EditorLiveStreaming (444)
[2018.01.18-12.45.53:690][639]LogModuleManager: Shutting down and abandoning module IOSPlatformEditor (442)
[2018.01.18-12.45.53:696][639]LogModuleManager: Shutting down and abandoning module HTML5PlatformEditor (440)
[2018.01.18-12.45.53:696][639]LogModuleManager: Shutting down and abandoning module AndroidPlatformEditor (438)
[2018.01.18-12.45.53:696][639]LogModuleManager: Shutting down and abandoning module AndroidDeviceDetection (437)
[2018.01.18-12.45.54:633][639]LogModuleManager: Shutting down and abandoning module IOSRuntimeSettings (434)
[2018.01.18-12.45.54:633][639]LogModuleManager: Shutting down and abandoning module AndroidRuntimeSettings (432)
[2018.01.18-12.45.54:633][639]LogModuleManager: Shutting down and abandoning module InputBindingEditor (430)
[2018.01.18-12.45.54:650][639]LogModuleManager: Shutting down and abandoning module MergeActors (428)
[2018.01.18-12.45.54:656][639]LogModuleManager: Shutting down and abandoning module SizeMap (426)
[2018.01.18-12.45.54:656][639]LogModuleManager: Shutting down and abandoning module TreeMap (424)
[2018.01.18-12.45.54:659][639]LogModuleManager: Shutting down and abandoning module ReferenceViewer (422)
[2018.01.18-12.45.54:659][639]LogModuleManager: Shutting down and abandoning module LocalizationDashboard (420)
[2018.01.18-12.45.54:664][639]LogModuleManager: Shutting down and abandoning module LocalizationService (419)
[2018.01.18-12.45.54:664][639]LogModuleManager: Shutting down and abandoning module HardwareTargeting (416)
[2018.01.18-12.45.54:664][639]LogModuleManager: Shutting down and abandoning module DeviceProfileEditor (414)
[2018.01.18-12.45.54:674][639]LogModuleManager: Shutting down and abandoning module UndoHistory (412)
[2018.01.18-12.45.54:674][639]LogModuleManager: Shutting down and abandoning module UserFeedback (410)
[2018.01.18-12.45.54:674][639]LogModuleManager: Shutting down and abandoning module XmlParser (408)
[2018.01.18-12.45.54:674][639]LogModuleManager: Shutting down and abandoning module Blutility (406)
[2018.01.18-12.45.54:674][639]LogModuleManager: Shutting down and abandoning module ProjectSettingsViewer (404)
[2018.01.18-12.45.54:675][639]LogModuleManager: Shutting down and abandoning module ProjectTargetPlatformEditor (403)
[2018.01.18-12.45.54:675][639]LogModuleManager: Shutting down and abandoning module EditorSettingsViewer (400)
[2018.01.18-12.45.54:675][639]LogModuleManager: Shutting down and abandoning module SettingsEditor (398)
[2018.01.18-12.45.54:675][639]LogModuleManager: Shutting down and abandoning module ProjectLauncher (396)
[2018.01.18-12.45.54:696][639]LogModuleManager: Shutting down and abandoning module SessionFrontend (394)
[2018.01.18-12.45.54:704][639]LogModuleManager: Shutting down and abandoning module ProfilerClient (392)
[2018.01.18-12.45.54:723][639]LogModuleManager: Shutting down and abandoning module DeviceManager (390)
[2018.01.18-12.45.54:735][639]LogModuleManager: Shutting down and abandoning module TargetDeviceServices (389)
[2018.01.18-12.45.54:787][639]LogModuleManager: Shutting down and abandoning module AutomationController (386)
[2018.01.18-12.45.54:787][639]LogModuleManager: Shutting down and abandoning module AutomationWindow (384)
[2018.01.18-12.45.54:801][639]LogModuleManager: Shutting down and abandoning module Layers (382)
[2018.01.18-12.45.54:802][639]LogModuleManager: Shutting down and abandoning module ComponentVisualizers (380)
[2018.01.18-12.45.54:802][639]LogModuleManager: Shutting down and abandoning module DetailCustomizations (378)
[2018.01.18-12.45.54:802][639]LogModuleManager: Shutting down and abandoning module PackagesDialog (376)
[2018.01.18-12.45.54:803][639]LogModuleManager: Shutting down and abandoning module Persona (374)
[2018.01.18-12.45.54:817][639]LogModuleManager: Shutting down and abandoning module AdvancedPreviewScene (373)
[2018.01.18-12.45.54:817][639]LogModuleManager: Shutting down and abandoning module AnimGraph (371)
[2018.01.18-12.45.54:817][639]LogModuleManager: Shutting down and abandoning module Kismet (368)
[2018.01.18-12.45.54:821][639]LogModuleManager: Shutting down and abandoning module ClassViewer (366)
[2018.01.18-12.45.54:821][639]LogModuleManager: Shutting down and abandoning module Toolbox (364)
[2018.01.18-12.45.54:821][639]LogModuleManager: Shutting down and abandoning module ModuleUI (362)
[2018.01.18-12.45.54:833][639]LogModuleManager: Shutting down and abandoning module MovieSceneTools (360)
[2018.01.18-12.45.54:847][639]LogModuleManager: Shutting down and abandoning module OutputLog (358)
[2018.01.18-12.45.54:847][639]LogModuleManager: Shutting down and abandoning module GammaUI (356)
[2018.01.18-12.45.54:863][639]LogModuleManager: Shutting down and abandoning module Documentation (354)
[2018.01.18-12.45.54:863][639]LogModuleManager: Shutting down and abandoning module MovieSceneTracks (352)
[2018.01.18-12.45.54:863][639]LogModuleManager: Shutting down and abandoning module MovieScene (350)
[2018.01.18-12.45.54:863][639]LogModuleManager: Shutting down and abandoning module Niagara (348)
[2018.01.18-12.45.54:863][639]LogModuleManager: Shutting down and abandoning module NiagaraEditor (347)
[2018.01.18-12.45.54:884][639]LogModuleManager: Shutting down and abandoning module StreamingPauseRendering (344)
[2018.01.18-12.45.54:884][639]LogModuleManager: Shutting down and abandoning module AnalyticsET (342)
[2018.01.18-12.45.54:884][639]LogModuleManager: Shutting down and abandoning module PortalServices (340)
[2018.01.18-12.45.54:884][639]LogModuleManager: Shutting down and abandoning module PortalRpc (338)
[2018.01.18-12.45.54:884][639]LogModuleManager: Shutting down and abandoning module MessagingRpc (336)
[2018.01.18-12.45.54:884][639]LogModuleManager: Shutting down and abandoning module AIModule (334)
[2018.01.18-12.45.54:884][639]LogModuleManager: Shutting down and abandoning module GameplayDebugger (333)
[2018.01.18-12.45.54:884][639]LogModuleManager: Shutting down and abandoning module AITestSuite (331)
[2018.01.18-12.45.54:884][639]LogModuleManager: Shutting down and abandoning module ProfilerService (328)
[2018.01.18-12.45.54:994][639]LogModuleManager: Shutting down and abandoning module TaskGraph (326)
[2018.01.18-12.45.55:012][639]LogModuleManager: Shutting down and abandoning module SteamVRController (324)
[2018.01.18-12.45.55:012][639]LogModuleManager: Shutting down and abandoning module SteamVR (322)
[2018.01.18-12.45.55:012][639]LogModuleManager: Shutting down and abandoning module ProceduralMeshComponentEditor (320)
[2018.01.18-12.45.55:012][639]LogModuleManager: Shutting down and abandoning module ProceduralMeshComponent (318)
[2018.01.18-12.45.55:012][639]LogModuleManager: Shutting down and abandoning module OculusLibrary (316)
[2018.01.18-12.45.55:012][639]LogModuleManager: Shutting down and abandoning module OculusInput (314)
[2018.01.18-12.45.55:012][639]LogModuleManager: Shutting down and abandoning module MobilePatchingUtils (312)
[2018.01.18-12.45.55:012][639]LogModuleManager: Shutting down and abandoning module CustomMeshComponent (310)
[2018.01.18-12.45.55:012][639]LogModuleManager: Shutting down and abandoning module CableComponent (308)
[2018.01.18-12.45.55:012][639]LogModuleManager: Shutting down and abandoning module ArchVisCharacter (306)
[2018.01.18-12.45.55:012][639]LogModuleManager: Shutting down and abandoning module AndroidPermission (304)
[2018.01.18-12.45.55:012][639]LogModuleManager: Shutting down and abandoning module MediaPlayerEditor (300)
[2018.01.18-12.45.55:028][639]LogModuleManager: Shutting down and abandoning module HTML5Networking (298)
[2018.01.18-12.45.55:028][639]LogModuleManager: Shutting down and abandoning module AlembicImporter (296)
[2018.01.18-12.45.55:035][639]LogModuleManager: Shutting down and abandoning module AlembicLibrary (295)
[2018.01.18-12.45.55:035][639]LogModuleManager: Shutting down and abandoning module GeometryCache (294)
[2018.01.18-12.45.55:035][639]LogModuleManager: Shutting down and abandoning module GeometryCacheEd (293)
[2018.01.18-12.45.55:035][639]LogModuleManager: Shutting down and abandoning module SuperSearchEditor (288)
[2018.01.18-12.45.55:035][639]LogModuleManager: Shutting down and abandoning module SuperSearch (287)
[2018.01.18-12.45.55:035][639]LogModuleManager: Shutting down and abandoning module SpeedTreeImporter (284)
[2018.01.18-12.45.55:035][639]LogModuleManager: Shutting down and abandoning module PluginBrowser (282)
[2018.01.18-12.45.55:035][639]LogModuleManager: Shutting down and abandoning module MobileLauncherProfileWizard (280)
[2018.01.18-12.45.55:035][639]LogModuleManager: Shutting down and abandoning module VisualStudioSourceCodeAccess (278)
[2018.01.18-12.45.55:035][639]LogModuleManager: Shutting down and abandoning module DesktopPlatform (277)
[2018.01.18-12.45.55:035][639]LogModuleManager: Shutting down and abandoning module UObjectPlugin (274)
[2018.01.18-12.45.55:035][639]LogModuleManager: Shutting down and abandoning module SubversionSourceControl (272)
[2018.01.18-12.45.55:035][639]LogModuleManager: Shutting down and abandoning module PerforceSourceControl (270)
[2018.01.18-12.45.55:035][639]LogModuleManager: Shutting down and abandoning module GitSourceControl (268)
[2018.01.18-12.45.55:035][639]LogModuleManager: Shutting down and abandoning module SourceControl (267)
[2018.01.18-12.45.55:035][639]LogModuleManager: Shutting down and abandoning module LightPropagationVolumeEditor (264)
[2018.01.18-12.45.55:035][639]LogModuleManager: Shutting down and abandoning module PaperTiledImporter (262)
[2018.01.18-12.45.55:035][639]LogModuleManager: Shutting down and abandoning module PaperSpriteSheetImporter (260)
[2018.01.18-12.45.55:035][639]LogModuleManager: Shutting down and abandoning module Paper2DEditor (258)
[2018.01.18-12.45.55:035][639]LogModuleManager: Shutting down and abandoning module MeshPaint (257)
[2018.01.18-12.45.55:035][639]LogModuleManager: Shutting down and abandoning module LevelEditor (255)
[2018.01.18-12.45.55:036][639]LogModuleManager: Shutting down and abandoning module PixelInspectorModule (254)
[2018.01.18-12.45.55:036][639]LogModuleManager: Shutting down and abandoning module MainFrame (252)
[2018.01.18-12.45.55:036][639]LogModuleManager: Shutting down and abandoning module HotReload (251)
[2018.01.18-12.45.55:036][639]LogModuleManager: Shutting down and abandoning module PhysXVehiclesEditor (246)
[2018.01.18-12.45.55:036][639]LogModuleManager: Shutting down and abandoning module PhysXVehicles (244)
[2018.01.18-12.45.55:036][639]LogModuleManager: Shutting down and abandoning module LocationServicesBPLibrary (242)
[2018.01.18-12.45.55:036][639]LogModuleManager: Shutting down and abandoning module ImmediatePhysicsEditor (240)
[2018.01.18-12.45.55:036][639]LogModuleManager: Shutting down and abandoning module ImmediatePhysics (238)
[2018.01.18-12.45.55:036][639]LogModuleManager: Shutting down and abandoning module UdpMessaging (236)
[2018.01.18-12.45.55:136][639]LogModuleManager: Shutting down and abandoning module TcpMessaging (234)
[2018.01.18-12.45.55:237][639]LogModuleManager: Shutting down and abandoning module GameplayTagsEditor (232)
[2018.01.18-12.45.55:237][639]LogModuleManager: Shutting down and abandoning module FacialAnimationEditor (230)
[2018.01.18-12.45.55:237][639]LogModuleManager: Shutting down and abandoning module FacialAnimation (228)
[2018.01.18-12.45.55:237][639]LogModuleManager: Shutting down and abandoning module AssetManagerEditor (226)
[2018.01.18-12.45.55:249][639]LogModuleManager: Shutting down and abandoning module GraphEditor (225)
[2018.01.18-12.45.55:249][639]LogModuleManager: Shutting down and abandoning module ContentBrowser (223)
[2018.01.18-12.45.55:250][639]LogModuleManager: Shutting down and abandoning module LightPropagationVolumeRuntime (220)
[2018.01.18-12.45.55:250][639]LogModuleManager: Shutting down and abandoning module Paper2D (218)
[2018.01.18-12.45.55:261][639]LogModuleManager: Shutting down and abandoning module WindowsMoviePlayer (216)
[2018.01.18-12.45.55:261][639]LogModuleManager: Shutting down and abandoning module WmfMedia (214)
[2018.01.18-12.45.55:263][639]LogModuleManager: Shutting down and abandoning module ClothingSystemEditor (212)
[2018.01.18-12.45.55:263][639]LogModuleManager: Shutting down and abandoning module ClothingSystemRuntime (210)
[2018.01.18-12.45.55:274][639]LogModuleManager: Shutting down and abandoning module MediaAssets (208)
[2018.01.18-12.45.55:274][639]LogModuleManager: Shutting down and abandoning module GameLiveStreaming (206)
[2018.01.18-12.45.55:274][639]LogModuleManager: Shutting down and abandoning module VREditor (204)
[2018.01.18-12.45.55:274][639]LogModuleManager: Shutting down and abandoning module StringTableEditor (202)
[2018.01.18-12.45.55:285][639]LogModuleManager: Shutting down and abandoning module GameplayTasksEditor (200)
[2018.01.18-12.45.55:285][639]LogModuleManager: Shutting down and abandoning module BehaviorTreeEditor (198)
[2018.01.18-12.45.55:294][639]LogModuleManager: Shutting down and abandoning module FunctionalTesting (196)
[2018.01.18-12.45.55:294][639]LogModuleManager: Shutting down and abandoning module CollisionAnalyzer (194)
[2018.01.18-12.45.55:297][639]LogModuleManager: Shutting down and abandoning module UMG (192)
[2018.01.18-12.45.55:297][639]LogModuleManager: Shutting down and abandoning module UMGEditor (191)
[2018.01.18-12.45.55:297][639]LogModuleManager: Shutting down and abandoning module Sequencer (190)
[2018.01.18-12.45.55:297][639]LogModuleManager: Shutting down and abandoning module AssetTools (188)
[2018.01.18-12.45.55:309][639]LogModuleManager: Shutting down and abandoning module MessageLog (187)
[2018.01.18-12.45.55:309][639]LogModuleManager: Shutting down and abandoning module WorkspaceMenuStructure (186)
[2018.01.18-12.45.55:309][639]LogModuleManager: Shutting down and abandoning module SlateReflector (180)
[2018.01.18-12.45.55:328][639]LogModuleManager: Shutting down and abandoning module Slate (178)
[2018.01.18-12.45.55:328][639]LogModuleManager: Shutting down and abandoning module EditorStyle (176)
[2018.01.18-12.45.55:330][639]LogModuleManager: Shutting down and abandoning module SourceCodeAccess (174)
[2018.01.18-12.45.55:330][639]LogModuleManager: Shutting down and abandoning module HeadMountedDisplay (172)
[2018.01.18-12.45.55:330][639]LogModuleManager: Shutting down and abandoning module XAudio2 (170)
[2018.01.18-12.45.55:330][639]LogModuleManager: Shutting down and abandoning module Networking (168)
[2018.01.18-12.45.55:330][639]LogModuleManager: Shutting down and abandoning module Core (164)
[2018.01.18-12.45.55:330][639]LogModuleManager: Shutting down and abandoning module AssetRegistry (162)
[2018.01.18-12.45.55:499][639]LogDirectoryWatcher: A directory notification for '../../../Engine/Content/' was aborted.
[2018.01.18-12.45.55:499][639]LogDirectoryWatcher: A directory notification for '../../../../../Users/JoshR/Documents/GitHub/FMP_RPG_Game_Charm/Content/' was aborted.
[2018.01.18-12.45.55:499][639]LogDirectoryWatcher: A directory notification for '../../../Engine/Plugins/2D/Paper2D/Content/' was aborted.
[2018.01.18-12.45.55:499][639]LogDirectoryWatcher: A directory notification for '../../../Engine/Plugins/Runtime/GearVR/Content/' was aborted.
[2018.01.18-12.45.55:502][639]LogModuleManager: Shutting down and abandoning module DirectoryWatcher (161)
[2018.01.18-12.45.55:502][639]LogModuleManager: Shutting down and abandoning module KismetCompiler (158)
[2018.01.18-12.45.55:502][639]LogModuleManager: Shutting down and abandoning module LevelSequence (156)
[2018.01.18-12.45.55:502][639]LogModuleManager: Shutting down and abandoning module PhysXFormats (154)
[2018.01.18-12.45.55:502][639]LogModuleManager: Shutting down and abandoning module MeshUtilities (152)
[2018.01.18-12.45.55:502][639]LogModuleManager: Shutting down and abandoning module SimplygonSwarm (151)
[2018.01.18-12.45.55:502][639]LogModuleManager: Shutting down and abandoning module SimplygonMeshReduction (149)
[2018.01.18-12.45.55:502][639]LogModuleManager: Shutting down and abandoning module QuadricMeshReduction (147)
[2018.01.18-12.45.55:502][639]LogModuleManager: Shutting down and abandoning module DerivedDataCache (144)
[2018.01.18-12.45.55:523][639]LogDerivedDataCache: Shutdown
[2018.01.18-12.45.55:523][639]LogModuleManager: Shutting down and abandoning module TargetPlatform (142)
[2018.01.18-12.45.55:523][639]LogModuleManager: Shutting down and abandoning module VulkanShaderFormat (141)
[2018.01.18-12.45.55:524][639]LogModuleManager: Shutting down and abandoning module ShaderFormatVectorVM (139)
[2018.01.18-12.45.55:541][639]LogModuleManager: Shutting down and abandoning module ShaderFormatOpenGL (137)
[2018.01.18-12.45.55:562][639]LogModuleManager: Shutting down and abandoning module ShaderFormatD3D (135)
[2018.01.18-12.45.55:562][639]LogModuleManager: Shutting down and abandoning module MetalShaderFormat (133)
[2018.01.18-12.45.55:569][639]LogModuleManager: Shutting down and abandoning module TextureFormatUncompressed (131)
[2018.01.18-12.45.55:570][639]LogModuleManager: Shutting down and abandoning module TextureFormatPVR (129)
[2018.01.18-12.45.55:570][639]LogModuleManager: Shutting down and abandoning module TextureFormatDXT (127)
[2018.01.18-12.45.55:570][639]LogModuleManager: Shutting down and abandoning module TextureFormatIntelISPCTexComp (125)
[2018.01.18-12.45.55:570][639]LogModuleManager: Shutting down and abandoning module TextureFormatASTC (123)
[2018.01.18-12.45.55:570][639]LogModuleManager: Shutting down and abandoning module ImageWrapper (122)
[2018.01.18-12.45.55:570][639]LogModuleManager: Shutting down and abandoning module TextureFormatAndroid (119)
[2018.01.18-12.45.55:570][639]LogModuleManager: Shutting down and abandoning module AudioFormatOpus (117)
[2018.01.18-12.45.55:570][639]LogModuleManager: Shutting down and abandoning module AudioFormatOgg (115)
[2018.01.18-12.45.55:570][639]LogModuleManager: Shutting down and abandoning module AudioFormatADPCM (113)
[2018.01.18-12.45.55:570][639]LogModuleManager: Shutting down and abandoning module LinuxTargetPlatform (111)
[2018.01.18-12.45.55:570][639]LogModuleManager: Shutting down and abandoning module LinuxServerTargetPlatform (109)
[2018.01.18-12.45.55:570][639]LogModuleManager: Shutting down and abandoning module LinuxNoEditorTargetPlatform (107)
[2018.01.18-12.45.55:570][639]LogModuleManager: Shutting down and abandoning module LinuxClientTargetPlatform (105)
[2018.01.18-12.45.55:570][639]LogModuleManager: Shutting down and abandoning module TVOSTargetPlatform (103)
[2018.01.18-12.45.55:570][639]LogModuleManager: Shutting down and abandoning module Messaging (101)
[2018.01.18-12.45.55:570][639]LogModuleManager: Shutting down and abandoning module IOSTargetPlatform (99)
[2018.01.18-12.45.55:570][639]LogModuleManager: Shutting down and abandoning module HTML5TargetPlatform (97)
[2018.01.18-12.45.55:570][639]LogModuleManager: Shutting down and abandoning module Android_PVRTCTargetPlatform (95)
[2018.01.18-12.45.55:570][639]LogModuleManager: Shutting down and abandoning module Android_MultiTargetPlatform (93)
[2018.01.18-12.45.55:570][639]LogModuleManager: Shutting down and abandoning module Android_ETC2TargetPlatform (91)
[2018.01.18-12.45.55:570][639]LogModuleManager: Shutting down and abandoning module Android_ETC1TargetPlatform (89)
[2018.01.18-12.45.55:570][639]LogModuleManager: Shutting down and abandoning module Android_DXTTargetPlatform (87)
[2018.01.18-12.45.55:570][639]LogModuleManager: Shutting down and abandoning module Android_ATCTargetPlatform (85)
[2018.01.18-12.45.55:570][639]LogModuleManager: Shutting down and abandoning module Android_ASTCTargetPlatform (83)
[2018.01.18-12.45.55:570][639]LogModuleManager: Shutting down and abandoning module AndroidTargetPlatform (81)
[2018.01.18-12.45.55:570][639]LogModuleManager: Shutting down and abandoning module WindowsTargetPlatform (79)
[2018.01.18-12.45.55:570][639]LogModuleManager: Shutting down and abandoning module WindowsServerTargetPlatform (77)
[2018.01.18-12.45.55:570][639]LogModuleManager: Shutting down and abandoning module WindowsNoEditorTargetPlatform (75)
[2018.01.18-12.45.55:570][639]LogModuleManager: Shutting down and abandoning module WindowsClientTargetPlatform (73)
[2018.01.18-12.45.55:570][639]LogModuleManager: Shutting down and abandoning module MacTargetPlatform (71)
[2018.01.18-12.45.55:570][639]LogModuleManager: Shutting down and abandoning module MacServerTargetPlatform (69)
[2018.01.18-12.45.55:570][639]LogModuleManager: Shutting down and abandoning module MacNoEditorTargetPlatform (67)
[2018.01.18-12.45.55:570][639]LogModuleManager: Shutting down and abandoning module MacClientTargetPlatform (65)
[2018.01.18-12.45.55:570][639]LogModuleManager: Shutting down and abandoning module AllDesktopTargetPlatform (63)
[2018.01.18-12.45.55:570][639]LogModuleManager: Shutting down and abandoning module InputCore (60)
[2018.01.18-12.45.55:570][639]LogModuleManager: Shutting down and abandoning module Settings (58)
[2018.01.18-12.45.55:570][639]LogModuleManager: Shutting down and abandoning module OculusRift (56)
[2018.01.18-12.45.55:570][639]LogModuleManager: Shutting down and abandoning module GearVRController (54)
[2018.01.18-12.45.55:570][639]LogModuleManager: Shutting down and abandoning module GearVR (52)
[2018.01.18-12.45.55:570][639]LogModuleManager: Shutting down and abandoning module ExampleDeviceProfileSelector (50)
[2018.01.18-12.45.55:570][639]LogModuleManager: Shutting down and abandoning module OnlineBlueprintSupport (48)
[2018.01.18-12.45.55:570][639]LogModuleManager: Shutting down and abandoning module OnlineSubsystem (44)
[2018.01.18-12.45.55:570][639]LogOnline:Display: Unloading online subsystem: NULL
[2018.01.18-12.45.55:589][639]LogModuleManager: Shutting down and abandoning module XMPP (43)
[2018.01.18-12.45.55:607][639]LogModuleManager: Shutting down and abandoning module HTTP (41)
[2018.01.18-12.45.55:607][639]LogHttp:Display: Http module shutting down, but needs to wait on 1 outstanding Http requests:
[2018.01.18-12.45.55:607][639]LogHttp:Display: 	verb=[POST] url=[https://datarouter.ol.epicgames.com/datarouter/api/v1/public/data?SessionID=%7B419C67A7-417B-3F17-260F-EB8527568552%7D&AppID=UEEditor.Rocket.Release&AppVersion=4.16.3-3561208%2B%2B%2BUE4%2BRelease-4.16&UserID=f0737b824c736c28631198aee30172af%7C8019e3778a0b4ba78522874ce4acdb0a%7C8a4654aa-9b80-41bd-a943-1725ad37d445&AppEnvironment=datacollector-binary&UploadType=eteventstream] status=Processing
[2018.01.18-12.45.55:631][639]LogModuleManager: Shutting down and abandoning module SSL (40)
[2018.01.18-12.45.55:632][639]LogModuleManager: Shutting down and abandoning module HTTPChunkInstaller (36)
[2018.01.18-12.45.55:641][639]LogModuleManager: Shutting down and abandoning module AnimationModifiers (34)
[2018.01.18-12.45.55:650][639]LogModuleManager: Shutting down and abandoning module PropertyEditor (33)
[2018.01.18-12.45.55:650][639]LogModuleManager: Shutting down and abandoning module AudioEditor (30)
[2018.01.18-12.45.55:650][639]LogModuleManager: Shutting down and abandoning module TextureCompressor (28)
[2018.01.18-12.45.55:650][639]LogModuleManager: Shutting down and abandoning module ShaderCore (26)
[2018.01.18-12.45.55:650][639]LogModuleManager: Shutting down and abandoning module Landscape (24)
[2018.01.18-12.45.55:650][639]LogModuleManager: Shutting down and abandoning module SlateRHIRenderer (22)
[2018.01.18-12.45.55:663][639]LogModuleManager: Shutting down and abandoning module OpenGLDrv (20)
[2018.01.18-12.45.55:749][639]LogModuleManager: Shutting down and abandoning module D3D11RHI (18)
[2018.01.18-12.45.55:749][639]LogModuleManager: Shutting down and abandoning module AnimGraphRuntime (16)
[2018.01.18-12.45.55:749][639]LogModuleManager: Shutting down and abandoning module Renderer (14)
[2018.01.18-12.45.55:749][639]LogModuleManager: Shutting down and abandoning module Engine (12)
[2018.01.18-12.45.55:749][639]LogModuleManager: Shutting down and abandoning module CoreUObject (10)
[2018.01.18-12.45.55:749][639]LogModuleManager: Shutting down and abandoning module NetworkFile (8)
[2018.01.18-12.45.55:749][639]LogModuleManager: Shutting down and abandoning module StreamingFile (6)
[2018.01.18-12.45.55:749][639]LogModuleManager: Shutting down and abandoning module SandboxFile (4)
[2018.01.18-12.45.55:749][639]LogModuleManager: Shutting down and abandoning module PakFile (2)
[2018.01.18-12.45.55:765][639]LogExit: Exiting.
[2018.01.18-12.45.55:774][639]Log file closed, 01/18/18 12:45:55
