Log file open, 03/21/18 15:12:30
LogInit:Display: Running engine for game: RPG_Game
LogPlatformFile: Not using cached read wrapper
LogInit:Display: RandInit(-196874045) SRandInit(-196874045).
LogTaskGraph: Started task graph with 5 named threads and 8 total threads with 1 sets of task threads.
LogStats: Stats thread started at 0.121892
LogInit: Using libcurl 7.47.1
LogInit:  - built for x86_64-pc-win32
LogInit:  - supports SSL with OpenSSL/1.0.2g
LogInit:  - supports HTTP deflate (compression) using libz 1.2.8
LogInit:  - other features:
LogInit:      CURL_VERSION_SSL
LogInit:      CURL_VERSION_LIBZ
LogInit:      CURL_VERSION_IPV6
LogInit:      CURL_VERSION_ASYNCHDNS
LogInit:      CURL_VERSION_LARGEFILE
LogInit:      CURL_VERSION_IDN
LogInit:  CurlRequestOptions (configurable via config and command line):
LogInit:  - bVerifyPeer = false  - Libcurl will NOT verify peer certificate
LogInit:  - bUseHttpProxy = false  - Libcurl will NOT use HTTP proxy
LogInit:  - bDontReuseConnections = false  - Libcurl will reuse connections
LogInit:  - CertBundlePath = nullptr  - Libcurl will use whatever was configured at build time.
LogInit: Build: ++UE4+Release-4.16-CL-3561208
LogInit: Engine Version: 4.16.3-3561208+++UE4+Release-4.16
LogInit: Compatible Engine Version: 4.16.0-3452394+++UE4+Release-4.16
LogInit: Net CL: 3452394
LogDevObjectVersion: Number of dev versions registered: 16
LogDevObjectVersion:   Dev-Blueprints (B0D832E4-1F89-4F0D-ACCF-7EB736FD4AA2): 9
LogDevObjectVersion:   Dev-Build (E1C64328-A22C-4D53-A36C-8E866417BD8C): 0
LogDevObjectVersion:   Dev-Core (375EC13C-06E4-48FB-B500-84F0262A717E): 2
LogDevObjectVersion:   Dev-Editor (E4B068ED-F494-42E9-A231-DA0B2E46BB41): 17
LogDevObjectVersion:   Dev-Framework (CFFC743F-43B0-4480-9391-14DF171D2073): 23
LogDevObjectVersion:   Dev-Mobile (B02B49B5-BB20-44E9-A304-32B752E40360): 0
LogDevObjectVersion:   Dev-Networking (A4E4105C-59A1-49B5-A7C5-40C4547EDFEE): 0
LogDevObjectVersion:   Dev-Online (39C831C9-5AE6-47DC-9A44-9C173E1C8E7C): 0
LogDevObjectVersion:   Dev-Physics (78F01B33-EBEA-4F98-B9B4-84EACCB95AA2): 0
LogDevObjectVersion:   Dev-Platform (6631380F-2D4D-43E0-8009-CF276956A95A): 0
LogDevObjectVersion:   Dev-Rendering (12F88B9F-8875-4AFC-A67C-D90C383ABD29): 15
LogDevObjectVersion:   Dev-Sequencer (7B5AE74C-D270-4C10-A958-57980B212A5A): 4
LogDevObjectVersion:   Dev-VR (D7296918-1DD6-4BDD-9DE2-64A83CC13884): 0
LogDevObjectVersion:   Dev-LoadTimes (C2A15278-BFE7-4AFE-6C17-90FF531DF755): 1
LogDevObjectVersion:   Private-Geometry (6EACA3D4-40EC-4CC1-B786-8BED09428FC5): 1
LogDevObjectVersion:   Dev-AnimPhys (29E575DD-E0A3-4627-9D10-D276232CDCEA): 3
LogInit: Compiled (64-bit): Jul 28 2017 11:49:47
LogInit: Compiled with Visual C++: 19.00.24215.01
LogInit: Build Configuration: Development
LogInit: Branch Name: ++UE4+Release-4.16
LogInit: Command line:  
LogInit: Base directory: C:/Program Files/Epic Games/UE_4.16/Engine/Binaries/Win64/
LogInit: Installed Engine Build: 1
LogInit: Presizing for max 8388607 objects, including 0 objects not considered by GC, pre-allocating 0 bytes for permanent pool.
LogInit: Object subsystem initialized
[2018.03.21-15.12.32:224][  0]LogInit: Selected Device Profile: [Windows]
[2018.03.21-15.12.32:224][  0]LogInit: Applying CVar settings loaded from the selected device profile: [Windows]
[2018.03.21-15.12.32:441][  0]LogInit: Computer: C217-14
[2018.03.21-15.12.32:441][  0]LogInit: User: jordanboast
[2018.03.21-15.12.32:441][  0]LogInit: CPU Page size=4096, Cores=4
[2018.03.21-15.12.32:441][  0]LogInit: High frequency timer resolution =3.328133 MHz
[2018.03.21-15.12.32:442][  0]LogMemory: Memory total: Physical=15.9GB (16GB approx)
[2018.03.21-15.12.32:442][  0]LogMemory: Platform Memory Stats for Windows
[2018.03.21-15.12.32:442][  0]LogMemory: Process Physical Memory: 274.52 MB used, 274.52 MB peak
[2018.03.21-15.12.32:442][  0]LogMemory: Process Virtual Memory: 261.82 MB used, 261.82 MB peak
[2018.03.21-15.12.32:442][  0]LogMemory: Physical Memory: 3868.88 MB used,  12435.67 MB free, 16304.54 MB total
[2018.03.21-15.12.32:442][  0]LogMemory: Virtual Memory: 640.34 MB used,  12435.67 MB free, 134217728.00 MB total
[2018.03.21-15.12.33:603][  0]LogInit: Using OS detected language (en-US).
[2018.03.21-15.12.33:603][  0]LogInit: Using OS detected locale (en-GB).
[2018.03.21-15.12.33:821][  0]LogTextLocalizationManager: No specific localization for 'en-US' exists, so the 'en' localization will be used.
[2018.03.21-15.12.38:737][  0]LogD3D11RHI: D3D11 adapters:
[2018.03.21-15.12.38:789][  0]LogD3D11RHI:    0. 'NVIDIA Quadro K2200' (Feature Level 11_0)
[2018.03.21-15.12.38:789][  0]LogD3D11RHI:       4062/0/8152 MB DedicatedVideo/DedicatedSystem/SharedSystem, Outputs:1, VendorId:0x10de
[2018.03.21-15.12.38:812][  0]LogD3D11RHI:    1. 'Microsoft Basic Render Driver' (Feature Level 11_0)
[2018.03.21-15.12.38:812][  0]LogD3D11RHI:       0/0/8152 MB DedicatedVideo/DedicatedSystem/SharedSystem, Outputs:0, VendorId:0x1414
[2018.03.21-15.12.38:812][  0]LogD3D11RHI: Chosen D3D11 Adapter: 0
[2018.03.21-15.12.38:830][  0]LogD3D11RHI: Creating new Direct3DDevice
[2018.03.21-15.12.38:830][  0]LogD3D11RHI:     GPU DeviceId: 0x13ba (for the marketing name, search the web for "GPU Device Id")
[2018.03.21-15.12.38:830][  0]LogWindows: EnumDisplayDevices:
[2018.03.21-15.12.38:830][  0]LogWindows:    0. 'NVIDIA Quadro K2200' (P:1 D:1)
[2018.03.21-15.12.38:830][  0]LogWindows:    1. 'NVIDIA Quadro K2200' (P:0 D:0)
[2018.03.21-15.12.38:831][  0]LogWindows:    2. 'NVIDIA Quadro K2200' (P:0 D:0)
[2018.03.21-15.12.38:831][  0]LogWindows:    3. 'NVIDIA Quadro K2200' (P:0 D:0)
[2018.03.21-15.12.38:831][  0]LogWindows: DebugString: FoundDriverCount:4 
[2018.03.21-15.12.38:831][  0]LogD3D11RHI:     Adapter Name: NVIDIA Quadro K2200
[2018.03.21-15.12.38:831][  0]LogD3D11RHI:   Driver Version: 377.11 (internal:21.21.13.7711, unified:377.11)
[2018.03.21-15.12.38:831][  0]LogD3D11RHI:      Driver Date: 3-17-2017
[2018.03.21-15.12.38:831][  0]LogRHI: Texture pool is 1361 MB (70% of 1945 MB)
[2018.03.21-15.12.38:977][  0]LogD3D11RHI: Async texture creation enabled
[2018.03.21-15.12.39:395][  0]LogD3D11RHI: GPU Timing Frequency: 1000.000000 (Debug: 2 1)
[2018.03.21-15.12.39:583][  0]LogShaderCompilers: Guid format shader working directory is 28 characters bigger than the processId version (E:/FMP/RPG_Game/RPG_Game/Intermediate/Shaders/WorkingDirectory/21328/).
[2018.03.21-15.12.39:584][  0]LogShaderCompilers: Cleaned the shader compiler working directory 'C:/Users/jordan.boast/AppData/Local/Temp/UnrealShaderWorkingDir/E4D043434F1F5498C22480BB9A601858/'.
[2018.03.21-15.12.39:594][  0]LogShaderCompilers:Display: Using Local Shader Compiler.
[2018.03.21-15.12.47:415][  0]LogTemp:Display: Loaded TP AllDesktopTargetPlatform
[2018.03.21-15.12.47:480][  0]LogTemp:Display: Loaded TP MacClientTargetPlatform
[2018.03.21-15.12.47:516][  0]LogTemp:Display: Loaded TP MacNoEditorTargetPlatform
[2018.03.21-15.12.47:559][  0]LogTemp:Display: Loaded TP MacServerTargetPlatform
[2018.03.21-15.12.47:624][  0]LogTemp:Display: Loaded TP MacTargetPlatform
[2018.03.21-15.12.47:665][  0]LogTemp:Display: Loaded TP WindowsClientTargetPlatform
[2018.03.21-15.12.47:705][  0]LogTemp:Display: Loaded TP WindowsNoEditorTargetPlatform
[2018.03.21-15.12.47:741][  0]LogTemp:Display: Loaded TP WindowsServerTargetPlatform
[2018.03.21-15.12.47:820][  0]LogTemp:Display: Loaded TP WindowsTargetPlatform
[2018.03.21-15.12.47:868][  0]LogTemp:Display: Loaded TP AndroidTargetPlatform
[2018.03.21-15.12.47:919][  0]LogTemp:Display: Loaded TP Android_ASTCTargetPlatform
[2018.03.21-15.12.47:973][  0]LogTemp:Display: Loaded TP Android_ATCTargetPlatform
[2018.03.21-15.12.48:019][  0]LogTemp:Display: Loaded TP Android_DXTTargetPlatform
[2018.03.21-15.12.48:129][  0]LogTemp:Display: Loaded TP Android_ETC1TargetPlatform
[2018.03.21-15.12.48:194][  0]LogTemp:Display: Loaded TP Android_ETC2TargetPlatform
[2018.03.21-15.12.48:367][  0]LogTemp:Display: Loaded TP Android_MultiTargetPlatform
[2018.03.21-15.12.48:367][  0]LogTemp:Display: Loaded TP Android_PVRTCTargetPlatform
[2018.03.21-15.12.48:416][  0]LogTemp:Display: Loaded TP HTML5TargetPlatform
[2018.03.21-15.12.48:562][  0]LogTemp:Display: Loaded TP IOSTargetPlatform
[2018.03.21-15.12.48:633][  0]LogTemp:Display: Loaded TP TVOSTargetPlatform
[2018.03.21-15.12.48:715][  0]LogTemp:Display: Loaded TP LinuxClientTargetPlatform
[2018.03.21-15.12.48:878][  0]LogTemp:Display: Loaded TP LinuxNoEditorTargetPlatform
[2018.03.21-15.12.48:931][  0]LogTemp:Display: Loaded TP LinuxServerTargetPlatform
[2018.03.21-15.12.48:977][  0]LogTemp:Display: Loaded TP LinuxTargetPlatform
[2018.03.21-15.12.48:977][  0]LogTargetPlatformManager:Display: Building Assets For Windows
[2018.03.21-15.12.50:368][  0]LogDerivedDataCache:Display: Max Cache Size: 512 MB
[2018.03.21-15.12.50:368][  0]LogDerivedDataCache:Display: Starting with empty Boot cache
[2018.03.21-15.12.50:369][  0]LogDerivedDataCache: FDerivedDataBackendGraph:  Pak pak cache file E:/FMP/RPG_Game/RPG_Game/DerivedDataCache/DDC.ddp not found, will not use a pak cache.
[2018.03.21-15.12.50:369][  0]LogDerivedDataCache: Unable to find inner node Pak for hierarchical cache Hierarchy.
[2018.03.21-15.12.50:369][  0]LogDerivedDataCache: FDerivedDataBackendGraph:  CompressedPak pak cache file E:/FMP/RPG_Game/RPG_Game/DerivedDataCache/Compressed.ddp not found, will not use a pak cache.
[2018.03.21-15.12.50:369][  0]LogDerivedDataCache: Unable to find inner node CompressedPak for hierarchical cache Hierarchy.
[2018.03.21-15.12.50:449][  0]LogDerivedDataCache:Display: Pak cache opened for reading ../../../Engine/DerivedDataCache/Compressed.ddp.
[2018.03.21-15.12.50:476][  0]LogDerivedDataCache: Using Local data cache path C:/Users/jordan.boast/AppData/Local/UnrealEngine/Common/DerivedDataCache: Writable
[2018.03.21-15.12.50:662][  0]LogMaterial: Verifying Global Shaders for PCD3D_SM5
[2018.03.21-15.12.50:723][  0]LogSlate: Using Freetype 2.6.0
[2018.03.21-15.12.50:850][  0]LogSlate: SlateFontCache - WITH_FREETYPE: 1, WITH_HARFBUZZ: 1
[2018.03.21-15.12.50:850][  0]LogSlate: SlateFontCache - WITH_FREETYPE: 1, WITH_HARFBUZZ: 1
[2018.03.21-15.12.58:455][  0]LogInit: Selected Device Profile: [Windows]
[2018.03.21-15.12.59:646][  0]LogContentStreaming: Texture pool size is 0.00 MB
[2018.03.21-15.13.00:548][  0]LogMeshUtilities: Using QuadricMeshReduction for automatic static mesh reduction
[2018.03.21-15.13.00:712][  0]LogSimplygon: Simplygon DLL not present - disabling.
[2018.03.21-15.13.00:823][  0]LogMeshUtilities: Using SimplygonSwarm for distributed automatic mesh merging
[2018.03.21-15.13.00:823][  0]LogMeshUtilities: No automatic skeletal mesh reduction module available
[2018.03.21-15.13.00:823][  0]LogMeshUtilities: No automatic mesh merging module available
[2018.03.21-15.13.14:883][  0]LogNetVersion: RPG_Game , NetCL: 3452394, EngineNetVer: 2, GameNetVer: 0 (Checksum: 2586067795)
[2018.03.21-15.13.15:401][  0]LogAssetRegistry: FAssetRegistry took 0.0774 seconds to start up
[2018.03.21-15.13.15:718][  0]LogPackageLocalizationCache: Processed 4 localized package path(s) for 2 prioritized culture(s) in 0.205469 seconds
[2018.03.21-15.13.15:733][  0]LogUObjectArray: 34194 objects as part of root set at end of initial load.
[2018.03.21-15.13.15:733][  0]LogUObjectAllocator: 7260424 out of 0 bytes used by permanent object pool.
[2018.03.21-15.13.15:733][  0]LogUObjectArray: CloseDisregardForGC: 0/0 objects in disregard for GC pool
[2018.03.21-15.13.15:823][  0]LogInit: WinSock: version 1.1 (2.2), MaxSocks=32767, MaxUdp=65467
[2018.03.21-15.13.26:642][  0]LogSubstanceCoreModule: Substance [CPU] Engine Loaded, Max Texture Size = 2048
[2018.03.21-15.13.26:734][  0]LogTcpMessaging: Initializing TcpMessaging bridge
[2018.03.21-15.13.26:784][  0]LogUdpMessaging: Initializing bridge on interface 0.0.0.0:0 to multicast group 230.0.0.1:6666.
[2018.03.21-15.13.28:925][  0]LogMaterial: Uniform references updated for custom material expression Custom.
[2018.03.21-15.13.29:932][  0]SourceControl: Info Source control is disabled
[2018.03.21-15.13.31:576][  0]LogAndroidPermission: UAndroidPermissionCallbackProxy::GetInstance
[2018.03.21-15.13.33:008][  0]LogEngine: Initializing Engine...
[2018.03.21-15.13.33:043][  0]LogHMD: Failed to initialize OpenVR with code 110
[2018.03.21-15.13.33:996][  0]LogStats: UGameplayTagsManager::ConstructGameplayTagTree: Construct from data asset -  0.000 s
[2018.03.21-15.13.33:996][  0]LogStats: UGameplayTagsManager::ConstructGameplayTagTree: GameplayTagTreeChangedEvent.Broadcast -  0.000 s
[2018.03.21-15.13.34:516][  0]LogAIModule: Creating AISystem for world Untitled
[2018.03.21-15.13.34:602][  0]LogInit: XAudio2 using 'Speakers (Realtek High Definition Audio)' : 2 channels at 48 kHz using 32 bits per sample (channel mask 0x3)
[2018.03.21-15.13.34:682][  0]LogInit: FAudioDevice initialized.
[2018.03.21-15.13.34:748][  0]LogDerivedDataCache: Saved boot cache 0.07s 90MB C:/Users/jordan.boast/AppData/Local/UnrealEngine/4.16/DerivedDataCache/Boot.ddc.
[2018.03.21-15.13.34:755][  0]LogInit: Texture streaming: Enabled
[2018.03.21-15.13.35:209][  0]LogEngineSessionManager: EngineSessionManager initialized
[2018.03.21-15.13.36:155][  0]LogInit: Transaction tracking system initialized
[2018.03.21-15.13.37:623][  0]BlueprintLog: New page: Editor Load
[2018.03.21-15.13.42:223][  0]LocalizationService: Info Localization service is disabled
[2018.03.21-15.13.45:711][  0]LogConsoleResponse:Display: 
[2018.03.21-15.13.48:689][  0]LogFileCache: Scanning file cache for directory 'E:/FMP/RPG_Game/RPG_Game/Content/' took 0.02s
[2018.03.21-15.13.48:689][  0]LogCook:Display: Max memory allowance for cook 16384mb min free memory 0mb
[2018.03.21-15.13.48:689][  0]LogCook:Display: Mobile HDR setting 1
[2018.03.21-15.13.53:749][  0]Cmd: MAP LOAD FILE="E:/FMP/RPG_Game/RPG_Game/Content/Maps/HelloWorld.umap" TEMPLATE=0 SHOWPROGRESS=1 FEATURELEVEL=3
[2018.03.21-15.13.53:785][  0]LightingResults: New page: Lighting Build
[2018.03.21-15.13.54:062][  0]MapCheck: New page: Map Check
[2018.03.21-15.13.54:062][  0]LightingResults: New page: Lighting Build
[2018.03.21-15.13.54:667][  0]LogLinker:Warning: Can't find file '/Game/Materials/alphabox'
[2018.03.21-15.13.54:667][  0]LoadErrors: Info Failed to load /Game/Assets/PowerBlock/AlphaBox.AlphaBox Referenced by AlphaCube_GEN_VARIABLE
[2018.03.21-15.13.54:667][  0]LogLinker:Warning: Can't find file for asset '/Game/Materials/alphabox' while loading E:/FMP/RPG_Game/RPG_Game/Content/Assets/PowerBlock/AlphaBox.uasset.
[2018.03.21-15.13.54:667][  0]LoadErrors: Info Failed to load /Game/Assets/PowerBlock/AlphaBox.AlphaBox Referenced by AlphaCube_GEN_VARIABLE
[2018.03.21-15.13.54:667][  0]LoadErrors:Error: Error /Game/Assets/PowerBlock/AlphaBox : Can't find file for asset. /Game/Materials/alphabox
[2018.03.21-15.13.54:667][  0]LogLinker:Warning: Can't find file '/Game/Materials/alphabox'
[2018.03.21-15.13.54:667][  0]LoadErrors: Info Failed to load /Game/Assets/PowerBlock/AlphaBox.AlphaBox Referenced by AlphaCube_GEN_VARIABLE
[2018.03.21-15.13.54:668][  0]LogLinker:Warning: Can't find file for asset '/Game/Materials/alphabox' while loading E:/FMP/RPG_Game/RPG_Game/Content/Assets/PowerBlock/AlphaBox.uasset.
[2018.03.21-15.13.54:668][  0]LoadErrors: Info Failed to load /Game/Assets/PowerBlock/AlphaBox.AlphaBox Referenced by AlphaCube_GEN_VARIABLE
[2018.03.21-15.13.54:668][  0]LoadErrors:Error: Error /Game/Assets/PowerBlock/AlphaBox : Can't find file for asset. /Game/Materials/alphabox
[2018.03.21-15.13.54:690][  0]LogLinker:Warning: Can't find file '/Game/Materials/BaseDoor'
[2018.03.21-15.13.54:690][  0]LogLinker:Warning: Can't find file for asset '/Game/Materials/BaseDoor' while loading E:/FMP/RPG_Game/RPG_Game/Content/Assets/PowerDoor/Geo_Door_Base.uasset.
[2018.03.21-15.13.54:691][  0]LoadErrors:Error: Error /Game/Assets/PowerDoor/Geo_Door_Base : Can't find file for asset. /Game/Materials/BaseDoor
[2018.03.21-15.13.54:691][  0]LogLinker:Warning: Can't find file '/Game/Materials/BaseDoor'
[2018.03.21-15.13.54:691][  0]LogLinker:Warning: Can't find file for asset '/Game/Materials/BaseDoor' while loading E:/FMP/RPG_Game/RPG_Game/Content/Assets/PowerDoor/Geo_Door_Base.uasset.
[2018.03.21-15.13.54:691][  0]LoadErrors:Error: Error /Game/Assets/PowerDoor/Geo_Door_Base : Can't find file for asset. /Game/Materials/BaseDoor
[2018.03.21-15.13.55:177][  0]LogLinker:Warning: Can't find file '/Game/Materials/ButtonMaterial'
[2018.03.21-15.13.55:177][  0]LoadErrors: Info Failed to load /Game/Assets/PressurePad/Button_Base.Button_Base Referenced by Button_Base_GEN_VARIABLE
[2018.03.21-15.13.55:177][  0]LogLinker:Warning: Can't find file for asset '/Game/Materials/ButtonMaterial' while loading E:/FMP/RPG_Game/RPG_Game/Content/Assets/PressurePad/Button_Base.uasset.
[2018.03.21-15.13.55:177][  0]LoadErrors: Info Failed to load /Game/Assets/PressurePad/Button_Base.Button_Base Referenced by Button_Base_GEN_VARIABLE
[2018.03.21-15.13.55:177][  0]LoadErrors:Error: Error /Game/Assets/PressurePad/Button_Base : Can't find file for asset. /Game/Materials/ButtonMaterial
[2018.03.21-15.13.55:178][  0]LogLinker:Warning: Can't find file '/Game/Materials/ButtonMaterial'
[2018.03.21-15.13.55:178][  0]LoadErrors: Info Failed to load /Game/Assets/PressurePad/Button_Base.Button_Base Referenced by Button_Base_GEN_VARIABLE
[2018.03.21-15.13.55:178][  0]LogLinker:Warning: Can't find file for asset '/Game/Materials/ButtonMaterial' while loading E:/FMP/RPG_Game/RPG_Game/Content/Assets/PressurePad/Button_Base.uasset.
[2018.03.21-15.13.55:178][  0]LoadErrors: Info Failed to load /Game/Assets/PressurePad/Button_Base.Button_Base Referenced by Button_Base_GEN_VARIABLE
[2018.03.21-15.13.55:178][  0]LoadErrors:Error: Error /Game/Assets/PressurePad/Button_Base : Can't find file for asset. /Game/Materials/ButtonMaterial
[2018.03.21-15.13.55:237][  0]LogLinker:Warning: Can't find file '/Game/Materials/ButtonMaterial'
[2018.03.21-15.13.55:238][  0]LoadErrors: Info Failed to load /Game/Assets/PressurePad/Button_Push.Button_Push Referenced by Push_GEN_VARIABLE
[2018.03.21-15.13.55:238][  0]LogLinker:Warning: Can't find file for asset '/Game/Materials/ButtonMaterial' while loading E:/FMP/RPG_Game/RPG_Game/Content/Assets/PressurePad/Button_Push.uasset.
[2018.03.21-15.13.55:238][  0]LoadErrors: Info Failed to load /Game/Assets/PressurePad/Button_Push.Button_Push Referenced by Push_GEN_VARIABLE
[2018.03.21-15.13.55:238][  0]LoadErrors:Error: Error /Game/Assets/PressurePad/Button_Push : Can't find file for asset. /Game/Materials/ButtonMaterial
[2018.03.21-15.13.55:238][  0]LogLinker:Warning: Can't find file '/Game/Materials/ButtonMaterial'
[2018.03.21-15.13.55:238][  0]LoadErrors: Info Failed to load /Game/Assets/PressurePad/Button_Push.Button_Push Referenced by Push_GEN_VARIABLE
[2018.03.21-15.13.55:239][  0]LogLinker:Warning: Can't find file for asset '/Game/Materials/ButtonMaterial' while loading E:/FMP/RPG_Game/RPG_Game/Content/Assets/PressurePad/Button_Push.uasset.
[2018.03.21-15.13.55:239][  0]LoadErrors: Info Failed to load /Game/Assets/PressurePad/Button_Push.Button_Push Referenced by Push_GEN_VARIABLE
[2018.03.21-15.13.55:239][  0]LoadErrors:Error: Error /Game/Assets/PressurePad/Button_Push : Can't find file for asset. /Game/Materials/ButtonMaterial
[2018.03.21-15.13.55:875][  0]LogLinker:Warning: Can't find file '/Game/Materials/ButtonMaterial'
[2018.03.21-15.13.55:875][  0]LoadErrors: Info Failed to load /Game/Materials/ButtonMaterial.ButtonMaterial Referenced by Button_Push
[2018.03.21-15.13.55:875][  0]LogLinker:Warning: Can't find file for asset '/Game/Materials/ButtonMaterial' while loading NULL.
[2018.03.21-15.13.55:875][  0]LoadErrors: Info Failed to load /Game/Materials/ButtonMaterial.ButtonMaterial Referenced by Button_Push
[2018.03.21-15.13.55:961][  0]LogLinker:Warning: Can't find file '/Game/Materials/ButtonMaterial'
[2018.03.21-15.13.55:961][  0]LoadErrors: Info Failed to load /Game/Materials/ButtonMaterial.ButtonMaterial Referenced by Button_Base
[2018.03.21-15.13.55:961][  0]LogLinker:Warning: Can't find file for asset '/Game/Materials/ButtonMaterial' while loading NULL.
[2018.03.21-15.13.55:961][  0]LoadErrors: Info Failed to load /Game/Materials/ButtonMaterial.ButtonMaterial Referenced by Button_Base
[2018.03.21-15.13.56:007][  0]LogLinker:Warning: Can't find file '/Game/Materials/alphabox'
[2018.03.21-15.13.56:007][  0]LoadErrors: Info Failed to load /Game/Materials/alphabox.alphabox Referenced by AlphaBox
[2018.03.21-15.13.56:008][  0]LogLinker:Warning: Can't find file for asset '/Game/Materials/alphabox' while loading NULL.
[2018.03.21-15.13.56:008][  0]LoadErrors: Info Failed to load /Game/Materials/alphabox.alphabox Referenced by AlphaBox
[2018.03.21-15.13.56:008][  0]LogLinker:Warning: Can't find file '/Game/Materials/BaseDoor'
[2018.03.21-15.13.56:008][  0]LoadErrors: Info Failed to load /Game/Materials/BaseDoor.BaseDoor Referenced by Geo_Door_Base
[2018.03.21-15.13.56:008][  0]LogLinker:Warning: Can't find file for asset '/Game/Materials/BaseDoor' while loading NULL.
[2018.03.21-15.13.56:008][  0]LoadErrors: Info Failed to load /Game/Materials/BaseDoor.BaseDoor Referenced by Geo_Door_Base
[2018.03.21-15.13.56:013][  0]LogStaticMesh: Building static mesh Button_Push...
[2018.03.21-15.13.56:090][  0]LogStaticMesh: Built static mesh [0.08s] /Game/Assets/PressurePad/Button_Push.Button_Push
[2018.03.21-15.13.56:299][  0]LogStaticMesh: Building static mesh Button_Base...
[2018.03.21-15.13.56:302][  0]LogStaticMesh: Built static mesh [0.00s] /Game/Assets/PressurePad/Button_Base.Button_Base
[2018.03.21-15.13.56:326][  0]LogStaticMesh: Building static mesh Geo_Door_Door...
[2018.03.21-15.13.56:334][  0]LogStaticMesh: Built static mesh [0.02s] /Game/Assets/PowerDoor/Geo_Door_Door.Geo_Door_Door
[2018.03.21-15.13.56:339][  0]LogTexture:Display: Building textures: HQ_Lightmap0_1 (AutoDXT, 512X512)
[2018.03.21-15.13.56:391][  0]LogTexture:Display: Building textures: HQ_Lightmap0_2 (AutoDXT, 256X256)
[2018.03.21-15.13.56:419][  0]LogTexture:Display: Building textures: HQ_Lightmap0_23 (AutoDXT, 256X256)
[2018.03.21-15.13.56:440][  0]LogTexture:Display: Building textures: HQ_Lightmap0_24 (AutoDXT, 128X128)
[2018.03.21-15.13.56:460][  0]LogTexture:Display: Building textures: HQ_Lightmap0_25 (AutoDXT, 128X128)
[2018.03.21-15.13.56:483][  0]LogTexture:Display: Building textures: HQ_Lightmap0_26 (AutoDXT, 128X128)
[2018.03.21-15.13.56:495][  0]LogTexture:Display: Building textures: HQ_Lightmap0_27 (AutoDXT, 128X128)
[2018.03.21-15.13.56:515][  0]LogTexture:Display: Building textures: HQ_Lightmap1_10 (AutoDXT, 256X256)
[2018.03.21-15.13.56:539][  0]LogTexture:Display: Building textures: HQ_Lightmap1_11 (AutoDXT, 256X256)
[2018.03.21-15.13.56:564][  0]LogTexture:Display: Building textures: HQ_Lightmap1_12 (AutoDXT, 128X128)
[2018.03.21-15.13.56:585][  0]LogTexture:Display: Building textures: HQ_Lightmap1_13 (AutoDXT, 128X128)
[2018.03.21-15.13.56:605][  0]LogTexture:Display: Building textures: HQ_Lightmap1_14 (AutoDXT, 256X256)
[2018.03.21-15.13.56:627][  0]LogTexture:Display: Building textures: HQ_Lightmap1_15 (AutoDXT, 256X256)
[2018.03.21-15.13.56:649][  0]LogTexture:Display: Building textures: HQ_Lightmap1_16 (AutoDXT, 128X128)
[2018.03.21-15.13.56:652][  0]LogTexture:Display: Building textures: HQ_Lightmap1_17 (AutoDXT, 128X128)
[2018.03.21-15.13.56:654][  0]LogTexture:Display: Building textures: HQ_Lightmap1_18 (AutoDXT, 128X128)
[2018.03.21-15.13.56:674][  0]LogTexture:Display: Building textures: HQ_Lightmap1_19 (AutoDXT, 256X256)
[2018.03.21-15.13.56:696][  0]LogTexture:Display: Building textures: HQ_Lightmap1_20 (AutoDXT, 128X128)
[2018.03.21-15.13.56:715][  0]LogTexture:Display: Building textures: HQ_Lightmap1_21 (AutoDXT, 128X128)
[2018.03.21-15.13.56:735][  0]LogTexture:Display: Building textures: HQ_Lightmap1_22 (AutoDXT, 256X256)
[2018.03.21-15.13.56:760][  0]LogTexture:Display: Building textures: HQ_Lightmap1_28 (AutoDXT, 128X128)
[2018.03.21-15.13.56:780][  0]LogTexture:Display: Building textures: HQ_Lightmap1_29 (AutoDXT, 128X128)
[2018.03.21-15.13.56:795][  0]LogTexture:Display: Building textures: HQ_Lightmap1_3 (AutoDXT, 256X256)
[2018.03.21-15.13.56:829][  0]LogTexture:Display: Building textures: HQ_Lightmap1_4 (AutoDXT, 256X256)
[2018.03.21-15.13.56:853][  0]LogTexture:Display: Building textures: HQ_Lightmap1_5 (AutoDXT, 128X128)
[2018.03.21-15.13.56:875][  0]LogTexture:Display: Building textures: HQ_Lightmap1_6 (AutoDXT, 128X128)
[2018.03.21-15.13.56:893][  0]LogTexture:Display: Building textures: HQ_Lightmap1_7 (AutoDXT, 128X128)
[2018.03.21-15.13.56:912][  0]LogTexture:Display: Building textures: HQ_Lightmap1_8 (AutoDXT, 128X128)
[2018.03.21-15.13.56:925][  0]LogTexture:Display: Building textures: HQ_Lightmap1_9 (AutoDXT, 128X128)
[2018.03.21-15.13.56:944][  0]LogTexture:Display: Building textures: LQ_Lightmap_0_1 (DXT1, 512X512)
[2018.03.21-15.13.56:956][  0]LogTexture:Display: Building textures: LQ_Lightmap_0_2 (DXT1, 256X256)
[2018.03.21-15.13.56:971][  0]LogTexture:Display: Building textures: LQ_Lightmap_0_23 (DXT1, 256X256)
[2018.03.21-15.13.56:985][  0]LogTexture:Display: Building textures: LQ_Lightmap_0_24 (DXT1, 128X128)
[2018.03.21-15.13.57:005][  0]LogTexture:Display: Building textures: LQ_Lightmap_0_25 (DXT1, 128X128)
[2018.03.21-15.13.57:032][  0]LogTexture:Display: Building textures: LQ_Lightmap_0_26 (DXT1, 128X128)
[2018.03.21-15.13.57:043][  0]LogTexture:Display: Building textures: LQ_Lightmap_0_27 (DXT1, 128X128)
[2018.03.21-15.13.57:065][  0]LogTexture:Display: Building textures: LQ_Lightmap_1_10 (DXT1, 256X256)
[2018.03.21-15.13.57:091][  0]LogTexture:Display: Building textures: LQ_Lightmap_1_11 (DXT1, 256X256)
[2018.03.21-15.13.57:121][  0]LogTexture:Display: Building textures: LQ_Lightmap_1_12 (DXT1, 128X128)
[2018.03.21-15.13.57:145][  0]LogTexture:Display: Building textures: LQ_Lightmap_1_13 (DXT1, 128X128)
[2018.03.21-15.13.57:169][  0]LogTexture:Display: Building textures: LQ_Lightmap_1_14 (DXT1, 256X256)
[2018.03.21-15.13.57:200][  0]LogTexture:Display: Building textures: LQ_Lightmap_1_15 (DXT1, 256X256)
[2018.03.21-15.13.57:223][  0]LogTexture:Display: Building textures: LQ_Lightmap_1_16 (DXT1, 128X128)
[2018.03.21-15.13.57:232][  0]LogTexture:Display: Building textures: LQ_Lightmap_1_17 (DXT1, 128X128)
[2018.03.21-15.13.57:240][  0]LogTexture:Display: Building textures: LQ_Lightmap_1_18 (DXT1, 128X128)
[2018.03.21-15.13.57:261][  0]LogTexture:Display: Building textures: LQ_Lightmap_1_19 (DXT1, 256X256)
[2018.03.21-15.13.57:276][  0]LogTexture:Display: Building textures: LQ_Lightmap_1_20 (DXT1, 128X128)
[2018.03.21-15.13.57:296][  0]LogTexture:Display: Building textures: LQ_Lightmap_1_21 (DXT1, 128X128)
[2018.03.21-15.13.57:319][  0]LogTexture:Display: Building textures: LQ_Lightmap_1_22 (DXT1, 256X256)
[2018.03.21-15.13.57:343][  0]LogTexture:Display: Building textures: LQ_Lightmap_1_28 (DXT1, 128X128)
[2018.03.21-15.13.57:363][  0]LogTexture:Display: Building textures: LQ_Lightmap_1_29 (DXT1, 128X128)
[2018.03.21-15.13.57:377][  0]LogTexture:Display: Building textures: LQ_Lightmap_1_3 (DXT1, 256X256)
[2018.03.21-15.13.57:413][  0]LogTexture:Display: Building textures: LQ_Lightmap_1_4 (DXT1, 256X256)
[2018.03.21-15.13.57:431][  0]LogTexture:Display: Building textures: LQ_Lightmap_1_5 (DXT1, 128X128)
[2018.03.21-15.13.57:450][  0]LogTexture:Display: Building textures: LQ_Lightmap_1_6 (DXT1, 128X128)
[2018.03.21-15.13.57:470][  0]LogTexture:Display: Building textures: LQ_Lightmap_1_7 (DXT1, 128X128)
[2018.03.21-15.13.57:488][  0]LogTexture:Display: Building textures: LQ_Lightmap_1_8 (DXT1, 128X128)
[2018.03.21-15.13.57:497][  0]LogTexture:Display: Building textures: LQ_Lightmap_1_9 (DXT1, 128X128)
[2018.03.21-15.13.57:512][  0]LogTexture:Display: Building textures: SkyOcclusion0_1 (AutoDXT, 512X256)
[2018.03.21-15.13.57:521][  0]LogTexture:Display: Building textures: SkyOcclusion0_2 (AutoDXT, 256X128)
[2018.03.21-15.13.57:536][  0]LogTexture:Display: Building textures: SkyOcclusion0_23 (AutoDXT, 256X128)
[2018.03.21-15.13.57:551][  0]LogTexture:Display: Building textures: SkyOcclusion0_24 (AutoDXT, 128X64)
[2018.03.21-15.13.57:564][  0]LogTexture:Display: Building textures: SkyOcclusion0_25 (AutoDXT, 128X64)
[2018.03.21-15.13.57:576][  0]LogTexture:Display: Building textures: SkyOcclusion0_26 (AutoDXT, 128X64)
[2018.03.21-15.13.57:583][  0]LogTexture:Display: Building textures: SkyOcclusion0_27 (AutoDXT, 128X64)
[2018.03.21-15.13.57:595][  0]LogTexture:Display: Building textures: SkyOcclusion1_10 (AutoDXT, 256X128)
[2018.03.21-15.13.57:617][  0]LogTexture:Display: Building textures: SkyOcclusion1_11 (AutoDXT, 256X128)
[2018.03.21-15.13.57:640][  0]LogTexture:Display: Building textures: SkyOcclusion1_12 (AutoDXT, 128X64)
[2018.03.21-15.13.57:653][  0]LogTexture:Display: Building textures: SkyOcclusion1_13 (AutoDXT, 128X64)
[2018.03.21-15.13.57:669][  0]LogTexture:Display: Building textures: SkyOcclusion1_14 (AutoDXT, 256X128)
[2018.03.21-15.13.57:697][  0]LogTexture:Display: Building textures: SkyOcclusion1_15 (AutoDXT, 256X128)
[2018.03.21-15.13.57:719][  0]LogTexture:Display: Building textures: SkyOcclusion1_16 (AutoDXT, 128X64)
[2018.03.21-15.13.57:726][  0]LogTexture:Display: Building textures: SkyOcclusion1_17 (AutoDXT, 128X64)
[2018.03.21-15.13.57:732][  0]LogTexture:Display: Building textures: SkyOcclusion1_18 (AutoDXT, 128X64)
[2018.03.21-15.13.57:746][  0]LogTexture:Display: Building textures: SkyOcclusion1_19 (AutoDXT, 256X128)
[2018.03.21-15.13.57:763][  0]LogTexture:Display: Building textures: SkyOcclusion1_20 (AutoDXT, 128X64)
[2018.03.21-15.13.57:778][  0]LogTexture:Display: Building textures: SkyOcclusion1_21 (AutoDXT, 128X64)
[2018.03.21-15.13.57:794][  0]LogTexture:Display: Building textures: SkyOcclusion1_22 (AutoDXT, 256X128)
[2018.03.21-15.13.57:815][  0]LogTexture:Display: Building textures: SkyOcclusion1_28 (AutoDXT, 128X64)
[2018.03.21-15.13.57:826][  0]LogTexture:Display: Building textures: SkyOcclusion1_29 (AutoDXT, 128X64)
[2018.03.21-15.13.57:834][  0]LogTexture:Display: Building textures: SkyOcclusion1_3 (AutoDXT, 256X128)
[2018.03.21-15.13.57:856][  0]LogTexture:Display: Building textures: SkyOcclusion1_4 (AutoDXT, 256X128)
[2018.03.21-15.13.57:871][  0]LogTexture:Display: Building textures: SkyOcclusion1_5 (AutoDXT, 128X64)
[2018.03.21-15.13.57:884][  0]LogTexture:Display: Building textures: SkyOcclusion1_6 (AutoDXT, 128X64)
[2018.03.21-15.13.57:896][  0]LogTexture:Display: Building textures: SkyOcclusion1_7 (AutoDXT, 128X64)
[2018.03.21-15.13.57:907][  0]LogTexture:Display: Building textures: SkyOcclusion1_8 (AutoDXT, 128X64)
[2018.03.21-15.13.57:914][  0]LogTexture:Display: Building textures: SkyOcclusion1_9 (AutoDXT, 128X64)
[2018.03.21-15.13.57:930][  0]LogTexture:Display: Building textures: ShadowMapTexture2D_100 (G8, 128X64)
[2018.03.21-15.13.57:931][  0]LogTexture:Display: Building textures: ShadowMapTexture2D_101 (G8, 256X64)
[2018.03.21-15.13.57:931][  0]LogTexture:Display: Building textures: ShadowMapTexture2D_102 (G8, 256X64)
[2018.03.21-15.13.57:932][  0]LogTexture:Display: Building textures: ShadowMapTexture2D_103 (G8, 128X64)
[2018.03.21-15.13.57:932][  0]LogTexture:Display: Building textures: ShadowMapTexture2D_104 (G8, 128X64)
[2018.03.21-15.13.57:933][  0]LogTexture:Display: Building textures: ShadowMapTexture2D_105 (G8, 256X64)
[2018.03.21-15.13.57:934][  0]LogTexture:Display: Building textures: ShadowMapTexture2D_106 (G8, 256X64)
[2018.03.21-15.13.57:934][  0]LogTexture:Display: Building textures: ShadowMapTexture2D_107 (G8, 64X64)
[2018.03.21-15.13.57:934][  0]LogTexture:Display: Building textures: ShadowMapTexture2D_108 (G8, 64X64)
[2018.03.21-15.13.57:935][  0]LogTexture:Display: Building textures: ShadowMapTexture2D_109 (G8, 256X64)
[2018.03.21-15.13.57:935][  0]LogTexture:Display: Building textures: ShadowMapTexture2D_110 (G8, 128X64)
[2018.03.21-15.13.57:936][  0]LogTexture:Display: Building textures: ShadowMapTexture2D_111 (G8, 64X64)
[2018.03.21-15.13.57:936][  0]LogTexture:Display: Building textures: ShadowMapTexture2D_112 (G8, 128X64)
[2018.03.21-15.13.57:937][  0]LogTexture:Display: Building textures: ShadowMapTexture2D_113 (G8, 256X64)
[2018.03.21-15.13.57:937][  0]LogTexture:Display: Building textures: ShadowMapTexture2D_114 (G8, 256X64)
[2018.03.21-15.13.57:938][  0]LogTexture:Display: Building textures: ShadowMapTexture2D_115 (G8, 128X64)
[2018.03.21-15.13.57:938][  0]LogTexture:Display: Building textures: ShadowMapTexture2D_116 (G8, 128X64)
[2018.03.21-15.13.57:939][  0]LogTexture:Display: Building textures: ShadowMapTexture2D_117 (G8, 64X64)
[2018.03.21-15.13.57:939][  0]LogTexture:Display: Building textures: ShadowMapTexture2D_118 (G8, 128X64)
[2018.03.21-15.13.57:939][  0]LogTexture:Display: Building textures: ShadowMapTexture2D_119 (G8, 128X64)
[2018.03.21-15.13.57:940][  0]LogTexture:Display: Building textures: ShadowMapTexture2D_120 (G8, 64X64)
[2018.03.21-15.13.57:940][  0]LogTexture:Display: Building textures: ShadowMapTexture2D_121 (G8, 64X64)
[2018.03.21-15.13.57:940][  0]LogTexture:Display: Building textures: ShadowMapTexture2D_92 (G8, 128X256)
[2018.03.21-15.13.57:941][  0]LogTexture:Display: Building textures: ShadowMapTexture2D_93 (G8, 256X64)
[2018.03.21-15.13.57:942][  0]LogTexture:Display: Building textures: ShadowMapTexture2D_94 (G8, 512X64)
[2018.03.21-15.13.57:943][  0]LogTexture:Display: Building textures: ShadowMapTexture2D_95 (G8, 256X64)
[2018.03.21-15.13.57:943][  0]LogTexture:Display: Building textures: ShadowMapTexture2D_96 (G8, 128X64)
[2018.03.21-15.13.57:944][  0]LogTexture:Display: Building textures: ShadowMapTexture2D_97 (G8, 128X64)
[2018.03.21-15.13.57:944][  0]LogTexture:Display: Building textures: ShadowMapTexture2D_98 (G8, 128X64)
[2018.03.21-15.13.57:945][  0]LogTexture:Display: Building textures: ShadowMapTexture2D_99 (G8, 64X64)
[2018.03.21-15.13.57:949][  0]LogStaticMesh: Building static mesh AlphaBox...
[2018.03.21-15.13.57:963][  0]LogStaticMesh: Built static mesh [0.01s] /Game/Assets/PowerBlock/AlphaBox.AlphaBox
[2018.03.21-15.13.58:032][  0]LogTexture:Display: Building textures: Texture2D_36 (BGRA8, 64X64)
[2018.03.21-15.13.58:038][  0]LogTexture:Display: Building textures: Texture2D_37 (BGRA8, 64X64)
[2018.03.21-15.13.58:038][  0]LogTexture:Display: Building textures: Texture2D_38 (BGRA8, 64X64)
[2018.03.21-15.13.58:038][  0]LogTexture:Display: Building textures: Texture2D_39 (BGRA8, 64X64)
[2018.03.21-15.13.58:039][  0]LogTexture:Display: Building textures: Texture2D_40 (BGRA8, 64X64)
[2018.03.21-15.13.58:039][  0]LogTexture:Display: Building textures: Texture2D_41 (BGRA8, 64X64)
[2018.03.21-15.13.58:039][  0]LogTexture:Display: Building textures: Texture2D_42 (BGRA8, 64X64)
[2018.03.21-15.13.58:040][  0]LogTexture:Display: Building textures: Texture2D_43 (BGRA8, 64X64)
[2018.03.21-15.13.58:040][  0]LogTexture:Display: Building textures: Texture2D_44 (BGRA8, 64X64)
[2018.03.21-15.13.58:040][  0]LogTexture:Display: Building textures: Texture2D_45 (BGRA8, 64X64)
[2018.03.21-15.13.58:041][  0]LogTexture:Display: Building textures: Texture2D_46 (BGRA8, 64X64)
[2018.03.21-15.13.58:041][  0]LogTexture:Display: Building textures: Texture2D_47 (BGRA8, 64X64)
[2018.03.21-15.13.58:041][  0]LogTexture:Display: Building textures: Texture2D_48 (BGRA8, 64X64)
[2018.03.21-15.13.58:042][  0]LogTexture:Display: Building textures: Texture2D_49 (BGRA8, 64X64)
[2018.03.21-15.13.58:042][  0]LogTexture:Display: Building textures: Texture2D_50 (BGRA8, 64X64)
[2018.03.21-15.13.58:042][  0]LogTexture:Display: Building textures: Texture2D_51 (BGRA8, 64X64)
[2018.03.21-15.13.58:056][  0]LogMaterial: Missing cached shader map for material WorldGridMaterial, compiling. Is special engine material.
[2018.03.21-15.14.05:734][  0]LogTexture:Display: Building textures: Texture2D_0 (BGRA8, 512X512)
[2018.03.21-15.14.05:949][  0]LogStaticMesh: Building static mesh Geo_Door_Base...
[2018.03.21-15.14.05:957][  0]LogStaticMesh: Built static mesh [0.01s] /Game/Assets/PowerDoor/Geo_Door_Base.Geo_Door_Base
[2018.03.21-15.14.05:998][  0]LogStaticMesh: Building static mesh LargeWater...
[2018.03.21-15.14.06:004][  0]LogStaticMesh: Built static mesh [0.05s] /Game/Water/LargeWater/LargeWater.LargeWater
[2018.03.21-15.14.06:006][  0]LogStaticMesh: Building static mesh LightHouse...
[2018.03.21-15.14.06:013][  0]LogMeshUtilities: Invalid vertex normals found for mesh. Forcing recomputation of vertex normals for MikkTSpace. Fix mesh or disable "Use MikkTSpace Tangent Space" to avoid forced recomputation of normals.
[2018.03.21-15.14.06:092][  0]LogStaticMesh: Built static mesh [0.09s] /Game/Assets/LightHouse/LightHouse.LightHouse
[2018.03.21-15.14.06:098][  0]LogStaticMesh: Building static mesh Linear_Stair_Brush_StaticMesh...
[2018.03.21-15.14.06:098][  0]LogMeshUtilities: Invalid vertex normals found for mesh. Forcing recomputation of vertex normals for MikkTSpace. Fix mesh or disable "Use MikkTSpace Tangent Space" to avoid forced recomputation of normals.
[2018.03.21-15.14.06:118][  0]LogStaticMesh: Built static mesh [0.02s] /Game/Assets/Linear_Stair_Brush_StaticMesh.Linear_Stair_Brush_StaticMesh
[2018.03.21-15.14.06:118][  0]LogStaticMesh: Building static mesh T_SkyBox...
[2018.03.21-15.14.06:123][  0]LogStaticMesh: Built static mesh [0.00s] /Game/Maps/Skybox/T_SkyBox.T_SkyBox
[2018.03.21-15.14.06:124][  0]LogStaticMesh: Building static mesh Volcano...
[2018.03.21-15.14.06:125][  0]LogMeshUtilities: Invalid vertex normals found for mesh. Forcing recomputation of vertex normals for MikkTSpace. Fix mesh or disable "Use MikkTSpace Tangent Space" to avoid forced recomputation of normals.
[2018.03.21-15.14.06:131][  0]LogStaticMesh: Built static mesh [0.01s] /Game/Assets/Volcano/Volcano.Volcano
[2018.03.21-15.14.06:132][  0]LogTexture:Display: Building textures: Texture2D_1 (BGRA8, 64X64)
[2018.03.21-15.14.06:132][  0]LogTexture:Display: Building textures: Texture2D_10 (BGRA8, 64X64)
[2018.03.21-15.14.06:133][  0]LogTexture:Display: Building textures: Texture2D_11 (BGRA8, 64X64)
[2018.03.21-15.14.06:133][  0]LogTexture:Display: Building textures: Texture2D_12 (BGRA8, 64X64)
[2018.03.21-15.14.06:133][  0]LogTexture:Display: Building textures: Texture2D_13 (BGRA8, 64X64)
[2018.03.21-15.14.06:134][  0]LogTexture:Display: Building textures: Texture2D_14 (BGRA8, 64X64)
[2018.03.21-15.14.06:134][  0]LogTexture:Display: Building textures: Texture2D_15 (BGRA8, 64X64)
[2018.03.21-15.14.06:134][  0]LogTexture:Display: Building textures: Texture2D_16 (BGRA8, 64X64)
[2018.03.21-15.14.06:135][  0]LogTexture:Display: Building textures: Texture2D_17 (BGRA8, 64X64)
[2018.03.21-15.14.06:135][  0]LogTexture:Display: Building textures: Texture2D_18 (BGRA8, 64X64)
[2018.03.21-15.14.06:135][  0]LogTexture:Display: Building textures: Texture2D_19 (BGRA8, 64X64)
[2018.03.21-15.14.06:136][  0]LogTexture:Display: Building textures: Texture2D_2 (BGRA8, 64X64)
[2018.03.21-15.14.06:136][  0]LogTexture:Display: Building textures: Texture2D_20 (BGRA8, 64X64)
[2018.03.21-15.14.06:136][  0]LogTexture:Display: Building textures: Texture2D_21 (BGRA8, 64X64)
[2018.03.21-15.14.06:137][  0]LogTexture:Display: Building textures: Texture2D_22 (BGRA8, 64X64)
[2018.03.21-15.14.06:137][  0]LogTexture:Display: Building textures: Texture2D_23 (BGRA8, 64X64)
[2018.03.21-15.14.06:137][  0]LogTexture:Display: Building textures: Texture2D_24 (BGRA8, 64X64)
[2018.03.21-15.14.06:138][  0]LogTexture:Display: Building textures: Texture2D_25 (BGRA8, 64X64)
[2018.03.21-15.14.06:138][  0]LogTexture:Display: Building textures: Texture2D_26 (BGRA8, 64X64)
[2018.03.21-15.14.06:139][  0]LogTexture:Display: Building textures: Texture2D_27 (BGRA8, 64X64)
[2018.03.21-15.14.06:139][  0]LogTexture:Display: Building textures: Texture2D_28 (BGRA8, 64X64)
[2018.03.21-15.14.06:139][  0]LogTexture:Display: Building textures: Texture2D_29 (BGRA8, 64X64)
[2018.03.21-15.14.06:140][  0]LogTexture:Display: Building textures: Texture2D_3 (BGRA8, 64X64)
[2018.03.21-15.14.06:140][  0]LogTexture:Display: Building textures: Texture2D_30 (BGRA8, 64X64)
[2018.03.21-15.14.06:140][  0]LogTexture:Display: Building textures: Texture2D_4 (BGRA8, 64X64)
[2018.03.21-15.14.06:141][  0]LogTexture:Display: Building textures: Texture2D_5 (BGRA8, 64X64)
[2018.03.21-15.14.06:141][  0]LogTexture:Display: Building textures: Texture2D_6 (BGRA8, 64X64)
[2018.03.21-15.14.06:141][  0]LogTexture:Display: Building textures: Texture2D_7 (BGRA8, 64X64)
[2018.03.21-15.14.06:142][  0]LogTexture:Display: Building textures: Texture2D_8 (BGRA8, 64X64)
[2018.03.21-15.14.06:142][  0]LogTexture:Display: Building textures: Texture2D_9 (BGRA8, 64X64)
[2018.03.21-15.14.06:146][  0]LogMaterial: Missing cached shader map for material M_Water, compiling. 
[2018.03.21-15.14.06:312][  0]LogTexture:Display: Building textures: T_Skybox1 (AutoDXT, 2048X2048)
[2018.03.21-15.14.07:191][  0]LogMaterial: Missing cached shader map for material lambert2, compiling. 
[2018.03.21-15.14.07:219][  0]LogMaterial: Missing cached shader map for material M_VolcanoTop, compiling. 
[2018.03.21-15.14.07:246][  0]LogMaterial: Missing cached shader map for material M_VolcanoMain, compiling. 
[2018.03.21-15.14.07:275][  0]LogMaterial: Missing cached shader map for material M_Glass, compiling. 
[2018.03.21-15.14.07:303][  0]LogMaterial: Missing cached shader map for material lambert3, compiling. 
[2018.03.21-15.14.07:332][  0]LogMaterial: Missing cached shader map for material lambert2, compiling. 
[2018.03.21-15.14.07:360][  0]LogMaterial: Missing cached shader map for material White, compiling. 
[2018.03.21-15.14.07:387][  0]LogMaterial: Missing cached shader map for material M_Leaves, compiling. 
[2018.03.21-15.14.07:408][  0]LogMaterial: Missing cached shader map for material M_Rose, compiling. 
[2018.03.21-15.14.07:461][  0]LogAIModule: Creating AISystem for world HelloWorld
[2018.03.21-15.14.09:246][  0]LogEditorServer: Finished looking for orphan Actors (0.000 secs)
[2018.03.21-15.14.09:300][  0]Cmd: MAP CHECKDEP NOCLEARLOG
[2018.03.21-15.14.09:358][  0]MapCheck: Info Map check complete: 0 Error(s), 0 Warning(s), took 52.155ms to complete.
[2018.03.21-15.14.09:358][  0]LogFileHelpers: Loading map 'HelloWorld' took 15.672
[2018.03.21-15.14.10:503][  0]LogCollectionManager: Loaded 0 collections in 0.018109 seconds
[2018.03.21-15.14.10:640][  0]LogFileCache: Scanning file cache for directory 'E:/FMP/RPG_Game/RPG_Game/Saved/Collections/' took 0.01s
[2018.03.21-15.14.10:640][  0]LogFileCache: Scanning file cache for directory 'E:/FMP/RPG_Game/RPG_Game/Content/Developers/jordanboast/Collections/' took 0.01s
[2018.03.21-15.14.10:640][  0]LogFileCache: Scanning file cache for directory 'E:/FMP/RPG_Game/RPG_Game/Content/Collections/' took 0.01s
[2018.03.21-15.14.10:640][  0]LogCollectionManager: Rebuilt the GUID cache for 0 collections in 0.000002 seconds
[2018.03.21-15.14.10:670][  0]LogContentBrowser: Native class hierarchy populated in 0.0127 seconds. Added 2343 classes and 497 folders.
[2018.03.21-15.14.10:827][  0]LogContentBrowser: Native class hierarchy updated for 'WidgetCarousel' in 0.0007 seconds. Added 0 classes and 0 folders.
[2018.03.21-15.14.11:594][  0]LogContentBrowser: Native class hierarchy updated for 'AddContentDialog' in 0.0007 seconds. Added 0 classes and 0 folders.
[2018.03.21-15.14.11:759][  0]LogContentBrowser: Native class hierarchy updated for 'SceneOutliner' in 0.0007 seconds. Added 1 classes and 2 folders.
[2018.03.21-15.14.12:084][  0]LogCrashTracker: Crashtracker disabled due to settings.
[2018.03.21-15.14.12:171][  0]LogSlate: Took 0.012790 seconds to synchronously load lazily loaded font '../../../Engine/Content/Slate/Fonts/Roboto-Regular.ttf' (155K)
[2018.03.21-15.14.12:189][  0]LogSlate: Took 0.016525 seconds to synchronously load lazily loaded font '../../../Engine/Content/Slate/Fonts/Roboto-Bold.ttf' (160K)
[2018.03.21-15.14.12:217][  0]LogSlate: Took 0.013607 seconds to synchronously load lazily loaded font '../../../Engine/Content/Editor/Slate/Fonts/FontAwesome.ttf' (139K)
[2018.03.21-15.14.12:525][  0]LogRenderer: Reallocating scene render targets to support 1208x576 NumSamples 1 (Frame:1).
[2018.03.21-15.14.13:984][  0]LogContentBrowser: Native class hierarchy updated for 'HierarchicalLODOutliner' in 0.0007 seconds. Added 1 classes and 2 folders.
[2018.03.21-15.14.13:985][  0]LogLoad: (Engine Initialization) Total time: 108.28 seconds
[2018.03.21-15.14.13:985][  0]LogLoad: (Engine Initialization) Total Blueprint compile time: 3.92 seconds
[2018.03.21-15.14.13:985][  0]LogExternalProfiler: No external profilers were discovered.  External profiling features will not be available.
[2018.03.21-15.14.14:072][  0]LogOcInput: OculusInput pre-init called
[2018.03.21-15.14.14:072][  0]LogHMD: Starting GearVRController plugin
[2018.03.21-15.14.14:232][  0]LogContentStreaming: Texture pool size now 1000 MB
[2018.03.21-15.14.14:543][  0]LogSlate: Took 0.029017 seconds to synchronously load lazily loaded font '../../../Engine/Content/Slate/Fonts/Roboto-Light.ttf' (159K)
[2018.03.21-15.14.15:737][  2]LogAssetRegistry: Asset discovery search completed in 60.3565 seconds
[2018.03.21-15.14.15:836][  2]LogCollectionManager: Rebuilt the object cache for 0 collections in 0.000001 seconds (found 0 objects)
[2018.03.21-15.14.15:836][  2]LogCollectionManager: Fixed up redirectors for 0 collections in 0.000041 seconds (updated 0 objects)
[2018.03.21-15.14.15:913][  2]LogSlate: Took 0.000215 seconds to synchronously load lazily loaded font '../../../Engine/Content/Slate/Fonts/Roboto-Light.ttf' (159K)
