Log file open, 01/29/18 19:44:35
LogInit:Display: Running engine for game: RPG_Game
LogPlatformFile: Not using cached read wrapper
LogInit:Display: RandInit(-310916128) SRandInit(-310916128).
LogTaskGraph: Started task graph with 5 named threads and 8 total threads with 1 sets of task threads.
LogStats: Stats thread started at 0.097935
LogInit: Using libcurl 7.47.1
LogInit:  - built for x86_64-pc-win32
LogInit:  - supports SSL with OpenSSL/1.0.2g
LogInit:  - supports HTTP deflate (compression) using libz 1.2.8
LogInit:  - other features:
LogInit:      CURL_VERSION_SSL
LogInit:      CURL_VERSION_LIBZ
LogInit:      CURL_VERSION_IPV6
LogInit:      CURL_VERSION_ASYNCHDNS
LogInit:      CURL_VERSION_LARGEFILE
LogInit:      CURL_VERSION_IDN
LogInit:  CurlRequestOptions (configurable via config and command line):
LogInit:  - bVerifyPeer = false  - Libcurl will NOT verify peer certificate
LogInit:  - bUseHttpProxy = false  - Libcurl will NOT use HTTP proxy
LogInit:  - bDontReuseConnections = false  - Libcurl will reuse connections
LogInit:  - CertBundlePath = nullptr  - Libcurl will use whatever was configured at build time.
LogInit: Build: ++UE4+Release-4.16-CL-3561208
LogInit: Engine Version: 4.16.3-3561208+++UE4+Release-4.16
LogInit: Compatible Engine Version: 4.16.0-3452394+++UE4+Release-4.16
LogInit: Net CL: 3452394
LogDevObjectVersion: Number of dev versions registered: 16
LogDevObjectVersion:   Dev-Blueprints (B0D832E4-1F89-4F0D-ACCF-7EB736FD4AA2): 9
LogDevObjectVersion:   Dev-Build (E1C64328-A22C-4D53-A36C-8E866417BD8C): 0
LogDevObjectVersion:   Dev-Core (375EC13C-06E4-48FB-B500-84F0262A717E): 2
LogDevObjectVersion:   Dev-Editor (E4B068ED-F494-42E9-A231-DA0B2E46BB41): 17
LogDevObjectVersion:   Dev-Framework (CFFC743F-43B0-4480-9391-14DF171D2073): 23
LogDevObjectVersion:   Dev-Mobile (B02B49B5-BB20-44E9-A304-32B752E40360): 0
LogDevObjectVersion:   Dev-Networking (A4E4105C-59A1-49B5-A7C5-40C4547EDFEE): 0
LogDevObjectVersion:   Dev-Online (39C831C9-5AE6-47DC-9A44-9C173E1C8E7C): 0
LogDevObjectVersion:   Dev-Physics (78F01B33-EBEA-4F98-B9B4-84EACCB95AA2): 0
LogDevObjectVersion:   Dev-Platform (6631380F-2D4D-43E0-8009-CF276956A95A): 0
LogDevObjectVersion:   Dev-Rendering (12F88B9F-8875-4AFC-A67C-D90C383ABD29): 15
LogDevObjectVersion:   Dev-Sequencer (7B5AE74C-D270-4C10-A958-57980B212A5A): 4
LogDevObjectVersion:   Dev-VR (D7296918-1DD6-4BDD-9DE2-64A83CC13884): 0
LogDevObjectVersion:   Dev-LoadTimes (C2A15278-BFE7-4AFE-6C17-90FF531DF755): 1
LogDevObjectVersion:   Private-Geometry (6EACA3D4-40EC-4CC1-B786-8BED09428FC5): 1
LogDevObjectVersion:   Dev-AnimPhys (29E575DD-E0A3-4627-9D10-D276232CDCEA): 3
LogInit: Compiled (64-bit): Jul 28 2017 11:49:47
LogInit: Compiled with Visual C++: 19.00.24215.01
LogInit: Build Configuration: Development
LogInit: Branch Name: ++UE4+Release-4.16
LogInit: Command line:  /Temp/Autosaves/Game/Maps/UEDPCHelloWorld -game -PIEVIACONSOLE -ResX=1280 -ResY=720  -Multiprocess -messaging -SessionName="Play in Standalone Game" -windowed 
LogInit: Base directory: D:/Program Files/UE_4.16/Engine/Binaries/Win64/
LogInit: Installed Engine Build: 1
LogInit: Presizing for max 8388607 objects, including 0 objects not considered by GC, pre-allocating 0 bytes for permanent pool.
LogInit: Object subsystem initialized
[2018.01.29-19.44.36:327][  0]LogInit: Selected Device Profile: [Windows]
[2018.01.29-19.44.36:327][  0]LogInit: Applying CVar settings loaded from the selected device profile: [Windows]
[2018.01.29-19.44.36:329][  0]LogInit: Computer: DESKTOP-46CB9MQ
[2018.01.29-19.44.36:329][  0]LogInit: User: JoshR
[2018.01.29-19.44.36:329][  0]LogInit: CPU Page size=4096, Cores=4
[2018.01.29-19.44.36:329][  0]LogInit: High frequency timer resolution =3.421878 MHz
[2018.01.29-19.44.36:329][  0]LogMemory: Memory total: Physical=16.0GB (16GB approx)
[2018.01.29-19.44.36:329][  0]LogMemory: Platform Memory Stats for Windows
[2018.01.29-19.44.36:329][  0]LogMemory: Process Physical Memory: 273.21 MB used, 273.21 MB peak
[2018.01.29-19.44.36:329][  0]LogMemory: Process Virtual Memory: 266.74 MB used, 266.74 MB peak
[2018.01.29-19.44.36:329][  0]LogMemory: Physical Memory: 4997.20 MB used,  11346.80 MB free, 16344.00 MB total
[2018.01.29-19.44.36:329][  0]LogMemory: Virtual Memory: 662.43 MB used,  11346.80 MB free, 134217728.00 MB total
[2018.01.29-19.44.36:376][  0]LogInit: Using OS detected language (en-GB).
[2018.01.29-19.44.36:376][  0]LogInit: Using OS detected locale (en-GB).
[2018.01.29-19.44.36:379][  0]LogTextLocalizationManager: No specific localization for 'en-GB' exists, so the 'en' localization will be used.
[2018.01.29-19.44.36:953][  0]LogD3D11RHI: D3D11 adapters:
[2018.01.29-19.44.36:986][  0]LogD3D11RHI:    0. 'NVIDIA GeForce GTX 970' (Feature Level 11_0)
[2018.01.29-19.44.36:986][  0]LogD3D11RHI:       4043/0/8172 MB DedicatedVideo/DedicatedSystem/SharedSystem, Outputs:1, VendorId:0x10de
[2018.01.29-19.44.36:987][  0]LogD3D11RHI:    1. 'Microsoft Basic Render Driver' (Feature Level 11_0)
[2018.01.29-19.44.36:987][  0]LogD3D11RHI:       0/0/8172 MB DedicatedVideo/DedicatedSystem/SharedSystem, Outputs:0, VendorId:0x1414
[2018.01.29-19.44.36:987][  0]LogD3D11RHI: Chosen D3D11 Adapter: 0
[2018.01.29-19.44.36:992][  0]LogD3D11RHI: Creating new Direct3DDevice
[2018.01.29-19.44.36:992][  0]LogD3D11RHI:     GPU DeviceId: 0x13c2 (for the marketing name, search the web for "GPU Device Id")
[2018.01.29-19.44.36:992][  0]LogWindows: EnumDisplayDevices:
[2018.01.29-19.44.36:992][  0]LogWindows:    0. 'NVIDIA GeForce GTX 970' (P:1 D:1)
[2018.01.29-19.44.36:992][  0]LogWindows:    1. 'NVIDIA GeForce GTX 970' (P:0 D:0)
[2018.01.29-19.44.36:992][  0]LogWindows:    2. 'NVIDIA GeForce GTX 970' (P:0 D:0)
[2018.01.29-19.44.36:993][  0]LogWindows:    3. 'NVIDIA GeForce GTX 970' (P:0 D:0)
[2018.01.29-19.44.36:993][  0]LogWindows: DebugString: GetVideoDriverDetailsInvalid PrimaryIsNotTheChoosenAdapter GetVideoDriverDetailsInvalid PrimaryIsNotTheChoosenAdapter GetVideoDriverDetailsInvalid PrimaryIsNotTheChoosenAdapter GetVideoDriverDetailsInvalid PrimaryIsNotTheChoosenAdapter FoundDriverCount:0 
[2018.01.29-19.44.36:993][  0]LogD3D11RHI:     Adapter Name: NVIDIA GeForce GTX 970
[2018.01.29-19.44.36:993][  0]LogD3D11RHI:   Driver Version: Unknown (internal:Unknown, unified:Unknown)
[2018.01.29-19.44.36:993][  0]LogD3D11RHI:      Driver Date: Unknown
[2018.01.29-19.44.36:993][  0]LogRHI: Texture pool is 1361 MB (70% of 1945 MB)
[2018.01.29-19.44.37:014][  0]LogD3D11RHI: Async texture creation enabled
[2018.01.29-19.44.37:034][  0]LogD3D11RHI: GPU Timing Frequency: 1000.000000 (Debug: 2 2)
[2018.01.29-19.44.37:036][  0]LogShaderCompilers: Guid format shader working directory is -16 characters bigger than the processId version (../../../../../Users/JoshR/Documents/GitHub/FMP_RPG_Game_Charm/Intermediate/Shaders/WorkingDirectory/9540/).
[2018.01.29-19.44.37:036][  0]LogShaderCompilers: Cleaned the shader compiler working directory 'C:/Users/JoshR/AppData/Local/Temp/UnrealShaderWorkingDir/3DBAE23F44CE60035080ED816EC0E6B5/'.
[2018.01.29-19.44.37:037][  0]LogShaderCompilers:Display: Using Local Shader Compiler.
[2018.01.29-19.44.37:880][  0]LogTemp:Display: Loaded TP WindowsClientTargetPlatform
[2018.01.29-19.44.37:916][  0]LogTemp:Display: Loaded TP WindowsNoEditorTargetPlatform
[2018.01.29-19.44.37:954][  0]LogTemp:Display: Loaded TP WindowsServerTargetPlatform
[2018.01.29-19.44.37:993][  0]LogTemp:Display: Loaded TP WindowsTargetPlatform
[2018.01.29-19.44.37:993][  0]LogTargetPlatformManager:Display: Building Assets For Windows
[2018.01.29-19.44.38:313][  0]LogDerivedDataCache:Display: Max Cache Size: 512 MB
[2018.01.29-19.44.38:387][  0]LogDerivedDataCache: Loaded boot cache 0.07s 90MB C:/Users/JoshR/AppData/Local/UnrealEngine/4.16/DerivedDataCache/Boot.ddc.
[2018.01.29-19.44.38:387][  0]LogDerivedDataCache:Display: Loaded Boot cache: C:/Users/JoshR/AppData/Local/UnrealEngine/4.16/DerivedDataCache/Boot.ddc
[2018.01.29-19.44.38:387][  0]LogDerivedDataCache: FDerivedDataBackendGraph:  Pak pak cache file ../../../../../Users/JoshR/Documents/GitHub/FMP_RPG_Game_Charm/DerivedDataCache/DDC.ddp not found, will not use a pak cache.
[2018.01.29-19.44.38:387][  0]LogDerivedDataCache: Unable to find inner node Pak for hierarchical cache Hierarchy.
[2018.01.29-19.44.38:387][  0]LogDerivedDataCache: FDerivedDataBackendGraph:  CompressedPak pak cache file ../../../../../Users/JoshR/Documents/GitHub/FMP_RPG_Game_Charm/DerivedDataCache/Compressed.ddp not found, will not use a pak cache.
[2018.01.29-19.44.38:387][  0]LogDerivedDataCache: Unable to find inner node CompressedPak for hierarchical cache Hierarchy.
[2018.01.29-19.44.38:400][  0]LogDerivedDataCache:Display: Pak cache opened for reading ../../../Engine/DerivedDataCache/Compressed.ddp.
[2018.01.29-19.44.38:413][  0]LogDerivedDataCache: Using Local data cache path C:/Users/JoshR/AppData/Local/UnrealEngine/Common/DerivedDataCache: Writable
[2018.01.29-19.44.38:423][  0]LogMaterial: Verifying Global Shaders for PCD3D_SM5
[2018.01.29-19.44.38:423][  0]LogSlate: Using Freetype 2.6.0
[2018.01.29-19.44.38:424][  0]LogSlate: SlateFontCache - WITH_FREETYPE: 1, WITH_HARFBUZZ: 1
[2018.01.29-19.44.38:424][  0]LogSlate: SlateFontCache - WITH_FREETYPE: 1, WITH_HARFBUZZ: 1
[2018.01.29-19.44.38:640][  0]LogAssetRegistry: FAssetRegistry took 0.0032 seconds to start up
[2018.01.29-19.44.38:649][  0]LogPackageLocalizationCache: Processed 4 localized package path(s) for 2 prioritized culture(s) in 0.008887 seconds
[2018.01.29-19.44.38:714][  0]LogInit: Selected Device Profile: [Windows]
[2018.01.29-19.44.38:766][  0]LogContentStreaming: Texture pool size is 1000.00 MB
[2018.01.29-19.44.38:881][  0]LogMeshUtilities: Using QuadricMeshReduction for automatic static mesh reduction
[2018.01.29-19.44.38:909][  0]LogSimplygon: Simplygon DLL not present - disabling.
[2018.01.29-19.44.38:943][  0]LogMeshUtilities: Using SimplygonSwarm for distributed automatic mesh merging
[2018.01.29-19.44.38:943][  0]LogMeshUtilities: No automatic skeletal mesh reduction module available
[2018.01.29-19.44.38:943][  0]LogMeshUtilities: No automatic mesh merging module available
[2018.01.29-19.44.39:313][  0]LogNetVersion: RPG_Game , NetCL: 3452394, EngineNetVer: 2, GameNetVer: 0 (Checksum: 2586067795)
[2018.01.29-19.44.39:360][  0]LogInit: WinSock: version 1.1 (2.2), MaxSocks=32767, MaxUdp=65467
[2018.01.29-19.44.40:070][  0]LogMoviePlayer: Initializing movie player
[2018.01.29-19.44.40:307][  0]LogCollectionManager: Loaded 0 collections in 0.001035 seconds
[2018.01.29-19.44.40:353][  0]LogFileCache: Scanning file cache for directory 'D:/Users/JoshR/Documents/GitHub/FMP_RPG_Game_Charm/Saved/Collections/' took 0.01s
[2018.01.29-19.44.40:353][  0]LogFileCache: Scanning file cache for directory 'D:/Users/JoshR/Documents/GitHub/FMP_RPG_Game_Charm/Content/Developers/JoshR/Collections/' took 0.01s
[2018.01.29-19.44.40:353][  0]LogFileCache: Scanning file cache for directory 'D:/Users/JoshR/Documents/GitHub/FMP_RPG_Game_Charm/Content/Collections/' took 0.01s
[2018.01.29-19.44.40:353][  0]LogCollectionManager: Rebuilt the object cache for 0 collections in 0.000001 seconds (found 0 objects)
[2018.01.29-19.44.40:353][  0]LogCollectionManager: Fixed up redirectors for 0 collections in 0.000026 seconds (updated 0 objects)
[2018.01.29-19.44.40:471][  0]LogTcpMessaging: Initializing TcpMessaging bridge
[2018.01.29-19.44.40:501][  0]LogUdpMessaging: Initializing bridge on interface 0.0.0.0:0 to multicast group 230.0.0.1:6666.
[2018.01.29-19.44.40:793][  0]SourceControl: Info Source control is disabled
[2018.01.29-19.44.40:793][  0]SourceControl: Info Source control is disabled
[2018.01.29-19.44.40:827][  0]SourceControl: Info Source control is disabled
[2018.01.29-19.44.41:012][  0]LogAndroidPermission: UAndroidPermissionCallbackProxy::GetInstance
[2018.01.29-19.44.41:319][  0]LogUObjectArray: 37220 objects as part of root set at end of initial load.
[2018.01.29-19.44.41:319][  0]LogUObjectAllocator: 8398840 out of 0 bytes used by permanent object pool.
[2018.01.29-19.44.41:319][  0]LogUObjectArray: CloseDisregardForGC: 0/0 objects in disregard for GC pool
[2018.01.29-19.44.41:396][  0]LogEngine: Initializing Engine...
[2018.01.29-19.44.41:397][  0]LogHMD: Failed to initialize OpenVR with code 110
[2018.01.29-19.44.41:544][  0]LogStats: UGameplayTagsManager::ConstructGameplayTagTree: Construct from data asset -  0.000 s
[2018.01.29-19.44.41:544][  0]LogStats: UGameplayTagsManager::ConstructGameplayTagTree: GameplayTagTreeChangedEvent.Broadcast -  0.000 s
[2018.01.29-19.44.41:554][  0]LogInit: XAudio2 using 'Headset Earphone (2- Corsair VOID RGB Wireless Gaming Headset)' : 6 channels at 48 kHz using 16 bits per sample (channel mask 0x3f)
[2018.01.29-19.44.41:670][  0]LogInit: FAudioDevice initialized.
[2018.01.29-19.44.41:692][  0]LogInit: Texture streaming: Enabled
[2018.01.29-19.44.41:704][  0]LogMaterial: Uniform references updated for custom material expression Custom.
[2018.01.29-19.44.41:883][  0]LogSlateStyle:Warning: Unable to find Slate Widget Style 'NormalText'. Using FTextBlockStyle defaults instead.
[2018.01.29-19.44.41:884][  0]LogSlateStyle:Warning: Unable to find Slate Widget Style 'SpinBox'. Using FSpinBoxStyle defaults instead.
[2018.01.29-19.44.42:034][  0]LogInit:Display: Game Engine Initialized.
[2018.01.29-19.44.42:134][  0]LogInit:Display: Starting Game.
[2018.01.29-19.44.42:135][  0]LogNet: Browse: /Temp/Autosaves/Game/Maps/UEDPCHelloWorld?Name=Player
[2018.01.29-19.44.42:135][  0]LogLoad: LoadMap: /Temp/Autosaves/Game/Maps/UEDPCHelloWorld?Name=Player
[2018.01.29-19.44.42:148][  0]LogMemory: Platform Memory Stats for Windows
[2018.01.29-19.44.42:148][  0]LogMemory: Process Physical Memory: 803.02 MB used, 903.41 MB peak
[2018.01.29-19.44.42:148][  0]LogMemory: Process Virtual Memory: 907.41 MB used, 960.36 MB peak
[2018.01.29-19.44.42:148][  0]LogMemory: Physical Memory: 5426.17 MB used,  10917.84 MB free, 16344.00 MB total
[2018.01.29-19.44.42:148][  0]LogMemory: Virtual Memory: 1537.84 MB used,  10917.84 MB free, 134217728.00 MB total
[2018.01.29-19.44.42:148][  0]LogMemory: 
[2018.01.29-19.44.42:148][  0]Allocator Stats for TBB: (not implemented)
[2018.01.29-19.44.42:348][  0]LogAIModule: Creating AISystem for world HelloWorld
[2018.01.29-19.44.42:377][  0]LogLoad: Game class is 'FuseGM_C'
[2018.01.29-19.44.42:398][  0]PIE:Warning: Warning Trying to simulate physics on ''/Temp/Autosaves/Game/Maps/UEDPCHelloWorld.HelloWorld:PersistentLevel.Remote_71.StaticMesh'' but it has ComplexAsSimple collision.
[2018.01.29-19.44.42:399][  0]LogWorld: Bringing World /Temp/Autosaves/Game/Maps/UEDPCHelloWorld.HelloWorld up for play (max tick rate 0) at 2018.01.29-19.44.42
[2018.01.29-19.44.42:400][  0]LogWorld: Bringing up level for play took: 0.022330
[2018.01.29-19.44.42:401][  0]LogLoad: Took 0.266600 seconds to LoadMap(/Temp/Autosaves/Game/Maps/UEDPCHelloWorld)
[2018.01.29-19.44.42:536][  0]LogRenderer: Reallocating scene render targets to support 1280x720 NumSamples 1 (Frame:1).
[2018.01.29-19.44.42:536][  0]LogLoad: (Engine Initialization) Total time: 7.40 seconds
[2018.01.29-19.44.42:536][  0]LogLoad: (Engine Initialization) Total Blueprint compile time: 0.05 seconds
[2018.01.29-19.44.42:536][  0]LogExternalProfiler: No external profilers were discovered.  External profiling features will not be available.
[2018.01.29-19.44.42:557][  0]LogOcInput: OculusInput pre-init called
[2018.01.29-19.44.42:557][  0]LogHMD: Starting GearVRController plugin
[2018.01.29-19.44.42:568][  1]LogScript:Warning: Accessed None trying to read property HeldItem
	PlayerCharacter_C /Temp/Autosaves/Game/Maps/UEDPCHelloWorld.HelloWorld:PersistentLevel.PlayerCharacter_C_0
	Function /Game/PlayerCharacter.PlayerCharacter_C:ExecuteUbergraph_PlayerCharacter:003D
[2018.01.29-19.44.42:568][  1]LogScript:Warning: Script call stack:
	Function /Game/PlayerCharacter.PlayerCharacter_C:InpActEvt_LeftMouseButton_K2Node_InputKeyEvent_3
	Function /Game/PlayerCharacter.PlayerCharacter_C:ExecuteUbergraph_PlayerCharacter

