Log file open, 11/15/17 19:35:54
LogInit:Display: Running engine for game: RPG_Game
LogPlatformFile: Not using cached read wrapper
LogInit:Display: RandInit(851421266) SRandInit(851421266).
LogTaskGraph: Started task graph with 5 named threads and 8 total threads with 1 sets of task threads.
LogStats: Stats thread started at 2.646879
LogInit: Using libcurl 7.47.1
LogInit:  - built for x86_64-pc-win32
LogInit:  - supports SSL with OpenSSL/1.0.2g
LogInit:  - supports HTTP deflate (compression) using libz 1.2.8
LogInit:  - other features:
LogInit:      CURL_VERSION_SSL
LogInit:      CURL_VERSION_LIBZ
LogInit:      CURL_VERSION_IPV6
LogInit:      CURL_VERSION_ASYNCHDNS
LogInit:      CURL_VERSION_LARGEFILE
LogInit:      CURL_VERSION_IDN
LogInit:  CurlRequestOptions (configurable via config and command line):
LogInit:  - bVerifyPeer = false  - Libcurl will NOT verify peer certificate
LogInit:  - bUseHttpProxy = false  - Libcurl will NOT use HTTP proxy
LogInit:  - bDontReuseConnections = false  - Libcurl will reuse connections
LogInit:  - CertBundlePath = nullptr  - Libcurl will use whatever was configured at build time.
LogInit: Build: ++UE4+Release-4.16-CL-3561208
LogInit: Engine Version: 4.16.3-3561208+++UE4+Release-4.16
LogInit: Compatible Engine Version: 4.16.0-3452394+++UE4+Release-4.16
LogInit: Net CL: 3452394
LogDevObjectVersion: Number of dev versions registered: 16
LogDevObjectVersion:   Dev-Blueprints (B0D832E4-1F89-4F0D-ACCF-7EB736FD4AA2): 9
LogDevObjectVersion:   Dev-Build (E1C64328-A22C-4D53-A36C-8E866417BD8C): 0
LogDevObjectVersion:   Dev-Core (375EC13C-06E4-48FB-B500-84F0262A717E): 2
LogDevObjectVersion:   Dev-Editor (E4B068ED-F494-42E9-A231-DA0B2E46BB41): 17
LogDevObjectVersion:   Dev-Framework (CFFC743F-43B0-4480-9391-14DF171D2073): 23
LogDevObjectVersion:   Dev-Mobile (B02B49B5-BB20-44E9-A304-32B752E40360): 0
LogDevObjectVersion:   Dev-Networking (A4E4105C-59A1-49B5-A7C5-40C4547EDFEE): 0
LogDevObjectVersion:   Dev-Online (39C831C9-5AE6-47DC-9A44-9C173E1C8E7C): 0
LogDevObjectVersion:   Dev-Physics (78F01B33-EBEA-4F98-B9B4-84EACCB95AA2): 0
LogDevObjectVersion:   Dev-Platform (6631380F-2D4D-43E0-8009-CF276956A95A): 0
LogDevObjectVersion:   Dev-Rendering (12F88B9F-8875-4AFC-A67C-D90C383ABD29): 15
LogDevObjectVersion:   Dev-Sequencer (7B5AE74C-D270-4C10-A958-57980B212A5A): 4
LogDevObjectVersion:   Dev-VR (D7296918-1DD6-4BDD-9DE2-64A83CC13884): 0
LogDevObjectVersion:   Dev-LoadTimes (C2A15278-BFE7-4AFE-6C17-90FF531DF755): 1
LogDevObjectVersion:   Private-Geometry (6EACA3D4-40EC-4CC1-B786-8BED09428FC5): 1
LogDevObjectVersion:   Dev-AnimPhys (29E575DD-E0A3-4627-9D10-D276232CDCEA): 3
LogInit: Compiled (64-bit): Jul 28 2017 11:49:47
LogInit: Compiled with Visual C++: 19.00.24215.01
LogInit: Build Configuration: Development
LogInit: Branch Name: ++UE4+Release-4.16
LogInit: Command line:  
LogInit: Base directory: D:/Games/UE_4.16/Engine/Binaries/Win64/
LogInit: Installed Engine Build: 1
LogInit: Presizing for max 8388607 objects, including 0 objects not considered by GC, pre-allocating 0 bytes for permanent pool.
LogInit: Object subsystem initialized
[2017.11.15-19.35.55:155][  0]LogInit: Selected Device Profile: [Windows]
[2017.11.15-19.35.55:155][  0]LogInit: Applying CVar settings loaded from the selected device profile: [Windows]
[2017.11.15-19.35.55:230][  0]LogInit: Computer: SONOFMORT
[2017.11.15-19.35.55:230][  0]LogInit: User: Jordan
[2017.11.15-19.35.55:230][  0]LogInit: CPU Page size=4096, Cores=4
[2017.11.15-19.35.55:230][  0]LogInit: High frequency timer resolution =3.320335 MHz
[2017.11.15-19.35.55:231][  0]LogMemory: Memory total: Physical=16.0GB (16GB approx)
[2017.11.15-19.35.55:231][  0]LogMemory: Platform Memory Stats for Windows
[2017.11.15-19.35.55:231][  0]LogMemory: Process Physical Memory: 275.05 MB used, 275.05 MB peak
[2017.11.15-19.35.55:231][  0]LogMemory: Process Virtual Memory: 266.87 MB used, 266.87 MB peak
[2017.11.15-19.35.55:231][  0]LogMemory: Physical Memory: 6694.69 MB used,  9638.70 MB free, 16333.39 MB total
[2017.11.15-19.35.55:231][  0]LogMemory: Virtual Memory: 667.51 MB used,  9638.70 MB free, 134217728.00 MB total
[2017.11.15-19.35.55:883][  0]LogInit: Using OS detected language (en-US).
[2017.11.15-19.35.55:883][  0]LogInit: Using OS detected locale (en-GB).
[2017.11.15-19.35.55:986][  0]LogTextLocalizationManager: No specific localization for 'en-US' exists, so the 'en' localization will be used.
[2017.11.15-19.35.57:944][  0]LogD3D11RHI: D3D11 adapters:
[2017.11.15-19.35.58:006][  0]LogD3D11RHI:    0. 'NVIDIA GeForce GTX 1070' (Feature Level 11_0)
[2017.11.15-19.35.58:006][  0]LogD3D11RHI:       8096/0/8166 MB DedicatedVideo/DedicatedSystem/SharedSystem, Outputs:2, VendorId:0x10de
[2017.11.15-19.35.58:009][  0]LogD3D11RHI:    1. 'Microsoft Basic Render Driver' (Feature Level 11_0)
[2017.11.15-19.35.58:009][  0]LogD3D11RHI:       0/0/8166 MB DedicatedVideo/DedicatedSystem/SharedSystem, Outputs:0, VendorId:0x1414
[2017.11.15-19.35.58:009][  0]LogD3D11RHI: Chosen D3D11 Adapter: 0
[2017.11.15-19.35.58:017][  0]LogD3D11RHI: Creating new Direct3DDevice
[2017.11.15-19.35.58:018][  0]LogD3D11RHI:     GPU DeviceId: 0x1b81 (for the marketing name, search the web for "GPU Device Id")
[2017.11.15-19.35.58:018][  0]LogWindows: EnumDisplayDevices:
[2017.11.15-19.35.58:018][  0]LogWindows:    0. 'NVIDIA GeForce GTX 1070' (P:1 D:1)
[2017.11.15-19.35.58:018][  0]LogWindows:    1. 'NVIDIA GeForce GTX 1070' (P:0 D:1)
[2017.11.15-19.35.58:019][  0]LogWindows:    2. 'NVIDIA GeForce GTX 1070' (P:0 D:0)
[2017.11.15-19.35.58:019][  0]LogWindows:    3. 'NVIDIA GeForce GTX 1070' (P:0 D:0)
[2017.11.15-19.35.58:019][  0]LogWindows: DebugString: GetVideoDriverDetailsInvalid PrimaryIsNotTheChoosenAdapter GetVideoDriverDetailsInvalid PrimaryIsNotTheChoosenAdapter GetVideoDriverDetailsInvalid PrimaryIsNotTheChoosenAdapter GetVideoDriverDetailsInvalid PrimaryIsNotTheChoosenAdapter FoundDriverCount:0 
[2017.11.15-19.35.58:019][  0]LogD3D11RHI:     Adapter Name: NVIDIA GeForce GTX 1070
[2017.11.15-19.35.58:019][  0]LogD3D11RHI:   Driver Version: Unknown (internal:Unknown, unified:Unknown)
[2017.11.15-19.35.58:019][  0]LogD3D11RHI:      Driver Date: Unknown
[2017.11.15-19.35.58:019][  0]LogRHI: Texture pool is 1361 MB (70% of 1945 MB)
[2017.11.15-19.35.58:059][  0]LogD3D11RHI: Async texture creation enabled
[2017.11.15-19.35.58:251][  0]LogD3D11RHI: GPU Timing Frequency: 1000.000000 (Debug: 2 1)
[2017.11.15-19.35.58:398][  0]LogShaderCompilers: Guid format shader working directory is 16 characters bigger than the processId version (E:/Year 2/FMP/RPG_Game/RPG_Game/Intermediate/Shaders/WorkingDirectory/6864/).
[2017.11.15-19.35.58:399][  0]LogShaderCompilers: Cleaned the shader compiler working directory 'C:/Users/Jordan/AppData/Local/Temp/UnrealShaderWorkingDir/15644BA6465C8F4A9F58469226056F62/'.
[2017.11.15-19.35.58:409][  0]LogShaderCompilers:Display: Using Local Shader Compiler.
[2017.11.15-19.36.01:071][  0]LogTemp:Display: Loaded TP AllDesktopTargetPlatform
[2017.11.15-19.36.01:125][  0]LogTemp:Display: Loaded TP MacClientTargetPlatform
[2017.11.15-19.36.01:181][  0]LogTemp:Display: Loaded TP MacNoEditorTargetPlatform
[2017.11.15-19.36.01:237][  0]LogTemp:Display: Loaded TP MacServerTargetPlatform
[2017.11.15-19.36.01:297][  0]LogTemp:Display: Loaded TP MacTargetPlatform
[2017.11.15-19.36.01:354][  0]LogTemp:Display: Loaded TP WindowsClientTargetPlatform
[2017.11.15-19.36.01:409][  0]LogTemp:Display: Loaded TP WindowsNoEditorTargetPlatform
[2017.11.15-19.36.01:464][  0]LogTemp:Display: Loaded TP WindowsServerTargetPlatform
[2017.11.15-19.36.01:512][  0]LogTemp:Display: Loaded TP WindowsTargetPlatform
[2017.11.15-19.36.01:579][  0]LogTemp:Display: Loaded TP AndroidTargetPlatform
[2017.11.15-19.36.01:634][  0]LogTemp:Display: Loaded TP Android_ASTCTargetPlatform
[2017.11.15-19.36.01:689][  0]LogTemp:Display: Loaded TP Android_ATCTargetPlatform
[2017.11.15-19.36.01:745][  0]LogTemp:Display: Loaded TP Android_DXTTargetPlatform
[2017.11.15-19.36.01:799][  0]LogTemp:Display: Loaded TP Android_ETC1TargetPlatform
[2017.11.15-19.36.01:852][  0]LogTemp:Display: Loaded TP Android_ETC2TargetPlatform
[2017.11.15-19.36.01:976][  0]LogTemp:Display: Loaded TP Android_MultiTargetPlatform
[2017.11.15-19.36.01:976][  0]LogTemp:Display: Loaded TP Android_PVRTCTargetPlatform
[2017.11.15-19.36.02:018][  0]LogTemp:Display: Loaded TP HTML5TargetPlatform
[2017.11.15-19.36.02:155][  0]LogTemp:Display: Loaded TP IOSTargetPlatform
[2017.11.15-19.36.02:184][  0]LogTemp:Display: Loaded TP TVOSTargetPlatform
[2017.11.15-19.36.02:239][  0]LogTemp:Display: Loaded TP LinuxClientTargetPlatform
[2017.11.15-19.36.02:293][  0]LogTemp:Display: Loaded TP LinuxNoEditorTargetPlatform
[2017.11.15-19.36.02:349][  0]LogTemp:Display: Loaded TP LinuxServerTargetPlatform
[2017.11.15-19.36.02:404][  0]LogTemp:Display: Loaded TP LinuxTargetPlatform
[2017.11.15-19.36.02:404][  0]LogTargetPlatformManager:Display: Building Assets For Windows
[2017.11.15-19.36.03:542][  0]LogDerivedDataCache:Display: Max Cache Size: 512 MB
[2017.11.15-19.36.04:126][  0]LogDerivedDataCache: Loaded boot cache 0.58s 90MB C:/Users/Jordan/AppData/Local/UnrealEngine/4.16/DerivedDataCache/Boot.ddc.
[2017.11.15-19.36.04:126][  0]LogDerivedDataCache:Display: Loaded Boot cache: C:/Users/Jordan/AppData/Local/UnrealEngine/4.16/DerivedDataCache/Boot.ddc
[2017.11.15-19.36.04:127][  0]LogDerivedDataCache: FDerivedDataBackendGraph:  Pak pak cache file E:/Year 2/FMP/RPG_Game/RPG_Game/DerivedDataCache/DDC.ddp not found, will not use a pak cache.
[2017.11.15-19.36.04:127][  0]LogDerivedDataCache: Unable to find inner node Pak for hierarchical cache Hierarchy.
[2017.11.15-19.36.04:127][  0]LogDerivedDataCache: FDerivedDataBackendGraph:  CompressedPak pak cache file E:/Year 2/FMP/RPG_Game/RPG_Game/DerivedDataCache/Compressed.ddp not found, will not use a pak cache.
[2017.11.15-19.36.04:127][  0]LogDerivedDataCache: Unable to find inner node CompressedPak for hierarchical cache Hierarchy.
[2017.11.15-19.36.04:169][  0]LogDerivedDataCache:Display: Pak cache opened for reading ../../../Engine/DerivedDataCache/Compressed.ddp.
[2017.11.15-19.36.04:182][  0]LogDerivedDataCache: Using Local data cache path C:/Users/Jordan/AppData/Local/UnrealEngine/Common/DerivedDataCache: Writable
[2017.11.15-19.36.04:225][  0]LogMaterial: Verifying Global Shaders for PCD3D_SM5
[2017.11.15-19.36.04:253][  0]LogSlate: Using Freetype 2.6.0
[2017.11.15-19.36.04:305][  0]LogSlate: SlateFontCache - WITH_FREETYPE: 1, WITH_HARFBUZZ: 1
[2017.11.15-19.36.04:305][  0]LogSlate: SlateFontCache - WITH_FREETYPE: 1, WITH_HARFBUZZ: 1
[2017.11.15-19.36.08:519][  0]LogInit: Selected Device Profile: [Windows]
[2017.11.15-19.36.09:047][  0]LogContentStreaming: Texture pool size is 0.00 MB
[2017.11.15-19.36.09:592][  0]LogMeshUtilities: Using QuadricMeshReduction for automatic static mesh reduction
[2017.11.15-19.36.09:679][  0]LogSimplygon: Simplygon DLL not present - disabling.
[2017.11.15-19.36.09:760][  0]LogMeshUtilities: Using SimplygonSwarm for distributed automatic mesh merging
[2017.11.15-19.36.09:760][  0]LogMeshUtilities: No automatic skeletal mesh reduction module available
[2017.11.15-19.36.09:760][  0]LogMeshUtilities: No automatic mesh merging module available
[2017.11.15-19.36.12:495][  0]LogNetVersion: RPG_Game , NetCL: 3452394, EngineNetVer: 2, GameNetVer: 0 (Checksum: 2586067795)
[2017.11.15-19.36.12:764][  0]LogAssetRegistry: FAssetRegistry took 0.0470 seconds to start up
[2017.11.15-19.36.13:304][  0]LogPackageLocalizationCache: Processed 4 localized package path(s) for 2 prioritized culture(s) in 0.520733 seconds
[2017.11.15-19.36.13:310][  0]LogUObjectArray: 34194 objects as part of root set at end of initial load.
[2017.11.15-19.36.13:310][  0]LogUObjectAllocator: 7260424 out of 0 bytes used by permanent object pool.
[2017.11.15-19.36.13:310][  0]LogUObjectArray: CloseDisregardForGC: 0/0 objects in disregard for GC pool
[2017.11.15-19.36.13:367][  0]LogInit: WinSock: version 1.1 (2.2), MaxSocks=32767, MaxUdp=65467
[2017.11.15-19.36.27:939][  0]LogTcpMessaging: Initializing TcpMessaging bridge
[2017.11.15-19.36.27:998][  0]LogUdpMessaging: Initializing bridge on interface 0.0.0.0:0 to multicast group 230.0.0.1:6666.
[2017.11.15-19.36.29:118][  0]LogMaterial: Uniform references updated for custom material expression Custom.
[2017.11.15-19.36.29:701][  0]SourceControl: Info Source control is disabled
[2017.11.15-19.36.29:843][  0]SourceControl: Info Source control is disabled
[2017.11.15-19.36.29:977][  0]SourceControl: Info Source control is disabled
[2017.11.15-19.36.30:076][  0]SourceControl: Info Source control is disabled
[2017.11.15-19.36.31:324][  0]LogAndroidPermission: UAndroidPermissionCallbackProxy::GetInstance
[2017.11.15-19.36.32:339][  0]LogEngine: Initializing Engine...
[2017.11.15-19.36.32:364][  0]LogHMD: Failed to initialize OpenVR with code 110
[2017.11.15-19.36.32:653][  0]LogStats: UGameplayTagsManager::ConstructGameplayTagTree: Construct from data asset -  0.000 s
[2017.11.15-19.36.32:653][  0]LogStats: UGameplayTagsManager::ConstructGameplayTagTree: GameplayTagTreeChangedEvent.Broadcast -  0.000 s
[2017.11.15-19.36.32:996][  0]LogAIModule: Creating AISystem for world Untitled
[2017.11.15-19.36.33:071][  0]LogInit: XAudio2 using 'Headset Earphone (Corsair VOID RGB USB Gaming Headset)' : 6 channels at 48 kHz using 16 bits per sample (channel mask 0x3f)
[2017.11.15-19.36.33:090][  0]LogInit: FAudioDevice initialized.
[2017.11.15-19.36.33:138][  0]LogDerivedDataCache: Saved boot cache 0.05s 90MB C:/Users/Jordan/AppData/Local/UnrealEngine/4.16/DerivedDataCache/Boot.ddc.
[2017.11.15-19.36.33:144][  0]LogInit: Texture streaming: Enabled
[2017.11.15-19.36.33:299][  0]LogEngineSessionManager: EngineSessionManager initialized
[2017.11.15-19.36.33:756][  0]LogInit: Transaction tracking system initialized
[2017.11.15-19.36.34:315][  0]BlueprintLog: New page: Editor Load
[2017.11.15-19.36.35:913][  0]LocalizationService: Info Localization service is disabled
[2017.11.15-19.36.36:999][  0]LogConsoleResponse:Display: 
[2017.11.15-19.36.37:646][  0]LogCook:Display: Max memory allowance for cook 16384mb min free memory 0mb
[2017.11.15-19.36.37:646][  0]LogCook:Display: Mobile HDR setting 1
[2017.11.15-19.36.37:856][  0]LogFileCache: Scanning file cache for directory 'E:/Year 2/FMP/RPG_Game/RPG_Game/Content/' took 0.04s
[2017.11.15-19.36.39:563][  0]SourceControl: Info Source control is disabled
[2017.11.15-19.36.39:583][  0]Cmd: MAP LOAD FILE="E:/Year 2/FMP/RPG_Game/RPG_Game/Content/ThirdPersonBP/Maps/Tutorial.umap" TEMPLATE=0 SHOWPROGRESS=1 FEATURELEVEL=3
[2017.11.15-19.36.39:589][  0]LightingResults: New page: Lighting Build
[2017.11.15-19.36.39:690][  0]MapCheck: New page: Map Check
[2017.11.15-19.36.39:690][  0]LightingResults: New page: Lighting Build
[2017.11.15-19.36.43:178][  0]LogTexture:Display: Building textures: Texture2D_13 (BGRA8, 8X8)
[2017.11.15-19.36.43:187][  0]LogTexture:Display: Building textures: Texture2D_9 (BGRA8, 8X8)
[2017.11.15-19.36.43:187][  0]LogTexture:Display: Building textures: Texture2D_7 (BGRA8, 8X8)
[2017.11.15-19.36.43:187][  0]LogTexture:Display: Building textures: Texture2D_10 (BGRA8, 8X8)
[2017.11.15-19.36.43:187][  0]LogTexture:Display: Building textures: Texture2D_0 (BGRA8, 8X8)
[2017.11.15-19.36.43:187][  0]LogTexture:Display: Building textures: Texture2D_12 (BGRA8, 8X8)
[2017.11.15-19.36.43:188][  0]LogTexture:Display: Building textures: Texture2D_8 (BGRA8, 8X8)
[2017.11.15-19.36.43:188][  0]LogTexture:Display: Building textures: Texture2D_11 (BGRA8, 8X8)
[2017.11.15-19.36.43:188][  0]LogTexture:Display: Building textures: Texture2D_1 (BGRA8, 8X8)
[2017.11.15-19.36.43:188][  0]LogTexture:Display: Building textures: Texture2D_2 (BGRA8, 8X8)
[2017.11.15-19.36.43:188][  0]LogTexture:Display: Building textures: Texture2D_3 (BGRA8, 8X8)
[2017.11.15-19.36.43:188][  0]LogTexture:Display: Building textures: Texture2D_17 (BGRA8, 8X8)
[2017.11.15-19.36.43:189][  0]LogTexture:Display: Building textures: Texture2D_4 (BGRA8, 8X8)
[2017.11.15-19.36.43:189][  0]LogTexture:Display: Building textures: Texture2D_14 (BGRA8, 8X8)
[2017.11.15-19.36.43:189][  0]LogTexture:Display: Building textures: Texture2D_15 (BGRA8, 8X8)
[2017.11.15-19.36.43:189][  0]LogTexture:Display: Building textures: Texture2D_5 (BGRA8, 8X8)
[2017.11.15-19.36.43:190][  0]LogTexture:Display: Building textures: Texture2D_16 (BGRA8, 8X8)
[2017.11.15-19.36.43:190][  0]LogTexture:Display: Building textures: Texture2D_6 (BGRA8, 8X8)
[2017.11.15-19.36.43:192][  0]LogTexture:Display: Building textures: Dirt (AutoDXT, 512X512)
[2017.11.15-19.36.43:228][  0]LogTexture:Display: Building textures: GrassGreen (AutoDXT, 512X512)
[2017.11.15-19.36.43:260][  0]LogMaterial: Missing cached shader map for material Landscape, compiling. 
[2017.11.15-19.36.43:341][  0]LogMaterial: Missing cached shader map for material Landscape, compiling. 
[2017.11.15-19.36.43:925][  0]LogStaticMesh: Building static mesh rock1...
[2017.11.15-19.36.43:960][  0]LogStaticMesh: Built static mesh [0.03s] /Game/Assets/Rocks/rock1.rock1
[2017.11.15-19.36.43:967][  0]LogStaticMesh: Building static mesh WellHut...
[2017.11.15-19.36.43:982][  0]LogStaticMesh: Built static mesh [0.02s] /Game/Assets/Well/Hut/WellHut.WellHut
[2017.11.15-19.36.44:035][  0]LogAudioDerivedData:Display: Building compressed audio format OGG wave portal...
[2017.11.15-19.36.44:483][  0]LogMaterial: Missing cached shader map for material wood, compiling. 
[2017.11.15-19.36.44:500][  0]LogMaterial: Missing cached shader map for material stone, compiling. 
[2017.11.15-19.36.44:519][  0]LogMaterial: Missing cached shader map for material roof, compiling. 
[2017.11.15-19.36.44:575][  0]LogMaterial: Missing cached shader map for material M_Yellow, compiling. 
[2017.11.15-19.36.44:619][  0]LogMaterial: Missing cached shader map for material M_Rose, compiling. 
[2017.11.15-19.36.44:662][  0]LogMaterial: Missing cached shader map for material M_Leaves, compiling. 
[2017.11.15-19.36.44:705][  0]LogMaterial: Missing cached shader map for material M_DarkLeaves, compiling. 
[2017.11.15-19.36.44:749][  0]LogMaterial: Missing cached shader map for material M_Blue, compiling. 
[2017.11.15-19.36.44:868][  0]LogTexture:Display: Building textures: HQ_Lightmap1_1 (AutoDXT, 512X512)
[2017.11.15-19.36.45:153][  0]LogTexture:Display: Building textures: HQ_Lightmap1_2 (AutoDXT, 64X64)
[2017.11.15-19.36.45:157][  0]LogTexture:Display: Building textures: HQ_Lightmap1_3 (AutoDXT, 64X64)
[2017.11.15-19.36.45:165][  0]LogTexture:Display: Building textures: LQ_Lightmap_1_1 (DXT1, 512X512)
[2017.11.15-19.36.45:342][  0]LogTexture:Display: Building textures: LQ_Lightmap_1_2 (DXT1, 64X64)
[2017.11.15-19.36.45:344][  0]LogTexture:Display: Building textures: LQ_Lightmap_1_3 (DXT1, 64X64)
[2017.11.15-19.36.45:362][  0]LogTexture:Display: Building textures: SkyOcclusion1_1 (AutoDXT, 512X256)
[2017.11.15-19.36.45:505][  0]LogTexture:Display: Building textures: SkyOcclusion1_2 (AutoDXT, 64X32)
[2017.11.15-19.36.45:507][  0]LogTexture:Display: Building textures: SkyOcclusion1_3 (AutoDXT, 64X32)
[2017.11.15-19.36.45:510][  0]LogTexture:Display: Building textures: ShadowMapTexture2D_0 (G8, 1024X128)
[2017.11.15-19.36.45:527][  0]LogTexture:Display: Building textures: ShadowMapTexture2D_1 (G8, 64X32)
[2017.11.15-19.36.45:527][  0]LogTexture:Display: Building textures: ShadowMapTexture2D_2 (G8, 32X32)
[2017.11.15-19.36.45:682][  0]LogAIModule: Creating AISystem for world Tutorial
[2017.11.15-19.36.45:958][  0]LogEditorServer: Finished looking for orphan Actors (0.000 secs)
[2017.11.15-19.36.45:998][  0]Cmd: MAP CHECKDEP NOCLEARLOG
[2017.11.15-19.36.46:124][  0]MapCheck: Info Map check complete: 0 Error(s), 0 Warning(s), took 125.482ms to complete.
[2017.11.15-19.36.46:124][  0]LogFileHelpers: Loading map 'Tutorial' took 6.548
[2017.11.15-19.36.46:752][  0]LogWindowsTextInputMethodSystem:Display: IME system now deactivated.
[2017.11.15-19.36.47:279][  0]LogCollectionManager: Loaded 0 collections in 0.028695 seconds
[2017.11.15-19.36.47:455][  0]LogFileCache: Scanning file cache for directory 'E:/Year 2/FMP/RPG_Game/RPG_Game/Saved/Collections/' took 0.01s
[2017.11.15-19.36.47:455][  0]LogFileCache: Scanning file cache for directory 'E:/Year 2/FMP/RPG_Game/RPG_Game/Content/Developers/Jordan/Collections/' took 0.01s
[2017.11.15-19.36.47:455][  0]LogFileCache: Scanning file cache for directory 'E:/Year 2/FMP/RPG_Game/RPG_Game/Content/Collections/' took 0.01s
[2017.11.15-19.36.47:455][  0]LogCollectionManager: Rebuilt the GUID cache for 0 collections in 0.000002 seconds
[2017.11.15-19.36.47:472][  0]LogContentBrowser: Native class hierarchy populated in 0.0155 seconds. Added 2329 classes and 491 folders.
[2017.11.15-19.36.47:565][  0]LogContentBrowser: Native class hierarchy updated for 'WidgetCarousel' in 0.0006 seconds. Added 0 classes and 0 folders.
[2017.11.15-19.36.48:052][  0]LogContentBrowser: Native class hierarchy updated for 'AddContentDialog' in 0.0006 seconds. Added 0 classes and 0 folders.
[2017.11.15-19.36.48:150][  0]LogContentBrowser: Native class hierarchy updated for 'SceneOutliner' in 0.0007 seconds. Added 1 classes and 2 folders.
[2017.11.15-19.36.48:505][  0]LogCrashTracker: Crashtracker disabled due to settings.
[2017.11.15-19.36.48:590][  0]LogSlate: Took 0.030549 seconds to synchronously load lazily loaded font '../../../Engine/Content/Slate/Fonts/Roboto-Regular.ttf' (155K)
[2017.11.15-19.36.48:602][  0]LogSlate: Took 0.001522 seconds to synchronously load lazily loaded font '../../../Engine/Content/Slate/Fonts/Roboto-Bold.ttf' (160K)
[2017.11.15-19.36.48:624][  0]LogSlate: Took 0.014301 seconds to synchronously load lazily loaded font '../../../Engine/Content/Editor/Slate/Fonts/FontAwesome.ttf' (139K)
[2017.11.15-19.36.48:833][  0]LogRenderer: Reallocating scene render targets to support 1528x652 NumSamples 1 (Frame:1).
[2017.11.15-19.36.49:233][  0]LogUObjectGlobals:Warning: Failed to find object 'Class None.'
[2017.11.15-19.36.49:336][  0]LogContentBrowser: Native class hierarchy updated for 'HierarchicalLODOutliner' in 0.0007 seconds. Added 1 classes and 2 folders.
[2017.11.15-19.36.49:336][  0]LogLoad: (Engine Initialization) Total time: 63.56 seconds
[2017.11.15-19.36.49:336][  0]LogLoad: (Engine Initialization) Total Blueprint compile time: 0.85 seconds
[2017.11.15-19.36.49:336][  0]LogExternalProfiler: Found external profiler: VSPerf
[2017.11.15-19.36.49:336][  0]LogExternalProfiler: Using external profiler: VSPerf
[2017.11.15-19.36.49:347][  0]LogOcInput: OculusInput pre-init called
[2017.11.15-19.36.49:347][  0]LogHMD: Starting GearVRController plugin
[2017.11.15-19.36.49:405][  0]LogContentStreaming: Texture pool size now 1000 MB
[2017.11.15-19.36.49:568][  0]LogSlate: Took 0.026873 seconds to synchronously load lazily loaded font '../../../Engine/Content/Slate/Fonts/Roboto-Light.ttf' (159K)
[2017.11.15-19.36.49:671][  2]LogAssetRegistry: Asset discovery search completed in 36.9290 seconds
[2017.11.15-19.36.49:676][  2]LogCollectionManager: Rebuilt the object cache for 0 collections in 0.000001 seconds (found 0 objects)
[2017.11.15-19.36.49:676][  2]LogCollectionManager: Fixed up redirectors for 0 collections in 0.000049 seconds (updated 0 objects)
[2017.11.15-19.38.01:351][926]LogEditorViewport: Clicking on Actor (LMB): StaticMeshActor (OakTree1)
[2017.11.15-19.38.02:669][ 46]Cmd: CAMERA ALIGN ACTIVEVIEWPORTONLY
[2017.11.15-19.39.59:109][847]LogEditorViewport: Clicking on Actor (context menu): Landscape (Landscape)
[2017.11.15-19.40.00:946][ 13]LogEditorViewport: Clicking on Actor (LMB): StaticMeshActor (WellHut2)
[2017.11.15-19.40.47:055][467]LogEditorViewport: Clicking on Actor (LMB): StaticMeshActor (WellHut2)
[2017.11.15-19.40.50:387][858]LogEditorViewport: Clicking on Actor (LMB): Landscape (Landscape)
[2017.11.15-20.10.50:987][313]LogEditorViewport: Clicking on Actor (LMB): Emitter (P_Whirlwind_Default_Area_01)
[2017.11.15-20.11.50:845][262]LogSlate: Took 0.015978 seconds to synchronously load lazily loaded font '../../../Engine/Content/Slate/Fonts/Roboto-Light.ttf' (159K)
[2017.11.15-20.11.50:946][262]LogTexture:Display: Building textures: HQ_Lightmap0_1 (AutoDXT, 256X256)
[2017.11.15-20.11.50:950][262]LogTexture:Display: Building textures: LQ_Lightmap_0_1 (DXT1, 256X256)
[2017.11.15-20.11.50:988][262]LogTexture:Display: Building textures: SkyOcclusion0_1 (AutoDXT, 256X128)
[2017.11.15-20.11.51:001][262]LogTexture:Display: Building textures: ShadowMapTexture2D_0 (G8, 1024X32)
[2017.11.15-20.11.51:002][262]LogAIModule: Creating AISystem for world HelloWorld
[2017.11.15-20.11.51:046][262]Cmd: MAP LOAD FILE="E:/Year 2/FMP/RPG_Game/RPG_Game/Content/ThirdPersonBP/Maps/HelloWorld.umap" TEMPLATE=0 SHOWPROGRESS=1 FEATURELEVEL=3
[2017.11.15-20.11.51:046][262]LightingResults: New page: Lighting Build
[2017.11.15-20.11.51:047][262]LoadErrors: New page: Loading map: HelloWorld.umap
[2017.11.15-20.11.51:051][262]MapCheck: New page: Map Check
[2017.11.15-20.11.51:051][262]LightingResults: New page: Lighting Build
[2017.11.15-20.11.51:124][262]LogEditorServer: Finished looking for orphan Actors (0.000 secs)
[2017.11.15-20.11.51:161][262]Cmd: MAP CHECKDEP NOCLEARLOG
[2017.11.15-20.11.51:268][262]MapCheck: Info Map check complete: 0 Error(s), 0 Warning(s), took 107.164ms to complete.
[2017.11.15-20.11.51:276][262]LogFileHelpers: Loading map 'HelloWorld' took 0.239
[2017.11.15-20.12.00:108][288]LogEditorActor: Deleted Actor: LandscapeGizmoActiveActor
[2017.11.15-20.12.00:121][288]LogEditorActor: Deleted Actor: PlayerStart
[2017.11.15-20.12.00:130][288]LogEditorActor: Deleted 2 Actors (0.022 secs)
[2017.11.15-20.12.03:516][684]LogEditorActor: Deleted Actor: BP_Sky_Sphere_C
[2017.11.15-20.12.05:973][684]LogEditorActor: Deleted Actor: DirectionalLight
[2017.11.15-20.12.05:973][684]LogEditorActor: Deleted Actor: SkyLight
[2017.11.15-20.12.05:982][684]LogEditorActor: Deleted 3 Actors (2.466 secs)
[2017.11.15-20.12.28:818][361]LogActor:Warning: VREditorButton /Engine/Transient.World_6:PersistentLevel.VREditorButton_0 has natively added scene component(s), but none of them were set as the actor's RootComponent - picking one arbitrarily
[2017.11.15-20.12.54:699][434]LogSlate: Took 0.014089 seconds to synchronously load lazily loaded font '../../../Engine/Content/Editor/Slate/Fonts/Roboto-Italic.ttf' (157K)
[2017.11.15-20.13.18:208][ 58]LogRenderer: Reallocating scene render targets to support 1656x652 NumSamples 1 (Frame:9474).
[2017.11.15-20.14.23:823][677]LogTexture:Display: Building textures: Texture2D_2 (G8, 128X128)
[2017.11.15-20.15.15:353][717]LogEditorViewport: Clicking on Actor (LMB): BP_Sky_Sphere_C (BP_Sky_Sphere)
[2017.11.15-20.15.16:337][829]LogEditorViewport: Clicking on Actor (LMB): BP_Sky_Sphere_C (BP_Sky_Sphere)
[2017.11.15-20.15.26:471][979]LogEditorViewport: Clicking Background
[2017.11.15-20.15.42:835][871]Cmd: CAMERA ALIGN ACTIVEVIEWPORTONLY
[2017.11.15-20.15.42:835][871]Can't find target actor or component.
[2017.11.15-20.15.56:399][469]Cmd: CAMERA ALIGN ACTIVEVIEWPORTONLY
[2017.11.15-20.15.56:399][469]Can't find target actor or component.
[2017.11.15-20.15.57:848][639]Cmd: CAMERA ALIGN ACTIVEVIEWPORTONLY
[2017.11.15-20.15.57:848][639]Can't find target actor or component.
[2017.11.15-20.16.21:887][495]LogTexture:Display: Building textures: Texture2D_0 (BGRA8, 512X512)
[2017.11.15-20.17.54:996][222]LogNavigationPoint: PostEditMove Clear paths rebuilt
[2017.11.15-20.17.56:998][460]LogTemp: Repeting last play command: Selected Viewport
[2017.11.15-20.17.57:729][460]LogPlayLevel: PlayLevel: No blueprints needed recompiling
[2017.11.15-20.17.57:733][460]PIE: New page: PIE session: HelloWorld (15 Nov 2017 20:17:57)
[2017.11.15-20.17.57:733][460]LogPlayLevel: Creating play world package: /Game/ThirdPersonBP/Maps/UEDPIE_0_HelloWorld
[2017.11.15-20.17.57:755][460]LogPlayLevel: PIE: StaticDuplicateObject took: (0.021670s)
[2017.11.15-20.17.57:756][460]LogAIModule: Creating AISystem for world HelloWorld
[2017.11.15-20.17.57:756][460]LogPlayLevel: PIE: World Init took: (0.000804s)
[2017.11.15-20.17.57:756][460]LogPlayLevel: PIE: Created PIE world by copying editor world from /Game/ThirdPersonBP/Maps/HelloWorld.HelloWorld to /Game/ThirdPersonBP/Maps/UEDPIE_0_HelloWorld.HelloWorld (0.022697s)
[2017.11.15-20.17.57:796][460]LogInit: XAudio2 using 'Headset Earphone (Corsair VOID RGB USB Gaming Headset)' : 6 channels at 48 kHz using 16 bits per sample (channel mask 0x3f)
[2017.11.15-20.17.57:811][460]LogInit: FAudioDevice initialized.
[2017.11.15-20.17.57:904][460]LogLoad: Game class is 'ThirdPersonGameMode_C'
[2017.11.15-20.17.57:919][460]LogWorld: Bringing World /Game/ThirdPersonBP/Maps/UEDPIE_0_HelloWorld.HelloWorld up for play (max tick rate 0) at 2017.11.15-20.17.57
[2017.11.15-20.17.57:920][460]LogWorld: Bringing up level for play took: 0.003042
[2017.11.15-20.17.58:011][460]LogContentBrowser: Native class hierarchy updated for 'MovieSceneCapture' in 0.0007 seconds. Added 11 classes and 0 folders.
[2017.11.15-20.17.58:053][460]PIE: Info Play in editor start time for /Game/ThirdPersonBP/Maps/UEDPIE_0_HelloWorld 0.405
[2017.11.15-20.18.17:443][721]LogEditorViewport: Clicking on Actor (LMB): PlayerStart (PlayerStart)
[2017.11.15-20.18.20:138][ 41]LogNavigationPoint: PostEditMove Clear paths rebuilt
[2017.11.15-20.18.21:423][193]LogNavigationPoint: PostEditMove Clear paths rebuilt
[2017.11.15-20.18.23:233][408]LogNavigationPoint: PostEditMove Clear paths rebuilt
[2017.11.15-20.18.27:111][871]LogNavigationPoint: PostEditMove Clear paths rebuilt
[2017.11.15-20.18.29:576][138]LogTemp: Repeting last play command: Selected Viewport
[2017.11.15-20.18.29:596][138]LogPlayLevel: PlayLevel: No blueprints needed recompiling
[2017.11.15-20.18.29:596][138]PIE: New page: PIE session: HelloWorld (15 Nov 2017 20:18:29)
[2017.11.15-20.18.29:596][138]LogPlayLevel: Creating play world package: /Game/ThirdPersonBP/Maps/UEDPIE_0_HelloWorld
[2017.11.15-20.18.29:608][138]LogPlayLevel: PIE: StaticDuplicateObject took: (0.011539s)
[2017.11.15-20.18.29:608][138]LogAIModule: Creating AISystem for world HelloWorld
[2017.11.15-20.18.29:608][138]LogPlayLevel: PIE: World Init took: (0.000665s)
[2017.11.15-20.18.29:609][138]LogPlayLevel: PIE: Created PIE world by copying editor world from /Game/ThirdPersonBP/Maps/HelloWorld.HelloWorld to /Game/ThirdPersonBP/Maps/UEDPIE_0_HelloWorld.HelloWorld (0.012403s)
[2017.11.15-20.18.29:626][138]LogInit: XAudio2 using 'Headset Earphone (Corsair VOID RGB USB Gaming Headset)' : 6 channels at 48 kHz using 16 bits per sample (channel mask 0x3f)
[2017.11.15-20.18.29:636][138]LogInit: FAudioDevice initialized.
[2017.11.15-20.18.29:666][138]LogLoad: Game class is 'ThirdPersonGameMode_C'
[2017.11.15-20.18.29:670][138]LogWorld: Bringing World /Game/ThirdPersonBP/Maps/UEDPIE_0_HelloWorld.HelloWorld up for play (max tick rate 0) at 2017.11.15-20.18.29
[2017.11.15-20.18.29:670][138]LogWorld: Bringing up level for play took: 0.002970
[2017.11.15-20.18.29:673][138]PIE: Info Play in editor start time for /Game/ThirdPersonBP/Maps/UEDPIE_0_HelloWorld 0.025
[2017.11.15-20.18.55:186][ 97]LogContentBrowser: Native class hierarchy updated for 'BlueprintGraph' in 0.0010 seconds. Added 112 classes and 0 folders.
[2017.11.15-20.18.56:043][ 97]LogSlate: Took 0.014711 seconds to synchronously load lazily loaded font '../../../Engine/Content/Slate/Fonts/Roboto-Regular.ttf' (155K)
[2017.11.15-20.18.56:263][ 97]LogSlate: Took 0.010111 seconds to synchronously load lazily loaded font '../../../Engine/Content/Editor/Slate/Fonts/Roboto-BoldCondensed.ttf' (158K)
[2017.11.15-20.20.07:269][221]LogActorFactory: Actor Factory created pileofbricks
[2017.11.15-20.20.08:320][340]LogActorFactory: Actor Factory created pileofbricks
[2017.11.15-20.20.36:289][626]LogSlate: Took 0.000320 seconds to synchronously load lazily loaded font '../../../Engine/Content/Slate/Fonts/Roboto-Light.ttf' (159K)
[2017.11.15-20.22.10:126][958]LogTexture:Display: Building textures: Texture2D_0 (BGRA8, 512X512)
[2017.11.15-20.22.10:576][958]LogSavePackage: Save=503.10ms
[2017.11.15-20.22.10:576][958]LogSavePackage: Moving 'E:/Year 2/FMP/RPG_Game/RPG_Game/Saved/HelloWorld_Auto1BC0476E14D357F78F92F479E2BBCCF10.tmp' to 'E:/Year 2/FMP/RPG_Game/RPG_Game/Saved/Autosaves/Game/ThirdPersonBP/Maps/HelloWorld_Auto1.umap'
[2017.11.15-20.22.10:578][958]LogSavePackage:Display: Finished SavePackage E:/Year 2/FMP/RPG_Game/RPG_Game/Saved/Autosaves/Game/ThirdPersonBP/Maps/HelloWorld_Auto1.umap
[2017.11.15-20.22.10:603][958]LogFileHelpers: Editor autosave (incl. sublevels) for '/Game/ThirdPersonBP/Maps/HelloWorld' took 0.701
[2017.11.15-20.22.10:603][958]LogFileHelpers: Editor autosave (incl. sublevels) for all levels took 0.701
[2017.11.15-20.22.10:606][958]OBJ SavePackage: Generating thumbnails for [1] asset(s) in package [/Game/ThirdPersonBP/Blueprints/ThirdPersonCharacter] ([1] browsable assets)...
[2017.11.15-20.22.10:619][958]OBJ SavePackage:     Rendered thumbnail for [Blueprint /Game/ThirdPersonBP/Blueprints/ThirdPersonCharacter.ThirdPersonCharacter]
[2017.11.15-20.22.10:619][958]OBJ SavePackage: Finished generating thumbnails for package [/Game/ThirdPersonBP/Blueprints/ThirdPersonCharacter]
[2017.11.15-20.22.10:747][958]LogSavePackage: Save=109.71ms
[2017.11.15-20.22.10:747][958]LogSavePackage: Moving 'E:/Year 2/FMP/RPG_Game/RPG_Game/Saved/ThirdPersonCharacter_Auto11E05E1A141B75ED3DE5173808879068C.tmp' to 'E:/Year 2/FMP/RPG_Game/RPG_Game/Saved/Autosaves/Game/ThirdPersonBP/Blueprints/ThirdPersonCharacter_Auto1.uasset'
[2017.11.15-20.22.10:751][958]LogSavePackage:Display: Finished SavePackage E:/Year 2/FMP/RPG_Game/RPG_Game/Saved/Autosaves/Game/ThirdPersonBP/Blueprints/ThirdPersonCharacter_Auto1.uasset
[2017.11.15-20.22.10:751][958]LogFileHelpers: Auto-saving content packages took 0.146
[2017.11.15-20.26.41:873][ 50]LogEditorViewport: Clicking on Actor (context menu): Landscape (Landscape)
[2017.11.15-20.26.46:874][248]LogEditorViewport: Clicking on Actor (LMB): StaticMeshActor (pileofbricks)
[2017.11.15-20.26.50:844][706]LogEditorViewport: Clicking on Actor (context menu): Landscape (Landscape)
[2017.11.15-20.26.51:699][802]LogEditorViewport: Clicking on Actor (LMB): Landscape (Landscape)
[2017.11.15-20.27.40:608][ 78]LogEditorViewport: Clicking on Actor (LMB): StaticMeshActor (pileofbricks)
[2017.11.15-20.27.44:343][481]LogEditorViewport: Clicking on Actor (LMB): Landscape (Landscape)
[2017.11.15-20.27.45:857][658]LogEditorViewport: Clicking on Actor (LMB): StaticMeshActor (pileofbricks)
[2017.11.15-20.27.53:675][562]LogEditorActor: Deleted Actor: Landscape
[2017.11.15-20.27.53:719][562]LogEditorActor: Deleted 1 Actors (0.044 secs)
[2017.11.15-20.27.56:527][896]LogEditorActor: Deleted Actor: StaticMeshActor
[2017.11.15-20.27.56:542][896]LogEditorActor: Deleted 1 Actors (0.015 secs)
[2017.11.15-20.28.00:183][329]LogEditorActor: Deleted Actor: LandscapeGizmoActiveActor
[2017.11.15-20.28.00:199][329]LogEditorActor: Deleted 1 Actors (0.016 secs)
[2017.11.15-20.28.08:755][343]LogAIModule: Creating AISystem for world Tutorial
[2017.11.15-20.28.12:915][343]Cmd: MAP LOAD FILE="E:/Year 2/FMP/RPG_Game/RPG_Game/Content/ThirdPersonBP/Maps/Tutorial.umap" TEMPLATE=0 SHOWPROGRESS=1 FEATURELEVEL=3
[2017.11.15-20.28.12:916][343]LightingResults: New page: Lighting Build
[2017.11.15-20.28.12:918][343]LoadErrors: New page: Loading map: Tutorial.umap
[2017.11.15-20.28.12:919][343]MapCheck: New page: Map Check
[2017.11.15-20.28.12:919][343]LightingResults: New page: Lighting Build
[2017.11.15-20.28.12:995][343]LogEditorServer: Finished looking for orphan Actors (0.000 secs)
[2017.11.15-20.28.13:039][343]Cmd: MAP CHECKDEP NOCLEARLOG
[2017.11.15-20.28.13:155][343]MapCheck: Info Map check complete: 0 Error(s), 0 Warning(s), took 115.754ms to complete.
[2017.11.15-20.28.13:157][343]LogFileHelpers: Loading map 'Tutorial' took 0.243
[2017.11.15-20.42.25:403][795]Cmd: OBJ SAVEPACKAGE PACKAGE="/Game/ThirdPersonBP/Maps/Tutorial" FILE="E:/Year 2/FMP/RPG_Game/RPG_Game/Content/ThirdPersonBP/Maps/Tutorial.umap" SILENT=true AUTOSAVING=false KEEPDIRTY=false
[2017.11.15-20.42.29:146][795]LogSavePackage: Save=555.46ms
[2017.11.15-20.42.29:146][795]LogSavePackage: Moving 'E:/Year 2/FMP/RPG_Game/RPG_Game/Saved/Tutorial1DAF312E41B083907482349ECB1A0CF0.tmp' to 'E:/Year 2/FMP/RPG_Game/RPG_Game/Content/ThirdPersonBP/Maps/Tutorial.umap'
[2017.11.15-20.42.29:150][795]LogSavePackage:Display: Finished SavePackage E:/Year 2/FMP/RPG_Game/RPG_Game/Content/ThirdPersonBP/Maps/Tutorial.umap
[2017.11.15-20.42.29:187][795]Cmd: OBJ SAVEPACKAGE PACKAGE="/Game/ThirdPersonBP/Maps/Tutorial_BuiltData" FILE="E:/Year 2/FMP/RPG_Game/RPG_Game/Content/ThirdPersonBP/Maps/Tutorial_BuiltData.uasset" SILENT=true
[2017.11.15-20.42.29:458][795]LogSavePackage: Save=178.31ms
[2017.11.15-20.42.29:458][795]LogSavePackage: Moving 'E:/Year 2/FMP/RPG_Game/RPG_Game/Saved/Tutorial_BuiltData10B30D4A4ECE7B9D389122991C51FCCA.tmp' to 'E:/Year 2/FMP/RPG_Game/RPG_Game/Content/ThirdPersonBP/Maps/Tutorial_BuiltData.uasset'
[2017.11.15-20.42.29:462][795]LogSavePackage:Display: Finished SavePackage E:/Year 2/FMP/RPG_Game/RPG_Game/Content/ThirdPersonBP/Maps/Tutorial_BuiltData.uasset
[2017.11.15-20.42.31:290][984]Cmd: OBJ SAVEPACKAGE PACKAGE="/Game/ThirdPersonBP/Blueprints/ThirdPersonCharacter" FILE="E:/Year 2/FMP/RPG_Game/RPG_Game/Content/ThirdPersonBP/Blueprints/ThirdPersonCharacter.uasset" SILENT=true
[2017.11.15-20.42.31:489][984]LogSavePackage: Save=74.16ms
[2017.11.15-20.42.31:490][984]LogSavePackage: Moving 'E:/Year 2/FMP/RPG_Game/RPG_Game/Saved/ThirdPersonCharacterFE711297432DE4C40AD4B285E34BE13D.tmp' to 'E:/Year 2/FMP/RPG_Game/RPG_Game/Content/ThirdPersonBP/Blueprints/ThirdPersonCharacter.uasset'
[2017.11.15-20.42.31:499][984]LogSavePackage:Display: Finished SavePackage E:/Year 2/FMP/RPG_Game/RPG_Game/Content/ThirdPersonBP/Blueprints/ThirdPersonCharacter.uasset
[2017.11.15-20.42.33:357][115]Cmd: QUIT_EDITOR
[2017.11.15-20.42.33:710][115]LogWindowsTextInputMethodSystem:Display: IME system now deactivated.
[2017.11.15-20.42.33:759][115]LogExit: Preparing to exit.
[2017.11.15-20.42.34:903][115]LogExit: Editor shut down
[2017.11.15-20.42.34:912][115]LogExit: Transaction tracking system shut down
[2017.11.15-20.42.35:699][115]LogObj: Freed 0b from 0 cluster array pools.
[2017.11.15-20.42.35:699][115]LogExit: Object subsystem successfully closed.
[2017.11.15-20.42.35:818][115]LogD3D11RHI: Shutdown
[2017.11.15-20.42.35:818][115]LogD3D11RHI: CleanupD3DDevice
[2017.11.15-20.42.35:967][115]LogD3D11RHI: ~FD3D11DynamicRHI
[2017.11.15-20.42.36:507][115]LogModuleManager: Shutting down and abandoning module BlueprintGraph (530)
[2017.11.15-20.42.36:507][115]LogModuleManager: Shutting down and abandoning module BlueprintProfiler (528)
[2017.11.15-20.42.36:517][115]LogModuleManager: Shutting down and abandoning module MovieSceneCapture (526)
[2017.11.15-20.42.36:517][115]LogModuleManager: Shutting down and abandoning module HierarchicalLODOutliner (524)
[2017.11.15-20.42.36:524][115]LogModuleManager: Shutting down and abandoning module CrashTracker (522)
[2017.11.15-20.42.36:524][115]LogModuleManager: Shutting down and abandoning module SceneOutliner (520)
[2017.11.15-20.42.36:524][115]LogModuleManager: Shutting down and abandoning module AddContentDialog (518)
[2017.11.15-20.42.36:533][115]LogDirectoryWatcher: A directory notification for 'D:/Games/UE_4.16/FeaturePacks/' was aborted.
[2017.11.15-20.42.36:538][115]LogModuleManager: Shutting down and abandoning module WidgetCarousel (517)
[2017.11.15-20.42.36:538][115]LogModuleManager: Shutting down and abandoning module EditorWidgets (514)
[2017.11.15-20.42.36:538][115]LogModuleManager: Shutting down and abandoning module CollectionManager (512)
[2017.11.15-20.42.36:538][115]LogDirectoryWatcher: A directory notification for 'E:/Year 2/FMP/RPG_Game/RPG_Game/Content/Collections/' was aborted.
[2017.11.15-20.42.36:538][115]LogDirectoryWatcher: A directory notification for 'E:/Year 2/FMP/RPG_Game/RPG_Game/Content/Developers/Jordan/Collections/' was aborted.
[2017.11.15-20.42.36:538][115]LogDirectoryWatcher: A directory notification for 'E:/Year 2/FMP/RPG_Game/RPG_Game/Saved/Collections/' was aborted.
[2017.11.15-20.42.36:539][115]LogModuleManager: Shutting down and abandoning module StatsViewer (510)
[2017.11.15-20.42.36:539][115]LogModuleManager: Shutting down and abandoning module FoliageEdit (508)
[2017.11.15-20.42.36:539][115]LogModuleManager: Shutting down and abandoning module LandscapeEditor (506)
[2017.11.15-20.42.36:545][115]LogModuleManager: Shutting down and abandoning module MeshPaintMode (504)
[2017.11.15-20.42.36:545][115]LogModuleManager: Shutting down and abandoning module SceneDepthPickerMode (502)
[2017.11.15-20.42.36:545][115]LogModuleManager: Shutting down and abandoning module ActorPickerMode (500)
[2017.11.15-20.42.36:545][115]LogModuleManager: Shutting down and abandoning module GeometryMode (498)
[2017.11.15-20.42.36:545][115]LogModuleManager: Shutting down and abandoning module TextureAlignMode (496)
[2017.11.15-20.42.36:545][115]LogModuleManager: Shutting down and abandoning module BspMode (494)
[2017.11.15-20.42.36:555][115]LogModuleManager: Shutting down and abandoning module HardwareSurvey (492)
[2017.11.15-20.42.36:555][115]LogModuleManager: Shutting down and abandoning module SequenceRecorderSections (490)
[2017.11.15-20.42.36:555][115]LogModuleManager: Shutting down and abandoning module AutomationWorker (488)
[2017.11.15-20.42.36:562][115]LogModuleManager: Shutting down and abandoning module MatineeToLevelSequence (486)
[2017.11.15-20.42.36:563][115]LogModuleManager: Shutting down and abandoning module LevelSequenceEditor (484)
[2017.11.15-20.42.36:609][115]LogModuleManager: Shutting down and abandoning module PlacementMode (483)
[2017.11.15-20.42.36:609][115]LogModuleManager: Shutting down and abandoning module WmfMediaFactory (480)
[2017.11.15-20.42.36:609][115]LogModuleManager: Shutting down and abandoning module WmfMediaEditor (478)
[2017.11.15-20.42.36:609][115]LogModuleManager: Shutting down and abandoning module AvfMediaFactory (476)
[2017.11.15-20.42.36:609][115]LogModuleManager: Shutting down and abandoning module AvfMediaEditor (474)
[2017.11.15-20.42.36:609][115]LogModuleManager: Shutting down and abandoning module AndroidMediaFactory (472)
[2017.11.15-20.42.36:609][115]LogModuleManager: Shutting down and abandoning module Media (471)
[2017.11.15-20.42.36:609][115]LogModuleManager: Shutting down and abandoning module AndroidMediaEditor (468)
[2017.11.15-20.42.36:609][115]LogModuleManager: Shutting down and abandoning module CharacterAI (466)
[2017.11.15-20.42.36:609][115]LogModuleManager: Shutting down and abandoning module AudioCapture (464)
[2017.11.15-20.42.36:622][115]LogModuleManager: Shutting down and abandoning module SequenceRecorder (463)
[2017.11.15-20.42.36:630][115]LogModuleManager: Shutting down and abandoning module SmartSnapping (460)
[2017.11.15-20.42.36:630][115]LogModuleManager: Shutting down and abandoning module SessionServices (458)
[2017.11.15-20.42.36:630][115]LogModuleManager: Shutting down and abandoning module ViewportSnapping (456)
[2017.11.15-20.42.36:630][115]LogModuleManager: Shutting down and abandoning module ViewportInteraction (454)
[2017.11.15-20.42.36:630][115]LogModuleManager: Shutting down and abandoning module ClothPainter (452)
[2017.11.15-20.42.36:648][115]LogModuleManager: Shutting down and abandoning module LogVisualizer (450)
[2017.11.15-20.42.36:655][115]LogModuleManager: Shutting down and abandoning module IntroTutorials (448)
[2017.11.15-20.42.36:670][115]LogModuleManager: Shutting down and abandoning module GameProjectGeneration (447)
[2017.11.15-20.42.36:684][115]LogModuleManager: Shutting down and abandoning module EditorLiveStreaming (444)
[2017.11.15-20.42.36:684][115]LogModuleManager: Shutting down and abandoning module IOSPlatformEditor (442)
[2017.11.15-20.42.36:688][115]LogModuleManager: Shutting down and abandoning module HTML5PlatformEditor (440)
[2017.11.15-20.42.36:688][115]LogModuleManager: Shutting down and abandoning module AndroidPlatformEditor (438)
[2017.11.15-20.42.36:688][115]LogModuleManager: Shutting down and abandoning module AndroidDeviceDetection (437)
[2017.11.15-20.42.37:192][115]LogModuleManager: Shutting down and abandoning module IOSRuntimeSettings (434)
[2017.11.15-20.42.37:192][115]LogModuleManager: Shutting down and abandoning module AndroidRuntimeSettings (432)
[2017.11.15-20.42.37:192][115]LogModuleManager: Shutting down and abandoning module InputBindingEditor (430)
[2017.11.15-20.42.37:220][115]LogModuleManager: Shutting down and abandoning module MergeActors (428)
[2017.11.15-20.42.37:224][115]LogModuleManager: Shutting down and abandoning module SizeMap (426)
[2017.11.15-20.42.37:224][115]LogModuleManager: Shutting down and abandoning module TreeMap (424)
[2017.11.15-20.42.37:232][115]LogModuleManager: Shutting down and abandoning module ReferenceViewer (422)
[2017.11.15-20.42.37:243][115]LogModuleManager: Shutting down and abandoning module LocalizationDashboard (420)
[2017.11.15-20.42.37:252][115]LogModuleManager: Shutting down and abandoning module LocalizationService (419)
[2017.11.15-20.42.37:259][115]LogModuleManager: Shutting down and abandoning module HardwareTargeting (416)
[2017.11.15-20.42.37:259][115]LogModuleManager: Shutting down and abandoning module DeviceProfileEditor (414)
[2017.11.15-20.42.37:266][115]LogModuleManager: Shutting down and abandoning module UndoHistory (412)
[2017.11.15-20.42.37:279][115]LogModuleManager: Shutting down and abandoning module UserFeedback (410)
[2017.11.15-20.42.37:279][115]LogModuleManager: Shutting down and abandoning module XmlParser (408)
[2017.11.15-20.42.37:279][115]LogModuleManager: Shutting down and abandoning module Blutility (406)
[2017.11.15-20.42.37:285][115]LogModuleManager: Shutting down and abandoning module ProjectSettingsViewer (404)
[2017.11.15-20.42.37:286][115]LogModuleManager: Shutting down and abandoning module ProjectTargetPlatformEditor (403)
[2017.11.15-20.42.37:286][115]LogModuleManager: Shutting down and abandoning module EditorSettingsViewer (400)
[2017.11.15-20.42.37:286][115]LogModuleManager: Shutting down and abandoning module SettingsEditor (398)
[2017.11.15-20.42.37:296][115]LogModuleManager: Shutting down and abandoning module ProjectLauncher (396)
[2017.11.15-20.42.37:302][115]LogModuleManager: Shutting down and abandoning module SessionFrontend (394)
[2017.11.15-20.42.37:307][115]LogModuleManager: Shutting down and abandoning module ProfilerClient (392)
[2017.11.15-20.42.37:314][115]LogModuleManager: Shutting down and abandoning module DeviceManager (390)
[2017.11.15-20.42.37:332][115]LogModuleManager: Shutting down and abandoning module TargetDeviceServices (389)
[2017.11.15-20.42.37:383][115]LogModuleManager: Shutting down and abandoning module AutomationController (386)
[2017.11.15-20.42.37:393][115]LogModuleManager: Shutting down and abandoning module AutomationWindow (384)
[2017.11.15-20.42.37:397][115]LogModuleManager: Shutting down and abandoning module Layers (382)
[2017.11.15-20.42.37:409][115]LogModuleManager: Shutting down and abandoning module ComponentVisualizers (380)
[2017.11.15-20.42.37:409][115]LogModuleManager: Shutting down and abandoning module DetailCustomizations (378)
[2017.11.15-20.42.37:418][115]LogModuleManager: Shutting down and abandoning module PackagesDialog (376)
[2017.11.15-20.42.37:418][115]LogModuleManager: Shutting down and abandoning module Persona (374)
[2017.11.15-20.42.37:432][115]LogModuleManager: Shutting down and abandoning module AdvancedPreviewScene (373)
[2017.11.15-20.42.37:433][115]LogModuleManager: Shutting down and abandoning module AnimGraph (371)
[2017.11.15-20.42.37:433][115]LogModuleManager: Shutting down and abandoning module Kismet (368)
[2017.11.15-20.42.37:446][115]LogModuleManager: Shutting down and abandoning module ClassViewer (366)
[2017.11.15-20.42.37:447][115]LogModuleManager: Shutting down and abandoning module Toolbox (364)
[2017.11.15-20.42.37:447][115]LogModuleManager: Shutting down and abandoning module ModuleUI (362)
[2017.11.15-20.42.37:457][115]LogModuleManager: Shutting down and abandoning module MovieSceneTools (360)
[2017.11.15-20.42.37:483][115]LogModuleManager: Shutting down and abandoning module OutputLog (358)
[2017.11.15-20.42.37:492][115]LogModuleManager: Shutting down and abandoning module GammaUI (356)
[2017.11.15-20.42.37:493][115]LogModuleManager: Shutting down and abandoning module Documentation (354)
[2017.11.15-20.42.37:493][115]LogModuleManager: Shutting down and abandoning module MovieSceneTracks (352)
[2017.11.15-20.42.37:493][115]LogModuleManager: Shutting down and abandoning module MovieScene (350)
[2017.11.15-20.42.37:493][115]LogModuleManager: Shutting down and abandoning module Niagara (348)
[2017.11.15-20.42.37:493][115]LogModuleManager: Shutting down and abandoning module NiagaraEditor (347)
[2017.11.15-20.42.37:517][115]LogModuleManager: Shutting down and abandoning module StreamingPauseRendering (344)
[2017.11.15-20.42.37:517][115]LogModuleManager: Shutting down and abandoning module AnalyticsET (342)
[2017.11.15-20.42.37:517][115]LogModuleManager: Shutting down and abandoning module PortalServices (340)
[2017.11.15-20.42.37:517][115]LogModuleManager: Shutting down and abandoning module PortalRpc (338)
[2017.11.15-20.42.37:517][115]LogModuleManager: Shutting down and abandoning module MessagingRpc (336)
[2017.11.15-20.42.37:517][115]LogModuleManager: Shutting down and abandoning module AIModule (334)
[2017.11.15-20.42.37:517][115]LogModuleManager: Shutting down and abandoning module GameplayDebugger (333)
[2017.11.15-20.42.37:517][115]LogModuleManager: Shutting down and abandoning module AITestSuite (331)
[2017.11.15-20.42.37:532][115]LogModuleManager: Shutting down and abandoning module ProfilerService (328)
[2017.11.15-20.42.37:696][115]LogModuleManager: Shutting down and abandoning module TaskGraph (326)
[2017.11.15-20.42.37:716][115]LogModuleManager: Shutting down and abandoning module SteamVRController (324)
[2017.11.15-20.42.37:716][115]LogModuleManager: Shutting down and abandoning module SteamVR (322)
[2017.11.15-20.42.37:716][115]LogModuleManager: Shutting down and abandoning module ProceduralMeshComponentEditor (320)
[2017.11.15-20.42.37:716][115]LogModuleManager: Shutting down and abandoning module ProceduralMeshComponent (318)
[2017.11.15-20.42.37:725][115]LogModuleManager: Shutting down and abandoning module OculusLibrary (316)
[2017.11.15-20.42.37:725][115]LogModuleManager: Shutting down and abandoning module OculusInput (314)
[2017.11.15-20.42.37:725][115]LogModuleManager: Shutting down and abandoning module MobilePatchingUtils (312)
[2017.11.15-20.42.37:725][115]LogModuleManager: Shutting down and abandoning module CustomMeshComponent (310)
[2017.11.15-20.42.37:725][115]LogModuleManager: Shutting down and abandoning module CableComponent (308)
[2017.11.15-20.42.37:725][115]LogModuleManager: Shutting down and abandoning module ArchVisCharacter (306)
[2017.11.15-20.42.37:725][115]LogModuleManager: Shutting down and abandoning module AndroidPermission (304)
[2017.11.15-20.42.37:725][115]LogModuleManager: Shutting down and abandoning module MediaPlayerEditor (300)
[2017.11.15-20.42.37:752][115]LogModuleManager: Shutting down and abandoning module HTML5Networking (298)
[2017.11.15-20.42.37:752][115]LogModuleManager: Shutting down and abandoning module AlembicImporter (296)
[2017.11.15-20.42.37:758][115]LogModuleManager: Shutting down and abandoning module AlembicLibrary (295)
[2017.11.15-20.42.37:758][115]LogModuleManager: Shutting down and abandoning module GeometryCache (294)
[2017.11.15-20.42.37:758][115]LogModuleManager: Shutting down and abandoning module GeometryCacheEd (293)
[2017.11.15-20.42.37:758][115]LogModuleManager: Shutting down and abandoning module SuperSearchEditor (288)
[2017.11.15-20.42.37:758][115]LogModuleManager: Shutting down and abandoning module SuperSearch (287)
[2017.11.15-20.42.37:758][115]LogModuleManager: Shutting down and abandoning module SpeedTreeImporter (284)
[2017.11.15-20.42.37:758][115]LogModuleManager: Shutting down and abandoning module PluginBrowser (282)
[2017.11.15-20.42.37:767][115]LogModuleManager: Shutting down and abandoning module MobileLauncherProfileWizard (280)
[2017.11.15-20.42.37:769][115]LogModuleManager: Shutting down and abandoning module VisualStudioSourceCodeAccess (278)
[2017.11.15-20.42.37:769][115]LogModuleManager: Shutting down and abandoning module DesktopPlatform (277)
[2017.11.15-20.42.37:769][115]LogModuleManager: Shutting down and abandoning module UObjectPlugin (274)
[2017.11.15-20.42.37:769][115]LogModuleManager: Shutting down and abandoning module SubversionSourceControl (272)
[2017.11.15-20.42.37:776][115]LogModuleManager: Shutting down and abandoning module PerforceSourceControl (270)
[2017.11.15-20.42.37:788][115]LogModuleManager: Shutting down and abandoning module GitSourceControl (268)
[2017.11.15-20.42.37:791][115]LogModuleManager: Shutting down and abandoning module SourceControl (267)
[2017.11.15-20.42.37:792][115]LogModuleManager: Shutting down and abandoning module LightPropagationVolumeEditor (264)
[2017.11.15-20.42.37:792][115]LogModuleManager: Shutting down and abandoning module PaperTiledImporter (262)
[2017.11.15-20.42.37:792][115]LogModuleManager: Shutting down and abandoning module PaperSpriteSheetImporter (260)
[2017.11.15-20.42.37:792][115]LogModuleManager: Shutting down and abandoning module Paper2DEditor (258)
[2017.11.15-20.42.37:808][115]LogModuleManager: Shutting down and abandoning module MeshPaint (257)
[2017.11.15-20.42.37:821][115]LogModuleManager: Shutting down and abandoning module LevelEditor (255)
[2017.11.15-20.42.37:823][115]LogModuleManager: Shutting down and abandoning module PixelInspectorModule (254)
[2017.11.15-20.42.37:837][115]LogModuleManager: Shutting down and abandoning module MainFrame (252)
[2017.11.15-20.42.37:845][115]LogModuleManager: Shutting down and abandoning module HotReload (251)
[2017.11.15-20.42.37:859][115]LogModuleManager: Shutting down and abandoning module PhysXVehiclesEditor (246)
[2017.11.15-20.42.37:869][115]LogModuleManager: Shutting down and abandoning module PhysXVehicles (244)
[2017.11.15-20.42.37:869][115]LogModuleManager: Shutting down and abandoning module LocationServicesBPLibrary (242)
[2017.11.15-20.42.37:869][115]LogModuleManager: Shutting down and abandoning module ImmediatePhysicsEditor (240)
[2017.11.15-20.42.37:869][115]LogModuleManager: Shutting down and abandoning module ImmediatePhysics (238)
[2017.11.15-20.42.37:872][115]LogModuleManager: Shutting down and abandoning module UdpMessaging (236)
[2017.11.15-20.42.37:972][115]LogModuleManager: Shutting down and abandoning module TcpMessaging (234)
[2017.11.15-20.42.38:080][115]LogModuleManager: Shutting down and abandoning module GameplayTagsEditor (232)
[2017.11.15-20.42.38:104][115]LogModuleManager: Shutting down and abandoning module FacialAnimationEditor (230)
[2017.11.15-20.42.38:104][115]LogModuleManager: Shutting down and abandoning module FacialAnimation (228)
[2017.11.15-20.42.38:104][115]LogModuleManager: Shutting down and abandoning module AssetManagerEditor (226)
[2017.11.15-20.42.38:108][115]LogModuleManager: Shutting down and abandoning module GraphEditor (225)
[2017.11.15-20.42.38:108][115]LogModuleManager: Shutting down and abandoning module ContentBrowser (223)
[2017.11.15-20.42.38:109][115]LogModuleManager: Shutting down and abandoning module LightPropagationVolumeRuntime (220)
[2017.11.15-20.42.38:109][115]LogModuleManager: Shutting down and abandoning module Paper2D (218)
[2017.11.15-20.42.38:113][115]LogModuleManager: Shutting down and abandoning module WindowsMoviePlayer (216)
[2017.11.15-20.42.38:113][115]LogModuleManager: Shutting down and abandoning module WmfMedia (214)
[2017.11.15-20.42.38:117][115]LogModuleManager: Shutting down and abandoning module ClothingSystemEditor (212)
[2017.11.15-20.42.38:117][115]LogModuleManager: Shutting down and abandoning module ClothingSystemRuntime (210)
[2017.11.15-20.42.38:117][115]LogModuleManager: Shutting down and abandoning module MediaAssets (208)
[2017.11.15-20.42.38:117][115]LogModuleManager: Shutting down and abandoning module GameLiveStreaming (206)
[2017.11.15-20.42.38:127][115]LogModuleManager: Shutting down and abandoning module VREditor (204)
[2017.11.15-20.42.38:134][115]LogModuleManager: Shutting down and abandoning module StringTableEditor (202)
[2017.11.15-20.42.38:142][115]LogModuleManager: Shutting down and abandoning module GameplayTasksEditor (200)
[2017.11.15-20.42.38:142][115]LogModuleManager: Shutting down and abandoning module BehaviorTreeEditor (198)
[2017.11.15-20.42.38:160][115]LogModuleManager: Shutting down and abandoning module FunctionalTesting (196)
[2017.11.15-20.42.38:160][115]LogModuleManager: Shutting down and abandoning module CollisionAnalyzer (194)
[2017.11.15-20.42.38:176][115]LogModuleManager: Shutting down and abandoning module UMG (192)
[2017.11.15-20.42.38:184][115]LogModuleManager: Shutting down and abandoning module UMGEditor (191)
[2017.11.15-20.42.38:255][115]LogModuleManager: Shutting down and abandoning module Sequencer (190)
[2017.11.15-20.42.38:270][115]LogModuleManager: Shutting down and abandoning module AssetTools (188)
[2017.11.15-20.42.38:309][115]LogModuleManager: Shutting down and abandoning module MessageLog (187)
[2017.11.15-20.42.38:309][115]LogModuleManager: Shutting down and abandoning module WorkspaceMenuStructure (186)
[2017.11.15-20.42.38:309][115]LogModuleManager: Shutting down and abandoning module SlateReflector (180)
[2017.11.15-20.42.38:333][115]LogModuleManager: Shutting down and abandoning module Slate (178)
[2017.11.15-20.42.38:333][115]LogModuleManager: Shutting down and abandoning module EditorStyle (176)
[2017.11.15-20.42.38:338][115]LogModuleManager: Shutting down and abandoning module SourceCodeAccess (174)
[2017.11.15-20.42.38:338][115]LogModuleManager: Shutting down and abandoning module HeadMountedDisplay (172)
[2017.11.15-20.42.38:338][115]LogModuleManager: Shutting down and abandoning module XAudio2 (170)
[2017.11.15-20.42.38:338][115]LogModuleManager: Shutting down and abandoning module Networking (168)
[2017.11.15-20.42.38:338][115]LogModuleManager: Shutting down and abandoning module Core (164)
[2017.11.15-20.42.38:338][115]LogModuleManager: Shutting down and abandoning module AssetRegistry (162)
[2017.11.15-20.42.38:845][115]LogDirectoryWatcher: A directory notification for '../../../Engine/Content/' was aborted.
[2017.11.15-20.42.38:845][115]LogDirectoryWatcher: A directory notification for 'E:/Year 2/FMP/RPG_Game/RPG_Game/Content/' was aborted.
[2017.11.15-20.42.38:845][115]LogDirectoryWatcher: A directory notification for '../../../Engine/Plugins/2D/Paper2D/Content/' was aborted.
[2017.11.15-20.42.38:845][115]LogDirectoryWatcher: A directory notification for '../../../Engine/Plugins/Runtime/GearVR/Content/' was aborted.
[2017.11.15-20.42.38:868][115]LogModuleManager: Shutting down and abandoning module DirectoryWatcher (161)
[2017.11.15-20.42.38:869][115]LogModuleManager: Shutting down and abandoning module KismetCompiler (158)
[2017.11.15-20.42.38:869][115]LogModuleManager: Shutting down and abandoning module LevelSequence (156)
[2017.11.15-20.42.38:869][115]LogModuleManager: Shutting down and abandoning module PhysXFormats (154)
[2017.11.15-20.42.38:869][115]LogModuleManager: Shutting down and abandoning module MeshUtilities (152)
[2017.11.15-20.42.38:878][115]LogModuleManager: Shutting down and abandoning module SimplygonSwarm (151)
[2017.11.15-20.42.38:887][115]LogModuleManager: Shutting down and abandoning module SimplygonMeshReduction (149)
[2017.11.15-20.42.38:887][115]LogModuleManager: Shutting down and abandoning module QuadricMeshReduction (147)
[2017.11.15-20.42.38:894][115]LogModuleManager: Shutting down and abandoning module DerivedDataCache (144)
[2017.11.15-20.42.38:944][115]LogDerivedDataCache: Shutdown
[2017.11.15-20.42.38:944][115]LogModuleManager: Shutting down and abandoning module TargetPlatform (142)
[2017.11.15-20.42.38:944][115]LogModuleManager: Shutting down and abandoning module VulkanShaderFormat (141)
[2017.11.15-20.42.38:953][115]LogModuleManager: Shutting down and abandoning module ShaderFormatVectorVM (139)
[2017.11.15-20.42.38:962][115]LogModuleManager: Shutting down and abandoning module ShaderFormatOpenGL (137)
[2017.11.15-20.42.38:965][115]LogModuleManager: Shutting down and abandoning module ShaderFormatD3D (135)
[2017.11.15-20.42.38:965][115]LogModuleManager: Shutting down and abandoning module MetalShaderFormat (133)
[2017.11.15-20.42.38:975][115]LogModuleManager: Shutting down and abandoning module TextureFormatUncompressed (131)
[2017.11.15-20.42.38:975][115]LogModuleManager: Shutting down and abandoning module TextureFormatPVR (129)
[2017.11.15-20.42.38:975][115]LogModuleManager: Shutting down and abandoning module TextureFormatDXT (127)
[2017.11.15-20.42.38:975][115]LogModuleManager: Shutting down and abandoning module TextureFormatIntelISPCTexComp (125)
[2017.11.15-20.42.38:975][115]LogModuleManager: Shutting down and abandoning module TextureFormatASTC (123)
[2017.11.15-20.42.38:975][115]LogModuleManager: Shutting down and abandoning module ImageWrapper (122)
[2017.11.15-20.42.38:975][115]LogModuleManager: Shutting down and abandoning module TextureFormatAndroid (119)
[2017.11.15-20.42.38:975][115]LogModuleManager: Shutting down and abandoning module AudioFormatOpus (117)
[2017.11.15-20.42.38:975][115]LogModuleManager: Shutting down and abandoning module AudioFormatOgg (115)
[2017.11.15-20.42.38:975][115]LogModuleManager: Shutting down and abandoning module AudioFormatADPCM (113)
[2017.11.15-20.42.38:975][115]LogModuleManager: Shutting down and abandoning module LinuxTargetPlatform (111)
[2017.11.15-20.42.38:975][115]LogModuleManager: Shutting down and abandoning module LinuxServerTargetPlatform (109)
[2017.11.15-20.42.38:975][115]LogModuleManager: Shutting down and abandoning module LinuxNoEditorTargetPlatform (107)
[2017.11.15-20.42.38:975][115]LogModuleManager: Shutting down and abandoning module LinuxClientTargetPlatform (105)
[2017.11.15-20.42.38:975][115]LogModuleManager: Shutting down and abandoning module TVOSTargetPlatform (103)
[2017.11.15-20.42.38:975][115]LogModuleManager: Shutting down and abandoning module Messaging (101)
[2017.11.15-20.42.38:975][115]LogModuleManager: Shutting down and abandoning module IOSTargetPlatform (99)
[2017.11.15-20.42.38:975][115]LogModuleManager: Shutting down and abandoning module HTML5TargetPlatform (97)
[2017.11.15-20.42.38:975][115]LogModuleManager: Shutting down and abandoning module Android_PVRTCTargetPlatform (95)
[2017.11.15-20.42.38:975][115]LogModuleManager: Shutting down and abandoning module Android_MultiTargetPlatform (93)
[2017.11.15-20.42.38:975][115]LogModuleManager: Shutting down and abandoning module Android_ETC2TargetPlatform (91)
[2017.11.15-20.42.38:975][115]LogModuleManager: Shutting down and abandoning module Android_ETC1TargetPlatform (89)
[2017.11.15-20.42.38:975][115]LogModuleManager: Shutting down and abandoning module Android_DXTTargetPlatform (87)
[2017.11.15-20.42.38:975][115]LogModuleManager: Shutting down and abandoning module Android_ATCTargetPlatform (85)
[2017.11.15-20.42.38:975][115]LogModuleManager: Shutting down and abandoning module Android_ASTCTargetPlatform (83)
[2017.11.15-20.42.38:975][115]LogModuleManager: Shutting down and abandoning module AndroidTargetPlatform (81)
[2017.11.15-20.42.38:975][115]LogModuleManager: Shutting down and abandoning module WindowsTargetPlatform (79)
[2017.11.15-20.42.38:976][115]LogModuleManager: Shutting down and abandoning module WindowsServerTargetPlatform (77)
[2017.11.15-20.42.38:976][115]LogModuleManager: Shutting down and abandoning module WindowsNoEditorTargetPlatform (75)
[2017.11.15-20.42.38:976][115]LogModuleManager: Shutting down and abandoning module WindowsClientTargetPlatform (73)
[2017.11.15-20.42.38:976][115]LogModuleManager: Shutting down and abandoning module MacTargetPlatform (71)
[2017.11.15-20.42.38:976][115]LogModuleManager: Shutting down and abandoning module MacServerTargetPlatform (69)
[2017.11.15-20.42.38:976][115]LogModuleManager: Shutting down and abandoning module MacNoEditorTargetPlatform (67)
[2017.11.15-20.42.38:976][115]LogModuleManager: Shutting down and abandoning module MacClientTargetPlatform (65)
[2017.11.15-20.42.38:976][115]LogModuleManager: Shutting down and abandoning module AllDesktopTargetPlatform (63)
[2017.11.15-20.42.38:976][115]LogModuleManager: Shutting down and abandoning module InputCore (60)
[2017.11.15-20.42.38:976][115]LogModuleManager: Shutting down and abandoning module Settings (58)
[2017.11.15-20.42.38:976][115]LogModuleManager: Shutting down and abandoning module OculusRift (56)
[2017.11.15-20.42.38:982][115]LogModuleManager: Shutting down and abandoning module GearVRController (54)
[2017.11.15-20.42.38:982][115]LogModuleManager: Shutting down and abandoning module GearVR (52)
[2017.11.15-20.42.39:002][115]LogModuleManager: Shutting down and abandoning module ExampleDeviceProfileSelector (50)
[2017.11.15-20.42.39:002][115]LogModuleManager: Shutting down and abandoning module OnlineBlueprintSupport (48)
[2017.11.15-20.42.39:002][115]LogModuleManager: Shutting down and abandoning module OnlineSubsystem (44)
[2017.11.15-20.42.39:002][115]LogOnline:Display: Unloading online subsystem: NULL
[2017.11.15-20.42.39:029][115]LogModuleManager: Shutting down and abandoning module XMPP (43)
[2017.11.15-20.42.39:044][115]LogModuleManager: Shutting down and abandoning module HTTP (41)
[2017.11.15-20.42.39:044][115]LogHttp:Display: Http module shutting down, but needs to wait on 1 outstanding Http requests:
[2017.11.15-20.42.39:048][115]LogHttp:Display: 	verb=[POST] url=[https://datarouter.ol.epicgames.com/datarouter/api/v1/public/data?SessionID=%7B2B5388A9-43BE-6598-9A25-DEA54B2DB182%7D&AppID=UEEditor.Rocket.Release&AppVersion=4.16.3-3561208%2B%2B%2BUE4%2BRelease-4.16&UserID=4633f9524e06440c6e76f28cf285b8ae%7C3996f32fd2fe4f04a289bdcb1f9016df%7Cd35f91c7-4e6c-478a-b9f5-ce22f1949bcb&AppEnvironment=datacollector-binary&UploadType=eteventstream] status=Processing
[2017.11.15-20.42.39:072][115]LogModuleManager: Shutting down and abandoning module SSL (40)
[2017.11.15-20.42.39:082][115]LogModuleManager: Shutting down and abandoning module HTTPChunkInstaller (36)
[2017.11.15-20.42.39:097][115]LogModuleManager: Shutting down and abandoning module AnimationModifiers (34)
[2017.11.15-20.42.39:106][115]LogModuleManager: Shutting down and abandoning module PropertyEditor (33)
[2017.11.15-20.42.39:106][115]LogModuleManager: Shutting down and abandoning module AudioEditor (30)
[2017.11.15-20.42.39:111][115]LogModuleManager: Shutting down and abandoning module TextureCompressor (28)
[2017.11.15-20.42.39:111][115]LogModuleManager: Shutting down and abandoning module ShaderCore (26)
[2017.11.15-20.42.39:111][115]LogModuleManager: Shutting down and abandoning module Landscape (24)
[2017.11.15-20.42.39:111][115]LogModuleManager: Shutting down and abandoning module SlateRHIRenderer (22)
[2017.11.15-20.42.39:124][115]LogModuleManager: Shutting down and abandoning module OpenGLDrv (20)
[2017.11.15-20.42.39:137][115]LogModuleManager: Shutting down and abandoning module D3D11RHI (18)
[2017.11.15-20.42.39:137][115]LogModuleManager: Shutting down and abandoning module AnimGraphRuntime (16)
[2017.11.15-20.42.39:150][115]LogModuleManager: Shutting down and abandoning module Renderer (14)
[2017.11.15-20.42.39:150][115]LogModuleManager: Shutting down and abandoning module Engine (12)
[2017.11.15-20.42.39:150][115]LogModuleManager: Shutting down and abandoning module CoreUObject (10)
[2017.11.15-20.42.39:150][115]LogModuleManager: Shutting down and abandoning module NetworkFile (8)
[2017.11.15-20.42.39:150][115]LogModuleManager: Shutting down and abandoning module StreamingFile (6)
[2017.11.15-20.42.39:150][115]LogModuleManager: Shutting down and abandoning module SandboxFile (4)
[2017.11.15-20.42.39:150][115]LogModuleManager: Shutting down and abandoning module PakFile (2)
[2017.11.15-20.42.39:154][115]LogExit: Exiting.
[2017.11.15-20.42.39:171][115]Log file closed, 11/15/17 20:42:39
