Log file open, 11/27/17 14:05:18
LogInit:Display: Running engine for game: RPG_Game
LogPlatformFile: Not using cached read wrapper
LogInit:Display: RandInit(-843410021) SRandInit(-843410021).
LogTaskGraph: Started task graph with 5 named threads and 8 total threads with 1 sets of task threads.
LogStats: Stats thread started at 0.096986
LogInit: Using libcurl 7.47.1
LogInit:  - built for x86_64-pc-win32
LogInit:  - supports SSL with OpenSSL/1.0.2g
LogInit:  - supports HTTP deflate (compression) using libz 1.2.8
LogInit:  - other features:
LogInit:      CURL_VERSION_SSL
LogInit:      CURL_VERSION_LIBZ
LogInit:      CURL_VERSION_IPV6
LogInit:      CURL_VERSION_ASYNCHDNS
LogInit:      CURL_VERSION_LARGEFILE
LogInit:      CURL_VERSION_IDN
LogInit:  CurlRequestOptions (configurable via config and command line):
LogInit:  - bVerifyPeer = false  - Libcurl will NOT verify peer certificate
LogInit:  - bUseHttpProxy = false  - Libcurl will NOT use HTTP proxy
LogInit:  - bDontReuseConnections = false  - Libcurl will reuse connections
LogInit:  - CertBundlePath = nullptr  - Libcurl will use whatever was configured at build time.
LogInit: Build: ++UE4+Release-4.16-CL-3561208
LogInit: Engine Version: 4.16.3-3561208+++UE4+Release-4.16
LogInit: Compatible Engine Version: 4.16.0-3452394+++UE4+Release-4.16
LogInit: Net CL: 3452394
LogDevObjectVersion: Number of dev versions registered: 16
LogDevObjectVersion:   Dev-Blueprints (B0D832E4-1F89-4F0D-ACCF-7EB736FD4AA2): 9
LogDevObjectVersion:   Dev-Build (E1C64328-A22C-4D53-A36C-8E866417BD8C): 0
LogDevObjectVersion:   Dev-Core (375EC13C-06E4-48FB-B500-84F0262A717E): 2
LogDevObjectVersion:   Dev-Editor (E4B068ED-F494-42E9-A231-DA0B2E46BB41): 17
LogDevObjectVersion:   Dev-Framework (CFFC743F-43B0-4480-9391-14DF171D2073): 23
LogDevObjectVersion:   Dev-Mobile (B02B49B5-BB20-44E9-A304-32B752E40360): 0
LogDevObjectVersion:   Dev-Networking (A4E4105C-59A1-49B5-A7C5-40C4547EDFEE): 0
LogDevObjectVersion:   Dev-Online (39C831C9-5AE6-47DC-9A44-9C173E1C8E7C): 0
LogDevObjectVersion:   Dev-Physics (78F01B33-EBEA-4F98-B9B4-84EACCB95AA2): 0
LogDevObjectVersion:   Dev-Platform (6631380F-2D4D-43E0-8009-CF276956A95A): 0
LogDevObjectVersion:   Dev-Rendering (12F88B9F-8875-4AFC-A67C-D90C383ABD29): 15
LogDevObjectVersion:   Dev-Sequencer (7B5AE74C-D270-4C10-A958-57980B212A5A): 4
LogDevObjectVersion:   Dev-VR (D7296918-1DD6-4BDD-9DE2-64A83CC13884): 0
LogDevObjectVersion:   Dev-LoadTimes (C2A15278-BFE7-4AFE-6C17-90FF531DF755): 1
LogDevObjectVersion:   Private-Geometry (6EACA3D4-40EC-4CC1-B786-8BED09428FC5): 1
LogDevObjectVersion:   Dev-AnimPhys (29E575DD-E0A3-4627-9D10-D276232CDCEA): 3
LogInit: Compiled (64-bit): Jul 28 2017 11:49:47
LogInit: Compiled with Visual C++: 19.00.24215.01
LogInit: Build Configuration: Development
LogInit: Branch Name: ++UE4+Release-4.16
LogInit: Command line:  
LogInit: Base directory: D:/Games/UE_4.16/Engine/Binaries/Win64/
LogInit: Installed Engine Build: 1
LogInit: Presizing for max 8388607 objects, including 0 objects not considered by GC, pre-allocating 0 bytes for permanent pool.
LogInit: Object subsystem initialized
[2017.11.27-14.05.18:583][  0]LogInit: Selected Device Profile: [Windows]
[2017.11.27-14.05.18:583][  0]LogInit: Applying CVar settings loaded from the selected device profile: [Windows]
[2017.11.27-14.05.18:598][  0]LogInit: Computer: SONOFMORT
[2017.11.27-14.05.18:598][  0]LogInit: User: Jordan
[2017.11.27-14.05.18:598][  0]LogInit: CPU Page size=4096, Cores=4
[2017.11.27-14.05.18:598][  0]LogInit: High frequency timer resolution =3.320332 MHz
[2017.11.27-14.05.18:598][  0]LogMemory: Memory total: Physical=16.0GB (16GB approx)
[2017.11.27-14.05.18:598][  0]LogMemory: Platform Memory Stats for Windows
[2017.11.27-14.05.18:598][  0]LogMemory: Process Physical Memory: 275.25 MB used, 275.25 MB peak
[2017.11.27-14.05.18:598][  0]LogMemory: Process Virtual Memory: 266.71 MB used, 266.71 MB peak
[2017.11.27-14.05.18:598][  0]LogMemory: Physical Memory: 6024.48 MB used,  10308.90 MB free, 16333.39 MB total
[2017.11.27-14.05.18:598][  0]LogMemory: Virtual Memory: 667.52 MB used,  10308.90 MB free, 134217728.00 MB total
[2017.11.27-14.05.18:672][  0]LogInit: Using OS detected language (en-US).
[2017.11.27-14.05.18:672][  0]LogInit: Using OS detected locale (en-GB).
[2017.11.27-14.05.18:677][  0]LogTextLocalizationManager: No specific localization for 'en-US' exists, so the 'en' localization will be used.
[2017.11.27-14.05.19:777][  0]LogD3D11RHI: D3D11 adapters:
[2017.11.27-14.05.19:831][  0]LogD3D11RHI:    0. 'NVIDIA GeForce GTX 1070' (Feature Level 11_0)
[2017.11.27-14.05.19:831][  0]LogD3D11RHI:       8096/0/8166 MB DedicatedVideo/DedicatedSystem/SharedSystem, Outputs:2, VendorId:0x10de
[2017.11.27-14.05.19:833][  0]LogD3D11RHI:    1. 'Microsoft Basic Render Driver' (Feature Level 11_0)
[2017.11.27-14.05.19:833][  0]LogD3D11RHI:       0/0/8166 MB DedicatedVideo/DedicatedSystem/SharedSystem, Outputs:0, VendorId:0x1414
[2017.11.27-14.05.19:833][  0]LogD3D11RHI: Chosen D3D11 Adapter: 0
[2017.11.27-14.05.19:839][  0]LogD3D11RHI: Creating new Direct3DDevice
[2017.11.27-14.05.19:839][  0]LogD3D11RHI:     GPU DeviceId: 0x1b81 (for the marketing name, search the web for "GPU Device Id")
[2017.11.27-14.05.19:839][  0]LogWindows: EnumDisplayDevices:
[2017.11.27-14.05.19:839][  0]LogWindows:    0. 'NVIDIA GeForce GTX 1070' (P:1 D:1)
[2017.11.27-14.05.19:839][  0]LogWindows:    1. 'NVIDIA GeForce GTX 1070' (P:0 D:1)
[2017.11.27-14.05.19:840][  0]LogWindows:    2. 'NVIDIA GeForce GTX 1070' (P:0 D:0)
[2017.11.27-14.05.19:840][  0]LogWindows:    3. 'NVIDIA GeForce GTX 1070' (P:0 D:0)
[2017.11.27-14.05.19:840][  0]LogWindows: DebugString: GetVideoDriverDetailsInvalid PrimaryIsNotTheChoosenAdapter GetVideoDriverDetailsInvalid PrimaryIsNotTheChoosenAdapter GetVideoDriverDetailsInvalid PrimaryIsNotTheChoosenAdapter GetVideoDriverDetailsInvalid PrimaryIsNotTheChoosenAdapter FoundDriverCount:0 
[2017.11.27-14.05.19:840][  0]LogD3D11RHI:     Adapter Name: NVIDIA GeForce GTX 1070
[2017.11.27-14.05.19:840][  0]LogD3D11RHI:   Driver Version: Unknown (internal:Unknown, unified:Unknown)
[2017.11.27-14.05.19:840][  0]LogD3D11RHI:      Driver Date: Unknown
[2017.11.27-14.05.19:840][  0]LogRHI: Texture pool is 1361 MB (70% of 1945 MB)
[2017.11.27-14.05.19:868][  0]LogD3D11RHI: Async texture creation enabled
[2017.11.27-14.05.19:887][  0]LogD3D11RHI: GPU Timing Frequency: 1000.000000 (Debug: 2 1)
[2017.11.27-14.05.19:980][  0]LogShaderCompilers: Guid format shader working directory is 16 characters bigger than the processId version (E:/Year 2/FMP/RPG_Game/RPG_Game/Intermediate/Shaders/WorkingDirectory/5552/).
[2017.11.27-14.05.19:980][  0]LogShaderCompilers: Cleaned the shader compiler working directory 'C:/Users/Jordan/AppData/Local/Temp/UnrealShaderWorkingDir/FA7B7AC2468CE855531968B4F2D9895F/'.
[2017.11.27-14.05.19:980][  0]LogShaderCompilers:Display: Using Local Shader Compiler.
[2017.11.27-14.05.21:146][  0]LogTemp:Display: Loaded TP AllDesktopTargetPlatform
[2017.11.27-14.05.21:201][  0]LogTemp:Display: Loaded TP MacClientTargetPlatform
[2017.11.27-14.05.21:259][  0]LogTemp:Display: Loaded TP MacNoEditorTargetPlatform
[2017.11.27-14.05.21:316][  0]LogTemp:Display: Loaded TP MacServerTargetPlatform
[2017.11.27-14.05.21:375][  0]LogTemp:Display: Loaded TP MacTargetPlatform
[2017.11.27-14.05.21:430][  0]LogTemp:Display: Loaded TP WindowsClientTargetPlatform
[2017.11.27-14.05.21:488][  0]LogTemp:Display: Loaded TP WindowsNoEditorTargetPlatform
[2017.11.27-14.05.21:546][  0]LogTemp:Display: Loaded TP WindowsServerTargetPlatform
[2017.11.27-14.05.21:594][  0]LogTemp:Display: Loaded TP WindowsTargetPlatform
[2017.11.27-14.05.21:651][  0]LogTemp:Display: Loaded TP AndroidTargetPlatform
[2017.11.27-14.05.21:705][  0]LogTemp:Display: Loaded TP Android_ASTCTargetPlatform
[2017.11.27-14.05.21:760][  0]LogTemp:Display: Loaded TP Android_ATCTargetPlatform
[2017.11.27-14.05.21:816][  0]LogTemp:Display: Loaded TP Android_DXTTargetPlatform
[2017.11.27-14.05.21:874][  0]LogTemp:Display: Loaded TP Android_ETC1TargetPlatform
[2017.11.27-14.05.21:927][  0]LogTemp:Display: Loaded TP Android_ETC2TargetPlatform
[2017.11.27-14.05.22:038][  0]LogTemp:Display: Loaded TP Android_MultiTargetPlatform
[2017.11.27-14.05.22:038][  0]LogTemp:Display: Loaded TP Android_PVRTCTargetPlatform
[2017.11.27-14.05.22:082][  0]LogTemp:Display: Loaded TP HTML5TargetPlatform
[2017.11.27-14.05.22:178][  0]LogTemp:Display: Loaded TP IOSTargetPlatform
[2017.11.27-14.05.22:210][  0]LogTemp:Display: Loaded TP TVOSTargetPlatform
[2017.11.27-14.05.22:268][  0]LogTemp:Display: Loaded TP LinuxClientTargetPlatform
[2017.11.27-14.05.22:322][  0]LogTemp:Display: Loaded TP LinuxNoEditorTargetPlatform
[2017.11.27-14.05.22:381][  0]LogTemp:Display: Loaded TP LinuxServerTargetPlatform
[2017.11.27-14.05.22:442][  0]LogTemp:Display: Loaded TP LinuxTargetPlatform
[2017.11.27-14.05.22:442][  0]LogTargetPlatformManager:Display: Building Assets For Windows
[2017.11.27-14.05.23:087][  0]LogDerivedDataCache:Display: Max Cache Size: 512 MB
[2017.11.27-14.05.23:174][  0]LogDerivedDataCache: Loaded boot cache 0.09s 90MB C:/Users/Jordan/AppData/Local/UnrealEngine/4.16/DerivedDataCache/Boot.ddc.
[2017.11.27-14.05.23:174][  0]LogDerivedDataCache:Display: Loaded Boot cache: C:/Users/Jordan/AppData/Local/UnrealEngine/4.16/DerivedDataCache/Boot.ddc
[2017.11.27-14.05.23:174][  0]LogDerivedDataCache: FDerivedDataBackendGraph:  Pak pak cache file E:/Year 2/FMP/RPG_Game/RPG_Game/DerivedDataCache/DDC.ddp not found, will not use a pak cache.
[2017.11.27-14.05.23:174][  0]LogDerivedDataCache: Unable to find inner node Pak for hierarchical cache Hierarchy.
[2017.11.27-14.05.23:174][  0]LogDerivedDataCache: FDerivedDataBackendGraph:  CompressedPak pak cache file E:/Year 2/FMP/RPG_Game/RPG_Game/DerivedDataCache/Compressed.ddp not found, will not use a pak cache.
[2017.11.27-14.05.23:174][  0]LogDerivedDataCache: Unable to find inner node CompressedPak for hierarchical cache Hierarchy.
[2017.11.27-14.05.23:193][  0]LogDerivedDataCache:Display: Pak cache opened for reading ../../../Engine/DerivedDataCache/Compressed.ddp.
[2017.11.27-14.05.23:206][  0]LogDerivedDataCache: Using Local data cache path C:/Users/Jordan/AppData/Local/UnrealEngine/Common/DerivedDataCache: Writable
[2017.11.27-14.05.23:218][  0]LogMaterial: Verifying Global Shaders for PCD3D_SM5
[2017.11.27-14.05.23:218][  0]LogSlate: Using Freetype 2.6.0
[2017.11.27-14.05.23:220][  0]LogSlate: SlateFontCache - WITH_FREETYPE: 1, WITH_HARFBUZZ: 1
[2017.11.27-14.05.23:220][  0]LogSlate: SlateFontCache - WITH_FREETYPE: 1, WITH_HARFBUZZ: 1
[2017.11.27-14.05.23:704][  0]LogInit: Selected Device Profile: [Windows]
[2017.11.27-14.05.23:864][  0]LogContentStreaming: Texture pool size is 0.00 MB
[2017.11.27-14.05.24:052][  0]LogMeshUtilities: Using QuadricMeshReduction for automatic static mesh reduction
[2017.11.27-14.05.24:103][  0]LogSimplygon: Simplygon DLL not present - disabling.
[2017.11.27-14.05.24:204][  0]LogMeshUtilities: Using SimplygonSwarm for distributed automatic mesh merging
[2017.11.27-14.05.24:204][  0]LogMeshUtilities: No automatic skeletal mesh reduction module available
[2017.11.27-14.05.24:204][  0]LogMeshUtilities: No automatic mesh merging module available
[2017.11.27-14.05.24:958][  0]LogNetVersion: RPG_Game , NetCL: 3452394, EngineNetVer: 2, GameNetVer: 0 (Checksum: 2586067795)
[2017.11.27-14.05.25:020][  0]LogAssetRegistry: FAssetRegistry took 0.0260 seconds to start up
[2017.11.27-14.05.25:119][  0]LogPackageLocalizationCache: Processed 4 localized package path(s) for 2 prioritized culture(s) in 0.077926 seconds
[2017.11.27-14.05.25:126][  0]LogUObjectArray: 34194 objects as part of root set at end of initial load.
[2017.11.27-14.05.25:126][  0]LogUObjectAllocator: 7260416 out of 0 bytes used by permanent object pool.
[2017.11.27-14.05.25:126][  0]LogUObjectArray: CloseDisregardForGC: 0/0 objects in disregard for GC pool
[2017.11.27-14.05.25:209][  0]LogInit: WinSock: version 1.1 (2.2), MaxSocks=32767, MaxUdp=65467
[2017.11.27-14.05.28:669][  0]LogTcpMessaging: Initializing TcpMessaging bridge
[2017.11.27-14.05.28:740][  0]LogUdpMessaging: Initializing bridge on interface 0.0.0.0:0 to multicast group 230.0.0.1:6666.
[2017.11.27-14.05.29:504][  0]LogMaterial: Uniform references updated for custom material expression Custom.
[2017.11.27-14.05.30:060][  0]SourceControl: Info Source control is disabled
[2017.11.27-14.05.33:626][  0]LogAndroidPermission: UAndroidPermissionCallbackProxy::GetInstance
[2017.11.27-14.05.34:882][  0]LogEngine: Initializing Engine...
[2017.11.27-14.05.34:884][  0]LogHMD: Failed to initialize OpenVR with code 110
[2017.11.27-14.05.35:231][  0]LogStats: UGameplayTagsManager::ConstructGameplayTagTree: Construct from data asset -  0.000 s
[2017.11.27-14.05.35:231][  0]LogStats: UGameplayTagsManager::ConstructGameplayTagTree: GameplayTagTreeChangedEvent.Broadcast -  0.000 s
[2017.11.27-14.05.35:549][  0]LogAIModule: Creating AISystem for world Untitled
[2017.11.27-14.05.35:579][  0]LogInit: XAudio2 using 'Headset Earphone (Corsair VOID RGB USB Gaming Headset)' : 6 channels at 48 kHz using 16 bits per sample (channel mask 0x3f)
[2017.11.27-14.05.35:613][  0]LogInit: FAudioDevice initialized.
[2017.11.27-14.05.35:707][  0]LogDerivedDataCache: Saved boot cache 0.09s 90MB C:/Users/Jordan/AppData/Local/UnrealEngine/4.16/DerivedDataCache/Boot.ddc.
[2017.11.27-14.05.35:719][  0]LogInit: Texture streaming: Enabled
[2017.11.27-14.05.35:882][  0]LogEngineSessionManager: EngineSessionManager initialized
[2017.11.27-14.05.36:312][  0]LogInit: Transaction tracking system initialized
[2017.11.27-14.05.36:987][  0]BlueprintLog: New page: Editor Load
[2017.11.27-14.05.38:837][  0]LocalizationService: Info Localization service is disabled
[2017.11.27-14.05.40:280][  0]LogConsoleResponse:Display: 
[2017.11.27-14.05.40:523][  0]LogCook:Display: Max memory allowance for cook 16384mb min free memory 0mb
[2017.11.27-14.05.40:524][  0]LogCook:Display: Mobile HDR setting 1
[2017.11.27-14.05.41:028][  0]LogFileCache: Scanning file cache for directory 'E:/Year 2/FMP/RPG_Game/RPG_Game/Content/' took 0.08s
[2017.11.27-14.05.42:293][  0]Cmd: MAP LOAD FILE="E:/Year 2/FMP/RPG_Game/RPG_Game/Content/Maps/Tutorial.umap" TEMPLATE=0 SHOWPROGRESS=1 FEATURELEVEL=3
[2017.11.27-14.05.42:293][  0]LightingResults: New page: Lighting Build
[2017.11.27-14.05.42:337][  0]MapCheck: New page: Map Check
[2017.11.27-14.05.42:337][  0]LightingResults: New page: Lighting Build
[2017.11.27-14.05.43:103][  0]LogStaticMesh: Building static mesh M_Door...
[2017.11.27-14.05.43:166][  0]LogStaticMesh: Built static mesh [0.06s] /Game/Interactables/Door01/Mesh/M_Door.M_Door
[2017.11.27-14.05.43:204][  0]LogTexture:Display: Building textures: HQ_Lightmap0_1 (AutoDXT, 512X512)
[2017.11.27-14.05.43:467][  0]LogTexture:Display: Building textures: HQ_Lightmap0_2 (AutoDXT, 128X128)
[2017.11.27-14.05.43:481][  0]LogTexture:Display: Building textures: HQ_Lightmap0_3 (AutoDXT, 64X64)
[2017.11.27-14.05.43:489][  0]LogTexture:Display: Building textures: LQ_Lightmap_0_1 (DXT1, 512X512)
[2017.11.27-14.05.43:688][  0]LogTexture:Display: Building textures: LQ_Lightmap_0_2 (DXT1, 128X128)
[2017.11.27-14.05.43:691][  0]LogTexture:Display: Building textures: LQ_Lightmap_0_3 (DXT1, 64X64)
[2017.11.27-14.05.43:697][  0]LogTexture:Display: Building textures: SkyOcclusion0_1 (AutoDXT, 512X256)
[2017.11.27-14.05.43:864][  0]LogTexture:Display: Building textures: SkyOcclusion0_2 (AutoDXT, 128X64)
[2017.11.27-14.05.43:871][  0]LogTexture:Display: Building textures: SkyOcclusion0_3 (AutoDXT, 64X32)
[2017.11.27-14.05.43:878][  0]LogTexture:Display: Building textures: ShadowMapTexture2D_0 (G8, 512X64)
[2017.11.27-14.05.43:879][  0]LogTexture:Display: Building textures: ShadowMapTexture2D_1 (G8, 64X64)
[2017.11.27-14.05.43:892][  0]LogTexture:Display: Building textures: Diffuse_Door (AutoDXT, 1024X1024)
[2017.11.27-14.05.44:080][  0]LogMaterial: Missing cached shader map for material MAT_Door, compiling. 
[2017.11.27-14.05.44:394][  0]LogAIModule: Creating AISystem for world Tutorial
[2017.11.27-14.05.44:465][  0]LogEditorServer: Finished looking for orphan Actors (0.000 secs)
[2017.11.27-14.05.44:486][  0]Cmd: MAP CHECKDEP NOCLEARLOG
[2017.11.27-14.05.44:728][  0]MapCheck: Info Map check complete: 0 Error(s), 0 Warning(s), took 242.344ms to complete.
[2017.11.27-14.05.44:728][  0]LogFileHelpers: Loading map 'Tutorial' took 2.436
[2017.11.27-14.05.44:827][  0]LogWindowsTextInputMethodSystem:Display: IME system now deactivated.
[2017.11.27-14.05.44:995][  0]LogCollectionManager: Loaded 0 collections in 0.001910 seconds
[2017.11.27-14.05.45:109][  0]LogFileCache: Scanning file cache for directory 'E:/Year 2/FMP/RPG_Game/RPG_Game/Saved/Collections/' took 0.01s
[2017.11.27-14.05.45:109][  0]LogFileCache: Scanning file cache for directory 'E:/Year 2/FMP/RPG_Game/RPG_Game/Content/Developers/Jordan/Collections/' took 0.01s
[2017.11.27-14.05.45:109][  0]LogFileCache: Scanning file cache for directory 'E:/Year 2/FMP/RPG_Game/RPG_Game/Content/Collections/' took 0.01s
[2017.11.27-14.05.45:109][  0]LogCollectionManager: Rebuilt the GUID cache for 0 collections in 0.000002 seconds
[2017.11.27-14.05.45:126][  0]LogContentBrowser: Native class hierarchy populated in 0.0161 seconds. Added 2329 classes and 491 folders.
[2017.11.27-14.05.45:235][  0]LogContentBrowser: Native class hierarchy updated for 'WidgetCarousel' in 0.0008 seconds. Added 0 classes and 0 folders.
[2017.11.27-14.05.45:346][  0]LogContentBrowser: Native class hierarchy updated for 'AddContentDialog' in 0.0006 seconds. Added 0 classes and 0 folders.
[2017.11.27-14.05.45:406][  0]LogContentBrowser: Native class hierarchy updated for 'SceneOutliner' in 0.0008 seconds. Added 1 classes and 2 folders.
[2017.11.27-14.05.45:454][  0]LogCrashTracker: Crashtracker disabled due to settings.
[2017.11.27-14.05.46:827][  0]LogSlate: Only BGRA pngs, bmps or icos are supported in by External Image Picker
[2017.11.27-14.05.46:881][  0]LogSlate: Took 0.000529 seconds to synchronously load lazily loaded font '../../../Engine/Content/Slate/Fonts/Roboto-Regular.ttf' (155K)
[2017.11.27-14.05.46:885][  0]LogSlate: Took 0.000357 seconds to synchronously load lazily loaded font '../../../Engine/Content/Slate/Fonts/Roboto-Bold.ttf' (160K)
[2017.11.27-14.05.46:888][  0]LogSlate: Took 0.000327 seconds to synchronously load lazily loaded font '../../../Engine/Content/Editor/Slate/Fonts/FontAwesome.ttf' (139K)
[2017.11.27-14.05.47:064][  0]LogTemp: Executing iPhonePackager certificates Engine -bundlename com.YourCompany.RPGGame
[2017.11.27-14.05.47:064][  0]LogTemp: CWD: D:\Games\UE_4.16\Engine\Binaries\DotNET\IOS
[2017.11.27-14.05.47:064][  0]LogTemp: Initial Dir: D:\Games\UE_4.16
[2017.11.27-14.05.47:064][  0]LogTemp: Env CWD: D:\Games\UE_4.16\Engine\Binaries\DotNET\IOS
[2017.11.27-14.05.47:064][  0]LogRenderer: Reallocating scene render targets to support 1536x624 NumSamples 1 (Frame:1).
[2017.11.27-14.05.47:261][  0]LogTemp: BranchPath = SONOFMORT/D/Games/UE_4.16/Engine/Binaries --- GameBranchPath = SONOFMORT/D/Games/UE_4.16/Engine/Binaries
[2017.11.27-14.05.47:261][  0]LogTemp: IPP ERROR: Could not find provision directory 'C:\Users\Jordan\AppData\Local/Apple Computer/MobileDevice/Provisioning Profiles/'.
[2017.11.27-14.05.47:261][  0]LogUObjectGlobals:Warning: Failed to find object 'Class None.'
[2017.11.27-14.05.47:335][  0]LogContentBrowser: Native class hierarchy updated for 'HierarchicalLODOutliner' in 0.0006 seconds. Added 1 classes and 2 folders.
[2017.11.27-14.05.47:335][  0]LogLoad: (Engine Initialization) Total time: 30.89 seconds
[2017.11.27-14.05.47:335][  0]LogLoad: (Engine Initialization) Total Blueprint compile time: 0.22 seconds
[2017.11.27-14.05.47:335][  0]LogExternalProfiler: Found external profiler: VSPerf
[2017.11.27-14.05.47:335][  0]LogExternalProfiler: Using external profiler: VSPerf
[2017.11.27-14.05.47:348][  0]LogOcInput: OculusInput pre-init called
[2017.11.27-14.05.47:348][  0]LogHMD: Starting GearVRController plugin
[2017.11.27-14.05.47:368][  0]SourceControl: Info On branch master
[2017.11.27-14.05.47:368][  0]SourceControl: Info Your branch is up-to-date with 'origin/master'.
[2017.11.27-14.05.47:368][  0]SourceControl: Info Changes not staged for commit:
[2017.11.27-14.05.47:368][  0]SourceControl: Info   (use "git add/rm <file>..." to update what will be committed)
[2017.11.27-14.05.47:368][  0]SourceControl: Info   (use "git checkout -- <file>..." to discard changes in working directory)
[2017.11.27-14.05.47:369][  0]SourceControl: Info 	modified:   Config/DefaultEngine.ini
[2017.11.27-14.05.47:369][  0]SourceControl: Info 	modified:   Intermediate/AssetRegistryCache/311563bb.bin
[2017.11.27-14.05.47:369][  0]SourceControl: Info 	modified:   Intermediate/AssetRegistryCache/c90e3f55.bin
[2017.11.27-14.05.47:369][  0]SourceControl: Info 	modified:   Intermediate/CachedAssetRegistry.bin
[2017.11.27-14.05.47:369][  0]SourceControl: Info 	modified:   Intermediate/Config/CoalescedSourceConfigs/Engine.ini
[2017.11.27-14.05.47:369][  0]SourceControl: Info 	modified:   Saved/AutoScreenshot.png
[2017.11.27-14.05.47:369][  0]SourceControl: Info 	modified:   Saved/Config/Windows/Editor.ini
[2017.11.27-14.05.47:369][  0]SourceControl: Info 	modified:   Saved/Config/Windows/EditorPerProjectUserSettings.ini
[2017.11.27-14.05.47:369][  0]SourceControl: Info 	modified:   Saved/Config/Windows/Engine.ini
[2017.11.27-14.05.47:369][  0]SourceControl: Info 	deleted:    Saved/Logs/RPG_Game-backup-2017.11.23-15.08.42.log
[2017.11.27-14.05.47:369][  0]SourceControl: Info 	modified:   Saved/Logs/RPG_Game.log
[2017.11.27-14.05.47:369][  0]SourceControl: Info Untracked files:
[2017.11.27-14.05.47:369][  0]SourceControl: Info   (use "git add <file>..." to include in what will be committed)
[2017.11.27-14.05.47:369][  0]SourceControl: Info 	Saved/Config/CrashReportClient/UE4CC-Windows-074354BB4A535CE71892C5AE2070D29F/
[2017.11.27-14.05.47:369][  0]SourceControl: Info 	Saved/Config/CrashReportClient/UE4CC-Windows-76C9909E47F48A9CD7B42A8894B1CF22/
[2017.11.27-14.05.47:369][  0]SourceControl: Info 	Saved/Logs/RPG_Game-backup-2017.11.27-14.03.20.log
[2017.11.27-14.05.47:369][  0]SourceControl: Info 	Saved/Logs/RPG_Game-backup-2017.11.27-14.05.18.log
[2017.11.27-14.05.47:369][  0]SourceControl: Info no changes added to commit (use "git add" and/or "git commit -a")
[2017.11.27-14.05.47:369][  0]LogContentStreaming: Texture pool size now 1000 MB
[2017.11.27-14.05.47:434][  0]LogSlate: Took 0.000358 seconds to synchronously load lazily loaded font '../../../Engine/Content/Slate/Fonts/Roboto-Light.ttf' (159K)
[2017.11.27-14.05.47:488][  2]LogAssetRegistry: Asset discovery search completed in 22.4903 seconds
[2017.11.27-14.05.47:494][  2]LogCollectionManager: Rebuilt the object cache for 0 collections in 0.000001 seconds (found 0 objects)
[2017.11.27-14.05.47:494][  2]LogCollectionManager: Fixed up redirectors for 0 collections in 0.000051 seconds (updated 0 objects)
[2017.11.27-14.05.52:847][541]LogTemp: Repeting last play command: Selected Viewport
[2017.11.27-14.05.53:087][541]LogBlueprintUserMessages: Early PlayInEditor Detection: Level '/Game/Maps/Tutorial.Tutorial:PersistentLevel' has LevelScriptBlueprint '/Game/Maps/Tutorial.Tutorial:PersistentLevel.Tutorial' with GeneratedClass '/Game/Maps/Tutorial.Tutorial_C' with ClassGeneratedBy '/Game/Maps/Tutorial.Tutorial:PersistentLevel.Tutorial'
[2017.11.27-14.05.53:087][541]LogPlayLevel: PlayLevel: No blueprints needed recompiling
[2017.11.27-14.05.53:088][541]PIE: New page: PIE session: Tutorial (27 Nov 2017 14:05:53)
[2017.11.27-14.05.53:089][541]LogPlayLevel: Creating play world package: /Game/Maps/UEDPIE_0_Tutorial
[2017.11.27-14.05.53:103][541]LogPlayLevel: PIE: StaticDuplicateObject took: (0.014600s)
[2017.11.27-14.05.53:104][541]LogAIModule: Creating AISystem for world Tutorial
[2017.11.27-14.05.53:104][541]LogPlayLevel: PIE: World Init took: (0.000657s)
[2017.11.27-14.05.53:104][541]LogPlayLevel: PIE: Created PIE world by copying editor world from /Game/Maps/Tutorial.Tutorial to /Game/Maps/UEDPIE_0_Tutorial.Tutorial (0.015539s)
[2017.11.27-14.05.53:121][541]LogInit: XAudio2 using 'Headset Earphone (Corsair VOID RGB USB Gaming Headset)' : 6 channels at 48 kHz using 16 bits per sample (channel mask 0x3f)
[2017.11.27-14.05.53:134][541]LogInit: FAudioDevice initialized.
[2017.11.27-14.05.53:187][541]LogLoad: Game class is 'RPGGM_C'
[2017.11.27-14.05.53:192][541]LogWorld: Bringing World /Game/Maps/UEDPIE_0_Tutorial.Tutorial up for play (max tick rate 0) at 2017.11.27-14.05.53
[2017.11.27-14.05.53:193][541]LogWorld: Bringing up level for play took: 0.003832
[2017.11.27-14.05.53:240][541]LogContentBrowser: Native class hierarchy updated for 'MovieSceneCapture' in 0.0008 seconds. Added 11 classes and 0 folders.
[2017.11.27-14.05.53:245][541]PIE: Info Play in editor start time for /Game/Maps/UEDPIE_0_Tutorial 1.046
[2017.11.27-14.05.53:245][541]LogBlueprintUserMessages: Late PlayInEditor Detection: Level '/Game/Maps/Tutorial.Tutorial:PersistentLevel' has LevelScriptBlueprint '/Game/Maps/Tutorial.Tutorial:PersistentLevel.Tutorial' with GeneratedClass '/Game/Maps/Tutorial.Tutorial_C' with ClassGeneratedBy '/Game/Maps/Tutorial.Tutorial:PersistentLevel.Tutorial'
[2017.11.27-14.05.56:717][909]Cmd: LevelEditor.ToggleImmersive
[2017.11.27-14.05.56:975][910]LogRenderer: Reallocating scene render targets to support 1820x932 NumSamples 1 (Frame:370).
[2017.11.27-14.05.57:038][911]LogRenderer: Reallocating scene render targets to support 1920x1040 NumSamples 1 (Frame:372).
[2017.11.27-14.06.16:625][170]LogBlueprintUserMessages: Early EndPlayMap Detection: Level '/Game/Maps/Tutorial.Tutorial:PersistentLevel' has LevelScriptBlueprint '/Game/Maps/Tutorial.Tutorial:PersistentLevel.Tutorial' with GeneratedClass '/Game/Maps/Tutorial.Tutorial_C' with ClassGeneratedBy '/Game/Maps/Tutorial.Tutorial:PersistentLevel.Tutorial'
[2017.11.27-14.06.16:688][170]LogBlueprintUserMessages: Late EndPlayMap Detection: Level '/Game/Maps/Tutorial.Tutorial:PersistentLevel' has LevelScriptBlueprint '/Game/Maps/Tutorial.Tutorial:PersistentLevel.Tutorial' with GeneratedClass '/Game/Maps/Tutorial.Tutorial_C' with ClassGeneratedBy '/Game/Maps/Tutorial.Tutorial:PersistentLevel.Tutorial'
[2017.11.27-14.06.22:049][739]LogEditorViewport: Clicking on Actor (LMB): DoorBP_C (DoorBP)
[2017.11.27-14.06.25:350][ 21]LogSlate: Took 0.015958 seconds to synchronously load lazily loaded font '../../../Engine/Content/Editor/Slate/Fonts/Roboto-Italic.ttf' (157K)
[2017.11.27-14.06.34:825][990]LogTemp: Repeting last play command: Selected Viewport
[2017.11.27-14.06.34:849][990]LogBlueprintUserMessages: Early PlayInEditor Detection: Level '/Game/Maps/Tutorial.Tutorial:PersistentLevel' has LevelScriptBlueprint '/Game/Maps/Tutorial.Tutorial:PersistentLevel.Tutorial' with GeneratedClass '/Game/Maps/Tutorial.Tutorial_C' with ClassGeneratedBy '/Game/Maps/Tutorial.Tutorial:PersistentLevel.Tutorial'
[2017.11.27-14.06.34:849][990]LogPlayLevel: PlayLevel: No blueprints needed recompiling
[2017.11.27-14.06.34:850][990]PIE: New page: PIE session: Tutorial (27 Nov 2017 14:06:34)
[2017.11.27-14.06.34:850][990]LogPlayLevel: Creating play world package: /Game/Maps/UEDPIE_0_Tutorial
[2017.11.27-14.06.34:863][990]LogPlayLevel: PIE: StaticDuplicateObject took: (0.013215s)
[2017.11.27-14.06.34:863][990]LogAIModule: Creating AISystem for world Tutorial
[2017.11.27-14.06.34:864][990]LogPlayLevel: PIE: World Init took: (0.000638s)
[2017.11.27-14.06.34:864][990]LogPlayLevel: PIE: Created PIE world by copying editor world from /Game/Maps/Tutorial.Tutorial to /Game/Maps/UEDPIE_0_Tutorial.Tutorial (0.014059s)
[2017.11.27-14.06.34:880][990]LogInit: XAudio2 using 'Headset Earphone (Corsair VOID RGB USB Gaming Headset)' : 6 channels at 48 kHz using 16 bits per sample (channel mask 0x3f)
[2017.11.27-14.06.34:895][990]LogInit: FAudioDevice initialized.
[2017.11.27-14.06.34:926][990]LogLoad: Game class is 'RPGGM_C'
[2017.11.27-14.06.34:930][990]LogWorld: Bringing World /Game/Maps/UEDPIE_0_Tutorial.Tutorial up for play (max tick rate 0) at 2017.11.27-14.06.34
[2017.11.27-14.06.34:931][990]LogWorld: Bringing up level for play took: 0.003714
[2017.11.27-14.06.34:934][990]PIE: Info Play in editor start time for /Game/Maps/UEDPIE_0_Tutorial 0.735
[2017.11.27-14.06.34:934][990]LogBlueprintUserMessages: Late PlayInEditor Detection: Level '/Game/Maps/Tutorial.Tutorial:PersistentLevel' has LevelScriptBlueprint '/Game/Maps/Tutorial.Tutorial:PersistentLevel.Tutorial' with GeneratedClass '/Game/Maps/Tutorial.Tutorial_C' with ClassGeneratedBy '/Game/Maps/Tutorial.Tutorial:PersistentLevel.Tutorial'
[2017.11.27-14.06.41:739][746]LogBlueprintUserMessages: Early EndPlayMap Detection: Level '/Game/Maps/Tutorial.Tutorial:PersistentLevel' has LevelScriptBlueprint '/Game/Maps/Tutorial.Tutorial:PersistentLevel.Tutorial' with GeneratedClass '/Game/Maps/Tutorial.Tutorial_C' with ClassGeneratedBy '/Game/Maps/Tutorial.Tutorial:PersistentLevel.Tutorial'
[2017.11.27-14.06.41:782][746]LogBlueprintUserMessages: Late EndPlayMap Detection: Level '/Game/Maps/Tutorial.Tutorial:PersistentLevel' has LevelScriptBlueprint '/Game/Maps/Tutorial.Tutorial:PersistentLevel.Tutorial' with GeneratedClass '/Game/Maps/Tutorial.Tutorial_C' with ClassGeneratedBy '/Game/Maps/Tutorial.Tutorial:PersistentLevel.Tutorial'
[2017.11.27-14.07.05:617][212]LogEditorViewport: Clicking on Actor (LMB): StaticMeshActor (WellHut2)
[2017.11.27-14.07.09:426][585]LogEditorViewport: Clicking on Actor (LMB): PointLight (PointLight3)
[2017.11.27-14.07.21:250][714]LogEditorViewport: Clicking on Actor (LMB): PointLight (PointLight6)
[2017.11.27-14.07.27:082][261]LogEditorViewport: Clicking on Actor (LMB): PointLight (PointLight5)
[2017.11.27-14.07.34:193][901]LogEditorViewport: Clicking on Actor (LMB): PointLight (PointLight4)
[2017.11.27-14.07.45:958][ 24]LogSlate: Took 0.000441 seconds to synchronously load lazily loaded font '../../../Engine/Content/Slate/Fonts/Roboto-Light.ttf' (159K)
[2017.11.27-14.07.45:972][ 24]Cmd: OBJ SAVEPACKAGE PACKAGE="/Game/Maps/Tutorial" FILE="E:/Year 2/FMP/RPG_Game/RPG_Game/Content/Maps/Tutorial.umap" SILENT=true AUTOSAVING=false KEEPDIRTY=false
[2017.11.27-14.07.46:638][ 24]LogSavePackage: Save=624.08ms
[2017.11.27-14.07.46:638][ 24]LogSavePackage: Moving 'E:/Year 2/FMP/RPG_Game/RPG_Game/Saved/Tutorial312EE2694180EE54F012919ED8517418.tmp' to 'E:/Year 2/FMP/RPG_Game/RPG_Game/Content/Maps/Tutorial.umap'
[2017.11.27-14.07.46:645][ 24]LogSavePackage:Display: Finished SavePackage E:/Year 2/FMP/RPG_Game/RPG_Game/Content/Maps/Tutorial.umap
[2017.11.27-14.07.46:800][ 24]Cmd: OBJ SAVEPACKAGE PACKAGE="/Game/Maps/Tutorial_BuiltData" FILE="E:/Year 2/FMP/RPG_Game/RPG_Game/Content/Maps/Tutorial_BuiltData.uasset" SILENT=true
[2017.11.27-14.07.47:044][ 24]LogSavePackage: Save=152.84ms
[2017.11.27-14.07.47:044][ 24]LogSavePackage: Moving 'E:/Year 2/FMP/RPG_Game/RPG_Game/Saved/Tutorial_BuiltDataFC71A34C43DA5120435FA88797903367.tmp' to 'E:/Year 2/FMP/RPG_Game/RPG_Game/Content/Maps/Tutorial_BuiltData.uasset'
[2017.11.27-14.07.47:048][ 24]LogSavePackage:Display: Finished SavePackage E:/Year 2/FMP/RPG_Game/RPG_Game/Content/Maps/Tutorial_BuiltData.uasset
[2017.11.27-14.07.51:875][460]SourceControl: Info fatal: D:/Games/UE_4.16/Engine/Content/: 'D:/Games/UE_4.16/Engine/Content/' is outside repository
[2017.11.27-14.08.04:675][460]LogSourceControl: FGitCheckInWorker: commit successful
[2017.11.27-14.08.04:762][460]SourceControl: Info [master 9d4b579] Eskeit
[2017.11.27-14.08.04:762][460]SourceControl: Info  2 files changed, 0 insertions(+), 0 deletions(-)
[2017.11.27-14.08.04:770][460]SourceControl: Info Commited [master 9d4b579] Eskeit.
