Log file open, 01/31/18 10:02:41
LogInit:Display: Running engine for game: RPG_Game
LogPlatformFile: Not using cached read wrapper
LogInit:Display: RandInit(-1030239003) SRandInit(-1030239003).
LogTaskGraph: Started task graph with 5 named threads and 8 total threads with 1 sets of task threads.
LogStats: Stats thread started at 0.093662
LogInit: Using libcurl 7.47.1
LogInit:  - built for x86_64-pc-win32
LogInit:  - supports SSL with OpenSSL/1.0.2g
LogInit:  - supports HTTP deflate (compression) using libz 1.2.8
LogInit:  - other features:
LogInit:      CURL_VERSION_SSL
LogInit:      CURL_VERSION_LIBZ
LogInit:      CURL_VERSION_IPV6
LogInit:      CURL_VERSION_ASYNCHDNS
LogInit:      CURL_VERSION_LARGEFILE
LogInit:      CURL_VERSION_IDN
LogInit:  CurlRequestOptions (configurable via config and command line):
LogInit:  - bVerifyPeer = false  - Libcurl will NOT verify peer certificate
LogInit:  - bUseHttpProxy = false  - Libcurl will NOT use HTTP proxy
LogInit:  - bDontReuseConnections = false  - Libcurl will reuse connections
LogInit:  - CertBundlePath = nullptr  - Libcurl will use whatever was configured at build time.
LogInit: Build: ++UE4+Release-4.16-CL-3561208
LogInit: Engine Version: 4.16.3-3561208+++UE4+Release-4.16
LogInit: Compatible Engine Version: 4.16.0-3452394+++UE4+Release-4.16
LogInit: Net CL: 3452394
LogDevObjectVersion: Number of dev versions registered: 16
LogDevObjectVersion:   Dev-Blueprints (B0D832E4-1F89-4F0D-ACCF-7EB736FD4AA2): 9
LogDevObjectVersion:   Dev-Build (E1C64328-A22C-4D53-A36C-8E866417BD8C): 0
LogDevObjectVersion:   Dev-Core (375EC13C-06E4-48FB-B500-84F0262A717E): 2
LogDevObjectVersion:   Dev-Editor (E4B068ED-F494-42E9-A231-DA0B2E46BB41): 17
LogDevObjectVersion:   Dev-Framework (CFFC743F-43B0-4480-9391-14DF171D2073): 23
LogDevObjectVersion:   Dev-Mobile (B02B49B5-BB20-44E9-A304-32B752E40360): 0
LogDevObjectVersion:   Dev-Networking (A4E4105C-59A1-49B5-A7C5-40C4547EDFEE): 0
LogDevObjectVersion:   Dev-Online (39C831C9-5AE6-47DC-9A44-9C173E1C8E7C): 0
LogDevObjectVersion:   Dev-Physics (78F01B33-EBEA-4F98-B9B4-84EACCB95AA2): 0
LogDevObjectVersion:   Dev-Platform (6631380F-2D4D-43E0-8009-CF276956A95A): 0
LogDevObjectVersion:   Dev-Rendering (12F88B9F-8875-4AFC-A67C-D90C383ABD29): 15
LogDevObjectVersion:   Dev-Sequencer (7B5AE74C-D270-4C10-A958-57980B212A5A): 4
LogDevObjectVersion:   Dev-VR (D7296918-1DD6-4BDD-9DE2-64A83CC13884): 0
LogDevObjectVersion:   Dev-LoadTimes (C2A15278-BFE7-4AFE-6C17-90FF531DF755): 1
LogDevObjectVersion:   Private-Geometry (6EACA3D4-40EC-4CC1-B786-8BED09428FC5): 1
LogDevObjectVersion:   Dev-AnimPhys (29E575DD-E0A3-4627-9D10-D276232CDCEA): 3
LogInit: Compiled (64-bit): Jul 28 2017 11:49:47
LogInit: Compiled with Visual C++: 19.00.24215.01
LogInit: Build Configuration: Development
LogInit: Branch Name: ++UE4+Release-4.16
LogInit: Command line:  /Temp/Autosaves/Game/Maps/UEDPCHelloWorld -game -PIEVIACONSOLE -ResX=1280 -ResY=720  -Multiprocess -messaging -SessionName="Play in Standalone Game" -windowed 
LogInit: Base directory: C:/Program Files/Epic Games/UE_4.16/Engine/Binaries/Win64/
LogInit: Installed Engine Build: 1
LogInit: Presizing for max 8388607 objects, including 0 objects not considered by GC, pre-allocating 0 bytes for permanent pool.
LogInit: Object subsystem initialized
[2018.01.31-10.02.41:655][  0]LogInit: Selected Device Profile: [Windows]
[2018.01.31-10.02.41:655][  0]LogInit: Applying CVar settings loaded from the selected device profile: [Windows]
[2018.01.31-10.02.41:658][  0]LogInit: Computer: HB01-23
[2018.01.31-10.02.41:658][  0]LogInit: User: jordanboast
[2018.01.31-10.02.41:658][  0]LogInit: CPU Page size=4096, Cores=4
[2018.01.31-10.02.41:658][  0]LogInit: High frequency timer resolution =3.507500 MHz
[2018.01.31-10.02.41:658][  0]LogMemory: Memory total: Physical=15.9GB (16GB approx)
[2018.01.31-10.02.41:658][  0]LogMemory: Platform Memory Stats for Windows
[2018.01.31-10.02.41:658][  0]LogMemory: Process Physical Memory: 274.19 MB used, 274.19 MB peak
[2018.01.31-10.02.41:658][  0]LogMemory: Process Virtual Memory: 261.13 MB used, 261.13 MB peak
[2018.01.31-10.02.41:658][  0]LogMemory: Physical Memory: 5653.85 MB used,  10668.29 MB free, 16322.14 MB total
[2018.01.31-10.02.41:658][  0]LogMemory: Virtual Memory: 640.13 MB used,  10668.29 MB free, 134217728.00 MB total
[2018.01.31-10.02.41:721][  0]LogInit: Using OS detected language (en-US).
[2018.01.31-10.02.41:721][  0]LogInit: Using OS detected locale (en-GB).
[2018.01.31-10.02.41:724][  0]LogTextLocalizationManager: No specific localization for 'en-US' exists, so the 'en' localization will be used.
[2018.01.31-10.02.42:397][  0]LogD3D11RHI: D3D11 adapters:
[2018.01.31-10.02.42:428][  0]LogD3D11RHI:    0. 'NVIDIA GeForce GTX 770' (Feature Level 11_0)
[2018.01.31-10.02.42:428][  0]LogD3D11RHI:       2017/0/8161 MB DedicatedVideo/DedicatedSystem/SharedSystem, Outputs:1, VendorId:0x10de
[2018.01.31-10.02.42:430][  0]LogD3D11RHI:    1. 'Microsoft Basic Render Driver' (Feature Level 11_0)
[2018.01.31-10.02.42:430][  0]LogD3D11RHI:       0/0/8161 MB DedicatedVideo/DedicatedSystem/SharedSystem, Outputs:0, VendorId:0x1414
[2018.01.31-10.02.42:430][  0]LogD3D11RHI: Chosen D3D11 Adapter: 0
[2018.01.31-10.02.42:434][  0]LogD3D11RHI: Creating new Direct3DDevice
[2018.01.31-10.02.42:434][  0]LogD3D11RHI:     GPU DeviceId: 0x1184 (for the marketing name, search the web for "GPU Device Id")
[2018.01.31-10.02.42:434][  0]LogWindows: EnumDisplayDevices:
[2018.01.31-10.02.42:434][  0]LogWindows:    0. 'NVIDIA GeForce GTX 770' (P:1 D:1)
[2018.01.31-10.02.42:435][  0]LogWindows:    1. 'NVIDIA GeForce GTX 770' (P:0 D:0)
[2018.01.31-10.02.42:435][  0]LogWindows:    2. 'NVIDIA GeForce GTX 770' (P:0 D:0)
[2018.01.31-10.02.42:435][  0]LogWindows:    3. 'NVIDIA GeForce GTX 770' (P:0 D:0)
[2018.01.31-10.02.42:435][  0]LogWindows: DebugString: FoundDriverCount:4 
[2018.01.31-10.02.42:435][  0]LogD3D11RHI:     Adapter Name: NVIDIA GeForce GTX 770
[2018.01.31-10.02.42:435][  0]LogD3D11RHI:   Driver Version: 384.94 (internal:22.21.13.8494, unified:384.94)
[2018.01.31-10.02.42:435][  0]LogD3D11RHI:      Driver Date: 7-18-2017
[2018.01.31-10.02.42:435][  0]LogRHI: Texture pool is 1361 MB (70% of 1945 MB)
[2018.01.31-10.02.42:464][  0]LogD3D11RHI: Async texture creation enabled
[2018.01.31-10.02.42:475][  0]LogD3D11RHI: GPU Timing Frequency: 1000.000000 (Debug: 2 1)
[2018.01.31-10.02.42:476][  0]LogShaderCompilers: Guid format shader working directory is 30 characters bigger than the processId version (E:/FMP/RPG_Game/RPG_Game/Intermediate/Shaders/WorkingDirectory/128/).
[2018.01.31-10.02.42:476][  0]LogShaderCompilers: Cleaned the shader compiler working directory 'C:/Users/jordan.boast/AppData/Local/Temp/UnrealShaderWorkingDir/20FEC2E645A80A52CA17F7921AFD2376/'.
[2018.01.31-10.02.42:476][  0]LogShaderCompilers:Display: Using Local Shader Compiler.
[2018.01.31-10.02.43:432][  0]LogTemp:Display: Loaded TP WindowsClientTargetPlatform
[2018.01.31-10.02.43:469][  0]LogTemp:Display: Loaded TP WindowsNoEditorTargetPlatform
[2018.01.31-10.02.43:505][  0]LogTemp:Display: Loaded TP WindowsServerTargetPlatform
[2018.01.31-10.02.43:538][  0]LogTemp:Display: Loaded TP WindowsTargetPlatform
[2018.01.31-10.02.43:538][  0]LogTargetPlatformManager:Display: Building Assets For Windows
[2018.01.31-10.02.43:929][  0]LogDerivedDataCache:Display: Max Cache Size: 512 MB
[2018.01.31-10.02.44:006][  0]LogDerivedDataCache: Loaded boot cache 0.08s 90MB C:/Users/jordan.boast/AppData/Local/UnrealEngine/4.16/DerivedDataCache/Boot.ddc.
[2018.01.31-10.02.44:006][  0]LogDerivedDataCache:Display: Loaded Boot cache: C:/Users/jordan.boast/AppData/Local/UnrealEngine/4.16/DerivedDataCache/Boot.ddc
[2018.01.31-10.02.44:006][  0]LogDerivedDataCache: FDerivedDataBackendGraph:  Pak pak cache file E:/FMP/RPG_Game/RPG_Game/DerivedDataCache/DDC.ddp not found, will not use a pak cache.
[2018.01.31-10.02.44:006][  0]LogDerivedDataCache: Unable to find inner node Pak for hierarchical cache Hierarchy.
[2018.01.31-10.02.44:006][  0]LogDerivedDataCache: FDerivedDataBackendGraph:  CompressedPak pak cache file E:/FMP/RPG_Game/RPG_Game/DerivedDataCache/Compressed.ddp not found, will not use a pak cache.
[2018.01.31-10.02.44:006][  0]LogDerivedDataCache: Unable to find inner node CompressedPak for hierarchical cache Hierarchy.
[2018.01.31-10.02.44:020][  0]LogDerivedDataCache:Display: Pak cache opened for reading ../../../Engine/DerivedDataCache/Compressed.ddp.
[2018.01.31-10.02.44:032][  0]LogDerivedDataCache: Using Local data cache path C:/Users/jordan.boast/AppData/Local/UnrealEngine/Common/DerivedDataCache: Writable
[2018.01.31-10.02.44:040][  0]LogMaterial: Verifying Global Shaders for PCD3D_SM5
[2018.01.31-10.02.44:040][  0]LogSlate: Using Freetype 2.6.0
[2018.01.31-10.02.44:041][  0]LogSlate: SlateFontCache - WITH_FREETYPE: 1, WITH_HARFBUZZ: 1
[2018.01.31-10.02.44:041][  0]LogSlate: SlateFontCache - WITH_FREETYPE: 1, WITH_HARFBUZZ: 1
[2018.01.31-10.02.44:294][  0]LogAssetRegistry: FAssetRegistry took 0.0031 seconds to start up
[2018.01.31-10.02.44:300][  0]LogPackageLocalizationCache: Processed 4 localized package path(s) for 2 prioritized culture(s) in 0.006113 seconds
[2018.01.31-10.02.44:368][  0]LogInit: Selected Device Profile: [Windows]
[2018.01.31-10.02.44:423][  0]LogContentStreaming: Texture pool size is 1000.00 MB
[2018.01.31-10.02.44:547][  0]LogMeshUtilities: Using QuadricMeshReduction for automatic static mesh reduction
[2018.01.31-10.02.44:578][  0]LogSimplygon: Simplygon DLL not present - disabling.
[2018.01.31-10.02.44:614][  0]LogMeshUtilities: Using SimplygonSwarm for distributed automatic mesh merging
[2018.01.31-10.02.44:614][  0]LogMeshUtilities: No automatic skeletal mesh reduction module available
[2018.01.31-10.02.44:614][  0]LogMeshUtilities: No automatic mesh merging module available
[2018.01.31-10.02.44:992][  0]LogNetVersion: RPG_Game , NetCL: 3452394, EngineNetVer: 2, GameNetVer: 0 (Checksum: 2586067795)
[2018.01.31-10.02.45:047][  0]LogInit: WinSock: version 1.1 (2.2), MaxSocks=32767, MaxUdp=65467
[2018.01.31-10.02.45:835][  0]LogMoviePlayer: Initializing movie player
[2018.01.31-10.02.45:934][  0]LogWindowsTextInputMethodSystem:Display: IME system now deactivated.
[2018.01.31-10.02.46:166][  0]LogCollectionManager: Loaded 0 collections in 0.001598 seconds
[2018.01.31-10.02.46:214][  0]LogFileCache: Scanning file cache for directory 'E:/FMP/RPG_Game/RPG_Game/Saved/Collections/' took 0.01s
[2018.01.31-10.02.46:214][  0]LogFileCache: Scanning file cache for directory 'E:/FMP/RPG_Game/RPG_Game/Content/Developers/jordanboast/Collections/' took 0.01s
[2018.01.31-10.02.46:214][  0]LogFileCache: Scanning file cache for directory 'E:/FMP/RPG_Game/RPG_Game/Content/Collections/' took 0.01s
[2018.01.31-10.02.46:214][  0]LogCollectionManager: Rebuilt the object cache for 0 collections in 0.000002 seconds (found 0 objects)
[2018.01.31-10.02.46:214][  0]LogCollectionManager: Fixed up redirectors for 0 collections in 0.000047 seconds (updated 0 objects)
[2018.01.31-10.02.46:343][  0]LogTcpMessaging: Initializing TcpMessaging bridge
[2018.01.31-10.02.46:377][  0]LogUdpMessaging: Initializing bridge on interface 0.0.0.0:0 to multicast group 230.0.0.1:6666.
[2018.01.31-10.02.46:794][  0]SourceControl: Info Source control is disabled
[2018.01.31-10.02.46:794][  0]SourceControl: Info Source control is disabled
[2018.01.31-10.02.46:834][  0]SourceControl: Info Source control is disabled
[2018.01.31-10.02.47:052][  0]LogAndroidPermission: UAndroidPermissionCallbackProxy::GetInstance
[2018.01.31-10.02.47:377][  0]LogUObjectArray: 37220 objects as part of root set at end of initial load.
[2018.01.31-10.02.47:377][  0]LogUObjectAllocator: 8398848 out of 0 bytes used by permanent object pool.
[2018.01.31-10.02.47:377][  0]LogUObjectArray: CloseDisregardForGC: 0/0 objects in disregard for GC pool
[2018.01.31-10.02.47:460][  0]LogEngine: Initializing Engine...
[2018.01.31-10.02.47:461][  0]LogHMD: Failed to initialize OpenVR with code 110
[2018.01.31-10.02.47:639][  0]LogStats: UGameplayTagsManager::ConstructGameplayTagTree: Construct from data asset -  0.000 s
[2018.01.31-10.02.47:639][  0]LogStats: UGameplayTagsManager::ConstructGameplayTagTree: GameplayTagTreeChangedEvent.Broadcast -  0.000 s
[2018.01.31-10.02.47:646][  0]LogInit: XAudio2 using 'Speakers (Realtek High Definition Audio)' : 6 channels at 48 kHz using 32 bits per sample (channel mask 0x3f)
[2018.01.31-10.02.47:660][  0]LogInit: FAudioDevice initialized.
[2018.01.31-10.02.47:697][  0]LogInit: Texture streaming: Enabled
[2018.01.31-10.02.47:722][  0]LogMaterial: Uniform references updated for custom material expression Custom.
[2018.01.31-10.02.47:921][  0]LogSlateStyle:Warning: Unable to find Slate Widget Style 'NormalText'. Using FTextBlockStyle defaults instead.
[2018.01.31-10.02.47:921][  0]LogSlateStyle:Warning: Unable to find Slate Widget Style 'SpinBox'. Using FSpinBoxStyle defaults instead.
[2018.01.31-10.02.48:104][  0]LogInit:Display: Game Engine Initialized.
[2018.01.31-10.02.48:224][  0]LogInit:Display: Starting Game.
[2018.01.31-10.02.48:248][  0]LogNet: Browse: /Temp/Autosaves/Game/Maps/UEDPCHelloWorld?Name=Player
[2018.01.31-10.02.48:257][  0]LogLoad: LoadMap: /Temp/Autosaves/Game/Maps/UEDPCHelloWorld?Name=Player
[2018.01.31-10.02.48:319][  0]LogMemory: Platform Memory Stats for Windows
[2018.01.31-10.02.48:319][  0]LogMemory: Process Physical Memory: 790.92 MB used, 895.88 MB peak
[2018.01.31-10.02.48:319][  0]LogMemory: Process Virtual Memory: 905.44 MB used, 964.05 MB peak
[2018.01.31-10.02.48:319][  0]LogMemory: Physical Memory: 6112.58 MB used,  10209.56 MB free, 16322.14 MB total
[2018.01.31-10.02.48:319][  0]LogMemory: Virtual Memory: 1510.88 MB used,  10209.56 MB free, 134217728.00 MB total
[2018.01.31-10.02.48:319][  0]LogMemory: 
[2018.01.31-10.02.48:319][  0]Allocator Stats for TBB: (not implemented)
[2018.01.31-10.02.48:759][  0]LogAIModule: Creating AISystem for world HelloWorld
[2018.01.31-10.02.48:992][  0]LogTexture:Display: Building textures: Settings_Line (AutoDXT, 420X100)
[2018.01.31-10.02.48:997][  0]LogTexture:Display: Building textures: Settings (AutoDXT, 420X100)
[2018.01.31-10.02.49:002][  0]LogTexture:Display: Building textures: Return_To_Menu_Line (AutoDXT, 420X100)
[2018.01.31-10.02.49:008][  0]LogTexture:Display: Building textures: Return_To_Menu (AutoDXT, 420X100)
[2018.01.31-10.02.49:012][  0]LogTexture:Display: Building textures: Resume_Game_Line (AutoDXT, 420X100)
[2018.01.31-10.02.49:017][  0]LogTexture:Display: Building textures: Resume_Game (AutoDXT, 420X100)
[2018.01.31-10.02.49:034][  0]LogTexture:Display: Building textures: Background (AutoDXT, 1920X1080)
[2018.01.31-10.02.49:140][  0]LogLoad: Game class is 'FuseGM_C'
[2018.01.31-10.02.49:168][  0]PIE:Warning: Warning Trying to simulate physics on ''/Temp/Autosaves/Game/Maps/UEDPCHelloWorld.HelloWorld:PersistentLevel.Remote_71.StaticMesh'' but it has ComplexAsSimple collision.
[2018.01.31-10.02.49:169][  0]LogWorld: Bringing World /Temp/Autosaves/Game/Maps/UEDPCHelloWorld.HelloWorld up for play (max tick rate 0) at 2018.01.31-10.02.49
[2018.01.31-10.02.49:188][  0]LogWorld: Bringing up level for play took: 0.046099
[2018.01.31-10.02.49:189][  0]LogLoad: Took 0.932871 seconds to LoadMap(/Temp/Autosaves/Game/Maps/UEDPCHelloWorld)
[2018.01.31-10.02.49:362][  0]LogRenderer: Reallocating scene render targets to support 1280x720 NumSamples 1 (Frame:1).
[2018.01.31-10.02.49:362][  0]LogLoad: (Engine Initialization) Total time: 9.14 seconds
[2018.01.31-10.02.49:362][  0]LogLoad: (Engine Initialization) Total Blueprint compile time: 0.08 seconds
[2018.01.31-10.02.49:362][  0]LogExternalProfiler: No external profilers were discovered.  External profiling features will not be available.
[2018.01.31-10.02.49:379][  0]LogOcInput: OculusInput pre-init called
[2018.01.31-10.02.49:379][  0]LogHMD: Starting GearVRController plugin
[2018.01.31-10.03.36:070][884]LogPackageName: SearchForPackageOnDisk took   0.062s to resolve Menu.umap.
[2018.01.31-10.03.36:126][884]LogPackageName: SearchForPackageOnDisk took   0.056s to resolve Menu.umap.
[2018.01.31-10.03.36:126][884]LogNet: Browse: /Game/Maps/Menu
[2018.01.31-10.03.36:126][884]LogLoad: LoadMap: /Game/Maps/Menu
[2018.01.31-10.03.36:173][884]LogMemory: Platform Memory Stats for Windows
[2018.01.31-10.03.36:173][884]LogMemory: Process Physical Memory: 870.32 MB used, 905.36 MB peak
[2018.01.31-10.03.36:173][884]LogMemory: Process Virtual Memory: 1041.93 MB used, 1075.80 MB peak
[2018.01.31-10.03.36:173][884]LogMemory: Physical Memory: 6190.49 MB used,  10131.65 MB free, 16322.14 MB total
[2018.01.31-10.03.36:173][884]LogMemory: Virtual Memory: 1706.52 MB used,  10131.65 MB free, 134217728.00 MB total
[2018.01.31-10.03.36:173][884]LogMemory: 
[2018.01.31-10.03.36:173][884]Allocator Stats for TBB: (not implemented)
[2018.01.31-10.03.36:852][884]LogTexture:Display: Building textures: Control_Heading (BGRA8, 1920X71)
[2018.01.31-10.03.36:861][884]LogTexture:Display: Building textures: Quit_Line (AutoDXT, 420X100)
[2018.01.31-10.03.36:870][884]LogTexture:Display: Building textures: Start (AutoDXT, 420X100)
[2018.01.31-10.03.36:878][884]LogTexture:Display: Building textures: Start_Line (AutoDXT, 420X100)
[2018.01.31-10.03.36:886][884]LogTexture:Display: Building textures: Quit (AutoDXT, 420X100)
[2018.01.31-10.03.36:891][884]LogTexture:Display: Building textures: Controls_Line (AutoDXT, 420X100)
[2018.01.31-10.03.36:897][884]LogTexture:Display: Building textures: Controls_Icons (BGRA8, 1259X264)
[2018.01.31-10.03.36:926][884]LogTexture:Display: Building textures: Menu_Icon (BGRA8, 55X40)
[2018.01.31-10.03.36:999][884]LogTexture:Display: Building textures: Controls_Background (AutoDXT, 1920X1080)
[2018.01.31-10.03.39:494][884]LogTexture:Display: Building textures: MainBackground (AutoDXT, 1920X1080)
[2018.01.31-10.03.40:654][884]LogTexture:Display: Building textures: Controls (AutoDXT, 420X100)
[2018.01.31-10.03.40:659][884]LogAIModule: Creating AISystem for world Menu
[2018.01.31-10.03.40:709][884]LogLoad: Game class is 'FuseGM_C'
[2018.01.31-10.03.40:711][884]LogWorld: Bringing World /Game/Maps/Menu.Menu up for play (max tick rate 0) at 2018.01.31-10.03.40
[2018.01.31-10.03.40:711][884]LogWorld: Bringing up level for play took: 0.000500
[2018.01.31-10.03.40:711][884]LogGameMode: FindPlayerStart: PATHS NOT DEFINED or NO PLAYERSTART with positive rating
[2018.01.31-10.03.40:713][884]LogLoad: Took 4.586022 seconds to LoadMap(/Game/Maps/Menu)
[2018.01.31-10.03.49:379][417]LogPackageName: SearchForPackageOnDisk took   0.069s to resolve HelloWorld.umap.
[2018.01.31-10.03.49:439][417]LogPackageName: SearchForPackageOnDisk took   0.059s to resolve HelloWorld.umap.
[2018.01.31-10.03.49:439][417]LogNet: Browse: /Game/Maps/HelloWorld
[2018.01.31-10.03.49:439][417]LogLoad: LoadMap: /Game/Maps/HelloWorld
[2018.01.31-10.03.49:462][417]LogMemory: Platform Memory Stats for Windows
[2018.01.31-10.03.49:462][417]LogMemory: Process Physical Memory: 877.66 MB used, 953.54 MB peak
[2018.01.31-10.03.49:462][417]LogMemory: Process Virtual Memory: 1039.25 MB used, 1144.51 MB peak
[2018.01.31-10.03.49:462][417]LogMemory: Physical Memory: 6197.62 MB used,  10124.52 MB free, 16322.14 MB total
[2018.01.31-10.03.49:462][417]LogMemory: Virtual Memory: 1697.21 MB used,  10124.52 MB free, 134217728.00 MB total
[2018.01.31-10.03.49:462][417]LogMemory: 
[2018.01.31-10.03.49:462][417]Allocator Stats for TBB: (not implemented)
[2018.01.31-10.03.49:635][417]LogAIModule: Creating AISystem for world HelloWorld
[2018.01.31-10.03.49:678][417]LogLoad: Game class is 'FuseGM_C'
[2018.01.31-10.03.49:696][417]PIE:Warning: Warning Trying to simulate physics on ''/Game/Maps/HelloWorld.HelloWorld:PersistentLevel.Remote_71.StaticMesh'' but it has ComplexAsSimple collision.
[2018.01.31-10.03.49:697][417]LogWorld: Bringing World /Game/Maps/HelloWorld.HelloWorld up for play (max tick rate 0) at 2018.01.31-10.03.49
[2018.01.31-10.03.49:698][417]LogWorld: Bringing up level for play took: 0.018095
[2018.01.31-10.03.49:699][417]LogLoad: Took 0.260102 seconds to LoadMap(/Game/Maps/HelloWorld)
[2018.01.31-10.03.51:158][508]LogScript:Warning: Accessed None trying to read property HeldItem
	PlayerCharacter_C /Game/Maps/HelloWorld.HelloWorld:PersistentLevel.PlayerCharacter_C_0
	Function /Game/PlayerCharacter.PlayerCharacter_C:DropItem:000A
[2018.01.31-10.03.51:158][508]LogScript:Warning: Script call stack:
	Function /Game/PlayerCharacter.PlayerCharacter_C:InpActEvt_Use_K2Node_InputActionEvent_2
	Function /Game/PlayerCharacter.PlayerCharacter_C:ExecuteUbergraph_PlayerCharacter
	Function /Game/PlayerCharacter.PlayerCharacter_C:DropItem

[2018.01.31-10.03.51:158][508]LogScript:Warning: Accessed None trying to read property HeldItem
	PlayerCharacter_C /Game/Maps/HelloWorld.HelloWorld:PersistentLevel.PlayerCharacter_C_0
	Function /Game/PlayerCharacter.PlayerCharacter_C:DropItem:0031
[2018.01.31-10.03.51:158][508]LogScript:Warning: Script call stack:
	Function /Game/PlayerCharacter.PlayerCharacter_C:InpActEvt_Use_K2Node_InputActionEvent_2
	Function /Game/PlayerCharacter.PlayerCharacter_C:ExecuteUbergraph_PlayerCharacter
	Function /Game/PlayerCharacter.PlayerCharacter_C:DropItem

[2018.01.31-10.03.51:158][508]LogScript:Warning: Accessed None
	PlayerCharacter_C /Game/Maps/HelloWorld.HelloWorld:PersistentLevel.PlayerCharacter_C_0
	Function /Game/PlayerCharacter.PlayerCharacter_C:DropItem:0046
[2018.01.31-10.03.51:158][508]LogScript:Warning: Script call stack:
	Function /Game/PlayerCharacter.PlayerCharacter_C:InpActEvt_Use_K2Node_InputActionEvent_2
	Function /Game/PlayerCharacter.PlayerCharacter_C:ExecuteUbergraph_PlayerCharacter
	Function /Game/PlayerCharacter.PlayerCharacter_C:DropItem

[2018.01.31-10.03.51:158][508]LogScript:Warning: Accessed None trying to read property HeldItem
	PlayerCharacter_C /Game/Maps/HelloWorld.HelloWorld:PersistentLevel.PlayerCharacter_C_0
	Function /Game/PlayerCharacter.PlayerCharacter_C:DropItem:006D
[2018.01.31-10.03.51:158][508]LogScript:Warning: Script call stack:
	Function /Game/PlayerCharacter.PlayerCharacter_C:InpActEvt_Use_K2Node_InputActionEvent_2
	Function /Game/PlayerCharacter.PlayerCharacter_C:ExecuteUbergraph_PlayerCharacter
	Function /Game/PlayerCharacter.PlayerCharacter_C:DropItem

[2018.01.31-10.03.51:158][508]LogScript:Warning: Accessed None
	PlayerCharacter_C /Game/Maps/HelloWorld.HelloWorld:PersistentLevel.PlayerCharacter_C_0
	Function /Game/PlayerCharacter.PlayerCharacter_C:DropItem:0082
[2018.01.31-10.03.51:158][508]LogScript:Warning: Script call stack:
	Function /Game/PlayerCharacter.PlayerCharacter_C:InpActEvt_Use_K2Node_InputActionEvent_2
	Function /Game/PlayerCharacter.PlayerCharacter_C:ExecuteUbergraph_PlayerCharacter
	Function /Game/PlayerCharacter.PlayerCharacter_C:DropItem

[2018.01.31-10.03.51:158][508]LogBlueprintUserMessages: [PlayerCharacter_C_0] Good
[2018.01.31-10.03.53:092][628]LogScript:Warning: Attempted to access Cube_5 via property Mesh, but Cube_5 is pending kill
	Remote_C /Game/Maps/HelloWorld.HelloWorld:PersistentLevel.Remote_71
	Function /Game/Remote.Remote_C:ExecuteUbergraph_Remote:0014
[2018.01.31-10.03.53:092][628]LogScript:Warning: Script call stack:
	Function /Game/PlayerCharacter.PlayerCharacter_C:InpActEvt_LeftMouseButton_K2Node_InputKeyEvent_5
	Function /Game/PlayerCharacter.PlayerCharacter_C:ExecuteUbergraph_PlayerCharacter
	Function /Game/Remote.Remote_C:ActionLMB
	Function /Game/Remote.Remote_C:ExecuteUbergraph_Remote

[2018.01.31-10.03.53:318][642]LogScript:Warning: Attempted to access Cube_5 via property Mesh, but Cube_5 is pending kill
	Remote_C /Game/Maps/HelloWorld.HelloWorld:PersistentLevel.Remote_71
	Function /Game/Remote.Remote_C:ExecuteUbergraph_Remote:0014
[2018.01.31-10.03.53:318][642]LogScript:Warning: Script call stack:
	Function /Game/PlayerCharacter.PlayerCharacter_C:InpActEvt_LeftMouseButton_K2Node_InputKeyEvent_5
	Function /Game/PlayerCharacter.PlayerCharacter_C:ExecuteUbergraph_PlayerCharacter
	Function /Game/Remote.Remote_C:ActionLMB
	Function /Game/Remote.Remote_C:ExecuteUbergraph_Remote

[2018.01.31-10.03.53:947][681]LogBlueprintUserMessages: [Remote_71] Jeff
[2018.01.31-10.03.54:189][696]LogBlueprintUserMessages: [Remote_71] Jeff
[2018.01.31-10.03.54:399][709]LogBlueprintUserMessages: [Remote_71] Jeff
[2018.01.31-10.03.54:560][719]LogBlueprintUserMessages: [Remote_71] Jeff
[2018.01.31-10.03.54:802][734]LogBlueprintUserMessages: [Remote_71] Jeff
[2018.01.31-10.03.54:964][744]LogBlueprintUserMessages: [Remote_71] Jeff
[2018.01.31-10.03.55:140][755]LogBlueprintUserMessages: [Remote_71] Jeff
[2018.01.31-10.03.55:318][766]LogBlueprintUserMessages: [Remote_71] Jeff
[2018.01.31-10.03.55:496][777]LogBlueprintUserMessages: [Remote_71] Jeff
[2018.01.31-10.03.55:690][789]LogBlueprintUserMessages: [Remote_71] Jeff
[2018.01.31-10.03.55:882][801]LogBlueprintUserMessages: [Remote_71] Jeff
[2018.01.31-10.03.56:076][813]LogBlueprintUserMessages: [Remote_71] Jeff
[2018.01.31-10.03.56:237][823]LogBlueprintUserMessages: [Remote_71] Jeff
[2018.01.31-10.03.56:398][833]LogBlueprintUserMessages: [Remote_71] Jeff
[2018.01.31-10.03.56:593][845]LogBlueprintUserMessages: [Remote_71] Jeff
[2018.01.31-10.03.56:786][857]LogBlueprintUserMessages: [Remote_71] Jeff
[2018.01.31-10.03.56:980][869]LogBlueprintUserMessages: [Remote_71] Jeff
[2018.01.31-10.03.57:157][880]LogBlueprintUserMessages: [Remote_71] Jeff
[2018.01.31-10.04.05:996][428]LogBlueprintUserMessages: [PlayerCharacter_C_0] Bad
[2018.01.31-10.04.07:788][538]LogScript:Warning: Accessed None trying to read property HeldItem
	PlayerCharacter_C /Game/Maps/HelloWorld.HelloWorld:PersistentLevel.PlayerCharacter_C_0
	Function /Game/PlayerCharacter.PlayerCharacter_C:DropItem:000A
[2018.01.31-10.04.07:788][538]LogScript:Warning: Script call stack:
	Function /Game/PlayerCharacter.PlayerCharacter_C:InpActEvt_Use_K2Node_InputActionEvent_2
	Function /Game/PlayerCharacter.PlayerCharacter_C:ExecuteUbergraph_PlayerCharacter
	Function /Game/PlayerCharacter.PlayerCharacter_C:DropItem

[2018.01.31-10.04.07:788][538]LogScript:Warning: Accessed None trying to read property HeldItem
	PlayerCharacter_C /Game/Maps/HelloWorld.HelloWorld:PersistentLevel.PlayerCharacter_C_0
	Function /Game/PlayerCharacter.PlayerCharacter_C:DropItem:0031
[2018.01.31-10.04.07:788][538]LogScript:Warning: Script call stack:
	Function /Game/PlayerCharacter.PlayerCharacter_C:InpActEvt_Use_K2Node_InputActionEvent_2
	Function /Game/PlayerCharacter.PlayerCharacter_C:ExecuteUbergraph_PlayerCharacter
	Function /Game/PlayerCharacter.PlayerCharacter_C:DropItem

[2018.01.31-10.04.07:788][538]LogScript:Warning: Accessed None
	PlayerCharacter_C /Game/Maps/HelloWorld.HelloWorld:PersistentLevel.PlayerCharacter_C_0
	Function /Game/PlayerCharacter.PlayerCharacter_C:DropItem:0046
[2018.01.31-10.04.07:788][538]LogScript:Warning: Script call stack:
	Function /Game/PlayerCharacter.PlayerCharacter_C:InpActEvt_Use_K2Node_InputActionEvent_2
	Function /Game/PlayerCharacter.PlayerCharacter_C:ExecuteUbergraph_PlayerCharacter
	Function /Game/PlayerCharacter.PlayerCharacter_C:DropItem

[2018.01.31-10.04.07:788][538]LogScript:Warning: Accessed None trying to read property HeldItem
	PlayerCharacter_C /Game/Maps/HelloWorld.HelloWorld:PersistentLevel.PlayerCharacter_C_0
	Function /Game/PlayerCharacter.PlayerCharacter_C:DropItem:006D
[2018.01.31-10.04.07:788][538]LogScript:Warning: Script call stack:
	Function /Game/PlayerCharacter.PlayerCharacter_C:InpActEvt_Use_K2Node_InputActionEvent_2
	Function /Game/PlayerCharacter.PlayerCharacter_C:ExecuteUbergraph_PlayerCharacter
	Function /Game/PlayerCharacter.PlayerCharacter_C:DropItem

[2018.01.31-10.04.07:788][538]LogScript:Warning: Accessed None
	PlayerCharacter_C /Game/Maps/HelloWorld.HelloWorld:PersistentLevel.PlayerCharacter_C_0
	Function /Game/PlayerCharacter.PlayerCharacter_C:DropItem:0082
[2018.01.31-10.04.07:788][538]LogScript:Warning: Script call stack:
	Function /Game/PlayerCharacter.PlayerCharacter_C:InpActEvt_Use_K2Node_InputActionEvent_2
	Function /Game/PlayerCharacter.PlayerCharacter_C:ExecuteUbergraph_PlayerCharacter
	Function /Game/PlayerCharacter.PlayerCharacter_C:DropItem

[2018.01.31-10.04.07:788][538]LogBlueprintUserMessages: [PlayerCharacter_C_0] Good
[2018.01.31-10.04.09:110][620]LogBlueprintUserMessages: [Remote_71] Jeff
[2018.01.31-10.04.12:933][857]LogBlueprintUserMessages: [PlayerCharacter_C_0] Bad
[2018.01.31-10.04.15:691][ 28]LogBlueprintUserMessages: [PlayerCharacter_C_0] Bad
[2018.01.31-10.04.15:691][ 28]LogScript:Warning: Accessed None trying to read property HeldItem
	PlayerCharacter_C /Game/Maps/HelloWorld.HelloWorld:PersistentLevel.PlayerCharacter_C_0
	Function /Game/PlayerCharacter.PlayerCharacter_C:DropItem:000A
[2018.01.31-10.04.15:691][ 28]LogScript:Warning: Script call stack:
	Function /Game/PlayerCharacter.PlayerCharacter_C:InpActEvt_Use_K2Node_InputActionEvent_2
	Function /Game/PlayerCharacter.PlayerCharacter_C:ExecuteUbergraph_PlayerCharacter
	Function /Game/PlayerCharacter.PlayerCharacter_C:DropItem

[2018.01.31-10.04.15:691][ 28]LogScript:Warning: Accessed None trying to read property HeldItem
	PlayerCharacter_C /Game/Maps/HelloWorld.HelloWorld:PersistentLevel.PlayerCharacter_C_0
	Function /Game/PlayerCharacter.PlayerCharacter_C:DropItem:0031
[2018.01.31-10.04.15:691][ 28]LogScript:Warning: Script call stack:
	Function /Game/PlayerCharacter.PlayerCharacter_C:InpActEvt_Use_K2Node_InputActionEvent_2
	Function /Game/PlayerCharacter.PlayerCharacter_C:ExecuteUbergraph_PlayerCharacter
	Function /Game/PlayerCharacter.PlayerCharacter_C:DropItem

[2018.01.31-10.04.15:691][ 28]LogScript:Warning: Accessed None
	PlayerCharacter_C /Game/Maps/HelloWorld.HelloWorld:PersistentLevel.PlayerCharacter_C_0
	Function /Game/PlayerCharacter.PlayerCharacter_C:DropItem:0046
[2018.01.31-10.04.15:691][ 28]LogScript:Warning: Script call stack:
	Function /Game/PlayerCharacter.PlayerCharacter_C:InpActEvt_Use_K2Node_InputActionEvent_2
	Function /Game/PlayerCharacter.PlayerCharacter_C:ExecuteUbergraph_PlayerCharacter
	Function /Game/PlayerCharacter.PlayerCharacter_C:DropItem

[2018.01.31-10.04.15:691][ 28]LogScript:Warning: Accessed None trying to read property HeldItem
	PlayerCharacter_C /Game/Maps/HelloWorld.HelloWorld:PersistentLevel.PlayerCharacter_C_0
	Function /Game/PlayerCharacter.PlayerCharacter_C:DropItem:006D
[2018.01.31-10.04.15:691][ 28]LogScript:Warning: Script call stack:
	Function /Game/PlayerCharacter.PlayerCharacter_C:InpActEvt_Use_K2Node_InputActionEvent_2
	Function /Game/PlayerCharacter.PlayerCharacter_C:ExecuteUbergraph_PlayerCharacter
	Function /Game/PlayerCharacter.PlayerCharacter_C:DropItem

[2018.01.31-10.04.15:691][ 28]LogScript:Warning: Accessed None
	PlayerCharacter_C /Game/Maps/HelloWorld.HelloWorld:PersistentLevel.PlayerCharacter_C_0
	Function /Game/PlayerCharacter.PlayerCharacter_C:DropItem:0082
[2018.01.31-10.04.15:691][ 28]LogScript:Warning: Script call stack:
	Function /Game/PlayerCharacter.PlayerCharacter_C:InpActEvt_Use_K2Node_InputActionEvent_2
	Function /Game/PlayerCharacter.PlayerCharacter_C:ExecuteUbergraph_PlayerCharacter
	Function /Game/PlayerCharacter.PlayerCharacter_C:DropItem

[2018.01.31-10.04.16:434][ 74]LogBlueprintUserMessages: [PlayerCharacter_C_0] Bad
[2018.01.31-10.04.16:434][ 74]LogScript:Warning: Accessed None trying to read property HeldItem
	PlayerCharacter_C /Game/Maps/HelloWorld.HelloWorld:PersistentLevel.PlayerCharacter_C_0
	Function /Game/PlayerCharacter.PlayerCharacter_C:DropItem:000A
[2018.01.31-10.04.16:434][ 74]LogScript:Warning: Script call stack:
	Function /Game/PlayerCharacter.PlayerCharacter_C:InpActEvt_Use_K2Node_InputActionEvent_2
	Function /Game/PlayerCharacter.PlayerCharacter_C:ExecuteUbergraph_PlayerCharacter
	Function /Game/PlayerCharacter.PlayerCharacter_C:DropItem

[2018.01.31-10.04.16:434][ 74]LogScript:Warning: Accessed None trying to read property HeldItem
	PlayerCharacter_C /Game/Maps/HelloWorld.HelloWorld:PersistentLevel.PlayerCharacter_C_0
	Function /Game/PlayerCharacter.PlayerCharacter_C:DropItem:0031
[2018.01.31-10.04.16:434][ 74]LogScript:Warning: Script call stack:
	Function /Game/PlayerCharacter.PlayerCharacter_C:InpActEvt_Use_K2Node_InputActionEvent_2
	Function /Game/PlayerCharacter.PlayerCharacter_C:ExecuteUbergraph_PlayerCharacter
	Function /Game/PlayerCharacter.PlayerCharacter_C:DropItem

[2018.01.31-10.04.16:611][ 85]LogBlueprintUserMessages: [PlayerCharacter_C_0] Good
[2018.01.31-10.04.16:804][ 97]LogBlueprintUserMessages: [PlayerCharacter_C_0] Bad
[2018.01.31-10.04.16:965][107]LogBlueprintUserMessages: [PlayerCharacter_C_0] Bad
[2018.01.31-10.04.17:143][118]LogBlueprintUserMessages: [PlayerCharacter_C_0] Bad
[2018.01.31-10.04.17:337][130]LogBlueprintUserMessages: [PlayerCharacter_C_0] Bad
[2018.01.31-10.04.17:530][142]LogBlueprintUserMessages: [PlayerCharacter_C_0] Bad
[2018.01.31-10.04.17:708][153]LogBlueprintUserMessages: [PlayerCharacter_C_0] Bad
[2018.01.31-10.04.17:885][164]LogBlueprintUserMessages: [PlayerCharacter_C_0] Bad
[2018.01.31-10.04.18:062][175]LogBlueprintUserMessages: [PlayerCharacter_C_0] Bad
[2018.01.31-10.04.18:256][187]LogBlueprintUserMessages: [PlayerCharacter_C_0] Bad
[2018.01.31-10.04.18:450][199]LogBlueprintUserMessages: [PlayerCharacter_C_0] Bad
[2018.01.31-10.04.18:659][212]LogBlueprintUserMessages: [PlayerCharacter_C_0] Bad
[2018.01.31-10.04.18:885][226]LogBlueprintUserMessages: [PlayerCharacter_C_0] Bad
[2018.01.31-10.04.19:111][240]LogBlueprintUserMessages: [PlayerCharacter_C_0] Bad
[2018.01.31-10.04.19:304][252]LogBlueprintUserMessages: [PlayerCharacter_C_0] Bad
[2018.01.31-10.04.19:514][265]LogBlueprintUserMessages: [PlayerCharacter_C_0] Bad
[2018.01.31-10.04.19:723][278]LogBlueprintUserMessages: [PlayerCharacter_C_0] Bad
[2018.01.31-10.04.19:933][291]LogBlueprintUserMessages: [PlayerCharacter_C_0] Bad
[2018.01.31-10.04.20:143][304]LogBlueprintUserMessages: [PlayerCharacter_C_0] Good
[2018.01.31-10.04.20:530][328]LogBlueprintUserMessages: [PlayerCharacter_C_0] Bad
[2018.01.31-10.04.20:708][339]LogBlueprintUserMessages: [PlayerCharacter_C_0] Bad
[2018.01.31-10.04.20:917][352]LogBlueprintUserMessages: [PlayerCharacter_C_0] Bad
[2018.01.31-10.04.21:579][393]LogBlueprintUserMessages: [PlayerCharacter_C_0] Bad
[2018.01.31-10.04.21:804][407]LogBlueprintUserMessages: [PlayerCharacter_C_0] Bad
[2018.01.31-10.04.21:998][419]LogBlueprintUserMessages: [PlayerCharacter_C_0] Bad
[2018.01.31-10.04.22:402][444]LogBlueprintUserMessages: [PlayerCharacter_C_0] Good
[2018.01.31-10.04.37:290][367]LogBlueprintUserMessages: [Remote_71] Jeff
[2018.01.31-10.04.37:564][384]LogBlueprintUserMessages: [Remote_71] Jeff
[2018.01.31-10.04.37:773][397]LogBlueprintUserMessages: [Remote_71] Jeff
[2018.01.31-10.04.37:967][409]LogBlueprintUserMessages: [Remote_71] Jeff
[2018.01.31-10.04.38:209][424]LogBlueprintUserMessages: [Remote_71] Jeff
[2018.01.31-10.04.38:499][442]LogBlueprintUserMessages: [Remote_71] Jeff
[2018.01.31-10.04.38:773][459]LogBlueprintUserMessages: [Remote_71] Jeff
[2018.01.31-10.04.39:096][479]LogBlueprintUserMessages: [Remote_71] Jeff
[2018.01.31-10.04.39:306][492]LogBlueprintUserMessages: [Remote_71] Jeff
[2018.01.31-10.04.40:274][552]LogBlueprintUserMessages: [Remote_71] Jeff
[2018.01.31-10.04.40:483][565]LogBlueprintUserMessages: [Remote_71] Jeff
[2018.01.31-10.04.40:661][576]LogBlueprintUserMessages: [Remote_71] Jeff
[2018.01.31-10.04.40:854][588]LogBlueprintUserMessages: [Remote_71] Jeff
[2018.01.31-10.04.41:160][607]LogBlueprintUserMessages: [PlayerCharacter_C_0] Bad
[2018.01.31-10.04.46:152][912]LogPackageName: SearchForPackageOnDisk took   0.061s to resolve Menu.umap.
[2018.01.31-10.04.46:210][912]LogPackageName: SearchForPackageOnDisk took   0.057s to resolve Menu.umap.
[2018.01.31-10.04.46:210][912]LogNet: Browse: /Game/Maps/Menu
[2018.01.31-10.04.46:210][912]LogLoad: LoadMap: /Game/Maps/Menu
[2018.01.31-10.04.46:231][912]LogMemory: Platform Memory Stats for Windows
[2018.01.31-10.04.46:231][912]LogMemory: Process Physical Memory: 878.85 MB used, 953.54 MB peak
[2018.01.31-10.04.46:231][912]LogMemory: Process Virtual Memory: 1041.65 MB used, 1144.51 MB peak
[2018.01.31-10.04.46:231][912]LogMemory: Physical Memory: 6128.31 MB used,  10193.83 MB free, 16322.14 MB total
[2018.01.31-10.04.46:231][912]LogMemory: Virtual Memory: 1700.15 MB used,  10193.83 MB free, 134217728.00 MB total
[2018.01.31-10.04.46:231][912]LogMemory: 
[2018.01.31-10.04.46:231][912]Allocator Stats for TBB: (not implemented)
[2018.01.31-10.04.46:259][912]LogAIModule: Creating AISystem for world Menu
[2018.01.31-10.04.46:305][912]LogLoad: Game class is 'FuseGM_C'
[2018.01.31-10.04.46:308][912]LogWorld: Bringing World /Game/Maps/Menu.Menu up for play (max tick rate 0) at 2018.01.31-10.04.46
[2018.01.31-10.04.46:308][912]LogWorld: Bringing up level for play took: 0.000583
[2018.01.31-10.04.46:308][912]LogGameMode: FindPlayerStart: PATHS NOT DEFINED or NO PLAYERSTART with positive rating
[2018.01.31-10.04.46:309][912]LogLoad: Took 0.099323 seconds to LoadMap(/Game/Maps/Menu)
[2018.01.31-10.04.47:420][978]LogPackageName: SearchForPackageOnDisk took   0.060s to resolve HelloWorld.umap.
[2018.01.31-10.04.47:476][978]LogPackageName: SearchForPackageOnDisk took   0.056s to resolve HelloWorld.umap.
[2018.01.31-10.04.47:476][978]LogNet: Browse: /Game/Maps/HelloWorld
[2018.01.31-10.04.47:476][978]LogLoad: LoadMap: /Game/Maps/HelloWorld
[2018.01.31-10.04.47:494][978]LogMemory: Platform Memory Stats for Windows
[2018.01.31-10.04.47:494][978]LogMemory: Process Physical Memory: 896.98 MB used, 953.54 MB peak
[2018.01.31-10.04.47:494][978]LogMemory: Process Virtual Memory: 1125.67 MB used, 1144.51 MB peak
[2018.01.31-10.04.47:494][978]LogMemory: Physical Memory: 6144.46 MB used,  10177.68 MB free, 16322.14 MB total
[2018.01.31-10.04.47:494][978]LogMemory: Virtual Memory: 1758.21 MB used,  10177.68 MB free, 134217728.00 MB total
[2018.01.31-10.04.47:494][978]LogMemory: 
[2018.01.31-10.04.47:494][978]Allocator Stats for TBB: (not implemented)
[2018.01.31-10.04.47:672][978]LogAIModule: Creating AISystem for world HelloWorld
[2018.01.31-10.04.47:716][978]LogLoad: Game class is 'FuseGM_C'
[2018.01.31-10.04.47:734][978]PIE:Warning: Warning Trying to simulate physics on ''/Game/Maps/HelloWorld.HelloWorld:PersistentLevel.Remote_71.StaticMesh'' but it has ComplexAsSimple collision.
[2018.01.31-10.04.47:734][978]LogWorld: Bringing World /Game/Maps/HelloWorld.HelloWorld up for play (max tick rate 0) at 2018.01.31-10.04.47
[2018.01.31-10.04.47:735][978]LogWorld: Bringing up level for play took: 0.017906
[2018.01.31-10.04.47:736][978]LogLoad: Took 0.260059 seconds to LoadMap(/Game/Maps/HelloWorld)
[2018.01.31-10.04.53:424][324]LogPackageName: SearchForPackageOnDisk took   0.060s to resolve Menu.umap.
[2018.01.31-10.04.53:483][324]LogPackageName: SearchForPackageOnDisk took   0.058s to resolve Menu.umap.
[2018.01.31-10.04.53:483][324]LogNet: Browse: /Game/Maps/Menu
[2018.01.31-10.04.53:483][324]LogLoad: LoadMap: /Game/Maps/Menu
[2018.01.31-10.04.53:512][324]LogMemory: Platform Memory Stats for Windows
[2018.01.31-10.04.53:513][324]LogMemory: Process Physical Memory: 943.44 MB used, 953.54 MB peak
[2018.01.31-10.04.53:513][324]LogMemory: Process Virtual Memory: 1064.15 MB used, 1155.14 MB peak
[2018.01.31-10.04.53:513][324]LogMemory: Physical Memory: 6194.44 MB used,  10127.70 MB free, 16322.14 MB total
[2018.01.31-10.04.53:513][324]LogMemory: Virtual Memory: 1706.59 MB used,  10127.70 MB free, 134217728.00 MB total
[2018.01.31-10.04.53:513][324]LogMemory: 
[2018.01.31-10.04.53:513][324]Allocator Stats for TBB: (not implemented)
[2018.01.31-10.04.53:541][324]LogAIModule: Creating AISystem for world Menu
[2018.01.31-10.04.53:587][324]LogLoad: Game class is 'FuseGM_C'
[2018.01.31-10.04.53:589][324]LogWorld: Bringing World /Game/Maps/Menu.Menu up for play (max tick rate 0) at 2018.01.31-10.04.53
[2018.01.31-10.04.53:589][324]LogWorld: Bringing up level for play took: 0.000497
[2018.01.31-10.04.53:590][324]LogGameMode: FindPlayerStart: PATHS NOT DEFINED or NO PLAYERSTART with positive rating
[2018.01.31-10.04.53:591][324]LogLoad: Took 0.107951 seconds to LoadMap(/Game/Maps/Menu)
[2018.01.31-10.04.54:689][392]Closing by request
[2018.01.31-10.04.54:689][392]LogWindows: FPlatformMisc::RequestExit(0)
[2018.01.31-10.04.55:542][393]LogWindowsTextInputMethodSystem:Display: IME system now deactivated.
[2018.01.31-10.04.55:547][393]LogWindowsTextInputMethodSystem:Display: IME system now deactivated.
[2018.01.31-10.04.55:556][393]LogExit: Preparing to exit.
[2018.01.31-10.04.55:557][393]LogMoviePlayer: Shutting down movie player
[2018.01.31-10.04.56:595][393]LogExit: Game engine shut down
[2018.01.31-10.04.56:647][393]LogObj: Freed 0b from 0 cluster array pools.
[2018.01.31-10.04.56:647][393]LogExit: Object subsystem successfully closed.
[2018.01.31-10.04.56:664][393]LogD3D11RHI: Shutdown
[2018.01.31-10.04.56:664][393]LogD3D11RHI: CleanupD3DDevice
[2018.01.31-10.04.56:699][393]LogD3D11RHI: ~FD3D11DynamicRHI
[2018.01.31-10.04.56:705][393]LogModuleManager: Shutting down and abandoning module SequenceRecorderSections (296)
[2018.01.31-10.04.56:705][393]LogModuleManager: Shutting down and abandoning module SequenceRecorder (294)
[2018.01.31-10.04.56:705][393]LogModuleManager: Shutting down and abandoning module AutomationController (292)
[2018.01.31-10.04.56:706][393]LogModuleManager: Shutting down and abandoning module AutomationWorker (290)
[2018.01.31-10.04.56:706][393]LogModuleManager: Shutting down and abandoning module AIModule (288)
[2018.01.31-10.04.56:706][393]LogModuleManager: Shutting down and abandoning module GameplayDebugger (287)
[2018.01.31-10.04.56:706][393]LogModuleManager: Shutting down and abandoning module AITestSuite (285)
[2018.01.31-10.04.56:706][393]LogModuleManager: Shutting down and abandoning module WmfMediaFactory (282)
[2018.01.31-10.04.56:706][393]LogModuleManager: Shutting down and abandoning module AvfMediaFactory (280)
[2018.01.31-10.04.56:706][393]LogModuleManager: Shutting down and abandoning module AndroidMediaFactory (278)
[2018.01.31-10.04.56:706][393]LogModuleManager: Shutting down and abandoning module Media (277)
[2018.01.31-10.04.56:706][393]LogModuleManager: Shutting down and abandoning module CharacterAI (274)
[2018.01.31-10.04.56:706][393]LogModuleManager: Shutting down and abandoning module SessionServices (272)
[2018.01.31-10.04.56:706][393]LogModuleManager: Shutting down and abandoning module MovieSceneCapture (270)
[2018.01.31-10.04.56:706][393]LogModuleManager: Shutting down and abandoning module MovieSceneTracks (268)
[2018.01.31-10.04.56:706][393]LogModuleManager: Shutting down and abandoning module MovieScene (266)
[2018.01.31-10.04.56:706][393]LogModuleManager: Shutting down and abandoning module GeometryCache (264)
[2018.01.31-10.04.56:706][393]LogModuleManager: Shutting down and abandoning module GeometryCacheEd (263)
[2018.01.31-10.04.56:706][393]LogModuleManager: Shutting down and abandoning module Niagara (260)
[2018.01.31-10.04.56:706][393]LogModuleManager: Shutting down and abandoning module NiagaraEditor (259)
[2018.01.31-10.04.56:706][393]LogModuleManager: Shutting down and abandoning module StreamingPauseRendering (256)
[2018.01.31-10.04.56:706][393]LogModuleManager: Shutting down and abandoning module PortalServices (254)
[2018.01.31-10.04.56:706][393]LogModuleManager: Shutting down and abandoning module PortalRpc (252)
[2018.01.31-10.04.56:706][393]LogModuleManager: Shutting down and abandoning module MessagingRpc (250)
[2018.01.31-10.04.56:706][393]LogModuleManager: Shutting down and abandoning module ProfilerService (248)
[2018.01.31-10.04.56:864][393]LogModuleManager: Shutting down and abandoning module TaskGraph (246)
[2018.01.31-10.04.56:864][393]LogModuleManager: Shutting down and abandoning module SteamVRController (244)
[2018.01.31-10.04.56:864][393]LogModuleManager: Shutting down and abandoning module SteamVR (242)
[2018.01.31-10.04.56:864][393]LogModuleManager: Shutting down and abandoning module ProceduralMeshComponent (240)
[2018.01.31-10.04.56:864][393]LogModuleManager: Shutting down and abandoning module OculusLibrary (238)
[2018.01.31-10.04.56:864][393]LogModuleManager: Shutting down and abandoning module OculusInput (236)
[2018.01.31-10.04.56:864][393]LogModuleManager: Shutting down and abandoning module MobilePatchingUtils (234)
[2018.01.31-10.04.56:864][393]LogModuleManager: Shutting down and abandoning module CustomMeshComponent (232)
[2018.01.31-10.04.56:864][393]LogModuleManager: Shutting down and abandoning module CableComponent (230)
[2018.01.31-10.04.56:864][393]LogModuleManager: Shutting down and abandoning module ArchVisCharacter (228)
[2018.01.31-10.04.56:864][393]LogModuleManager: Shutting down and abandoning module AndroidPermission (226)
[2018.01.31-10.04.56:864][393]LogModuleManager: Shutting down and abandoning module HTML5Networking (222)
[2018.01.31-10.04.56:864][393]LogModuleManager: Shutting down and abandoning module VisualStudioSourceCodeAccess (220)
[2018.01.31-10.04.56:864][393]LogModuleManager: Shutting down and abandoning module DesktopPlatform (219)
[2018.01.31-10.04.56:864][393]LogModuleManager: Shutting down and abandoning module HotReload (217)
[2018.01.31-10.04.56:864][393]LogModuleManager: Shutting down and abandoning module UObjectPlugin (214)
[2018.01.31-10.04.56:864][393]LogModuleManager: Shutting down and abandoning module SubversionSourceControl (212)
[2018.01.31-10.04.56:864][393]LogModuleManager: Shutting down and abandoning module PerforceSourceControl (210)
[2018.01.31-10.04.56:864][393]LogModuleManager: Shutting down and abandoning module SourceControl (209)
[2018.01.31-10.04.56:864][393]LogModuleManager: Shutting down and abandoning module PhysXVehiclesEditor (206)
[2018.01.31-10.04.56:864][393]LogModuleManager: Shutting down and abandoning module PhysXVehicles (204)
[2018.01.31-10.04.56:865][393]LogModuleManager: Shutting down and abandoning module LocationServicesBPLibrary (202)
[2018.01.31-10.04.56:865][393]LogModuleManager: Shutting down and abandoning module ImmediatePhysicsEditor (200)
[2018.01.31-10.04.56:865][393]LogModuleManager: Shutting down and abandoning module ImmediatePhysics (198)
[2018.01.31-10.04.56:865][393]LogModuleManager: Shutting down and abandoning module UdpMessaging (196)
[2018.01.31-10.04.56:965][393]LogModuleManager: Shutting down and abandoning module TcpMessaging (194)
[2018.01.31-10.04.57:395][393]LogModuleManager: Shutting down and abandoning module GameplayTagsEditor (192)
[2018.01.31-10.04.57:395][393]LogModuleManager: Shutting down and abandoning module FacialAnimation (190)
[2018.01.31-10.04.57:395][393]LogModuleManager: Shutting down and abandoning module AssetManagerEditor (188)
[2018.01.31-10.04.57:395][393]LogModuleManager: Shutting down and abandoning module GraphEditor (187)
[2018.01.31-10.04.57:395][393]LogModuleManager: Shutting down and abandoning module ContentBrowser (185)
[2018.01.31-10.04.57:395][393]LogModuleManager: Shutting down and abandoning module CollectionManager (184)
[2018.01.31-10.04.57:395][393]LogDirectoryWatcher: A directory notification for 'E:/FMP/RPG_Game/RPG_Game/Content/Collections/' was aborted.
[2018.01.31-10.04.57:395][393]LogDirectoryWatcher: A directory notification for 'E:/FMP/RPG_Game/RPG_Game/Content/Developers/jordanboast/Collections/' was aborted.
[2018.01.31-10.04.57:395][393]LogDirectoryWatcher: A directory notification for 'E:/FMP/RPG_Game/RPG_Game/Saved/Collections/' was aborted.
[2018.01.31-10.04.57:395][393]LogModuleManager: Shutting down and abandoning module DirectoryWatcher (183)
[2018.01.31-10.04.57:395][393]LogModuleManager: Shutting down and abandoning module LightPropagationVolumeRuntime (178)
[2018.01.31-10.04.57:395][393]LogModuleManager: Shutting down and abandoning module Paper2D (176)
[2018.01.31-10.04.57:395][393]LogModuleManager: Shutting down and abandoning module WindowsMoviePlayer (174)
[2018.01.31-10.04.57:395][393]LogModuleManager: Shutting down and abandoning module WmfMedia (172)
[2018.01.31-10.04.57:395][393]LogModuleManager: Shutting down and abandoning module ClothingSystemEditor (170)
[2018.01.31-10.04.57:395][393]LogModuleManager: Shutting down and abandoning module ClothingSystemRuntime (168)
[2018.01.31-10.04.57:395][393]LogModuleManager: Shutting down and abandoning module MediaAssets (166)
[2018.01.31-10.04.57:395][393]LogModuleManager: Shutting down and abandoning module GameLiveStreaming (164)
[2018.01.31-10.04.57:396][393]LogModuleManager: Shutting down and abandoning module VREditor (162)
[2018.01.31-10.04.57:396][393]LogModuleManager: Shutting down and abandoning module StringTableEditor (160)
[2018.01.31-10.04.57:396][393]LogModuleManager: Shutting down and abandoning module GameplayTasksEditor (158)
[2018.01.31-10.04.57:396][393]LogModuleManager: Shutting down and abandoning module BehaviorTreeEditor (156)
[2018.01.31-10.04.57:396][393]LogModuleManager: Shutting down and abandoning module FunctionalTesting (154)
[2018.01.31-10.04.57:396][393]LogModuleManager: Shutting down and abandoning module CollisionAnalyzer (152)
[2018.01.31-10.04.57:396][393]LogModuleManager: Shutting down and abandoning module UMG (150)
[2018.01.31-10.04.57:396][393]LogModuleManager: Shutting down and abandoning module UMGEditor (149)
[2018.01.31-10.04.57:396][393]LogModuleManager: Shutting down and abandoning module Sequencer (148)
[2018.01.31-10.04.57:396][393]LogModuleManager: Shutting down and abandoning module AssetTools (146)
[2018.01.31-10.04.57:396][393]LogModuleManager: Shutting down and abandoning module MessageLog (145)
[2018.01.31-10.04.57:396][393]LogModuleManager: Shutting down and abandoning module WorkspaceMenuStructure (144)
[2018.01.31-10.04.57:396][393]LogModuleManager: Shutting down and abandoning module SlateReflector (138)
[2018.01.31-10.04.57:396][393]LogModuleManager: Shutting down and abandoning module Slate (136)
[2018.01.31-10.04.57:396][393]LogModuleManager: Shutting down and abandoning module EditorStyle (134)
[2018.01.31-10.04.57:398][393]LogModuleManager: Shutting down and abandoning module Messaging (132)
[2018.01.31-10.04.57:398][393]LogModuleManager: Shutting down and abandoning module SourceCodeAccess (130)
[2018.01.31-10.04.57:399][393]LogModuleManager: Shutting down and abandoning module HeadMountedDisplay (128)
[2018.01.31-10.04.57:399][393]LogModuleManager: Shutting down and abandoning module XAudio2 (126)
[2018.01.31-10.04.57:399][393]LogModuleManager: Shutting down and abandoning module Networking (124)
[2018.01.31-10.04.57:399][393]LogModuleManager: Shutting down and abandoning module Core (120)
[2018.01.31-10.04.57:399][393]LogModuleManager: Shutting down and abandoning module KismetCompiler (118)
[2018.01.31-10.04.57:399][393]LogModuleManager: Shutting down and abandoning module LevelSequence (116)
[2018.01.31-10.04.57:399][393]LogModuleManager: Shutting down and abandoning module PhysXFormats (114)
[2018.01.31-10.04.57:399][393]LogModuleManager: Shutting down and abandoning module MeshUtilities (112)
[2018.01.31-10.04.57:401][393]LogModuleManager: Shutting down and abandoning module SimplygonSwarm (111)
[2018.01.31-10.04.57:401][393]LogModuleManager: Shutting down and abandoning module SimplygonMeshReduction (109)
[2018.01.31-10.04.57:401][393]LogModuleManager: Shutting down and abandoning module QuadricMeshReduction (107)
[2018.01.31-10.04.57:401][393]LogModuleManager: Shutting down and abandoning module AssetRegistry (104)
[2018.01.31-10.04.57:401][393]LogModuleManager: Shutting down and abandoning module DerivedDataCache (102)
[2018.01.31-10.04.57:425][393]LogDerivedDataCache: Shutdown
[2018.01.31-10.04.57:425][393]LogModuleManager: Shutting down and abandoning module TargetPlatform (100)
[2018.01.31-10.04.57:425][393]LogModuleManager: Shutting down and abandoning module VulkanShaderFormat (99)
[2018.01.31-10.04.57:425][393]LogModuleManager: Shutting down and abandoning module ShaderFormatVectorVM (97)
[2018.01.31-10.04.57:434][393]LogModuleManager: Shutting down and abandoning module ShaderFormatOpenGL (95)
[2018.01.31-10.04.57:434][393]LogModuleManager: Shutting down and abandoning module ShaderFormatD3D (93)
[2018.01.31-10.04.57:435][393]LogModuleManager: Shutting down and abandoning module MetalShaderFormat (91)
[2018.01.31-10.04.57:435][393]LogModuleManager: Shutting down and abandoning module TextureFormatUncompressed (89)
[2018.01.31-10.04.57:435][393]LogModuleManager: Shutting down and abandoning module TextureFormatPVR (87)
[2018.01.31-10.04.57:435][393]LogModuleManager: Shutting down and abandoning module TextureFormatDXT (85)
[2018.01.31-10.04.57:435][393]LogModuleManager: Shutting down and abandoning module TextureFormatIntelISPCTexComp (83)
[2018.01.31-10.04.57:435][393]LogModuleManager: Shutting down and abandoning module TextureFormatASTC (81)
[2018.01.31-10.04.57:435][393]LogModuleManager: Shutting down and abandoning module ImageWrapper (80)
[2018.01.31-10.04.57:435][393]LogModuleManager: Shutting down and abandoning module TextureFormatAndroid (77)
[2018.01.31-10.04.57:435][393]LogModuleManager: Shutting down and abandoning module AudioFormatOpus (75)
[2018.01.31-10.04.57:435][393]LogModuleManager: Shutting down and abandoning module AudioFormatOgg (73)
[2018.01.31-10.04.57:435][393]LogModuleManager: Shutting down and abandoning module AudioFormatADPCM (71)
[2018.01.31-10.04.57:435][393]LogModuleManager: Shutting down and abandoning module WindowsTargetPlatform (69)
[2018.01.31-10.04.57:435][393]LogModuleManager: Shutting down and abandoning module WindowsServerTargetPlatform (67)
[2018.01.31-10.04.57:435][393]LogModuleManager: Shutting down and abandoning module WindowsNoEditorTargetPlatform (65)
[2018.01.31-10.04.57:435][393]LogModuleManager: Shutting down and abandoning module WindowsClientTargetPlatform (63)
[2018.01.31-10.04.57:435][393]LogModuleManager: Shutting down and abandoning module InputCore (60)
[2018.01.31-10.04.57:435][393]LogModuleManager: Shutting down and abandoning module Settings (58)
[2018.01.31-10.04.57:435][393]LogModuleManager: Shutting down and abandoning module OculusRift (56)
[2018.01.31-10.04.57:435][393]LogModuleManager: Shutting down and abandoning module GearVRController (54)
[2018.01.31-10.04.57:435][393]LogModuleManager: Shutting down and abandoning module GearVR (52)
[2018.01.31-10.04.57:435][393]LogModuleManager: Shutting down and abandoning module ExampleDeviceProfileSelector (50)
[2018.01.31-10.04.57:435][393]LogModuleManager: Shutting down and abandoning module OnlineBlueprintSupport (48)
[2018.01.31-10.04.57:435][393]LogModuleManager: Shutting down and abandoning module OnlineSubsystem (44)
[2018.01.31-10.04.57:435][393]LogOnline:Display: Unloading online subsystem: NULL
[2018.01.31-10.04.57:467][393]LogModuleManager: Shutting down and abandoning module XMPP (43)
[2018.01.31-10.04.57:467][393]LogModuleManager: Shutting down and abandoning module HTTP (41)
[2018.01.31-10.04.57:481][393]LogModuleManager: Shutting down and abandoning module SSL (40)
[2018.01.31-10.04.57:482][393]LogModuleManager: Shutting down and abandoning module HTTPChunkInstaller (36)
[2018.01.31-10.04.57:482][393]LogModuleManager: Shutting down and abandoning module AnimationModifiers (34)
[2018.01.31-10.04.57:482][393]LogModuleManager: Shutting down and abandoning module PropertyEditor (33)
[2018.01.31-10.04.57:482][393]LogModuleManager: Shutting down and abandoning module AudioEditor (30)
[2018.01.31-10.04.57:482][393]LogModuleManager: Shutting down and abandoning module TextureCompressor (28)
[2018.01.31-10.04.57:482][393]LogModuleManager: Shutting down and abandoning module ShaderCore (26)
[2018.01.31-10.04.57:482][393]LogModuleManager: Shutting down and abandoning module Landscape (24)
[2018.01.31-10.04.57:482][393]LogModuleManager: Shutting down and abandoning module SlateRHIRenderer (22)
[2018.01.31-10.04.57:483][393]LogModuleManager: Shutting down and abandoning module OpenGLDrv (20)
[2018.01.31-10.04.57:483][393]LogModuleManager: Shutting down and abandoning module D3D11RHI (18)
[2018.01.31-10.04.57:483][393]LogModuleManager: Shutting down and abandoning module AnimGraphRuntime (16)
[2018.01.31-10.04.57:483][393]LogModuleManager: Shutting down and abandoning module Renderer (14)
[2018.01.31-10.04.57:483][393]LogModuleManager: Shutting down and abandoning module Engine (12)
[2018.01.31-10.04.57:483][393]LogModuleManager: Shutting down and abandoning module CoreUObject (10)
[2018.01.31-10.04.57:483][393]LogModuleManager: Shutting down and abandoning module NetworkFile (8)
[2018.01.31-10.04.57:483][393]LogModuleManager: Shutting down and abandoning module StreamingFile (6)
[2018.01.31-10.04.57:483][393]LogModuleManager: Shutting down and abandoning module SandboxFile (4)
[2018.01.31-10.04.57:483][393]LogModuleManager: Shutting down and abandoning module PakFile (2)
[2018.01.31-10.04.57:484][393]LogExit: Exiting.
[2018.01.31-10.04.57:485][393]Log file closed, 01/31/18 10:04:57
