Log file open, 11/27/17 01:01:57
LogInit:Display: Running engine for game: RPG_Game
LogPlatformFile: Not using cached read wrapper
LogInit:Display: RandInit(705627484) SRandInit(705627484).
LogTaskGraph: Started task graph with 5 named threads and 8 total threads with 1 sets of task threads.
LogStats: Stats thread started at 0.532301
LogInit: Using libcurl 7.47.1
LogInit:  - built for x86_64-pc-win32
LogInit:  - supports SSL with OpenSSL/1.0.2g
LogInit:  - supports HTTP deflate (compression) using libz 1.2.8
LogInit:  - other features:
LogInit:      CURL_VERSION_SSL
LogInit:      CURL_VERSION_LIBZ
LogInit:      CURL_VERSION_IPV6
LogInit:      CURL_VERSION_ASYNCHDNS
LogInit:      CURL_VERSION_LARGEFILE
LogInit:      CURL_VERSION_IDN
LogInit:  CurlRequestOptions (configurable via config and command line):
LogInit:  - bVerifyPeer = false  - Libcurl will NOT verify peer certificate
LogInit:  - bUseHttpProxy = false  - Libcurl will NOT use HTTP proxy
LogInit:  - bDontReuseConnections = false  - Libcurl will reuse connections
LogInit:  - CertBundlePath = nullptr  - Libcurl will use whatever was configured at build time.
LogInit: Build: ++UE4+Release-4.16-CL-3561208
LogInit: Engine Version: 4.16.3-3561208+++UE4+Release-4.16
LogInit: Compatible Engine Version: 4.16.0-3452394+++UE4+Release-4.16
LogInit: Net CL: 3452394
LogDevObjectVersion: Number of dev versions registered: 16
LogDevObjectVersion:   Dev-Blueprints (B0D832E4-1F89-4F0D-ACCF-7EB736FD4AA2): 9
LogDevObjectVersion:   Dev-Build (E1C64328-A22C-4D53-A36C-8E866417BD8C): 0
LogDevObjectVersion:   Dev-Core (375EC13C-06E4-48FB-B500-84F0262A717E): 2
LogDevObjectVersion:   Dev-Editor (E4B068ED-F494-42E9-A231-DA0B2E46BB41): 17
LogDevObjectVersion:   Dev-Framework (CFFC743F-43B0-4480-9391-14DF171D2073): 23
LogDevObjectVersion:   Dev-Mobile (B02B49B5-BB20-44E9-A304-32B752E40360): 0
LogDevObjectVersion:   Dev-Networking (A4E4105C-59A1-49B5-A7C5-40C4547EDFEE): 0
LogDevObjectVersion:   Dev-Online (39C831C9-5AE6-47DC-9A44-9C173E1C8E7C): 0
LogDevObjectVersion:   Dev-Physics (78F01B33-EBEA-4F98-B9B4-84EACCB95AA2): 0
LogDevObjectVersion:   Dev-Platform (6631380F-2D4D-43E0-8009-CF276956A95A): 0
LogDevObjectVersion:   Dev-Rendering (12F88B9F-8875-4AFC-A67C-D90C383ABD29): 15
LogDevObjectVersion:   Dev-Sequencer (7B5AE74C-D270-4C10-A958-57980B212A5A): 4
LogDevObjectVersion:   Dev-VR (D7296918-1DD6-4BDD-9DE2-64A83CC13884): 0
LogDevObjectVersion:   Dev-LoadTimes (C2A15278-BFE7-4AFE-6C17-90FF531DF755): 1
LogDevObjectVersion:   Private-Geometry (6EACA3D4-40EC-4CC1-B786-8BED09428FC5): 1
LogDevObjectVersion:   Dev-AnimPhys (29E575DD-E0A3-4627-9D10-D276232CDCEA): 3
LogInit: Compiled (64-bit): Jul 28 2017 11:49:47
LogInit: Compiled with Visual C++: 19.00.24215.01
LogInit: Build Configuration: Development
LogInit: Branch Name: ++UE4+Release-4.16
LogInit: Command line:  
LogInit: Base directory: F:/UE/UE_4.16/Engine/Binaries/Win64/
LogInit: Installed Engine Build: 1
LogInit: Presizing for max 8388607 objects, including 0 objects not considered by GC, pre-allocating 0 bytes for permanent pool.
LogInit: Object subsystem initialized
[2017.11.27-01.01.58:845][  0]LogInit: Selected Device Profile: [Windows]
[2017.11.27-01.01.58:845][  0]LogInit: Applying CVar settings loaded from the selected device profile: [Windows]
[2017.11.27-01.01.58:855][  0]LogInit: Computer: RYAN-PC
[2017.11.27-01.01.58:855][  0]LogInit: User: Ryan
[2017.11.27-01.01.58:855][  0]LogInit: CPU Page size=4096, Cores=4
[2017.11.27-01.01.58:855][  0]LogInit: High frequency timer resolution =3.417994 MHz
[2017.11.27-01.01.58:856][  0]LogMemory: Memory total: Physical=7.9GB (8GB approx)
[2017.11.27-01.01.58:856][  0]LogMemory: Platform Memory Stats for Windows
[2017.11.27-01.01.58:856][  0]LogMemory: Process Physical Memory: 274.11 MB used, 274.11 MB peak
[2017.11.27-01.01.58:856][  0]LogMemory: Process Virtual Memory: 261.04 MB used, 261.04 MB peak
[2017.11.27-01.01.58:856][  0]LogMemory: Physical Memory: 4324.48 MB used,  3813.39 MB free, 8137.87 MB total
[2017.11.27-01.01.58:856][  0]LogMemory: Virtual Memory: 638.62 MB used,  3813.39 MB free, 134217728.00 MB total
[2017.11.27-01.01.59:470][  0]LogInit: Using OS detected language (en-GB).
[2017.11.27-01.01.59:470][  0]LogInit: Using OS detected locale (en-GB).
[2017.11.27-01.01.59:480][  0]LogTextLocalizationManager: No specific localization for 'en-GB' exists, so the 'en' localization will be used.
[2017.11.27-01.02.00:570][  0]LogD3D11RHI: D3D11 adapters:
[2017.11.27-01.02.00:625][  0]LogD3D11RHI:    0. 'NVIDIA GeForce GTX 1080' (Feature Level 11_0)
[2017.11.27-01.02.00:625][  0]LogD3D11RHI:       8091/0/4068 MB DedicatedVideo/DedicatedSystem/SharedSystem, Outputs:2, VendorId:0x10de
[2017.11.27-01.02.00:626][  0]LogD3D11RHI:    1. 'Microsoft Basic Render Driver' (Feature Level 11_0)
[2017.11.27-01.02.00:626][  0]LogD3D11RHI:       0/0/4068 MB DedicatedVideo/DedicatedSystem/SharedSystem, Outputs:0, VendorId:0x1414
[2017.11.27-01.02.00:626][  0]LogD3D11RHI: Chosen D3D11 Adapter: 0
[2017.11.27-01.02.00:630][  0]LogD3D11RHI: Creating new Direct3DDevice
[2017.11.27-01.02.00:630][  0]LogD3D11RHI:     GPU DeviceId: 0x1b80 (for the marketing name, search the web for "GPU Device Id")
[2017.11.27-01.02.00:630][  0]LogWindows: EnumDisplayDevices:
[2017.11.27-01.02.00:630][  0]LogWindows:    0. 'NVIDIA GeForce GTX 1080' (P:1 D:1)
[2017.11.27-01.02.00:630][  0]LogWindows:    1. 'NVIDIA GeForce GTX 1080' (P:0 D:1)
[2017.11.27-01.02.00:630][  0]LogWindows:    2. 'NVIDIA GeForce GTX 1080' (P:0 D:0)
[2017.11.27-01.02.00:630][  0]LogWindows:    3. 'NVIDIA GeForce GTX 1080' (P:0 D:0)
[2017.11.27-01.02.00:630][  0]LogWindows: DebugString: FoundDriverCount:4 
[2017.11.27-01.02.00:630][  0]LogD3D11RHI:     Adapter Name: NVIDIA GeForce GTX 1080
[2017.11.27-01.02.00:630][  0]LogD3D11RHI:   Driver Version: 388.13 (internal:23.21.13.8813, unified:388.13)
[2017.11.27-01.02.00:630][  0]LogD3D11RHI:      Driver Date: 10-27-2017
[2017.11.27-01.02.00:630][  0]LogRHI: Texture pool is 1361 MB (70% of 1945 MB)
[2017.11.27-01.02.00:661][  0]LogD3D11RHI: Async texture creation enabled
[2017.11.27-01.02.00:692][  0]LogD3D11RHI: GPU Timing Frequency: 1000.000000 (Debug: 2 2)
[2017.11.27-01.02.00:744][  0]LogShaderCompilers: Guid format shader working directory is -2 characters bigger than the processId version (../../../../../GitDownloaded/FMP_RPG_Game_Charm/Intermediate/Shaders/WorkingDirectory/4480/).
[2017.11.27-01.02.00:744][  0]LogShaderCompilers: Cleaned the shader compiler working directory 'C:/Users/Ryan/AppData/Local/Temp/UnrealShaderWorkingDir/9A4DBBDE4E6672C68C38D69423CFF3CC/'.
[2017.11.27-01.02.00:745][  0]LogShaderCompilers:Display: Using Local Shader Compiler.
[2017.11.27-01.02.02:310][  0]LogTemp:Display: Loaded TP AllDesktopTargetPlatform
[2017.11.27-01.02.02:403][  0]LogTemp:Display: Loaded TP MacClientTargetPlatform
[2017.11.27-01.02.02:499][  0]LogTemp:Display: Loaded TP MacNoEditorTargetPlatform
[2017.11.27-01.02.02:594][  0]LogTemp:Display: Loaded TP MacServerTargetPlatform
[2017.11.27-01.02.02:702][  0]LogTemp:Display: Loaded TP MacTargetPlatform
[2017.11.27-01.02.02:795][  0]LogTemp:Display: Loaded TP WindowsClientTargetPlatform
[2017.11.27-01.02.02:889][  0]LogTemp:Display: Loaded TP WindowsNoEditorTargetPlatform
[2017.11.27-01.02.02:986][  0]LogTemp:Display: Loaded TP WindowsServerTargetPlatform
[2017.11.27-01.02.03:071][  0]LogTemp:Display: Loaded TP WindowsTargetPlatform
[2017.11.27-01.02.03:165][  0]LogTemp:Display: Loaded TP AndroidTargetPlatform
[2017.11.27-01.02.03:261][  0]LogTemp:Display: Loaded TP Android_ASTCTargetPlatform
[2017.11.27-01.02.03:358][  0]LogTemp:Display: Loaded TP Android_ATCTargetPlatform
[2017.11.27-01.02.03:451][  0]LogTemp:Display: Loaded TP Android_DXTTargetPlatform
[2017.11.27-01.02.03:546][  0]LogTemp:Display: Loaded TP Android_ETC1TargetPlatform
[2017.11.27-01.02.03:638][  0]LogTemp:Display: Loaded TP Android_ETC2TargetPlatform
[2017.11.27-01.02.03:856][  0]LogTemp:Display: Loaded TP Android_MultiTargetPlatform
[2017.11.27-01.02.03:856][  0]LogTemp:Display: Loaded TP Android_PVRTCTargetPlatform
[2017.11.27-01.02.03:940][  0]LogTemp:Display: Loaded TP HTML5TargetPlatform
[2017.11.27-01.02.04:184][  0]LogTemp:Display: Loaded TP IOSTargetPlatform
[2017.11.27-01.02.04:263][  0]LogTemp:Display: Loaded TP TVOSTargetPlatform
[2017.11.27-01.02.04:357][  0]LogTemp:Display: Loaded TP LinuxClientTargetPlatform
[2017.11.27-01.02.04:451][  0]LogTemp:Display: Loaded TP LinuxNoEditorTargetPlatform
[2017.11.27-01.02.04:559][  0]LogTemp:Display: Loaded TP LinuxServerTargetPlatform
[2017.11.27-01.02.04:657][  0]LogTemp:Display: Loaded TP LinuxTargetPlatform
[2017.11.27-01.02.04:658][  0]LogTargetPlatformManager:Display: Building Assets For Windows
[2017.11.27-01.02.06:661][  0]LogDerivedDataCache:Display: Max Cache Size: 512 MB
[2017.11.27-01.02.07:119][  0]LogDerivedDataCache: Loaded boot cache 0.46s 90MB C:/Users/Ryan/AppData/Local/UnrealEngine/4.16/DerivedDataCache/Boot.ddc.
[2017.11.27-01.02.07:119][  0]LogDerivedDataCache:Display: Loaded Boot cache: C:/Users/Ryan/AppData/Local/UnrealEngine/4.16/DerivedDataCache/Boot.ddc
[2017.11.27-01.02.07:119][  0]LogDerivedDataCache: FDerivedDataBackendGraph:  Pak pak cache file ../../../../../GitDownloaded/FMP_RPG_Game_Charm/DerivedDataCache/DDC.ddp not found, will not use a pak cache.
[2017.11.27-01.02.07:119][  0]LogDerivedDataCache: Unable to find inner node Pak for hierarchical cache Hierarchy.
[2017.11.27-01.02.07:119][  0]LogDerivedDataCache: FDerivedDataBackendGraph:  CompressedPak pak cache file ../../../../../GitDownloaded/FMP_RPG_Game_Charm/DerivedDataCache/Compressed.ddp not found, will not use a pak cache.
[2017.11.27-01.02.07:119][  0]LogDerivedDataCache: Unable to find inner node CompressedPak for hierarchical cache Hierarchy.
[2017.11.27-01.02.07:141][  0]LogDerivedDataCache:Display: Pak cache opened for reading ../../../Engine/DerivedDataCache/Compressed.ddp.
[2017.11.27-01.02.07:154][  0]LogDerivedDataCache: Using Local data cache path C:/Users/Ryan/AppData/Local/UnrealEngine/Common/DerivedDataCache: Writable
[2017.11.27-01.02.07:166][  0]LogMaterial: Verifying Global Shaders for PCD3D_SM5
[2017.11.27-01.02.07:167][  0]LogSlate: Using Freetype 2.6.0
[2017.11.27-01.02.07:171][  0]LogSlate: SlateFontCache - WITH_FREETYPE: 1, WITH_HARFBUZZ: 1
[2017.11.27-01.02.07:171][  0]LogSlate: SlateFontCache - WITH_FREETYPE: 1, WITH_HARFBUZZ: 1
[2017.11.27-01.02.07:862][  0]LogInit: Selected Device Profile: [Windows]
[2017.11.27-01.02.07:979][  0]LogContentStreaming: Texture pool size is 0.00 MB
[2017.11.27-01.02.08:503][  0]LogMeshUtilities: Using QuadricMeshReduction for automatic static mesh reduction
[2017.11.27-01.02.08:609][  0]LogSimplygon: Simplygon DLL not present - disabling.
[2017.11.27-01.02.08:708][  0]LogMeshUtilities: Using SimplygonSwarm for distributed automatic mesh merging
[2017.11.27-01.02.08:708][  0]LogMeshUtilities: No automatic skeletal mesh reduction module available
[2017.11.27-01.02.08:708][  0]LogMeshUtilities: No automatic mesh merging module available
[2017.11.27-01.02.09:486][  0]LogNetVersion: RPG_Game , NetCL: 3452394, EngineNetVer: 2, GameNetVer: 0 (Checksum: 2586067795)
[2017.11.27-01.02.09:555][  0]LogAssetRegistry: FAssetRegistry took 0.0255 seconds to start up
[2017.11.27-01.02.09:608][  0]LogPackageLocalizationCache: Processed 4 localized package path(s) for 2 prioritized culture(s) in 0.035250 seconds
[2017.11.27-01.02.09:614][  0]LogUObjectArray: 34194 objects as part of root set at end of initial load.
[2017.11.27-01.02.09:614][  0]LogUObjectAllocator: 7260424 out of 0 bytes used by permanent object pool.
[2017.11.27-01.02.09:614][  0]LogUObjectArray: CloseDisregardForGC: 0/0 objects in disregard for GC pool
[2017.11.27-01.02.09:718][  0]LogInit: WinSock: version 1.1 (2.2), MaxSocks=32767, MaxUdp=65467
[2017.11.27-01.02.15:124][  0]LogTcpMessaging: Initializing TcpMessaging bridge
[2017.11.27-01.02.15:218][  0]LogUdpMessaging: Initializing bridge on interface 0.0.0.0:0 to multicast group 230.0.0.1:6666.
[2017.11.27-01.02.16:652][  0]LogMaterial: Uniform references updated for custom material expression Custom.
[2017.11.27-01.02.17:386][  0]SourceControl: Info Source control is disabled
[2017.11.27-01.02.20:908][  0]LogAndroidPermission: UAndroidPermissionCallbackProxy::GetInstance
[2017.11.27-01.02.22:261][  0]LogEngine: Initializing Engine...
[2017.11.27-01.02.22:656][  0]LogHMD: Failed to initialize OpenVR with code 126
[2017.11.27-01.02.22:852][  0]LogStats: UGameplayTagsManager::ConstructGameplayTagTree: Construct from data asset -  0.000 s
[2017.11.27-01.02.22:852][  0]LogStats: UGameplayTagsManager::ConstructGameplayTagTree: GameplayTagTreeChangedEvent.Broadcast -  0.000 s
[2017.11.27-01.02.23:099][  0]LogAIModule: Creating AISystem for world Untitled
[2017.11.27-01.02.23:461][  0]LogInit: XAudio2 using 'Headset Earphone (Corsair VOID PRO USB Gaming Headset )' : 2 channels at 44.1 kHz using 16 bits per sample (channel mask 0x3)
[2017.11.27-01.02.23:632][  0]LogInit: FAudioDevice initialized.
[2017.11.27-01.02.23:674][  0]LogDerivedDataCache: Saved boot cache 0.04s 90MB C:/Users/Ryan/AppData/Local/UnrealEngine/4.16/DerivedDataCache/Boot.ddc.
[2017.11.27-01.02.23:683][  0]LogInit: Texture streaming: Enabled
[2017.11.27-01.02.24:013][  0]LogEngineSessionManager: EngineSessionManager initialized
[2017.11.27-01.02.24:445][  0]LogInit: Transaction tracking system initialized
[2017.11.27-01.02.24:982][  0]BlueprintLog: New page: Editor Load
[2017.11.27-01.02.27:452][  0]LocalizationService: Info Localization service is disabled
[2017.11.27-01.02.29:035][  0]LogConsoleResponse:Display: 
[2017.11.27-01.02.29:276][  0]LogCook:Display: Max memory allowance for cook 16384mb min free memory 0mb
[2017.11.27-01.02.29:276][  0]LogCook:Display: Mobile HDR setting 1
[2017.11.27-01.02.30:218][  0]LogFileCache: Scanning file cache for directory 'F:/GitDownloaded/FMP_RPG_Game_Charm/Content/' took 0.04s
[2017.11.27-01.02.31:977][  0]Cmd: MAP LOAD FILE="../../../../../GitDownloaded/FMP_RPG_Game_Charm/Content/ThirdPersonBP/Maps/Tutorial.umap" TEMPLATE=0 SHOWPROGRESS=1 FEATURELEVEL=3
[2017.11.27-01.02.31:979][  0]LightingResults: New page: Lighting Build
[2017.11.27-01.02.32:017][  0]MapCheck: New page: Map Check
[2017.11.27-01.02.32:017][  0]LightingResults: New page: Lighting Build
[2017.11.27-01.02.32:947][  0]LogAIModule: Creating AISystem for world Tutorial
[2017.11.27-01.02.33:025][  0]LogEditorServer: Finished looking for orphan Actors (0.000 secs)
[2017.11.27-01.02.33:043][  0]Cmd: MAP CHECKDEP NOCLEARLOG
[2017.11.27-01.02.33:095][  0]MapCheck: Info Map check complete: 0 Error(s), 0 Warning(s), took 52.493ms to complete.
[2017.11.27-01.02.33:095][  0]LogFileHelpers: Loading map 'Tutorial' took 1.119
[2017.11.27-01.02.33:164][  0]LogWindowsTextInputMethodSystem:Display: IME system now deactivated.
[2017.11.27-01.02.33:335][  0]LogCollectionManager: Loaded 0 collections in 0.001420 seconds
[2017.11.27-01.02.33:416][  0]LogFileCache: Scanning file cache for directory 'F:/GitDownloaded/FMP_RPG_Game_Charm/Saved/Collections/' took 0.01s
[2017.11.27-01.02.33:416][  0]LogFileCache: Scanning file cache for directory 'F:/GitDownloaded/FMP_RPG_Game_Charm/Content/Developers/Ryan/Collections/' took 0.01s
[2017.11.27-01.02.33:416][  0]LogFileCache: Scanning file cache for directory 'F:/GitDownloaded/FMP_RPG_Game_Charm/Content/Collections/' took 0.01s
[2017.11.27-01.02.33:416][  0]LogCollectionManager: Rebuilt the GUID cache for 0 collections in 0.000004 seconds
[2017.11.27-01.02.33:427][  0]LogContentBrowser: Native class hierarchy populated in 0.0091 seconds. Added 2329 classes and 491 folders.
[2017.11.27-01.02.33:482][  0]LogContentBrowser: Native class hierarchy updated for 'WidgetCarousel' in 0.0005 seconds. Added 0 classes and 0 folders.
[2017.11.27-01.02.33:608][  0]LogContentBrowser: Native class hierarchy updated for 'AddContentDialog' in 0.0006 seconds. Added 0 classes and 0 folders.
[2017.11.27-01.02.33:727][  0]LogContentBrowser: Native class hierarchy updated for 'SceneOutliner' in 0.0006 seconds. Added 1 classes and 2 folders.
[2017.11.27-01.02.33:911][  0]LogCrashTracker: Crashtracker disabled due to settings.
[2017.11.27-01.02.34:834][  0]LogSlate: Only BGRA pngs, bmps or icos are supported in by External Image Picker
[2017.11.27-01.02.34:853][  0]LogSlate: Took 0.001405 seconds to synchronously load lazily loaded font '../../../Engine/Content/Slate/Fonts/Roboto-Regular.ttf' (155K)
[2017.11.27-01.02.34:857][  0]LogSlate: Took 0.001473 seconds to synchronously load lazily loaded font '../../../Engine/Content/Slate/Fonts/Roboto-Bold.ttf' (160K)
[2017.11.27-01.02.34:866][  0]LogSlate: Took 0.001539 seconds to synchronously load lazily loaded font '../../../Engine/Content/Editor/Slate/Fonts/FontAwesome.ttf' (139K)
[2017.11.27-01.02.34:979][  0]LogTemp: Executing iPhonePackager certificates Engine -bundlename com.YourCompany.RPGGame
[2017.11.27-01.02.34:979][  0]LogTemp: CWD: F:\UE\UE_4.16\Engine\Binaries\DotNET\IOS
[2017.11.27-01.02.34:979][  0]LogTemp: Initial Dir: F:\UE\UE_4.16
[2017.11.27-01.02.34:979][  0]LogTemp: Env CWD: F:\UE\UE_4.16\Engine\Binaries\DotNET\IOS
[2017.11.27-01.02.34:979][  0]LogTemp: BranchPath = RYAN-PC/F/UE/UE_4.16/Engine/Binaries --- GameBranchPath = RYAN-PC/F/UE/UE_4.16/Engine/Binaries
[2017.11.27-01.02.34:979][  0]LogTemp: IPP ERROR: Could not find provision directory 'C:\Users\Ryan\AppData\Local/Apple Computer/MobileDevice/Provisioning Profiles/'.
[2017.11.27-01.02.34:979][  0]LogRenderer: Reallocating scene render targets to support 1168x600 NumSamples 1 (Frame:1).
[2017.11.27-01.02.35:080][  0]LogUObjectGlobals:Warning: Failed to find object 'Class None.'
[2017.11.27-01.02.35:193][  0]LogContentBrowser: Native class hierarchy updated for 'HierarchicalLODOutliner' in 0.0006 seconds. Added 1 classes and 2 folders.
[2017.11.27-01.02.35:193][  0]LogLoad: (Engine Initialization) Total time: 40.01 seconds
[2017.11.27-01.02.35:193][  0]LogLoad: (Engine Initialization) Total Blueprint compile time: 0.17 seconds
[2017.11.27-01.02.35:193][  0]LogExternalProfiler: Found external profiler: VSPerf
[2017.11.27-01.02.35:193][  0]LogExternalProfiler: Using external profiler: VSPerf
[2017.11.27-01.02.35:220][  0]LogOcInput: OculusInput pre-init called
[2017.11.27-01.02.35:220][  0]LogHMD: Starting GearVRController plugin
[2017.11.27-01.02.35:239][  0]SourceControl: Info On branch master
[2017.11.27-01.02.35:239][  0]SourceControl: Info Your branch is up-to-date with 'origin/master'.
[2017.11.27-01.02.35:239][  0]SourceControl: Info Changes not staged for commit:
[2017.11.27-01.02.35:239][  0]SourceControl: Info   (use "git add/rm <file>..." to update what will be committed)
[2017.11.27-01.02.35:239][  0]SourceControl: Info   (use "git checkout -- <file>..." to discard changes in working directory)
[2017.11.27-01.02.35:239][  0]SourceControl: Info 	modified:   Intermediate/AssetRegistryCache/c90e3f55.bin
[2017.11.27-01.02.35:239][  0]SourceControl: Info 	modified:   Intermediate/CachedAssetRegistry.bin
[2017.11.27-01.02.35:239][  0]SourceControl: Info 	modified:   Intermediate/Config/CoalescedSourceConfigs/Engine.ini
[2017.11.27-01.02.35:239][  0]SourceControl: Info 	modified:   Saved/AutoScreenshot.png
[2017.11.27-01.02.35:239][  0]SourceControl: Info 	modified:   Saved/Autosaves/PackageRestoreData.json
[2017.11.27-01.02.35:239][  0]SourceControl: Info 	deleted:    Saved/Config/CrashReportClient/UE4CC-Windows-201B9C4242D66B9BC35728B444FADC68/CrashReportClient.ini
[2017.11.27-01.02.35:239][  0]SourceControl: Info 	deleted:    Saved/Config/CrashReportClient/UE4CC-Windows-2BFC6C464683685B21462B8212BBA977/CrashReportClient.ini
[2017.11.27-01.02.35:239][  0]SourceControl: Info 	deleted:    Saved/Config/CrashReportClient/UE4CC-Windows-AA75E3184C476D02B9B16190A8156FF2/CrashReportClient.ini
[2017.11.27-01.02.35:239][  0]SourceControl: Info 	deleted:    Saved/Config/CrashReportClient/UE4CC-Windows-CFC21D204B0434B26D753780BEB171D1/CrashReportClient.ini
[2017.11.27-01.02.35:239][  0]SourceControl: Info 	deleted:    Saved/Config/CrashReportClient/UE4CC-Windows-E0F274D04CC7E3C39E227EA126D23E68/CrashReportClient.ini
[2017.11.27-01.02.35:239][  0]SourceControl: Info 	deleted:    Saved/Config/CrashReportClient/UE4CC-Windows-F557218346A08499584E1F9CBDCB2336/CrashReportClient.ini
[2017.11.27-01.02.35:239][  0]SourceControl: Info 	modified:   Saved/Config/Windows/EditorPerProjectUserSettings.ini
[2017.11.27-01.02.35:239][  0]SourceControl: Info 	deleted:    Saved/Logs/RPG_Game-backup-2017.11.13-15.52.00.log
[2017.11.27-01.02.35:239][  0]SourceControl: Info 	deleted:    Saved/Logs/RPG_Game-backup-2017.11.23-21.57.24.log
[2017.11.27-01.02.35:239][  0]SourceControl: Info 	deleted:    Saved/Logs/RPG_Game-backup-2017.11.23-23.54.54.log
[2017.11.27-01.02.35:239][  0]SourceControl: Info 	deleted:    Saved/Logs/RPG_Game-backup-2017.11.23-23.57.37.log
[2017.11.27-01.02.35:239][  0]SourceControl: Info 	deleted:    Saved/Logs/RPG_Game-backup-2017.11.24-01.13.20.log
[2017.11.27-01.02.35:239][  0]SourceControl: Info 	deleted:    Saved/Logs/RPG_Game-backup-2017.11.24-01.14.54.log
[2017.11.27-01.02.35:239][  0]SourceControl: Info 	modified:   Saved/Logs/RPG_Game.log
[2017.11.27-01.02.35:239][  0]SourceControl: Info Untracked files:
[2017.11.27-01.02.35:239][  0]SourceControl: Info   (use "git add <file>..." to include in what will be committed)
[2017.11.27-01.02.35:239][  0]SourceControl: Info 	.gitignore
[2017.11.27-01.02.35:239][  0]SourceControl: Info 	Saved/Backup/ThirdPersonPlayer_2017-11-26-19-48-31.uasset
[2017.11.27-01.02.35:239][  0]SourceControl: Info 	Saved/Config/CrashReportClient/UE4CC-Windows-9494E3CA4C05FB608B61D8BAB24C8278/
[2017.11.27-01.02.35:239][  0]SourceControl: Info 	Saved/Config/CrashReportClient/UE4CC-Windows-D282A68F483099A01389D2B75B1B422E/
[2017.11.27-01.02.35:239][  0]SourceControl: Info 	Saved/Crashes/UE4CC-Windows-D282A68F483099A01389D2B75B1B422E_0000/
[2017.11.27-01.02.35:239][  0]SourceControl: Info 	Saved/Logs/RPG_Game-backup-2017.11.26-19.38.31.log
[2017.11.27-01.02.35:239][  0]SourceControl: Info 	Saved/Logs/RPG_Game-backup-2017.11.27-01.01.57.log
[2017.11.27-01.02.35:239][  0]SourceControl: Info no changes added to commit (use "git add" and/or "git commit -a")
[2017.11.27-01.02.35:240][  0]LogContentStreaming: Texture pool size now 1000 MB
[2017.11.27-01.02.35:291][  0]LogSlate: Took 0.001651 seconds to synchronously load lazily loaded font '../../../Engine/Content/Slate/Fonts/Roboto-Light.ttf' (159K)
[2017.11.27-01.02.35:324][  1]LogAssetRegistry: Asset discovery search completed in 25.7910 seconds
[2017.11.27-01.02.35:328][  1]LogCollectionManager: Rebuilt the object cache for 0 collections in 0.000001 seconds (found 0 objects)
[2017.11.27-01.02.35:328][  1]LogCollectionManager: Fixed up redirectors for 0 collections in 0.000086 seconds (updated 0 objects)
[2017.11.27-01.02.36:226][102]LogSlate: Took 0.000219 seconds to synchronously load lazily loaded font '../../../Engine/Content/Slate/Fonts/Roboto-Light.ttf' (159K)
[2017.11.27-01.02.41:170][254]LogSlate: Took 0.000193 seconds to synchronously load lazily loaded font '../../../Engine/Content/Slate/Fonts/Roboto-Light.ttf' (159K)
[2017.11.27-01.02.41:272][254]LogFactory: FactoryCreateFile: StaticMesh with FbxFactory (0 0 C:/Users/Ryan/Desktop/untitled.fbx)
[2017.11.27-01.02.41:296][254]LogFbx: ItemName: GlobalSettings, ItemCount : 1
[2017.11.27-01.02.41:296][254]LogFbx: ItemName: NodeAttribute, ItemCount : 2
[2017.11.27-01.02.41:296][254]LogFbx: ItemName: Geometry, ItemCount : 1
[2017.11.27-01.02.41:296][254]LogFbx: ItemName: Model, ItemCount : 3
[2017.11.27-01.02.41:303][254]LogFbx: Loading FBX Scene from C:/Users/Ryan/Desktop/untitled.fbx
[2017.11.27-01.02.41:313][254]LogFbx: FBX Scene Loaded Succesfully
[2017.11.27-01.02.42:937][254]LogFbx: Loading FBX Scene from C:/Users/Ryan/Desktop/untitled.fbx
[2017.11.27-01.02.42:943][254]LogFbx: FBX Scene Loaded Succesfully
[2017.11.27-01.02.42:946][254]LogFbx:Warning: Triangulating static mesh Cube
[2017.11.27-01.02.42:952][254]LogStaticMesh: Building static mesh untitled...
[2017.11.27-01.02.42:952][254]LogStaticMesh: Built static mesh [0.00s] /Game/Gameplay/untitled.untitled
[2017.11.27-01.02.42:953][254]LogStaticMesh:Warning: untitled has degenerate tangent bases which will result in incorrect shading.  MikkTSpace relies on tangent bases and may result in mesh corruption, consider disabling this option.
[2017.11.27-01.02.42:960][254]FBXImport:Warning: Warning No smoothing group information was found in this FBX scene.  Please make sure to enable the 'Export Smoothing Groups' option in the FBX Exporter plug-in before exporting the file.  Even for tools that don't support smoothing groups, the FBX Exporter will generate appropriate smoothing data at export-time so that correct vertex normals can be inferred while importing. 
[2017.11.27-01.02.42:960][254]FBXImport:Warning: Warning untitled has degenerate tangent bases which will result in incorrect shading.  MikkTSpace relies on tangent bases and may result in mesh corruption, consider disabling this option. 
[2017.11.27-01.02.47:360][746]LogActorFactory: Actor Factory created untitled
[2017.11.27-01.02.47:574][768]LogActorFactory: Actor Factory created untitled
[2017.11.27-01.02.49:386][890]LogRenderer: Reallocating scene render targets to support 1384x964 NumSamples 1 (Frame:1).
[2017.11.27-01.03.15:308][212]LogEditorViewport: Clicking on Actor (context menu): Landscape (Landscape)
[2017.11.27-01.03.18:111][482]LogContentBrowser: Native class hierarchy updated for 'BlueprintGraph' in 0.0010 seconds. Added 112 classes and 0 folders.
[2017.11.27-01.03.18:726][482]LogSlate: Took 0.000165 seconds to synchronously load lazily loaded font '../../../Engine/Content/Slate/Fonts/Roboto-Regular.ttf' (155K)
[2017.11.27-01.03.18:801][482]LogSlate: Took 0.001374 seconds to synchronously load lazily loaded font '../../../Engine/Content/Editor/Slate/Fonts/Roboto-BoldCondensed.ttf' (158K)
[2017.11.27-01.03.18:926][483]LogSlate: Took 0.001514 seconds to synchronously load lazily loaded font '../../../Engine/Content/Editor/Slate/Fonts/Roboto-Italic.ttf' (157K)
[2017.11.27-01.03.23:262][713]LogContentBrowser: Native class hierarchy updated for 'SkeletonEditor' in 0.0006 seconds. Added 1 classes and 2 folders.
[2017.11.27-01.03.23:281][713]LogActorComponent: RegisterComponentWithWorld: (/Engine/Transient.World_6:PersistentLevel.Actor_0.DebugSkelMeshComponent_0) Already registered. Aborting.
[2017.11.27-01.03.23:324][713]LogSkeletalMesh: USkeletalMeshComponent::InitArticulated : Bodies already created (/Engine/Transient.World_6:PersistentLevel.Actor_0.DebugSkelMeshComponent_0) - call TermArticulated first.
[2017.11.27-01.03.23:606][713]LogContentBrowser: Native class hierarchy updated for 'ClothingSystemEditorInterface' in 0.0006 seconds. Added 1 classes and 0 folders.
[2017.11.27-01.03.26:106][909]LogActorComponent: RegisterComponentWithWorld: (/Engine/Transient.World_9:PersistentLevel.Actor_1.DebugSkelMeshComponent_1) Already registered. Aborting.
[2017.11.27-01.03.26:131][909]LogSkeletalMesh: USkeletalMeshComponent::InitArticulated : Bodies already created (/Engine/Transient.World_9:PersistentLevel.Actor_1.DebugSkelMeshComponent_1) - call TermArticulated first.
[2017.11.27-01.03.48:236][814]Cmd: BRUSH ADD SELECTNEWBRUSH
[2017.11.27-01.04.18:102][277]LogTemp: Repeting last play command: Selected Viewport
[2017.11.27-01.04.18:216][277]LogBlueprintUserMessages: Early PlayInEditor Detection: Level '/Game/ThirdPersonBP/Maps/Tutorial.Tutorial:PersistentLevel' has LevelScriptBlueprint '/Game/ThirdPersonBP/Maps/Tutorial.Tutorial:PersistentLevel.Tutorial' with GeneratedClass '/Game/ThirdPersonBP/Maps/Tutorial.Tutorial_C' with ClassGeneratedBy '/Game/ThirdPersonBP/Maps/Tutorial.Tutorial:PersistentLevel.Tutorial'
[2017.11.27-01.04.18:216][277]LogPlayLevel: PlayLevel: No blueprints needed recompiling
[2017.11.27-01.04.18:218][277]PIE: New page: PIE session: Tutorial (27 Nov 2017 01:04:18)
[2017.11.27-01.04.18:218][277]LogPlayLevel: Creating play world package: /Game/ThirdPersonBP/Maps/UEDPIE_0_Tutorial
[2017.11.27-01.04.18:231][277]LogPlayLevel: PIE: StaticDuplicateObject took: (0.013020s)
[2017.11.27-01.04.18:232][277]LogAIModule: Creating AISystem for world Tutorial
[2017.11.27-01.04.18:232][277]LogPlayLevel: PIE: World Init took: (0.000520s)
[2017.11.27-01.04.18:232][277]LogPlayLevel: PIE: Created PIE world by copying editor world from /Game/ThirdPersonBP/Maps/Tutorial.Tutorial to /Game/ThirdPersonBP/Maps/UEDPIE_0_Tutorial.Tutorial (0.013765s)
[2017.11.27-01.04.18:261][277]LogInit: XAudio2 using 'Headset Earphone (Corsair VOID PRO USB Gaming Headset )' : 2 channels at 44.1 kHz using 16 bits per sample (channel mask 0x3)
[2017.11.27-01.04.18:268][277]LogInit: FAudioDevice initialized.
[2017.11.27-01.04.18:353][277]LogLoad: Game class is 'RPGGM_C'
[2017.11.27-01.04.18:357][277]LogWorld: Bringing World /Game/ThirdPersonBP/Maps/UEDPIE_0_Tutorial.Tutorial up for play (max tick rate 0) at 2017.11.27-01.04.18
[2017.11.27-01.04.18:358][277]LogWorld: Bringing up level for play took: 0.003691
[2017.11.27-01.04.18:400][277]LogContentBrowser: Native class hierarchy updated for 'MovieSceneCapture' in 0.0006 seconds. Added 11 classes and 0 folders.
[2017.11.27-01.04.18:408][277]PIE: Info Play in editor start time for /Game/ThirdPersonBP/Maps/UEDPIE_0_Tutorial -0.792
[2017.11.27-01.04.18:408][277]LogBlueprintUserMessages: Late PlayInEditor Detection: Level '/Game/ThirdPersonBP/Maps/Tutorial.Tutorial:PersistentLevel' has LevelScriptBlueprint '/Game/ThirdPersonBP/Maps/Tutorial.Tutorial:PersistentLevel.Tutorial' with GeneratedClass '/Game/ThirdPersonBP/Maps/Tutorial.Tutorial_C' with ClassGeneratedBy '/Game/ThirdPersonBP/Maps/Tutorial.Tutorial:PersistentLevel.Tutorial'
[2017.11.27-01.04.40:279][831]LogBlueprintUserMessages: Early EndPlayMap Detection: Level '/Game/ThirdPersonBP/Maps/Tutorial.Tutorial:PersistentLevel' has LevelScriptBlueprint '/Game/ThirdPersonBP/Maps/Tutorial.Tutorial:PersistentLevel.Tutorial' with GeneratedClass '/Game/ThirdPersonBP/Maps/Tutorial.Tutorial_C' with ClassGeneratedBy '/Game/ThirdPersonBP/Maps/Tutorial.Tutorial:PersistentLevel.Tutorial'
[2017.11.27-01.04.40:319][831]LogBlueprintUserMessages: Late EndPlayMap Detection: Level '/Game/ThirdPersonBP/Maps/Tutorial.Tutorial:PersistentLevel' has LevelScriptBlueprint '/Game/ThirdPersonBP/Maps/Tutorial.Tutorial:PersistentLevel.Tutorial' with GeneratedClass '/Game/ThirdPersonBP/Maps/Tutorial.Tutorial_C' with ClassGeneratedBy '/Game/ThirdPersonBP/Maps/Tutorial.Tutorial:PersistentLevel.Tutorial'
[2017.11.27-01.04.49:866][936]LogTemp: Repeting last play command: Selected Viewport
[2017.11.27-01.04.49:882][936]LogBlueprintUserMessages: Early PlayInEditor Detection: Level '/Game/ThirdPersonBP/Maps/Tutorial.Tutorial:PersistentLevel' has LevelScriptBlueprint '/Game/ThirdPersonBP/Maps/Tutorial.Tutorial:PersistentLevel.Tutorial' with GeneratedClass '/Game/ThirdPersonBP/Maps/Tutorial.Tutorial_C' with ClassGeneratedBy '/Game/ThirdPersonBP/Maps/Tutorial.Tutorial:PersistentLevel.Tutorial'
[2017.11.27-01.04.49:882][936]LogPlayLevel: PlayLevel: No blueprints needed recompiling
[2017.11.27-01.04.49:882][936]PIE: New page: PIE session: Tutorial (27 Nov 2017 01:04:49)
[2017.11.27-01.04.49:882][936]LogPlayLevel: Creating play world package: /Game/ThirdPersonBP/Maps/UEDPIE_0_Tutorial
[2017.11.27-01.04.49:892][936]LogPlayLevel: PIE: StaticDuplicateObject took: (0.009735s)
[2017.11.27-01.04.49:892][936]LogAIModule: Creating AISystem for world Tutorial
[2017.11.27-01.04.49:892][936]LogPlayLevel: PIE: World Init took: (0.000521s)
[2017.11.27-01.04.49:892][936]LogPlayLevel: PIE: Created PIE world by copying editor world from /Game/ThirdPersonBP/Maps/Tutorial.Tutorial to /Game/ThirdPersonBP/Maps/UEDPIE_0_Tutorial.Tutorial (0.010458s)
[2017.11.27-01.04.49:915][936]LogInit: XAudio2 using 'Headset Earphone (Corsair VOID PRO USB Gaming Headset )' : 2 channels at 44.1 kHz using 16 bits per sample (channel mask 0x3)
[2017.11.27-01.04.49:921][936]LogInit: FAudioDevice initialized.
[2017.11.27-01.04.49:956][936]LogLoad: Game class is 'RPGGM_C'
[2017.11.27-01.04.49:959][936]LogWorld: Bringing World /Game/ThirdPersonBP/Maps/UEDPIE_0_Tutorial.Tutorial up for play (max tick rate 0) at 2017.11.27-01.04.49
[2017.11.27-01.04.49:960][936]LogWorld: Bringing up level for play took: 0.003067
[2017.11.27-01.04.49:962][936]PIE: Info Play in editor start time for /Game/ThirdPersonBP/Maps/UEDPIE_0_Tutorial 0.761
[2017.11.27-01.04.49:962][936]LogBlueprintUserMessages: Late PlayInEditor Detection: Level '/Game/ThirdPersonBP/Maps/Tutorial.Tutorial:PersistentLevel' has LevelScriptBlueprint '/Game/ThirdPersonBP/Maps/Tutorial.Tutorial:PersistentLevel.Tutorial' with GeneratedClass '/Game/ThirdPersonBP/Maps/Tutorial.Tutorial_C' with ClassGeneratedBy '/Game/ThirdPersonBP/Maps/Tutorial.Tutorial:PersistentLevel.Tutorial'
[2017.11.27-01.04.54:577][470]LogBlueprintUserMessages: Early EndPlayMap Detection: Level '/Game/ThirdPersonBP/Maps/Tutorial.Tutorial:PersistentLevel' has LevelScriptBlueprint '/Game/ThirdPersonBP/Maps/Tutorial.Tutorial:PersistentLevel.Tutorial' with GeneratedClass '/Game/ThirdPersonBP/Maps/Tutorial.Tutorial_C' with ClassGeneratedBy '/Game/ThirdPersonBP/Maps/Tutorial.Tutorial:PersistentLevel.Tutorial'
[2017.11.27-01.04.54:620][470]LogBlueprintUserMessages: Late EndPlayMap Detection: Level '/Game/ThirdPersonBP/Maps/Tutorial.Tutorial:PersistentLevel' has LevelScriptBlueprint '/Game/ThirdPersonBP/Maps/Tutorial.Tutorial:PersistentLevel.Tutorial' with GeneratedClass '/Game/ThirdPersonBP/Maps/Tutorial.Tutorial_C' with ClassGeneratedBy '/Game/ThirdPersonBP/Maps/Tutorial.Tutorial:PersistentLevel.Tutorial'
[2017.11.27-01.06.00:678][763]LogFactory: FactoryCreateFile: StaticMesh with FbxFactory (0 0 C:/Users/Ryan/Desktop/untitled.fbx)
[2017.11.27-01.06.00:682][763]LogFbx: ItemName: GlobalSettings, ItemCount : 1
[2017.11.27-01.06.00:682][763]LogFbx: ItemName: NodeAttribute, ItemCount : 2
[2017.11.27-01.06.00:682][763]LogFbx: ItemName: Geometry, ItemCount : 1
[2017.11.27-01.06.00:682][763]LogFbx: ItemName: Model, ItemCount : 3
[2017.11.27-01.06.00:686][763]LogFbx: Loading FBX Scene from C:/Users/Ryan/Desktop/untitled.fbx
[2017.11.27-01.06.00:692][763]LogFbx: FBX Scene Loaded Succesfully
[2017.11.27-01.06.02:094][763]LogFbx: Loading FBX Scene from C:/Users/Ryan/Desktop/untitled.fbx
[2017.11.27-01.06.02:100][763]LogFbx: FBX Scene Loaded Succesfully
[2017.11.27-01.06.02:101][763]LogFbx:Warning: Triangulating static mesh Cube
[2017.11.27-01.06.02:103][763]LogStaticMesh: Building static mesh untitled...
[2017.11.27-01.06.02:103][763]LogStaticMesh: Built static mesh [0.00s] /Game/untitled.untitled
[2017.11.27-01.06.02:104][763]LogStaticMesh:Warning: untitled has degenerate tangent bases which will result in incorrect shading.  MikkTSpace relies on tangent bases and may result in mesh corruption, consider disabling this option.
[2017.11.27-01.06.02:110][763]FBXImport:Warning: Warning No smoothing group information was found in this FBX scene.  Please make sure to enable the 'Export Smoothing Groups' option in the FBX Exporter plug-in before exporting the file.  Even for tools that don't support smoothing groups, the FBX Exporter will generate appropriate smoothing data at export-time so that correct vertex normals can be inferred while importing. 
[2017.11.27-01.06.02:110][763]FBXImport:Warning: Warning untitled has degenerate tangent bases which will result in incorrect shading.  MikkTSpace relies on tangent bases and may result in mesh corruption, consider disabling this option. 
[2017.11.27-01.06.04:912][ 75]LogActorFactory: Actor Factory created untitled
[2017.11.27-01.06.08:890][532]LogActorFactory: Actor Factory created untitled
[2017.11.27-01.06.14:979][227]LogEditorViewport: Clicking on Actor (LMB): StaticMeshActor (untitled2)
[2017.11.27-01.06.20:393][840]LogTemp: Repeting last play command: Selected Viewport
[2017.11.27-01.06.20:409][840]LogBlueprintUserMessages: Early PlayInEditor Detection: Level '/Game/ThirdPersonBP/Maps/Tutorial.Tutorial:PersistentLevel' has LevelScriptBlueprint '/Game/ThirdPersonBP/Maps/Tutorial.Tutorial:PersistentLevel.Tutorial' with GeneratedClass '/Game/ThirdPersonBP/Maps/Tutorial.Tutorial_C' with ClassGeneratedBy '/Game/ThirdPersonBP/Maps/Tutorial.Tutorial:PersistentLevel.Tutorial'
[2017.11.27-01.06.20:409][840]LogPlayLevel: PlayLevel: No blueprints needed recompiling
[2017.11.27-01.06.20:409][840]PIE: New page: PIE session: Tutorial (27 Nov 2017 01:06:20)
[2017.11.27-01.06.20:410][840]LogPlayLevel: Creating play world package: /Game/ThirdPersonBP/Maps/UEDPIE_0_Tutorial
[2017.11.27-01.06.20:420][840]LogPlayLevel: PIE: StaticDuplicateObject took: (0.010547s)
[2017.11.27-01.06.20:421][840]LogAIModule: Creating AISystem for world Tutorial
[2017.11.27-01.06.20:421][840]LogPlayLevel: PIE: World Init took: (0.000655s)
[2017.11.27-01.06.20:421][840]LogPlayLevel: PIE: Created PIE world by copying editor world from /Game/ThirdPersonBP/Maps/Tutorial.Tutorial to /Game/ThirdPersonBP/Maps/UEDPIE_0_Tutorial.Tutorial (0.011461s)
[2017.11.27-01.06.20:443][840]LogInit: XAudio2 using 'Headset Earphone (Corsair VOID PRO USB Gaming Headset )' : 2 channels at 44.1 kHz using 16 bits per sample (channel mask 0x3)
[2017.11.27-01.06.20:449][840]LogInit: FAudioDevice initialized.
[2017.11.27-01.06.20:481][840]LogLoad: Game class is 'RPGGM_C'
[2017.11.27-01.06.20:485][840]LogWorld: Bringing World /Game/ThirdPersonBP/Maps/UEDPIE_0_Tutorial.Tutorial up for play (max tick rate 0) at 2017.11.27-01.06.20
[2017.11.27-01.06.20:485][840]LogWorld: Bringing up level for play took: 0.003030
[2017.11.27-01.06.20:488][840]PIE: Info Play in editor start time for /Game/ThirdPersonBP/Maps/UEDPIE_0_Tutorial -0.713
[2017.11.27-01.06.20:488][840]LogBlueprintUserMessages: Late PlayInEditor Detection: Level '/Game/ThirdPersonBP/Maps/Tutorial.Tutorial:PersistentLevel' has LevelScriptBlueprint '/Game/ThirdPersonBP/Maps/Tutorial.Tutorial:PersistentLevel.Tutorial' with GeneratedClass '/Game/ThirdPersonBP/Maps/Tutorial.Tutorial_C' with ClassGeneratedBy '/Game/ThirdPersonBP/Maps/Tutorial.Tutorial:PersistentLevel.Tutorial'
[2017.11.27-01.06.38:381][929]LogBlueprintUserMessages: Early EndPlayMap Detection: Level '/Game/ThirdPersonBP/Maps/Tutorial.Tutorial:PersistentLevel' has LevelScriptBlueprint '/Game/ThirdPersonBP/Maps/Tutorial.Tutorial:PersistentLevel.Tutorial' with GeneratedClass '/Game/ThirdPersonBP/Maps/Tutorial.Tutorial_C' with ClassGeneratedBy '/Game/ThirdPersonBP/Maps/Tutorial.Tutorial:PersistentLevel.Tutorial'
[2017.11.27-01.06.38:427][929]LogBlueprintUserMessages: Late EndPlayMap Detection: Level '/Game/ThirdPersonBP/Maps/Tutorial.Tutorial:PersistentLevel' has LevelScriptBlueprint '/Game/ThirdPersonBP/Maps/Tutorial.Tutorial:PersistentLevel.Tutorial' with GeneratedClass '/Game/ThirdPersonBP/Maps/Tutorial.Tutorial_C' with ClassGeneratedBy '/Game/ThirdPersonBP/Maps/Tutorial.Tutorial:PersistentLevel.Tutorial'
[2017.11.27-01.08.06:814][227]LogEditorViewport: Clicking on Actor (LMB): StaticMeshActor (untitled2)
[2017.11.27-01.08.54:284][752]LogEditorViewport: Clicking on Actor (LMB): StaticMeshActor (untitled2)
[2017.11.27-01.09.13:176][947]LogTemp: Repeting last play command: Selected Viewport
[2017.11.27-01.09.13:191][947]LogBlueprintUserMessages: Early PlayInEditor Detection: Level '/Game/ThirdPersonBP/Maps/Tutorial.Tutorial:PersistentLevel' has LevelScriptBlueprint '/Game/ThirdPersonBP/Maps/Tutorial.Tutorial:PersistentLevel.Tutorial' with GeneratedClass '/Game/ThirdPersonBP/Maps/Tutorial.Tutorial_C' with ClassGeneratedBy '/Game/ThirdPersonBP/Maps/Tutorial.Tutorial:PersistentLevel.Tutorial'
[2017.11.27-01.09.13:191][947]LogPlayLevel: PlayLevel: No blueprints needed recompiling
[2017.11.27-01.09.13:192][947]PIE: New page: PIE session: Tutorial (27 Nov 2017 01:09:13)
[2017.11.27-01.09.13:192][947]LogPlayLevel: Creating play world package: /Game/ThirdPersonBP/Maps/UEDPIE_0_Tutorial
[2017.11.27-01.09.13:201][947]LogPlayLevel: PIE: StaticDuplicateObject took: (0.009839s)
[2017.11.27-01.09.13:202][947]LogAIModule: Creating AISystem for world Tutorial
[2017.11.27-01.09.13:202][947]LogPlayLevel: PIE: World Init took: (0.000554s)
[2017.11.27-01.09.13:202][947]LogPlayLevel: PIE: Created PIE world by copying editor world from /Game/ThirdPersonBP/Maps/Tutorial.Tutorial to /Game/ThirdPersonBP/Maps/UEDPIE_0_Tutorial.Tutorial (0.010608s)
[2017.11.27-01.09.13:225][947]LogInit: XAudio2 using 'Headset Earphone (Corsair VOID PRO USB Gaming Headset )' : 2 channels at 44.1 kHz using 16 bits per sample (channel mask 0x3)
[2017.11.27-01.09.13:232][947]LogInit: FAudioDevice initialized.
[2017.11.27-01.09.13:267][947]LogLoad: Game class is 'RPGGM_C'
[2017.11.27-01.09.13:271][947]LogWorld: Bringing World /Game/ThirdPersonBP/Maps/UEDPIE_0_Tutorial.Tutorial up for play (max tick rate 0) at 2017.11.27-01.09.13
[2017.11.27-01.09.13:271][947]LogWorld: Bringing up level for play took: 0.002906
[2017.11.27-01.09.13:273][947]PIE: Info Play in editor start time for /Game/ThirdPersonBP/Maps/UEDPIE_0_Tutorial 0.073
[2017.11.27-01.09.13:274][947]LogBlueprintUserMessages: Late PlayInEditor Detection: Level '/Game/ThirdPersonBP/Maps/Tutorial.Tutorial:PersistentLevel' has LevelScriptBlueprint '/Game/ThirdPersonBP/Maps/Tutorial.Tutorial:PersistentLevel.Tutorial' with GeneratedClass '/Game/ThirdPersonBP/Maps/Tutorial.Tutorial_C' with ClassGeneratedBy '/Game/ThirdPersonBP/Maps/Tutorial.Tutorial:PersistentLevel.Tutorial'
[2017.11.27-01.09.20:868][830]LogBlueprintUserMessages: Early EndPlayMap Detection: Level '/Game/ThirdPersonBP/Maps/Tutorial.Tutorial:PersistentLevel' has LevelScriptBlueprint '/Game/ThirdPersonBP/Maps/Tutorial.Tutorial:PersistentLevel.Tutorial' with GeneratedClass '/Game/ThirdPersonBP/Maps/Tutorial.Tutorial_C' with ClassGeneratedBy '/Game/ThirdPersonBP/Maps/Tutorial.Tutorial:PersistentLevel.Tutorial'
[2017.11.27-01.09.20:918][830]LogBlueprintUserMessages: Late EndPlayMap Detection: Level '/Game/ThirdPersonBP/Maps/Tutorial.Tutorial:PersistentLevel' has LevelScriptBlueprint '/Game/ThirdPersonBP/Maps/Tutorial.Tutorial:PersistentLevel.Tutorial' with GeneratedClass '/Game/ThirdPersonBP/Maps/Tutorial.Tutorial_C' with ClassGeneratedBy '/Game/ThirdPersonBP/Maps/Tutorial.Tutorial:PersistentLevel.Tutorial'
[2017.11.27-01.13.28:776][419]LogSavePackage: Save=287.79ms
[2017.11.27-01.13.28:776][419]LogSavePackage: Moving '../../../../../GitDownloaded/FMP_RPG_Game_Charm/Saved/Tutorial_Auto128258E754FDF58F030EDB29D70E6C967.tmp' to '../../../../../GitDownloaded/FMP_RPG_Game_Charm/Saved/Autosaves/Game/ThirdPersonBP/Maps/Tutorial_Auto1.umap'
[2017.11.27-01.13.28:778][419]LogSavePackage:Display: Finished SavePackage ../../../../../GitDownloaded/FMP_RPG_Game_Charm/Saved/Autosaves/Game/ThirdPersonBP/Maps/Tutorial_Auto1.umap
[2017.11.27-01.13.28:781][419]LogFileHelpers: Editor autosave (incl. sublevels) for '/Game/ThirdPersonBP/Maps/Tutorial' took 0.324
[2017.11.27-01.13.28:781][419]LogFileHelpers: Editor autosave (incl. sublevels) for all levels took 0.324
[2017.11.27-01.13.28:784][419]OBJ SavePackage: Generating thumbnails for [1] asset(s) in package [/Game/untitled] ([1] browsable assets)...
[2017.11.27-01.13.28:797][419]OBJ SavePackage:     Rendered thumbnail for [StaticMesh /Game/untitled.untitled]
[2017.11.27-01.13.28:797][419]OBJ SavePackage: Finished generating thumbnails for package [/Game/untitled]
[2017.11.27-01.13.28:797][419]Cmd: OBJ SAVEPACKAGE PACKAGE="/Game/untitled" FILE="../../../../../GitDownloaded/FMP_RPG_Game_Charm/Saved/Autosaves/Game/untitled_Auto1.uasset" SILENT=false AUTOSAVING=true
[2017.11.27-01.13.28:809][419]LogSavePackage: Save=9.81ms
[2017.11.27-01.13.28:809][419]LogSavePackage: Moving '../../../../../GitDownloaded/FMP_RPG_Game_Charm/Saved/untitled_Auto196C2ECB84D8294B999264FA4FD7B5AA9.tmp' to '../../../../../GitDownloaded/FMP_RPG_Game_Charm/Saved/Autosaves/Game/untitled_Auto1.uasset'
[2017.11.27-01.13.28:810][419]LogSavePackage:Display: Finished SavePackage ../../../../../GitDownloaded/FMP_RPG_Game_Charm/Saved/Autosaves/Game/untitled_Auto1.uasset
[2017.11.27-01.13.28:810][419]LogFileHelpers: Auto-saving content packages took 0.026
[2017.11.27-02.16.23:123][ 23]LogEditorFactories: Performing atomic reimport of [C:/Users/Ryan/Desktop/untitled.fbx]
[2017.11.27-02.16.23:146][ 23]LogFbx: Loading FBX Scene from C:/Users/Ryan/Desktop/untitled.fbx
[2017.11.27-02.16.23:152][ 23]LogFbx: FBX Scene Loaded Succesfully
[2017.11.27-02.16.23:156][ 23]LogFbx:Warning: Triangulating static mesh Cube.001
[2017.11.27-02.16.23:192][ 23]LogStaticMesh: Building static mesh untitled...
[2017.11.27-02.16.23:193][ 23]LogStaticMesh: Built static mesh [0.00s] /Game/untitled.untitled
[2017.11.27-02.16.23:194][ 23]LogStaticMesh:Warning: untitled has degenerate tangent bases which will result in incorrect shading.  MikkTSpace relies on tangent bases and may result in mesh corruption, consider disabling this option.
[2017.11.27-02.16.23:203][ 23]LogEditorFactories: -- imported successfully
[2017.11.27-02.16.23:203][ 23]FBXImport:Warning: Warning No smoothing group information was found in this FBX scene.  Please make sure to enable the 'Export Smoothing Groups' option in the FBX Exporter plug-in before exporting the file.  Even for tools that don't support smoothing groups, the FBX Exporter will generate appropriate smoothing data at export-time so that correct vertex normals can be inferred while importing. 
[2017.11.27-02.16.23:203][ 23]FBXImport:Warning: Warning untitled has degenerate tangent bases which will result in incorrect shading.  MikkTSpace relies on tangent bases and may result in mesh corruption, consider disabling this option. 
[2017.11.27-02.16.24:788][189]Cmd: DELETE
[2017.11.27-02.16.24:788][189]Cmd: ACTOR DELETE
[2017.11.27-02.16.24:793][189]LogEditorActor: Deleted Actor: Brush
[2017.11.27-02.16.24:811][189]LogEditorActor: Deleted 1 Actors (0.019 secs)
[2017.11.27-02.16.25:350][253]LogEditorViewport: Clicking on Actor (LMB): StaticMeshActor (untitled2)
[2017.11.27-02.16.28:186][577]LogTemp: Repeting last play command: Selected Viewport
[2017.11.27-02.16.28:202][577]LogBlueprintUserMessages: Early PlayInEditor Detection: Level '/Game/ThirdPersonBP/Maps/Tutorial.Tutorial:PersistentLevel' has LevelScriptBlueprint '/Game/ThirdPersonBP/Maps/Tutorial.Tutorial:PersistentLevel.Tutorial' with GeneratedClass '/Game/ThirdPersonBP/Maps/Tutorial.Tutorial_C' with ClassGeneratedBy '/Game/ThirdPersonBP/Maps/Tutorial.Tutorial:PersistentLevel.Tutorial'
[2017.11.27-02.16.28:202][577]LogPlayLevel: PlayLevel: No blueprints needed recompiling
[2017.11.27-02.16.28:202][577]PIE: New page: PIE session: Tutorial (27 Nov 2017 02:16:28)
[2017.11.27-02.16.28:203][577]LogPlayLevel: Creating play world package: /Game/ThirdPersonBP/Maps/UEDPIE_0_Tutorial
[2017.11.27-02.16.28:212][577]LogPlayLevel: PIE: StaticDuplicateObject took: (0.009813s)
[2017.11.27-02.16.28:213][577]LogAIModule: Creating AISystem for world Tutorial
[2017.11.27-02.16.28:213][577]LogPlayLevel: PIE: World Init took: (0.000647s)
[2017.11.27-02.16.28:213][577]LogPlayLevel: PIE: Created PIE world by copying editor world from /Game/ThirdPersonBP/Maps/Tutorial.Tutorial to /Game/ThirdPersonBP/Maps/UEDPIE_0_Tutorial.Tutorial (0.010681s)
[2017.11.27-02.16.28:235][577]LogInit: XAudio2 using 'Headset Earphone (Corsair VOID PRO USB Gaming Headset )' : 2 channels at 44.1 kHz using 16 bits per sample (channel mask 0x3)
[2017.11.27-02.16.28:242][577]LogInit: FAudioDevice initialized.
[2017.11.27-02.16.28:273][577]LogLoad: Game class is 'RPGGM_C'
[2017.11.27-02.16.28:277][577]LogWorld: Bringing World /Game/ThirdPersonBP/Maps/UEDPIE_0_Tutorial.Tutorial up for play (max tick rate 0) at 2017.11.27-02.16.28
[2017.11.27-02.16.28:277][577]LogWorld: Bringing up level for play took: 0.003032
[2017.11.27-02.16.28:280][577]PIE: Info Play in editor start time for /Game/ThirdPersonBP/Maps/UEDPIE_0_Tutorial -0.921
[2017.11.27-02.16.28:280][577]LogBlueprintUserMessages: Late PlayInEditor Detection: Level '/Game/ThirdPersonBP/Maps/Tutorial.Tutorial:PersistentLevel' has LevelScriptBlueprint '/Game/ThirdPersonBP/Maps/Tutorial.Tutorial:PersistentLevel.Tutorial' with GeneratedClass '/Game/ThirdPersonBP/Maps/Tutorial.Tutorial_C' with ClassGeneratedBy '/Game/ThirdPersonBP/Maps/Tutorial.Tutorial:PersistentLevel.Tutorial'
[2017.11.27-02.16.35:253][388]LogBlueprintUserMessages: Early EndPlayMap Detection: Level '/Game/ThirdPersonBP/Maps/Tutorial.Tutorial:PersistentLevel' has LevelScriptBlueprint '/Game/ThirdPersonBP/Maps/Tutorial.Tutorial:PersistentLevel.Tutorial' with GeneratedClass '/Game/ThirdPersonBP/Maps/Tutorial.Tutorial_C' with ClassGeneratedBy '/Game/ThirdPersonBP/Maps/Tutorial.Tutorial:PersistentLevel.Tutorial'
[2017.11.27-02.16.35:299][388]LogBlueprintUserMessages: Late EndPlayMap Detection: Level '/Game/ThirdPersonBP/Maps/Tutorial.Tutorial:PersistentLevel' has LevelScriptBlueprint '/Game/ThirdPersonBP/Maps/Tutorial.Tutorial:PersistentLevel.Tutorial' with GeneratedClass '/Game/ThirdPersonBP/Maps/Tutorial.Tutorial_C' with ClassGeneratedBy '/Game/ThirdPersonBP/Maps/Tutorial.Tutorial:PersistentLevel.Tutorial'
[2017.11.27-02.16.57:782][926]LogSavePackage: Save=275.51ms
[2017.11.27-02.16.57:782][926]LogSavePackage: Moving '../../../../../GitDownloaded/FMP_RPG_Game_Charm/Saved/Tutorial_Auto27CA1B4944D34555B4884CA883EEA5181.tmp' to '../../../../../GitDownloaded/FMP_RPG_Game_Charm/Saved/Autosaves/Game/ThirdPersonBP/Maps/Tutorial_Auto2.umap'
[2017.11.27-02.16.57:784][926]LogSavePackage:Display: Finished SavePackage ../../../../../GitDownloaded/FMP_RPG_Game_Charm/Saved/Autosaves/Game/ThirdPersonBP/Maps/Tutorial_Auto2.umap
[2017.11.27-02.16.57:785][926]LogFileHelpers: Editor autosave (incl. sublevels) for '/Game/ThirdPersonBP/Maps/Tutorial' took 0.297
[2017.11.27-02.16.57:785][926]LogFileHelpers: Editor autosave (incl. sublevels) for all levels took 0.297
[2017.11.27-02.16.57:786][926]OBJ SavePackage: Generating thumbnails for [1] asset(s) in package [/Game/untitled] ([1] browsable assets)...
[2017.11.27-02.16.57:797][926]OBJ SavePackage:     Rendered thumbnail for [StaticMesh /Game/untitled.untitled]
[2017.11.27-02.16.57:797][926]OBJ SavePackage: Finished generating thumbnails for package [/Game/untitled]
[2017.11.27-02.16.57:797][926]Cmd: OBJ SAVEPACKAGE PACKAGE="/Game/untitled" FILE="../../../../../GitDownloaded/FMP_RPG_Game_Charm/Saved/Autosaves/Game/untitled_Auto2.uasset" SILENT=false AUTOSAVING=true
[2017.11.27-02.16.57:808][926]LogSavePackage: Save=9.89ms
[2017.11.27-02.16.57:808][926]LogSavePackage: Moving '../../../../../GitDownloaded/FMP_RPG_Game_Charm/Saved/untitled_Auto2B260646948F404C2B34EDB8EC51B173A.tmp' to '../../../../../GitDownloaded/FMP_RPG_Game_Charm/Saved/Autosaves/Game/untitled_Auto2.uasset'
[2017.11.27-02.16.57:809][926]LogSavePackage:Display: Finished SavePackage ../../../../../GitDownloaded/FMP_RPG_Game_Charm/Saved/Autosaves/Game/untitled_Auto2.uasset
[2017.11.27-02.16.57:809][926]LogFileHelpers: Auto-saving content packages took 0.024
[2017.11.27-02.41.51:558][408]LogWindowsTextInputMethodSystem:Display: IME system now deactivated.
[2017.11.27-02.41.51:558][408]LogWindowsTextInputMethodSystem:Display: IME system now deactivated.
[2017.11.27-02.41.53:284][408]LogSavePackage: Save=274.93ms
[2017.11.27-02.41.53:284][408]LogSavePackage: Moving '../../../../../GitDownloaded/FMP_RPG_Game_Charm/Saved/Tutorial9D7237334F8401755365999400E10060.tmp' to '../../../../../GitDownloaded/FMP_RPG_Game_Charm/Content/ThirdPersonBP/Maps/Tutorial.umap'
[2017.11.27-02.41.53:286][408]LogSavePackage:Display: Finished SavePackage ../../../../../GitDownloaded/FMP_RPG_Game_Charm/Content/ThirdPersonBP/Maps/Tutorial.umap
[2017.11.27-02.41.53:308][408]LogFileHelpers: Saving map 'Tutorial' took 0.378
[2017.11.27-02.41.53:321][408]Cmd: OBJ SAVEPACKAGE PACKAGE="/Game/untitled" FILE="../../../../../GitDownloaded/FMP_RPG_Game_Charm/Content/untitled.uasset" SILENT=true
[2017.11.27-02.41.53:332][408]LogSavePackage: Save=9.27ms
[2017.11.27-02.41.53:332][408]LogSavePackage: Moving '../../../../../GitDownloaded/FMP_RPG_Game_Charm/Saved/untitled36B3E3B441C11D36BF50EEA8840A80CB.tmp' to '../../../../../GitDownloaded/FMP_RPG_Game_Charm/Content/untitled.uasset'
[2017.11.27-02.41.53:333][408]LogSavePackage:Display: Finished SavePackage ../../../../../GitDownloaded/FMP_RPG_Game_Charm/Content/untitled.uasset
[2017.11.27-02.41.53:732][409]Cmd: QUIT_EDITOR
[2017.11.27-02.41.54:706][409]LogWindowsTextInputMethodSystem:Display: IME system now deactivated.
[2017.11.27-02.41.54:714][409]LogExit: Preparing to exit.
[2017.11.27-02.41.55:293][409]LogDirectoryWatcher: A directory notification for 'F:/GitDownloaded/FMP_RPG_Game_Charm/Content/' was aborted.
[2017.11.27-02.41.55:323][409]LogExit: Editor shut down
[2017.11.27-02.41.55:326][409]LogExit: Transaction tracking system shut down
[2017.11.27-02.41.55:436][409]LogObj: Freed 0b from 0 cluster array pools.
[2017.11.27-02.41.55:436][409]LogExit: Object subsystem successfully closed.
[2017.11.27-02.41.55:454][409]LogD3D11RHI: Shutdown
[2017.11.27-02.41.55:454][409]LogD3D11RHI: CleanupD3DDevice
[2017.11.27-02.41.55:556][409]LogD3D11RHI: ~FD3D11DynamicRHI
[2017.11.27-02.41.55:565][409]LogModuleManager: Shutting down and abandoning module MovieSceneCapture (542)
[2017.11.27-02.41.55:565][409]LogModuleManager: Shutting down and abandoning module ClothingSystemEditorInterface (540)
[2017.11.27-02.41.55:565][409]LogModuleManager: Shutting down and abandoning module SkeletonEditor (538)
[2017.11.27-02.41.55:565][409]LogModuleManager: Shutting down and abandoning module SkeletalMeshEditor (536)
[2017.11.27-02.41.55:565][409]LogModuleManager: Shutting down and abandoning module BlueprintGraph (534)
[2017.11.27-02.41.55:565][409]LogModuleManager: Shutting down and abandoning module BlueprintProfiler (532)
[2017.11.27-02.41.55:565][409]LogModuleManager: Shutting down and abandoning module HierarchicalLODUtilities (530)
[2017.11.27-02.41.55:565][409]LogModuleManager: Shutting down and abandoning module StaticMeshEditor (528)
[2017.11.27-02.41.55:565][409]LogModuleManager: Shutting down and abandoning module HierarchicalLODOutliner (526)
[2017.11.27-02.41.55:565][409]LogModuleManager: Shutting down and abandoning module ExternalImagePicker (524)
[2017.11.27-02.41.55:565][409]LogModuleManager: Shutting down and abandoning module CrashTracker (522)
[2017.11.27-02.41.55:565][409]LogModuleManager: Shutting down and abandoning module SceneOutliner (520)
[2017.11.27-02.41.55:565][409]LogModuleManager: Shutting down and abandoning module AddContentDialog (518)
[2017.11.27-02.41.55:565][409]LogDirectoryWatcher: A directory notification for 'F:/UE/UE_4.16/FeaturePacks/' was aborted.
[2017.11.27-02.41.55:566][409]LogModuleManager: Shutting down and abandoning module WidgetCarousel (517)
[2017.11.27-02.41.55:566][409]LogModuleManager: Shutting down and abandoning module EditorWidgets (514)
[2017.11.27-02.41.55:566][409]LogModuleManager: Shutting down and abandoning module CollectionManager (512)
[2017.11.27-02.41.55:566][409]LogDirectoryWatcher: A directory notification for 'F:/GitDownloaded/FMP_RPG_Game_Charm/Content/Collections/' was aborted.
[2017.11.27-02.41.55:566][409]LogDirectoryWatcher: A directory notification for 'F:/GitDownloaded/FMP_RPG_Game_Charm/Content/Developers/Ryan/Collections/' was aborted.
[2017.11.27-02.41.55:566][409]LogDirectoryWatcher: A directory notification for 'F:/GitDownloaded/FMP_RPG_Game_Charm/Saved/Collections/' was aborted.
[2017.11.27-02.41.55:566][409]LogModuleManager: Shutting down and abandoning module StatsViewer (510)
[2017.11.27-02.41.55:566][409]LogModuleManager: Shutting down and abandoning module FoliageEdit (508)
[2017.11.27-02.41.55:566][409]LogModuleManager: Shutting down and abandoning module LandscapeEditor (506)
[2017.11.27-02.41.55:567][409]LogModuleManager: Shutting down and abandoning module MeshPaintMode (504)
[2017.11.27-02.41.55:567][409]LogModuleManager: Shutting down and abandoning module SceneDepthPickerMode (502)
[2017.11.27-02.41.55:567][409]LogModuleManager: Shutting down and abandoning module ActorPickerMode (500)
[2017.11.27-02.41.55:567][409]LogModuleManager: Shutting down and abandoning module GeometryMode (498)
[2017.11.27-02.41.55:567][409]LogModuleManager: Shutting down and abandoning module TextureAlignMode (496)
[2017.11.27-02.41.55:567][409]LogModuleManager: Shutting down and abandoning module BspMode (494)
[2017.11.27-02.41.55:567][409]LogModuleManager: Shutting down and abandoning module HardwareSurvey (492)
[2017.11.27-02.41.55:567][409]LogModuleManager: Shutting down and abandoning module SequenceRecorderSections (490)
[2017.11.27-02.41.55:567][409]LogModuleManager: Shutting down and abandoning module AutomationWorker (488)
[2017.11.27-02.41.55:567][409]LogModuleManager: Shutting down and abandoning module MatineeToLevelSequence (486)
[2017.11.27-02.41.55:567][409]LogModuleManager: Shutting down and abandoning module LevelSequenceEditor (484)
[2017.11.27-02.41.55:567][409]LogModuleManager: Shutting down and abandoning module PlacementMode (483)
[2017.11.27-02.41.55:567][409]LogModuleManager: Shutting down and abandoning module WmfMediaFactory (480)
[2017.11.27-02.41.55:567][409]LogModuleManager: Shutting down and abandoning module WmfMediaEditor (478)
[2017.11.27-02.41.55:567][409]LogModuleManager: Shutting down and abandoning module AvfMediaFactory (476)
[2017.11.27-02.41.55:567][409]LogModuleManager: Shutting down and abandoning module AvfMediaEditor (474)
[2017.11.27-02.41.55:567][409]LogModuleManager: Shutting down and abandoning module AndroidMediaFactory (472)
[2017.11.27-02.41.55:567][409]LogModuleManager: Shutting down and abandoning module Media (471)
[2017.11.27-02.41.55:567][409]LogModuleManager: Shutting down and abandoning module AndroidMediaEditor (468)
[2017.11.27-02.41.55:567][409]LogModuleManager: Shutting down and abandoning module CharacterAI (466)
[2017.11.27-02.41.55:567][409]LogModuleManager: Shutting down and abandoning module AudioCapture (464)
[2017.11.27-02.41.55:567][409]LogModuleManager: Shutting down and abandoning module SequenceRecorder (463)
[2017.11.27-02.41.55:567][409]LogModuleManager: Shutting down and abandoning module SmartSnapping (460)
[2017.11.27-02.41.55:567][409]LogModuleManager: Shutting down and abandoning module SessionServices (458)
[2017.11.27-02.41.55:567][409]LogModuleManager: Shutting down and abandoning module ViewportSnapping (456)
[2017.11.27-02.41.55:567][409]LogModuleManager: Shutting down and abandoning module ViewportInteraction (454)
[2017.11.27-02.41.55:567][409]LogModuleManager: Shutting down and abandoning module ClothPainter (452)
[2017.11.27-02.41.55:567][409]LogModuleManager: Shutting down and abandoning module LogVisualizer (450)
[2017.11.27-02.41.55:567][409]LogModuleManager: Shutting down and abandoning module IntroTutorials (448)
[2017.11.27-02.41.55:567][409]LogModuleManager: Shutting down and abandoning module GameProjectGeneration (447)
[2017.11.27-02.41.55:568][409]LogModuleManager: Shutting down and abandoning module EditorLiveStreaming (444)
[2017.11.27-02.41.55:568][409]LogModuleManager: Shutting down and abandoning module IOSPlatformEditor (442)
[2017.11.27-02.41.55:568][409]LogModuleManager: Shutting down and abandoning module HTML5PlatformEditor (440)
[2017.11.27-02.41.55:568][409]LogModuleManager: Shutting down and abandoning module AndroidPlatformEditor (438)
[2017.11.27-02.41.55:568][409]LogModuleManager: Shutting down and abandoning module AndroidDeviceDetection (437)
[2017.11.27-02.41.55:768][409]LogModuleManager: Shutting down and abandoning module IOSRuntimeSettings (434)
[2017.11.27-02.41.55:768][409]LogModuleManager: Shutting down and abandoning module AndroidRuntimeSettings (432)
[2017.11.27-02.41.55:768][409]LogModuleManager: Shutting down and abandoning module InputBindingEditor (430)
[2017.11.27-02.41.55:768][409]LogModuleManager: Shutting down and abandoning module MergeActors (428)
[2017.11.27-02.41.55:768][409]LogModuleManager: Shutting down and abandoning module SizeMap (426)
[2017.11.27-02.41.55:768][409]LogModuleManager: Shutting down and abandoning module TreeMap (424)
[2017.11.27-02.41.55:768][409]LogModuleManager: Shutting down and abandoning module ReferenceViewer (422)
[2017.11.27-02.41.55:768][409]LogModuleManager: Shutting down and abandoning module LocalizationDashboard (420)
[2017.11.27-02.41.55:768][409]LogModuleManager: Shutting down and abandoning module LocalizationService (419)
[2017.11.27-02.41.55:768][409]LogModuleManager: Shutting down and abandoning module HardwareTargeting (416)
[2017.11.27-02.41.55:768][409]LogModuleManager: Shutting down and abandoning module DeviceProfileEditor (414)
[2017.11.27-02.41.55:768][409]LogModuleManager: Shutting down and abandoning module UndoHistory (412)
[2017.11.27-02.41.55:768][409]LogModuleManager: Shutting down and abandoning module UserFeedback (410)
[2017.11.27-02.41.55:768][409]LogModuleManager: Shutting down and abandoning module XmlParser (408)
[2017.11.27-02.41.55:768][409]LogModuleManager: Shutting down and abandoning module Blutility (406)
[2017.11.27-02.41.55:768][409]LogModuleManager: Shutting down and abandoning module ProjectSettingsViewer (404)
[2017.11.27-02.41.55:768][409]LogModuleManager: Shutting down and abandoning module ProjectTargetPlatformEditor (403)
[2017.11.27-02.41.55:768][409]LogModuleManager: Shutting down and abandoning module EditorSettingsViewer (400)
[2017.11.27-02.41.55:768][409]LogModuleManager: Shutting down and abandoning module SettingsEditor (398)
[2017.11.27-02.41.55:768][409]LogModuleManager: Shutting down and abandoning module ProjectLauncher (396)
[2017.11.27-02.41.55:768][409]LogModuleManager: Shutting down and abandoning module SessionFrontend (394)
[2017.11.27-02.41.55:768][409]LogModuleManager: Shutting down and abandoning module ProfilerClient (392)
[2017.11.27-02.41.55:768][409]LogModuleManager: Shutting down and abandoning module DeviceManager (390)
[2017.11.27-02.41.55:768][409]LogModuleManager: Shutting down and abandoning module TargetDeviceServices (389)
[2017.11.27-02.41.55:821][409]LogModuleManager: Shutting down and abandoning module AutomationController (386)
[2017.11.27-02.41.55:821][409]LogModuleManager: Shutting down and abandoning module AutomationWindow (384)
[2017.11.27-02.41.55:821][409]LogModuleManager: Shutting down and abandoning module Layers (382)
[2017.11.27-02.41.55:821][409]LogModuleManager: Shutting down and abandoning module ComponentVisualizers (380)
[2017.11.27-02.41.55:821][409]LogModuleManager: Shutting down and abandoning module DetailCustomizations (378)
[2017.11.27-02.41.55:821][409]LogModuleManager: Shutting down and abandoning module PackagesDialog (376)
[2017.11.27-02.41.55:821][409]LogModuleManager: Shutting down and abandoning module Persona (374)
[2017.11.27-02.41.55:822][409]LogModuleManager: Shutting down and abandoning module AdvancedPreviewScene (373)
[2017.11.27-02.41.55:822][409]LogModuleManager: Shutting down and abandoning module AnimGraph (371)
[2017.11.27-02.41.55:822][409]LogModuleManager: Shutting down and abandoning module Kismet (368)
[2017.11.27-02.41.55:828][409]LogModuleManager: Shutting down and abandoning module ClassViewer (366)
[2017.11.27-02.41.55:828][409]LogModuleManager: Shutting down and abandoning module Toolbox (364)
[2017.11.27-02.41.55:828][409]LogModuleManager: Shutting down and abandoning module ModuleUI (362)
[2017.11.27-02.41.55:828][409]LogModuleManager: Shutting down and abandoning module MovieSceneTools (360)
[2017.11.27-02.41.55:829][409]LogModuleManager: Shutting down and abandoning module OutputLog (358)
[2017.11.27-02.41.55:829][409]LogModuleManager: Shutting down and abandoning module GammaUI (356)
[2017.11.27-02.41.55:829][409]LogModuleManager: Shutting down and abandoning module Documentation (354)
[2017.11.27-02.41.55:829][409]LogModuleManager: Shutting down and abandoning module MovieSceneTracks (352)
[2017.11.27-02.41.55:829][409]LogModuleManager: Shutting down and abandoning module MovieScene (350)
[2017.11.27-02.41.55:829][409]LogModuleManager: Shutting down and abandoning module Niagara (348)
[2017.11.27-02.41.55:829][409]LogModuleManager: Shutting down and abandoning module NiagaraEditor (347)
[2017.11.27-02.41.55:829][409]LogModuleManager: Shutting down and abandoning module StreamingPauseRendering (344)
[2017.11.27-02.41.55:829][409]LogModuleManager: Shutting down and abandoning module AnalyticsET (342)
[2017.11.27-02.41.55:829][409]LogModuleManager: Shutting down and abandoning module PortalServices (340)
[2017.11.27-02.41.55:829][409]LogModuleManager: Shutting down and abandoning module PortalRpc (338)
[2017.11.27-02.41.55:829][409]LogModuleManager: Shutting down and abandoning module MessagingRpc (336)
[2017.11.27-02.41.55:829][409]LogModuleManager: Shutting down and abandoning module AIModule (334)
[2017.11.27-02.41.55:829][409]LogModuleManager: Shutting down and abandoning module GameplayDebugger (333)
[2017.11.27-02.41.55:829][409]LogModuleManager: Shutting down and abandoning module AITestSuite (331)
[2017.11.27-02.41.55:829][409]LogModuleManager: Shutting down and abandoning module ProfilerService (328)
[2017.11.27-02.41.55:936][409]LogModuleManager: Shutting down and abandoning module TaskGraph (326)
[2017.11.27-02.41.55:936][409]LogModuleManager: Shutting down and abandoning module SteamVRController (324)
[2017.11.27-02.41.55:936][409]LogModuleManager: Shutting down and abandoning module SteamVR (322)
[2017.11.27-02.41.55:936][409]LogModuleManager: Shutting down and abandoning module ProceduralMeshComponentEditor (320)
[2017.11.27-02.41.55:936][409]LogModuleManager: Shutting down and abandoning module ProceduralMeshComponent (318)
[2017.11.27-02.41.55:936][409]LogModuleManager: Shutting down and abandoning module OculusLibrary (316)
[2017.11.27-02.41.55:936][409]LogModuleManager: Shutting down and abandoning module OculusInput (314)
[2017.11.27-02.41.55:936][409]LogModuleManager: Shutting down and abandoning module MobilePatchingUtils (312)
[2017.11.27-02.41.55:936][409]LogModuleManager: Shutting down and abandoning module CustomMeshComponent (310)
[2017.11.27-02.41.55:936][409]LogModuleManager: Shutting down and abandoning module CableComponent (308)
[2017.11.27-02.41.55:936][409]LogModuleManager: Shutting down and abandoning module ArchVisCharacter (306)
[2017.11.27-02.41.55:936][409]LogModuleManager: Shutting down and abandoning module AndroidPermission (304)
[2017.11.27-02.41.55:936][409]LogModuleManager: Shutting down and abandoning module MediaPlayerEditor (300)
[2017.11.27-02.41.55:936][409]LogModuleManager: Shutting down and abandoning module HTML5Networking (298)
[2017.11.27-02.41.55:936][409]LogModuleManager: Shutting down and abandoning module AlembicImporter (296)
[2017.11.27-02.41.55:936][409]LogModuleManager: Shutting down and abandoning module AlembicLibrary (295)
[2017.11.27-02.41.55:936][409]LogModuleManager: Shutting down and abandoning module GeometryCache (294)
[2017.11.27-02.41.55:936][409]LogModuleManager: Shutting down and abandoning module GeometryCacheEd (293)
[2017.11.27-02.41.55:936][409]LogModuleManager: Shutting down and abandoning module SuperSearchEditor (288)
[2017.11.27-02.41.55:936][409]LogModuleManager: Shutting down and abandoning module SuperSearch (287)
[2017.11.27-02.41.55:936][409]LogModuleManager: Shutting down and abandoning module SpeedTreeImporter (284)
[2017.11.27-02.41.55:936][409]LogModuleManager: Shutting down and abandoning module PluginBrowser (282)
[2017.11.27-02.41.55:936][409]LogModuleManager: Shutting down and abandoning module MobileLauncherProfileWizard (280)
[2017.11.27-02.41.55:936][409]LogModuleManager: Shutting down and abandoning module VisualStudioSourceCodeAccess (278)
[2017.11.27-02.41.55:936][409]LogModuleManager: Shutting down and abandoning module DesktopPlatform (277)
[2017.11.27-02.41.55:936][409]LogModuleManager: Shutting down and abandoning module UObjectPlugin (274)
[2017.11.27-02.41.55:936][409]LogModuleManager: Shutting down and abandoning module SubversionSourceControl (272)
[2017.11.27-02.41.55:936][409]LogModuleManager: Shutting down and abandoning module PerforceSourceControl (270)
[2017.11.27-02.41.55:936][409]LogModuleManager: Shutting down and abandoning module GitSourceControl (268)
[2017.11.27-02.41.55:936][409]LogModuleManager: Shutting down and abandoning module SourceControl (267)
[2017.11.27-02.41.55:936][409]LogModuleManager: Shutting down and abandoning module LightPropagationVolumeEditor (264)
[2017.11.27-02.41.55:936][409]LogModuleManager: Shutting down and abandoning module PaperTiledImporter (262)
[2017.11.27-02.41.55:936][409]LogModuleManager: Shutting down and abandoning module PaperSpriteSheetImporter (260)
[2017.11.27-02.41.55:936][409]LogModuleManager: Shutting down and abandoning module Paper2DEditor (258)
[2017.11.27-02.41.55:936][409]LogModuleManager: Shutting down and abandoning module MeshPaint (257)
[2017.11.27-02.41.55:936][409]LogModuleManager: Shutting down and abandoning module LevelEditor (255)
[2017.11.27-02.41.55:937][409]LogModuleManager: Shutting down and abandoning module PixelInspectorModule (254)
[2017.11.27-02.41.55:937][409]LogModuleManager: Shutting down and abandoning module MainFrame (252)
[2017.11.27-02.41.55:937][409]LogModuleManager: Shutting down and abandoning module HotReload (251)
[2017.11.27-02.41.55:938][409]LogModuleManager: Shutting down and abandoning module PhysXVehiclesEditor (246)
[2017.11.27-02.41.55:938][409]LogModuleManager: Shutting down and abandoning module PhysXVehicles (244)
[2017.11.27-02.41.55:938][409]LogModuleManager: Shutting down and abandoning module LocationServicesBPLibrary (242)
[2017.11.27-02.41.55:938][409]LogModuleManager: Shutting down and abandoning module ImmediatePhysicsEditor (240)
[2017.11.27-02.41.55:938][409]LogModuleManager: Shutting down and abandoning module ImmediatePhysics (238)
[2017.11.27-02.41.55:938][409]LogModuleManager: Shutting down and abandoning module UdpMessaging (236)
[2017.11.27-02.41.56:038][409]LogModuleManager: Shutting down and abandoning module TcpMessaging (234)
[2017.11.27-02.41.56:139][409]LogModuleManager: Shutting down and abandoning module GameplayTagsEditor (232)
[2017.11.27-02.41.56:139][409]LogModuleManager: Shutting down and abandoning module FacialAnimationEditor (230)
[2017.11.27-02.41.56:139][409]LogModuleManager: Shutting down and abandoning module FacialAnimation (228)
[2017.11.27-02.41.56:139][409]LogModuleManager: Shutting down and abandoning module AssetManagerEditor (226)
[2017.11.27-02.41.56:139][409]LogModuleManager: Shutting down and abandoning module GraphEditor (225)
[2017.11.27-02.41.56:139][409]LogModuleManager: Shutting down and abandoning module ContentBrowser (223)
[2017.11.27-02.41.56:140][409]LogModuleManager: Shutting down and abandoning module LightPropagationVolumeRuntime (220)
[2017.11.27-02.41.56:140][409]LogModuleManager: Shutting down and abandoning module Paper2D (218)
[2017.11.27-02.41.56:140][409]LogModuleManager: Shutting down and abandoning module WindowsMoviePlayer (216)
[2017.11.27-02.41.56:140][409]LogModuleManager: Shutting down and abandoning module WmfMedia (214)
[2017.11.27-02.41.56:141][409]LogModuleManager: Shutting down and abandoning module ClothingSystemEditor (212)
[2017.11.27-02.41.56:141][409]LogModuleManager: Shutting down and abandoning module ClothingSystemRuntime (210)
[2017.11.27-02.41.56:141][409]LogModuleManager: Shutting down and abandoning module MediaAssets (208)
[2017.11.27-02.41.56:141][409]LogModuleManager: Shutting down and abandoning module GameLiveStreaming (206)
[2017.11.27-02.41.56:141][409]LogModuleManager: Shutting down and abandoning module VREditor (204)
[2017.11.27-02.41.56:141][409]LogModuleManager: Shutting down and abandoning module StringTableEditor (202)
[2017.11.27-02.41.56:141][409]LogModuleManager: Shutting down and abandoning module GameplayTasksEditor (200)
[2017.11.27-02.41.56:141][409]LogModuleManager: Shutting down and abandoning module BehaviorTreeEditor (198)
[2017.11.27-02.41.56:141][409]LogModuleManager: Shutting down and abandoning module FunctionalTesting (196)
[2017.11.27-02.41.56:141][409]LogModuleManager: Shutting down and abandoning module CollisionAnalyzer (194)
[2017.11.27-02.41.56:141][409]LogModuleManager: Shutting down and abandoning module UMG (192)
[2017.11.27-02.41.56:141][409]LogModuleManager: Shutting down and abandoning module UMGEditor (191)
[2017.11.27-02.41.56:141][409]LogModuleManager: Shutting down and abandoning module Sequencer (190)
[2017.11.27-02.41.56:142][409]LogModuleManager: Shutting down and abandoning module AssetTools (188)
[2017.11.27-02.41.56:142][409]LogModuleManager: Shutting down and abandoning module MessageLog (187)
[2017.11.27-02.41.56:142][409]LogModuleManager: Shutting down and abandoning module WorkspaceMenuStructure (186)
[2017.11.27-02.41.56:142][409]LogModuleManager: Shutting down and abandoning module SlateReflector (180)
[2017.11.27-02.41.56:142][409]LogModuleManager: Shutting down and abandoning module Slate (178)
[2017.11.27-02.41.56:142][409]LogModuleManager: Shutting down and abandoning module EditorStyle (176)
[2017.11.27-02.41.56:144][409]LogModuleManager: Shutting down and abandoning module SourceCodeAccess (174)
[2017.11.27-02.41.56:144][409]LogModuleManager: Shutting down and abandoning module HeadMountedDisplay (172)
[2017.11.27-02.41.56:144][409]LogModuleManager: Shutting down and abandoning module XAudio2 (170)
[2017.11.27-02.41.56:144][409]LogModuleManager: Shutting down and abandoning module Networking (168)
[2017.11.27-02.41.56:144][409]LogModuleManager: Shutting down and abandoning module Core (164)
[2017.11.27-02.41.56:144][409]LogModuleManager: Shutting down and abandoning module AssetRegistry (162)
[2017.11.27-02.41.56:366][409]LogDirectoryWatcher: A directory notification for '../../../Engine/Content/' was aborted.
[2017.11.27-02.41.56:366][409]LogDirectoryWatcher: A directory notification for '../../../../../GitDownloaded/FMP_RPG_Game_Charm/Content/' was aborted.
[2017.11.27-02.41.56:366][409]LogDirectoryWatcher: A directory notification for '../../../Engine/Plugins/2D/Paper2D/Content/' was aborted.
[2017.11.27-02.41.56:366][409]LogDirectoryWatcher: A directory notification for '../../../Engine/Plugins/Runtime/GearVR/Content/' was aborted.
[2017.11.27-02.41.56:370][409]LogModuleManager: Shutting down and abandoning module DirectoryWatcher (161)
[2017.11.27-02.41.56:370][409]LogModuleManager: Shutting down and abandoning module KismetCompiler (158)
[2017.11.27-02.41.56:370][409]LogModuleManager: Shutting down and abandoning module LevelSequence (156)
[2017.11.27-02.41.56:370][409]LogModuleManager: Shutting down and abandoning module PhysXFormats (154)
[2017.11.27-02.41.56:370][409]LogModuleManager: Shutting down and abandoning module MeshUtilities (152)
[2017.11.27-02.41.56:370][409]LogModuleManager: Shutting down and abandoning module SimplygonSwarm (151)
[2017.11.27-02.41.56:371][409]LogModuleManager: Shutting down and abandoning module SimplygonMeshReduction (149)
[2017.11.27-02.41.56:371][409]LogModuleManager: Shutting down and abandoning module QuadricMeshReduction (147)
[2017.11.27-02.41.56:371][409]LogModuleManager: Shutting down and abandoning module DerivedDataCache (144)
[2017.11.27-02.41.56:403][409]LogDerivedDataCache: Shutdown
[2017.11.27-02.41.56:403][409]LogModuleManager: Shutting down and abandoning module TargetPlatform (142)
[2017.11.27-02.41.56:403][409]LogModuleManager: Shutting down and abandoning module VulkanShaderFormat (141)
[2017.11.27-02.41.56:403][409]LogModuleManager: Shutting down and abandoning module ShaderFormatVectorVM (139)
[2017.11.27-02.41.56:403][409]LogModuleManager: Shutting down and abandoning module ShaderFormatOpenGL (137)
[2017.11.27-02.41.56:403][409]LogModuleManager: Shutting down and abandoning module ShaderFormatD3D (135)
[2017.11.27-02.41.56:403][409]LogModuleManager: Shutting down and abandoning module MetalShaderFormat (133)
[2017.11.27-02.41.56:403][409]LogModuleManager: Shutting down and abandoning module TextureFormatUncompressed (131)
[2017.11.27-02.41.56:403][409]LogModuleManager: Shutting down and abandoning module TextureFormatPVR (129)
[2017.11.27-02.41.56:403][409]LogModuleManager: Shutting down and abandoning module TextureFormatDXT (127)
[2017.11.27-02.41.56:403][409]LogModuleManager: Shutting down and abandoning module TextureFormatIntelISPCTexComp (125)
[2017.11.27-02.41.56:403][409]LogModuleManager: Shutting down and abandoning module TextureFormatASTC (123)
[2017.11.27-02.41.56:403][409]LogModuleManager: Shutting down and abandoning module ImageWrapper (122)
[2017.11.27-02.41.56:403][409]LogModuleManager: Shutting down and abandoning module TextureFormatAndroid (119)
[2017.11.27-02.41.56:403][409]LogModuleManager: Shutting down and abandoning module AudioFormatOpus (117)
[2017.11.27-02.41.56:403][409]LogModuleManager: Shutting down and abandoning module AudioFormatOgg (115)
[2017.11.27-02.41.56:403][409]LogModuleManager: Shutting down and abandoning module AudioFormatADPCM (113)
[2017.11.27-02.41.56:403][409]LogModuleManager: Shutting down and abandoning module LinuxTargetPlatform (111)
[2017.11.27-02.41.56:403][409]LogModuleManager: Shutting down and abandoning module LinuxServerTargetPlatform (109)
[2017.11.27-02.41.56:403][409]LogModuleManager: Shutting down and abandoning module LinuxNoEditorTargetPlatform (107)
[2017.11.27-02.41.56:403][409]LogModuleManager: Shutting down and abandoning module LinuxClientTargetPlatform (105)
[2017.11.27-02.41.56:403][409]LogModuleManager: Shutting down and abandoning module TVOSTargetPlatform (103)
[2017.11.27-02.41.56:403][409]LogModuleManager: Shutting down and abandoning module Messaging (101)
[2017.11.27-02.41.56:403][409]LogModuleManager: Shutting down and abandoning module IOSTargetPlatform (99)
[2017.11.27-02.41.56:403][409]LogModuleManager: Shutting down and abandoning module HTML5TargetPlatform (97)
[2017.11.27-02.41.56:403][409]LogModuleManager: Shutting down and abandoning module Android_PVRTCTargetPlatform (95)
[2017.11.27-02.41.56:403][409]LogModuleManager: Shutting down and abandoning module Android_MultiTargetPlatform (93)
[2017.11.27-02.41.56:403][409]LogModuleManager: Shutting down and abandoning module Android_ETC2TargetPlatform (91)
[2017.11.27-02.41.56:403][409]LogModuleManager: Shutting down and abandoning module Android_ETC1TargetPlatform (89)
[2017.11.27-02.41.56:403][409]LogModuleManager: Shutting down and abandoning module Android_DXTTargetPlatform (87)
[2017.11.27-02.41.56:403][409]LogModuleManager: Shutting down and abandoning module Android_ATCTargetPlatform (85)
[2017.11.27-02.41.56:403][409]LogModuleManager: Shutting down and abandoning module Android_ASTCTargetPlatform (83)
[2017.11.27-02.41.56:403][409]LogModuleManager: Shutting down and abandoning module AndroidTargetPlatform (81)
[2017.11.27-02.41.56:403][409]LogModuleManager: Shutting down and abandoning module WindowsTargetPlatform (79)
[2017.11.27-02.41.56:403][409]LogModuleManager: Shutting down and abandoning module WindowsServerTargetPlatform (77)
[2017.11.27-02.41.56:403][409]LogModuleManager: Shutting down and abandoning module WindowsNoEditorTargetPlatform (75)
[2017.11.27-02.41.56:403][409]LogModuleManager: Shutting down and abandoning module WindowsClientTargetPlatform (73)
[2017.11.27-02.41.56:403][409]LogModuleManager: Shutting down and abandoning module MacTargetPlatform (71)
[2017.11.27-02.41.56:403][409]LogModuleManager: Shutting down and abandoning module MacServerTargetPlatform (69)
[2017.11.27-02.41.56:403][409]LogModuleManager: Shutting down and abandoning module MacNoEditorTargetPlatform (67)
[2017.11.27-02.41.56:403][409]LogModuleManager: Shutting down and abandoning module MacClientTargetPlatform (65)
[2017.11.27-02.41.56:403][409]LogModuleManager: Shutting down and abandoning module AllDesktopTargetPlatform (63)
[2017.11.27-02.41.56:403][409]LogModuleManager: Shutting down and abandoning module InputCore (60)
[2017.11.27-02.41.56:403][409]LogModuleManager: Shutting down and abandoning module Settings (58)
[2017.11.27-02.41.56:403][409]LogModuleManager: Shutting down and abandoning module OculusRift (56)
[2017.11.27-02.41.56:403][409]LogModuleManager: Shutting down and abandoning module GearVRController (54)
[2017.11.27-02.41.56:403][409]LogModuleManager: Shutting down and abandoning module GearVR (52)
[2017.11.27-02.41.56:403][409]LogModuleManager: Shutting down and abandoning module ExampleDeviceProfileSelector (50)
[2017.11.27-02.41.56:403][409]LogModuleManager: Shutting down and abandoning module OnlineBlueprintSupport (48)
[2017.11.27-02.41.56:403][409]LogModuleManager: Shutting down and abandoning module OnlineSubsystem (44)
[2017.11.27-02.41.56:403][409]LogOnline:Display: Unloading online subsystem: NULL
[2017.11.27-02.41.56:403][409]LogModuleManager: Shutting down and abandoning module XMPP (43)
[2017.11.27-02.41.56:404][409]LogModuleManager: Shutting down and abandoning module HTTP (41)
[2017.11.27-02.41.56:404][409]LogHttp:Display: Http module shutting down, but needs to wait on 1 outstanding Http requests:
[2017.11.27-02.41.56:404][409]LogHttp:Display: 	verb=[POST] url=[https://datarouter.ol.epicgames.com/datarouter/api/v1/public/data?SessionID=%7B370DA241-4288-3784-6E8F-29A4E07A3CEE%7D&AppID=UEEditor.Rocket.Release&AppVersion=4.16.3-3561208%2B%2B%2BUE4%2BRelease-4.16&UserID=80685d1f44f32b1fbce3579e86be7684%7C1cd4d5901e88499eb9139176ba5a7f4f%7Cd4885e74-c0c5-4abc-a5e8-67608077d65b&AppEnvironment=datacollector-binary&UploadType=eteventstream] status=Processing
[2017.11.27-02.41.56:417][409]LogModuleManager: Shutting down and abandoning module SSL (40)
[2017.11.27-02.41.56:419][409]LogModuleManager: Shutting down and abandoning module HTTPChunkInstaller (36)
[2017.11.27-02.41.56:419][409]LogModuleManager: Shutting down and abandoning module AnimationModifiers (34)
[2017.11.27-02.41.56:419][409]LogModuleManager: Shutting down and abandoning module PropertyEditor (33)
[2017.11.27-02.41.56:419][409]LogModuleManager: Shutting down and abandoning module AudioEditor (30)
[2017.11.27-02.41.56:419][409]LogModuleManager: Shutting down and abandoning module TextureCompressor (28)
[2017.11.27-02.41.56:419][409]LogModuleManager: Shutting down and abandoning module ShaderCore (26)
[2017.11.27-02.41.56:419][409]LogModuleManager: Shutting down and abandoning module Landscape (24)
[2017.11.27-02.41.56:419][409]LogModuleManager: Shutting down and abandoning module SlateRHIRenderer (22)
[2017.11.27-02.41.56:420][409]LogModuleManager: Shutting down and abandoning module OpenGLDrv (20)
[2017.11.27-02.41.56:420][409]LogModuleManager: Shutting down and abandoning module D3D11RHI (18)
[2017.11.27-02.41.56:420][409]LogModuleManager: Shutting down and abandoning module AnimGraphRuntime (16)
[2017.11.27-02.41.56:420][409]LogModuleManager: Shutting down and abandoning module Renderer (14)
[2017.11.27-02.41.56:420][409]LogModuleManager: Shutting down and abandoning module Engine (12)
[2017.11.27-02.41.56:420][409]LogModuleManager: Shutting down and abandoning module CoreUObject (10)
[2017.11.27-02.41.56:420][409]LogModuleManager: Shutting down and abandoning module NetworkFile (8)
[2017.11.27-02.41.56:420][409]LogModuleManager: Shutting down and abandoning module StreamingFile (6)
[2017.11.27-02.41.56:420][409]LogModuleManager: Shutting down and abandoning module SandboxFile (4)
[2017.11.27-02.41.56:420][409]LogModuleManager: Shutting down and abandoning module PakFile (2)
[2017.11.27-02.41.56:422][409]LogExit: Exiting.
[2017.11.27-02.41.56:433][409]Log file closed, 11/27/17 02:41:56
