Log file open, 04/17/18 18:38:25
LogInit:Display: Running engine for game: RPG_Game
LogPlatformFile: Not using cached read wrapper
LogInit:Display: RandInit(1716260477) SRandInit(1716260477).
LogTaskGraph: Started task graph with 5 named threads and 12 total threads with 1 sets of task threads.
LogStats: Stats thread started at 0.552169
LogInit: Using libcurl 7.47.1
LogInit:  - built for x86_64-pc-win32
LogInit:  - supports SSL with OpenSSL/1.0.2g
LogInit:  - supports HTTP deflate (compression) using libz 1.2.8
LogInit:  - other features:
LogInit:      CURL_VERSION_SSL
LogInit:      CURL_VERSION_LIBZ
LogInit:      CURL_VERSION_IPV6
LogInit:      CURL_VERSION_ASYNCHDNS
LogInit:      CURL_VERSION_LARGEFILE
LogInit:      CURL_VERSION_IDN
LogInit:  CurlRequestOptions (configurable via config and command line):
LogInit:  - bVerifyPeer = false  - Libcurl will NOT verify peer certificate
LogInit:  - bUseHttpProxy = false  - Libcurl will NOT use HTTP proxy
LogInit:  - bDontReuseConnections = false  - Libcurl will reuse connections
LogInit:  - CertBundlePath = nullptr  - Libcurl will use whatever was configured at build time.
LogInit: Build: ++UE4+Release-4.16-CL-3561208
LogInit: Engine Version: 4.16.3-3561208+++UE4+Release-4.16
LogInit: Compatible Engine Version: 4.16.0-3452394+++UE4+Release-4.16
LogInit: Net CL: 3452394
LogDevObjectVersion: Number of dev versions registered: 16
LogDevObjectVersion:   Dev-Blueprints (B0D832E4-1F89-4F0D-ACCF-7EB736FD4AA2): 9
LogDevObjectVersion:   Dev-Build (E1C64328-A22C-4D53-A36C-8E866417BD8C): 0
LogDevObjectVersion:   Dev-Core (375EC13C-06E4-48FB-B500-84F0262A717E): 2
LogDevObjectVersion:   Dev-Editor (E4B068ED-F494-42E9-A231-DA0B2E46BB41): 17
LogDevObjectVersion:   Dev-Framework (CFFC743F-43B0-4480-9391-14DF171D2073): 23
LogDevObjectVersion:   Dev-Mobile (B02B49B5-BB20-44E9-A304-32B752E40360): 0
LogDevObjectVersion:   Dev-Networking (A4E4105C-59A1-49B5-A7C5-40C4547EDFEE): 0
LogDevObjectVersion:   Dev-Online (39C831C9-5AE6-47DC-9A44-9C173E1C8E7C): 0
LogDevObjectVersion:   Dev-Physics (78F01B33-EBEA-4F98-B9B4-84EACCB95AA2): 0
LogDevObjectVersion:   Dev-Platform (6631380F-2D4D-43E0-8009-CF276956A95A): 0
LogDevObjectVersion:   Dev-Rendering (12F88B9F-8875-4AFC-A67C-D90C383ABD29): 15
LogDevObjectVersion:   Dev-Sequencer (7B5AE74C-D270-4C10-A958-57980B212A5A): 4
LogDevObjectVersion:   Dev-VR (D7296918-1DD6-4BDD-9DE2-64A83CC13884): 0
LogDevObjectVersion:   Dev-LoadTimes (C2A15278-BFE7-4AFE-6C17-90FF531DF755): 1
LogDevObjectVersion:   Private-Geometry (6EACA3D4-40EC-4CC1-B786-8BED09428FC5): 1
LogDevObjectVersion:   Dev-AnimPhys (29E575DD-E0A3-4627-9D10-D276232CDCEA): 3
LogInit: Compiled (64-bit): Jul 28 2017 11:49:47
LogInit: Compiled with Visual C++: 19.00.24215.01
LogInit: Build Configuration: Development
LogInit: Branch Name: ++UE4+Release-4.16
LogInit: Command line:  
LogInit: Base directory: C:/Program Files/Epic Games/UE_4.16/Engine/Binaries/Win64/
LogInit: Installed Engine Build: 1
LogInit: Presizing for max 8388607 objects, including 0 objects not considered by GC, pre-allocating 0 bytes for permanent pool.
LogInit: Object subsystem initialized
[2018.04.17-17.38.26:999][  0]LogInit: Selected Device Profile: [Windows]
[2018.04.17-17.38.26:999][  0]LogInit: Applying CVar settings loaded from the selected device profile: [Windows]
[2018.04.17-17.38.27:114][  0]LogInit: Computer: SONOFMORT
[2018.04.17-17.38.27:114][  0]LogInit: User: Jordan
[2018.04.17-17.38.27:114][  0]LogInit: CPU Page size=4096, Cores=8
[2018.04.17-17.38.27:114][  0]LogInit: High frequency timer resolution =3.125000 MHz
[2018.04.17-17.38.27:115][  0]LogMemory: Memory total: Physical=8.0GB (8GB approx)
[2018.04.17-17.38.27:115][  0]LogMemory: Platform Memory Stats for Windows
[2018.04.17-17.38.27:115][  0]LogMemory: Process Physical Memory: 276.55 MB used, 276.55 MB peak
[2018.04.17-17.38.27:115][  0]LogMemory: Process Virtual Memory: 261.78 MB used, 261.78 MB peak
[2018.04.17-17.38.27:115][  0]LogMemory: Physical Memory: 5799.52 MB used,  2347.70 MB free, 8147.22 MB total
[2018.04.17-17.38.27:115][  0]LogMemory: Virtual Memory: 668.00 MB used,  2347.70 MB free, 134217728.00 MB total
[2018.04.17-17.38.27:407][  0]LogInit: Using OS detected language (en-GB).
[2018.04.17-17.38.27:407][  0]LogInit: Using OS detected locale (en-GB).
[2018.04.17-17.38.27:419][  0]LogTextLocalizationManager: No specific localization for 'en-GB' exists, so the 'en' localization will be used.
[2018.04.17-17.38.28:944][  0]LogD3D11RHI: D3D11 adapters:
[2018.04.17-17.38.29:031][  0]LogD3D11RHI:    0. 'NVIDIA GeForce GTX 1070' (Feature Level 11_0)
[2018.04.17-17.38.29:031][  0]LogD3D11RHI:       8088/0/4073 MB DedicatedVideo/DedicatedSystem/SharedSystem, Outputs:2, VendorId:0x10de
[2018.04.17-17.38.29:034][  0]LogD3D11RHI:    1. 'Microsoft Basic Render Driver' (Feature Level 11_0)
[2018.04.17-17.38.29:034][  0]LogD3D11RHI:       0/0/4073 MB DedicatedVideo/DedicatedSystem/SharedSystem, Outputs:0, VendorId:0x1414
[2018.04.17-17.38.29:034][  0]LogD3D11RHI: Chosen D3D11 Adapter: 0
[2018.04.17-17.38.29:045][  0]LogD3D11RHI: Creating new Direct3DDevice
[2018.04.17-17.38.29:045][  0]LogD3D11RHI:     GPU DeviceId: 0x1b81 (for the marketing name, search the web for "GPU Device Id")
[2018.04.17-17.38.29:045][  0]LogWindows: EnumDisplayDevices:
[2018.04.17-17.38.29:045][  0]LogWindows:    0. 'NVIDIA GeForce GTX 1070' (P:1 D:1)
[2018.04.17-17.38.29:045][  0]LogWindows:    1. 'NVIDIA GeForce GTX 1070' (P:0 D:1)
[2018.04.17-17.38.29:046][  0]LogWindows:    2. 'NVIDIA GeForce GTX 1070' (P:0 D:0)
[2018.04.17-17.38.29:046][  0]LogWindows:    3. 'NVIDIA GeForce GTX 1070' (P:0 D:0)
[2018.04.17-17.38.29:046][  0]LogWindows: DebugString: GetVideoDriverDetailsInvalid PrimaryIsNotTheChoosenAdapter GetVideoDriverDetailsInvalid PrimaryIsNotTheChoosenAdapter GetVideoDriverDetailsInvalid PrimaryIsNotTheChoosenAdapter GetVideoDriverDetailsInvalid PrimaryIsNotTheChoosenAdapter FoundDriverCount:0 
[2018.04.17-17.38.29:046][  0]LogD3D11RHI:     Adapter Name: NVIDIA GeForce GTX 1070
[2018.04.17-17.38.29:046][  0]LogD3D11RHI:   Driver Version: Unknown (internal:Unknown, unified:Unknown)
[2018.04.17-17.38.29:046][  0]LogD3D11RHI:      Driver Date: Unknown
[2018.04.17-17.38.29:046][  0]LogRHI: Texture pool is 1361 MB (70% of 1945 MB)
[2018.04.17-17.38.29:104][  0]LogD3D11RHI: Async texture creation enabled
[2018.04.17-17.38.29:172][  0]LogD3D11RHI: GPU Timing Frequency: 1000.000000 (Debug: 2 2)
[2018.04.17-17.38.29:273][  0]LogShaderCompilers: Guid format shader working directory is 23 characters bigger than the processId version (F:/FMP/RPG_Game/RPG_Game/Intermediate/Shaders/WorkingDirectory/1528/).
[2018.04.17-17.38.29:273][  0]LogShaderCompilers: Cleaned the shader compiler working directory 'C:/Users/Jordan/AppData/Local/Temp/UnrealShaderWorkingDir/5139A37E470AB91550BED0AB4CDB9E3E/'.
[2018.04.17-17.38.29:273][  0]LogShaderCompilers:Display: Using Local Shader Compiler.
[2018.04.17-17.38.30:873][  0]LogTemp:Display: Loaded TP AllDesktopTargetPlatform
[2018.04.17-17.38.30:967][  0]LogTemp:Display: Loaded TP MacClientTargetPlatform
[2018.04.17-17.38.31:062][  0]LogTemp:Display: Loaded TP MacNoEditorTargetPlatform
[2018.04.17-17.38.31:156][  0]LogTemp:Display: Loaded TP MacServerTargetPlatform
[2018.04.17-17.38.31:251][  0]LogTemp:Display: Loaded TP MacTargetPlatform
[2018.04.17-17.38.31:344][  0]LogTemp:Display: Loaded TP WindowsClientTargetPlatform
[2018.04.17-17.38.31:440][  0]LogTemp:Display: Loaded TP WindowsNoEditorTargetPlatform
[2018.04.17-17.38.31:531][  0]LogTemp:Display: Loaded TP WindowsServerTargetPlatform
[2018.04.17-17.38.31:619][  0]LogTemp:Display: Loaded TP WindowsTargetPlatform
[2018.04.17-17.38.31:716][  0]LogTemp:Display: Loaded TP AndroidTargetPlatform
[2018.04.17-17.38.31:808][  0]LogTemp:Display: Loaded TP Android_ASTCTargetPlatform
[2018.04.17-17.38.31:901][  0]LogTemp:Display: Loaded TP Android_ATCTargetPlatform
[2018.04.17-17.38.31:996][  0]LogTemp:Display: Loaded TP Android_DXTTargetPlatform
[2018.04.17-17.38.32:088][  0]LogTemp:Display: Loaded TP Android_ETC1TargetPlatform
[2018.04.17-17.38.32:186][  0]LogTemp:Display: Loaded TP Android_ETC2TargetPlatform
[2018.04.17-17.38.32:379][  0]LogTemp:Display: Loaded TP Android_MultiTargetPlatform
[2018.04.17-17.38.32:379][  0]LogTemp:Display: Loaded TP Android_PVRTCTargetPlatform
[2018.04.17-17.38.32:458][  0]LogTemp:Display: Loaded TP HTML5TargetPlatform
[2018.04.17-17.38.32:621][  0]LogTemp:Display: Loaded TP IOSTargetPlatform
[2018.04.17-17.38.32:672][  0]LogTemp:Display: Loaded TP TVOSTargetPlatform
[2018.04.17-17.38.32:766][  0]LogTemp:Display: Loaded TP LinuxClientTargetPlatform
[2018.04.17-17.38.32:858][  0]LogTemp:Display: Loaded TP LinuxNoEditorTargetPlatform
[2018.04.17-17.38.32:950][  0]LogTemp:Display: Loaded TP LinuxServerTargetPlatform
[2018.04.17-17.38.33:047][  0]LogTemp:Display: Loaded TP LinuxTargetPlatform
[2018.04.17-17.38.33:047][  0]LogTargetPlatformManager:Display: Building Assets For Windows
[2018.04.17-17.38.34:121][  0]LogDerivedDataCache:Display: Max Cache Size: 512 MB
[2018.04.17-17.38.34:539][  0]LogDerivedDataCache: Loaded boot cache 0.42s 90MB C:/Users/Jordan/AppData/Local/UnrealEngine/4.16/DerivedDataCache/Boot.ddc.
[2018.04.17-17.38.34:539][  0]LogDerivedDataCache:Display: Loaded Boot cache: C:/Users/Jordan/AppData/Local/UnrealEngine/4.16/DerivedDataCache/Boot.ddc
[2018.04.17-17.38.34:539][  0]LogDerivedDataCache: FDerivedDataBackendGraph:  Pak pak cache file F:/FMP/RPG_Game/RPG_Game/DerivedDataCache/DDC.ddp not found, will not use a pak cache.
[2018.04.17-17.38.34:539][  0]LogDerivedDataCache: Unable to find inner node Pak for hierarchical cache Hierarchy.
[2018.04.17-17.38.34:539][  0]LogDerivedDataCache: FDerivedDataBackendGraph:  CompressedPak pak cache file F:/FMP/RPG_Game/RPG_Game/DerivedDataCache/Compressed.ddp not found, will not use a pak cache.
[2018.04.17-17.38.34:539][  0]LogDerivedDataCache: Unable to find inner node CompressedPak for hierarchical cache Hierarchy.
[2018.04.17-17.38.34:568][  0]LogDerivedDataCache:Display: Pak cache opened for reading ../../../Engine/DerivedDataCache/Compressed.ddp.
[2018.04.17-17.38.34:582][  0]LogDerivedDataCache: Using Local data cache path C:/Users/Jordan/AppData/Local/UnrealEngine/Common/DerivedDataCache: Writable
[2018.04.17-17.38.34:598][  0]LogMaterial: Verifying Global Shaders for PCD3D_SM5
[2018.04.17-17.38.34:603][  0]LogSlate: Using Freetype 2.6.0
[2018.04.17-17.38.34:606][  0]LogSlate: SlateFontCache - WITH_FREETYPE: 1, WITH_HARFBUZZ: 1
[2018.04.17-17.38.34:606][  0]LogSlate: SlateFontCache - WITH_FREETYPE: 1, WITH_HARFBUZZ: 1
[2018.04.17-17.38.35:534][  0]LogInit: Selected Device Profile: [Windows]
[2018.04.17-17.38.35:837][  0]LogContentStreaming: Texture pool size is 0.00 MB
[2018.04.17-17.38.36:150][  0]LogMeshUtilities: Using QuadricMeshReduction for automatic static mesh reduction
[2018.04.17-17.38.36:245][  0]LogSimplygon: Simplygon DLL not present - disabling.
[2018.04.17-17.38.36:340][  0]LogMeshUtilities: Using SimplygonSwarm for distributed automatic mesh merging
[2018.04.17-17.38.36:340][  0]LogMeshUtilities: No automatic skeletal mesh reduction module available
[2018.04.17-17.38.36:340][  0]LogMeshUtilities: No automatic mesh merging module available
[2018.04.17-17.38.37:565][  0]LogNetVersion: RPG_Game , NetCL: 3452394, EngineNetVer: 2, GameNetVer: 0 (Checksum: 2586067795)
[2018.04.17-17.38.37:675][  0]LogAssetRegistry: FAssetRegistry took 0.0290 seconds to start up
[2018.04.17-17.38.39:238][  0]LogPackageLocalizationCache: Processed 4 localized package path(s) for 2 prioritized culture(s) in 1.521492 seconds
[2018.04.17-17.38.39:245][  0]LogUObjectArray: 34194 objects as part of root set at end of initial load.
[2018.04.17-17.38.39:245][  0]LogUObjectAllocator: 7260424 out of 0 bytes used by permanent object pool.
[2018.04.17-17.38.39:245][  0]LogUObjectArray: CloseDisregardForGC: 0/0 objects in disregard for GC pool
[2018.04.17-17.38.39:359][  0]LogInit: WinSock: version 1.1 (2.2), MaxSocks=32767, MaxUdp=65467
[2018.04.17-17.38.44:559][  0]LogSubstanceCoreModule: Substance [CPU] Engine Loaded, Max Texture Size = 2048
[2018.04.17-17.38.44:624][  0]LogTcpMessaging: Initializing TcpMessaging bridge
[2018.04.17-17.38.44:694][  0]LogUdpMessaging: Initializing bridge on interface 0.0.0.0:0 to multicast group 230.0.0.1:6666.
[2018.04.17-17.38.45:771][  0]LogMaterial: Uniform references updated for custom material expression Custom.
[2018.04.17-17.38.46:640][  0]SourceControl: Info Source control is disabled
[2018.04.17-17.38.50:716][  0]LogAndroidPermission: UAndroidPermissionCallbackProxy::GetInstance
[2018.04.17-17.38.52:057][  0]LogEngine: Initializing Engine...
[2018.04.17-17.38.52:060][  0]LogHMD: Failed to initialize OpenVR with code 110
[2018.04.17-17.38.52:332][  0]LogStats: UGameplayTagsManager::ConstructGameplayTagTree: Construct from data asset -  0.000 s
[2018.04.17-17.38.52:332][  0]LogStats: UGameplayTagsManager::ConstructGameplayTagTree: GameplayTagTreeChangedEvent.Broadcast -  0.000 s
[2018.04.17-17.38.52:612][  0]LogAIModule: Creating AISystem for world Untitled
[2018.04.17-17.38.52:645][  0]LogInit: XAudio2 using 'Headset Earphone (Corsair VOID RGB USB Gaming Headset )' : 6 channels at 48 kHz using 16 bits per sample (channel mask 0x3f)
[2018.04.17-17.38.52:840][  0]LogInit: FAudioDevice initialized.
[2018.04.17-17.38.52:908][  0]LogDerivedDataCache: Saved boot cache 0.07s 90MB C:/Users/Jordan/AppData/Local/UnrealEngine/4.16/DerivedDataCache/Boot.ddc.
[2018.04.17-17.38.52:929][  0]LogInit: Texture streaming: Enabled
[2018.04.17-17.38.53:121][  0]LogEngineSessionManager: EngineSessionManager initialized
[2018.04.17-17.38.53:561][  0]LogInit: Transaction tracking system initialized
[2018.04.17-17.38.54:178][  0]BlueprintLog: New page: Editor Load
[2018.04.17-17.38.56:124][  0]LocalizationService: Info Localization service is disabled
[2018.04.17-17.38.57:534][  0]LogConsoleResponse:Display: 
[2018.04.17-17.38.57:807][  0]LogCook:Display: Max memory allowance for cook 16384mb min free memory 0mb
[2018.04.17-17.38.57:807][  0]LogCook:Display: Mobile HDR setting 1
[2018.04.17-17.38.58:457][  0]LogFileCache: Scanning file cache for directory 'F:/FMP/RPG_Game/RPG_Game/Content/' took 0.02s
[2018.04.17-17.39.00:637][  0]Cmd: MAP LOAD FILE="F:/FMP/RPG_Game/RPG_Game/Content/Maps/HelloWorld.umap" TEMPLATE=0 SHOWPROGRESS=1 FEATURELEVEL=3
[2018.04.17-17.39.00:639][  0]LightingResults: New page: Lighting Build
[2018.04.17-17.39.00:724][  0]MapCheck: New page: Map Check
[2018.04.17-17.39.00:724][  0]LightingResults: New page: Lighting Build
[2018.04.17-17.39.01:651][  0]LogLinker:Warning: Can't find file '/Game/Materials/alphabox'
[2018.04.17-17.39.01:651][  0]LoadErrors: Info Failed to load /Game/Assets/PowerBlock/AlphaBox.AlphaBox Referenced by AlphaCube_GEN_VARIABLE
[2018.04.17-17.39.01:651][  0]LogLinker:Warning: Can't find file for asset '/Game/Materials/alphabox' while loading F:/FMP/RPG_Game/RPG_Game/Content/Assets/PowerBlock/AlphaBox.uasset.
[2018.04.17-17.39.01:651][  0]LoadErrors: Info Failed to load /Game/Assets/PowerBlock/AlphaBox.AlphaBox Referenced by AlphaCube_GEN_VARIABLE
[2018.04.17-17.39.01:651][  0]LoadErrors:Error: Error /Game/Assets/PowerBlock/AlphaBox : Can't find file for asset. /Game/Materials/alphabox
[2018.04.17-17.39.01:652][  0]LogLinker:Warning: Can't find file '/Game/Materials/alphabox'
[2018.04.17-17.39.01:652][  0]LoadErrors: Info Failed to load /Game/Assets/PowerBlock/AlphaBox.AlphaBox Referenced by AlphaCube_GEN_VARIABLE
[2018.04.17-17.39.01:652][  0]LogLinker:Warning: Can't find file for asset '/Game/Materials/alphabox' while loading F:/FMP/RPG_Game/RPG_Game/Content/Assets/PowerBlock/AlphaBox.uasset.
[2018.04.17-17.39.01:652][  0]LoadErrors: Info Failed to load /Game/Assets/PowerBlock/AlphaBox.AlphaBox Referenced by AlphaCube_GEN_VARIABLE
[2018.04.17-17.39.01:652][  0]LoadErrors:Error: Error /Game/Assets/PowerBlock/AlphaBox : Can't find file for asset. /Game/Materials/alphabox
[2018.04.17-17.39.01:730][  0]LogLinker:Warning: Can't find file '/Game/Materials/ButtonMaterial'
[2018.04.17-17.39.01:730][  0]LoadErrors: Info Failed to load /Game/Assets/PressurePad/Button_Base.Button_Base Referenced by Button_Base_GEN_VARIABLE
[2018.04.17-17.39.01:730][  0]LogLinker:Warning: Can't find file for asset '/Game/Materials/ButtonMaterial' while loading F:/FMP/RPG_Game/RPG_Game/Content/Assets/PressurePad/Button_Base.uasset.
[2018.04.17-17.39.01:730][  0]LoadErrors: Info Failed to load /Game/Assets/PressurePad/Button_Base.Button_Base Referenced by Button_Base_GEN_VARIABLE
[2018.04.17-17.39.01:730][  0]LoadErrors:Error: Error /Game/Assets/PressurePad/Button_Base : Can't find file for asset. /Game/Materials/ButtonMaterial
[2018.04.17-17.39.01:730][  0]LogLinker:Warning: Can't find file '/Game/Materials/ButtonMaterial'
[2018.04.17-17.39.01:730][  0]LoadErrors: Info Failed to load /Game/Assets/PressurePad/Button_Base.Button_Base Referenced by Button_Base_GEN_VARIABLE
[2018.04.17-17.39.01:730][  0]LogLinker:Warning: Can't find file for asset '/Game/Materials/ButtonMaterial' while loading F:/FMP/RPG_Game/RPG_Game/Content/Assets/PressurePad/Button_Base.uasset.
[2018.04.17-17.39.01:730][  0]LoadErrors: Info Failed to load /Game/Assets/PressurePad/Button_Base.Button_Base Referenced by Button_Base_GEN_VARIABLE
[2018.04.17-17.39.01:730][  0]LoadErrors:Error: Error /Game/Assets/PressurePad/Button_Base : Can't find file for asset. /Game/Materials/ButtonMaterial
[2018.04.17-17.39.01:762][  0]LogLinker:Warning: Can't find file '/Game/Materials/ButtonMaterial'
[2018.04.17-17.39.01:762][  0]LoadErrors: Info Failed to load /Game/Assets/PressurePad/Button_Push.Button_Push Referenced by Push_GEN_VARIABLE
[2018.04.17-17.39.01:762][  0]LogLinker:Warning: Can't find file for asset '/Game/Materials/ButtonMaterial' while loading F:/FMP/RPG_Game/RPG_Game/Content/Assets/PressurePad/Button_Push.uasset.
[2018.04.17-17.39.01:762][  0]LoadErrors: Info Failed to load /Game/Assets/PressurePad/Button_Push.Button_Push Referenced by Push_GEN_VARIABLE
[2018.04.17-17.39.01:762][  0]LoadErrors:Error: Error /Game/Assets/PressurePad/Button_Push : Can't find file for asset. /Game/Materials/ButtonMaterial
[2018.04.17-17.39.01:762][  0]LogLinker:Warning: Can't find file '/Game/Materials/ButtonMaterial'
[2018.04.17-17.39.01:762][  0]LoadErrors: Info Failed to load /Game/Assets/PressurePad/Button_Push.Button_Push Referenced by Push_GEN_VARIABLE
[2018.04.17-17.39.01:762][  0]LogLinker:Warning: Can't find file for asset '/Game/Materials/ButtonMaterial' while loading F:/FMP/RPG_Game/RPG_Game/Content/Assets/PressurePad/Button_Push.uasset.
[2018.04.17-17.39.01:762][  0]LoadErrors: Info Failed to load /Game/Assets/PressurePad/Button_Push.Button_Push Referenced by Push_GEN_VARIABLE
[2018.04.17-17.39.01:762][  0]LoadErrors:Error: Error /Game/Assets/PressurePad/Button_Push : Can't find file for asset. /Game/Materials/ButtonMaterial
[2018.04.17-17.39.02:376][  0]LogLinker:Warning: Can't find file '/Game/Materials/ButtonMaterial'
[2018.04.17-17.39.02:376][  0]LoadErrors: Info Failed to load /Game/Materials/ButtonMaterial.ButtonMaterial Referenced by Button_Push
[2018.04.17-17.39.02:376][  0]LogLinker:Warning: Can't find file for asset '/Game/Materials/ButtonMaterial' while loading NULL.
[2018.04.17-17.39.02:376][  0]LoadErrors: Info Failed to load /Game/Materials/ButtonMaterial.ButtonMaterial Referenced by Button_Push
[2018.04.17-17.39.02:376][  0]LogLinker:Warning: Can't find file '/Game/Materials/ButtonMaterial'
[2018.04.17-17.39.02:376][  0]LoadErrors: Info Failed to load /Game/Materials/ButtonMaterial.ButtonMaterial Referenced by Button_Base
[2018.04.17-17.39.02:376][  0]LogLinker:Warning: Can't find file for asset '/Game/Materials/ButtonMaterial' while loading NULL.
[2018.04.17-17.39.02:376][  0]LoadErrors: Info Failed to load /Game/Materials/ButtonMaterial.ButtonMaterial Referenced by Button_Base
[2018.04.17-17.39.02:378][  0]LogLinker:Warning: Can't find file '/Game/Materials/alphabox'
[2018.04.17-17.39.02:378][  0]LoadErrors: Info Failed to load /Game/Materials/alphabox.alphabox Referenced by AlphaBox
[2018.04.17-17.39.02:378][  0]LogLinker:Warning: Can't find file for asset '/Game/Materials/alphabox' while loading NULL.
[2018.04.17-17.39.02:378][  0]LoadErrors: Info Failed to load /Game/Materials/alphabox.alphabox Referenced by AlphaBox
[2018.04.17-17.39.02:722][  0]LogAIModule: Creating AISystem for world HelloWorld
[2018.04.17-17.39.03:084][  0]LogEditorServer: Finished looking for orphan Actors (0.000 secs)
[2018.04.17-17.39.03:107][  0]Cmd: MAP CHECKDEP NOCLEARLOG
[2018.04.17-17.39.03:213][  0]MapCheck: Info Map check complete: 0 Error(s), 0 Warning(s), took 105.882ms to complete.
[2018.04.17-17.39.03:214][  0]LogFileHelpers: Loading map 'HelloWorld' took 2.578
[2018.04.17-17.39.03:545][  0]LogCollectionManager: Loaded 0 collections in 0.036556 seconds
[2018.04.17-17.39.03:691][  0]LogFileCache: Scanning file cache for directory 'F:/FMP/RPG_Game/RPG_Game/Saved/Collections/' took 0.01s
[2018.04.17-17.39.03:691][  0]LogFileCache: Scanning file cache for directory 'F:/FMP/RPG_Game/RPG_Game/Content/Developers/Jordan/Collections/' took 0.01s
[2018.04.17-17.39.03:691][  0]LogFileCache: Scanning file cache for directory 'F:/FMP/RPG_Game/RPG_Game/Content/Collections/' took 0.01s
[2018.04.17-17.39.03:691][  0]LogCollectionManager: Rebuilt the GUID cache for 0 collections in 0.000003 seconds
[2018.04.17-17.39.03:706][  0]LogContentBrowser: Native class hierarchy populated in 0.0133 seconds. Added 2343 classes and 497 folders.
[2018.04.17-17.39.03:832][  0]LogContentBrowser: Native class hierarchy updated for 'WidgetCarousel' in 0.0007 seconds. Added 0 classes and 0 folders.
[2018.04.17-17.39.03:997][  0]LogContentBrowser: Native class hierarchy updated for 'AddContentDialog' in 0.0009 seconds. Added 0 classes and 0 folders.
[2018.04.17-17.39.04:090][  0]LogContentBrowser: Native class hierarchy updated for 'SceneOutliner' in 0.0008 seconds. Added 1 classes and 2 folders.
[2018.04.17-17.39.04:218][  0]LogCrashTracker: Crashtracker disabled due to settings.
[2018.04.17-17.39.04:238][  0]LogSlate: Took 0.001350 seconds to synchronously load lazily loaded font '../../../Engine/Content/Slate/Fonts/Roboto-Regular.ttf' (155K)
[2018.04.17-17.39.04:245][  0]LogSlate: Took 0.001246 seconds to synchronously load lazily loaded font '../../../Engine/Content/Slate/Fonts/Roboto-Bold.ttf' (160K)
[2018.04.17-17.39.04:249][  0]LogSlate: Took 0.001294 seconds to synchronously load lazily loaded font '../../../Engine/Content/Editor/Slate/Fonts/FontAwesome.ttf' (139K)
[2018.04.17-17.39.04:352][  0]LogRenderer: Reallocating scene render targets to support 1528x624 NumSamples 1 (Frame:1).
[2018.04.17-17.39.04:462][  0]LogSlate: Took 0.001454 seconds to synchronously load lazily loaded font '../../../Engine/Content/Slate/Fonts/Roboto-Light.ttf' (159K)
[2018.04.17-17.39.04:684][  0]LogUObjectGlobals:Warning: Failed to find object 'Class None.'
[2018.04.17-17.39.04:796][  0]LogContentBrowser: Native class hierarchy updated for 'HierarchicalLODOutliner' in 0.0008 seconds. Added 1 classes and 2 folders.
[2018.04.17-17.39.04:796][  0]LogLoad: (Engine Initialization) Total time: 44.05 seconds
[2018.04.17-17.39.04:796][  0]LogLoad: (Engine Initialization) Total Blueprint compile time: 0.28 seconds
[2018.04.17-17.39.04:796][  0]LogExternalProfiler: No external profilers were discovered.  External profiling features will not be available.
[2018.04.17-17.39.04:807][  0]LogWindowsTextInputMethodSystem:Display: IME system now deactivated.
[2018.04.17-17.39.04:808][  0]LogOcInput: OculusInput pre-init called
[2018.04.17-17.39.04:809][  0]LogHMD: Starting GearVRController plugin
[2018.04.17-17.39.04:844][  0]LogContentStreaming: Texture pool size now 1000 MB
[2018.04.17-17.39.04:883][  1]LogAssetRegistry: Asset discovery search completed in 27.2302 seconds
[2018.04.17-17.39.04:889][  1]LogCollectionManager: Rebuilt the object cache for 0 collections in 0.000001 seconds (found 0 objects)
[2018.04.17-17.39.04:889][  1]LogCollectionManager: Fixed up redirectors for 0 collections in 0.000050 seconds (updated 0 objects)
[2018.04.17-17.39.05:163][ 24]SourceControl: Info On branch master
[2018.04.17-17.39.05:163][ 24]SourceControl: Info Your branch is up to date with 'origin/master'.
[2018.04.17-17.39.05:163][ 24]SourceControl: Info Changes not staged for commit:
[2018.04.17-17.39.05:163][ 24]SourceControl: Info   (use "git add/rm <file>..." to update what will be committed)
[2018.04.17-17.39.05:163][ 24]SourceControl: Info   (use "git checkout -- <file>..." to discard changes in working directory)
[2018.04.17-17.39.05:163][ 24]SourceControl: Info 	modified:   Intermediate/CachedAssetRegistry.bin
[2018.04.17-17.39.05:163][ 24]SourceControl: Info 	deleted:    Saved/Config/CrashReportClient/UE4CC-Windows-15B9C32145D3DDE03CAB9DAEEE0EB301/CrashReportClient.ini
[2018.04.17-17.39.05:163][ 24]SourceControl: Info 	deleted:    Saved/Config/CrashReportClient/UE4CC-Windows-1DBDB9474ED2FF55101575A313B907A4/CrashReportClient.ini
[2018.04.17-17.39.05:163][ 24]SourceControl: Info 	deleted:    Saved/Config/CrashReportClient/UE4CC-Windows-307AE2EF4F2517EC8DB08DB9B1A6C6D2/CrashReportClient.ini
[2018.04.17-17.39.05:163][ 24]SourceControl: Info 	deleted:    Saved/Config/CrashReportClient/UE4CC-Windows-4A5D573F4251BF611DFC3B8ED99ADEF8/CrashReportClient.ini
[2018.04.17-17.39.05:163][ 24]SourceControl: Info 	deleted:    Saved/Config/CrashReportClient/UE4CC-Windows-745D11C84D1CB666E228C98E519EDB96/CrashReportClient.ini
[2018.04.17-17.39.05:163][ 24]SourceControl: Info 	deleted:    Saved/Config/CrashReportClient/UE4CC-Windows-85E17BD045A9654381D16E843E347483/CrashReportClient.ini
[2018.04.17-17.39.05:163][ 24]SourceControl: Info 	deleted:    Saved/Config/CrashReportClient/UE4CC-Windows-AF38CB94498561B09744FD83E638CEB4/CrashReportClient.ini
[2018.04.17-17.39.05:163][ 24]SourceControl: Info 	deleted:    Saved/Config/CrashReportClient/UE4CC-Windows-EE602B2A4DA6701F2F429382866FBB33/CrashReportClient.ini
[2018.04.17-17.39.05:163][ 24]SourceControl: Info 	deleted:    Saved/Config/CrashReportClient/UE4CC-Windows-F1050A2F4BFDD92505A386AF1AA14359/CrashReportClient.ini
[2018.04.17-17.39.05:164][ 24]SourceControl: Info 	modified:   Saved/Config/Windows/Editor.ini
[2018.04.17-17.39.05:164][ 24]SourceControl: Info 	modified:   Saved/Config/Windows/Engine.ini
[2018.04.17-17.39.05:164][ 24]SourceControl: Info 	deleted:    Saved/Logs/RPG_Game-backup-2018.04.04-11.00.34.log
[2018.04.17-17.39.05:164][ 24]SourceControl: Info 	deleted:    Saved/Logs/RPG_Game-backup-2018.04.04-11.35.12.log
[2018.04.17-17.39.05:164][ 24]SourceControl: Info 	deleted:    Saved/Logs/RPG_Game-backup-2018.04.04-11.42.41.log
[2018.04.17-17.39.05:164][ 24]SourceControl: Info 	deleted:    Saved/Logs/RPG_Game-backup-2018.04.04-11.48.58.log
[2018.04.17-17.39.05:164][ 24]SourceControl: Info 	deleted:    Saved/Logs/RPG_Game-backup-2018.04.04-16.52.47.log
[2018.04.17-17.39.05:164][ 24]SourceControl: Info 	deleted:    Saved/Logs/RPG_Game-backup-2018.04.04-17.10.18.log
[2018.04.17-17.39.05:164][ 24]SourceControl: Info 	deleted:    Saved/Logs/RPG_Game-backup-2018.04.04-17.31.22.log
[2018.04.17-17.39.05:164][ 24]SourceControl: Info 	modified:   Saved/Logs/RPG_Game.log
[2018.04.17-17.39.05:164][ 24]SourceControl: Info 	deleted:    Saved/Logs/RPG_Game_2-backup-2018.04.04-16.53.19.log
[2018.04.17-17.39.05:164][ 24]SourceControl: Info Untracked files:
[2018.04.17-17.39.05:164][ 24]SourceControl: Info   (use "git add <file>..." to include in what will be committed)
[2018.04.17-17.39.05:164][ 24]SourceControl: Info 	Saved/Config/CrashReportClient/UE4CC-Windows-ADC4752144077351BE82E3B88B0D9DD1/
[2018.04.17-17.39.05:164][ 24]SourceControl: Info 	Saved/Logs/RPG_Game-backup-2018.04.17-18.38.25.log
[2018.04.17-17.39.05:164][ 24]SourceControl: Info no changes added to commit (use "git add" and/or "git commit -a")
[2018.04.17-17.39.13:965][ 36]LogRenderer: Reallocating scene render targets to support 1596x696 NumSamples 1 (Frame:593).
[2018.04.17-17.39.14:013][ 37]LogRenderer: Reallocating scene render targets to support 1920x1040 NumSamples 1 (Frame:595).
[2018.04.17-17.39.15:669][225]LogSlate: Took 0.000312 seconds to synchronously load lazily loaded font '../../../Engine/Content/Slate/Fonts/Roboto-Light.ttf' (159K)
[2018.04.17-17.39.16:944][323]Cmd: SELECT NONE
[2018.04.17-17.39.20:861][766]LogTemp: Repeting last play command: Selected Viewport
[2018.04.17-17.39.21:283][766]LogBlueprintUserMessages: Early PlayInEditor Detection: Level '/Game/Maps/HelloWorld.HelloWorld:PersistentLevel' has LevelScriptBlueprint '/Game/Maps/HelloWorld.HelloWorld:PersistentLevel.HelloWorld' with GeneratedClass '/Game/Maps/HelloWorld.HelloWorld_C' with ClassGeneratedBy '/Game/Maps/HelloWorld.HelloWorld:PersistentLevel.HelloWorld'
[2018.04.17-17.39.21:284][766]LogPlayLevel: PlayLevel: No blueprints needed recompiling
[2018.04.17-17.39.21:287][766]PIE: New page: PIE session: HelloWorld (17 Apr 2018 19:39:21)
[2018.04.17-17.39.21:287][766]LogPlayLevel: Creating play world package: /Game/Maps/UEDPIE_0_HelloWorld
[2018.04.17-17.39.21:345][766]LogPlayLevel: PIE: StaticDuplicateObject took: (0.058391s)
[2018.04.17-17.39.21:346][766]LogAIModule: Creating AISystem for world HelloWorld
[2018.04.17-17.39.21:346][766]LogPlayLevel: PIE: World Init took: (0.001001s)
[2018.04.17-17.39.21:347][766]LogPlayLevel: PIE: Created PIE world by copying editor world from /Game/Maps/HelloWorld.HelloWorld to /Game/Maps/UEDPIE_0_HelloWorld.HelloWorld (0.059740s)
[2018.04.17-17.39.21:370][766]LogInit: XAudio2 using 'Headset Earphone (Corsair VOID RGB USB Gaming Headset )' : 6 channels at 48 kHz using 16 bits per sample (channel mask 0x3f)
[2018.04.17-17.39.21:553][766]LogInit: FAudioDevice initialized.
[2018.04.17-17.39.21:650][766]LogLoad: Game class is 'FuseGM_C'
[2018.04.17-17.39.21:657][766]LogWorld: Bringing World /Game/Maps/UEDPIE_0_HelloWorld.HelloWorld up for play (max tick rate 0) at 2018.04.17-18.39.21
[2018.04.17-17.39.21:660][766]LogWorld: Bringing up level for play took: 0.006170
[2018.04.17-17.39.21:744][766]LogContentBrowser: Native class hierarchy updated for 'MovieSceneCapture' in 0.0010 seconds. Added 11 classes and 0 folders.
[2018.04.17-17.39.21:752][766]PIE: Info Play in editor start time for /Game/Maps/UEDPIE_0_HelloWorld -0.251
[2018.04.17-17.39.21:753][766]LogBlueprintUserMessages: Late PlayInEditor Detection: Level '/Game/Maps/HelloWorld.HelloWorld:PersistentLevel' has LevelScriptBlueprint '/Game/Maps/HelloWorld.HelloWorld:PersistentLevel.HelloWorld' with GeneratedClass '/Game/Maps/HelloWorld.HelloWorld_C' with ClassGeneratedBy '/Game/Maps/HelloWorld.HelloWorld:PersistentLevel.HelloWorld'
[2018.04.17-17.39.23:167][931]Cmd: LevelEditor.ToggleImmersive
[2018.04.17-17.40.08:279][327]LogBlueprintUserMessages: Early EndPlayMap Detection: Level '/Game/Maps/HelloWorld.HelloWorld:PersistentLevel' has LevelScriptBlueprint '/Game/Maps/HelloWorld.HelloWorld:PersistentLevel.HelloWorld' with GeneratedClass '/Game/Maps/HelloWorld.HelloWorld_C' with ClassGeneratedBy '/Game/Maps/HelloWorld.HelloWorld:PersistentLevel.HelloWorld'
[2018.04.17-17.40.08:343][327]LogBlueprintUserMessages: Late EndPlayMap Detection: Level '/Game/Maps/HelloWorld.HelloWorld:PersistentLevel' has LevelScriptBlueprint '/Game/Maps/HelloWorld.HelloWorld:PersistentLevel.HelloWorld' with GeneratedClass '/Game/Maps/HelloWorld.HelloWorld_C' with ClassGeneratedBy '/Game/Maps/HelloWorld.HelloWorld:PersistentLevel.HelloWorld'
[2018.04.17-17.40.22:399][940]LogSlate: Took 0.000246 seconds to synchronously load lazily loaded font '../../../Engine/Content/Slate/Fonts/Roboto-Light.ttf' (159K)
[2018.04.17-17.40.38:351][306]LogMaterial: Missing cached shader map for material M_Water, compiling. 
[2018.04.17-17.40.38:604][306]LogMaterial: Missing cached shader map for material M_Water, compiling. 
[2018.04.17-17.40.38:635][306]LogMaterial: Missing cached shader map for material M_Water, compiling. 
[2018.04.17-17.40.38:694][306]LogMaterial: Missing cached shader map for material FMatExpressionPreview MaterialExpressionVectorParameter_19, compiling. 
[2018.04.17-17.40.38:698][306]LogMaterial: Missing cached shader map for material FMatExpressionPreview MaterialExpressionMultiply_0, compiling. 
[2018.04.17-17.40.38:703][306]LogMaterial: Missing cached shader map for material FMatExpressionPreview MaterialExpressionTextureSample_0, compiling. 
[2018.04.17-17.40.38:708][306]LogMaterial: Missing cached shader map for material FMatExpressionPreview MaterialExpressionSubtract_0, compiling. 
[2018.04.17-17.40.38:720][306]LogSlate: Took 0.001638 seconds to synchronously load lazily loaded font '../../../Engine/Content/Editor/Slate/Fonts/Roboto-BoldCondensed.ttf' (158K)
[2018.04.17-17.40.39:001][309]LogSlate: Took 0.001861 seconds to synchronously load lazily loaded font '../../../Engine/Content/Editor/Slate/Fonts/Roboto-Italic.ttf' (157K)
[2018.04.17-17.40.40:792][380]MaterialEditorStats: Info Base pass shader: 87 instructions
[2018.04.17-17.40.40:792][380]MaterialEditorStats: Info Vertex shader: 37 instructions
[2018.04.17-17.40.40:792][380]MaterialEditorStats: Info Texture samplers: 3/16
[2018.04.17-17.41.02:268][827]LogMaterial: Missing cached shader map for material M_Water, compiling. 
[2018.04.17-17.41.03:922][897]MaterialEditorStats: Info Base pass shader: 87 instructions
[2018.04.17-17.41.03:922][897]MaterialEditorStats: Info Vertex shader: 37 instructions
[2018.04.17-17.41.03:922][897]MaterialEditorStats: Info Texture samplers: 3/16
[2018.04.17-17.41.20:855][ 95]LogMaterial: Missing cached shader map for material M_Water, compiling. 
[2018.04.17-17.41.21:837][132]MaterialEditorStats: Info Base pass shader: 87 instructions
[2018.04.17-17.41.21:837][132]MaterialEditorStats: Info Vertex shader: 37 instructions
[2018.04.17-17.41.21:837][132]MaterialEditorStats: Info Texture samplers: 3/16
[2018.04.17-17.41.30:743][767]LogMaterial: Missing cached shader map for material M_Water, compiling. 
[2018.04.17-17.41.31:812][807]MaterialEditorStats: Info Base pass shader: 87 instructions
[2018.04.17-17.41.31:812][807]MaterialEditorStats: Info Vertex shader: 37 instructions
[2018.04.17-17.41.31:812][807]MaterialEditorStats: Info Texture samplers: 3/16
[2018.04.17-17.41.35:000][ 37]LogMaterial: Missing cached shader map for material M_Water, compiling. 
[2018.04.17-17.41.35:978][ 74]MaterialEditorStats: Info Base pass shader: 87 instructions
[2018.04.17-17.41.35:978][ 74]MaterialEditorStats: Info Vertex shader: 37 instructions
[2018.04.17-17.41.35:978][ 74]MaterialEditorStats: Info Texture samplers: 3/16
[2018.04.17-17.41.40:422][397]LogMaterial: Missing cached shader map for material M_Water, compiling. 
[2018.04.17-17.41.41:387][434]MaterialEditorStats: Info Base pass shader: 87 instructions
[2018.04.17-17.41.41:387][434]MaterialEditorStats: Info Vertex shader: 37 instructions
[2018.04.17-17.41.41:387][434]MaterialEditorStats: Info Texture samplers: 3/16
[2018.04.17-17.41.47:532][870]LogMaterial: Missing cached shader map for material M_Water, compiling. 
[2018.04.17-17.41.48:517][908]MaterialEditorStats: Info Base pass shader: 87 instructions
[2018.04.17-17.41.48:517][908]MaterialEditorStats: Info Vertex shader: 37 instructions
[2018.04.17-17.41.48:517][908]MaterialEditorStats: Info Texture samplers: 3/16
[2018.04.17-17.41.52:400][ 19]LogMaterial: Missing cached shader map for material M_Water, compiling. 
[2018.04.17-17.41.52:493][ 19]LogMaterial: Missing cached shader map for material M_Water, compiling. 
[2018.04.17-17.41.52:680][ 19]LogMaterial: Missing cached shader map for material M_Water, compiling. 
[2018.04.17-17.41.52:781][ 19]LogMaterial: Missing cached shader map for material FDebugViewModeMaterialProxy M_Water, compiling. 
[2018.04.17-17.41.53:231][ 19]TextureStreamingBuild:Display: Compiling optional shaders took 0.460 seconds.
[2018.04.17-17.42.29:213][937]LogAnimationCompression: Building Anim DDC data for AnimSequence /Game/Assets/Misc_Objects/Arms/Arms_Anim.Arms_Anim
[2018.04.17-17.42.29:369][937]LogMaterial: Missing cached shader map for material M_White, compiling. 
[2018.04.17-17.42.29:412][937]LogMaterial: Missing cached shader map for material lambert1, compiling. 
[2018.04.17-17.42.29:463][937]LogMaterial: Missing cached shader map for material Default_Material, compiling. 
[2018.04.17-17.42.29:511][937]LogMaterial: Missing cached shader map for material M_Chrome, compiling. 
[2018.04.17-17.42.29:559][937]LogMaterial: Missing cached shader map for material M_Skin, compiling. 
[2018.04.17-17.42.29:604][937]LogMaterial: Missing cached shader map for material M_Black, compiling. 
[2018.04.17-17.42.29:752][937]LogContentBrowser: Native class hierarchy updated for 'SkeletonEditor' in 0.0010 seconds. Added 1 classes and 2 folders.
[2018.04.17-17.42.29:762][937]LogSlate: Took 0.000269 seconds to synchronously load lazily loaded font '../../../Engine/Content/Slate/Fonts/Roboto-Regular.ttf' (155K)
[2018.04.17-17.42.29:790][937]LogActorComponent: RegisterComponentWithWorld: (/Engine/Transient.World_7:PersistentLevel.Actor_0.DebugSkelMeshComponent_0) Already registered. Aborting.
[2018.04.17-17.42.30:023][937]LogSkeletalMesh: USkeletalMeshComponent::InitArticulated : Bodies already created (/Engine/Transient.World_7:PersistentLevel.Actor_0.DebugSkelMeshComponent_0) - call TermArticulated first.
[2018.04.17-17.42.31:075][937]LogContentBrowser: Native class hierarchy updated for 'ClothingSystemEditorInterface' in 0.0017 seconds. Added 1 classes and 0 folders.
[2018.04.17-17.42.31:086][937]LogContentBrowser:Verbose: The majority of assets in the view are of type: AnimSequence
[2018.04.17-17.43.06:444][233]LogActorComponent: RegisterComponentWithWorld: (/Engine/Transient.World_12:PersistentLevel.Actor_1.DebugSkelMeshComponent_3) Already registered. Aborting.
[2018.04.17-17.43.06:548][233]LogSkeletalMesh: USkeletalMeshComponent::InitArticulated : Bodies already created (/Engine/Transient.World_12:PersistentLevel.Actor_1.DebugSkelMeshComponent_3) - call TermArticulated first.
[2018.04.17-17.43.07:011][233]LogContentBrowser:Verbose: The majority of assets in the view are of type: AnimSequence
[2018.04.17-17.43.17:679][230]LogEditorViewport: Clicking on Actor (LMB): Cube_C (Cube)
[2018.04.17-17.43.18:176][278]LogEditorViewport: Clicking on Actor (LMB): PressurePad_C (PressurePad)
[2018.04.17-17.43.18:857][349]LogEditorViewport: Clicking on Actor (LMB): AlphaDoor_C (AlphaDoor)
[2018.04.17-17.43.19:457][413]LogEditorViewport: Clicking on Actor (LMB): StaticMeshActor (Facility_)
[2018.04.17-17.43.20:547][525]LogEditorViewport: Clicking on Actor (LMB): Landscape (Landscape)
[2018.04.17-17.43.21:274][601]Cmd: SELECT NONE
[2018.04.17-17.43.23:824][902]Cmd: SELECT NONE
[2018.04.17-17.43.42:853][110]LogActorFactory: Actor Factory created toon_house
[2018.04.17-17.43.43:857][209]LogActorFactory: Actor Factory created toon_house
[2018.04.17-17.43.54:313][263]LogEditorViewport: Clicking on Actor (LMB): Landscape (Landscape)
[2018.04.17-17.44.01:505][ 49]LogEditorViewport: Clicking on Actor (LMB): StaticMeshActor (toon_house)
[2018.04.17-17.44.02:166][118]Cmd: DELETE
[2018.04.17-17.44.02:166][118]Cmd: ACTOR DELETE
[2018.04.17-17.44.02:168][118]LogEditorActor: Deleted Actor: StaticMeshActor
[2018.04.17-17.44.02:185][118]LogEditorActor: Deleted 1 Actors (0.018 secs)
[2018.04.17-17.44.34:401][456]LogContentBrowser: Native class hierarchy updated for 'BlueprintGraph' in 0.0012 seconds. Added 112 classes and 0 folders.
[2018.04.17-17.44.47:317][736]Cmd: OBJ SAVEPACKAGE PACKAGE="/Game/Assets/PowerBlock/Cube" FILE="F:/FMP/RPG_Game/RPG_Game/Content/Assets/PowerBlock/Cube.uasset" SILENT=true
[2018.04.17-17.44.47:574][736]LogSavePackage: Save=97.04ms
[2018.04.17-17.44.47:574][736]LogSavePackage: Moving 'F:/FMP/RPG_Game/RPG_Game/Saved/Cube9A66063149389D7D2B79E4AF067194C0.tmp' to 'F:/FMP/RPG_Game/RPG_Game/Content/Assets/PowerBlock/Cube.uasset'
[2018.04.17-17.44.47:633][736]LogSavePackage:Display: Finished SavePackage F:/FMP/RPG_Game/RPG_Game/Content/Assets/PowerBlock/Cube.uasset
[2018.04.17-17.45.04:596][425]Cmd: QUIT_EDITOR
[2018.04.17-17.45.04:979][425]LogWindowsTextInputMethodSystem:Display: IME system now deactivated.
[2018.04.17-17.45.05:031][425]LogExit: Preparing to exit.
[2018.04.17-17.45.06:085][425]LogExit: Editor shut down
[2018.04.17-17.45.06:090][425]LogExit: Transaction tracking system shut down
[2018.04.17-17.45.06:274][425]LogObj: Freed 0b from 0 cluster array pools.
[2018.04.17-17.45.06:274][425]LogExit: Object subsystem successfully closed.
[2018.04.17-17.45.06:306][425]LogD3D11RHI: Shutdown
[2018.04.17-17.45.06:306][425]LogD3D11RHI: CleanupD3DDevice
[2018.04.17-17.45.06:433][425]LogD3D11RHI: ~FD3D11DynamicRHI
[2018.04.17-17.45.06:487][425]LogModuleManager: Shutting down and abandoning module BlueprintGraph (544)
[2018.04.17-17.45.06:487][425]LogModuleManager: Shutting down and abandoning module BlueprintProfiler (542)
[2018.04.17-17.45.06:487][425]LogModuleManager: Shutting down and abandoning module ClothingSystemEditorInterface (540)
[2018.04.17-17.45.06:487][425]LogModuleManager: Shutting down and abandoning module SkeletonEditor (538)
[2018.04.17-17.45.06:487][425]LogModuleManager: Shutting down and abandoning module AnimationEditor (536)
[2018.04.17-17.45.06:487][425]LogModuleManager: Shutting down and abandoning module MaterialEditor (534)
[2018.04.17-17.45.06:487][425]LogModuleManager: Shutting down and abandoning module StaticMeshEditor (532)
[2018.04.17-17.45.06:487][425]LogModuleManager: Shutting down and abandoning module MovieSceneCapture (530)
[2018.04.17-17.45.06:487][425]LogModuleManager: Shutting down and abandoning module HierarchicalLODOutliner (528)
[2018.04.17-17.45.06:487][425]LogModuleManager: Shutting down and abandoning module CrashTracker (526)
[2018.04.17-17.45.06:487][425]LogModuleManager: Shutting down and abandoning module SceneOutliner (524)
[2018.04.17-17.45.06:487][425]LogModuleManager: Shutting down and abandoning module AddContentDialog (522)
[2018.04.17-17.45.06:488][425]LogDirectoryWatcher: A directory notification for 'C:/Program Files/Epic Games/UE_4.16/FeaturePacks/' was aborted.
[2018.04.17-17.45.06:489][425]LogModuleManager: Shutting down and abandoning module WidgetCarousel (521)
[2018.04.17-17.45.06:489][425]LogModuleManager: Shutting down and abandoning module EditorWidgets (518)
[2018.04.17-17.45.06:489][425]LogModuleManager: Shutting down and abandoning module CollectionManager (516)
[2018.04.17-17.45.06:489][425]LogDirectoryWatcher: A directory notification for 'F:/FMP/RPG_Game/RPG_Game/Content/Collections/' was aborted.
[2018.04.17-17.45.06:489][425]LogDirectoryWatcher: A directory notification for 'F:/FMP/RPG_Game/RPG_Game/Content/Developers/Jordan/Collections/' was aborted.
[2018.04.17-17.45.06:489][425]LogDirectoryWatcher: A directory notification for 'F:/FMP/RPG_Game/RPG_Game/Saved/Collections/' was aborted.
[2018.04.17-17.45.06:489][425]LogModuleManager: Shutting down and abandoning module StatsViewer (514)
[2018.04.17-17.45.06:489][425]LogModuleManager: Shutting down and abandoning module FoliageEdit (512)
[2018.04.17-17.45.06:489][425]LogModuleManager: Shutting down and abandoning module LandscapeEditor (510)
[2018.04.17-17.45.06:490][425]LogModuleManager: Shutting down and abandoning module MeshPaintMode (508)
[2018.04.17-17.45.06:490][425]LogModuleManager: Shutting down and abandoning module SceneDepthPickerMode (506)
[2018.04.17-17.45.06:490][425]LogModuleManager: Shutting down and abandoning module ActorPickerMode (504)
[2018.04.17-17.45.06:490][425]LogModuleManager: Shutting down and abandoning module GeometryMode (502)
[2018.04.17-17.45.06:490][425]LogModuleManager: Shutting down and abandoning module TextureAlignMode (500)
[2018.04.17-17.45.06:490][425]LogModuleManager: Shutting down and abandoning module BspMode (498)
[2018.04.17-17.45.06:490][425]LogModuleManager: Shutting down and abandoning module HardwareSurvey (496)
[2018.04.17-17.45.06:491][425]LogModuleManager: Shutting down and abandoning module SequenceRecorderSections (494)
[2018.04.17-17.45.06:491][425]LogModuleManager: Shutting down and abandoning module AutomationWorker (492)
[2018.04.17-17.45.06:491][425]LogModuleManager: Shutting down and abandoning module MatineeToLevelSequence (490)
[2018.04.17-17.45.06:491][425]LogModuleManager: Shutting down and abandoning module LevelSequenceEditor (488)
[2018.04.17-17.45.06:494][425]LogModuleManager: Shutting down and abandoning module PlacementMode (487)
[2018.04.17-17.45.06:494][425]LogModuleManager: Shutting down and abandoning module WmfMediaFactory (484)
[2018.04.17-17.45.06:494][425]LogModuleManager: Shutting down and abandoning module WmfMediaEditor (482)
[2018.04.17-17.45.06:494][425]LogModuleManager: Shutting down and abandoning module AvfMediaFactory (480)
[2018.04.17-17.45.06:494][425]LogModuleManager: Shutting down and abandoning module AvfMediaEditor (478)
[2018.04.17-17.45.06:494][425]LogModuleManager: Shutting down and abandoning module AndroidMediaFactory (476)
[2018.04.17-17.45.06:494][425]LogModuleManager: Shutting down and abandoning module Media (475)
[2018.04.17-17.45.06:494][425]LogModuleManager: Shutting down and abandoning module AndroidMediaEditor (472)
[2018.04.17-17.45.06:494][425]LogModuleManager: Shutting down and abandoning module CharacterAI (470)
[2018.04.17-17.45.06:494][425]LogModuleManager: Shutting down and abandoning module AudioCapture (468)
[2018.04.17-17.45.06:494][425]LogModuleManager: Shutting down and abandoning module SequenceRecorder (467)
[2018.04.17-17.45.06:495][425]LogModuleManager: Shutting down and abandoning module SmartSnapping (464)
[2018.04.17-17.45.06:495][425]LogModuleManager: Shutting down and abandoning module SessionServices (462)
[2018.04.17-17.45.06:495][425]LogModuleManager: Shutting down and abandoning module ViewportSnapping (460)
[2018.04.17-17.45.06:495][425]LogModuleManager: Shutting down and abandoning module ViewportInteraction (458)
[2018.04.17-17.45.06:495][425]LogModuleManager: Shutting down and abandoning module ClothPainter (456)
[2018.04.17-17.45.06:496][425]LogModuleManager: Shutting down and abandoning module LogVisualizer (454)
[2018.04.17-17.45.06:497][425]LogModuleManager: Shutting down and abandoning module IntroTutorials (452)
[2018.04.17-17.45.06:498][425]LogModuleManager: Shutting down and abandoning module GameProjectGeneration (451)
[2018.04.17-17.45.06:498][425]LogModuleManager: Shutting down and abandoning module EditorLiveStreaming (448)
[2018.04.17-17.45.06:498][425]LogModuleManager: Shutting down and abandoning module IOSPlatformEditor (446)
[2018.04.17-17.45.06:499][425]LogModuleManager: Shutting down and abandoning module HTML5PlatformEditor (444)
[2018.04.17-17.45.06:499][425]LogModuleManager: Shutting down and abandoning module AndroidPlatformEditor (442)
[2018.04.17-17.45.06:499][425]LogModuleManager: Shutting down and abandoning module AndroidDeviceDetection (441)
[2018.04.17-17.45.06:930][425]LogModuleManager: Shutting down and abandoning module IOSRuntimeSettings (438)
[2018.04.17-17.45.06:930][425]LogModuleManager: Shutting down and abandoning module AndroidRuntimeSettings (436)
[2018.04.17-17.45.06:930][425]LogModuleManager: Shutting down and abandoning module InputBindingEditor (434)
[2018.04.17-17.45.06:930][425]LogModuleManager: Shutting down and abandoning module MergeActors (432)
[2018.04.17-17.45.06:930][425]LogModuleManager: Shutting down and abandoning module SizeMap (430)
[2018.04.17-17.45.06:930][425]LogModuleManager: Shutting down and abandoning module TreeMap (428)
[2018.04.17-17.45.06:930][425]LogModuleManager: Shutting down and abandoning module ReferenceViewer (426)
[2018.04.17-17.45.06:931][425]LogModuleManager: Shutting down and abandoning module LocalizationDashboard (424)
[2018.04.17-17.45.06:931][425]LogModuleManager: Shutting down and abandoning module LocalizationService (423)
[2018.04.17-17.45.06:931][425]LogModuleManager: Shutting down and abandoning module HardwareTargeting (420)
[2018.04.17-17.45.06:931][425]LogModuleManager: Shutting down and abandoning module DeviceProfileEditor (418)
[2018.04.17-17.45.06:932][425]LogModuleManager: Shutting down and abandoning module UndoHistory (416)
[2018.04.17-17.45.06:932][425]LogModuleManager: Shutting down and abandoning module UserFeedback (414)
[2018.04.17-17.45.06:932][425]LogModuleManager: Shutting down and abandoning module XmlParser (412)
[2018.04.17-17.45.06:932][425]LogModuleManager: Shutting down and abandoning module Blutility (410)
[2018.04.17-17.45.06:932][425]LogModuleManager: Shutting down and abandoning module ProjectSettingsViewer (408)
[2018.04.17-17.45.06:932][425]LogModuleManager: Shutting down and abandoning module ProjectTargetPlatformEditor (407)
[2018.04.17-17.45.06:932][425]LogModuleManager: Shutting down and abandoning module EditorSettingsViewer (404)
[2018.04.17-17.45.06:932][425]LogModuleManager: Shutting down and abandoning module SettingsEditor (402)
[2018.04.17-17.45.06:933][425]LogModuleManager: Shutting down and abandoning module ProjectLauncher (400)
[2018.04.17-17.45.06:933][425]LogModuleManager: Shutting down and abandoning module SessionFrontend (398)
[2018.04.17-17.45.06:934][425]LogModuleManager: Shutting down and abandoning module ProfilerClient (396)
[2018.04.17-17.45.06:934][425]LogModuleManager: Shutting down and abandoning module DeviceManager (394)
[2018.04.17-17.45.06:935][425]LogModuleManager: Shutting down and abandoning module TargetDeviceServices (393)
[2018.04.17-17.45.06:988][425]LogModuleManager: Shutting down and abandoning module AutomationController (390)
[2018.04.17-17.45.06:989][425]LogModuleManager: Shutting down and abandoning module AutomationWindow (388)
[2018.04.17-17.45.06:989][425]LogModuleManager: Shutting down and abandoning module Layers (386)
[2018.04.17-17.45.06:990][425]LogModuleManager: Shutting down and abandoning module ComponentVisualizers (384)
[2018.04.17-17.45.06:990][425]LogModuleManager: Shutting down and abandoning module DetailCustomizations (382)
[2018.04.17-17.45.06:990][425]LogModuleManager: Shutting down and abandoning module PackagesDialog (380)
[2018.04.17-17.45.06:991][425]LogModuleManager: Shutting down and abandoning module Persona (378)
[2018.04.17-17.45.06:991][425]LogModuleManager: Shutting down and abandoning module AdvancedPreviewScene (377)
[2018.04.17-17.45.06:991][425]LogModuleManager: Shutting down and abandoning module AnimGraph (375)
[2018.04.17-17.45.06:991][425]LogModuleManager: Shutting down and abandoning module Kismet (372)
[2018.04.17-17.45.06:997][425]LogModuleManager: Shutting down and abandoning module ClassViewer (370)
[2018.04.17-17.45.06:997][425]LogModuleManager: Shutting down and abandoning module Toolbox (368)
[2018.04.17-17.45.06:998][425]LogModuleManager: Shutting down and abandoning module ModuleUI (366)
[2018.04.17-17.45.06:998][425]LogModuleManager: Shutting down and abandoning module MovieSceneTools (364)
[2018.04.17-17.45.06:999][425]LogModuleManager: Shutting down and abandoning module OutputLog (362)
[2018.04.17-17.45.06:999][425]LogModuleManager: Shutting down and abandoning module GammaUI (360)
[2018.04.17-17.45.06:999][425]LogModuleManager: Shutting down and abandoning module Documentation (358)
[2018.04.17-17.45.06:999][425]LogModuleManager: Shutting down and abandoning module MovieSceneTracks (356)
[2018.04.17-17.45.06:999][425]LogModuleManager: Shutting down and abandoning module MovieScene (354)
[2018.04.17-17.45.06:999][425]LogModuleManager: Shutting down and abandoning module Niagara (352)
[2018.04.17-17.45.07:000][425]LogModuleManager: Shutting down and abandoning module NiagaraEditor (351)
[2018.04.17-17.45.07:001][425]LogModuleManager: Shutting down and abandoning module StreamingPauseRendering (348)
[2018.04.17-17.45.07:001][425]LogModuleManager: Shutting down and abandoning module AnalyticsET (346)
[2018.04.17-17.45.07:001][425]LogModuleManager: Shutting down and abandoning module PortalServices (344)
[2018.04.17-17.45.07:001][425]LogModuleManager: Shutting down and abandoning module PortalRpc (342)
[2018.04.17-17.45.07:001][425]LogModuleManager: Shutting down and abandoning module MessagingRpc (340)
[2018.04.17-17.45.07:001][425]LogModuleManager: Shutting down and abandoning module AIModule (338)
[2018.04.17-17.45.07:001][425]LogModuleManager: Shutting down and abandoning module GameplayDebugger (337)
[2018.04.17-17.45.07:001][425]LogModuleManager: Shutting down and abandoning module AITestSuite (335)
[2018.04.17-17.45.07:001][425]LogModuleManager: Shutting down and abandoning module ProfilerService (332)
[2018.04.17-17.45.07:006][425]LogModuleManager: Shutting down and abandoning module TaskGraph (330)
[2018.04.17-17.45.07:006][425]LogModuleManager: Shutting down and abandoning module SubstanceEditor (328)
[2018.04.17-17.45.07:007][425]LogModuleManager: Shutting down and abandoning module SteamVRController (326)
[2018.04.17-17.45.07:007][425]LogModuleManager: Shutting down and abandoning module SteamVR (324)
[2018.04.17-17.45.07:007][425]LogModuleManager: Shutting down and abandoning module ProceduralMeshComponentEditor (322)
[2018.04.17-17.45.07:007][425]LogModuleManager: Shutting down and abandoning module ProceduralMeshComponent (320)
[2018.04.17-17.45.07:007][425]LogModuleManager: Shutting down and abandoning module OculusLibrary (318)
[2018.04.17-17.45.07:007][425]LogModuleManager: Shutting down and abandoning module OculusInput (316)
[2018.04.17-17.45.07:007][425]LogModuleManager: Shutting down and abandoning module MobilePatchingUtils (314)
[2018.04.17-17.45.07:007][425]LogModuleManager: Shutting down and abandoning module CustomMeshComponent (312)
[2018.04.17-17.45.07:007][425]LogModuleManager: Shutting down and abandoning module CableComponent (310)
[2018.04.17-17.45.07:007][425]LogModuleManager: Shutting down and abandoning module ArchVisCharacter (308)
[2018.04.17-17.45.07:008][425]LogModuleManager: Shutting down and abandoning module AndroidPermission (306)
[2018.04.17-17.45.07:008][425]LogModuleManager: Shutting down and abandoning module MediaPlayerEditor (302)
[2018.04.17-17.45.07:009][425]LogModuleManager: Shutting down and abandoning module HTML5Networking (300)
[2018.04.17-17.45.07:009][425]LogModuleManager: Shutting down and abandoning module AlembicImporter (298)
[2018.04.17-17.45.07:009][425]LogModuleManager: Shutting down and abandoning module AlembicLibrary (297)
[2018.04.17-17.45.07:009][425]LogModuleManager: Shutting down and abandoning module GeometryCache (296)
[2018.04.17-17.45.07:009][425]LogModuleManager: Shutting down and abandoning module GeometryCacheEd (295)
[2018.04.17-17.45.07:009][425]LogModuleManager: Shutting down and abandoning module SuperSearchEditor (290)
[2018.04.17-17.45.07:009][425]LogModuleManager: Shutting down and abandoning module SuperSearch (289)
[2018.04.17-17.45.07:009][425]LogModuleManager: Shutting down and abandoning module SpeedTreeImporter (286)
[2018.04.17-17.45.07:009][425]LogModuleManager: Shutting down and abandoning module PluginBrowser (284)
[2018.04.17-17.45.07:010][425]LogModuleManager: Shutting down and abandoning module MobileLauncherProfileWizard (282)
[2018.04.17-17.45.07:011][425]LogModuleManager: Shutting down and abandoning module VisualStudioSourceCodeAccess (280)
[2018.04.17-17.45.07:012][425]LogModuleManager: Shutting down and abandoning module DesktopPlatform (279)
[2018.04.17-17.45.07:012][425]LogModuleManager: Shutting down and abandoning module UObjectPlugin (276)
[2018.04.17-17.45.07:012][425]LogModuleManager: Shutting down and abandoning module SubversionSourceControl (274)
[2018.04.17-17.45.07:012][425]LogModuleManager: Shutting down and abandoning module PerforceSourceControl (272)
[2018.04.17-17.45.07:013][425]LogModuleManager: Shutting down and abandoning module GitSourceControl (270)
[2018.04.17-17.45.07:013][425]LogModuleManager: Shutting down and abandoning module SourceControl (269)
[2018.04.17-17.45.07:013][425]LogModuleManager: Shutting down and abandoning module LightPropagationVolumeEditor (266)
[2018.04.17-17.45.07:013][425]LogModuleManager: Shutting down and abandoning module PaperTiledImporter (264)
[2018.04.17-17.45.07:013][425]LogModuleManager: Shutting down and abandoning module PaperSpriteSheetImporter (262)
[2018.04.17-17.45.07:013][425]LogModuleManager: Shutting down and abandoning module Paper2DEditor (260)
[2018.04.17-17.45.07:013][425]LogModuleManager: Shutting down and abandoning module MeshPaint (259)
[2018.04.17-17.45.07:013][425]LogModuleManager: Shutting down and abandoning module LevelEditor (257)
[2018.04.17-17.45.07:014][425]LogModuleManager: Shutting down and abandoning module PixelInspectorModule (256)
[2018.04.17-17.45.07:015][425]LogModuleManager: Shutting down and abandoning module MainFrame (254)
[2018.04.17-17.45.07:015][425]LogModuleManager: Shutting down and abandoning module HotReload (253)
[2018.04.17-17.45.07:016][425]LogModuleManager: Shutting down and abandoning module PhysXVehiclesEditor (248)
[2018.04.17-17.45.07:016][425]LogModuleManager: Shutting down and abandoning module PhysXVehicles (246)
[2018.04.17-17.45.07:016][425]LogModuleManager: Shutting down and abandoning module LocationServicesBPLibrary (244)
[2018.04.17-17.45.07:016][425]LogModuleManager: Shutting down and abandoning module ImmediatePhysicsEditor (242)
[2018.04.17-17.45.07:016][425]LogModuleManager: Shutting down and abandoning module ImmediatePhysics (240)
[2018.04.17-17.45.07:016][425]LogModuleManager: Shutting down and abandoning module UdpMessaging (238)
[2018.04.17-17.45.07:117][425]LogModuleManager: Shutting down and abandoning module TcpMessaging (236)
[2018.04.17-17.45.07:218][425]LogModuleManager: Shutting down and abandoning module SubstanceCore (234)
[2018.04.17-17.45.07:218][425]LogModuleManager: Shutting down and abandoning module GameplayTagsEditor (232)
[2018.04.17-17.45.07:219][425]LogModuleManager: Shutting down and abandoning module FacialAnimationEditor (230)
[2018.04.17-17.45.07:219][425]LogModuleManager: Shutting down and abandoning module FacialAnimation (228)
[2018.04.17-17.45.07:219][425]LogModuleManager: Shutting down and abandoning module AssetManagerEditor (226)
[2018.04.17-17.45.07:220][425]LogModuleManager: Shutting down and abandoning module GraphEditor (225)
[2018.04.17-17.45.07:220][425]LogModuleManager: Shutting down and abandoning module ContentBrowser (223)
[2018.04.17-17.45.07:221][425]LogModuleManager: Shutting down and abandoning module LightPropagationVolumeRuntime (220)
[2018.04.17-17.45.07:221][425]LogModuleManager: Shutting down and abandoning module Paper2D (218)
[2018.04.17-17.45.07:221][425]LogModuleManager: Shutting down and abandoning module WindowsMoviePlayer (216)
[2018.04.17-17.45.07:221][425]LogModuleManager: Shutting down and abandoning module WmfMedia (214)
[2018.04.17-17.45.07:225][425]LogModuleManager: Shutting down and abandoning module ClothingSystemEditor (212)
[2018.04.17-17.45.07:225][425]LogModuleManager: Shutting down and abandoning module ClothingSystemRuntime (210)
[2018.04.17-17.45.07:225][425]LogModuleManager: Shutting down and abandoning module MediaAssets (208)
[2018.04.17-17.45.07:225][425]LogModuleManager: Shutting down and abandoning module GameLiveStreaming (206)
[2018.04.17-17.45.07:225][425]LogModuleManager: Shutting down and abandoning module VREditor (204)
[2018.04.17-17.45.07:225][425]LogModuleManager: Shutting down and abandoning module StringTableEditor (202)
[2018.04.17-17.45.07:226][425]LogModuleManager: Shutting down and abandoning module GameplayTasksEditor (200)
[2018.04.17-17.45.07:226][425]LogModuleManager: Shutting down and abandoning module BehaviorTreeEditor (198)
[2018.04.17-17.45.07:227][425]LogModuleManager: Shutting down and abandoning module FunctionalTesting (196)
[2018.04.17-17.45.07:227][425]LogModuleManager: Shutting down and abandoning module CollisionAnalyzer (194)
[2018.04.17-17.45.07:228][425]LogModuleManager: Shutting down and abandoning module UMG (192)
[2018.04.17-17.45.07:228][425]LogModuleManager: Shutting down and abandoning module UMGEditor (191)
[2018.04.17-17.45.07:229][425]LogModuleManager: Shutting down and abandoning module Sequencer (190)
[2018.04.17-17.45.07:230][425]LogModuleManager: Shutting down and abandoning module AssetTools (188)
[2018.04.17-17.45.07:233][425]LogModuleManager: Shutting down and abandoning module MessageLog (187)
[2018.04.17-17.45.07:233][425]LogModuleManager: Shutting down and abandoning module WorkspaceMenuStructure (186)
[2018.04.17-17.45.07:233][425]LogModuleManager: Shutting down and abandoning module SlateReflector (180)
[2018.04.17-17.45.07:235][425]LogModuleManager: Shutting down and abandoning module Slate (178)
[2018.04.17-17.45.07:235][425]LogModuleManager: Shutting down and abandoning module EditorStyle (176)
[2018.04.17-17.45.07:239][425]LogModuleManager: Shutting down and abandoning module SourceCodeAccess (174)
[2018.04.17-17.45.07:239][425]LogModuleManager: Shutting down and abandoning module HeadMountedDisplay (172)
[2018.04.17-17.45.07:239][425]LogModuleManager: Shutting down and abandoning module XAudio2 (170)
[2018.04.17-17.45.07:239][425]LogModuleManager: Shutting down and abandoning module Networking (168)
[2018.04.17-17.45.07:239][425]LogModuleManager: Shutting down and abandoning module Core (164)
[2018.04.17-17.45.07:239][425]LogModuleManager: Shutting down and abandoning module AssetRegistry (162)
[2018.04.17-17.45.07:502][425]LogDirectoryWatcher: A directory notification for '../../../Engine/Content/' was aborted.
[2018.04.17-17.45.07:502][425]LogDirectoryWatcher: A directory notification for 'F:/FMP/RPG_Game/RPG_Game/Content/' was aborted.
[2018.04.17-17.45.07:502][425]LogDirectoryWatcher: A directory notification for '../../../Engine/Plugins/2D/Paper2D/Content/' was aborted.
[2018.04.17-17.45.07:502][425]LogDirectoryWatcher: A directory notification for '../../../Engine/Plugins/Runtime/GearVR/Content/' was aborted.
[2018.04.17-17.45.07:506][425]LogModuleManager: Shutting down and abandoning module DirectoryWatcher (161)
[2018.04.17-17.45.07:507][425]LogModuleManager: Shutting down and abandoning module KismetCompiler (158)
[2018.04.17-17.45.07:507][425]LogModuleManager: Shutting down and abandoning module LevelSequence (156)
[2018.04.17-17.45.07:507][425]LogModuleManager: Shutting down and abandoning module PhysXFormats (154)
[2018.04.17-17.45.07:507][425]LogModuleManager: Shutting down and abandoning module MeshUtilities (152)
[2018.04.17-17.45.07:508][425]LogModuleManager: Shutting down and abandoning module SimplygonSwarm (151)
[2018.04.17-17.45.07:509][425]LogModuleManager: Shutting down and abandoning module SimplygonMeshReduction (149)
[2018.04.17-17.45.07:509][425]LogModuleManager: Shutting down and abandoning module QuadricMeshReduction (147)
[2018.04.17-17.45.07:509][425]LogModuleManager: Shutting down and abandoning module DerivedDataCache (144)
[2018.04.17-17.45.07:545][425]LogDerivedDataCache: Shutdown
[2018.04.17-17.45.07:545][425]LogModuleManager: Shutting down and abandoning module TargetPlatform (142)
[2018.04.17-17.45.07:545][425]LogModuleManager: Shutting down and abandoning module VulkanShaderFormat (141)
[2018.04.17-17.45.07:546][425]LogModuleManager: Shutting down and abandoning module ShaderFormatVectorVM (139)
[2018.04.17-17.45.07:546][425]LogModuleManager: Shutting down and abandoning module ShaderFormatOpenGL (137)
[2018.04.17-17.45.07:547][425]LogModuleManager: Shutting down and abandoning module ShaderFormatD3D (135)
[2018.04.17-17.45.07:547][425]LogModuleManager: Shutting down and abandoning module MetalShaderFormat (133)
[2018.04.17-17.45.07:547][425]LogModuleManager: Shutting down and abandoning module TextureFormatUncompressed (131)
[2018.04.17-17.45.07:547][425]LogModuleManager: Shutting down and abandoning module TextureFormatPVR (129)
[2018.04.17-17.45.07:547][425]LogModuleManager: Shutting down and abandoning module TextureFormatDXT (127)
[2018.04.17-17.45.07:547][425]LogModuleManager: Shutting down and abandoning module TextureFormatIntelISPCTexComp (125)
[2018.04.17-17.45.07:547][425]LogModuleManager: Shutting down and abandoning module TextureFormatASTC (123)
[2018.04.17-17.45.07:547][425]LogModuleManager: Shutting down and abandoning module ImageWrapper (122)
[2018.04.17-17.45.07:547][425]LogModuleManager: Shutting down and abandoning module TextureFormatAndroid (119)
[2018.04.17-17.45.07:547][425]LogModuleManager: Shutting down and abandoning module AudioFormatOpus (117)
[2018.04.17-17.45.07:547][425]LogModuleManager: Shutting down and abandoning module AudioFormatOgg (115)
[2018.04.17-17.45.07:547][425]LogModuleManager: Shutting down and abandoning module AudioFormatADPCM (113)
[2018.04.17-17.45.07:547][425]LogModuleManager: Shutting down and abandoning module LinuxTargetPlatform (111)
[2018.04.17-17.45.07:547][425]LogModuleManager: Shutting down and abandoning module LinuxServerTargetPlatform (109)
[2018.04.17-17.45.07:547][425]LogModuleManager: Shutting down and abandoning module LinuxNoEditorTargetPlatform (107)
[2018.04.17-17.45.07:547][425]LogModuleManager: Shutting down and abandoning module LinuxClientTargetPlatform (105)
[2018.04.17-17.45.07:547][425]LogModuleManager: Shutting down and abandoning module TVOSTargetPlatform (103)
[2018.04.17-17.45.07:547][425]LogModuleManager: Shutting down and abandoning module Messaging (101)
[2018.04.17-17.45.07:547][425]LogModuleManager: Shutting down and abandoning module IOSTargetPlatform (99)
[2018.04.17-17.45.07:547][425]LogModuleManager: Shutting down and abandoning module HTML5TargetPlatform (97)
[2018.04.17-17.45.07:547][425]LogModuleManager: Shutting down and abandoning module Android_PVRTCTargetPlatform (95)
[2018.04.17-17.45.07:547][425]LogModuleManager: Shutting down and abandoning module Android_MultiTargetPlatform (93)
[2018.04.17-17.45.07:547][425]LogModuleManager: Shutting down and abandoning module Android_ETC2TargetPlatform (91)
[2018.04.17-17.45.07:547][425]LogModuleManager: Shutting down and abandoning module Android_ETC1TargetPlatform (89)
[2018.04.17-17.45.07:547][425]LogModuleManager: Shutting down and abandoning module Android_DXTTargetPlatform (87)
[2018.04.17-17.45.07:547][425]LogModuleManager: Shutting down and abandoning module Android_ATCTargetPlatform (85)
[2018.04.17-17.45.07:547][425]LogModuleManager: Shutting down and abandoning module Android_ASTCTargetPlatform (83)
[2018.04.17-17.45.07:547][425]LogModuleManager: Shutting down and abandoning module AndroidTargetPlatform (81)
[2018.04.17-17.45.07:547][425]LogModuleManager: Shutting down and abandoning module WindowsTargetPlatform (79)
[2018.04.17-17.45.07:547][425]LogModuleManager: Shutting down and abandoning module WindowsServerTargetPlatform (77)
[2018.04.17-17.45.07:547][425]LogModuleManager: Shutting down and abandoning module WindowsNoEditorTargetPlatform (75)
[2018.04.17-17.45.07:547][425]LogModuleManager: Shutting down and abandoning module WindowsClientTargetPlatform (73)
[2018.04.17-17.45.07:547][425]LogModuleManager: Shutting down and abandoning module MacTargetPlatform (71)
[2018.04.17-17.45.07:548][425]LogModuleManager: Shutting down and abandoning module MacServerTargetPlatform (69)
[2018.04.17-17.45.07:548][425]LogModuleManager: Shutting down and abandoning module MacNoEditorTargetPlatform (67)
[2018.04.17-17.45.07:548][425]LogModuleManager: Shutting down and abandoning module MacClientTargetPlatform (65)
[2018.04.17-17.45.07:548][425]LogModuleManager: Shutting down and abandoning module AllDesktopTargetPlatform (63)
[2018.04.17-17.45.07:548][425]LogModuleManager: Shutting down and abandoning module InputCore (60)
[2018.04.17-17.45.07:548][425]LogModuleManager: Shutting down and abandoning module Settings (58)
[2018.04.17-17.45.07:548][425]LogModuleManager: Shutting down and abandoning module OculusRift (56)
[2018.04.17-17.45.07:548][425]LogModuleManager: Shutting down and abandoning module GearVRController (54)
[2018.04.17-17.45.07:548][425]LogModuleManager: Shutting down and abandoning module GearVR (52)
[2018.04.17-17.45.07:548][425]LogModuleManager: Shutting down and abandoning module ExampleDeviceProfileSelector (50)
[2018.04.17-17.45.07:548][425]LogModuleManager: Shutting down and abandoning module OnlineBlueprintSupport (48)
[2018.04.17-17.45.07:548][425]LogModuleManager: Shutting down and abandoning module OnlineSubsystem (44)
[2018.04.17-17.45.07:548][425]LogOnline:Display: Unloading online subsystem: NULL
[2018.04.17-17.45.07:549][425]LogModuleManager: Shutting down and abandoning module XMPP (43)
[2018.04.17-17.45.07:550][425]LogModuleManager: Shutting down and abandoning module HTTP (41)
[2018.04.17-17.45.07:550][425]LogHttp:Display: Http module shutting down, but needs to wait on 1 outstanding Http requests:
[2018.04.17-17.45.07:550][425]LogHttp:Display: 	verb=[POST] url=[https://datarouter.ol.epicgames.com/datarouter/api/v1/public/data?SessionID=%7BC0B459BF-464C-BFE2-1988-17A3CDC03AB0%7D&AppID=UEEditor.Rocket.Release&AppVersion=4.16.3-3561208%2B%2B%2BUE4%2BRelease-4.16&UserID=f2ee2cd141fd990cd7bc44856aa9a1ea%7C3996f32fd2fe4f04a289bdcb1f9016df%7Cd35f91c7-4e6c-478a-b9f5-ce22f1949bcb&AppEnvironment=datacollector-binary&UploadType=eteventstream] status=Processing
[2018.04.17-17.45.07:562][425]LogModuleManager: Shutting down and abandoning module SSL (40)
[2018.04.17-17.45.07:564][425]LogModuleManager: Shutting down and abandoning module HTTPChunkInstaller (36)
[2018.04.17-17.45.07:565][425]LogModuleManager: Shutting down and abandoning module AnimationModifiers (34)
[2018.04.17-17.45.07:566][425]LogModuleManager: Shutting down and abandoning module PropertyEditor (33)
[2018.04.17-17.45.07:566][425]LogModuleManager: Shutting down and abandoning module AudioEditor (30)
[2018.04.17-17.45.07:567][425]LogModuleManager: Shutting down and abandoning module TextureCompressor (28)
[2018.04.17-17.45.07:567][425]LogModuleManager: Shutting down and abandoning module ShaderCore (26)
[2018.04.17-17.45.07:567][425]LogModuleManager: Shutting down and abandoning module Landscape (24)
[2018.04.17-17.45.07:567][425]LogModuleManager: Shutting down and abandoning module SlateRHIRenderer (22)
[2018.04.17-17.45.07:570][425]LogModuleManager: Shutting down and abandoning module OpenGLDrv (20)
[2018.04.17-17.45.07:570][425]LogModuleManager: Shutting down and abandoning module D3D11RHI (18)
[2018.04.17-17.45.07:570][425]LogModuleManager: Shutting down and abandoning module AnimGraphRuntime (16)
[2018.04.17-17.45.07:571][425]LogModuleManager: Shutting down and abandoning module Renderer (14)
[2018.04.17-17.45.07:571][425]LogModuleManager: Shutting down and abandoning module Engine (12)
[2018.04.17-17.45.07:571][425]LogModuleManager: Shutting down and abandoning module CoreUObject (10)
[2018.04.17-17.45.07:571][425]LogModuleManager: Shutting down and abandoning module NetworkFile (8)
[2018.04.17-17.45.07:571][425]LogModuleManager: Shutting down and abandoning module StreamingFile (6)
[2018.04.17-17.45.07:571][425]LogModuleManager: Shutting down and abandoning module SandboxFile (4)
[2018.04.17-17.45.07:571][425]LogModuleManager: Shutting down and abandoning module PakFile (2)
[2018.04.17-17.45.07:575][425]LogExit: Exiting.
[2018.04.17-17.45.07:618][425]Log file closed, 04/17/18 18:45:07
