Log file open, 01/29/18 08:18:11
LogInit:Display: Running engine for game: RPG_Game
LogPlatformFile: Not using cached read wrapper
LogInit:Display: RandInit(487227183) SRandInit(487227183).
LogTaskGraph: Started task graph with 5 named threads and 8 total threads with 1 sets of task threads.
LogStats: Stats thread started at 0.083217
LogInit: Using libcurl 7.47.1
LogInit:  - built for x86_64-pc-win32
LogInit:  - supports SSL with OpenSSL/1.0.2g
LogInit:  - supports HTTP deflate (compression) using libz 1.2.8
LogInit:  - other features:
LogInit:      CURL_VERSION_SSL
LogInit:      CURL_VERSION_LIBZ
LogInit:      CURL_VERSION_IPV6
LogInit:      CURL_VERSION_ASYNCHDNS
LogInit:      CURL_VERSION_LARGEFILE
LogInit:      CURL_VERSION_IDN
LogInit:  CurlRequestOptions (configurable via config and command line):
LogInit:  - bVerifyPeer = false  - Libcurl will NOT verify peer certificate
LogInit:  - bUseHttpProxy = false  - Libcurl will NOT use HTTP proxy
LogInit:  - bDontReuseConnections = false  - Libcurl will reuse connections
LogInit:  - CertBundlePath = nullptr  - Libcurl will use whatever was configured at build time.
LogInit: Build: ++UE4+Release-4.16-CL-3561208
LogInit: Engine Version: 4.16.3-3561208+++UE4+Release-4.16
LogInit: Compatible Engine Version: 4.16.0-3452394+++UE4+Release-4.16
LogInit: Net CL: 3452394
LogDevObjectVersion: Number of dev versions registered: 16
LogDevObjectVersion:   Dev-Blueprints (B0D832E4-1F89-4F0D-ACCF-7EB736FD4AA2): 9
LogDevObjectVersion:   Dev-Build (E1C64328-A22C-4D53-A36C-8E866417BD8C): 0
LogDevObjectVersion:   Dev-Core (375EC13C-06E4-48FB-B500-84F0262A717E): 2
LogDevObjectVersion:   Dev-Editor (E4B068ED-F494-42E9-A231-DA0B2E46BB41): 17
LogDevObjectVersion:   Dev-Framework (CFFC743F-43B0-4480-9391-14DF171D2073): 23
LogDevObjectVersion:   Dev-Mobile (B02B49B5-BB20-44E9-A304-32B752E40360): 0
LogDevObjectVersion:   Dev-Networking (A4E4105C-59A1-49B5-A7C5-40C4547EDFEE): 0
LogDevObjectVersion:   Dev-Online (39C831C9-5AE6-47DC-9A44-9C173E1C8E7C): 0
LogDevObjectVersion:   Dev-Physics (78F01B33-EBEA-4F98-B9B4-84EACCB95AA2): 0
LogDevObjectVersion:   Dev-Platform (6631380F-2D4D-43E0-8009-CF276956A95A): 0
LogDevObjectVersion:   Dev-Rendering (12F88B9F-8875-4AFC-A67C-D90C383ABD29): 15
LogDevObjectVersion:   Dev-Sequencer (7B5AE74C-D270-4C10-A958-57980B212A5A): 4
LogDevObjectVersion:   Dev-VR (D7296918-1DD6-4BDD-9DE2-64A83CC13884): 0
LogDevObjectVersion:   Dev-LoadTimes (C2A15278-BFE7-4AFE-6C17-90FF531DF755): 1
LogDevObjectVersion:   Private-Geometry (6EACA3D4-40EC-4CC1-B786-8BED09428FC5): 1
LogDevObjectVersion:   Dev-AnimPhys (29E575DD-E0A3-4627-9D10-D276232CDCEA): 3
LogInit: Compiled (64-bit): Jul 28 2017 11:49:47
LogInit: Compiled with Visual C++: 19.00.24215.01
LogInit: Build Configuration: Development
LogInit: Branch Name: ++UE4+Release-4.16
LogInit: Command line:  /Temp/Autosaves/Game/Maps/UEDPCMenu -game -PIEVIACONSOLE -ResX=1280 -ResY=720  -Multiprocess -messaging -SessionName="Play in Standalone Game" -windowed 
LogInit: Base directory: D:/Program Files/UE_4.16/Engine/Binaries/Win64/
LogInit: Installed Engine Build: 1
LogInit: Presizing for max 8388607 objects, including 0 objects not considered by GC, pre-allocating 0 bytes for permanent pool.
LogInit: Object subsystem initialized
[2018.01.29-08.18.11:991][  0]LogInit: Selected Device Profile: [Windows]
[2018.01.29-08.18.11:991][  0]LogInit: Applying CVar settings loaded from the selected device profile: [Windows]
[2018.01.29-08.18.11:993][  0]LogInit: Computer: DESKTOP-46CB9MQ
[2018.01.29-08.18.11:994][  0]LogInit: User: JoshR
[2018.01.29-08.18.11:994][  0]LogInit: CPU Page size=4096, Cores=4
[2018.01.29-08.18.11:994][  0]LogInit: High frequency timer resolution =3.421878 MHz
[2018.01.29-08.18.11:994][  0]LogMemory: Memory total: Physical=16.0GB (16GB approx)
[2018.01.29-08.18.11:994][  0]LogMemory: Platform Memory Stats for Windows
[2018.01.29-08.18.11:994][  0]LogMemory: Process Physical Memory: 273.07 MB used, 273.07 MB peak
[2018.01.29-08.18.11:994][  0]LogMemory: Process Virtual Memory: 266.57 MB used, 266.57 MB peak
[2018.01.29-08.18.11:994][  0]LogMemory: Physical Memory: 4461.88 MB used,  11882.12 MB free, 16344.00 MB total
[2018.01.29-08.18.11:994][  0]LogMemory: Virtual Memory: 662.43 MB used,  11882.12 MB free, 134217728.00 MB total
[2018.01.29-08.18.12:035][  0]LogInit: Using OS detected language (en-GB).
[2018.01.29-08.18.12:035][  0]LogInit: Using OS detected locale (en-GB).
[2018.01.29-08.18.12:038][  0]LogTextLocalizationManager: No specific localization for 'en-GB' exists, so the 'en' localization will be used.
[2018.01.29-08.18.12:565][  0]LogD3D11RHI: D3D11 adapters:
[2018.01.29-08.18.12:595][  0]LogD3D11RHI:    0. 'NVIDIA GeForce GTX 970' (Feature Level 11_0)
[2018.01.29-08.18.12:595][  0]LogD3D11RHI:       4043/0/8172 MB DedicatedVideo/DedicatedSystem/SharedSystem, Outputs:1, VendorId:0x10de
[2018.01.29-08.18.12:596][  0]LogD3D11RHI:    1. 'Microsoft Basic Render Driver' (Feature Level 11_0)
[2018.01.29-08.18.12:596][  0]LogD3D11RHI:       0/0/8172 MB DedicatedVideo/DedicatedSystem/SharedSystem, Outputs:0, VendorId:0x1414
[2018.01.29-08.18.12:596][  0]LogD3D11RHI: Chosen D3D11 Adapter: 0
[2018.01.29-08.18.12:600][  0]LogD3D11RHI: Creating new Direct3DDevice
[2018.01.29-08.18.12:600][  0]LogD3D11RHI:     GPU DeviceId: 0x13c2 (for the marketing name, search the web for "GPU Device Id")
[2018.01.29-08.18.12:600][  0]LogWindows: EnumDisplayDevices:
[2018.01.29-08.18.12:600][  0]LogWindows:    0. 'NVIDIA GeForce GTX 970' (P:1 D:1)
[2018.01.29-08.18.12:600][  0]LogWindows:    1. 'NVIDIA GeForce GTX 970' (P:0 D:0)
[2018.01.29-08.18.12:600][  0]LogWindows:    2. 'NVIDIA GeForce GTX 970' (P:0 D:0)
[2018.01.29-08.18.12:600][  0]LogWindows:    3. 'NVIDIA GeForce GTX 970' (P:0 D:0)
[2018.01.29-08.18.12:600][  0]LogWindows: DebugString: GetVideoDriverDetailsInvalid PrimaryIsNotTheChoosenAdapter GetVideoDriverDetailsInvalid PrimaryIsNotTheChoosenAdapter GetVideoDriverDetailsInvalid PrimaryIsNotTheChoosenAdapter GetVideoDriverDetailsInvalid PrimaryIsNotTheChoosenAdapter FoundDriverCount:0 
[2018.01.29-08.18.12:600][  0]LogD3D11RHI:     Adapter Name: NVIDIA GeForce GTX 970
[2018.01.29-08.18.12:600][  0]LogD3D11RHI:   Driver Version: Unknown (internal:Unknown, unified:Unknown)
[2018.01.29-08.18.12:600][  0]LogD3D11RHI:      Driver Date: Unknown
[2018.01.29-08.18.12:600][  0]LogRHI: Texture pool is 1361 MB (70% of 1945 MB)
[2018.01.29-08.18.12:619][  0]LogD3D11RHI: Async texture creation enabled
[2018.01.29-08.18.12:638][  0]LogD3D11RHI: GPU Timing Frequency: 1000.000000 (Debug: 2 2)
[2018.01.29-08.18.12:640][  0]LogShaderCompilers: Guid format shader working directory is -17 characters bigger than the processId version (../../../../../Users/JoshR/Documents/GitHub/FMP_RPG_Game_Charm/Intermediate/Shaders/WorkingDirectory/12120/).
[2018.01.29-08.18.12:640][  0]LogShaderCompilers: Cleaned the shader compiler working directory 'C:/Users/JoshR/AppData/Local/Temp/UnrealShaderWorkingDir/BF35DCE247BB186548F5B3BE10F32516/'.
[2018.01.29-08.18.12:640][  0]LogShaderCompilers:Display: Using Local Shader Compiler.
[2018.01.29-08.18.13:379][  0]LogTemp:Display: Loaded TP WindowsClientTargetPlatform
[2018.01.29-08.18.13:410][  0]LogTemp:Display: Loaded TP WindowsNoEditorTargetPlatform
[2018.01.29-08.18.13:442][  0]LogTemp:Display: Loaded TP WindowsServerTargetPlatform
[2018.01.29-08.18.13:474][  0]LogTemp:Display: Loaded TP WindowsTargetPlatform
[2018.01.29-08.18.13:474][  0]LogTargetPlatformManager:Display: Building Assets For Windows
[2018.01.29-08.18.13:762][  0]LogDerivedDataCache:Display: Max Cache Size: 512 MB
[2018.01.29-08.18.13:825][  0]LogDerivedDataCache: Loaded boot cache 0.06s 90MB C:/Users/JoshR/AppData/Local/UnrealEngine/4.16/DerivedDataCache/Boot.ddc.
[2018.01.29-08.18.13:825][  0]LogDerivedDataCache:Display: Loaded Boot cache: C:/Users/JoshR/AppData/Local/UnrealEngine/4.16/DerivedDataCache/Boot.ddc
[2018.01.29-08.18.13:826][  0]LogDerivedDataCache: FDerivedDataBackendGraph:  Pak pak cache file ../../../../../Users/JoshR/Documents/GitHub/FMP_RPG_Game_Charm/DerivedDataCache/DDC.ddp not found, will not use a pak cache.
[2018.01.29-08.18.13:826][  0]LogDerivedDataCache: Unable to find inner node Pak for hierarchical cache Hierarchy.
[2018.01.29-08.18.13:826][  0]LogDerivedDataCache: FDerivedDataBackendGraph:  CompressedPak pak cache file ../../../../../Users/JoshR/Documents/GitHub/FMP_RPG_Game_Charm/DerivedDataCache/Compressed.ddp not found, will not use a pak cache.
[2018.01.29-08.18.13:826][  0]LogDerivedDataCache: Unable to find inner node CompressedPak for hierarchical cache Hierarchy.
[2018.01.29-08.18.13:837][  0]LogDerivedDataCache:Display: Pak cache opened for reading ../../../Engine/DerivedDataCache/Compressed.ddp.
[2018.01.29-08.18.13:849][  0]LogDerivedDataCache: Using Local data cache path C:/Users/JoshR/AppData/Local/UnrealEngine/Common/DerivedDataCache: Writable
[2018.01.29-08.18.13:857][  0]LogMaterial: Verifying Global Shaders for PCD3D_SM5
[2018.01.29-08.18.13:857][  0]LogSlate: Using Freetype 2.6.0
[2018.01.29-08.18.13:858][  0]LogSlate: SlateFontCache - WITH_FREETYPE: 1, WITH_HARFBUZZ: 1
[2018.01.29-08.18.13:858][  0]LogSlate: SlateFontCache - WITH_FREETYPE: 1, WITH_HARFBUZZ: 1
[2018.01.29-08.18.14:052][  0]LogAssetRegistry: FAssetRegistry took 0.0029 seconds to start up
[2018.01.29-08.18.14:059][  0]LogPackageLocalizationCache: Processed 4 localized package path(s) for 2 prioritized culture(s) in 0.007223 seconds
[2018.01.29-08.18.14:117][  0]LogInit: Selected Device Profile: [Windows]
[2018.01.29-08.18.14:160][  0]LogContentStreaming: Texture pool size is 1000.00 MB
[2018.01.29-08.18.14:268][  0]LogMeshUtilities: Using QuadricMeshReduction for automatic static mesh reduction
[2018.01.29-08.18.14:294][  0]LogSimplygon: Simplygon DLL not present - disabling.
[2018.01.29-08.18.14:325][  0]LogMeshUtilities: Using SimplygonSwarm for distributed automatic mesh merging
[2018.01.29-08.18.14:325][  0]LogMeshUtilities: No automatic skeletal mesh reduction module available
[2018.01.29-08.18.14:325][  0]LogMeshUtilities: No automatic mesh merging module available
[2018.01.29-08.18.14:645][  0]LogNetVersion: RPG_Game , NetCL: 3452394, EngineNetVer: 2, GameNetVer: 0 (Checksum: 2586067795)
[2018.01.29-08.18.14:688][  0]LogInit: WinSock: version 1.1 (2.2), MaxSocks=32767, MaxUdp=65467
[2018.01.29-08.18.15:322][  0]LogMoviePlayer: Initializing movie player
[2018.01.29-08.18.15:539][  0]LogCollectionManager: Loaded 0 collections in 0.000943 seconds
[2018.01.29-08.18.15:585][  0]LogFileCache: Scanning file cache for directory 'D:/Users/JoshR/Documents/GitHub/FMP_RPG_Game_Charm/Saved/Collections/' took 0.01s
[2018.01.29-08.18.15:585][  0]LogFileCache: Scanning file cache for directory 'D:/Users/JoshR/Documents/GitHub/FMP_RPG_Game_Charm/Content/Developers/JoshR/Collections/' took 0.01s
[2018.01.29-08.18.15:585][  0]LogFileCache: Scanning file cache for directory 'D:/Users/JoshR/Documents/GitHub/FMP_RPG_Game_Charm/Content/Collections/' took 0.01s
[2018.01.29-08.18.15:585][  0]LogCollectionManager: Rebuilt the object cache for 0 collections in 0.000001 seconds (found 0 objects)
[2018.01.29-08.18.15:585][  0]LogCollectionManager: Fixed up redirectors for 0 collections in 0.000027 seconds (updated 0 objects)
[2018.01.29-08.18.15:688][  0]LogTcpMessaging: Initializing TcpMessaging bridge
[2018.01.29-08.18.15:716][  0]LogUdpMessaging: Initializing bridge on interface 0.0.0.0:0 to multicast group 230.0.0.1:6666.
[2018.01.29-08.18.15:983][  0]SourceControl: Info Source control is disabled
[2018.01.29-08.18.15:983][  0]SourceControl: Info Source control is disabled
[2018.01.29-08.18.16:013][  0]SourceControl: Info Source control is disabled
[2018.01.29-08.18.16:172][  0]LogAndroidPermission: UAndroidPermissionCallbackProxy::GetInstance
[2018.01.29-08.18.16:447][  0]LogUObjectArray: 37220 objects as part of root set at end of initial load.
[2018.01.29-08.18.16:447][  0]LogUObjectAllocator: 8398848 out of 0 bytes used by permanent object pool.
[2018.01.29-08.18.16:447][  0]LogUObjectArray: CloseDisregardForGC: 0/0 objects in disregard for GC pool
[2018.01.29-08.18.16:518][  0]LogEngine: Initializing Engine...
[2018.01.29-08.18.16:519][  0]LogHMD: Failed to initialize OpenVR with code 110
[2018.01.29-08.18.16:643][  0]LogStats: UGameplayTagsManager::ConstructGameplayTagTree: Construct from data asset -  0.000 s
[2018.01.29-08.18.16:644][  0]LogStats: UGameplayTagsManager::ConstructGameplayTagTree: GameplayTagTreeChangedEvent.Broadcast -  0.000 s
[2018.01.29-08.18.16:652][  0]LogInit: XAudio2 using 'Speakers (High Definition Audio Device)' : 2 channels at 44.1 kHz using 16 bits per sample (channel mask 0x3)
[2018.01.29-08.18.16:667][  0]LogInit: FAudioDevice initialized.
[2018.01.29-08.18.16:685][  0]LogInit: Texture streaming: Enabled
[2018.01.29-08.18.16:694][  0]LogMaterial: Uniform references updated for custom material expression Custom.
[2018.01.29-08.18.16:851][  0]LogSlateStyle:Warning: Unable to find Slate Widget Style 'NormalText'. Using FTextBlockStyle defaults instead.
[2018.01.29-08.18.16:851][  0]LogSlateStyle:Warning: Unable to find Slate Widget Style 'SpinBox'. Using FSpinBoxStyle defaults instead.
[2018.01.29-08.18.16:977][  0]LogInit:Display: Game Engine Initialized.
[2018.01.29-08.18.17:071][  0]LogInit:Display: Starting Game.
[2018.01.29-08.18.17:071][  0]LogNet: Browse: /Temp/Autosaves/Game/Maps/UEDPCMenu?Name=Player
[2018.01.29-08.18.17:071][  0]LogLoad: LoadMap: /Temp/Autosaves/Game/Maps/UEDPCMenu?Name=Player
[2018.01.29-08.18.17:084][  0]LogMemory: Platform Memory Stats for Windows
[2018.01.29-08.18.17:084][  0]LogMemory: Process Physical Memory: 804.03 MB used, 901.42 MB peak
[2018.01.29-08.18.17:084][  0]LogMemory: Process Virtual Memory: 911.16 MB used, 960.75 MB peak
[2018.01.29-08.18.17:084][  0]LogMemory: Physical Memory: 4924.74 MB used,  11419.26 MB free, 16344.00 MB total
[2018.01.29-08.18.17:084][  0]LogMemory: Virtual Memory: 1541.88 MB used,  11419.26 MB free, 134217728.00 MB total
[2018.01.29-08.18.17:084][  0]LogMemory: 
[2018.01.29-08.18.17:084][  0]Allocator Stats for TBB: (not implemented)
[2018.01.29-08.18.17:181][  0]LogAIModule: Creating AISystem for world Menu
[2018.01.29-08.18.17:326][  0]LogLoad: Game class is 'RPGGM_C'
[2018.01.29-08.18.17:328][  0]LogWorld: Bringing World /Temp/Autosaves/Game/Maps/UEDPCMenu.Menu up for play (max tick rate 0) at 2018.01.29-08.18.17
[2018.01.29-08.18.17:328][  0]LogWorld: Bringing up level for play took: 0.000458
[2018.01.29-08.18.17:331][  0]LogLoad: Took 0.260645 seconds to LoadMap(/Temp/Autosaves/Game/Maps/UEDPCMenu)
[2018.01.29-08.18.17:457][  0]LogRenderer: Reallocating scene render targets to support 1280x720 NumSamples 1 (Frame:1).
[2018.01.29-08.18.17:457][  0]LogLoad: (Engine Initialization) Total time: 6.52 seconds
[2018.01.29-08.18.17:457][  0]LogLoad: (Engine Initialization) Total Blueprint compile time: 0.09 seconds
[2018.01.29-08.18.17:457][  0]LogExternalProfiler: No external profilers were discovered.  External profiling features will not be available.
[2018.01.29-08.18.17:473][  0]LogOcInput: OculusInput pre-init called
[2018.01.29-08.18.17:473][  0]LogHMD: Starting GearVRController plugin
[2018.01.29-08.18.36:377][165]LogWindowsTextInputMethodSystem:Display: IME system now deactivated.
[2018.01.29-08.18.36:380][165]LogEngine: All Windows Closed
[2018.01.29-08.18.36:380][165]LogWindows: FPlatformMisc::RequestExit(0)
[2018.01.29-08.18.36:525][166]LogExit: Preparing to exit.
[2018.01.29-08.18.36:525][166]LogMoviePlayer: Shutting down movie player
[2018.01.29-08.18.36:842][166]LogExit: Game engine shut down
[2018.01.29-08.18.36:879][166]LogObj: Freed 0b from 0 cluster array pools.
[2018.01.29-08.18.36:879][166]LogExit: Object subsystem successfully closed.
[2018.01.29-08.18.36:890][166]LogD3D11RHI: Shutdown
[2018.01.29-08.18.36:890][166]LogD3D11RHI: CleanupD3DDevice
[2018.01.29-08.18.36:920][166]LogD3D11RHI: ~FD3D11DynamicRHI
[2018.01.29-08.18.36:924][166]LogModuleManager: Shutting down and abandoning module SequenceRecorderSections (296)
[2018.01.29-08.18.36:924][166]LogModuleManager: Shutting down and abandoning module SequenceRecorder (294)
[2018.01.29-08.18.36:924][166]LogModuleManager: Shutting down and abandoning module AutomationController (292)
[2018.01.29-08.18.36:924][166]LogModuleManager: Shutting down and abandoning module AutomationWorker (290)
[2018.01.29-08.18.36:924][166]LogModuleManager: Shutting down and abandoning module AIModule (288)
[2018.01.29-08.18.36:924][166]LogModuleManager: Shutting down and abandoning module GameplayDebugger (287)
[2018.01.29-08.18.36:924][166]LogModuleManager: Shutting down and abandoning module AITestSuite (285)
[2018.01.29-08.18.36:924][166]LogModuleManager: Shutting down and abandoning module WmfMediaFactory (282)
[2018.01.29-08.18.36:924][166]LogModuleManager: Shutting down and abandoning module AvfMediaFactory (280)
[2018.01.29-08.18.36:924][166]LogModuleManager: Shutting down and abandoning module AndroidMediaFactory (278)
[2018.01.29-08.18.36:924][166]LogModuleManager: Shutting down and abandoning module Media (277)
[2018.01.29-08.18.36:924][166]LogModuleManager: Shutting down and abandoning module CharacterAI (274)
[2018.01.29-08.18.36:924][166]LogModuleManager: Shutting down and abandoning module SessionServices (272)
[2018.01.29-08.18.36:924][166]LogModuleManager: Shutting down and abandoning module MovieSceneCapture (270)
[2018.01.29-08.18.36:924][166]LogModuleManager: Shutting down and abandoning module MovieSceneTracks (268)
[2018.01.29-08.18.36:924][166]LogModuleManager: Shutting down and abandoning module MovieScene (266)
[2018.01.29-08.18.36:924][166]LogModuleManager: Shutting down and abandoning module GeometryCache (264)
[2018.01.29-08.18.36:924][166]LogModuleManager: Shutting down and abandoning module GeometryCacheEd (263)
[2018.01.29-08.18.36:924][166]LogModuleManager: Shutting down and abandoning module Niagara (260)
[2018.01.29-08.18.36:924][166]LogModuleManager: Shutting down and abandoning module NiagaraEditor (259)
[2018.01.29-08.18.36:924][166]LogModuleManager: Shutting down and abandoning module StreamingPauseRendering (256)
[2018.01.29-08.18.36:924][166]LogModuleManager: Shutting down and abandoning module PortalServices (254)
[2018.01.29-08.18.36:924][166]LogModuleManager: Shutting down and abandoning module PortalRpc (252)
[2018.01.29-08.18.36:924][166]LogModuleManager: Shutting down and abandoning module MessagingRpc (250)
[2018.01.29-08.18.36:924][166]LogModuleManager: Shutting down and abandoning module ProfilerService (248)
[2018.01.29-08.18.37:000][166]LogModuleManager: Shutting down and abandoning module TaskGraph (246)
[2018.01.29-08.18.37:000][166]LogModuleManager: Shutting down and abandoning module SteamVRController (244)
[2018.01.29-08.18.37:000][166]LogModuleManager: Shutting down and abandoning module SteamVR (242)
[2018.01.29-08.18.37:000][166]LogModuleManager: Shutting down and abandoning module ProceduralMeshComponent (240)
[2018.01.29-08.18.37:000][166]LogModuleManager: Shutting down and abandoning module OculusLibrary (238)
[2018.01.29-08.18.37:000][166]LogModuleManager: Shutting down and abandoning module OculusInput (236)
[2018.01.29-08.18.37:000][166]LogModuleManager: Shutting down and abandoning module MobilePatchingUtils (234)
[2018.01.29-08.18.37:000][166]LogModuleManager: Shutting down and abandoning module CustomMeshComponent (232)
[2018.01.29-08.18.37:000][166]LogModuleManager: Shutting down and abandoning module CableComponent (230)
[2018.01.29-08.18.37:000][166]LogModuleManager: Shutting down and abandoning module ArchVisCharacter (228)
[2018.01.29-08.18.37:000][166]LogModuleManager: Shutting down and abandoning module AndroidPermission (226)
[2018.01.29-08.18.37:000][166]LogModuleManager: Shutting down and abandoning module HTML5Networking (222)
[2018.01.29-08.18.37:000][166]LogModuleManager: Shutting down and abandoning module VisualStudioSourceCodeAccess (220)
[2018.01.29-08.18.37:000][166]LogModuleManager: Shutting down and abandoning module DesktopPlatform (219)
[2018.01.29-08.18.37:000][166]LogModuleManager: Shutting down and abandoning module HotReload (217)
[2018.01.29-08.18.37:000][166]LogModuleManager: Shutting down and abandoning module UObjectPlugin (214)
[2018.01.29-08.18.37:000][166]LogModuleManager: Shutting down and abandoning module SubversionSourceControl (212)
[2018.01.29-08.18.37:000][166]LogModuleManager: Shutting down and abandoning module PerforceSourceControl (210)
[2018.01.29-08.18.37:000][166]LogModuleManager: Shutting down and abandoning module SourceControl (209)
[2018.01.29-08.18.37:000][166]LogModuleManager: Shutting down and abandoning module PhysXVehiclesEditor (206)
[2018.01.29-08.18.37:000][166]LogModuleManager: Shutting down and abandoning module PhysXVehicles (204)
[2018.01.29-08.18.37:000][166]LogModuleManager: Shutting down and abandoning module LocationServicesBPLibrary (202)
[2018.01.29-08.18.37:000][166]LogModuleManager: Shutting down and abandoning module ImmediatePhysicsEditor (200)
[2018.01.29-08.18.37:000][166]LogModuleManager: Shutting down and abandoning module ImmediatePhysics (198)
[2018.01.29-08.18.37:000][166]LogModuleManager: Shutting down and abandoning module UdpMessaging (196)
[2018.01.29-08.18.37:100][166]LogModuleManager: Shutting down and abandoning module TcpMessaging (194)
[2018.01.29-08.18.37:693][166]LogModuleManager: Shutting down and abandoning module GameplayTagsEditor (192)
[2018.01.29-08.18.37:693][166]LogModuleManager: Shutting down and abandoning module FacialAnimation (190)
[2018.01.29-08.18.37:693][166]LogModuleManager: Shutting down and abandoning module AssetManagerEditor (188)
[2018.01.29-08.18.37:693][166]LogModuleManager: Shutting down and abandoning module GraphEditor (187)
[2018.01.29-08.18.37:693][166]LogModuleManager: Shutting down and abandoning module ContentBrowser (185)
[2018.01.29-08.18.37:693][166]LogModuleManager: Shutting down and abandoning module CollectionManager (184)
[2018.01.29-08.18.37:693][166]LogDirectoryWatcher: A directory notification for 'D:/Users/JoshR/Documents/GitHub/FMP_RPG_Game_Charm/Content/Collections/' was aborted.
[2018.01.29-08.18.37:693][166]LogDirectoryWatcher: A directory notification for 'D:/Users/JoshR/Documents/GitHub/FMP_RPG_Game_Charm/Content/Developers/JoshR/Collections/' was aborted.
[2018.01.29-08.18.37:693][166]LogDirectoryWatcher: A directory notification for 'D:/Users/JoshR/Documents/GitHub/FMP_RPG_Game_Charm/Saved/Collections/' was aborted.
[2018.01.29-08.18.37:693][166]LogModuleManager: Shutting down and abandoning module DirectoryWatcher (183)
[2018.01.29-08.18.37:693][166]LogModuleManager: Shutting down and abandoning module LightPropagationVolumeRuntime (178)
[2018.01.29-08.18.37:693][166]LogModuleManager: Shutting down and abandoning module Paper2D (176)
[2018.01.29-08.18.37:693][166]LogModuleManager: Shutting down and abandoning module WindowsMoviePlayer (174)
[2018.01.29-08.18.37:693][166]LogModuleManager: Shutting down and abandoning module WmfMedia (172)
[2018.01.29-08.18.37:694][166]LogModuleManager: Shutting down and abandoning module ClothingSystemEditor (170)
[2018.01.29-08.18.37:694][166]LogModuleManager: Shutting down and abandoning module ClothingSystemRuntime (168)
[2018.01.29-08.18.37:694][166]LogModuleManager: Shutting down and abandoning module MediaAssets (166)
[2018.01.29-08.18.37:694][166]LogModuleManager: Shutting down and abandoning module GameLiveStreaming (164)
[2018.01.29-08.18.37:694][166]LogModuleManager: Shutting down and abandoning module VREditor (162)
[2018.01.29-08.18.37:694][166]LogModuleManager: Shutting down and abandoning module StringTableEditor (160)
[2018.01.29-08.18.37:694][166]LogModuleManager: Shutting down and abandoning module GameplayTasksEditor (158)
[2018.01.29-08.18.37:694][166]LogModuleManager: Shutting down and abandoning module BehaviorTreeEditor (156)
[2018.01.29-08.18.37:694][166]LogModuleManager: Shutting down and abandoning module FunctionalTesting (154)
[2018.01.29-08.18.37:694][166]LogModuleManager: Shutting down and abandoning module CollisionAnalyzer (152)
[2018.01.29-08.18.37:694][166]LogModuleManager: Shutting down and abandoning module UMG (150)
[2018.01.29-08.18.37:694][166]LogModuleManager: Shutting down and abandoning module UMGEditor (149)
[2018.01.29-08.18.37:694][166]LogModuleManager: Shutting down and abandoning module Sequencer (148)
[2018.01.29-08.18.37:694][166]LogModuleManager: Shutting down and abandoning module AssetTools (146)
[2018.01.29-08.18.37:694][166]LogModuleManager: Shutting down and abandoning module MessageLog (145)
[2018.01.29-08.18.37:694][166]LogModuleManager: Shutting down and abandoning module WorkspaceMenuStructure (144)
[2018.01.29-08.18.37:694][166]LogModuleManager: Shutting down and abandoning module SlateReflector (138)
[2018.01.29-08.18.37:694][166]LogModuleManager: Shutting down and abandoning module Slate (136)
[2018.01.29-08.18.37:694][166]LogModuleManager: Shutting down and abandoning module EditorStyle (134)
[2018.01.29-08.18.37:695][166]LogModuleManager: Shutting down and abandoning module Messaging (132)
[2018.01.29-08.18.37:695][166]LogModuleManager: Shutting down and abandoning module SourceCodeAccess (130)
[2018.01.29-08.18.37:695][166]LogModuleManager: Shutting down and abandoning module HeadMountedDisplay (128)
[2018.01.29-08.18.37:695][166]LogModuleManager: Shutting down and abandoning module XAudio2 (126)
[2018.01.29-08.18.37:695][166]LogModuleManager: Shutting down and abandoning module Networking (124)
[2018.01.29-08.18.37:695][166]LogModuleManager: Shutting down and abandoning module Core (120)
[2018.01.29-08.18.37:695][166]LogModuleManager: Shutting down and abandoning module KismetCompiler (118)
[2018.01.29-08.18.37:695][166]LogModuleManager: Shutting down and abandoning module LevelSequence (116)
[2018.01.29-08.18.37:695][166]LogModuleManager: Shutting down and abandoning module PhysXFormats (114)
[2018.01.29-08.18.37:695][166]LogModuleManager: Shutting down and abandoning module MeshUtilities (112)
[2018.01.29-08.18.37:695][166]LogModuleManager: Shutting down and abandoning module SimplygonSwarm (111)
[2018.01.29-08.18.37:695][166]LogModuleManager: Shutting down and abandoning module SimplygonMeshReduction (109)
[2018.01.29-08.18.37:695][166]LogModuleManager: Shutting down and abandoning module QuadricMeshReduction (107)
[2018.01.29-08.18.37:695][166]LogModuleManager: Shutting down and abandoning module AssetRegistry (104)
[2018.01.29-08.18.37:696][166]LogModuleManager: Shutting down and abandoning module DerivedDataCache (102)
[2018.01.29-08.18.37:855][166]LogDerivedDataCache: Shutdown
[2018.01.29-08.18.37:855][166]LogModuleManager: Shutting down and abandoning module TargetPlatform (100)
[2018.01.29-08.18.37:855][166]LogModuleManager: Shutting down and abandoning module VulkanShaderFormat (99)
[2018.01.29-08.18.37:855][166]LogModuleManager: Shutting down and abandoning module ShaderFormatVectorVM (97)
[2018.01.29-08.18.37:855][166]LogModuleManager: Shutting down and abandoning module ShaderFormatOpenGL (95)
[2018.01.29-08.18.37:855][166]LogModuleManager: Shutting down and abandoning module ShaderFormatD3D (93)
[2018.01.29-08.18.37:855][166]LogModuleManager: Shutting down and abandoning module MetalShaderFormat (91)
[2018.01.29-08.18.37:855][166]LogModuleManager: Shutting down and abandoning module TextureFormatUncompressed (89)
[2018.01.29-08.18.37:855][166]LogModuleManager: Shutting down and abandoning module TextureFormatPVR (87)
[2018.01.29-08.18.37:855][166]LogModuleManager: Shutting down and abandoning module TextureFormatDXT (85)
[2018.01.29-08.18.37:855][166]LogModuleManager: Shutting down and abandoning module TextureFormatIntelISPCTexComp (83)
[2018.01.29-08.18.37:855][166]LogModuleManager: Shutting down and abandoning module TextureFormatASTC (81)
[2018.01.29-08.18.37:855][166]LogModuleManager: Shutting down and abandoning module ImageWrapper (80)
[2018.01.29-08.18.37:855][166]LogModuleManager: Shutting down and abandoning module TextureFormatAndroid (77)
[2018.01.29-08.18.37:855][166]LogModuleManager: Shutting down and abandoning module AudioFormatOpus (75)
[2018.01.29-08.18.37:855][166]LogModuleManager: Shutting down and abandoning module AudioFormatOgg (73)
[2018.01.29-08.18.37:855][166]LogModuleManager: Shutting down and abandoning module AudioFormatADPCM (71)
[2018.01.29-08.18.37:855][166]LogModuleManager: Shutting down and abandoning module WindowsTargetPlatform (69)
[2018.01.29-08.18.37:855][166]LogModuleManager: Shutting down and abandoning module WindowsServerTargetPlatform (67)
[2018.01.29-08.18.37:855][166]LogModuleManager: Shutting down and abandoning module WindowsNoEditorTargetPlatform (65)
[2018.01.29-08.18.37:855][166]LogModuleManager: Shutting down and abandoning module WindowsClientTargetPlatform (63)
[2018.01.29-08.18.37:855][166]LogModuleManager: Shutting down and abandoning module InputCore (60)
[2018.01.29-08.18.37:855][166]LogModuleManager: Shutting down and abandoning module Settings (58)
[2018.01.29-08.18.37:855][166]LogModuleManager: Shutting down and abandoning module OculusRift (56)
[2018.01.29-08.18.37:855][166]LogModuleManager: Shutting down and abandoning module GearVRController (54)
[2018.01.29-08.18.37:855][166]LogModuleManager: Shutting down and abandoning module GearVR (52)
[2018.01.29-08.18.37:855][166]LogModuleManager: Shutting down and abandoning module ExampleDeviceProfileSelector (50)
[2018.01.29-08.18.37:855][166]LogModuleManager: Shutting down and abandoning module OnlineBlueprintSupport (48)
[2018.01.29-08.18.37:855][166]LogModuleManager: Shutting down and abandoning module OnlineSubsystem (44)
[2018.01.29-08.18.37:855][166]LogOnline:Display: Unloading online subsystem: NULL
[2018.01.29-08.18.37:855][166]LogModuleManager: Shutting down and abandoning module XMPP (43)
[2018.01.29-08.18.37:855][166]LogModuleManager: Shutting down and abandoning module HTTP (41)
[2018.01.29-08.18.37:883][166]LogModuleManager: Shutting down and abandoning module SSL (40)
[2018.01.29-08.18.37:884][166]LogModuleManager: Shutting down and abandoning module HTTPChunkInstaller (36)
[2018.01.29-08.18.37:884][166]LogModuleManager: Shutting down and abandoning module AnimationModifiers (34)
[2018.01.29-08.18.37:884][166]LogModuleManager: Shutting down and abandoning module PropertyEditor (33)
[2018.01.29-08.18.37:884][166]LogModuleManager: Shutting down and abandoning module AudioEditor (30)
[2018.01.29-08.18.37:884][166]LogModuleManager: Shutting down and abandoning module TextureCompressor (28)
[2018.01.29-08.18.37:884][166]LogModuleManager: Shutting down and abandoning module ShaderCore (26)
[2018.01.29-08.18.37:884][166]LogModuleManager: Shutting down and abandoning module Landscape (24)
[2018.01.29-08.18.37:884][166]LogModuleManager: Shutting down and abandoning module SlateRHIRenderer (22)
[2018.01.29-08.18.37:884][166]LogModuleManager: Shutting down and abandoning module OpenGLDrv (20)
[2018.01.29-08.18.37:884][166]LogModuleManager: Shutting down and abandoning module D3D11RHI (18)
[2018.01.29-08.18.37:884][166]LogModuleManager: Shutting down and abandoning module AnimGraphRuntime (16)
[2018.01.29-08.18.37:885][166]LogModuleManager: Shutting down and abandoning module Renderer (14)
[2018.01.29-08.18.37:885][166]LogModuleManager: Shutting down and abandoning module Engine (12)
[2018.01.29-08.18.37:885][166]LogModuleManager: Shutting down and abandoning module CoreUObject (10)
[2018.01.29-08.18.37:885][166]LogModuleManager: Shutting down and abandoning module NetworkFile (8)
[2018.01.29-08.18.37:885][166]LogModuleManager: Shutting down and abandoning module StreamingFile (6)
[2018.01.29-08.18.37:885][166]LogModuleManager: Shutting down and abandoning module SandboxFile (4)
[2018.01.29-08.18.37:885][166]LogModuleManager: Shutting down and abandoning module PakFile (2)
[2018.01.29-08.18.37:885][166]LogExit: Exiting.
[2018.01.29-08.18.37:886][166]Log file closed, 01/29/18 08:18:37
