Log file open, 04/04/18 16:52:47
LogInit:Display: Running engine for game: RPG_Game
LogPlatformFile: Not using cached read wrapper
LogInit:Display: RandInit(-2029332532) SRandInit(-2029332532).
LogTaskGraph: Started task graph with 5 named threads and 12 total threads with 1 sets of task threads.
LogStats: Stats thread started at 0.177718
LogInit: Using libcurl 7.47.1
LogInit:  - built for x86_64-pc-win32
LogInit:  - supports SSL with OpenSSL/1.0.2g
LogInit:  - supports HTTP deflate (compression) using libz 1.2.8
LogInit:  - other features:
LogInit:      CURL_VERSION_SSL
LogInit:      CURL_VERSION_LIBZ
LogInit:      CURL_VERSION_IPV6
LogInit:      CURL_VERSION_ASYNCHDNS
LogInit:      CURL_VERSION_LARGEFILE
LogInit:      CURL_VERSION_IDN
LogInit:  CurlRequestOptions (configurable via config and command line):
LogInit:  - bVerifyPeer = false  - Libcurl will NOT verify peer certificate
LogInit:  - bUseHttpProxy = false  - Libcurl will NOT use HTTP proxy
LogInit:  - bDontReuseConnections = false  - Libcurl will reuse connections
LogInit:  - CertBundlePath = nullptr  - Libcurl will use whatever was configured at build time.
LogInit: Build: ++UE4+Release-4.16-CL-3561208
LogInit: Engine Version: 4.16.3-3561208+++UE4+Release-4.16
LogInit: Compatible Engine Version: 4.16.0-3452394+++UE4+Release-4.16
LogInit: Net CL: 3452394
LogDevObjectVersion: Number of dev versions registered: 16
LogDevObjectVersion:   Dev-Blueprints (B0D832E4-1F89-4F0D-ACCF-7EB736FD4AA2): 9
LogDevObjectVersion:   Dev-Build (E1C64328-A22C-4D53-A36C-8E866417BD8C): 0
LogDevObjectVersion:   Dev-Core (375EC13C-06E4-48FB-B500-84F0262A717E): 2
LogDevObjectVersion:   Dev-Editor (E4B068ED-F494-42E9-A231-DA0B2E46BB41): 17
LogDevObjectVersion:   Dev-Framework (CFFC743F-43B0-4480-9391-14DF171D2073): 23
LogDevObjectVersion:   Dev-Mobile (B02B49B5-BB20-44E9-A304-32B752E40360): 0
LogDevObjectVersion:   Dev-Networking (A4E4105C-59A1-49B5-A7C5-40C4547EDFEE): 0
LogDevObjectVersion:   Dev-Online (39C831C9-5AE6-47DC-9A44-9C173E1C8E7C): 0
LogDevObjectVersion:   Dev-Physics (78F01B33-EBEA-4F98-B9B4-84EACCB95AA2): 0
LogDevObjectVersion:   Dev-Platform (6631380F-2D4D-43E0-8009-CF276956A95A): 0
LogDevObjectVersion:   Dev-Rendering (12F88B9F-8875-4AFC-A67C-D90C383ABD29): 15
LogDevObjectVersion:   Dev-Sequencer (7B5AE74C-D270-4C10-A958-57980B212A5A): 4
LogDevObjectVersion:   Dev-VR (D7296918-1DD6-4BDD-9DE2-64A83CC13884): 0
LogDevObjectVersion:   Dev-LoadTimes (C2A15278-BFE7-4AFE-6C17-90FF531DF755): 1
LogDevObjectVersion:   Private-Geometry (6EACA3D4-40EC-4CC1-B786-8BED09428FC5): 1
LogDevObjectVersion:   Dev-AnimPhys (29E575DD-E0A3-4627-9D10-D276232CDCEA): 3
LogInit: Compiled (64-bit): Jul 28 2017 11:49:47
LogInit: Compiled with Visual C++: 19.00.24215.01
LogInit: Build Configuration: Development
LogInit: Branch Name: ++UE4+Release-4.16
LogInit: Command line:  
LogInit: Base directory: C:/Program Files/Epic Games/UE_4.16/Engine/Binaries/Win64/
LogInit: Installed Engine Build: 1
LogInit: Presizing for max 8388607 objects, including 0 objects not considered by GC, pre-allocating 0 bytes for permanent pool.
LogInit: Object subsystem initialized
[2018.04.04-15.52.47:990][  0]LogInit: Selected Device Profile: [Windows]
[2018.04.04-15.52.47:990][  0]LogInit: Applying CVar settings loaded from the selected device profile: [Windows]
[2018.04.04-15.52.48:043][  0]LogInit: Computer: SONOFMORT
[2018.04.04-15.52.48:043][  0]LogInit: User: Jordan
[2018.04.04-15.52.48:043][  0]LogInit: CPU Page size=4096, Cores=8
[2018.04.04-15.52.48:043][  0]LogInit: High frequency timer resolution =3.124995 MHz
[2018.04.04-15.52.48:043][  0]LogMemory: Memory total: Physical=8.0GB (8GB approx)
[2018.04.04-15.52.48:043][  0]LogMemory: Platform Memory Stats for Windows
[2018.04.04-15.52.48:043][  0]LogMemory: Process Physical Memory: 276.82 MB used, 276.82 MB peak
[2018.04.04-15.52.48:043][  0]LogMemory: Process Virtual Memory: 261.63 MB used, 261.63 MB peak
[2018.04.04-15.52.48:043][  0]LogMemory: Physical Memory: 4454.37 MB used,  3692.85 MB free, 8147.22 MB total
[2018.04.04-15.52.48:043][  0]LogMemory: Virtual Memory: 668.00 MB used,  3692.85 MB free, 134217728.00 MB total
[2018.04.04-15.52.48:169][  0]LogInit: Using OS detected language (en-GB).
[2018.04.04-15.52.48:169][  0]LogInit: Using OS detected locale (en-GB).
[2018.04.04-15.52.48:174][  0]LogTextLocalizationManager: No specific localization for 'en-GB' exists, so the 'en' localization will be used.
[2018.04.04-15.52.49:416][  0]LogD3D11RHI: D3D11 adapters:
[2018.04.04-15.52.49:495][  0]LogD3D11RHI:    0. 'NVIDIA GeForce GTX 1070' (Feature Level 11_0)
[2018.04.04-15.52.49:495][  0]LogD3D11RHI:       8088/0/4073 MB DedicatedVideo/DedicatedSystem/SharedSystem, Outputs:2, VendorId:0x10de
[2018.04.04-15.52.49:499][  0]LogD3D11RHI:    1. 'Microsoft Basic Render Driver' (Feature Level 11_0)
[2018.04.04-15.52.49:499][  0]LogD3D11RHI:       0/0/4073 MB DedicatedVideo/DedicatedSystem/SharedSystem, Outputs:0, VendorId:0x1414
[2018.04.04-15.52.49:499][  0]LogD3D11RHI: Chosen D3D11 Adapter: 0
[2018.04.04-15.52.49:509][  0]LogD3D11RHI: Creating new Direct3DDevice
[2018.04.04-15.52.49:509][  0]LogD3D11RHI:     GPU DeviceId: 0x1b81 (for the marketing name, search the web for "GPU Device Id")
[2018.04.04-15.52.49:509][  0]LogWindows: EnumDisplayDevices:
[2018.04.04-15.52.49:509][  0]LogWindows:    0. 'NVIDIA GeForce GTX 1070' (P:1 D:1)
[2018.04.04-15.52.49:509][  0]LogWindows:    1. 'NVIDIA GeForce GTX 1070' (P:0 D:1)
[2018.04.04-15.52.49:509][  0]LogWindows:    2. 'NVIDIA GeForce GTX 1070' (P:0 D:0)
[2018.04.04-15.52.49:510][  0]LogWindows:    3. 'NVIDIA GeForce GTX 1070' (P:0 D:0)
[2018.04.04-15.52.49:510][  0]LogWindows: DebugString: GetVideoDriverDetailsInvalid PrimaryIsNotTheChoosenAdapter GetVideoDriverDetailsInvalid PrimaryIsNotTheChoosenAdapter GetVideoDriverDetailsInvalid PrimaryIsNotTheChoosenAdapter GetVideoDriverDetailsInvalid PrimaryIsNotTheChoosenAdapter FoundDriverCount:0 
[2018.04.04-15.52.49:510][  0]LogD3D11RHI:     Adapter Name: NVIDIA GeForce GTX 1070
[2018.04.04-15.52.49:510][  0]LogD3D11RHI:   Driver Version: Unknown (internal:Unknown, unified:Unknown)
[2018.04.04-15.52.49:510][  0]LogD3D11RHI:      Driver Date: Unknown
[2018.04.04-15.52.49:510][  0]LogRHI: Texture pool is 1361 MB (70% of 1945 MB)
[2018.04.04-15.52.49:561][  0]LogD3D11RHI: Async texture creation enabled
[2018.04.04-15.52.49:609][  0]LogD3D11RHI: GPU Timing Frequency: 1000.000000 (Debug: 2 2)
[2018.04.04-15.52.49:703][  0]LogShaderCompilers: Guid format shader working directory is 22 characters bigger than the processId version (F:/FMP/RPG_Game/RPG_Game/Intermediate/Shaders/WorkingDirectory/14580/).
[2018.04.04-15.52.49:703][  0]LogShaderCompilers: Cleaned the shader compiler working directory 'C:/Users/Jordan/AppData/Local/Temp/UnrealShaderWorkingDir/90A129F14A3D1FE7F0C2CDA2C0648A7B/'.
[2018.04.04-15.52.49:703][  0]LogShaderCompilers:Display: Using Local Shader Compiler.
[2018.04.04-15.52.51:041][  0]LogTemp:Display: Loaded TP AllDesktopTargetPlatform
[2018.04.04-15.52.51:138][  0]LogTemp:Display: Loaded TP MacClientTargetPlatform
[2018.04.04-15.52.51:237][  0]LogTemp:Display: Loaded TP MacNoEditorTargetPlatform
[2018.04.04-15.52.51:336][  0]LogTemp:Display: Loaded TP MacServerTargetPlatform
[2018.04.04-15.52.51:439][  0]LogTemp:Display: Loaded TP MacTargetPlatform
[2018.04.04-15.52.51:548][  0]LogTemp:Display: Loaded TP WindowsClientTargetPlatform
[2018.04.04-15.52.51:658][  0]LogTemp:Display: Loaded TP WindowsNoEditorTargetPlatform
[2018.04.04-15.52.51:761][  0]LogTemp:Display: Loaded TP WindowsServerTargetPlatform
[2018.04.04-15.52.51:852][  0]LogTemp:Display: Loaded TP WindowsTargetPlatform
[2018.04.04-15.52.51:944][  0]LogTemp:Display: Loaded TP AndroidTargetPlatform
[2018.04.04-15.52.52:038][  0]LogTemp:Display: Loaded TP Android_ASTCTargetPlatform
[2018.04.04-15.52.52:134][  0]LogTemp:Display: Loaded TP Android_ATCTargetPlatform
[2018.04.04-15.52.52:224][  0]LogTemp:Display: Loaded TP Android_DXTTargetPlatform
[2018.04.04-15.52.52:320][  0]LogTemp:Display: Loaded TP Android_ETC1TargetPlatform
[2018.04.04-15.52.52:416][  0]LogTemp:Display: Loaded TP Android_ETC2TargetPlatform
[2018.04.04-15.52.52:604][  0]LogTemp:Display: Loaded TP Android_MultiTargetPlatform
[2018.04.04-15.52.52:604][  0]LogTemp:Display: Loaded TP Android_PVRTCTargetPlatform
[2018.04.04-15.52.52:684][  0]LogTemp:Display: Loaded TP HTML5TargetPlatform
[2018.04.04-15.52.52:844][  0]LogTemp:Display: Loaded TP IOSTargetPlatform
[2018.04.04-15.52.52:897][  0]LogTemp:Display: Loaded TP TVOSTargetPlatform
[2018.04.04-15.52.52:990][  0]LogTemp:Display: Loaded TP LinuxClientTargetPlatform
[2018.04.04-15.52.53:089][  0]LogTemp:Display: Loaded TP LinuxNoEditorTargetPlatform
[2018.04.04-15.52.53:183][  0]LogTemp:Display: Loaded TP LinuxServerTargetPlatform
[2018.04.04-15.52.53:277][  0]LogTemp:Display: Loaded TP LinuxTargetPlatform
[2018.04.04-15.52.53:277][  0]LogTargetPlatformManager:Display: Building Assets For Windows
[2018.04.04-15.52.54:230][  0]LogDerivedDataCache:Display: Max Cache Size: 512 MB
[2018.04.04-15.52.54:341][  0]LogDerivedDataCache: Loaded boot cache 0.11s 90MB C:/Users/Jordan/AppData/Local/UnrealEngine/4.16/DerivedDataCache/Boot.ddc.
[2018.04.04-15.52.54:341][  0]LogDerivedDataCache:Display: Loaded Boot cache: C:/Users/Jordan/AppData/Local/UnrealEngine/4.16/DerivedDataCache/Boot.ddc
[2018.04.04-15.52.54:341][  0]LogDerivedDataCache: FDerivedDataBackendGraph:  Pak pak cache file F:/FMP/RPG_Game/RPG_Game/DerivedDataCache/DDC.ddp not found, will not use a pak cache.
[2018.04.04-15.52.54:341][  0]LogDerivedDataCache: Unable to find inner node Pak for hierarchical cache Hierarchy.
[2018.04.04-15.52.54:341][  0]LogDerivedDataCache: FDerivedDataBackendGraph:  CompressedPak pak cache file F:/FMP/RPG_Game/RPG_Game/DerivedDataCache/Compressed.ddp not found, will not use a pak cache.
[2018.04.04-15.52.54:341][  0]LogDerivedDataCache: Unable to find inner node CompressedPak for hierarchical cache Hierarchy.
[2018.04.04-15.52.54:362][  0]LogDerivedDataCache:Display: Pak cache opened for reading ../../../Engine/DerivedDataCache/Compressed.ddp.
[2018.04.04-15.52.54:375][  0]LogDerivedDataCache: Using Local data cache path C:/Users/Jordan/AppData/Local/UnrealEngine/Common/DerivedDataCache: Writable
[2018.04.04-15.52.54:386][  0]LogMaterial: Verifying Global Shaders for PCD3D_SM5
[2018.04.04-15.52.54:386][  0]LogSlate: Using Freetype 2.6.0
[2018.04.04-15.52.54:387][  0]LogSlate: SlateFontCache - WITH_FREETYPE: 1, WITH_HARFBUZZ: 1
[2018.04.04-15.52.54:387][  0]LogSlate: SlateFontCache - WITH_FREETYPE: 1, WITH_HARFBUZZ: 1
[2018.04.04-15.52.54:896][  0]LogInit: Selected Device Profile: [Windows]
[2018.04.04-15.52.55:030][  0]LogContentStreaming: Texture pool size is 0.00 MB
[2018.04.04-15.52.55:269][  0]LogMeshUtilities: Using QuadricMeshReduction for automatic static mesh reduction
[2018.04.04-15.52.55:363][  0]LogSimplygon: Simplygon DLL not present - disabling.
[2018.04.04-15.52.55:465][  0]LogMeshUtilities: Using SimplygonSwarm for distributed automatic mesh merging
[2018.04.04-15.52.55:465][  0]LogMeshUtilities: No automatic skeletal mesh reduction module available
[2018.04.04-15.52.55:465][  0]LogMeshUtilities: No automatic mesh merging module available
[2018.04.04-15.52.56:412][  0]LogNetVersion: RPG_Game , NetCL: 3452394, EngineNetVer: 2, GameNetVer: 0 (Checksum: 2586067795)
[2018.04.04-15.52.56:498][  0]LogAssetRegistry: FAssetRegistry took 0.0270 seconds to start up
[2018.04.04-15.52.56:605][  0]LogPackageLocalizationCache: Processed 4 localized package path(s) for 2 prioritized culture(s) in 0.066354 seconds
[2018.04.04-15.52.56:612][  0]LogUObjectArray: 34194 objects as part of root set at end of initial load.
[2018.04.04-15.52.56:612][  0]LogUObjectAllocator: 7260424 out of 0 bytes used by permanent object pool.
[2018.04.04-15.52.56:612][  0]LogUObjectArray: CloseDisregardForGC: 0/0 objects in disregard for GC pool
[2018.04.04-15.52.56:733][  0]LogInit: WinSock: version 1.1 (2.2), MaxSocks=32767, MaxUdp=65467
[2018.04.04-15.53.00:621][  0]LogSubstanceCoreModule: Substance [CPU] Engine Loaded, Max Texture Size = 2048
[2018.04.04-15.53.00:675][  0]LogTcpMessaging: Initializing TcpMessaging bridge
[2018.04.04-15.53.00:738][  0]LogUdpMessaging: Initializing bridge on interface 0.0.0.0:0 to multicast group 230.0.0.1:6666.
[2018.04.04-15.53.01:594][  0]LogMaterial: Uniform references updated for custom material expression Custom.
[2018.04.04-15.53.02:261][  0]SourceControl: Info Source control is disabled
[2018.04.04-15.53.04:768][  0]LogAndroidPermission: UAndroidPermissionCallbackProxy::GetInstance
[2018.04.04-15.53.05:927][  0]LogEngine: Initializing Engine...
[2018.04.04-15.53.05:929][  0]LogHMD: Failed to initialize OpenVR with code 110
[2018.04.04-15.53.06:130][  0]LogStats: UGameplayTagsManager::ConstructGameplayTagTree: Construct from data asset -  0.000 s
[2018.04.04-15.53.06:130][  0]LogStats: UGameplayTagsManager::ConstructGameplayTagTree: GameplayTagTreeChangedEvent.Broadcast -  0.000 s
[2018.04.04-15.53.06:359][  0]LogAIModule: Creating AISystem for world Untitled
[2018.04.04-15.53.06:370][  0]LogInit: XAudio2 using 'Headset Earphone (Corsair VOID RGB USB Gaming Headset )' : 6 channels at 48 kHz using 16 bits per sample (channel mask 0x3f)
[2018.04.04-15.53.06:554][  0]LogInit: FAudioDevice initialized.
[2018.04.04-15.53.06:618][  0]LogDerivedDataCache: Saved boot cache 0.06s 90MB C:/Users/Jordan/AppData/Local/UnrealEngine/4.16/DerivedDataCache/Boot.ddc.
[2018.04.04-15.53.06:629][  0]LogInit: Texture streaming: Enabled
[2018.04.04-15.53.06:786][  0]LogEngineSessionManager: EngineSessionManager initialized
[2018.04.04-15.53.07:160][  0]LogInit: Transaction tracking system initialized
[2018.04.04-15.53.07:707][  0]BlueprintLog: New page: Editor Load
[2018.04.04-15.53.09:453][  0]LocalizationService: Info Localization service is disabled
[2018.04.04-15.53.10:665][  0]LogConsoleResponse:Display: 
[2018.04.04-15.53.10:845][  0]LogCook:Display: Max memory allowance for cook 16384mb min free memory 0mb
[2018.04.04-15.53.10:845][  0]LogCook:Display: Mobile HDR setting 1
[2018.04.04-15.53.11:588][  0]LogFileCache: Scanning file cache for directory 'F:/FMP/RPG_Game/RPG_Game/Content/' took 0.02s
[2018.04.04-15.53.13:125][  0]Cmd: MAP LOAD FILE="F:/FMP/RPG_Game/RPG_Game/Content/Maps/HelloWorld.umap" TEMPLATE=0 SHOWPROGRESS=1 FEATURELEVEL=3
[2018.04.04-15.53.13:125][  0]LightingResults: New page: Lighting Build
[2018.04.04-15.53.13:204][  0]MapCheck: New page: Map Check
[2018.04.04-15.53.13:204][  0]LightingResults: New page: Lighting Build
[2018.04.04-15.53.13:971][  0]LogLinker:Warning: Can't find file '/Game/Materials/alphabox'
[2018.04.04-15.53.13:971][  0]LoadErrors: Info Failed to load /Game/Assets/PowerBlock/AlphaBox.AlphaBox Referenced by AlphaCube_GEN_VARIABLE
[2018.04.04-15.53.13:971][  0]LogLinker:Warning: Can't find file for asset '/Game/Materials/alphabox' while loading F:/FMP/RPG_Game/RPG_Game/Content/Assets/PowerBlock/AlphaBox.uasset.
[2018.04.04-15.53.13:971][  0]LoadErrors: Info Failed to load /Game/Assets/PowerBlock/AlphaBox.AlphaBox Referenced by AlphaCube_GEN_VARIABLE
[2018.04.04-15.53.13:971][  0]LoadErrors:Error: Error /Game/Assets/PowerBlock/AlphaBox : Can't find file for asset. /Game/Materials/alphabox
[2018.04.04-15.53.13:971][  0]LogLinker:Warning: Can't find file '/Game/Materials/alphabox'
[2018.04.04-15.53.13:971][  0]LoadErrors: Info Failed to load /Game/Assets/PowerBlock/AlphaBox.AlphaBox Referenced by AlphaCube_GEN_VARIABLE
[2018.04.04-15.53.13:971][  0]LogLinker:Warning: Can't find file for asset '/Game/Materials/alphabox' while loading F:/FMP/RPG_Game/RPG_Game/Content/Assets/PowerBlock/AlphaBox.uasset.
[2018.04.04-15.53.13:972][  0]LoadErrors: Info Failed to load /Game/Assets/PowerBlock/AlphaBox.AlphaBox Referenced by AlphaCube_GEN_VARIABLE
[2018.04.04-15.53.13:972][  0]LoadErrors:Error: Error /Game/Assets/PowerBlock/AlphaBox : Can't find file for asset. /Game/Materials/alphabox
[2018.04.04-15.53.14:016][  0]LogLinker:Warning: Can't find file '/Game/Materials/ButtonMaterial'
[2018.04.04-15.53.14:016][  0]LoadErrors: Info Failed to load /Game/Assets/PressurePad/Button_Base.Button_Base Referenced by Button_Base_GEN_VARIABLE
[2018.04.04-15.53.14:016][  0]LogLinker:Warning: Can't find file for asset '/Game/Materials/ButtonMaterial' while loading F:/FMP/RPG_Game/RPG_Game/Content/Assets/PressurePad/Button_Base.uasset.
[2018.04.04-15.53.14:016][  0]LoadErrors: Info Failed to load /Game/Assets/PressurePad/Button_Base.Button_Base Referenced by Button_Base_GEN_VARIABLE
[2018.04.04-15.53.14:016][  0]LoadErrors:Error: Error /Game/Assets/PressurePad/Button_Base : Can't find file for asset. /Game/Materials/ButtonMaterial
[2018.04.04-15.53.14:016][  0]LogLinker:Warning: Can't find file '/Game/Materials/ButtonMaterial'
[2018.04.04-15.53.14:016][  0]LoadErrors: Info Failed to load /Game/Assets/PressurePad/Button_Base.Button_Base Referenced by Button_Base_GEN_VARIABLE
[2018.04.04-15.53.14:016][  0]LogLinker:Warning: Can't find file for asset '/Game/Materials/ButtonMaterial' while loading F:/FMP/RPG_Game/RPG_Game/Content/Assets/PressurePad/Button_Base.uasset.
[2018.04.04-15.53.14:017][  0]LoadErrors: Info Failed to load /Game/Assets/PressurePad/Button_Base.Button_Base Referenced by Button_Base_GEN_VARIABLE
[2018.04.04-15.53.14:017][  0]LoadErrors:Error: Error /Game/Assets/PressurePad/Button_Base : Can't find file for asset. /Game/Materials/ButtonMaterial
[2018.04.04-15.53.14:026][  0]LogLinker:Warning: Can't find file '/Game/Materials/ButtonMaterial'
[2018.04.04-15.53.14:026][  0]LoadErrors: Info Failed to load /Game/Assets/PressurePad/Button_Push.Button_Push Referenced by Push_GEN_VARIABLE
[2018.04.04-15.53.14:026][  0]LogLinker:Warning: Can't find file for asset '/Game/Materials/ButtonMaterial' while loading F:/FMP/RPG_Game/RPG_Game/Content/Assets/PressurePad/Button_Push.uasset.
[2018.04.04-15.53.14:026][  0]LoadErrors: Info Failed to load /Game/Assets/PressurePad/Button_Push.Button_Push Referenced by Push_GEN_VARIABLE
[2018.04.04-15.53.14:026][  0]LoadErrors:Error: Error /Game/Assets/PressurePad/Button_Push : Can't find file for asset. /Game/Materials/ButtonMaterial
[2018.04.04-15.53.14:026][  0]LogLinker:Warning: Can't find file '/Game/Materials/ButtonMaterial'
[2018.04.04-15.53.14:026][  0]LoadErrors: Info Failed to load /Game/Assets/PressurePad/Button_Push.Button_Push Referenced by Push_GEN_VARIABLE
[2018.04.04-15.53.14:026][  0]LogLinker:Warning: Can't find file for asset '/Game/Materials/ButtonMaterial' while loading F:/FMP/RPG_Game/RPG_Game/Content/Assets/PressurePad/Button_Push.uasset.
[2018.04.04-15.53.14:026][  0]LoadErrors: Info Failed to load /Game/Assets/PressurePad/Button_Push.Button_Push Referenced by Push_GEN_VARIABLE
[2018.04.04-15.53.14:026][  0]LoadErrors:Error: Error /Game/Assets/PressurePad/Button_Push : Can't find file for asset. /Game/Materials/ButtonMaterial
[2018.04.04-15.53.14:033][  0]LogBlueprint:Error: [Compiler PressurePad] Error Could not find a function named "Close" in 'AlphaDoor_C'.
Make sure 'AlphaDoor_C' has been compiled for  Close
[2018.04.04-15.53.14:033][  0]LogBlueprint:Error: [Compiler PressurePad] Error Could not find a function named "Open" in 'AlphaDoor_C'.
Make sure 'AlphaDoor_C' has been compiled for  Open
[2018.04.04-15.53.14:037][  0]LogBlueprint:Warning: [Compiler PressurePad] Warning [0031.45] Compile of PressurePad failed. 2 Fatal Issue(s) 0 Warning(s) [in 5 ms] (/Game/Assets/PressurePad/PressurePad.PressurePad)
[2018.04.04-15.53.14:037][  0]LogBlueprint:Warning: [Compiler PressurePad] Warning [0031.45] Compile of PressurePad failed. 2 Fatal Issue(s) 1 Warning(s) [in 0 ms] (/Game/Assets/PressurePad/PressurePad.PressurePad)
[2018.04.04-15.53.14:037][  0]LogBlueprint:Warning: [Compiler PressurePad] Warning [0031.45] Compile of PressurePad failed. 2 Fatal Issue(s) 2 Warning(s) [in 0 ms] (/Game/Assets/PressurePad/PressurePad.PressurePad)
[2018.04.04-15.53.14:602][  0]LogLinker:Warning: Can't find file '/Game/Materials/ButtonMaterial'
[2018.04.04-15.53.14:602][  0]LoadErrors: Info Failed to load /Game/Materials/ButtonMaterial.ButtonMaterial Referenced by Button_Push
[2018.04.04-15.53.14:602][  0]LogLinker:Warning: Can't find file for asset '/Game/Materials/ButtonMaterial' while loading NULL.
[2018.04.04-15.53.14:602][  0]LoadErrors: Info Failed to load /Game/Materials/ButtonMaterial.ButtonMaterial Referenced by Button_Push
[2018.04.04-15.53.14:602][  0]LogLinker:Warning: Can't find file '/Game/Materials/ButtonMaterial'
[2018.04.04-15.53.14:602][  0]LoadErrors: Info Failed to load /Game/Materials/ButtonMaterial.ButtonMaterial Referenced by Button_Base
[2018.04.04-15.53.14:602][  0]LogLinker:Warning: Can't find file for asset '/Game/Materials/ButtonMaterial' while loading NULL.
[2018.04.04-15.53.14:603][  0]LoadErrors: Info Failed to load /Game/Materials/ButtonMaterial.ButtonMaterial Referenced by Button_Base
[2018.04.04-15.53.14:603][  0]LogLinker:Warning: Can't find file '/Game/Materials/alphabox'
[2018.04.04-15.53.14:603][  0]LoadErrors: Info Failed to load /Game/Materials/alphabox.alphabox Referenced by AlphaBox
[2018.04.04-15.53.14:603][  0]LogLinker:Warning: Can't find file for asset '/Game/Materials/alphabox' while loading NULL.
[2018.04.04-15.53.14:603][  0]LoadErrors: Info Failed to load /Game/Materials/alphabox.alphabox Referenced by AlphaBox
[2018.04.04-15.53.14:867][  0]LogAIModule: Creating AISystem for world HelloWorld
[2018.04.04-15.53.15:354][  0]LogEditorServer: Finished looking for orphan Actors (0.000 secs)
[2018.04.04-15.53.15:369][  0]Cmd: MAP CHECKDEP NOCLEARLOG
[2018.04.04-15.53.15:481][  0]MapCheck: Info Map check complete: 0 Error(s), 0 Warning(s), took 112.08ms to complete.
[2018.04.04-15.53.15:481][  0]LogFileHelpers: Loading map 'HelloWorld' took 2.356
[2018.04.04-15.53.15:702][  0]LogCollectionManager: Loaded 0 collections in 0.002893 seconds
[2018.04.04-15.53.15:826][  0]LogFileCache: Scanning file cache for directory 'F:/FMP/RPG_Game/RPG_Game/Saved/Collections/' took 0.01s
[2018.04.04-15.53.15:826][  0]LogFileCache: Scanning file cache for directory 'F:/FMP/RPG_Game/RPG_Game/Content/Developers/Jordan/Collections/' took 0.01s
[2018.04.04-15.53.15:826][  0]LogFileCache: Scanning file cache for directory 'F:/FMP/RPG_Game/RPG_Game/Content/Collections/' took 0.01s
[2018.04.04-15.53.15:826][  0]LogCollectionManager: Rebuilt the GUID cache for 0 collections in 0.000002 seconds
[2018.04.04-15.53.15:839][  0]LogContentBrowser: Native class hierarchy populated in 0.0130 seconds. Added 2343 classes and 497 folders.
[2018.04.04-15.53.15:962][  0]LogContentBrowser: Native class hierarchy updated for 'WidgetCarousel' in 0.0007 seconds. Added 0 classes and 0 folders.
[2018.04.04-15.53.16:104][  0]LogContentBrowser: Native class hierarchy updated for 'AddContentDialog' in 0.0008 seconds. Added 0 classes and 0 folders.
[2018.04.04-15.53.16:188][  0]LogContentBrowser: Native class hierarchy updated for 'SceneOutliner' in 0.0008 seconds. Added 1 classes and 2 folders.
[2018.04.04-15.53.16:257][  0]LogCrashTracker: Crashtracker disabled due to settings.
[2018.04.04-15.53.16:263][  0]LogSlate: Took 0.000302 seconds to synchronously load lazily loaded font '../../../Engine/Content/Slate/Fonts/Roboto-Regular.ttf' (155K)
[2018.04.04-15.53.16:268][  0]LogSlate: Took 0.000466 seconds to synchronously load lazily loaded font '../../../Engine/Content/Slate/Fonts/Roboto-Bold.ttf' (160K)
[2018.04.04-15.53.16:274][  0]LogSlate: Took 0.001729 seconds to synchronously load lazily loaded font '../../../Engine/Content/Editor/Slate/Fonts/FontAwesome.ttf' (139K)
[2018.04.04-15.53.16:369][  0]LogRenderer: Reallocating scene render targets to support 1528x624 NumSamples 1 (Frame:1).
[2018.04.04-15.53.16:457][  0]LogSlate: Took 0.001438 seconds to synchronously load lazily loaded font '../../../Engine/Content/Slate/Fonts/Roboto-Light.ttf' (159K)
[2018.04.04-15.53.16:636][  0]LogUObjectGlobals:Warning: Failed to find object 'Class None.'
[2018.04.04-15.53.16:738][  0]LogContentBrowser: Native class hierarchy updated for 'HierarchicalLODOutliner' in 0.0008 seconds. Added 1 classes and 2 folders.
[2018.04.04-15.53.16:738][  0]LogLoad: (Engine Initialization) Total time: 34.15 seconds
[2018.04.04-15.53.16:738][  0]LogLoad: (Engine Initialization) Total Blueprint compile time: 0.23 seconds
[2018.04.04-15.53.16:738][  0]LogExternalProfiler: No external profilers were discovered.  External profiling features will not be available.
[2018.04.04-15.53.17:073][  0]LogOcInput: OculusInput pre-init called
[2018.04.04-15.53.17:073][  0]LogHMD: Starting GearVRController plugin
[2018.04.04-15.53.17:101][  0]SourceControl: Info On branch master
[2018.04.04-15.53.17:101][  0]SourceControl: Info Your branch is up to date with 'origin/master'.
[2018.04.04-15.53.17:101][  0]SourceControl: Info Changes not staged for commit:
[2018.04.04-15.53.17:101][  0]SourceControl: Info   (use "git add <file>..." to update what will be committed)
[2018.04.04-15.53.17:101][  0]SourceControl: Info   (use "git checkout -- <file>..." to discard changes in working directory)
[2018.04.04-15.53.17:101][  0]SourceControl: Info 	modified:   Intermediate/CachedAssetRegistry.bin
[2018.04.04-15.53.17:101][  0]SourceControl: Info 	modified:   Saved/Config/Windows/Engine.ini
[2018.04.04-15.53.17:101][  0]SourceControl: Info 	modified:   Saved/Logs/RPG_Game.log
[2018.04.04-15.53.17:101][  0]SourceControl: Info Untracked files:
[2018.04.04-15.53.17:101][  0]SourceControl: Info   (use "git add <file>..." to include in what will be committed)
[2018.04.04-15.53.17:101][  0]SourceControl: Info 	Saved/Config/CrashReportClient/UE4CC-Windows-EE602B2A4DA6701F2F429382866FBB33/
[2018.04.04-15.53.17:101][  0]SourceControl: Info 	Saved/Logs/RPG_Game-backup-2018.04.04-16.52.47.log
[2018.04.04-15.53.17:101][  0]SourceControl: Info no changes added to commit (use "git add" and/or "git commit -a")
[2018.04.04-15.53.17:101][  0]LogContentStreaming: Texture pool size now 1000 MB
[2018.04.04-15.53.17:265][  1]LogAssetRegistry: Asset discovery search completed in 20.7879 seconds
[2018.04.04-15.53.17:269][  1]LogCollectionManager: Rebuilt the object cache for 0 collections in 0.000000 seconds (found 0 objects)
[2018.04.04-15.53.17:269][  1]LogCollectionManager: Fixed up redirectors for 0 collections in 0.000046 seconds (updated 0 objects)
[2018.04.04-15.53.50:998][775]LogSlate: Took 0.000284 seconds to synchronously load lazily loaded font '../../../Engine/Content/Slate/Fonts/Roboto-Light.ttf' (159K)
[2018.04.04-15.53.51:571][775]LogContentBrowser: Native class hierarchy updated for 'BlueprintGraph' in 0.0012 seconds. Added 112 classes and 0 folders.
[2018.04.04-15.53.52:305][775]LogSlate: Took 0.000260 seconds to synchronously load lazily loaded font '../../../Engine/Content/Slate/Fonts/Roboto-Regular.ttf' (155K)
[2018.04.04-15.53.52:377][775]LogSlate: Took 0.001826 seconds to synchronously load lazily loaded font '../../../Engine/Content/Editor/Slate/Fonts/Roboto-BoldCondensed.ttf' (158K)
[2018.04.04-15.53.57:720][389]LogSlate: Took 0.001535 seconds to synchronously load lazily loaded font '../../../Engine/Content/Editor/Slate/Fonts/Roboto-Italic.ttf' (157K)
[2018.04.04-15.53.59:471][591]LogRenderer: Reallocating scene render targets to support 1528x712 NumSamples 1 (Frame:1).
