Log file open, 01/29/18 19:43:44
LogInit:Display: Running engine for game: RPG_Game
LogPlatformFile: Not using cached read wrapper
LogInit:Display: RandInit(-488135072) SRandInit(-488135072).
LogTaskGraph: Started task graph with 5 named threads and 8 total threads with 1 sets of task threads.
LogStats: Stats thread started at 0.082779
LogInit: Using libcurl 7.47.1
LogInit:  - built for x86_64-pc-win32
LogInit:  - supports SSL with OpenSSL/1.0.2g
LogInit:  - supports HTTP deflate (compression) using libz 1.2.8
LogInit:  - other features:
LogInit:      CURL_VERSION_SSL
LogInit:      CURL_VERSION_LIBZ
LogInit:      CURL_VERSION_IPV6
LogInit:      CURL_VERSION_ASYNCHDNS
LogInit:      CURL_VERSION_LARGEFILE
LogInit:      CURL_VERSION_IDN
LogInit:  CurlRequestOptions (configurable via config and command line):
LogInit:  - bVerifyPeer = false  - Libcurl will NOT verify peer certificate
LogInit:  - bUseHttpProxy = false  - Libcurl will NOT use HTTP proxy
LogInit:  - bDontReuseConnections = false  - Libcurl will reuse connections
LogInit:  - CertBundlePath = nullptr  - Libcurl will use whatever was configured at build time.
LogInit: Build: ++UE4+Release-4.16-CL-3561208
LogInit: Engine Version: 4.16.3-3561208+++UE4+Release-4.16
LogInit: Compatible Engine Version: 4.16.0-3452394+++UE4+Release-4.16
LogInit: Net CL: 3452394
LogDevObjectVersion: Number of dev versions registered: 16
LogDevObjectVersion:   Dev-Blueprints (B0D832E4-1F89-4F0D-ACCF-7EB736FD4AA2): 9
LogDevObjectVersion:   Dev-Build (E1C64328-A22C-4D53-A36C-8E866417BD8C): 0
LogDevObjectVersion:   Dev-Core (375EC13C-06E4-48FB-B500-84F0262A717E): 2
LogDevObjectVersion:   Dev-Editor (E4B068ED-F494-42E9-A231-DA0B2E46BB41): 17
LogDevObjectVersion:   Dev-Framework (CFFC743F-43B0-4480-9391-14DF171D2073): 23
LogDevObjectVersion:   Dev-Mobile (B02B49B5-BB20-44E9-A304-32B752E40360): 0
LogDevObjectVersion:   Dev-Networking (A4E4105C-59A1-49B5-A7C5-40C4547EDFEE): 0
LogDevObjectVersion:   Dev-Online (39C831C9-5AE6-47DC-9A44-9C173E1C8E7C): 0
LogDevObjectVersion:   Dev-Physics (78F01B33-EBEA-4F98-B9B4-84EACCB95AA2): 0
LogDevObjectVersion:   Dev-Platform (6631380F-2D4D-43E0-8009-CF276956A95A): 0
LogDevObjectVersion:   Dev-Rendering (12F88B9F-8875-4AFC-A67C-D90C383ABD29): 15
LogDevObjectVersion:   Dev-Sequencer (7B5AE74C-D270-4C10-A958-57980B212A5A): 4
LogDevObjectVersion:   Dev-VR (D7296918-1DD6-4BDD-9DE2-64A83CC13884): 0
LogDevObjectVersion:   Dev-LoadTimes (C2A15278-BFE7-4AFE-6C17-90FF531DF755): 1
LogDevObjectVersion:   Private-Geometry (6EACA3D4-40EC-4CC1-B786-8BED09428FC5): 1
LogDevObjectVersion:   Dev-AnimPhys (29E575DD-E0A3-4627-9D10-D276232CDCEA): 3
LogInit: Compiled (64-bit): Jul 28 2017 11:49:47
LogInit: Compiled with Visual C++: 19.00.24215.01
LogInit: Build Configuration: Development
LogInit: Branch Name: ++UE4+Release-4.16
LogInit: Command line:  
LogInit: Base directory: D:/Program Files/UE_4.16/Engine/Binaries/Win64/
LogInit: Installed Engine Build: 1
LogInit: Presizing for max 8388607 objects, including 0 objects not considered by GC, pre-allocating 0 bytes for permanent pool.
LogInit: Object subsystem initialized
[2018.01.29-19.43.44:576][  0]LogInit: Selected Device Profile: [Windows]
[2018.01.29-19.43.44:576][  0]LogInit: Applying CVar settings loaded from the selected device profile: [Windows]
[2018.01.29-19.43.44:583][  0]LogInit: Computer: DESKTOP-46CB9MQ
[2018.01.29-19.43.44:583][  0]LogInit: User: JoshR
[2018.01.29-19.43.44:583][  0]LogInit: CPU Page size=4096, Cores=4
[2018.01.29-19.43.44:583][  0]LogInit: High frequency timer resolution =3.421878 MHz
[2018.01.29-19.43.44:583][  0]LogMemory: Memory total: Physical=16.0GB (16GB approx)
[2018.01.29-19.43.44:583][  0]LogMemory: Platform Memory Stats for Windows
[2018.01.29-19.43.44:583][  0]LogMemory: Process Physical Memory: 273.26 MB used, 273.26 MB peak
[2018.01.29-19.43.44:583][  0]LogMemory: Process Virtual Memory: 274.70 MB used, 274.70 MB peak
[2018.01.29-19.43.44:583][  0]LogMemory: Physical Memory: 3978.98 MB used,  12365.02 MB free, 16344.00 MB total
[2018.01.29-19.43.44:583][  0]LogMemory: Virtual Memory: 670.43 MB used,  12365.02 MB free, 134217728.00 MB total
[2018.01.29-19.43.44:642][  0]LogInit: Using OS detected language (en-GB).
[2018.01.29-19.43.44:642][  0]LogInit: Using OS detected locale (en-GB).
[2018.01.29-19.43.44:644][  0]LogTextLocalizationManager: No specific localization for 'en-GB' exists, so the 'en' localization will be used.
[2018.01.29-19.43.45:418][  0]LogD3D11RHI: D3D11 adapters:
[2018.01.29-19.43.45:451][  0]LogD3D11RHI:    0. 'NVIDIA GeForce GTX 970' (Feature Level 11_0)
[2018.01.29-19.43.45:451][  0]LogD3D11RHI:       4043/0/8172 MB DedicatedVideo/DedicatedSystem/SharedSystem, Outputs:1, VendorId:0x10de
[2018.01.29-19.43.45:453][  0]LogD3D11RHI:    1. 'Microsoft Basic Render Driver' (Feature Level 11_0)
[2018.01.29-19.43.45:453][  0]LogD3D11RHI:       0/0/8172 MB DedicatedVideo/DedicatedSystem/SharedSystem, Outputs:0, VendorId:0x1414
[2018.01.29-19.43.45:453][  0]LogD3D11RHI: Chosen D3D11 Adapter: 0
[2018.01.29-19.43.45:458][  0]LogD3D11RHI: Creating new Direct3DDevice
[2018.01.29-19.43.45:458][  0]LogD3D11RHI:     GPU DeviceId: 0x13c2 (for the marketing name, search the web for "GPU Device Id")
[2018.01.29-19.43.45:458][  0]LogWindows: EnumDisplayDevices:
[2018.01.29-19.43.45:458][  0]LogWindows:    0. 'NVIDIA GeForce GTX 970' (P:1 D:1)
[2018.01.29-19.43.45:458][  0]LogWindows:    1. 'NVIDIA GeForce GTX 970' (P:0 D:0)
[2018.01.29-19.43.45:459][  0]LogWindows:    2. 'NVIDIA GeForce GTX 970' (P:0 D:0)
[2018.01.29-19.43.45:459][  0]LogWindows:    3. 'NVIDIA GeForce GTX 970' (P:0 D:0)
[2018.01.29-19.43.45:459][  0]LogWindows: DebugString: GetVideoDriverDetailsInvalid PrimaryIsNotTheChoosenAdapter GetVideoDriverDetailsInvalid PrimaryIsNotTheChoosenAdapter GetVideoDriverDetailsInvalid PrimaryIsNotTheChoosenAdapter GetVideoDriverDetailsInvalid PrimaryIsNotTheChoosenAdapter FoundDriverCount:0 
[2018.01.29-19.43.45:459][  0]LogD3D11RHI:     Adapter Name: NVIDIA GeForce GTX 970
[2018.01.29-19.43.45:459][  0]LogD3D11RHI:   Driver Version: Unknown (internal:Unknown, unified:Unknown)
[2018.01.29-19.43.45:459][  0]LogD3D11RHI:      Driver Date: Unknown
[2018.01.29-19.43.45:459][  0]LogRHI: Texture pool is 1361 MB (70% of 1945 MB)
[2018.01.29-19.43.45:481][  0]LogD3D11RHI: Async texture creation enabled
[2018.01.29-19.43.45:502][  0]LogD3D11RHI: GPU Timing Frequency: 1000.000000 (Debug: 2 2)
[2018.01.29-19.43.45:503][  0]LogShaderCompilers: Guid format shader working directory is -17 characters bigger than the processId version (../../../../../Users/JoshR/Documents/GitHub/FMP_RPG_Game_Charm/Intermediate/Shaders/WorkingDirectory/12436/).
[2018.01.29-19.43.45:504][  0]LogShaderCompilers: Cleaned the shader compiler working directory 'C:/Users/JoshR/AppData/Local/Temp/UnrealShaderWorkingDir/D4CAF98A47941EA324751E98E30157B7/'.
[2018.01.29-19.43.45:504][  0]LogShaderCompilers:Display: Using Local Shader Compiler.
[2018.01.29-19.43.46:371][  0]LogTemp:Display: Loaded TP AllDesktopTargetPlatform
[2018.01.29-19.43.46:412][  0]LogTemp:Display: Loaded TP MacClientTargetPlatform
[2018.01.29-19.43.46:455][  0]LogTemp:Display: Loaded TP MacNoEditorTargetPlatform
[2018.01.29-19.43.46:491][  0]LogTemp:Display: Loaded TP MacServerTargetPlatform
[2018.01.29-19.43.46:527][  0]LogTemp:Display: Loaded TP MacTargetPlatform
[2018.01.29-19.43.46:562][  0]LogTemp:Display: Loaded TP WindowsClientTargetPlatform
[2018.01.29-19.43.46:597][  0]LogTemp:Display: Loaded TP WindowsNoEditorTargetPlatform
[2018.01.29-19.43.46:631][  0]LogTemp:Display: Loaded TP WindowsServerTargetPlatform
[2018.01.29-19.43.46:661][  0]LogTemp:Display: Loaded TP WindowsTargetPlatform
[2018.01.29-19.43.46:694][  0]LogTemp:Display: Loaded TP AndroidTargetPlatform
[2018.01.29-19.43.46:729][  0]LogTemp:Display: Loaded TP Android_ASTCTargetPlatform
[2018.01.29-19.43.46:762][  0]LogTemp:Display: Loaded TP Android_ATCTargetPlatform
[2018.01.29-19.43.46:797][  0]LogTemp:Display: Loaded TP Android_DXTTargetPlatform
[2018.01.29-19.43.46:831][  0]LogTemp:Display: Loaded TP Android_ETC1TargetPlatform
[2018.01.29-19.43.46:864][  0]LogTemp:Display: Loaded TP Android_ETC2TargetPlatform
[2018.01.29-19.43.46:932][  0]LogTemp:Display: Loaded TP Android_MultiTargetPlatform
[2018.01.29-19.43.46:932][  0]LogTemp:Display: Loaded TP Android_PVRTCTargetPlatform
[2018.01.29-19.43.46:957][  0]LogTemp:Display: Loaded TP HTML5TargetPlatform
[2018.01.29-19.43.47:025][  0]LogTemp:Display: Loaded TP IOSTargetPlatform
[2018.01.29-19.43.47:047][  0]LogTemp:Display: Loaded TP TVOSTargetPlatform
[2018.01.29-19.43.47:080][  0]LogTemp:Display: Loaded TP LinuxClientTargetPlatform
[2018.01.29-19.43.47:114][  0]LogTemp:Display: Loaded TP LinuxNoEditorTargetPlatform
[2018.01.29-19.43.47:148][  0]LogTemp:Display: Loaded TP LinuxServerTargetPlatform
[2018.01.29-19.43.47:181][  0]LogTemp:Display: Loaded TP LinuxTargetPlatform
[2018.01.29-19.43.47:181][  0]LogTargetPlatformManager:Display: Building Assets For Windows
[2018.01.29-19.43.47:499][  0]LogDerivedDataCache:Display: Max Cache Size: 512 MB
[2018.01.29-19.43.47:569][  0]LogDerivedDataCache: Loaded boot cache 0.07s 90MB C:/Users/JoshR/AppData/Local/UnrealEngine/4.16/DerivedDataCache/Boot.ddc.
[2018.01.29-19.43.47:569][  0]LogDerivedDataCache:Display: Loaded Boot cache: C:/Users/JoshR/AppData/Local/UnrealEngine/4.16/DerivedDataCache/Boot.ddc
[2018.01.29-19.43.47:569][  0]LogDerivedDataCache: FDerivedDataBackendGraph:  Pak pak cache file ../../../../../Users/JoshR/Documents/GitHub/FMP_RPG_Game_Charm/DerivedDataCache/DDC.ddp not found, will not use a pak cache.
[2018.01.29-19.43.47:569][  0]LogDerivedDataCache: Unable to find inner node Pak for hierarchical cache Hierarchy.
[2018.01.29-19.43.47:569][  0]LogDerivedDataCache: FDerivedDataBackendGraph:  CompressedPak pak cache file ../../../../../Users/JoshR/Documents/GitHub/FMP_RPG_Game_Charm/DerivedDataCache/Compressed.ddp not found, will not use a pak cache.
[2018.01.29-19.43.47:569][  0]LogDerivedDataCache: Unable to find inner node CompressedPak for hierarchical cache Hierarchy.
[2018.01.29-19.43.47:582][  0]LogDerivedDataCache:Display: Pak cache opened for reading ../../../Engine/DerivedDataCache/Compressed.ddp.
[2018.01.29-19.43.47:594][  0]LogDerivedDataCache: Using Local data cache path C:/Users/JoshR/AppData/Local/UnrealEngine/Common/DerivedDataCache: Writable
[2018.01.29-19.43.47:602][  0]LogMaterial: Verifying Global Shaders for PCD3D_SM5
[2018.01.29-19.43.47:602][  0]LogSlate: Using Freetype 2.6.0
[2018.01.29-19.43.47:602][  0]LogSlate: SlateFontCache - WITH_FREETYPE: 1, WITH_HARFBUZZ: 1
[2018.01.29-19.43.47:602][  0]LogSlate: SlateFontCache - WITH_FREETYPE: 1, WITH_HARFBUZZ: 1
[2018.01.29-19.43.47:868][  0]LogInit: Selected Device Profile: [Windows]
[2018.01.29-19.43.47:924][  0]LogContentStreaming: Texture pool size is 0.00 MB
[2018.01.29-19.43.48:040][  0]LogMeshUtilities: Using QuadricMeshReduction for automatic static mesh reduction
[2018.01.29-19.43.48:069][  0]LogSimplygon: Simplygon DLL not present - disabling.
[2018.01.29-19.43.48:102][  0]LogMeshUtilities: Using SimplygonSwarm for distributed automatic mesh merging
[2018.01.29-19.43.48:102][  0]LogMeshUtilities: No automatic skeletal mesh reduction module available
[2018.01.29-19.43.48:102][  0]LogMeshUtilities: No automatic mesh merging module available
[2018.01.29-19.43.48:510][  0]LogNetVersion: RPG_Game , NetCL: 3452394, EngineNetVer: 2, GameNetVer: 0 (Checksum: 2586067795)
[2018.01.29-19.43.48:560][  0]LogAssetRegistry: FAssetRegistry took 0.0242 seconds to start up
[2018.01.29-19.43.48:605][  0]LogPackageLocalizationCache: Processed 4 localized package path(s) for 2 prioritized culture(s) in 0.031001 seconds
[2018.01.29-19.43.48:610][  0]LogUObjectArray: 34194 objects as part of root set at end of initial load.
[2018.01.29-19.43.48:610][  0]LogUObjectAllocator: 7260416 out of 0 bytes used by permanent object pool.
[2018.01.29-19.43.48:610][  0]LogUObjectArray: CloseDisregardForGC: 0/0 objects in disregard for GC pool
[2018.01.29-19.43.48:648][  0]LogInit: WinSock: version 1.1 (2.2), MaxSocks=32767, MaxUdp=65467
[2018.01.29-19.43.50:416][  0]LogTcpMessaging: Initializing TcpMessaging bridge
[2018.01.29-19.43.50:447][  0]LogUdpMessaging: Initializing bridge on interface 0.0.0.0:0 to multicast group 230.0.0.1:6666.
[2018.01.29-19.43.50:824][  0]LogMaterial: Uniform references updated for custom material expression Custom.
[2018.01.29-19.43.51:108][  0]SourceControl: Info Source control is disabled
[2018.01.29-19.43.51:633][  0]LogAndroidPermission: UAndroidPermissionCallbackProxy::GetInstance
[2018.01.29-19.43.52:045][  0]LogEngine: Initializing Engine...
[2018.01.29-19.43.52:046][  0]LogHMD: Failed to initialize OpenVR with code 110
[2018.01.29-19.43.52:198][  0]LogStats: UGameplayTagsManager::ConstructGameplayTagTree: Construct from data asset -  0.000 s
[2018.01.29-19.43.52:198][  0]LogStats: UGameplayTagsManager::ConstructGameplayTagTree: GameplayTagTreeChangedEvent.Broadcast -  0.000 s
[2018.01.29-19.43.52:285][  0]LogAIModule: Creating AISystem for world Untitled
[2018.01.29-19.43.52:294][  0]LogInit: XAudio2 using 'Headset Earphone (2- Corsair VOID RGB Wireless Gaming Headset)' : 6 channels at 48 kHz using 16 bits per sample (channel mask 0x3f)
[2018.01.29-19.43.52:406][  0]LogInit: FAudioDevice initialized.
[2018.01.29-19.43.52:447][  0]LogDerivedDataCache: Saved boot cache 0.04s 90MB C:/Users/JoshR/AppData/Local/UnrealEngine/4.16/DerivedDataCache/Boot.ddc.
[2018.01.29-19.43.52:453][  0]LogInit: Texture streaming: Enabled
[2018.01.29-19.43.52:514][  0]LogEngineSessionManager: EngineSessionManager initialized
[2018.01.29-19.43.52:657][  0]LogInit: Transaction tracking system initialized
[2018.01.29-19.43.52:861][  0]BlueprintLog: New page: Editor Load
[2018.01.29-19.43.53:472][  0]LocalizationService: Info Localization service is disabled
[2018.01.29-19.43.53:920][  0]LogConsoleResponse:Display: 
[2018.01.29-19.43.54:029][  0]LogCook:Display: Max memory allowance for cook 16384mb min free memory 0mb
[2018.01.29-19.43.54:029][  0]LogCook:Display: Mobile HDR setting 1
[2018.01.29-19.43.54:248][  0]LogFileCache: Scanning file cache for directory 'D:/Users/JoshR/Documents/GitHub/FMP_RPG_Game_Charm/Content/' took 0.01s
[2018.01.29-19.43.54:719][  0]Cmd: MAP LOAD FILE="../../../../../Users/JoshR/Documents/GitHub/FMP_RPG_Game_Charm/Content/Maps/HelloWorld.umap" TEMPLATE=0 SHOWPROGRESS=1 FEATURELEVEL=3
[2018.01.29-19.43.54:719][  0]LightingResults: New page: Lighting Build
[2018.01.29-19.43.54:745][  0]MapCheck: New page: Map Check
[2018.01.29-19.43.54:745][  0]LightingResults: New page: Lighting Build
[2018.01.29-19.43.54:883][  0]LogStaticMesh: Building static mesh M_Door...
[2018.01.29-19.43.54:898][  0]LogStaticMesh: Built static mesh [0.02s] /Game/Interactables/Door01/Mesh/M_Door.M_Door
[2018.01.29-19.43.54:930][  0]LogTexture:Display: Building textures: Diffuse_Door (AutoDXT, 1024X1024)
[2018.01.29-19.43.55:042][  0]LogMaterial: Missing cached shader map for material MAT_Door, compiling. 
[2018.01.29-19.43.55:071][  0]LogAIModule: Creating AISystem for world HelloWorld
[2018.01.29-19.43.55:157][  0]PIE:Warning: Warning Trying to simulate physics on ''/Game/Maps/HelloWorld.HelloWorld:PersistentLevel.Remote_71.StaticMesh'' but it has ComplexAsSimple collision.
[2018.01.29-19.43.55:158][  0]LogEditorServer: Finished looking for orphan Actors (0.000 secs)
[2018.01.29-19.43.55:165][  0]Cmd: MAP CHECKDEP NOCLEARLOG
[2018.01.29-19.43.55:204][  0]MapCheck: Info Map check complete: 0 Error(s), 0 Warning(s), took 39.708ms to complete.
[2018.01.29-19.43.55:205][  0]LogFileHelpers: Loading map 'HelloWorld' took 0.486
[2018.01.29-19.43.55:262][  0]LogWindowsTextInputMethodSystem:Display: IME system now deactivated.
[2018.01.29-19.43.55:323][  0]LogCollectionManager: Loaded 0 collections in 0.001042 seconds
[2018.01.29-19.43.55:387][  0]LogFileCache: Scanning file cache for directory 'D:/Users/JoshR/Documents/GitHub/FMP_RPG_Game_Charm/Saved/Collections/' took 0.01s
[2018.01.29-19.43.55:387][  0]LogFileCache: Scanning file cache for directory 'D:/Users/JoshR/Documents/GitHub/FMP_RPG_Game_Charm/Content/Developers/JoshR/Collections/' took 0.01s
[2018.01.29-19.43.55:387][  0]LogFileCache: Scanning file cache for directory 'D:/Users/JoshR/Documents/GitHub/FMP_RPG_Game_Charm/Content/Collections/' took 0.01s
[2018.01.29-19.43.55:387][  0]LogCollectionManager: Rebuilt the GUID cache for 0 collections in 0.000001 seconds
[2018.01.29-19.43.55:396][  0]LogContentBrowser: Native class hierarchy populated in 0.0088 seconds. Added 2329 classes and 491 folders.
[2018.01.29-19.43.55:440][  0]LogContentBrowser: Native class hierarchy updated for 'WidgetCarousel' in 0.0004 seconds. Added 0 classes and 0 folders.
[2018.01.29-19.43.55:479][  0]LogContentBrowser: Native class hierarchy updated for 'AddContentDialog' in 0.0005 seconds. Added 0 classes and 0 folders.
[2018.01.29-19.43.55:510][  0]LogContentBrowser: Native class hierarchy updated for 'SceneOutliner' in 0.0005 seconds. Added 1 classes and 2 folders.
[2018.01.29-19.43.55:537][  0]LogCrashTracker: Crashtracker disabled due to settings.
[2018.01.29-19.43.55:541][  0]LogSlate: Took 0.000166 seconds to synchronously load lazily loaded font '../../../Engine/Content/Slate/Fonts/Roboto-Regular.ttf' (155K)
[2018.01.29-19.43.55:542][  0]LogSlate: Took 0.000160 seconds to synchronously load lazily loaded font '../../../Engine/Content/Slate/Fonts/Roboto-Bold.ttf' (160K)
[2018.01.29-19.43.55:546][  0]LogSlate: Took 0.000189 seconds to synchronously load lazily loaded font '../../../Engine/Content/Editor/Slate/Fonts/FontAwesome.ttf' (139K)
[2018.01.29-19.43.55:621][  0]LogRenderer: Reallocating scene render targets to support 1004x540 NumSamples 1 (Frame:1).
[2018.01.29-19.43.55:657][  0]LogSlate: Took 0.000142 seconds to synchronously load lazily loaded font '../../../Engine/Content/Slate/Fonts/Roboto-Light.ttf' (159K)
[2018.01.29-19.43.55:710][  0]LogUObjectGlobals:Warning: Failed to find object 'Class None.'
[2018.01.29-19.43.55:760][  0]LogContentBrowser: Native class hierarchy updated for 'HierarchicalLODOutliner' in 0.0005 seconds. Added 1 classes and 2 folders.
[2018.01.29-19.43.55:760][  0]LogLoad: (Engine Initialization) Total time: 12.40 seconds
[2018.01.29-19.43.55:760][  0]LogLoad: (Engine Initialization) Total Blueprint compile time: 0.06 seconds
[2018.01.29-19.43.55:760][  0]LogExternalProfiler: No external profilers were discovered.  External profiling features will not be available.
[2018.01.29-19.43.55:770][  0]LogOcInput: OculusInput pre-init called
[2018.01.29-19.43.55:770][  0]LogHMD: Starting GearVRController plugin
[2018.01.29-19.43.55:782][  0]LogAssetRegistry: Asset discovery search completed in 7.2437 seconds
[2018.01.29-19.43.55:784][  0]LogCollectionManager: Rebuilt the object cache for 0 collections in 0.000000 seconds (found 0 objects)
[2018.01.29-19.43.55:784][  0]LogCollectionManager: Fixed up redirectors for 0 collections in 0.000029 seconds (updated 0 objects)
[2018.01.29-19.43.55:787][  0]LogContentStreaming: Texture pool size now 1000 MB
[2018.01.29-19.43.56:783][112]LogSlate: Took 0.000243 seconds to synchronously load lazily loaded font '../../../Engine/Content/Slate/Fonts/Roboto-Light.ttf' (159K)
[2018.01.29-19.44.04:095][970]LogBlueprintUserMessages: Early PlayInEditor Detection: Level '/Game/Maps/HelloWorld.HelloWorld:PersistentLevel' has LevelScriptBlueprint '/Game/Maps/HelloWorld.HelloWorld:PersistentLevel.HelloWorld' with GeneratedClass '/Game/Maps/HelloWorld.HelloWorld_C' with ClassGeneratedBy '/Game/Maps/HelloWorld.HelloWorld:PersistentLevel.HelloWorld'
[2018.01.29-19.44.04:095][970]LogPlayLevel: PlayLevel: No blueprints needed recompiling
[2018.01.29-19.44.04:095][970]PIE: New page: PIE session: HelloWorld (29 Jan 2018 19:44:04)
[2018.01.29-19.44.04:095][970]LogPlayLevel: Creating play world package: /Game/Maps/UEDPIE_0_HelloWorld
[2018.01.29-19.44.04:124][970]LogPlayLevel: PIE: StaticDuplicateObject took: (0.029598s)
[2018.01.29-19.44.04:125][970]LogAIModule: Creating AISystem for world HelloWorld
[2018.01.29-19.44.04:125][970]LogPlayLevel: PIE: World Init took: (0.000584s)
[2018.01.29-19.44.04:125][970]LogPlayLevel: PIE: Created PIE world by copying editor world from /Game/Maps/HelloWorld.HelloWorld to /Game/Maps/UEDPIE_0_HelloWorld.HelloWorld (0.030332s)
[2018.01.29-19.44.04:136][970]LogInit: XAudio2 using 'Headset Earphone (2- Corsair VOID RGB Wireless Gaming Headset)' : 6 channels at 48 kHz using 16 bits per sample (channel mask 0x3f)
[2018.01.29-19.44.04:240][970]LogInit: FAudioDevice initialized.
[2018.01.29-19.44.04:321][970]LogLoad: Game class is 'FuseGM_C'
[2018.01.29-19.44.04:325][970]LogWorld: Bringing World /Game/Maps/UEDPIE_0_HelloWorld.HelloWorld up for play (max tick rate 0) at 2018.01.29-19.44.04
[2018.01.29-19.44.04:326][970]LogWorld: Bringing up level for play took: 0.003229
[2018.01.29-19.44.04:353][970]LogContentBrowser: Native class hierarchy updated for 'MovieSceneCapture' in 0.0005 seconds. Added 11 classes and 0 folders.
[2018.01.29-19.44.04:354][970]PIE: Info Play in editor start time for /Game/Maps/UEDPIE_0_HelloWorld 1.067
[2018.01.29-19.44.04:355][970]LogBlueprintUserMessages: Late PlayInEditor Detection: Level '/Game/Maps/HelloWorld.HelloWorld:PersistentLevel' has LevelScriptBlueprint '/Game/Maps/HelloWorld.HelloWorld:PersistentLevel.HelloWorld' with GeneratedClass '/Game/Maps/HelloWorld.HelloWorld_C' with ClassGeneratedBy '/Game/Maps/HelloWorld.HelloWorld:PersistentLevel.HelloWorld'
[2018.01.29-19.44.06:652][237]LogBlueprintUserMessages: [PlayerCharacter_C_0] Bad
[2018.01.29-19.44.06:652][237]LogScript:Warning: Accessed None trying to read property HeldItem
	PlayerCharacter_C /Game/Maps/UEDPIE_0_HelloWorld.HelloWorld:PersistentLevel.PlayerCharacter_C_0
	Function /Game/PlayerCharacter.PlayerCharacter_C:DropItem:000D
[2018.01.29-19.44.06:652][237]PIE:Error: Error Blueprint Runtime Error: Accessed None trying to read property HeldItem from function: 'DropItem' from node: DetachFromActor in graph: DropItem in object: PlayerCharacter with description: Accessed None trying to read property HeldItem
[2018.01.29-19.44.06:652][237]LogScript:Warning: Accessed None trying to read property HeldItem
	PlayerCharacter_C /Game/Maps/UEDPIE_0_HelloWorld.HelloWorld:PersistentLevel.PlayerCharacter_C_0
	Function /Game/PlayerCharacter.PlayerCharacter_C:DropItem:0036
[2018.01.29-19.44.06:652][237]PIE:Error: Error Blueprint Runtime Error: Accessed None trying to read property HeldItem from function: 'DropItem' from node: Set Collision Enabled in graph: DropItem in object: PlayerCharacter with description: Accessed None trying to read property HeldItem
[2018.01.29-19.44.06:652][237]LogScript:Warning: Accessed None
	PlayerCharacter_C /Game/Maps/UEDPIE_0_HelloWorld.HelloWorld:PersistentLevel.PlayerCharacter_C_0
	Function /Game/PlayerCharacter.PlayerCharacter_C:DropItem:004B
[2018.01.29-19.44.06:652][237]PIE:Error: Error Blueprint Runtime Error: Accessed None from function: 'DropItem' from node: Set Collision Enabled in graph: DropItem in object: PlayerCharacter with description: Accessed None
[2018.01.29-19.44.06:652][237]LogScript:Warning: Accessed None trying to read property HeldItem
	PlayerCharacter_C /Game/Maps/UEDPIE_0_HelloWorld.HelloWorld:PersistentLevel.PlayerCharacter_C_0
	Function /Game/PlayerCharacter.PlayerCharacter_C:DropItem:0074
[2018.01.29-19.44.06:652][237]PIE:Error: Error Blueprint Runtime Error: Accessed None trying to read property HeldItem from function: 'DropItem' from node: Set Simulate Physics in graph: DropItem in object: PlayerCharacter with description: Accessed None trying to read property HeldItem
[2018.01.29-19.44.06:652][237]LogScript:Warning: Accessed None
	PlayerCharacter_C /Game/Maps/UEDPIE_0_HelloWorld.HelloWorld:PersistentLevel.PlayerCharacter_C_0
	Function /Game/PlayerCharacter.PlayerCharacter_C:DropItem:0089
[2018.01.29-19.44.06:652][237]PIE:Error: Error Blueprint Runtime Error: Accessed None from function: 'DropItem' from node: Set Simulate Physics in graph: DropItem in object: PlayerCharacter with description: Accessed None
[2018.01.29-19.44.07:192][302]LogScript:Warning: Accessed None trying to read property HeldItem
	PlayerCharacter_C /Game/Maps/UEDPIE_0_HelloWorld.HelloWorld:PersistentLevel.PlayerCharacter_C_0
	Function /Game/PlayerCharacter.PlayerCharacter_C:DropItem:000D
[2018.01.29-19.44.07:192][302]PIE:Error: Error Blueprint Runtime Error: Accessed None trying to read property HeldItem from function: 'DropItem' from node: DetachFromActor in graph: DropItem in object: PlayerCharacter with description: Accessed None trying to read property HeldItem
[2018.01.29-19.44.07:192][302]LogScript:Warning: Accessed None trying to read property HeldItem
	PlayerCharacter_C /Game/Maps/UEDPIE_0_HelloWorld.HelloWorld:PersistentLevel.PlayerCharacter_C_0
	Function /Game/PlayerCharacter.PlayerCharacter_C:DropItem:0036
[2018.01.29-19.44.07:192][302]PIE:Error: Error Blueprint Runtime Error: Accessed None trying to read property HeldItem from function: 'DropItem' from node: Set Collision Enabled in graph: DropItem in object: PlayerCharacter with description: Accessed None trying to read property HeldItem
[2018.01.29-19.44.07:192][302]LogScript:Warning: Accessed None
	PlayerCharacter_C /Game/Maps/UEDPIE_0_HelloWorld.HelloWorld:PersistentLevel.PlayerCharacter_C_0
	Function /Game/PlayerCharacter.PlayerCharacter_C:DropItem:004B
[2018.01.29-19.44.07:192][302]PIE:Error: Error Blueprint Runtime Error: Accessed None from function: 'DropItem' from node: Set Collision Enabled in graph: DropItem in object: PlayerCharacter with description: Accessed None
[2018.01.29-19.44.07:192][302]LogScript:Warning: Accessed None trying to read property HeldItem
	PlayerCharacter_C /Game/Maps/UEDPIE_0_HelloWorld.HelloWorld:PersistentLevel.PlayerCharacter_C_0
	Function /Game/PlayerCharacter.PlayerCharacter_C:DropItem:0074
[2018.01.29-19.44.07:193][302]PIE:Error: Error Blueprint Runtime Error: Accessed None trying to read property HeldItem from function: 'DropItem' from node: Set Simulate Physics in graph: DropItem in object: PlayerCharacter with description: Accessed None trying to read property HeldItem
[2018.01.29-19.44.07:193][302]LogScript:Warning: Accessed None
	PlayerCharacter_C /Game/Maps/UEDPIE_0_HelloWorld.HelloWorld:PersistentLevel.PlayerCharacter_C_0
	Function /Game/PlayerCharacter.PlayerCharacter_C:DropItem:0089
[2018.01.29-19.44.07:193][302]PIE:Error: Error Blueprint Runtime Error: Accessed None from function: 'DropItem' from node: Set Simulate Physics in graph: DropItem in object: PlayerCharacter with description: Accessed None
[2018.01.29-19.44.07:193][302]LogBlueprintUserMessages: [PlayerCharacter_C_0] Good
[2018.01.29-19.44.09:462][574]LogBlueprintUserMessages: [PlayerCharacter_C_0] Bad
[2018.01.29-19.44.10:046][644]LogBlueprintUserMessages: [PlayerCharacter_C_0] Bad
[2018.01.29-19.44.10:046][644]LogScript:Warning: Accessed None trying to read property HeldItem
	PlayerCharacter_C /Game/Maps/UEDPIE_0_HelloWorld.HelloWorld:PersistentLevel.PlayerCharacter_C_0
	Function /Game/PlayerCharacter.PlayerCharacter_C:DropItem:000D
[2018.01.29-19.44.10:046][644]PIE:Error: Error Blueprint Runtime Error: Accessed None trying to read property HeldItem from function: 'DropItem' from node: DetachFromActor in graph: DropItem in object: PlayerCharacter with description: Accessed None trying to read property HeldItem
[2018.01.29-19.44.10:046][644]LogScript:Warning: Accessed None trying to read property HeldItem
	PlayerCharacter_C /Game/Maps/UEDPIE_0_HelloWorld.HelloWorld:PersistentLevel.PlayerCharacter_C_0
	Function /Game/PlayerCharacter.PlayerCharacter_C:DropItem:0036
[2018.01.29-19.44.10:046][644]PIE:Error: Error Blueprint Runtime Error: Accessed None trying to read property HeldItem from function: 'DropItem' from node: Set Collision Enabled in graph: DropItem in object: PlayerCharacter with description: Accessed None trying to read property HeldItem
[2018.01.29-19.44.10:046][644]LogScript:Warning: Accessed None
	PlayerCharacter_C /Game/Maps/UEDPIE_0_HelloWorld.HelloWorld:PersistentLevel.PlayerCharacter_C_0
	Function /Game/PlayerCharacter.PlayerCharacter_C:DropItem:004B
[2018.01.29-19.44.10:046][644]PIE:Error: Error Blueprint Runtime Error: Accessed None from function: 'DropItem' from node: Set Collision Enabled in graph: DropItem in object: PlayerCharacter with description: Accessed None
[2018.01.29-19.44.10:046][644]LogScript:Warning: Accessed None trying to read property HeldItem
	PlayerCharacter_C /Game/Maps/UEDPIE_0_HelloWorld.HelloWorld:PersistentLevel.PlayerCharacter_C_0
	Function /Game/PlayerCharacter.PlayerCharacter_C:DropItem:0074
[2018.01.29-19.44.10:046][644]PIE:Error: Error Blueprint Runtime Error: Accessed None trying to read property HeldItem from function: 'DropItem' from node: Set Simulate Physics in graph: DropItem in object: PlayerCharacter with description: Accessed None trying to read property HeldItem
[2018.01.29-19.44.10:046][644]LogScript:Warning: Accessed None
	PlayerCharacter_C /Game/Maps/UEDPIE_0_HelloWorld.HelloWorld:PersistentLevel.PlayerCharacter_C_0
	Function /Game/PlayerCharacter.PlayerCharacter_C:DropItem:0089
[2018.01.29-19.44.10:046][644]PIE:Error: Error Blueprint Runtime Error: Accessed None from function: 'DropItem' from node: Set Simulate Physics in graph: DropItem in object: PlayerCharacter with description: Accessed None
[2018.01.29-19.44.10:287][673]LogBlueprintUserMessages: [PlayerCharacter_C_0] Bad
[2018.01.29-19.44.10:287][673]LogScript:Warning: Accessed None trying to read property HeldItem
	PlayerCharacter_C /Game/Maps/UEDPIE_0_HelloWorld.HelloWorld:PersistentLevel.PlayerCharacter_C_0
	Function /Game/PlayerCharacter.PlayerCharacter_C:DropItem:000D
[2018.01.29-19.44.10:287][673]PIE:Error: Error Blueprint Runtime Error: Accessed None trying to read property HeldItem from function: 'DropItem' from node: DetachFromActor in graph: DropItem in object: PlayerCharacter with description: Accessed None trying to read property HeldItem
[2018.01.29-19.44.10:287][673]LogScript:Warning: Accessed None trying to read property HeldItem
	PlayerCharacter_C /Game/Maps/UEDPIE_0_HelloWorld.HelloWorld:PersistentLevel.PlayerCharacter_C_0
	Function /Game/PlayerCharacter.PlayerCharacter_C:DropItem:0036
[2018.01.29-19.44.10:287][673]PIE:Error: Error Blueprint Runtime Error: Accessed None trying to read property HeldItem from function: 'DropItem' from node: Set Collision Enabled in graph: DropItem in object: PlayerCharacter with description: Accessed None trying to read property HeldItem
[2018.01.29-19.44.10:287][673]PIE:Error: Error Blueprint Runtime Error: Accessed None from function: 'DropItem' from node: Set Collision Enabled in graph: DropItem in object: PlayerCharacter with description: Accessed None
[2018.01.29-19.44.10:288][673]PIE:Error: Error Blueprint Runtime Error: Accessed None trying to read property HeldItem from function: 'DropItem' from node: Set Simulate Physics in graph: DropItem in object: PlayerCharacter with description: Accessed None trying to read property HeldItem
[2018.01.29-19.44.10:288][673]PIE:Error: Error Blueprint Runtime Error: Accessed None from function: 'DropItem' from node: Set Simulate Physics in graph: DropItem in object: PlayerCharacter with description: Accessed None
[2018.01.29-19.44.10:563][706]LogBlueprintUserMessages: [PlayerCharacter_C_0] Bad
[2018.01.29-19.44.10:563][706]PIE:Error: Error Blueprint Runtime Error: Accessed None trying to read property HeldItem from function: 'DropItem' from node: DetachFromActor in graph: DropItem in object: PlayerCharacter with description: Accessed None trying to read property HeldItem
[2018.01.29-19.44.10:563][706]PIE:Error: Error Blueprint Runtime Error: Accessed None trying to read property HeldItem from function: 'DropItem' from node: Set Collision Enabled in graph: DropItem in object: PlayerCharacter with description: Accessed None trying to read property HeldItem
[2018.01.29-19.44.10:563][706]PIE:Error: Error Blueprint Runtime Error: Accessed None from function: 'DropItem' from node: Set Collision Enabled in graph: DropItem in object: PlayerCharacter with description: Accessed None
[2018.01.29-19.44.10:563][706]PIE:Error: Error Blueprint Runtime Error: Accessed None trying to read property HeldItem from function: 'DropItem' from node: Set Simulate Physics in graph: DropItem in object: PlayerCharacter with description: Accessed None trying to read property HeldItem
[2018.01.29-19.44.10:563][706]PIE:Error: Error Blueprint Runtime Error: Accessed None from function: 'DropItem' from node: Set Simulate Physics in graph: DropItem in object: PlayerCharacter with description: Accessed None
[2018.01.29-19.44.10:846][740]LogBlueprintUserMessages: [PlayerCharacter_C_0] Bad
[2018.01.29-19.44.10:846][740]PIE:Error: Error Blueprint Runtime Error: Accessed None trying to read property HeldItem from function: 'DropItem' from node: DetachFromActor in graph: DropItem in object: PlayerCharacter with description: Accessed None trying to read property HeldItem
[2018.01.29-19.44.10:846][740]PIE:Error: Error Blueprint Runtime Error: Accessed None trying to read property HeldItem from function: 'DropItem' from node: Set Collision Enabled in graph: DropItem in object: PlayerCharacter with description: Accessed None trying to read property HeldItem
[2018.01.29-19.44.10:846][740]PIE:Error: Error Blueprint Runtime Error: Accessed None from function: 'DropItem' from node: Set Collision Enabled in graph: DropItem in object: PlayerCharacter with description: Accessed None
[2018.01.29-19.44.10:846][740]PIE:Error: Error Blueprint Runtime Error: Accessed None trying to read property HeldItem from function: 'DropItem' from node: Set Simulate Physics in graph: DropItem in object: PlayerCharacter with description: Accessed None trying to read property HeldItem
[2018.01.29-19.44.10:846][740]PIE:Error: Error Blueprint Runtime Error: Accessed None from function: 'DropItem' from node: Set Simulate Physics in graph: DropItem in object: PlayerCharacter with description: Accessed None
[2018.01.29-19.44.11:114][772]LogBlueprintUserMessages: [PlayerCharacter_C_0] Bad
[2018.01.29-19.44.11:114][772]PIE:Error: Error Blueprint Runtime Error: Accessed None trying to read property HeldItem from function: 'DropItem' from node: DetachFromActor in graph: DropItem in object: PlayerCharacter with description: Accessed None trying to read property HeldItem
[2018.01.29-19.44.11:114][772]PIE:Error: Error Blueprint Runtime Error: Accessed None trying to read property HeldItem from function: 'DropItem' from node: Set Collision Enabled in graph: DropItem in object: PlayerCharacter with description: Accessed None trying to read property HeldItem
[2018.01.29-19.44.11:114][772]PIE:Error: Error Blueprint Runtime Error: Accessed None from function: 'DropItem' from node: Set Collision Enabled in graph: DropItem in object: PlayerCharacter with description: Accessed None
[2018.01.29-19.44.11:114][772]PIE:Error: Error Blueprint Runtime Error: Accessed None trying to read property HeldItem from function: 'DropItem' from node: Set Simulate Physics in graph: DropItem in object: PlayerCharacter with description: Accessed None trying to read property HeldItem
[2018.01.29-19.44.11:114][772]PIE:Error: Error Blueprint Runtime Error: Accessed None from function: 'DropItem' from node: Set Simulate Physics in graph: DropItem in object: PlayerCharacter with description: Accessed None
[2018.01.29-19.44.16:200][382]LogBlueprintUserMessages: [PlayerCharacter_C_0] Bad
[2018.01.29-19.44.16:200][382]PIE:Error: Error Blueprint Runtime Error: Accessed None trying to read property HeldItem from function: 'DropItem' from node: DetachFromActor in graph: DropItem in object: PlayerCharacter with description: Accessed None trying to read property HeldItem
[2018.01.29-19.44.16:200][382]PIE:Error: Error Blueprint Runtime Error: Accessed None trying to read property HeldItem from function: 'DropItem' from node: Set Collision Enabled in graph: DropItem in object: PlayerCharacter with description: Accessed None trying to read property HeldItem
[2018.01.29-19.44.16:200][382]PIE:Error: Error Blueprint Runtime Error: Accessed None from function: 'DropItem' from node: Set Collision Enabled in graph: DropItem in object: PlayerCharacter with description: Accessed None
[2018.01.29-19.44.16:200][382]PIE:Error: Error Blueprint Runtime Error: Accessed None trying to read property HeldItem from function: 'DropItem' from node: Set Simulate Physics in graph: DropItem in object: PlayerCharacter with description: Accessed None trying to read property HeldItem
[2018.01.29-19.44.16:200][382]PIE:Error: Error Blueprint Runtime Error: Accessed None from function: 'DropItem' from node: Set Simulate Physics in graph: DropItem in object: PlayerCharacter with description: Accessed None
[2018.01.29-19.44.16:950][472]LogBlueprintUserMessages: [PlayerCharacter_C_0] Bad
[2018.01.29-19.44.16:950][472]PIE:Error: Error Blueprint Runtime Error: Accessed None trying to read property HeldItem from function: 'DropItem' from node: DetachFromActor in graph: DropItem in object: PlayerCharacter with description: Accessed None trying to read property HeldItem
[2018.01.29-19.44.16:950][472]PIE:Error: Error Blueprint Runtime Error: Accessed None trying to read property HeldItem from function: 'DropItem' from node: Set Collision Enabled in graph: DropItem in object: PlayerCharacter with description: Accessed None trying to read property HeldItem
[2018.01.29-19.44.16:950][472]PIE:Error: Error Blueprint Runtime Error: Accessed None from function: 'DropItem' from node: Set Collision Enabled in graph: DropItem in object: PlayerCharacter with description: Accessed None
[2018.01.29-19.44.16:950][472]PIE:Error: Error Blueprint Runtime Error: Accessed None trying to read property HeldItem from function: 'DropItem' from node: Set Simulate Physics in graph: DropItem in object: PlayerCharacter with description: Accessed None trying to read property HeldItem
[2018.01.29-19.44.16:951][472]PIE:Error: Error Blueprint Runtime Error: Accessed None from function: 'DropItem' from node: Set Simulate Physics in graph: DropItem in object: PlayerCharacter with description: Accessed None
[2018.01.29-19.44.17:108][491]LogBlueprintUserMessages: [PlayerCharacter_C_0] Bad
[2018.01.29-19.44.17:108][491]PIE:Error: Error Blueprint Runtime Error: Accessed None trying to read property HeldItem from function: 'DropItem' from node: DetachFromActor in graph: DropItem in object: PlayerCharacter with description: Accessed None trying to read property HeldItem
[2018.01.29-19.44.17:108][491]PIE:Error: Error Blueprint Runtime Error: Accessed None trying to read property HeldItem from function: 'DropItem' from node: Set Collision Enabled in graph: DropItem in object: PlayerCharacter with description: Accessed None trying to read property HeldItem
[2018.01.29-19.44.17:108][491]PIE:Error: Error Blueprint Runtime Error: Accessed None from function: 'DropItem' from node: Set Collision Enabled in graph: DropItem in object: PlayerCharacter with description: Accessed None
[2018.01.29-19.44.17:108][491]PIE:Error: Error Blueprint Runtime Error: Accessed None trying to read property HeldItem from function: 'DropItem' from node: Set Simulate Physics in graph: DropItem in object: PlayerCharacter with description: Accessed None trying to read property HeldItem
[2018.01.29-19.44.17:108][491]PIE:Error: Error Blueprint Runtime Error: Accessed None from function: 'DropItem' from node: Set Simulate Physics in graph: DropItem in object: PlayerCharacter with description: Accessed None
[2018.01.29-19.44.17:241][507]LogBlueprintUserMessages: [PlayerCharacter_C_0] Bad
[2018.01.29-19.44.17:241][507]PIE:Error: Error Blueprint Runtime Error: Accessed None trying to read property HeldItem from function: 'DropItem' from node: DetachFromActor in graph: DropItem in object: PlayerCharacter with description: Accessed None trying to read property HeldItem
[2018.01.29-19.44.17:241][507]PIE:Error: Error Blueprint Runtime Error: Accessed None trying to read property HeldItem from function: 'DropItem' from node: Set Collision Enabled in graph: DropItem in object: PlayerCharacter with description: Accessed None trying to read property HeldItem
[2018.01.29-19.44.17:241][507]PIE:Error: Error Blueprint Runtime Error: Accessed None from function: 'DropItem' from node: Set Collision Enabled in graph: DropItem in object: PlayerCharacter with description: Accessed None
[2018.01.29-19.44.17:241][507]PIE:Error: Error Blueprint Runtime Error: Accessed None trying to read property HeldItem from function: 'DropItem' from node: Set Simulate Physics in graph: DropItem in object: PlayerCharacter with description: Accessed None trying to read property HeldItem
[2018.01.29-19.44.17:241][507]PIE:Error: Error Blueprint Runtime Error: Accessed None from function: 'DropItem' from node: Set Simulate Physics in graph: DropItem in object: PlayerCharacter with description: Accessed None
[2018.01.29-19.44.17:484][536]LogBlueprintUserMessages: Early EndPlayMap Detection: Level '/Game/Maps/HelloWorld.HelloWorld:PersistentLevel' has LevelScriptBlueprint '/Game/Maps/HelloWorld.HelloWorld:PersistentLevel.HelloWorld' with GeneratedClass '/Game/Maps/HelloWorld.HelloWorld_C' with ClassGeneratedBy '/Game/Maps/HelloWorld.HelloWorld:PersistentLevel.HelloWorld'
[2018.01.29-19.44.17:516][536]LogBlueprintUserMessages: Late EndPlayMap Detection: Level '/Game/Maps/HelloWorld.HelloWorld:PersistentLevel' has LevelScriptBlueprint '/Game/Maps/HelloWorld.HelloWorld:PersistentLevel.HelloWorld' with GeneratedClass '/Game/Maps/HelloWorld.HelloWorld_C' with ClassGeneratedBy '/Game/Maps/HelloWorld.HelloWorld:PersistentLevel.HelloWorld'
[2018.01.29-19.44.18:513][652]LogTemp: Repeting last play command: Selected Viewport
[2018.01.29-19.44.18:527][652]LogBlueprintUserMessages: Early PlayInEditor Detection: Level '/Game/Maps/HelloWorld.HelloWorld:PersistentLevel' has LevelScriptBlueprint '/Game/Maps/HelloWorld.HelloWorld:PersistentLevel.HelloWorld' with GeneratedClass '/Game/Maps/HelloWorld.HelloWorld_C' with ClassGeneratedBy '/Game/Maps/HelloWorld.HelloWorld:PersistentLevel.HelloWorld'
[2018.01.29-19.44.18:527][652]LogPlayLevel: PlayLevel: No blueprints needed recompiling
[2018.01.29-19.44.18:527][652]PIE: New page: PIE session: HelloWorld (29 Jan 2018 19:44:18)
[2018.01.29-19.44.18:527][652]LogPlayLevel: Creating play world package: /Game/Maps/UEDPIE_0_HelloWorld
[2018.01.29-19.44.18:538][652]LogPlayLevel: PIE: StaticDuplicateObject took: (0.010883s)
[2018.01.29-19.44.18:538][652]LogAIModule: Creating AISystem for world HelloWorld
[2018.01.29-19.44.18:538][652]LogPlayLevel: PIE: World Init took: (0.000470s)
[2018.01.29-19.44.18:538][652]LogPlayLevel: PIE: Created PIE world by copying editor world from /Game/Maps/HelloWorld.HelloWorld to /Game/Maps/UEDPIE_0_HelloWorld.HelloWorld (0.011521s)
[2018.01.29-19.44.18:548][652]LogInit: XAudio2 using 'Headset Earphone (2- Corsair VOID RGB Wireless Gaming Headset)' : 6 channels at 48 kHz using 16 bits per sample (channel mask 0x3f)
[2018.01.29-19.44.18:650][652]LogInit: FAudioDevice initialized.
[2018.01.29-19.44.18:684][652]LogLoad: Game class is 'FuseGM_C'
[2018.01.29-19.44.18:687][652]LogWorld: Bringing World /Game/Maps/UEDPIE_0_HelloWorld.HelloWorld up for play (max tick rate 0) at 2018.01.29-19.44.18
[2018.01.29-19.44.18:689][652]LogWorld: Bringing up level for play took: 0.003753
[2018.01.29-19.44.18:690][652]PIE: Info Play in editor start time for /Game/Maps/UEDPIE_0_HelloWorld -0.597
[2018.01.29-19.44.18:691][652]LogBlueprintUserMessages: Late PlayInEditor Detection: Level '/Game/Maps/HelloWorld.HelloWorld:PersistentLevel' has LevelScriptBlueprint '/Game/Maps/HelloWorld.HelloWorld:PersistentLevel.HelloWorld' with GeneratedClass '/Game/Maps/HelloWorld.HelloWorld_C' with ClassGeneratedBy '/Game/Maps/HelloWorld.HelloWorld:PersistentLevel.HelloWorld'
[2018.01.29-19.44.19:653][765]PIE:Error: Error Blueprint Runtime Error: Accessed None trying to read property HeldItem from function: 'DropItem' from node: DetachFromActor in graph: DropItem in object: PlayerCharacter with description: Accessed None trying to read property HeldItem
[2018.01.29-19.44.19:653][765]PIE:Error: Error Blueprint Runtime Error: Accessed None trying to read property HeldItem from function: 'DropItem' from node: Set Collision Enabled in graph: DropItem in object: PlayerCharacter with description: Accessed None trying to read property HeldItem
[2018.01.29-19.44.19:653][765]PIE:Error: Error Blueprint Runtime Error: Accessed None from function: 'DropItem' from node: Set Collision Enabled in graph: DropItem in object: PlayerCharacter with description: Accessed None
[2018.01.29-19.44.19:653][765]PIE:Error: Error Blueprint Runtime Error: Accessed None trying to read property HeldItem from function: 'DropItem' from node: Set Simulate Physics in graph: DropItem in object: PlayerCharacter with description: Accessed None trying to read property HeldItem
[2018.01.29-19.44.19:653][765]PIE:Error: Error Blueprint Runtime Error: Accessed None from function: 'DropItem' from node: Set Simulate Physics in graph: DropItem in object: PlayerCharacter with description: Accessed None
[2018.01.29-19.44.19:653][765]LogBlueprintUserMessages: [PlayerCharacter_C_0] Good
[2018.01.29-19.44.26:968][642]LogBlueprintUserMessages: [PlayerCharacter_C_0] Bad
[2018.01.29-19.44.29:470][942]LogBlueprintUserMessages: Early EndPlayMap Detection: Level '/Game/Maps/HelloWorld.HelloWorld:PersistentLevel' has LevelScriptBlueprint '/Game/Maps/HelloWorld.HelloWorld:PersistentLevel.HelloWorld' with GeneratedClass '/Game/Maps/HelloWorld.HelloWorld_C' with ClassGeneratedBy '/Game/Maps/HelloWorld.HelloWorld:PersistentLevel.HelloWorld'
[2018.01.29-19.44.29:504][942]LogBlueprintUserMessages: Late EndPlayMap Detection: Level '/Game/Maps/HelloWorld.HelloWorld:PersistentLevel' has LevelScriptBlueprint '/Game/Maps/HelloWorld.HelloWorld:PersistentLevel.HelloWorld' with GeneratedClass '/Game/Maps/HelloWorld.HelloWorld_C' with ClassGeneratedBy '/Game/Maps/HelloWorld.HelloWorld:PersistentLevel.HelloWorld'
[2018.01.29-19.44.31:889][221]LogTemp: Repeting last play command: Selected Viewport
[2018.01.29-19.44.31:902][221]LogBlueprintUserMessages: Early PlayInEditor Detection: Level '/Game/Maps/HelloWorld.HelloWorld:PersistentLevel' has LevelScriptBlueprint '/Game/Maps/HelloWorld.HelloWorld:PersistentLevel.HelloWorld' with GeneratedClass '/Game/Maps/HelloWorld.HelloWorld_C' with ClassGeneratedBy '/Game/Maps/HelloWorld.HelloWorld:PersistentLevel.HelloWorld'
[2018.01.29-19.44.31:902][221]LogPlayLevel: PlayLevel: No blueprints needed recompiling
[2018.01.29-19.44.31:902][221]PIE: New page: PIE session: HelloWorld (29 Jan 2018 19:44:31)
[2018.01.29-19.44.31:902][221]LogPlayLevel: Creating play world package: /Game/Maps/UEDPIE_0_HelloWorld
[2018.01.29-19.44.31:914][221]LogPlayLevel: PIE: StaticDuplicateObject took: (0.012085s)
[2018.01.29-19.44.31:914][221]LogAIModule: Creating AISystem for world HelloWorld
[2018.01.29-19.44.31:915][221]LogPlayLevel: PIE: World Init took: (0.000734s)
[2018.01.29-19.44.31:915][221]LogPlayLevel: PIE: Created PIE world by copying editor world from /Game/Maps/HelloWorld.HelloWorld to /Game/Maps/UEDPIE_0_HelloWorld.HelloWorld (0.012967s)
[2018.01.29-19.44.31:925][221]LogInit: XAudio2 using 'Headset Earphone (2- Corsair VOID RGB Wireless Gaming Headset)' : 6 channels at 48 kHz using 16 bits per sample (channel mask 0x3f)
[2018.01.29-19.44.32:026][221]LogInit: FAudioDevice initialized.
[2018.01.29-19.44.32:060][221]LogLoad: Game class is 'FuseGM_C'
[2018.01.29-19.44.32:063][221]LogWorld: Bringing World /Game/Maps/UEDPIE_0_HelloWorld.HelloWorld up for play (max tick rate 0) at 2018.01.29-19.44.32
[2018.01.29-19.44.32:064][221]LogWorld: Bringing up level for play took: 0.003349
[2018.01.29-19.44.32:066][221]PIE: Info Play in editor start time for /Game/Maps/UEDPIE_0_HelloWorld 0.778
[2018.01.29-19.44.32:066][221]LogBlueprintUserMessages: Late PlayInEditor Detection: Level '/Game/Maps/HelloWorld.HelloWorld:PersistentLevel' has LevelScriptBlueprint '/Game/Maps/HelloWorld.HelloWorld:PersistentLevel.HelloWorld' with GeneratedClass '/Game/Maps/HelloWorld.HelloWorld_C' with ClassGeneratedBy '/Game/Maps/HelloWorld.HelloWorld:PersistentLevel.HelloWorld'
[2018.01.29-19.44.32:344][252]LogBlueprintUserMessages: Early EndPlayMap Detection: Level '/Game/Maps/HelloWorld.HelloWorld:PersistentLevel' has LevelScriptBlueprint '/Game/Maps/HelloWorld.HelloWorld:PersistentLevel.HelloWorld' with GeneratedClass '/Game/Maps/HelloWorld.HelloWorld_C' with ClassGeneratedBy '/Game/Maps/HelloWorld.HelloWorld:PersistentLevel.HelloWorld'
[2018.01.29-19.44.32:373][252]LogBlueprintUserMessages: Late EndPlayMap Detection: Level '/Game/Maps/HelloWorld.HelloWorld:PersistentLevel' has LevelScriptBlueprint '/Game/Maps/HelloWorld.HelloWorld:PersistentLevel.HelloWorld' with GeneratedClass '/Game/Maps/HelloWorld.HelloWorld_C' with ClassGeneratedBy '/Game/Maps/HelloWorld.HelloWorld:PersistentLevel.HelloWorld'
[2018.01.29-19.44.34:437][489]LogSlate: Took 0.000160 seconds to synchronously load lazily loaded font '../../../Engine/Content/Slate/Fonts/Roboto-Light.ttf' (159K)
[2018.01.29-19.44.34:710][489]LogSavePackage: Save=255.72ms
[2018.01.29-19.44.34:710][489]LogSavePackage: Moving '../../../../../Users/JoshR/Documents/GitHub/FMP_RPG_Game_Charm/Saved/UEDPCHelloWorld93A4938140FCEBA3991BB28515CBC66A.tmp' to '../../../../../Users/JoshR/Documents/GitHub/FMP_RPG_Game_Charm/Saved/Autosaves/Game/Maps/UEDPCHelloWorld.umap'
[2018.01.29-19.44.34:712][489]LogSavePackage:Display: Finished SavePackage ../../../../../Users/JoshR/Documents/GitHub/FMP_RPG_Game_Charm/Saved/Autosaves/Game/Maps/UEDPCHelloWorld.umap
[2018.01.29-19.44.34:715][489]Cmd: OBJ SAVEPACKAGE PACKAGE="/Game/Maps/HelloWorld_BuiltData" FILE="../../../../../Users/JoshR/Documents/GitHub/FMP_RPG_Game_Charm/Content/Maps/HelloWorld_BuiltData.uasset" SILENT=true
[2018.01.29-19.44.35:060][489]LogSavePackage: Save=340.82ms
[2018.01.29-19.44.35:060][489]LogSavePackage: Moving '../../../../../Users/JoshR/Documents/GitHub/FMP_RPG_Game_Charm/Saved/HelloWorld_BuiltData290AC4124FC91B25684123BA9D303D74.tmp' to '../../../../../Users/JoshR/Documents/GitHub/FMP_RPG_Game_Charm/Content/Maps/HelloWorld_BuiltData.uasset'
[2018.01.29-19.44.35:062][489]LogSavePackage:Display: Finished SavePackage ../../../../../Users/JoshR/Documents/GitHub/FMP_RPG_Game_Charm/Content/Maps/HelloWorld_BuiltData.uasset
[2018.01.29-19.44.35:068][489]LogEditorTransaction: Undo Spawn Play From Here Start
[2018.01.29-19.44.58:140][635]LogWindowsTextInputMethodSystem:Display: IME system now deactivated.
[2018.01.29-19.44.58:288][636]Cmd: QUIT_EDITOR
[2018.01.29-19.44.59:028][636]LogExit: Preparing to exit.
[2018.01.29-19.44.59:576][636]LogDirectoryWatcher: A directory notification for 'D:/Users/JoshR/Documents/GitHub/FMP_RPG_Game_Charm/Content/' was aborted.
[2018.01.29-19.44.59:592][636]LogExit: Editor shut down
[2018.01.29-19.44.59:597][636]LogExit: Transaction tracking system shut down
[2018.01.29-19.44.59:648][636]LogObj: Freed 0b from 0 cluster array pools.
[2018.01.29-19.44.59:648][636]LogExit: Object subsystem successfully closed.
[2018.01.29-19.44.59:669][636]LogD3D11RHI: Shutdown
[2018.01.29-19.44.59:669][636]LogD3D11RHI: CleanupD3DDevice
[2018.01.29-19.44.59:720][636]LogD3D11RHI: ~FD3D11DynamicRHI
[2018.01.29-19.44.59:728][636]LogModuleManager: Shutting down and abandoning module MovieSceneCapture (526)
[2018.01.29-19.44.59:728][636]LogModuleManager: Shutting down and abandoning module HierarchicalLODOutliner (524)
[2018.01.29-19.44.59:728][636]LogModuleManager: Shutting down and abandoning module CrashTracker (522)
[2018.01.29-19.44.59:728][636]LogModuleManager: Shutting down and abandoning module SceneOutliner (520)
[2018.01.29-19.44.59:728][636]LogModuleManager: Shutting down and abandoning module AddContentDialog (518)
[2018.01.29-19.44.59:729][636]LogDirectoryWatcher: A directory notification for 'D:/Program Files/UE_4.16/FeaturePacks/' was aborted.
[2018.01.29-19.44.59:729][636]LogModuleManager: Shutting down and abandoning module WidgetCarousel (517)
[2018.01.29-19.44.59:729][636]LogModuleManager: Shutting down and abandoning module EditorWidgets (514)
[2018.01.29-19.44.59:729][636]LogModuleManager: Shutting down and abandoning module CollectionManager (512)
[2018.01.29-19.44.59:729][636]LogDirectoryWatcher: A directory notification for 'D:/Users/JoshR/Documents/GitHub/FMP_RPG_Game_Charm/Content/Collections/' was aborted.
[2018.01.29-19.44.59:729][636]LogDirectoryWatcher: A directory notification for 'D:/Users/JoshR/Documents/GitHub/FMP_RPG_Game_Charm/Content/Developers/JoshR/Collections/' was aborted.
[2018.01.29-19.44.59:729][636]LogDirectoryWatcher: A directory notification for 'D:/Users/JoshR/Documents/GitHub/FMP_RPG_Game_Charm/Saved/Collections/' was aborted.
[2018.01.29-19.44.59:730][636]LogModuleManager: Shutting down and abandoning module StatsViewer (510)
[2018.01.29-19.44.59:730][636]LogModuleManager: Shutting down and abandoning module FoliageEdit (508)
[2018.01.29-19.44.59:730][636]LogModuleManager: Shutting down and abandoning module LandscapeEditor (506)
[2018.01.29-19.44.59:730][636]LogModuleManager: Shutting down and abandoning module MeshPaintMode (504)
[2018.01.29-19.44.59:730][636]LogModuleManager: Shutting down and abandoning module SceneDepthPickerMode (502)
[2018.01.29-19.44.59:730][636]LogModuleManager: Shutting down and abandoning module ActorPickerMode (500)
[2018.01.29-19.44.59:730][636]LogModuleManager: Shutting down and abandoning module GeometryMode (498)
[2018.01.29-19.44.59:730][636]LogModuleManager: Shutting down and abandoning module TextureAlignMode (496)
[2018.01.29-19.44.59:730][636]LogModuleManager: Shutting down and abandoning module BspMode (494)
[2018.01.29-19.44.59:730][636]LogModuleManager: Shutting down and abandoning module HardwareSurvey (492)
[2018.01.29-19.44.59:730][636]LogModuleManager: Shutting down and abandoning module SequenceRecorderSections (490)
[2018.01.29-19.44.59:730][636]LogModuleManager: Shutting down and abandoning module AutomationWorker (488)
[2018.01.29-19.44.59:730][636]LogModuleManager: Shutting down and abandoning module MatineeToLevelSequence (486)
[2018.01.29-19.44.59:730][636]LogModuleManager: Shutting down and abandoning module LevelSequenceEditor (484)
[2018.01.29-19.44.59:730][636]LogModuleManager: Shutting down and abandoning module PlacementMode (483)
[2018.01.29-19.44.59:730][636]LogModuleManager: Shutting down and abandoning module WmfMediaFactory (480)
[2018.01.29-19.44.59:730][636]LogModuleManager: Shutting down and abandoning module WmfMediaEditor (478)
[2018.01.29-19.44.59:730][636]LogModuleManager: Shutting down and abandoning module AvfMediaFactory (476)
[2018.01.29-19.44.59:730][636]LogModuleManager: Shutting down and abandoning module AvfMediaEditor (474)
[2018.01.29-19.44.59:730][636]LogModuleManager: Shutting down and abandoning module AndroidMediaFactory (472)
[2018.01.29-19.44.59:730][636]LogModuleManager: Shutting down and abandoning module Media (471)
[2018.01.29-19.44.59:730][636]LogModuleManager: Shutting down and abandoning module AndroidMediaEditor (468)
[2018.01.29-19.44.59:730][636]LogModuleManager: Shutting down and abandoning module CharacterAI (466)
[2018.01.29-19.44.59:730][636]LogModuleManager: Shutting down and abandoning module AudioCapture (464)
[2018.01.29-19.44.59:730][636]LogModuleManager: Shutting down and abandoning module SequenceRecorder (463)
[2018.01.29-19.44.59:730][636]LogModuleManager: Shutting down and abandoning module SmartSnapping (460)
[2018.01.29-19.44.59:730][636]LogModuleManager: Shutting down and abandoning module SessionServices (458)
[2018.01.29-19.44.59:730][636]LogModuleManager: Shutting down and abandoning module ViewportSnapping (456)
[2018.01.29-19.44.59:730][636]LogModuleManager: Shutting down and abandoning module ViewportInteraction (454)
[2018.01.29-19.44.59:730][636]LogModuleManager: Shutting down and abandoning module ClothPainter (452)
[2018.01.29-19.44.59:730][636]LogModuleManager: Shutting down and abandoning module LogVisualizer (450)
[2018.01.29-19.44.59:730][636]LogModuleManager: Shutting down and abandoning module IntroTutorials (448)
[2018.01.29-19.44.59:730][636]LogModuleManager: Shutting down and abandoning module GameProjectGeneration (447)
[2018.01.29-19.44.59:730][636]LogModuleManager: Shutting down and abandoning module EditorLiveStreaming (444)
[2018.01.29-19.44.59:730][636]LogModuleManager: Shutting down and abandoning module IOSPlatformEditor (442)
[2018.01.29-19.44.59:730][636]LogModuleManager: Shutting down and abandoning module HTML5PlatformEditor (440)
[2018.01.29-19.44.59:730][636]LogModuleManager: Shutting down and abandoning module AndroidPlatformEditor (438)
[2018.01.29-19.44.59:730][636]LogModuleManager: Shutting down and abandoning module AndroidDeviceDetection (437)
[2018.01.29-19.45.00:702][636]LogModuleManager: Shutting down and abandoning module IOSRuntimeSettings (434)
[2018.01.29-19.45.00:702][636]LogModuleManager: Shutting down and abandoning module AndroidRuntimeSettings (432)
[2018.01.29-19.45.00:702][636]LogModuleManager: Shutting down and abandoning module InputBindingEditor (430)
[2018.01.29-19.45.00:702][636]LogModuleManager: Shutting down and abandoning module MergeActors (428)
[2018.01.29-19.45.00:702][636]LogModuleManager: Shutting down and abandoning module SizeMap (426)
[2018.01.29-19.45.00:702][636]LogModuleManager: Shutting down and abandoning module TreeMap (424)
[2018.01.29-19.45.00:702][636]LogModuleManager: Shutting down and abandoning module ReferenceViewer (422)
[2018.01.29-19.45.00:702][636]LogModuleManager: Shutting down and abandoning module LocalizationDashboard (420)
[2018.01.29-19.45.00:702][636]LogModuleManager: Shutting down and abandoning module LocalizationService (419)
[2018.01.29-19.45.00:702][636]LogModuleManager: Shutting down and abandoning module HardwareTargeting (416)
[2018.01.29-19.45.00:702][636]LogModuleManager: Shutting down and abandoning module DeviceProfileEditor (414)
[2018.01.29-19.45.00:702][636]LogModuleManager: Shutting down and abandoning module UndoHistory (412)
[2018.01.29-19.45.00:702][636]LogModuleManager: Shutting down and abandoning module UserFeedback (410)
[2018.01.29-19.45.00:702][636]LogModuleManager: Shutting down and abandoning module XmlParser (408)
[2018.01.29-19.45.00:702][636]LogModuleManager: Shutting down and abandoning module Blutility (406)
[2018.01.29-19.45.00:702][636]LogModuleManager: Shutting down and abandoning module ProjectSettingsViewer (404)
[2018.01.29-19.45.00:702][636]LogModuleManager: Shutting down and abandoning module ProjectTargetPlatformEditor (403)
[2018.01.29-19.45.00:702][636]LogModuleManager: Shutting down and abandoning module EditorSettingsViewer (400)
[2018.01.29-19.45.00:702][636]LogModuleManager: Shutting down and abandoning module SettingsEditor (398)
[2018.01.29-19.45.00:702][636]LogModuleManager: Shutting down and abandoning module ProjectLauncher (396)
[2018.01.29-19.45.00:702][636]LogModuleManager: Shutting down and abandoning module SessionFrontend (394)
[2018.01.29-19.45.00:702][636]LogModuleManager: Shutting down and abandoning module ProfilerClient (392)
[2018.01.29-19.45.00:702][636]LogModuleManager: Shutting down and abandoning module DeviceManager (390)
[2018.01.29-19.45.00:702][636]LogModuleManager: Shutting down and abandoning module TargetDeviceServices (389)
[2018.01.29-19.45.00:755][636]LogModuleManager: Shutting down and abandoning module AutomationController (386)
[2018.01.29-19.45.00:755][636]LogModuleManager: Shutting down and abandoning module AutomationWindow (384)
[2018.01.29-19.45.00:755][636]LogModuleManager: Shutting down and abandoning module Layers (382)
[2018.01.29-19.45.00:755][636]LogModuleManager: Shutting down and abandoning module ComponentVisualizers (380)
[2018.01.29-19.45.00:755][636]LogModuleManager: Shutting down and abandoning module DetailCustomizations (378)
[2018.01.29-19.45.00:755][636]LogModuleManager: Shutting down and abandoning module PackagesDialog (376)
[2018.01.29-19.45.00:755][636]LogModuleManager: Shutting down and abandoning module Persona (374)
[2018.01.29-19.45.00:755][636]LogModuleManager: Shutting down and abandoning module AdvancedPreviewScene (373)
[2018.01.29-19.45.00:755][636]LogModuleManager: Shutting down and abandoning module AnimGraph (371)
[2018.01.29-19.45.00:755][636]LogModuleManager: Shutting down and abandoning module Kismet (368)
[2018.01.29-19.45.00:755][636]LogModuleManager: Shutting down and abandoning module ClassViewer (366)
[2018.01.29-19.45.00:755][636]LogModuleManager: Shutting down and abandoning module Toolbox (364)
[2018.01.29-19.45.00:755][636]LogModuleManager: Shutting down and abandoning module ModuleUI (362)
[2018.01.29-19.45.00:755][636]LogModuleManager: Shutting down and abandoning module MovieSceneTools (360)
[2018.01.29-19.45.00:755][636]LogModuleManager: Shutting down and abandoning module OutputLog (358)
[2018.01.29-19.45.00:755][636]LogModuleManager: Shutting down and abandoning module GammaUI (356)
[2018.01.29-19.45.00:755][636]LogModuleManager: Shutting down and abandoning module Documentation (354)
[2018.01.29-19.45.00:755][636]LogModuleManager: Shutting down and abandoning module MovieSceneTracks (352)
[2018.01.29-19.45.00:755][636]LogModuleManager: Shutting down and abandoning module MovieScene (350)
[2018.01.29-19.45.00:755][636]LogModuleManager: Shutting down and abandoning module Niagara (348)
[2018.01.29-19.45.00:755][636]LogModuleManager: Shutting down and abandoning module NiagaraEditor (347)
[2018.01.29-19.45.00:755][636]LogModuleManager: Shutting down and abandoning module StreamingPauseRendering (344)
[2018.01.29-19.45.00:755][636]LogModuleManager: Shutting down and abandoning module AnalyticsET (342)
[2018.01.29-19.45.00:755][636]LogModuleManager: Shutting down and abandoning module PortalServices (340)
[2018.01.29-19.45.00:755][636]LogModuleManager: Shutting down and abandoning module PortalRpc (338)
[2018.01.29-19.45.00:755][636]LogModuleManager: Shutting down and abandoning module MessagingRpc (336)
[2018.01.29-19.45.00:755][636]LogModuleManager: Shutting down and abandoning module AIModule (334)
[2018.01.29-19.45.00:755][636]LogModuleManager: Shutting down and abandoning module GameplayDebugger (333)
[2018.01.29-19.45.00:755][636]LogModuleManager: Shutting down and abandoning module AITestSuite (331)
[2018.01.29-19.45.00:755][636]LogModuleManager: Shutting down and abandoning module ProfilerService (328)
[2018.01.29-19.45.00:812][636]LogModuleManager: Shutting down and abandoning module TaskGraph (326)
[2018.01.29-19.45.00:812][636]LogModuleManager: Shutting down and abandoning module SteamVRController (324)
[2018.01.29-19.45.00:812][636]LogModuleManager: Shutting down and abandoning module SteamVR (322)
[2018.01.29-19.45.00:812][636]LogModuleManager: Shutting down and abandoning module ProceduralMeshComponentEditor (320)
[2018.01.29-19.45.00:812][636]LogModuleManager: Shutting down and abandoning module ProceduralMeshComponent (318)
[2018.01.29-19.45.00:812][636]LogModuleManager: Shutting down and abandoning module OculusLibrary (316)
[2018.01.29-19.45.00:812][636]LogModuleManager: Shutting down and abandoning module OculusInput (314)
[2018.01.29-19.45.00:812][636]LogModuleManager: Shutting down and abandoning module MobilePatchingUtils (312)
[2018.01.29-19.45.00:812][636]LogModuleManager: Shutting down and abandoning module CustomMeshComponent (310)
[2018.01.29-19.45.00:812][636]LogModuleManager: Shutting down and abandoning module CableComponent (308)
[2018.01.29-19.45.00:812][636]LogModuleManager: Shutting down and abandoning module ArchVisCharacter (306)
[2018.01.29-19.45.00:812][636]LogModuleManager: Shutting down and abandoning module AndroidPermission (304)
[2018.01.29-19.45.00:812][636]LogModuleManager: Shutting down and abandoning module MediaPlayerEditor (300)
[2018.01.29-19.45.00:812][636]LogModuleManager: Shutting down and abandoning module HTML5Networking (298)
[2018.01.29-19.45.00:812][636]LogModuleManager: Shutting down and abandoning module AlembicImporter (296)
[2018.01.29-19.45.00:812][636]LogModuleManager: Shutting down and abandoning module AlembicLibrary (295)
[2018.01.29-19.45.00:812][636]LogModuleManager: Shutting down and abandoning module GeometryCache (294)
[2018.01.29-19.45.00:812][636]LogModuleManager: Shutting down and abandoning module GeometryCacheEd (293)
[2018.01.29-19.45.00:812][636]LogModuleManager: Shutting down and abandoning module SuperSearchEditor (288)
[2018.01.29-19.45.00:812][636]LogModuleManager: Shutting down and abandoning module SuperSearch (287)
[2018.01.29-19.45.00:812][636]LogModuleManager: Shutting down and abandoning module SpeedTreeImporter (284)
[2018.01.29-19.45.00:812][636]LogModuleManager: Shutting down and abandoning module PluginBrowser (282)
[2018.01.29-19.45.00:812][636]LogModuleManager: Shutting down and abandoning module MobileLauncherProfileWizard (280)
[2018.01.29-19.45.00:812][636]LogModuleManager: Shutting down and abandoning module VisualStudioSourceCodeAccess (278)
[2018.01.29-19.45.00:812][636]LogModuleManager: Shutting down and abandoning module DesktopPlatform (277)
[2018.01.29-19.45.00:812][636]LogModuleManager: Shutting down and abandoning module UObjectPlugin (274)
[2018.01.29-19.45.00:812][636]LogModuleManager: Shutting down and abandoning module SubversionSourceControl (272)
[2018.01.29-19.45.00:812][636]LogModuleManager: Shutting down and abandoning module PerforceSourceControl (270)
[2018.01.29-19.45.00:812][636]LogModuleManager: Shutting down and abandoning module GitSourceControl (268)
[2018.01.29-19.45.00:812][636]LogModuleManager: Shutting down and abandoning module SourceControl (267)
[2018.01.29-19.45.00:812][636]LogModuleManager: Shutting down and abandoning module LightPropagationVolumeEditor (264)
[2018.01.29-19.45.00:812][636]LogModuleManager: Shutting down and abandoning module PaperTiledImporter (262)
[2018.01.29-19.45.00:812][636]LogModuleManager: Shutting down and abandoning module PaperSpriteSheetImporter (260)
[2018.01.29-19.45.00:812][636]LogModuleManager: Shutting down and abandoning module Paper2DEditor (258)
[2018.01.29-19.45.00:812][636]LogModuleManager: Shutting down and abandoning module MeshPaint (257)
[2018.01.29-19.45.00:812][636]LogModuleManager: Shutting down and abandoning module LevelEditor (255)
[2018.01.29-19.45.00:813][636]LogModuleManager: Shutting down and abandoning module PixelInspectorModule (254)
[2018.01.29-19.45.00:813][636]LogModuleManager: Shutting down and abandoning module MainFrame (252)
[2018.01.29-19.45.00:813][636]LogModuleManager: Shutting down and abandoning module HotReload (251)
[2018.01.29-19.45.00:814][636]LogModuleManager: Shutting down and abandoning module PhysXVehiclesEditor (246)
[2018.01.29-19.45.00:814][636]LogModuleManager: Shutting down and abandoning module PhysXVehicles (244)
[2018.01.29-19.45.00:814][636]LogModuleManager: Shutting down and abandoning module LocationServicesBPLibrary (242)
[2018.01.29-19.45.00:814][636]LogModuleManager: Shutting down and abandoning module ImmediatePhysicsEditor (240)
[2018.01.29-19.45.00:814][636]LogModuleManager: Shutting down and abandoning module ImmediatePhysics (238)
[2018.01.29-19.45.00:814][636]LogModuleManager: Shutting down and abandoning module UdpMessaging (236)
[2018.01.29-19.45.00:914][636]LogModuleManager: Shutting down and abandoning module TcpMessaging (234)
[2018.01.29-19.45.01:014][636]LogModuleManager: Shutting down and abandoning module GameplayTagsEditor (232)
[2018.01.29-19.45.01:014][636]LogModuleManager: Shutting down and abandoning module FacialAnimationEditor (230)
[2018.01.29-19.45.01:014][636]LogModuleManager: Shutting down and abandoning module FacialAnimation (228)
[2018.01.29-19.45.01:014][636]LogModuleManager: Shutting down and abandoning module AssetManagerEditor (226)
[2018.01.29-19.45.01:014][636]LogModuleManager: Shutting down and abandoning module GraphEditor (225)
[2018.01.29-19.45.01:014][636]LogModuleManager: Shutting down and abandoning module ContentBrowser (223)
[2018.01.29-19.45.01:015][636]LogModuleManager: Shutting down and abandoning module LightPropagationVolumeRuntime (220)
[2018.01.29-19.45.01:015][636]LogModuleManager: Shutting down and abandoning module Paper2D (218)
[2018.01.29-19.45.01:015][636]LogModuleManager: Shutting down and abandoning module WindowsMoviePlayer (216)
[2018.01.29-19.45.01:015][636]LogModuleManager: Shutting down and abandoning module WmfMedia (214)
[2018.01.29-19.45.01:016][636]LogModuleManager: Shutting down and abandoning module ClothingSystemEditor (212)
[2018.01.29-19.45.01:016][636]LogModuleManager: Shutting down and abandoning module ClothingSystemRuntime (210)
[2018.01.29-19.45.01:016][636]LogModuleManager: Shutting down and abandoning module MediaAssets (208)
[2018.01.29-19.45.01:016][636]LogModuleManager: Shutting down and abandoning module GameLiveStreaming (206)
[2018.01.29-19.45.01:016][636]LogModuleManager: Shutting down and abandoning module VREditor (204)
[2018.01.29-19.45.01:016][636]LogModuleManager: Shutting down and abandoning module StringTableEditor (202)
[2018.01.29-19.45.01:016][636]LogModuleManager: Shutting down and abandoning module GameplayTasksEditor (200)
[2018.01.29-19.45.01:016][636]LogModuleManager: Shutting down and abandoning module BehaviorTreeEditor (198)
[2018.01.29-19.45.01:016][636]LogModuleManager: Shutting down and abandoning module FunctionalTesting (196)
[2018.01.29-19.45.01:016][636]LogModuleManager: Shutting down and abandoning module CollisionAnalyzer (194)
[2018.01.29-19.45.01:016][636]LogModuleManager: Shutting down and abandoning module UMG (192)
[2018.01.29-19.45.01:016][636]LogModuleManager: Shutting down and abandoning module UMGEditor (191)
[2018.01.29-19.45.01:016][636]LogModuleManager: Shutting down and abandoning module Sequencer (190)
[2018.01.29-19.45.01:016][636]LogModuleManager: Shutting down and abandoning module AssetTools (188)
[2018.01.29-19.45.01:016][636]LogModuleManager: Shutting down and abandoning module MessageLog (187)
[2018.01.29-19.45.01:016][636]LogModuleManager: Shutting down and abandoning module WorkspaceMenuStructure (186)
[2018.01.29-19.45.01:016][636]LogModuleManager: Shutting down and abandoning module SlateReflector (180)
[2018.01.29-19.45.01:016][636]LogModuleManager: Shutting down and abandoning module Slate (178)
[2018.01.29-19.45.01:016][636]LogModuleManager: Shutting down and abandoning module EditorStyle (176)
[2018.01.29-19.45.01:018][636]LogModuleManager: Shutting down and abandoning module SourceCodeAccess (174)
[2018.01.29-19.45.01:018][636]LogModuleManager: Shutting down and abandoning module HeadMountedDisplay (172)
[2018.01.29-19.45.01:018][636]LogModuleManager: Shutting down and abandoning module XAudio2 (170)
[2018.01.29-19.45.01:018][636]LogModuleManager: Shutting down and abandoning module Networking (168)
[2018.01.29-19.45.01:018][636]LogModuleManager: Shutting down and abandoning module Core (164)
[2018.01.29-19.45.01:018][636]LogModuleManager: Shutting down and abandoning module AssetRegistry (162)
[2018.01.29-19.45.01:211][636]LogDirectoryWatcher: A directory notification for '../../../Engine/Content/' was aborted.
[2018.01.29-19.45.01:211][636]LogDirectoryWatcher: A directory notification for '../../../../../Users/JoshR/Documents/GitHub/FMP_RPG_Game_Charm/Content/' was aborted.
[2018.01.29-19.45.01:211][636]LogDirectoryWatcher: A directory notification for '../../../Engine/Plugins/2D/Paper2D/Content/' was aborted.
[2018.01.29-19.45.01:211][636]LogDirectoryWatcher: A directory notification for '../../../Engine/Plugins/Runtime/GearVR/Content/' was aborted.
[2018.01.29-19.45.01:214][636]LogModuleManager: Shutting down and abandoning module DirectoryWatcher (161)
[2018.01.29-19.45.01:214][636]LogModuleManager: Shutting down and abandoning module KismetCompiler (158)
[2018.01.29-19.45.01:214][636]LogModuleManager: Shutting down and abandoning module LevelSequence (156)
[2018.01.29-19.45.01:214][636]LogModuleManager: Shutting down and abandoning module PhysXFormats (154)
[2018.01.29-19.45.01:214][636]LogModuleManager: Shutting down and abandoning module MeshUtilities (152)
[2018.01.29-19.45.01:214][636]LogModuleManager: Shutting down and abandoning module SimplygonSwarm (151)
[2018.01.29-19.45.01:214][636]LogModuleManager: Shutting down and abandoning module SimplygonMeshReduction (149)
[2018.01.29-19.45.01:214][636]LogModuleManager: Shutting down and abandoning module QuadricMeshReduction (147)
[2018.01.29-19.45.01:214][636]LogModuleManager: Shutting down and abandoning module DerivedDataCache (144)
[2018.01.29-19.45.01:637][636]LogDerivedDataCache: Shutdown
[2018.01.29-19.45.01:637][636]LogModuleManager: Shutting down and abandoning module TargetPlatform (142)
[2018.01.29-19.45.01:637][636]LogModuleManager: Shutting down and abandoning module VulkanShaderFormat (141)
[2018.01.29-19.45.01:637][636]LogModuleManager: Shutting down and abandoning module ShaderFormatVectorVM (139)
[2018.01.29-19.45.01:637][636]LogModuleManager: Shutting down and abandoning module ShaderFormatOpenGL (137)
[2018.01.29-19.45.01:637][636]LogModuleManager: Shutting down and abandoning module ShaderFormatD3D (135)
[2018.01.29-19.45.01:637][636]LogModuleManager: Shutting down and abandoning module MetalShaderFormat (133)
[2018.01.29-19.45.01:637][636]LogModuleManager: Shutting down and abandoning module TextureFormatUncompressed (131)
[2018.01.29-19.45.01:637][636]LogModuleManager: Shutting down and abandoning module TextureFormatPVR (129)
[2018.01.29-19.45.01:637][636]LogModuleManager: Shutting down and abandoning module TextureFormatDXT (127)
[2018.01.29-19.45.01:637][636]LogModuleManager: Shutting down and abandoning module TextureFormatIntelISPCTexComp (125)
[2018.01.29-19.45.01:637][636]LogModuleManager: Shutting down and abandoning module TextureFormatASTC (123)
[2018.01.29-19.45.01:637][636]LogModuleManager: Shutting down and abandoning module ImageWrapper (122)
[2018.01.29-19.45.01:637][636]LogModuleManager: Shutting down and abandoning module TextureFormatAndroid (119)
[2018.01.29-19.45.01:637][636]LogModuleManager: Shutting down and abandoning module AudioFormatOpus (117)
[2018.01.29-19.45.01:637][636]LogModuleManager: Shutting down and abandoning module AudioFormatOgg (115)
[2018.01.29-19.45.01:637][636]LogModuleManager: Shutting down and abandoning module AudioFormatADPCM (113)
[2018.01.29-19.45.01:637][636]LogModuleManager: Shutting down and abandoning module LinuxTargetPlatform (111)
[2018.01.29-19.45.01:637][636]LogModuleManager: Shutting down and abandoning module LinuxServerTargetPlatform (109)
[2018.01.29-19.45.01:637][636]LogModuleManager: Shutting down and abandoning module LinuxNoEditorTargetPlatform (107)
[2018.01.29-19.45.01:637][636]LogModuleManager: Shutting down and abandoning module LinuxClientTargetPlatform (105)
[2018.01.29-19.45.01:637][636]LogModuleManager: Shutting down and abandoning module TVOSTargetPlatform (103)
[2018.01.29-19.45.01:637][636]LogModuleManager: Shutting down and abandoning module Messaging (101)
[2018.01.29-19.45.01:637][636]LogModuleManager: Shutting down and abandoning module IOSTargetPlatform (99)
[2018.01.29-19.45.01:637][636]LogModuleManager: Shutting down and abandoning module HTML5TargetPlatform (97)
[2018.01.29-19.45.01:637][636]LogModuleManager: Shutting down and abandoning module Android_PVRTCTargetPlatform (95)
[2018.01.29-19.45.01:637][636]LogModuleManager: Shutting down and abandoning module Android_MultiTargetPlatform (93)
[2018.01.29-19.45.01:637][636]LogModuleManager: Shutting down and abandoning module Android_ETC2TargetPlatform (91)
[2018.01.29-19.45.01:637][636]LogModuleManager: Shutting down and abandoning module Android_ETC1TargetPlatform (89)
[2018.01.29-19.45.01:637][636]LogModuleManager: Shutting down and abandoning module Android_DXTTargetPlatform (87)
[2018.01.29-19.45.01:637][636]LogModuleManager: Shutting down and abandoning module Android_ATCTargetPlatform (85)
[2018.01.29-19.45.01:637][636]LogModuleManager: Shutting down and abandoning module Android_ASTCTargetPlatform (83)
[2018.01.29-19.45.01:637][636]LogModuleManager: Shutting down and abandoning module AndroidTargetPlatform (81)
[2018.01.29-19.45.01:637][636]LogModuleManager: Shutting down and abandoning module WindowsTargetPlatform (79)
[2018.01.29-19.45.01:637][636]LogModuleManager: Shutting down and abandoning module WindowsServerTargetPlatform (77)
[2018.01.29-19.45.01:637][636]LogModuleManager: Shutting down and abandoning module WindowsNoEditorTargetPlatform (75)
[2018.01.29-19.45.01:637][636]LogModuleManager: Shutting down and abandoning module WindowsClientTargetPlatform (73)
[2018.01.29-19.45.01:637][636]LogModuleManager: Shutting down and abandoning module MacTargetPlatform (71)
[2018.01.29-19.45.01:637][636]LogModuleManager: Shutting down and abandoning module MacServerTargetPlatform (69)
[2018.01.29-19.45.01:637][636]LogModuleManager: Shutting down and abandoning module MacNoEditorTargetPlatform (67)
[2018.01.29-19.45.01:637][636]LogModuleManager: Shutting down and abandoning module MacClientTargetPlatform (65)
[2018.01.29-19.45.01:637][636]LogModuleManager: Shutting down and abandoning module AllDesktopTargetPlatform (63)
[2018.01.29-19.45.01:637][636]LogModuleManager: Shutting down and abandoning module InputCore (60)
[2018.01.29-19.45.01:637][636]LogModuleManager: Shutting down and abandoning module Settings (58)
[2018.01.29-19.45.01:637][636]LogModuleManager: Shutting down and abandoning module OculusRift (56)
[2018.01.29-19.45.01:637][636]LogModuleManager: Shutting down and abandoning module GearVRController (54)
[2018.01.29-19.45.01:637][636]LogModuleManager: Shutting down and abandoning module GearVR (52)
[2018.01.29-19.45.01:637][636]LogModuleManager: Shutting down and abandoning module ExampleDeviceProfileSelector (50)
[2018.01.29-19.45.01:637][636]LogModuleManager: Shutting down and abandoning module OnlineBlueprintSupport (48)
[2018.01.29-19.45.01:637][636]LogModuleManager: Shutting down and abandoning module OnlineSubsystem (44)
[2018.01.29-19.45.01:637][636]LogOnline:Display: Unloading online subsystem: NULL
[2018.01.29-19.45.01:637][636]LogModuleManager: Shutting down and abandoning module XMPP (43)
[2018.01.29-19.45.01:637][636]LogModuleManager: Shutting down and abandoning module HTTP (41)
[2018.01.29-19.45.01:637][636]LogHttp:Display: Http module shutting down, but needs to wait on 1 outstanding Http requests:
[2018.01.29-19.45.01:637][636]LogHttp:Display: 	verb=[POST] url=[https://datarouter.ol.epicgames.com/datarouter/api/v1/public/data?SessionID=%7B4893603F-499F-99D0-E424-E4A8CCA56B02%7D&AppID=UEEditor.Rocket.Release&AppVersion=4.16.3-3561208%2B%2B%2BUE4%2BRelease-4.16&UserID=f0737b824c736c28631198aee30172af%7C8019e3778a0b4ba78522874ce4acdb0a%7C8a4654aa-9b80-41bd-a943-1725ad37d445&AppEnvironment=datacollector-binary&UploadType=eteventstream] status=Processing
[2018.01.29-19.45.01:651][636]LogModuleManager: Shutting down and abandoning module SSL (40)
[2018.01.29-19.45.01:652][636]LogModuleManager: Shutting down and abandoning module HTTPChunkInstaller (36)
[2018.01.29-19.45.01:652][636]LogModuleManager: Shutting down and abandoning module AnimationModifiers (34)
[2018.01.29-19.45.01:652][636]LogModuleManager: Shutting down and abandoning module PropertyEditor (33)
[2018.01.29-19.45.01:652][636]LogModuleManager: Shutting down and abandoning module AudioEditor (30)
[2018.01.29-19.45.01:652][636]LogModuleManager: Shutting down and abandoning module TextureCompressor (28)
[2018.01.29-19.45.01:652][636]LogModuleManager: Shutting down and abandoning module ShaderCore (26)
[2018.01.29-19.45.01:652][636]LogModuleManager: Shutting down and abandoning module Landscape (24)
[2018.01.29-19.45.01:652][636]LogModuleManager: Shutting down and abandoning module SlateRHIRenderer (22)
[2018.01.29-19.45.01:653][636]LogModuleManager: Shutting down and abandoning module OpenGLDrv (20)
[2018.01.29-19.45.01:653][636]LogModuleManager: Shutting down and abandoning module D3D11RHI (18)
[2018.01.29-19.45.01:653][636]LogModuleManager: Shutting down and abandoning module AnimGraphRuntime (16)
[2018.01.29-19.45.01:653][636]LogModuleManager: Shutting down and abandoning module Renderer (14)
[2018.01.29-19.45.01:653][636]LogModuleManager: Shutting down and abandoning module Engine (12)
[2018.01.29-19.45.01:653][636]LogModuleManager: Shutting down and abandoning module CoreUObject (10)
[2018.01.29-19.45.01:653][636]LogModuleManager: Shutting down and abandoning module NetworkFile (8)
[2018.01.29-19.45.01:653][636]LogModuleManager: Shutting down and abandoning module StreamingFile (6)
[2018.01.29-19.45.01:653][636]LogModuleManager: Shutting down and abandoning module SandboxFile (4)
[2018.01.29-19.45.01:653][636]LogModuleManager: Shutting down and abandoning module PakFile (2)
[2018.01.29-19.45.01:654][636]LogExit: Exiting.
[2018.01.29-19.45.01:664][636]Log file closed, 01/29/18 19:45:01
