Log file open, 01/10/18 15:02:09
LogInit:Display: Running engine for game: RPG_Game
LogPlatformFile: Not using cached read wrapper
LogInit:Display: RandInit(1889647733) SRandInit(1889647733).
LogTaskGraph: Started task graph with 5 named threads and 8 total threads with 1 sets of task threads.
LogStats: Stats thread started at 0.400623
LogInit: Using libcurl 7.47.1
LogInit:  - built for x86_64-pc-win32
LogInit:  - supports SSL with OpenSSL/1.0.2g
LogInit:  - supports HTTP deflate (compression) using libz 1.2.8
LogInit:  - other features:
LogInit:      CURL_VERSION_SSL
LogInit:      CURL_VERSION_LIBZ
LogInit:      CURL_VERSION_IPV6
LogInit:      CURL_VERSION_ASYNCHDNS
LogInit:      CURL_VERSION_LARGEFILE
LogInit:      CURL_VERSION_IDN
LogInit:  CurlRequestOptions (configurable via config and command line):
LogInit:  - bVerifyPeer = false  - Libcurl will NOT verify peer certificate
LogInit:  - bUseHttpProxy = false  - Libcurl will NOT use HTTP proxy
LogInit:  - bDontReuseConnections = false  - Libcurl will reuse connections
LogInit:  - CertBundlePath = nullptr  - Libcurl will use whatever was configured at build time.
LogInit: Build: ++UE4+Release-4.16-CL-3561208
LogInit: Engine Version: 4.16.3-3561208+++UE4+Release-4.16
LogInit: Compatible Engine Version: 4.16.0-3452394+++UE4+Release-4.16
LogInit: Net CL: 3452394
LogDevObjectVersion: Number of dev versions registered: 16
LogDevObjectVersion:   Dev-Blueprints (B0D832E4-1F89-4F0D-ACCF-7EB736FD4AA2): 9
LogDevObjectVersion:   Dev-Build (E1C64328-A22C-4D53-A36C-8E866417BD8C): 0
LogDevObjectVersion:   Dev-Core (375EC13C-06E4-48FB-B500-84F0262A717E): 2
LogDevObjectVersion:   Dev-Editor (E4B068ED-F494-42E9-A231-DA0B2E46BB41): 17
LogDevObjectVersion:   Dev-Framework (CFFC743F-43B0-4480-9391-14DF171D2073): 23
LogDevObjectVersion:   Dev-Mobile (B02B49B5-BB20-44E9-A304-32B752E40360): 0
LogDevObjectVersion:   Dev-Networking (A4E4105C-59A1-49B5-A7C5-40C4547EDFEE): 0
LogDevObjectVersion:   Dev-Online (39C831C9-5AE6-47DC-9A44-9C173E1C8E7C): 0
LogDevObjectVersion:   Dev-Physics (78F01B33-EBEA-4F98-B9B4-84EACCB95AA2): 0
LogDevObjectVersion:   Dev-Platform (6631380F-2D4D-43E0-8009-CF276956A95A): 0
LogDevObjectVersion:   Dev-Rendering (12F88B9F-8875-4AFC-A67C-D90C383ABD29): 15
LogDevObjectVersion:   Dev-Sequencer (7B5AE74C-D270-4C10-A958-57980B212A5A): 4
LogDevObjectVersion:   Dev-VR (D7296918-1DD6-4BDD-9DE2-64A83CC13884): 0
LogDevObjectVersion:   Dev-LoadTimes (C2A15278-BFE7-4AFE-6C17-90FF531DF755): 1
LogDevObjectVersion:   Private-Geometry (6EACA3D4-40EC-4CC1-B786-8BED09428FC5): 1
LogDevObjectVersion:   Dev-AnimPhys (29E575DD-E0A3-4627-9D10-D276232CDCEA): 3
LogInit: Compiled (64-bit): Jul 28 2017 11:49:47
LogInit: Compiled with Visual C++: 19.00.24215.01
LogInit: Build Configuration: Development
LogInit: Branch Name: ++UE4+Release-4.16
LogInit: Command line:  
LogInit: Base directory: C:/Program Files/Epic Games/UE_4.16/Engine/Binaries/Win64/
LogInit: Installed Engine Build: 1
LogInit: Presizing for max 8388607 objects, including 0 objects not considered by GC, pre-allocating 0 bytes for permanent pool.
LogInit: Object subsystem initialized
[2018.01.10-15.02.10:297][  0]LogInit: Selected Device Profile: [Windows]
[2018.01.10-15.02.10:297][  0]LogInit: Applying CVar settings loaded from the selected device profile: [Windows]
[2018.01.10-15.02.10:596][  0]LogInit: Computer: C217-08
[2018.01.10-15.02.10:596][  0]LogInit: User: jordanboast
[2018.01.10-15.02.10:596][  0]LogInit: CPU Page size=4096, Cores=4
[2018.01.10-15.02.10:596][  0]LogInit: High frequency timer resolution =3.328126 MHz
[2018.01.10-15.02.10:621][  0]LogMemory: Memory total: Physical=15.9GB (16GB approx)
[2018.01.10-15.02.10:621][  0]LogMemory: Platform Memory Stats for Windows
[2018.01.10-15.02.10:621][  0]LogMemory: Process Physical Memory: 273.66 MB used, 273.66 MB peak
[2018.01.10-15.02.10:621][  0]LogMemory: Process Virtual Memory: 261.22 MB used, 261.22 MB peak
[2018.01.10-15.02.10:621][  0]LogMemory: Physical Memory: 3916.48 MB used,  12388.07 MB free, 16304.54 MB total
[2018.01.10-15.02.10:621][  0]LogMemory: Virtual Memory: 640.13 MB used,  12388.07 MB free, 134217728.00 MB total
[2018.01.10-15.02.11:585][  0]LogInit: Using OS detected language (en-US).
[2018.01.10-15.02.11:585][  0]LogInit: Using OS detected locale (en-GB).
[2018.01.10-15.02.11:865][  0]LogTextLocalizationManager: No specific localization for 'en-US' exists, so the 'en' localization will be used.
[2018.01.10-15.02.16:712][  0]LogD3D11RHI: D3D11 adapters:
[2018.01.10-15.02.16:758][  0]LogD3D11RHI:    0. 'NVIDIA Quadro K2200' (Feature Level 11_0)
[2018.01.10-15.02.16:758][  0]LogD3D11RHI:       4062/0/8152 MB DedicatedVideo/DedicatedSystem/SharedSystem, Outputs:1, VendorId:0x10de
[2018.01.10-15.02.16:759][  0]LogD3D11RHI:    1. 'Microsoft Basic Render Driver' (Feature Level 11_0)
[2018.01.10-15.02.16:759][  0]LogD3D11RHI:       0/0/8152 MB DedicatedVideo/DedicatedSystem/SharedSystem, Outputs:0, VendorId:0x1414
[2018.01.10-15.02.16:759][  0]LogD3D11RHI: Chosen D3D11 Adapter: 0
[2018.01.10-15.02.16:782][  0]LogD3D11RHI: Creating new Direct3DDevice
[2018.01.10-15.02.16:782][  0]LogD3D11RHI:     GPU DeviceId: 0x13ba (for the marketing name, search the web for "GPU Device Id")
[2018.01.10-15.02.16:782][  0]LogWindows: EnumDisplayDevices:
[2018.01.10-15.02.16:782][  0]LogWindows:    0. 'NVIDIA Quadro K2200' (P:1 D:1)
[2018.01.10-15.02.16:782][  0]LogWindows:    1. 'NVIDIA Quadro K2200' (P:0 D:0)
[2018.01.10-15.02.16:783][  0]LogWindows:    2. 'NVIDIA Quadro K2200' (P:0 D:0)
[2018.01.10-15.02.16:783][  0]LogWindows:    3. 'NVIDIA Quadro K2200' (P:0 D:0)
[2018.01.10-15.02.16:783][  0]LogWindows: DebugString: FoundDriverCount:4 
[2018.01.10-15.02.16:783][  0]LogD3D11RHI:     Adapter Name: NVIDIA Quadro K2200
[2018.01.10-15.02.16:783][  0]LogD3D11RHI:   Driver Version: 377.11 (internal:21.21.13.7711, unified:377.11)
[2018.01.10-15.02.16:783][  0]LogD3D11RHI:      Driver Date: 3-17-2017
[2018.01.10-15.02.16:783][  0]LogRHI: Texture pool is 1361 MB (70% of 1945 MB)
[2018.01.10-15.02.16:867][  0]LogD3D11RHI: Async texture creation enabled
[2018.01.10-15.02.17:181][  0]LogD3D11RHI: GPU Timing Frequency: 1000.000000 (Debug: 2 1)
[2018.01.10-15.02.17:360][  0]LogShaderCompilers: Guid format shader working directory is 21 characters bigger than the processId version (E:/Year 2/FMP/RPG_Game/RPG_Game/Intermediate/Shaders/WorkingDirectory/26760/).
[2018.01.10-15.02.17:360][  0]LogShaderCompilers: Cleaned the shader compiler working directory 'C:/Users/jordan.boast/AppData/Local/Temp/UnrealShaderWorkingDir/6E55ABC04D1B88D4BB72CF9442A566EE/'.
[2018.01.10-15.02.17:360][  0]LogShaderCompilers:Display: Using Local Shader Compiler.
[2018.01.10-15.02.24:185][  0]LogTemp:Display: Loaded TP AllDesktopTargetPlatform
[2018.01.10-15.02.24:240][  0]LogTemp:Display: Loaded TP MacClientTargetPlatform
[2018.01.10-15.02.24:287][  0]LogTemp:Display: Loaded TP MacNoEditorTargetPlatform
[2018.01.10-15.02.24:374][  0]LogTemp:Display: Loaded TP MacServerTargetPlatform
[2018.01.10-15.02.24:465][  0]LogTemp:Display: Loaded TP MacTargetPlatform
[2018.01.10-15.02.24:517][  0]LogTemp:Display: Loaded TP WindowsClientTargetPlatform
[2018.01.10-15.02.24:566][  0]LogTemp:Display: Loaded TP WindowsNoEditorTargetPlatform
[2018.01.10-15.02.24:605][  0]LogTemp:Display: Loaded TP WindowsServerTargetPlatform
[2018.01.10-15.02.24:637][  0]LogTemp:Display: Loaded TP WindowsTargetPlatform
[2018.01.10-15.02.24:677][  0]LogTemp:Display: Loaded TP AndroidTargetPlatform
[2018.01.10-15.02.24:715][  0]LogTemp:Display: Loaded TP Android_ASTCTargetPlatform
[2018.01.10-15.02.24:753][  0]LogTemp:Display: Loaded TP Android_ATCTargetPlatform
[2018.01.10-15.02.24:789][  0]LogTemp:Display: Loaded TP Android_DXTTargetPlatform
[2018.01.10-15.02.24:827][  0]LogTemp:Display: Loaded TP Android_ETC1TargetPlatform
[2018.01.10-15.02.24:864][  0]LogTemp:Display: Loaded TP Android_ETC2TargetPlatform
[2018.01.10-15.02.24:938][  0]LogTemp:Display: Loaded TP Android_MultiTargetPlatform
[2018.01.10-15.02.24:938][  0]LogTemp:Display: Loaded TP Android_PVRTCTargetPlatform
[2018.01.10-15.02.24:967][  0]LogTemp:Display: Loaded TP HTML5TargetPlatform
[2018.01.10-15.02.25:070][  0]LogTemp:Display: Loaded TP IOSTargetPlatform
[2018.01.10-15.02.25:092][  0]LogTemp:Display: Loaded TP TVOSTargetPlatform
[2018.01.10-15.02.25:129][  0]LogTemp:Display: Loaded TP LinuxClientTargetPlatform
[2018.01.10-15.02.25:165][  0]LogTemp:Display: Loaded TP LinuxNoEditorTargetPlatform
[2018.01.10-15.02.25:202][  0]LogTemp:Display: Loaded TP LinuxServerTargetPlatform
[2018.01.10-15.02.25:246][  0]LogTemp:Display: Loaded TP LinuxTargetPlatform
[2018.01.10-15.02.25:246][  0]LogTargetPlatformManager:Display: Building Assets For Windows
[2018.01.10-15.02.26:412][  0]LogDerivedDataCache:Display: Max Cache Size: 512 MB
[2018.01.10-15.02.26:412][  0]LogDerivedDataCache:Display: Starting with empty Boot cache
[2018.01.10-15.02.26:412][  0]LogDerivedDataCache: FDerivedDataBackendGraph:  Pak pak cache file E:/Year 2/FMP/RPG_Game/RPG_Game/DerivedDataCache/DDC.ddp not found, will not use a pak cache.
[2018.01.10-15.02.26:412][  0]LogDerivedDataCache: Unable to find inner node Pak for hierarchical cache Hierarchy.
[2018.01.10-15.02.26:412][  0]LogDerivedDataCache: FDerivedDataBackendGraph:  CompressedPak pak cache file E:/Year 2/FMP/RPG_Game/RPG_Game/DerivedDataCache/Compressed.ddp not found, will not use a pak cache.
[2018.01.10-15.02.26:412][  0]LogDerivedDataCache: Unable to find inner node CompressedPak for hierarchical cache Hierarchy.
[2018.01.10-15.02.26:462][  0]LogDerivedDataCache:Display: Pak cache opened for reading ../../../Engine/DerivedDataCache/Compressed.ddp.
[2018.01.10-15.02.26:485][  0]LogDerivedDataCache: Using Local data cache path C:/Users/jordan.boast/AppData/Local/UnrealEngine/Common/DerivedDataCache: Writable
[2018.01.10-15.02.26:612][  0]LogMaterial: Verifying Global Shaders for PCD3D_SM5
[2018.01.10-15.02.26:649][  0]LogSlate: Using Freetype 2.6.0
[2018.01.10-15.02.26:702][  0]LogSlate: SlateFontCache - WITH_FREETYPE: 1, WITH_HARFBUZZ: 1
[2018.01.10-15.02.26:702][  0]LogSlate: SlateFontCache - WITH_FREETYPE: 1, WITH_HARFBUZZ: 1
[2018.01.10-15.02.33:513][  0]LogInit: Selected Device Profile: [Windows]
[2018.01.10-15.02.34:612][  0]LogContentStreaming: Texture pool size is 0.00 MB
[2018.01.10-15.02.35:378][  0]LogMeshUtilities: Using QuadricMeshReduction for automatic static mesh reduction
[2018.01.10-15.02.35:470][  0]LogSimplygon: Simplygon DLL not present - disabling.
[2018.01.10-15.02.35:547][  0]LogMeshUtilities: Using SimplygonSwarm for distributed automatic mesh merging
[2018.01.10-15.02.35:547][  0]LogMeshUtilities: No automatic skeletal mesh reduction module available
[2018.01.10-15.02.35:547][  0]LogMeshUtilities: No automatic mesh merging module available
[2018.01.10-15.02.41:170][  0]LogNetVersion: RPG_Game , NetCL: 3452394, EngineNetVer: 2, GameNetVer: 0 (Checksum: 2586067795)
[2018.01.10-15.02.41:483][  0]LogAssetRegistry: FAssetRegistry took 0.0368 seconds to start up
[2018.01.10-15.02.41:614][  0]LogAssetRegistry:Error: Failed to open file for write E:/Year 2/FMP/RPG_Game/RPG_Game/Intermediate/AssetRegistryCache/5a627529.bin
[2018.01.10-15.02.41:668][  0]LogAssetRegistry:Error: Failed to open file for write E:/Year 2/FMP/RPG_Game/RPG_Game/Intermediate/AssetRegistryCache/2657c409.bin
[2018.01.10-15.02.41:677][  0]LogFileManager:Warning: MoveFile was unable to move 'E:/Year 2/FMP/RPG_Game/RPG_Game/Intermediate/AssetRegistryCache/1d5167fa.bin.tmp' to 'E:/Year 2/FMP/RPG_Game/RPG_Game/Intermediate/AssetRegistryCache/1d5167fa.bin', retrying in .5s...
[2018.01.10-15.02.42:178][  0]LogFileManager:Warning: MoveFile was unable to move 'E:/Year 2/FMP/RPG_Game/RPG_Game/Intermediate/AssetRegistryCache/1d5167fa.bin.tmp' to 'E:/Year 2/FMP/RPG_Game/RPG_Game/Intermediate/AssetRegistryCache/1d5167fa.bin', retrying in .5s...
[2018.01.10-15.02.42:679][  0]LogFileManager:Warning: MoveFile was unable to move 'E:/Year 2/FMP/RPG_Game/RPG_Game/Intermediate/AssetRegistryCache/1d5167fa.bin.tmp' to 'E:/Year 2/FMP/RPG_Game/RPG_Game/Intermediate/AssetRegistryCache/1d5167fa.bin', retrying in .5s...
[2018.01.10-15.02.43:179][  0]LogFileManager:Warning: MoveFile was unable to move 'E:/Year 2/FMP/RPG_Game/RPG_Game/Intermediate/AssetRegistryCache/1d5167fa.bin.tmp' to 'E:/Year 2/FMP/RPG_Game/RPG_Game/Intermediate/AssetRegistryCache/1d5167fa.bin', retrying in .5s...
[2018.01.10-15.02.43:680][  0]LogFileManager:Warning: MoveFile was unable to move 'E:/Year 2/FMP/RPG_Game/RPG_Game/Intermediate/AssetRegistryCache/1d5167fa.bin.tmp' to 'E:/Year 2/FMP/RPG_Game/RPG_Game/Intermediate/AssetRegistryCache/1d5167fa.bin', retrying in .5s...
[2018.01.10-15.02.44:180][  0]LogFileManager:Warning: MoveFile was unable to move 'E:/Year 2/FMP/RPG_Game/RPG_Game/Intermediate/AssetRegistryCache/1d5167fa.bin.tmp' to 'E:/Year 2/FMP/RPG_Game/RPG_Game/Intermediate/AssetRegistryCache/1d5167fa.bin', retrying in .5s...
[2018.01.10-15.02.44:680][  0]LogFileManager:Warning: MoveFile was unable to move 'E:/Year 2/FMP/RPG_Game/RPG_Game/Intermediate/AssetRegistryCache/1d5167fa.bin.tmp' to 'E:/Year 2/FMP/RPG_Game/RPG_Game/Intermediate/AssetRegistryCache/1d5167fa.bin', retrying in .5s...
[2018.01.10-15.02.45:181][  0]LogFileManager:Warning: MoveFile was unable to move 'E:/Year 2/FMP/RPG_Game/RPG_Game/Intermediate/AssetRegistryCache/1d5167fa.bin.tmp' to 'E:/Year 2/FMP/RPG_Game/RPG_Game/Intermediate/AssetRegistryCache/1d5167fa.bin', retrying in .5s...
[2018.01.10-15.02.45:682][  0]LogFileManager:Warning: MoveFile was unable to move 'E:/Year 2/FMP/RPG_Game/RPG_Game/Intermediate/AssetRegistryCache/1d5167fa.bin.tmp' to 'E:/Year 2/FMP/RPG_Game/RPG_Game/Intermediate/AssetRegistryCache/1d5167fa.bin', retrying in .5s...
[2018.01.10-15.02.46:182][  0]LogFileManager:Warning: MoveFile was unable to move 'E:/Year 2/FMP/RPG_Game/RPG_Game/Intermediate/AssetRegistryCache/1d5167fa.bin.tmp' to 'E:/Year 2/FMP/RPG_Game/RPG_Game/Intermediate/AssetRegistryCache/1d5167fa.bin', retrying in .5s...
[2018.01.10-15.02.46:683][  0]LogFileManager:Error: Error moving file 'E:/Year 2/FMP/RPG_Game/RPG_Game/Intermediate/AssetRegistryCache/1d5167fa.bin.tmp' to 'E:/Year 2/FMP/RPG_Game/RPG_Game/Intermediate/AssetRegistryCache/1d5167fa.bin'.
[2018.01.10-15.02.46:751][  0]LogPackageLocalizationCache: Processed 4 localized package path(s) for 2 prioritized culture(s) in 5.190520 seconds
[2018.01.10-15.02.46:755][  0]LogUObjectArray: 34194 objects as part of root set at end of initial load.
[2018.01.10-15.02.46:756][  0]LogUObjectAllocator: 7260416 out of 0 bytes used by permanent object pool.
[2018.01.10-15.02.46:756][  0]LogUObjectArray: CloseDisregardForGC: 0/0 objects in disregard for GC pool
[2018.01.10-15.02.46:806][  0]LogInit: WinSock: version 1.1 (2.2), MaxSocks=32767, MaxUdp=65467
[2018.01.10-15.02.52:333][  0]LogTcpMessaging: Initializing TcpMessaging bridge
[2018.01.10-15.02.52:381][  0]LogUdpMessaging: Initializing bridge on interface 0.0.0.0:0 to multicast group 230.0.0.1:6666.
[2018.01.10-15.02.53:964][  0]LogMaterial: Uniform references updated for custom material expression Custom.
[2018.01.10-15.02.55:096][  0]SourceControl: Info Source control is disabled
[2018.01.10-15.02.56:673][  0]LogAndroidPermission: UAndroidPermissionCallbackProxy::GetInstance
[2018.01.10-15.02.57:899][  0]LogEngine: Initializing Engine...
[2018.01.10-15.02.57:934][  0]LogHMD: Failed to initialize OpenVR with code 110
[2018.01.10-15.02.59:188][  0]LogStats: UGameplayTagsManager::ConstructGameplayTagTree: Construct from data asset -  0.000 s
[2018.01.10-15.02.59:188][  0]LogStats: UGameplayTagsManager::ConstructGameplayTagTree: GameplayTagTreeChangedEvent.Broadcast -  0.000 s
[2018.01.10-15.02.59:705][  0]LogAIModule: Creating AISystem for world Untitled
[2018.01.10-15.02.59:777][  0]LogInit: XAudio2 using 'Speakers (Realtek High Definition Audio)' : 2 channels at 48 kHz using 32 bits per sample (channel mask 0x3)
[2018.01.10-15.02.59:819][  0]LogInit: FAudioDevice initialized.
[2018.01.10-15.02.59:831][  0]LogDerivedDataCache:Error: Could not save memory cache C:/Users/jordan.boast/AppData/Local/UnrealEngine/4.16/DerivedDataCache/Boot.ddc.
[2018.01.10-15.02.59:841][  0]LogInit: Texture streaming: Enabled
[2018.01.10-15.02.59:984][  0]LogEngineSessionManager: EngineSessionManager initialized
[2018.01.10-15.03.00:591][  0]LogInit: Transaction tracking system initialized
[2018.01.10-15.03.01:114][  0]BlueprintLog: New page: Editor Load
[2018.01.10-15.03.03:374][  0]LocalizationService: Info Localization service is disabled
[2018.01.10-15.03.04:669][  0]LogConsoleResponse:Display: 
[2018.01.10-15.03.07:350][  0]LogCook:Display: Max memory allowance for cook 16384mb min free memory 0mb
[2018.01.10-15.03.07:351][  0]LogCook:Display: Mobile HDR setting 1
[2018.01.10-15.03.08:481][  0]LogFileCache: Scanning file cache for directory 'E:/Year 2/FMP/RPG_Game/RPG_Game/Content/' took 0.04s
[2018.01.10-15.03.08:508][  0]LogLinker:Warning: The file '../../../Engine/Content/BasicShapes/Sphere.uasset' contains unrecognizable data, check that it is of the expected type.
[2018.01.10-15.03.08:509][  0]LogLinker:Warning: The file '../../../Engine/Content/BasicShapes/Sphere.uasset' contains unrecognizable data, check that it is of the expected type.
[2018.01.10-15.03.08:515][  0]LogUObjectGlobals:Warning: Failed to find object 'StaticMesh /Engine/BasicShapes/Sphere.Sphere'
[2018.01.10-15.03.10:051][  0]Cmd: MAP LOAD FILE="E:/Year 2/FMP/RPG_Game/RPG_Game/Content/Maps/Tutorial.umap" TEMPLATE=0 SHOWPROGRESS=1 FEATURELEVEL=3
[2018.01.10-15.03.10:056][  0]LightingResults: New page: Lighting Build
[2018.01.10-15.03.10:233][  0]MapCheck: New page: Map Check
[2018.01.10-15.03.10:233][  0]LightingResults: New page: Lighting Build
[2018.01.10-15.03.13:889][  0]LogStaticMesh: Building static mesh GrassFix...
[2018.01.10-15.03.13:987][  0]LogStaticMesh: Built static mesh [0.11s] /Game/Assets/Grass/GrassFix.GrassFix
[2018.01.10-15.03.14:025][  0]LogTexture:Display: Building textures: Texture2D_13 (BGRA8, 8X8)
[2018.01.10-15.03.14:025][  0]LogTexture:Display: Building textures: Texture2D_9 (BGRA8, 8X8)
[2018.01.10-15.03.14:025][  0]LogTexture:Display: Building textures: Texture2D_7 (BGRA8, 8X8)
[2018.01.10-15.03.14:026][  0]LogTexture:Display: Building textures: Texture2D_10 (BGRA8, 8X8)
[2018.01.10-15.03.14:026][  0]LogTexture:Display: Building textures: Texture2D_0 (BGRA8, 8X8)
[2018.01.10-15.03.14:026][  0]LogTexture:Display: Building textures: Texture2D_12 (BGRA8, 8X8)
[2018.01.10-15.03.14:026][  0]LogTexture:Display: Building textures: Texture2D_8 (BGRA8, 8X8)
[2018.01.10-15.03.14:026][  0]LogTexture:Display: Building textures: Texture2D_11 (BGRA8, 8X8)
[2018.01.10-15.03.14:026][  0]LogTexture:Display: Building textures: Texture2D_1 (BGRA8, 8X8)
[2018.01.10-15.03.14:026][  0]LogTexture:Display: Building textures: Texture2D_2 (BGRA8, 8X8)
[2018.01.10-15.03.14:027][  0]LogTexture:Display: Building textures: Texture2D_3 (BGRA8, 8X8)
[2018.01.10-15.03.14:027][  0]LogTexture:Display: Building textures: Texture2D_17 (BGRA8, 8X8)
[2018.01.10-15.03.14:027][  0]LogTexture:Display: Building textures: Texture2D_4 (BGRA8, 8X8)
[2018.01.10-15.03.14:027][  0]LogTexture:Display: Building textures: Texture2D_14 (BGRA8, 8X8)
[2018.01.10-15.03.14:027][  0]LogTexture:Display: Building textures: Texture2D_15 (BGRA8, 8X8)
[2018.01.10-15.03.14:027][  0]LogTexture:Display: Building textures: Texture2D_5 (BGRA8, 8X8)
[2018.01.10-15.03.14:027][  0]LogTexture:Display: Building textures: Texture2D_16 (BGRA8, 8X8)
[2018.01.10-15.03.14:028][  0]LogTexture:Display: Building textures: Texture2D_6 (BGRA8, 8X8)
[2018.01.10-15.03.14:030][  0]LogTexture:Display: Building textures: Dirt (AutoDXT, 512X512)
[2018.01.10-15.03.14:071][  0]LogTexture:Display: Building textures: GrassGreen (AutoDXT, 512X512)
[2018.01.10-15.03.14:101][  0]LogMaterial: Missing cached shader map for material Landscape, compiling. 
[2018.01.10-15.03.14:218][  0]LogMaterial: Missing cached shader map for material Landscape, compiling. 
[2018.01.10-15.03.14:265][  0]LogMaterial: Missing cached shader map for material Landscape, compiling. 
[2018.01.10-15.03.14:310][  0]LogTexture:Display: Building textures: Texture2D_36 (BGRA8, 64X64)
[2018.01.10-15.03.14:311][  0]LogStaticMesh: Building static mesh SM_SwipeCircle_01...
[2018.01.10-15.03.14:311][  0]LogMeshUtilities: Invalid vertex normals found for mesh. Forcing recomputation of vertex normals for MikkTSpace. Fix mesh or disable "Use MikkTSpace Tangent Space" to avoid forced recomputation of normals.
[2018.01.10-15.03.14:313][  0]LogStaticMesh: Built static mesh [0.00s] /Game/InfinityBladeEffects/Effects/FX_Meshes/Skills/SM_SwipeCircle_01.SM_SwipeCircle_01
[2018.01.10-15.03.14:367][  0]LogMaterial: Missing cached shader map for material M_Add_Sprite_2Sided_Master, compiling. 
[2018.01.10-15.03.14:413][  0]LogTexture:Display: Building textures: T_SwipeTrail (AutoDXT, 512X512)
[2018.01.10-15.03.14:463][  0]LogMaterial: Missing cached shader map for material M_Trans_MeshEmit_2Sided_Pan_Mask_Master, compiling. 
[2018.01.10-15.03.14:524][  0]LogTexture:Display: Building textures: T_Tile_Noise_Tendril_01 (AutoDXT, 1024X1024)
[2018.01.10-15.03.15:203][  0]LogMaterial: Missing cached shader map for material M_Add_Sprite_SubUV_Master, compiling. 
[2018.01.10-15.03.15:262][  0]LogTexture:Display: Building textures: T_SmokeBall_01_8_8 (AutoDXT, 1024X1024)
[2018.01.10-15.03.15:751][  0]LogMaterial: Missing cached shader map for material M_Add_Sprite_Master_DepthFade, compiling. 
[2018.01.10-15.03.15:776][  0]LogTexture:Display: Building textures: T_SoftFallOff (AutoDXT, 256X256)
[2018.01.10-15.03.15:790][  0]LogTexture:Display: Building textures: T_Sparks_04_SubUV_1_4 (AutoDXT, 512X512)
[2018.01.10-15.03.15:830][  0]LogMaterial: Missing cached shader map for material M_Add_Sprite_Master, compiling. 
[2018.01.10-15.03.15:861][  0]LogTexture:Display: Building textures: T_BlastHalf (AutoDXT, 256X256)
[2018.01.10-15.03.15:885][  0]LogStaticMesh: Building static mesh BigRock1NotBroke...
[2018.01.10-15.03.15:893][  0]LogStaticMesh: Built static mesh [0.01s] /Game/Assets/Rocks/BigRock1NotBroke.BigRock1NotBroke
[2018.01.10-15.03.15:893][  0]LogStaticMesh: Building static mesh OakTree1_2...
[2018.01.10-15.03.15:915][  0]LogStaticMesh: Built static mesh [0.02s] /Game/Assets/Trees/OakTree1_2.OakTree1_2
[2018.01.10-15.03.15:917][  0]LogStaticMesh: Building static mesh pileofbricks...
[2018.01.10-15.03.15:929][  0]LogStaticMesh: Built static mesh [0.01s] /Game/Assets/Debris/pileofbricks.pileofbricks
[2018.01.10-15.03.15:929][  0]LogStaticMesh: Building static mesh rock1...
[2018.01.10-15.03.15:933][  0]LogStaticMesh: Built static mesh [0.00s] /Game/Assets/Rocks/rock1.rock1
[2018.01.10-15.03.15:934][  0]LogStaticMesh: Building static mesh Spruce3...
[2018.01.10-15.03.15:948][  0]LogStaticMesh: Built static mesh [0.01s] /Game/Assets/Trees/Spruce3.Spruce3
[2018.01.10-15.03.15:949][  0]LogStaticMesh: Building static mesh T_SkyBox...
[2018.01.10-15.03.15:954][  0]LogStaticMesh: Built static mesh [0.00s] /Game/Maps/Skybox/T_SkyBox.T_SkyBox
[2018.01.10-15.03.15:955][  0]LogStaticMesh: Building static mesh Wall...
[2018.01.10-15.03.15:960][  0]LogStaticMesh: Built static mesh [0.01s] /Game/Assets/Walls/Wall.Wall
[2018.01.10-15.03.15:961][  0]LogStaticMesh: Building static mesh WellHut...
[2018.01.10-15.03.15:979][  0]LogStaticMesh: Built static mesh [0.02s] /Game/Assets/Well/Hut/WellHut.WellHut
[2018.01.10-15.03.16:139][  0]LogMaterial: Missing cached shader map for material M_DarkLeaves, compiling. 
[2018.01.10-15.03.16:186][  0]LogMaterial: Missing cached shader map for material M_Blue, compiling. 
[2018.01.10-15.03.16:231][  0]LogMaterial: Missing cached shader map for material stone, compiling. 
[2018.01.10-15.03.16:255][  0]LogMaterial: Missing cached shader map for material White, compiling. 
[2018.01.10-15.03.16:331][  0]LogTexture:Display: Building textures: HQ_Lightmap0_1 (AutoDXT, 512X512)
[2018.01.10-15.03.16:461][  0]LogTexture:Display: Building textures: HQ_Lightmap0_2 (AutoDXT, 128X128)
[2018.01.10-15.03.16:462][  0]LogTexture:Display: Building textures: HQ_Lightmap0_3 (AutoDXT, 128X128)
[2018.01.10-15.03.16:464][  0]LogTexture:Display: Building textures: HQ_Lightmap1_4 (AutoDXT, 128X128)
[2018.01.10-15.03.16:483][  0]LogTexture:Display: Building textures: LQ_Lightmap_0_1 (DXT1, 512X512)
[2018.01.10-15.03.16:585][  0]LogTexture:Display: Building textures: LQ_Lightmap_0_2 (DXT1, 128X128)
[2018.01.10-15.03.16:596][  0]LogTexture:Display: Building textures: LQ_Lightmap_0_3 (DXT1, 128X128)
[2018.01.10-15.03.16:608][  0]LogTexture:Display: Building textures: LQ_Lightmap_1_4 (DXT1, 128X128)
[2018.01.10-15.03.16:618][  0]LogTexture:Display: Building textures: SkyOcclusion0_1 (AutoDXT, 512X256)
[2018.01.10-15.03.16:670][  0]LogTexture:Display: Building textures: SkyOcclusion0_2 (AutoDXT, 128X64)
[2018.01.10-15.03.16:682][  0]LogTexture:Display: Building textures: SkyOcclusion0_3 (AutoDXT, 128X64)
[2018.01.10-15.03.16:691][  0]LogTexture:Display: Building textures: SkyOcclusion0_4 (AutoDXT, 128X64)
[2018.01.10-15.03.16:696][  0]LogTexture:Display: Building textures: ShadowMapTexture2D_10 (BGRA8, 1024X64)
[2018.01.10-15.03.16:746][  0]LogTexture:Display: Building textures: ThumbnailTexture (DXT1, 512X512)
[2018.01.10-15.03.16:805][  0]LogAudioDerivedData:Display: Building compressed audio format OGG wave Keytronic_-_Homesick__Keymix_...
[2018.01.10-15.03.24:513][  0]LogTexture:Display: Building textures: T_Skybox1 (AutoDXT, 2048X2048)
[2018.01.10-15.03.25:528][  0]LogMaterial: Missing cached shader map for material lambert2, compiling. 
[2018.01.10-15.03.25:555][  0]LogMaterial: Missing cached shader map for material wood, compiling. 
[2018.01.10-15.03.25:582][  0]LogMaterial: Missing cached shader map for material stone, compiling. 
[2018.01.10-15.03.25:608][  0]LogMaterial: Missing cached shader map for material roof, compiling. 
[2018.01.10-15.03.25:635][  0]LogMaterial: Missing cached shader map for material stone, compiling. 
[2018.01.10-15.03.25:662][  0]LogMaterial: Missing cached shader map for material SpruceTreeTrunk, compiling. 
[2018.01.10-15.03.25:690][  0]LogMaterial: Missing cached shader map for material SpruceTreeLeaf, compiling. 
[2018.01.10-15.03.25:722][  0]LogDerivedDataCache: FFileSystemDerivedDataBackend: Move collision, attempt at redundant update, OK C:/Users/jordan.boast/AppData/Local/UnrealEngine/Common/DerivedDataCache/1/3/2/TEXTURE_814DCC3DC72143F49509781513CB9855_AUTODXT_873B55324CA4B59EFD26BB868995C__70A99DDECAC8122205534B7308040677AAEFF93C.udd.
[2018.01.10-15.03.25:722][  0]LogMaterial: Missing cached shader map for material OakTreeTrunk, compiling. 
[2018.01.10-15.03.25:751][  0]LogDerivedDataCache: FFileSystemDerivedDataBackend: Move collision, attempt at redundant update, OK C:/Users/jordan.boast/AppData/Local/UnrealEngine/Common/DerivedDataCache/1/9/2/TEXTURE_814DCC3DC72143F49509781513CB9855_AUTODXT_873B55324CA4B59EFD26BB868995C__DDD92070ADF1A427D2841DE6D71AF604B520B81D.udd.
[2018.01.10-15.03.25:751][  0]LogDerivedDataCache: FFileSystemDerivedDataBackend: Move collision, attempt at redundant update, OK C:/Users/jordan.boast/AppData/Local/UnrealEngine/Common/DerivedDataCache/8/3/2/TEXTURE_814DCC3DC72143F49509781513CB9855_AUTODXT_873B55324CA4B59EFD26BB868995C__1DA9944E37F10BFAF348B458B60941DB785922A5.udd.
[2018.01.10-15.03.25:751][  0]LogMaterial: Missing cached shader map for material OakTreeLeaf, compiling. 
[2018.01.10-15.03.25:777][  0]LogMaterial: Missing cached shader map for material Rock, compiling. 
[2018.01.10-15.03.25:804][  0]LogMaterial: Missing cached shader map for material M_Yellow, compiling. 
[2018.01.10-15.03.25:853][  0]LogMaterial: Missing cached shader map for material M_Rose, compiling. 
[2018.01.10-15.03.25:901][  0]LogMaterial: Missing cached shader map for material M_Leaves, compiling. 
[2018.01.10-15.03.26:175][  0]LogAIModule: Creating AISystem for world Tutorial
[2018.01.10-15.03.26:499][  0]LogEditorServer: Finished looking for orphan Actors (0.000 secs)
[2018.01.10-15.03.26:621][  0]Cmd: MAP CHECKDEP NOCLEARLOG
[2018.01.10-15.03.26:686][  0]MapCheck: Info Map check complete: 0 Error(s), 0 Warning(s), took 60.046ms to complete.
[2018.01.10-15.03.26:686][  0]LogFileHelpers: Loading map 'Tutorial' took 16.645
[2018.01.10-15.03.27:772][  0]LogCollectionManager: Loaded 0 collections in 0.026884 seconds
[2018.01.10-15.03.27:944][  0]LogFileCache: Scanning file cache for directory 'E:/Year 2/FMP/RPG_Game/RPG_Game/Saved/Collections/' took 0.01s
[2018.01.10-15.03.27:944][  0]LogFileCache: Scanning file cache for directory 'E:/Year 2/FMP/RPG_Game/RPG_Game/Content/Developers/jordanboast/Collections/' took 0.01s
[2018.01.10-15.03.27:944][  0]LogFileCache: Scanning file cache for directory 'E:/Year 2/FMP/RPG_Game/RPG_Game/Content/Collections/' took 0.01s
[2018.01.10-15.03.27:945][  0]LogCollectionManager: Rebuilt the GUID cache for 0 collections in 0.000002 seconds
[2018.01.10-15.03.27:969][  0]LogContentBrowser: Native class hierarchy populated in 0.0130 seconds. Added 2329 classes and 491 folders.
[2018.01.10-15.03.28:144][  0]LogContentBrowser: Native class hierarchy updated for 'WidgetCarousel' in 0.0007 seconds. Added 0 classes and 0 folders.
[2018.01.10-15.03.29:767][  0]LogContentBrowser: Native class hierarchy updated for 'AddContentDialog' in 0.0007 seconds. Added 0 classes and 0 folders.
[2018.01.10-15.03.29:908][  0]LogContentBrowser: Native class hierarchy updated for 'SceneOutliner' in 0.0007 seconds. Added 1 classes and 2 folders.
[2018.01.10-15.03.30:150][  0]LogLinker:Warning: The file '../../../Engine/Content/BasicShapes/Sphere.uasset' contains unrecognizable data, check that it is of the expected type.
[2018.01.10-15.03.30:150][  0]LogLinker:Warning: The file '../../../Engine/Content/BasicShapes/Sphere.uasset' contains unrecognizable data, check that it is of the expected type.
[2018.01.10-15.03.30:279][  0]LogCrashTracker: Crashtracker disabled due to settings.
[2018.01.10-15.03.30:710][  0]LogContentBrowser: Native class hierarchy updated for 'HierarchicalLODOutliner' in 0.0007 seconds. Added 1 classes and 2 folders.
[2018.01.10-15.03.30:710][  0]LogLoad: (Engine Initialization) Total time: 84.87 seconds
[2018.01.10-15.03.30:710][  0]LogLoad: (Engine Initialization) Total Blueprint compile time: 0.64 seconds
[2018.01.10-15.03.30:710][  0]LogExternalProfiler: No external profilers were discovered.  External profiling features will not be available.
[2018.01.10-15.03.31:050][  0]LogOcInput: OculusInput pre-init called
[2018.01.10-15.03.31:050][  0]LogHMD: Starting GearVRController plugin
[2018.01.10-15.03.31:082][  0]LogContentStreaming: Texture pool size now 1000 MB
[2018.01.10-15.03.31:093][  0]LogSlate: Took 0.000133 seconds to synchronously load lazily loaded font '../../../Engine/Content/Slate/Fonts/Roboto-Regular.ttf' (155K)
[2018.01.10-15.03.31:095][  0]LogSlate: Took 0.000112 seconds to synchronously load lazily loaded font '../../../Engine/Content/Slate/Fonts/Roboto-Bold.ttf' (160K)
[2018.01.10-15.03.31:100][  0]LogSlate: Took 0.000148 seconds to synchronously load lazily loaded font '../../../Engine/Content/Editor/Slate/Fonts/FontAwesome.ttf' (139K)
[2018.01.10-15.03.31:598][  0]LogSlate: Took 0.017891 seconds to synchronously load lazily loaded font '../../../Engine/Content/Slate/Fonts/Roboto-Light.ttf' (159K)
[2018.01.10-15.03.36:392][  1]LogRenderer: Reallocating scene render targets to support 944x504 NumSamples 1 (Frame:1).
[2018.01.10-15.03.47:178][  2]LogAssetRegistry: Asset discovery search completed in 65.7185 seconds
[2018.01.10-15.03.47:184][  2]LogCollectionManager: Rebuilt the object cache for 0 collections in 0.000001 seconds (found 0 objects)
[2018.01.10-15.03.47:184][  2]LogCollectionManager: Fixed up redirectors for 0 collections in 0.000047 seconds (updated 0 objects)
[2018.01.10-15.04.24:978][100]LogSlate: Took 0.000161 seconds to synchronously load lazily loaded font '../../../Engine/Content/Slate/Fonts/Roboto-Light.ttf' (159K)
[2018.01.10-15.10.53:703][268]Cmd: QUIT_EDITOR
[2018.01.10-15.10.53:726][268]LogExit: Preparing to exit.
[2018.01.10-15.10.54:666][268]LogExit: Editor shut down
[2018.01.10-15.10.54:672][268]LogExit: Transaction tracking system shut down
[2018.01.10-15.10.54:726][268]LogObj: Freed 0b from 0 cluster array pools.
[2018.01.10-15.10.54:727][268]LogExit: Object subsystem successfully closed.
[2018.01.10-15.10.54:742][268]LogD3D11RHI: Shutdown
[2018.01.10-15.10.54:742][268]LogD3D11RHI: CleanupD3DDevice
[2018.01.10-15.10.54:792][268]LogD3D11RHI: ~FD3D11DynamicRHI
[2018.01.10-15.10.54:802][268]LogModuleManager: Shutting down and abandoning module HierarchicalLODOutliner (524)
[2018.01.10-15.10.54:802][268]LogModuleManager: Shutting down and abandoning module CrashTracker (522)
[2018.01.10-15.10.54:802][268]LogModuleManager: Shutting down and abandoning module SceneOutliner (520)
[2018.01.10-15.10.54:802][268]LogModuleManager: Shutting down and abandoning module AddContentDialog (518)
[2018.01.10-15.10.54:802][268]LogDirectoryWatcher: A directory notification for 'C:/Program Files/Epic Games/UE_4.16/FeaturePacks/' was aborted.
[2018.01.10-15.10.54:803][268]LogModuleManager: Shutting down and abandoning module WidgetCarousel (517)
[2018.01.10-15.10.54:803][268]LogModuleManager: Shutting down and abandoning module EditorWidgets (514)
[2018.01.10-15.10.54:803][268]LogModuleManager: Shutting down and abandoning module CollectionManager (512)
[2018.01.10-15.10.54:803][268]LogDirectoryWatcher: A directory notification for 'E:/Year 2/FMP/RPG_Game/RPG_Game/Content/Collections/' was aborted.
[2018.01.10-15.10.54:803][268]LogDirectoryWatcher: A directory notification for 'E:/Year 2/FMP/RPG_Game/RPG_Game/Content/Developers/jordanboast/Collections/' was aborted.
[2018.01.10-15.10.54:803][268]LogDirectoryWatcher: A directory notification for 'E:/Year 2/FMP/RPG_Game/RPG_Game/Saved/Collections/' was aborted.
[2018.01.10-15.10.54:803][268]LogModuleManager: Shutting down and abandoning module StatsViewer (510)
[2018.01.10-15.10.54:803][268]LogModuleManager: Shutting down and abandoning module FoliageEdit (508)
[2018.01.10-15.10.54:803][268]LogModuleManager: Shutting down and abandoning module LandscapeEditor (506)
[2018.01.10-15.10.54:803][268]LogModuleManager: Shutting down and abandoning module MeshPaintMode (504)
[2018.01.10-15.10.54:803][268]LogModuleManager: Shutting down and abandoning module SceneDepthPickerMode (502)
[2018.01.10-15.10.54:803][268]LogModuleManager: Shutting down and abandoning module ActorPickerMode (500)
[2018.01.10-15.10.54:803][268]LogModuleManager: Shutting down and abandoning module GeometryMode (498)
[2018.01.10-15.10.54:803][268]LogModuleManager: Shutting down and abandoning module TextureAlignMode (496)
[2018.01.10-15.10.54:803][268]LogModuleManager: Shutting down and abandoning module BspMode (494)
[2018.01.10-15.10.54:803][268]LogModuleManager: Shutting down and abandoning module HardwareSurvey (492)
[2018.01.10-15.10.54:803][268]LogModuleManager: Shutting down and abandoning module SequenceRecorderSections (490)
[2018.01.10-15.10.54:803][268]LogModuleManager: Shutting down and abandoning module AutomationWorker (488)
[2018.01.10-15.10.54:803][268]LogModuleManager: Shutting down and abandoning module MatineeToLevelSequence (486)
[2018.01.10-15.10.54:803][268]LogModuleManager: Shutting down and abandoning module LevelSequenceEditor (484)
[2018.01.10-15.10.54:803][268]LogModuleManager: Shutting down and abandoning module PlacementMode (483)
[2018.01.10-15.10.54:803][268]LogModuleManager: Shutting down and abandoning module WmfMediaFactory (480)
[2018.01.10-15.10.54:803][268]LogModuleManager: Shutting down and abandoning module WmfMediaEditor (478)
[2018.01.10-15.10.54:803][268]LogModuleManager: Shutting down and abandoning module AvfMediaFactory (476)
[2018.01.10-15.10.54:803][268]LogModuleManager: Shutting down and abandoning module AvfMediaEditor (474)
[2018.01.10-15.10.54:803][268]LogModuleManager: Shutting down and abandoning module AndroidMediaFactory (472)
[2018.01.10-15.10.54:803][268]LogModuleManager: Shutting down and abandoning module Media (471)
[2018.01.10-15.10.54:803][268]LogModuleManager: Shutting down and abandoning module AndroidMediaEditor (468)
[2018.01.10-15.10.54:803][268]LogModuleManager: Shutting down and abandoning module CharacterAI (466)
[2018.01.10-15.10.54:803][268]LogModuleManager: Shutting down and abandoning module AudioCapture (464)
[2018.01.10-15.10.54:803][268]LogModuleManager: Shutting down and abandoning module SequenceRecorder (463)
[2018.01.10-15.10.54:803][268]LogModuleManager: Shutting down and abandoning module SmartSnapping (460)
[2018.01.10-15.10.54:803][268]LogModuleManager: Shutting down and abandoning module SessionServices (458)
[2018.01.10-15.10.54:803][268]LogModuleManager: Shutting down and abandoning module ViewportSnapping (456)
[2018.01.10-15.10.54:803][268]LogModuleManager: Shutting down and abandoning module ViewportInteraction (454)
[2018.01.10-15.10.54:803][268]LogModuleManager: Shutting down and abandoning module ClothPainter (452)
[2018.01.10-15.10.54:803][268]LogModuleManager: Shutting down and abandoning module LogVisualizer (450)
[2018.01.10-15.10.54:804][268]LogModuleManager: Shutting down and abandoning module IntroTutorials (448)
[2018.01.10-15.10.54:804][268]LogModuleManager: Shutting down and abandoning module GameProjectGeneration (447)
[2018.01.10-15.10.54:804][268]LogModuleManager: Shutting down and abandoning module EditorLiveStreaming (444)
[2018.01.10-15.10.54:804][268]LogModuleManager: Shutting down and abandoning module IOSPlatformEditor (442)
[2018.01.10-15.10.54:804][268]LogModuleManager: Shutting down and abandoning module HTML5PlatformEditor (440)
[2018.01.10-15.10.54:804][268]LogModuleManager: Shutting down and abandoning module AndroidPlatformEditor (438)
[2018.01.10-15.10.54:804][268]LogModuleManager: Shutting down and abandoning module AndroidDeviceDetection (437)
[2018.01.10-15.10.54:987][268]LogModuleManager: Shutting down and abandoning module IOSRuntimeSettings (434)
[2018.01.10-15.10.54:988][268]LogModuleManager: Shutting down and abandoning module AndroidRuntimeSettings (432)
[2018.01.10-15.10.54:988][268]LogModuleManager: Shutting down and abandoning module InputBindingEditor (430)
[2018.01.10-15.10.54:988][268]LogModuleManager: Shutting down and abandoning module MergeActors (428)
[2018.01.10-15.10.54:988][268]LogModuleManager: Shutting down and abandoning module SizeMap (426)
[2018.01.10-15.10.54:988][268]LogModuleManager: Shutting down and abandoning module TreeMap (424)
[2018.01.10-15.10.54:988][268]LogModuleManager: Shutting down and abandoning module ReferenceViewer (422)
[2018.01.10-15.10.54:988][268]LogModuleManager: Shutting down and abandoning module LocalizationDashboard (420)
[2018.01.10-15.10.54:988][268]LogModuleManager: Shutting down and abandoning module LocalizationService (419)
[2018.01.10-15.10.54:988][268]LogModuleManager: Shutting down and abandoning module HardwareTargeting (416)
[2018.01.10-15.10.54:988][268]LogModuleManager: Shutting down and abandoning module DeviceProfileEditor (414)
[2018.01.10-15.10.54:988][268]LogModuleManager: Shutting down and abandoning module UndoHistory (412)
[2018.01.10-15.10.54:988][268]LogModuleManager: Shutting down and abandoning module UserFeedback (410)
[2018.01.10-15.10.54:988][268]LogModuleManager: Shutting down and abandoning module XmlParser (408)
[2018.01.10-15.10.54:988][268]LogModuleManager: Shutting down and abandoning module Blutility (406)
[2018.01.10-15.10.54:988][268]LogModuleManager: Shutting down and abandoning module ProjectSettingsViewer (404)
[2018.01.10-15.10.54:988][268]LogModuleManager: Shutting down and abandoning module ProjectTargetPlatformEditor (403)
[2018.01.10-15.10.54:988][268]LogModuleManager: Shutting down and abandoning module EditorSettingsViewer (400)
[2018.01.10-15.10.54:988][268]LogModuleManager: Shutting down and abandoning module SettingsEditor (398)
[2018.01.10-15.10.54:988][268]LogModuleManager: Shutting down and abandoning module ProjectLauncher (396)
[2018.01.10-15.10.54:988][268]LogModuleManager: Shutting down and abandoning module SessionFrontend (394)
[2018.01.10-15.10.54:988][268]LogModuleManager: Shutting down and abandoning module ProfilerClient (392)
[2018.01.10-15.10.54:988][268]LogModuleManager: Shutting down and abandoning module DeviceManager (390)
[2018.01.10-15.10.54:988][268]LogModuleManager: Shutting down and abandoning module TargetDeviceServices (389)
[2018.01.10-15.10.55:040][268]LogModuleManager: Shutting down and abandoning module AutomationController (386)
[2018.01.10-15.10.55:040][268]LogModuleManager: Shutting down and abandoning module AutomationWindow (384)
[2018.01.10-15.10.55:040][268]LogModuleManager: Shutting down and abandoning module Layers (382)
[2018.01.10-15.10.55:040][268]LogModuleManager: Shutting down and abandoning module ComponentVisualizers (380)
[2018.01.10-15.10.55:040][268]LogModuleManager: Shutting down and abandoning module DetailCustomizations (378)
[2018.01.10-15.10.55:040][268]LogModuleManager: Shutting down and abandoning module PackagesDialog (376)
[2018.01.10-15.10.55:040][268]LogModuleManager: Shutting down and abandoning module Persona (374)
[2018.01.10-15.10.55:040][268]LogModuleManager: Shutting down and abandoning module AdvancedPreviewScene (373)
[2018.01.10-15.10.55:040][268]LogModuleManager: Shutting down and abandoning module AnimGraph (371)
[2018.01.10-15.10.55:040][268]LogModuleManager: Shutting down and abandoning module Kismet (368)
[2018.01.10-15.10.55:041][268]LogModuleManager: Shutting down and abandoning module ClassViewer (366)
[2018.01.10-15.10.55:041][268]LogModuleManager: Shutting down and abandoning module Toolbox (364)
[2018.01.10-15.10.55:041][268]LogModuleManager: Shutting down and abandoning module ModuleUI (362)
[2018.01.10-15.10.55:041][268]LogModuleManager: Shutting down and abandoning module MovieSceneTools (360)
[2018.01.10-15.10.55:041][268]LogModuleManager: Shutting down and abandoning module OutputLog (358)
[2018.01.10-15.10.55:041][268]LogModuleManager: Shutting down and abandoning module GammaUI (356)
[2018.01.10-15.10.55:041][268]LogModuleManager: Shutting down and abandoning module Documentation (354)
[2018.01.10-15.10.55:041][268]LogModuleManager: Shutting down and abandoning module MovieSceneTracks (352)
[2018.01.10-15.10.55:041][268]LogModuleManager: Shutting down and abandoning module MovieScene (350)
[2018.01.10-15.10.55:041][268]LogModuleManager: Shutting down and abandoning module Niagara (348)
[2018.01.10-15.10.55:041][268]LogModuleManager: Shutting down and abandoning module NiagaraEditor (347)
[2018.01.10-15.10.55:041][268]LogModuleManager: Shutting down and abandoning module StreamingPauseRendering (344)
[2018.01.10-15.10.55:041][268]LogModuleManager: Shutting down and abandoning module AnalyticsET (342)
[2018.01.10-15.10.55:041][268]LogModuleManager: Shutting down and abandoning module PortalServices (340)
[2018.01.10-15.10.55:041][268]LogModuleManager: Shutting down and abandoning module PortalRpc (338)
[2018.01.10-15.10.55:041][268]LogModuleManager: Shutting down and abandoning module MessagingRpc (336)
[2018.01.10-15.10.55:041][268]LogModuleManager: Shutting down and abandoning module AIModule (334)
[2018.01.10-15.10.55:041][268]LogModuleManager: Shutting down and abandoning module GameplayDebugger (333)
[2018.01.10-15.10.55:041][268]LogModuleManager: Shutting down and abandoning module AITestSuite (331)
[2018.01.10-15.10.55:041][268]LogModuleManager: Shutting down and abandoning module ProfilerService (328)
[2018.01.10-15.10.55:153][268]LogModuleManager: Shutting down and abandoning module TaskGraph (326)
[2018.01.10-15.10.55:153][268]LogModuleManager: Shutting down and abandoning module SteamVRController (324)
[2018.01.10-15.10.55:153][268]LogModuleManager: Shutting down and abandoning module SteamVR (322)
[2018.01.10-15.10.55:153][268]LogModuleManager: Shutting down and abandoning module ProceduralMeshComponentEditor (320)
[2018.01.10-15.10.55:153][268]LogModuleManager: Shutting down and abandoning module ProceduralMeshComponent (318)
[2018.01.10-15.10.55:153][268]LogModuleManager: Shutting down and abandoning module OculusLibrary (316)
[2018.01.10-15.10.55:153][268]LogModuleManager: Shutting down and abandoning module OculusInput (314)
[2018.01.10-15.10.55:153][268]LogModuleManager: Shutting down and abandoning module MobilePatchingUtils (312)
[2018.01.10-15.10.55:153][268]LogModuleManager: Shutting down and abandoning module CustomMeshComponent (310)
[2018.01.10-15.10.55:153][268]LogModuleManager: Shutting down and abandoning module CableComponent (308)
[2018.01.10-15.10.55:153][268]LogModuleManager: Shutting down and abandoning module ArchVisCharacter (306)
[2018.01.10-15.10.55:153][268]LogModuleManager: Shutting down and abandoning module AndroidPermission (304)
[2018.01.10-15.10.55:153][268]LogModuleManager: Shutting down and abandoning module MediaPlayerEditor (300)
[2018.01.10-15.10.55:153][268]LogModuleManager: Shutting down and abandoning module HTML5Networking (298)
[2018.01.10-15.10.55:153][268]LogModuleManager: Shutting down and abandoning module AlembicImporter (296)
[2018.01.10-15.10.55:153][268]LogModuleManager: Shutting down and abandoning module AlembicLibrary (295)
[2018.01.10-15.10.55:153][268]LogModuleManager: Shutting down and abandoning module GeometryCache (294)
[2018.01.10-15.10.55:153][268]LogModuleManager: Shutting down and abandoning module GeometryCacheEd (293)
[2018.01.10-15.10.55:153][268]LogModuleManager: Shutting down and abandoning module SuperSearchEditor (288)
[2018.01.10-15.10.55:153][268]LogModuleManager: Shutting down and abandoning module SuperSearch (287)
[2018.01.10-15.10.55:153][268]LogModuleManager: Shutting down and abandoning module SpeedTreeImporter (284)
[2018.01.10-15.10.55:153][268]LogModuleManager: Shutting down and abandoning module PluginBrowser (282)
[2018.01.10-15.10.55:153][268]LogModuleManager: Shutting down and abandoning module MobileLauncherProfileWizard (280)
[2018.01.10-15.10.55:153][268]LogModuleManager: Shutting down and abandoning module VisualStudioSourceCodeAccess (278)
[2018.01.10-15.10.55:153][268]LogModuleManager: Shutting down and abandoning module DesktopPlatform (277)
[2018.01.10-15.10.55:153][268]LogModuleManager: Shutting down and abandoning module UObjectPlugin (274)
[2018.01.10-15.10.55:153][268]LogModuleManager: Shutting down and abandoning module SubversionSourceControl (272)
[2018.01.10-15.10.55:153][268]LogModuleManager: Shutting down and abandoning module PerforceSourceControl (270)
[2018.01.10-15.10.55:153][268]LogModuleManager: Shutting down and abandoning module GitSourceControl (268)
[2018.01.10-15.10.55:153][268]LogModuleManager: Shutting down and abandoning module SourceControl (267)
[2018.01.10-15.10.55:153][268]LogModuleManager: Shutting down and abandoning module LightPropagationVolumeEditor (264)
[2018.01.10-15.10.55:153][268]LogModuleManager: Shutting down and abandoning module PaperTiledImporter (262)
[2018.01.10-15.10.55:153][268]LogModuleManager: Shutting down and abandoning module PaperSpriteSheetImporter (260)
[2018.01.10-15.10.55:153][268]LogModuleManager: Shutting down and abandoning module Paper2DEditor (258)
[2018.01.10-15.10.55:153][268]LogModuleManager: Shutting down and abandoning module MeshPaint (257)
[2018.01.10-15.10.55:153][268]LogModuleManager: Shutting down and abandoning module LevelEditor (255)
[2018.01.10-15.10.55:154][268]LogModuleManager: Shutting down and abandoning module PixelInspectorModule (254)
[2018.01.10-15.10.55:154][268]LogModuleManager: Shutting down and abandoning module MainFrame (252)
[2018.01.10-15.10.55:154][268]LogModuleManager: Shutting down and abandoning module HotReload (251)
[2018.01.10-15.10.55:155][268]LogModuleManager: Shutting down and abandoning module PhysXVehiclesEditor (246)
[2018.01.10-15.10.55:155][268]LogModuleManager: Shutting down and abandoning module PhysXVehicles (244)
[2018.01.10-15.10.55:155][268]LogModuleManager: Shutting down and abandoning module LocationServicesBPLibrary (242)
[2018.01.10-15.10.55:155][268]LogModuleManager: Shutting down and abandoning module ImmediatePhysicsEditor (240)
[2018.01.10-15.10.55:155][268]LogModuleManager: Shutting down and abandoning module ImmediatePhysics (238)
[2018.01.10-15.10.55:155][268]LogModuleManager: Shutting down and abandoning module UdpMessaging (236)
[2018.01.10-15.10.55:255][268]LogModuleManager: Shutting down and abandoning module TcpMessaging (234)
[2018.01.10-15.10.55:356][268]LogModuleManager: Shutting down and abandoning module GameplayTagsEditor (232)
[2018.01.10-15.10.55:356][268]LogModuleManager: Shutting down and abandoning module FacialAnimationEditor (230)
[2018.01.10-15.10.55:356][268]LogModuleManager: Shutting down and abandoning module FacialAnimation (228)
[2018.01.10-15.10.55:356][268]LogModuleManager: Shutting down and abandoning module AssetManagerEditor (226)
[2018.01.10-15.10.55:356][268]LogModuleManager: Shutting down and abandoning module GraphEditor (225)
[2018.01.10-15.10.55:356][268]LogModuleManager: Shutting down and abandoning module ContentBrowser (223)
[2018.01.10-15.10.55:356][268]LogModuleManager: Shutting down and abandoning module LightPropagationVolumeRuntime (220)
[2018.01.10-15.10.55:356][268]LogModuleManager: Shutting down and abandoning module Paper2D (218)
[2018.01.10-15.10.55:356][268]LogModuleManager: Shutting down and abandoning module WindowsMoviePlayer (216)
[2018.01.10-15.10.55:356][268]LogModuleManager: Shutting down and abandoning module WmfMedia (214)
[2018.01.10-15.10.55:356][268]LogModuleManager: Shutting down and abandoning module ClothingSystemEditor (212)
[2018.01.10-15.10.55:356][268]LogModuleManager: Shutting down and abandoning module ClothingSystemRuntime (210)
[2018.01.10-15.10.55:356][268]LogModuleManager: Shutting down and abandoning module MediaAssets (208)
[2018.01.10-15.10.55:356][268]LogModuleManager: Shutting down and abandoning module GameLiveStreaming (206)
[2018.01.10-15.10.55:357][268]LogModuleManager: Shutting down and abandoning module VREditor (204)
[2018.01.10-15.10.55:357][268]LogModuleManager: Shutting down and abandoning module StringTableEditor (202)
[2018.01.10-15.10.55:357][268]LogModuleManager: Shutting down and abandoning module GameplayTasksEditor (200)
[2018.01.10-15.10.55:357][268]LogModuleManager: Shutting down and abandoning module BehaviorTreeEditor (198)
[2018.01.10-15.10.55:357][268]LogModuleManager: Shutting down and abandoning module FunctionalTesting (196)
[2018.01.10-15.10.55:357][268]LogModuleManager: Shutting down and abandoning module CollisionAnalyzer (194)
[2018.01.10-15.10.55:357][268]LogModuleManager: Shutting down and abandoning module UMG (192)
[2018.01.10-15.10.55:357][268]LogModuleManager: Shutting down and abandoning module UMGEditor (191)
[2018.01.10-15.10.55:357][268]LogModuleManager: Shutting down and abandoning module Sequencer (190)
[2018.01.10-15.10.55:357][268]LogModuleManager: Shutting down and abandoning module AssetTools (188)
[2018.01.10-15.10.55:357][268]LogModuleManager: Shutting down and abandoning module MessageLog (187)
[2018.01.10-15.10.55:357][268]LogModuleManager: Shutting down and abandoning module WorkspaceMenuStructure (186)
[2018.01.10-15.10.55:357][268]LogModuleManager: Shutting down and abandoning module SlateReflector (180)
[2018.01.10-15.10.55:357][268]LogModuleManager: Shutting down and abandoning module Slate (178)
[2018.01.10-15.10.55:357][268]LogModuleManager: Shutting down and abandoning module EditorStyle (176)
[2018.01.10-15.10.55:363][268]LogModuleManager: Shutting down and abandoning module SourceCodeAccess (174)
[2018.01.10-15.10.55:363][268]LogModuleManager: Shutting down and abandoning module HeadMountedDisplay (172)
[2018.01.10-15.10.55:363][268]LogModuleManager: Shutting down and abandoning module XAudio2 (170)
[2018.01.10-15.10.55:363][268]LogModuleManager: Shutting down and abandoning module Networking (168)
[2018.01.10-15.10.55:363][268]LogModuleManager: Shutting down and abandoning module Core (164)
[2018.01.10-15.10.55:363][268]LogModuleManager: Shutting down and abandoning module AssetRegistry (162)
[2018.01.10-15.10.55:620][268]LogDirectoryWatcher: A directory notification for '../../../Engine/Content/' was aborted.
[2018.01.10-15.10.55:620][268]LogDirectoryWatcher: A directory notification for 'E:/Year 2/FMP/RPG_Game/RPG_Game/Content/' was aborted.
[2018.01.10-15.10.55:620][268]LogDirectoryWatcher: A directory notification for '../../../Engine/Plugins/2D/Paper2D/Content/' was aborted.
[2018.01.10-15.10.55:620][268]LogDirectoryWatcher: A directory notification for '../../../Engine/Plugins/Runtime/GearVR/Content/' was aborted.
[2018.01.10-15.10.55:623][268]LogModuleManager: Shutting down and abandoning module DirectoryWatcher (161)
[2018.01.10-15.10.55:623][268]LogModuleManager: Shutting down and abandoning module KismetCompiler (158)
[2018.01.10-15.10.55:623][268]LogModuleManager: Shutting down and abandoning module LevelSequence (156)
[2018.01.10-15.10.55:623][268]LogModuleManager: Shutting down and abandoning module PhysXFormats (154)
[2018.01.10-15.10.55:623][268]LogModuleManager: Shutting down and abandoning module MeshUtilities (152)
[2018.01.10-15.10.55:623][268]LogModuleManager: Shutting down and abandoning module SimplygonSwarm (151)
[2018.01.10-15.10.55:623][268]LogModuleManager: Shutting down and abandoning module SimplygonMeshReduction (149)
[2018.01.10-15.10.55:623][268]LogModuleManager: Shutting down and abandoning module QuadricMeshReduction (147)
[2018.01.10-15.10.55:623][268]LogModuleManager: Shutting down and abandoning module DerivedDataCache (144)
[2018.01.10-15.10.55:633][268]LogDerivedDataCache: Shutdown
[2018.01.10-15.10.55:633][268]LogModuleManager: Shutting down and abandoning module TargetPlatform (142)
[2018.01.10-15.10.55:633][268]LogModuleManager: Shutting down and abandoning module VulkanShaderFormat (141)
[2018.01.10-15.10.55:633][268]LogModuleManager: Shutting down and abandoning module ShaderFormatVectorVM (139)
[2018.01.10-15.10.55:633][268]LogModuleManager: Shutting down and abandoning module ShaderFormatOpenGL (137)
[2018.01.10-15.10.55:633][268]LogModuleManager: Shutting down and abandoning module ShaderFormatD3D (135)
[2018.01.10-15.10.55:633][268]LogModuleManager: Shutting down and abandoning module MetalShaderFormat (133)
[2018.01.10-15.10.55:633][268]LogModuleManager: Shutting down and abandoning module TextureFormatUncompressed (131)
[2018.01.10-15.10.55:633][268]LogModuleManager: Shutting down and abandoning module TextureFormatPVR (129)
[2018.01.10-15.10.55:633][268]LogModuleManager: Shutting down and abandoning module TextureFormatDXT (127)
[2018.01.10-15.10.55:633][268]LogModuleManager: Shutting down and abandoning module TextureFormatIntelISPCTexComp (125)
[2018.01.10-15.10.55:633][268]LogModuleManager: Shutting down and abandoning module TextureFormatASTC (123)
[2018.01.10-15.10.55:633][268]LogModuleManager: Shutting down and abandoning module ImageWrapper (122)
[2018.01.10-15.10.55:633][268]LogModuleManager: Shutting down and abandoning module TextureFormatAndroid (119)
[2018.01.10-15.10.55:633][268]LogModuleManager: Shutting down and abandoning module AudioFormatOpus (117)
[2018.01.10-15.10.55:633][268]LogModuleManager: Shutting down and abandoning module AudioFormatOgg (115)
[2018.01.10-15.10.55:633][268]LogModuleManager: Shutting down and abandoning module AudioFormatADPCM (113)
[2018.01.10-15.10.55:633][268]LogModuleManager: Shutting down and abandoning module LinuxTargetPlatform (111)
[2018.01.10-15.10.55:633][268]LogModuleManager: Shutting down and abandoning module LinuxServerTargetPlatform (109)
[2018.01.10-15.10.55:633][268]LogModuleManager: Shutting down and abandoning module LinuxNoEditorTargetPlatform (107)
[2018.01.10-15.10.55:633][268]LogModuleManager: Shutting down and abandoning module LinuxClientTargetPlatform (105)
[2018.01.10-15.10.55:633][268]LogModuleManager: Shutting down and abandoning module TVOSTargetPlatform (103)
[2018.01.10-15.10.55:633][268]LogModuleManager: Shutting down and abandoning module Messaging (101)
[2018.01.10-15.10.55:633][268]LogModuleManager: Shutting down and abandoning module IOSTargetPlatform (99)
[2018.01.10-15.10.55:633][268]LogModuleManager: Shutting down and abandoning module HTML5TargetPlatform (97)
[2018.01.10-15.10.55:633][268]LogModuleManager: Shutting down and abandoning module Android_PVRTCTargetPlatform (95)
[2018.01.10-15.10.55:633][268]LogModuleManager: Shutting down and abandoning module Android_MultiTargetPlatform (93)
[2018.01.10-15.10.55:633][268]LogModuleManager: Shutting down and abandoning module Android_ETC2TargetPlatform (91)
[2018.01.10-15.10.55:633][268]LogModuleManager: Shutting down and abandoning module Android_ETC1TargetPlatform (89)
[2018.01.10-15.10.55:633][268]LogModuleManager: Shutting down and abandoning module Android_DXTTargetPlatform (87)
[2018.01.10-15.10.55:633][268]LogModuleManager: Shutting down and abandoning module Android_ATCTargetPlatform (85)
[2018.01.10-15.10.55:633][268]LogModuleManager: Shutting down and abandoning module Android_ASTCTargetPlatform (83)
[2018.01.10-15.10.55:633][268]LogModuleManager: Shutting down and abandoning module AndroidTargetPlatform (81)
[2018.01.10-15.10.55:633][268]LogModuleManager: Shutting down and abandoning module WindowsTargetPlatform (79)
[2018.01.10-15.10.55:633][268]LogModuleManager: Shutting down and abandoning module WindowsServerTargetPlatform (77)
[2018.01.10-15.10.55:633][268]LogModuleManager: Shutting down and abandoning module WindowsNoEditorTargetPlatform (75)
[2018.01.10-15.10.55:633][268]LogModuleManager: Shutting down and abandoning module WindowsClientTargetPlatform (73)
[2018.01.10-15.10.55:633][268]LogModuleManager: Shutting down and abandoning module MacTargetPlatform (71)
[2018.01.10-15.10.55:633][268]LogModuleManager: Shutting down and abandoning module MacServerTargetPlatform (69)
[2018.01.10-15.10.55:633][268]LogModuleManager: Shutting down and abandoning module MacNoEditorTargetPlatform (67)
[2018.01.10-15.10.55:633][268]LogModuleManager: Shutting down and abandoning module MacClientTargetPlatform (65)
[2018.01.10-15.10.55:633][268]LogModuleManager: Shutting down and abandoning module AllDesktopTargetPlatform (63)
[2018.01.10-15.10.55:633][268]LogModuleManager: Shutting down and abandoning module InputCore (60)
[2018.01.10-15.10.55:633][268]LogModuleManager: Shutting down and abandoning module Settings (58)
[2018.01.10-15.10.55:633][268]LogModuleManager: Shutting down and abandoning module OculusRift (56)
[2018.01.10-15.10.55:633][268]LogModuleManager: Shutting down and abandoning module GearVRController (54)
[2018.01.10-15.10.55:633][268]LogModuleManager: Shutting down and abandoning module GearVR (52)
[2018.01.10-15.10.55:633][268]LogModuleManager: Shutting down and abandoning module ExampleDeviceProfileSelector (50)
[2018.01.10-15.10.55:633][268]LogModuleManager: Shutting down and abandoning module OnlineBlueprintSupport (48)
[2018.01.10-15.10.55:633][268]LogModuleManager: Shutting down and abandoning module OnlineSubsystem (44)
[2018.01.10-15.10.55:633][268]LogOnline:Display: Unloading online subsystem: NULL
[2018.01.10-15.10.55:633][268]LogModuleManager: Shutting down and abandoning module XMPP (43)
[2018.01.10-15.10.55:633][268]LogModuleManager: Shutting down and abandoning module HTTP (41)
[2018.01.10-15.10.55:633][268]LogHttp:Display: Http module shutting down, but needs to wait on 1 outstanding Http requests:
[2018.01.10-15.10.55:633][268]LogHttp:Display: 	verb=[POST] url=[https://datarouter.ol.epicgames.com/datarouter/api/v1/public/data?SessionID=%7B0AD10141-4284-D001-EED7-66962A2FA661%7D&AppID=UEEditor.Rocket.Release&AppVersion=4.16.3-3561208%2B%2B%2BUE4%2BRelease-4.16&UserID=f7adcfee480587e46a6f9faa7d3cf87a%7C3996f32fd2fe4f04a289bdcb1f9016df%7C20d6b042-be1c-46d2-8f56-aafbbcfb25d6&AppEnvironment=datacollector-binary&UploadType=eteventstream] status=Processing
[2018.01.10-15.10.55:643][268]LogModuleManager: Shutting down and abandoning module SSL (40)
[2018.01.10-15.10.55:645][268]LogModuleManager: Shutting down and abandoning module HTTPChunkInstaller (36)
[2018.01.10-15.10.55:645][268]LogModuleManager: Shutting down and abandoning module AnimationModifiers (34)
[2018.01.10-15.10.55:645][268]LogModuleManager: Shutting down and abandoning module PropertyEditor (33)
[2018.01.10-15.10.55:645][268]LogModuleManager: Shutting down and abandoning module AudioEditor (30)
[2018.01.10-15.10.55:645][268]LogModuleManager: Shutting down and abandoning module TextureCompressor (28)
[2018.01.10-15.10.55:645][268]LogModuleManager: Shutting down and abandoning module ShaderCore (26)
[2018.01.10-15.10.55:645][268]LogModuleManager: Shutting down and abandoning module Landscape (24)
[2018.01.10-15.10.55:645][268]LogModuleManager: Shutting down and abandoning module SlateRHIRenderer (22)
[2018.01.10-15.10.55:646][268]LogModuleManager: Shutting down and abandoning module OpenGLDrv (20)
[2018.01.10-15.10.55:646][268]LogModuleManager: Shutting down and abandoning module D3D11RHI (18)
[2018.01.10-15.10.55:646][268]LogModuleManager: Shutting down and abandoning module AnimGraphRuntime (16)
[2018.01.10-15.10.55:646][268]LogModuleManager: Shutting down and abandoning module Renderer (14)
[2018.01.10-15.10.55:646][268]LogModuleManager: Shutting down and abandoning module Engine (12)
[2018.01.10-15.10.55:646][268]LogModuleManager: Shutting down and abandoning module CoreUObject (10)
[2018.01.10-15.10.55:646][268]LogModuleManager: Shutting down and abandoning module NetworkFile (8)
[2018.01.10-15.10.55:646][268]LogModuleManager: Shutting down and abandoning module StreamingFile (6)
[2018.01.10-15.10.55:646][268]LogModuleManager: Shutting down and abandoning module SandboxFile (4)
[2018.01.10-15.10.55:646][268]LogModuleManager: Shutting down and abandoning module PakFile (2)
[2018.01.10-15.10.55:647][268]LogExit: Exiting.
[2018.01.10-15.10.55:661][268]Log file closed, 01/10/18 15:10:55
