Log file open, 01/31/18 11:33:25
LogInit:Display: Running engine for game: RPG_Game
LogPlatformFile: Not using cached read wrapper
LogInit:Display: RandInit(885881748) SRandInit(885881749).
LogTaskGraph: Started task graph with 5 named threads and 8 total threads with 1 sets of task threads.
LogStats: Stats thread started at 0.093047
LogInit: Using libcurl 7.47.1
LogInit:  - built for x86_64-pc-win32
LogInit:  - supports SSL with OpenSSL/1.0.2g
LogInit:  - supports HTTP deflate (compression) using libz 1.2.8
LogInit:  - other features:
LogInit:      CURL_VERSION_SSL
LogInit:      CURL_VERSION_LIBZ
LogInit:      CURL_VERSION_IPV6
LogInit:      CURL_VERSION_ASYNCHDNS
LogInit:      CURL_VERSION_LARGEFILE
LogInit:      CURL_VERSION_IDN
LogInit:  CurlRequestOptions (configurable via config and command line):
LogInit:  - bVerifyPeer = false  - Libcurl will NOT verify peer certificate
LogInit:  - bUseHttpProxy = false  - Libcurl will NOT use HTTP proxy
LogInit:  - bDontReuseConnections = false  - Libcurl will reuse connections
LogInit:  - CertBundlePath = nullptr  - Libcurl will use whatever was configured at build time.
LogInit: Build: ++UE4+Release-4.16-CL-3561208
LogInit: Engine Version: 4.16.3-3561208+++UE4+Release-4.16
LogInit: Compatible Engine Version: 4.16.0-3452394+++UE4+Release-4.16
LogInit: Net CL: 3452394
LogDevObjectVersion: Number of dev versions registered: 16
LogDevObjectVersion:   Dev-Blueprints (B0D832E4-1F89-4F0D-ACCF-7EB736FD4AA2): 9
LogDevObjectVersion:   Dev-Build (E1C64328-A22C-4D53-A36C-8E866417BD8C): 0
LogDevObjectVersion:   Dev-Core (375EC13C-06E4-48FB-B500-84F0262A717E): 2
LogDevObjectVersion:   Dev-Editor (E4B068ED-F494-42E9-A231-DA0B2E46BB41): 17
LogDevObjectVersion:   Dev-Framework (CFFC743F-43B0-4480-9391-14DF171D2073): 23
LogDevObjectVersion:   Dev-Mobile (B02B49B5-BB20-44E9-A304-32B752E40360): 0
LogDevObjectVersion:   Dev-Networking (A4E4105C-59A1-49B5-A7C5-40C4547EDFEE): 0
LogDevObjectVersion:   Dev-Online (39C831C9-5AE6-47DC-9A44-9C173E1C8E7C): 0
LogDevObjectVersion:   Dev-Physics (78F01B33-EBEA-4F98-B9B4-84EACCB95AA2): 0
LogDevObjectVersion:   Dev-Platform (6631380F-2D4D-43E0-8009-CF276956A95A): 0
LogDevObjectVersion:   Dev-Rendering (12F88B9F-8875-4AFC-A67C-D90C383ABD29): 15
LogDevObjectVersion:   Dev-Sequencer (7B5AE74C-D270-4C10-A958-57980B212A5A): 4
LogDevObjectVersion:   Dev-VR (D7296918-1DD6-4BDD-9DE2-64A83CC13884): 0
LogDevObjectVersion:   Dev-LoadTimes (C2A15278-BFE7-4AFE-6C17-90FF531DF755): 1
LogDevObjectVersion:   Private-Geometry (6EACA3D4-40EC-4CC1-B786-8BED09428FC5): 1
LogDevObjectVersion:   Dev-AnimPhys (29E575DD-E0A3-4627-9D10-D276232CDCEA): 3
LogInit: Compiled (64-bit): Jul 28 2017 11:49:47
LogInit: Compiled with Visual C++: 19.00.24215.01
LogInit: Build Configuration: Development
LogInit: Branch Name: ++UE4+Release-4.16
LogInit: Command line:  /Temp/Autosaves/Game/Maps/UEDPCHelloWorld -game -PIEVIACONSOLE -ResX=1280 -ResY=720  -Multiprocess -messaging -SessionName="Play in Standalone Game" -windowed 
LogInit: Base directory: C:/Program Files/Epic Games/UE_4.16/Engine/Binaries/Win64/
LogInit: Installed Engine Build: 1
LogInit: Presizing for max 8388607 objects, including 0 objects not considered by GC, pre-allocating 0 bytes for permanent pool.
LogInit: Object subsystem initialized
[2018.01.31-11.33.25:992][  0]LogInit: Selected Device Profile: [Windows]
[2018.01.31-11.33.25:992][  0]LogInit: Applying CVar settings loaded from the selected device profile: [Windows]
[2018.01.31-11.33.25:996][  0]LogInit: Computer: HB01-23
[2018.01.31-11.33.25:996][  0]LogInit: User: jordanboast
[2018.01.31-11.33.25:996][  0]LogInit: CPU Page size=4096, Cores=4
[2018.01.31-11.33.25:996][  0]LogInit: High frequency timer resolution =3.507500 MHz
[2018.01.31-11.33.25:997][  0]LogMemory: Memory total: Physical=15.9GB (16GB approx)
[2018.01.31-11.33.25:997][  0]LogMemory: Platform Memory Stats for Windows
[2018.01.31-11.33.25:997][  0]LogMemory: Process Physical Memory: 274.52 MB used, 274.52 MB peak
[2018.01.31-11.33.25:997][  0]LogMemory: Process Virtual Memory: 261.52 MB used, 261.52 MB peak
[2018.01.31-11.33.25:997][  0]LogMemory: Physical Memory: 6302.80 MB used,  10019.34 MB free, 16322.14 MB total
[2018.01.31-11.33.25:997][  0]LogMemory: Virtual Memory: 640.13 MB used,  10019.34 MB free, 134217728.00 MB total
[2018.01.31-11.33.26:057][  0]LogInit: Using OS detected language (en-US).
[2018.01.31-11.33.26:057][  0]LogInit: Using OS detected locale (en-GB).
[2018.01.31-11.33.26:060][  0]LogTextLocalizationManager: No specific localization for 'en-US' exists, so the 'en' localization will be used.
[2018.01.31-11.33.26:761][  0]LogD3D11RHI: D3D11 adapters:
[2018.01.31-11.33.26:803][  0]LogD3D11RHI:    0. 'NVIDIA GeForce GTX 770' (Feature Level 11_0)
[2018.01.31-11.33.26:803][  0]LogD3D11RHI:       2017/0/8161 MB DedicatedVideo/DedicatedSystem/SharedSystem, Outputs:1, VendorId:0x10de
[2018.01.31-11.33.26:804][  0]LogD3D11RHI:    1. 'Microsoft Basic Render Driver' (Feature Level 11_0)
[2018.01.31-11.33.26:804][  0]LogD3D11RHI:       0/0/8161 MB DedicatedVideo/DedicatedSystem/SharedSystem, Outputs:0, VendorId:0x1414
[2018.01.31-11.33.26:804][  0]LogD3D11RHI: Chosen D3D11 Adapter: 0
[2018.01.31-11.33.26:810][  0]LogD3D11RHI: Creating new Direct3DDevice
[2018.01.31-11.33.26:810][  0]LogD3D11RHI:     GPU DeviceId: 0x1184 (for the marketing name, search the web for "GPU Device Id")
[2018.01.31-11.33.26:810][  0]LogWindows: EnumDisplayDevices:
[2018.01.31-11.33.26:810][  0]LogWindows:    0. 'NVIDIA GeForce GTX 770' (P:1 D:1)
[2018.01.31-11.33.26:810][  0]LogWindows:    1. 'NVIDIA GeForce GTX 770' (P:0 D:0)
[2018.01.31-11.33.26:810][  0]LogWindows:    2. 'NVIDIA GeForce GTX 770' (P:0 D:0)
[2018.01.31-11.33.26:810][  0]LogWindows:    3. 'NVIDIA GeForce GTX 770' (P:0 D:0)
[2018.01.31-11.33.26:810][  0]LogWindows: DebugString: FoundDriverCount:4 
[2018.01.31-11.33.26:810][  0]LogD3D11RHI:     Adapter Name: NVIDIA GeForce GTX 770
[2018.01.31-11.33.26:810][  0]LogD3D11RHI:   Driver Version: 384.94 (internal:22.21.13.8494, unified:384.94)
[2018.01.31-11.33.26:810][  0]LogD3D11RHI:      Driver Date: 7-18-2017
[2018.01.31-11.33.26:810][  0]LogRHI: Texture pool is 1361 MB (70% of 1945 MB)
[2018.01.31-11.33.26:840][  0]LogD3D11RHI: Async texture creation enabled
[2018.01.31-11.33.26:850][  0]LogD3D11RHI: GPU Timing Frequency: 1000.000000 (Debug: 2 1)
[2018.01.31-11.33.26:853][  0]LogShaderCompilers: Guid format shader working directory is 30 characters bigger than the processId version (E:/FMP/RPG_Game/RPG_Game/Intermediate/Shaders/WorkingDirectory/408/).
[2018.01.31-11.33.26:853][  0]LogShaderCompilers: Cleaned the shader compiler working directory 'C:/Users/jordan.boast/AppData/Local/Temp/UnrealShaderWorkingDir/6D7F41404B15C3F378D8A1B7AAD84703/'.
[2018.01.31-11.33.26:853][  0]LogShaderCompilers:Display: Using Local Shader Compiler.
[2018.01.31-11.33.27:946][  0]LogTemp:Display: Loaded TP WindowsClientTargetPlatform
[2018.01.31-11.33.27:994][  0]LogTemp:Display: Loaded TP WindowsNoEditorTargetPlatform
[2018.01.31-11.33.28:039][  0]LogTemp:Display: Loaded TP WindowsServerTargetPlatform
[2018.01.31-11.33.28:077][  0]LogTemp:Display: Loaded TP WindowsTargetPlatform
[2018.01.31-11.33.28:077][  0]LogTargetPlatformManager:Display: Building Assets For Windows
[2018.01.31-11.33.28:564][  0]LogDerivedDataCache:Display: Max Cache Size: 512 MB
[2018.01.31-11.33.28:653][  0]LogDerivedDataCache: Loaded boot cache 0.09s 90MB C:/Users/jordan.boast/AppData/Local/UnrealEngine/4.16/DerivedDataCache/Boot.ddc.
[2018.01.31-11.33.28:653][  0]LogDerivedDataCache:Display: Loaded Boot cache: C:/Users/jordan.boast/AppData/Local/UnrealEngine/4.16/DerivedDataCache/Boot.ddc
[2018.01.31-11.33.28:653][  0]LogDerivedDataCache: FDerivedDataBackendGraph:  Pak pak cache file E:/FMP/RPG_Game/RPG_Game/DerivedDataCache/DDC.ddp not found, will not use a pak cache.
[2018.01.31-11.33.28:653][  0]LogDerivedDataCache: Unable to find inner node Pak for hierarchical cache Hierarchy.
[2018.01.31-11.33.28:653][  0]LogDerivedDataCache: FDerivedDataBackendGraph:  CompressedPak pak cache file E:/FMP/RPG_Game/RPG_Game/DerivedDataCache/Compressed.ddp not found, will not use a pak cache.
[2018.01.31-11.33.28:653][  0]LogDerivedDataCache: Unable to find inner node CompressedPak for hierarchical cache Hierarchy.
[2018.01.31-11.33.28:670][  0]LogDerivedDataCache:Display: Pak cache opened for reading ../../../Engine/DerivedDataCache/Compressed.ddp.
[2018.01.31-11.33.28:682][  0]LogDerivedDataCache: Using Local data cache path C:/Users/jordan.boast/AppData/Local/UnrealEngine/Common/DerivedDataCache: Writable
[2018.01.31-11.33.28:694][  0]LogMaterial: Verifying Global Shaders for PCD3D_SM5
[2018.01.31-11.33.28:694][  0]LogSlate: Using Freetype 2.6.0
[2018.01.31-11.33.28:695][  0]LogSlate: SlateFontCache - WITH_FREETYPE: 1, WITH_HARFBUZZ: 1
[2018.01.31-11.33.28:695][  0]LogSlate: SlateFontCache - WITH_FREETYPE: 1, WITH_HARFBUZZ: 1
[2018.01.31-11.33.28:946][  0]LogAssetRegistry: FAssetRegistry took 0.0032 seconds to start up
[2018.01.31-11.33.28:958][  0]LogPackageLocalizationCache: Processed 4 localized package path(s) for 2 prioritized culture(s) in 0.011858 seconds
[2018.01.31-11.33.29:044][  0]LogInit: Selected Device Profile: [Windows]
[2018.01.31-11.33.29:109][  0]LogContentStreaming: Texture pool size is 1000.00 MB
[2018.01.31-11.33.29:274][  0]LogMeshUtilities: Using QuadricMeshReduction for automatic static mesh reduction
[2018.01.31-11.33.29:317][  0]LogSimplygon: Simplygon DLL not present - disabling.
[2018.01.31-11.33.29:363][  0]LogMeshUtilities: Using SimplygonSwarm for distributed automatic mesh merging
[2018.01.31-11.33.29:363][  0]LogMeshUtilities: No automatic skeletal mesh reduction module available
[2018.01.31-11.33.29:363][  0]LogMeshUtilities: No automatic mesh merging module available
[2018.01.31-11.33.29:821][  0]LogNetVersion: RPG_Game , NetCL: 3452394, EngineNetVer: 2, GameNetVer: 0 (Checksum: 2586067795)
[2018.01.31-11.33.29:895][  0]LogInit: WinSock: version 1.1 (2.2), MaxSocks=32767, MaxUdp=65467
[2018.01.31-11.33.30:894][  0]LogMoviePlayer: Initializing movie player
[2018.01.31-11.33.31:204][  0]LogCollectionManager: Loaded 0 collections in 0.003485 seconds
[2018.01.31-11.33.31:260][  0]LogFileCache: Scanning file cache for directory 'E:/FMP/RPG_Game/RPG_Game/Saved/Collections/' took 0.01s
[2018.01.31-11.33.31:260][  0]LogFileCache: Scanning file cache for directory 'E:/FMP/RPG_Game/RPG_Game/Content/Developers/jordanboast/Collections/' took 0.01s
[2018.01.31-11.33.31:260][  0]LogFileCache: Scanning file cache for directory 'E:/FMP/RPG_Game/RPG_Game/Content/Collections/' took 0.01s
[2018.01.31-11.33.31:260][  0]LogCollectionManager: Rebuilt the object cache for 0 collections in 0.000001 seconds (found 0 objects)
[2018.01.31-11.33.31:260][  0]LogCollectionManager: Fixed up redirectors for 0 collections in 0.000030 seconds (updated 0 objects)
[2018.01.31-11.33.31:419][  0]LogTcpMessaging: Initializing TcpMessaging bridge
[2018.01.31-11.33.31:460][  0]LogUdpMessaging: Initializing bridge on interface 0.0.0.0:0 to multicast group 230.0.0.1:6666.
[2018.01.31-11.33.31:837][  0]SourceControl: Info Source control is disabled
[2018.01.31-11.33.31:837][  0]SourceControl: Info Source control is disabled
[2018.01.31-11.33.31:886][  0]SourceControl: Info Source control is disabled
[2018.01.31-11.33.32:129][  0]LogAndroidPermission: UAndroidPermissionCallbackProxy::GetInstance
[2018.01.31-11.33.32:589][  0]LogUObjectArray: 37220 objects as part of root set at end of initial load.
[2018.01.31-11.33.32:589][  0]LogUObjectAllocator: 8398848 out of 0 bytes used by permanent object pool.
[2018.01.31-11.33.32:589][  0]LogUObjectArray: CloseDisregardForGC: 0/0 objects in disregard for GC pool
[2018.01.31-11.33.32:691][  0]LogEngine: Initializing Engine...
[2018.01.31-11.33.32:691][  0]LogHMD: Failed to initialize OpenVR with code 110
[2018.01.31-11.33.32:866][  0]LogStats: UGameplayTagsManager::ConstructGameplayTagTree: Construct from data asset -  0.000 s
[2018.01.31-11.33.32:866][  0]LogStats: UGameplayTagsManager::ConstructGameplayTagTree: GameplayTagTreeChangedEvent.Broadcast -  0.000 s
[2018.01.31-11.33.32:877][  0]LogInit: XAudio2 using 'Speakers (Realtek High Definition Audio)' : 6 channels at 48 kHz using 32 bits per sample (channel mask 0x3f)
[2018.01.31-11.33.32:895][  0]LogInit: FAudioDevice initialized.
[2018.01.31-11.33.32:917][  0]LogInit: Texture streaming: Enabled
[2018.01.31-11.33.32:929][  0]LogMaterial: Uniform references updated for custom material expression Custom.
[2018.01.31-11.33.33:170][  0]LogSlateStyle:Warning: Unable to find Slate Widget Style 'NormalText'. Using FTextBlockStyle defaults instead.
[2018.01.31-11.33.33:170][  0]LogSlateStyle:Warning: Unable to find Slate Widget Style 'SpinBox'. Using FSpinBoxStyle defaults instead.
[2018.01.31-11.33.33:380][  0]LogInit:Display: Game Engine Initialized.
[2018.01.31-11.33.33:521][  0]LogInit:Display: Starting Game.
[2018.01.31-11.33.33:521][  0]LogNet: Browse: /Temp/Autosaves/Game/Maps/UEDPCHelloWorld?Name=Player
[2018.01.31-11.33.33:521][  0]LogLoad: LoadMap: /Temp/Autosaves/Game/Maps/UEDPCHelloWorld?Name=Player
[2018.01.31-11.33.33:541][  0]LogMemory: Platform Memory Stats for Windows
[2018.01.31-11.33.33:541][  0]LogMemory: Process Physical Memory: 794.84 MB used, 896.30 MB peak
[2018.01.31-11.33.33:541][  0]LogMemory: Process Virtual Memory: 910.17 MB used, 964.77 MB peak
[2018.01.31-11.33.33:541][  0]LogMemory: Physical Memory: 6761.51 MB used,  9560.63 MB free, 16322.14 MB total
[2018.01.31-11.33.33:541][  0]LogMemory: Virtual Memory: 1515.81 MB used,  9560.63 MB free, 134217728.00 MB total
[2018.01.31-11.33.33:541][  0]LogMemory: 
[2018.01.31-11.33.33:541][  0]Allocator Stats for TBB: (not implemented)
[2018.01.31-11.33.33:881][  0]LogAIModule: Creating AISystem for world HelloWorld
[2018.01.31-11.33.33:942][  0]LogLoad: Game class is 'FuseGM_C'
[2018.01.31-11.33.34:053][  0]PIE:Warning: Warning Trying to simulate physics on ''/Temp/Autosaves/Game/Maps/UEDPCHelloWorld.HelloWorld:PersistentLevel.Remote_71.StaticMesh'' but it has ComplexAsSimple collision.
[2018.01.31-11.33.34:054][  0]LogWorld: Bringing World /Temp/Autosaves/Game/Maps/UEDPCHelloWorld.HelloWorld up for play (max tick rate 0) at 2018.01.31-11.33.34
[2018.01.31-11.33.34:055][  0]LogWorld: Bringing up level for play took: 0.111434
[2018.01.31-11.33.34:057][  0]LogLoad: Took 0.535808 seconds to LoadMap(/Temp/Autosaves/Game/Maps/UEDPCHelloWorld)
[2018.01.31-11.33.34:243][  0]LogRenderer: Reallocating scene render targets to support 1280x720 NumSamples 1 (Frame:1).
[2018.01.31-11.33.34:243][  0]LogLoad: (Engine Initialization) Total time: 9.68 seconds
[2018.01.31-11.33.34:243][  0]LogLoad: (Engine Initialization) Total Blueprint compile time: 0.09 seconds
[2018.01.31-11.33.34:243][  0]LogExternalProfiler: No external profilers were discovered.  External profiling features will not be available.
[2018.01.31-11.33.34:260][  0]LogOcInput: OculusInput pre-init called
[2018.01.31-11.33.34:260][  0]LogHMD: Starting GearVRController plugin
