Log file open, 01/17/18 21:48:11
LogInit:Display: Running engine for game: RPG_Game
LogPlatformFile: Not using cached read wrapper
LogInit:Display: RandInit(-2140199550) SRandInit(-2140199550).
LogTaskGraph: Started task graph with 5 named threads and 12 total threads with 1 sets of task threads.
LogStats: Stats thread started at 0.186702
LogInit: Using libcurl 7.47.1
LogInit:  - built for x86_64-pc-win32
LogInit:  - supports SSL with OpenSSL/1.0.2g
LogInit:  - supports HTTP deflate (compression) using libz 1.2.8
LogInit:  - other features:
LogInit:      CURL_VERSION_SSL
LogInit:      CURL_VERSION_LIBZ
LogInit:      CURL_VERSION_IPV6
LogInit:      CURL_VERSION_ASYNCHDNS
LogInit:      CURL_VERSION_LARGEFILE
LogInit:      CURL_VERSION_IDN
LogInit:  CurlRequestOptions (configurable via config and command line):
LogInit:  - bVerifyPeer = false  - Libcurl will NOT verify peer certificate
LogInit:  - bUseHttpProxy = false  - Libcurl will NOT use HTTP proxy
LogInit:  - bDontReuseConnections = false  - Libcurl will reuse connections
LogInit:  - CertBundlePath = nullptr  - Libcurl will use whatever was configured at build time.
LogInit: Build: ++UE4+Release-4.16-CL-3561208
LogInit: Engine Version: 4.16.3-3561208+++UE4+Release-4.16
LogInit: Compatible Engine Version: 4.16.0-3452394+++UE4+Release-4.16
LogInit: Net CL: 3452394
LogDevObjectVersion: Number of dev versions registered: 16
LogDevObjectVersion:   Dev-Blueprints (B0D832E4-1F89-4F0D-ACCF-7EB736FD4AA2): 9
LogDevObjectVersion:   Dev-Build (E1C64328-A22C-4D53-A36C-8E866417BD8C): 0
LogDevObjectVersion:   Dev-Core (375EC13C-06E4-48FB-B500-84F0262A717E): 2
LogDevObjectVersion:   Dev-Editor (E4B068ED-F494-42E9-A231-DA0B2E46BB41): 17
LogDevObjectVersion:   Dev-Framework (CFFC743F-43B0-4480-9391-14DF171D2073): 23
LogDevObjectVersion:   Dev-Mobile (B02B49B5-BB20-44E9-A304-32B752E40360): 0
LogDevObjectVersion:   Dev-Networking (A4E4105C-59A1-49B5-A7C5-40C4547EDFEE): 0
LogDevObjectVersion:   Dev-Online (39C831C9-5AE6-47DC-9A44-9C173E1C8E7C): 0
LogDevObjectVersion:   Dev-Physics (78F01B33-EBEA-4F98-B9B4-84EACCB95AA2): 0
LogDevObjectVersion:   Dev-Platform (6631380F-2D4D-43E0-8009-CF276956A95A): 0
LogDevObjectVersion:   Dev-Rendering (12F88B9F-8875-4AFC-A67C-D90C383ABD29): 15
LogDevObjectVersion:   Dev-Sequencer (7B5AE74C-D270-4C10-A958-57980B212A5A): 4
LogDevObjectVersion:   Dev-VR (D7296918-1DD6-4BDD-9DE2-64A83CC13884): 0
LogDevObjectVersion:   Dev-LoadTimes (C2A15278-BFE7-4AFE-6C17-90FF531DF755): 1
LogDevObjectVersion:   Private-Geometry (6EACA3D4-40EC-4CC1-B786-8BED09428FC5): 1
LogDevObjectVersion:   Dev-AnimPhys (29E575DD-E0A3-4627-9D10-D276232CDCEA): 3
LogInit: Compiled (64-bit): Jul 28 2017 11:49:47
LogInit: Compiled with Visual C++: 19.00.24215.01
LogInit: Build Configuration: Development
LogInit: Branch Name: ++UE4+Release-4.16
LogInit: Command line:  
LogInit: Base directory: C:/Program Files/Epic Games/UE_4.16/Engine/Binaries/Win64/
LogInit: Installed Engine Build: 1
LogInit: Presizing for max 8388607 objects, including 0 objects not considered by GC, pre-allocating 0 bytes for permanent pool.
LogInit: Object subsystem initialized
[2018.01.17-21.48.11:941][  0]LogInit: Selected Device Profile: [Windows]
[2018.01.17-21.48.11:941][  0]LogInit: Applying CVar settings loaded from the selected device profile: [Windows]
[2018.01.17-21.48.11:954][  0]LogInit: Computer: SONOFMORT
[2018.01.17-21.48.11:954][  0]LogInit: User: Jordan
[2018.01.17-21.48.11:954][  0]LogInit: CPU Page size=4096, Cores=8
[2018.01.17-21.48.11:954][  0]LogInit: High frequency timer resolution =3.125003 MHz
[2018.01.17-21.48.11:954][  0]LogMemory: Memory total: Physical=8.0GB (8GB approx)
[2018.01.17-21.48.11:954][  0]LogMemory: Platform Memory Stats for Windows
[2018.01.17-21.48.11:954][  0]LogMemory: Process Physical Memory: 274.26 MB used, 274.26 MB peak
[2018.01.17-21.48.11:954][  0]LogMemory: Process Virtual Memory: 267.61 MB used, 267.61 MB peak
[2018.01.17-21.48.11:954][  0]LogMemory: Physical Memory: 4458.52 MB used,  3688.71 MB free, 8147.22 MB total
[2018.01.17-21.48.11:954][  0]LogMemory: Virtual Memory: 673.40 MB used,  3688.71 MB free, 134217728.00 MB total
[2018.01.17-21.48.12:067][  0]LogInit: Using OS detected language (en-GB).
[2018.01.17-21.48.12:067][  0]LogInit: Using OS detected locale (en-GB).
[2018.01.17-21.48.12:071][  0]LogTextLocalizationManager: No specific localization for 'en-GB' exists, so the 'en' localization will be used.
[2018.01.17-21.48.13:265][  0]LogD3D11RHI: D3D11 adapters:
[2018.01.17-21.48.13:341][  0]LogD3D11RHI:    0. 'NVIDIA GeForce GTX 1070' (Feature Level 11_0)
[2018.01.17-21.48.13:341][  0]LogD3D11RHI:       8088/0/4073 MB DedicatedVideo/DedicatedSystem/SharedSystem, Outputs:2, VendorId:0x10de
[2018.01.17-21.48.13:343][  0]LogD3D11RHI:    1. 'Microsoft Basic Render Driver' (Feature Level 11_0)
[2018.01.17-21.48.13:343][  0]LogD3D11RHI:       0/0/4073 MB DedicatedVideo/DedicatedSystem/SharedSystem, Outputs:0, VendorId:0x1414
[2018.01.17-21.48.13:343][  0]LogD3D11RHI: Chosen D3D11 Adapter: 0
[2018.01.17-21.48.13:354][  0]LogD3D11RHI: Creating new Direct3DDevice
[2018.01.17-21.48.13:354][  0]LogD3D11RHI:     GPU DeviceId: 0x1b81 (for the marketing name, search the web for "GPU Device Id")
[2018.01.17-21.48.13:354][  0]LogWindows: EnumDisplayDevices:
[2018.01.17-21.48.13:354][  0]LogWindows:    0. 'NVIDIA GeForce GTX 1070' (P:1 D:1)
[2018.01.17-21.48.13:354][  0]LogWindows:    1. 'NVIDIA GeForce GTX 1070' (P:0 D:1)
[2018.01.17-21.48.13:354][  0]LogWindows:    2. 'NVIDIA GeForce GTX 1070' (P:0 D:0)
[2018.01.17-21.48.13:354][  0]LogWindows:    3. 'NVIDIA GeForce GTX 1070' (P:0 D:0)
[2018.01.17-21.48.13:354][  0]LogWindows: DebugString: GetVideoDriverDetailsInvalid PrimaryIsNotTheChoosenAdapter GetVideoDriverDetailsInvalid PrimaryIsNotTheChoosenAdapter GetVideoDriverDetailsInvalid PrimaryIsNotTheChoosenAdapter GetVideoDriverDetailsInvalid PrimaryIsNotTheChoosenAdapter FoundDriverCount:0 
[2018.01.17-21.48.13:354][  0]LogD3D11RHI:     Adapter Name: NVIDIA GeForce GTX 1070
[2018.01.17-21.48.13:354][  0]LogD3D11RHI:   Driver Version: Unknown (internal:Unknown, unified:Unknown)
[2018.01.17-21.48.13:354][  0]LogD3D11RHI:      Driver Date: Unknown
[2018.01.17-21.48.13:354][  0]LogRHI: Texture pool is 1361 MB (70% of 1945 MB)
[2018.01.17-21.48.13:391][  0]LogD3D11RHI: Async texture creation enabled
[2018.01.17-21.48.13:429][  0]LogD3D11RHI: GPU Timing Frequency: 1000.000000 (Debug: 2 2)
[2018.01.17-21.48.13:521][  0]LogShaderCompilers: Guid format shader working directory is 15 characters bigger than the processId version (F:/Year 2/FMP/RPG_Game/RPG_Game/Intermediate/Shaders/WorkingDirectory/13516/).
[2018.01.17-21.48.13:521][  0]LogShaderCompilers: Cleaned the shader compiler working directory 'C:/Users/Jordan/AppData/Local/Temp/UnrealShaderWorkingDir/155CCB8E4B81B12CED09A88326AA5902/'.
[2018.01.17-21.48.13:521][  0]LogShaderCompilers:Display: Using Local Shader Compiler.
[2018.01.17-21.48.14:781][  0]LogTemp:Display: Loaded TP AllDesktopTargetPlatform
[2018.01.17-21.48.14:866][  0]LogTemp:Display: Loaded TP MacClientTargetPlatform
[2018.01.17-21.48.14:950][  0]LogTemp:Display: Loaded TP MacNoEditorTargetPlatform
[2018.01.17-21.48.15:034][  0]LogTemp:Display: Loaded TP MacServerTargetPlatform
[2018.01.17-21.48.15:120][  0]LogTemp:Display: Loaded TP MacTargetPlatform
[2018.01.17-21.48.15:205][  0]LogTemp:Display: Loaded TP WindowsClientTargetPlatform
[2018.01.17-21.48.15:289][  0]LogTemp:Display: Loaded TP WindowsNoEditorTargetPlatform
[2018.01.17-21.48.15:374][  0]LogTemp:Display: Loaded TP WindowsServerTargetPlatform
[2018.01.17-21.48.15:451][  0]LogTemp:Display: Loaded TP WindowsTargetPlatform
[2018.01.17-21.48.15:535][  0]LogTemp:Display: Loaded TP AndroidTargetPlatform
[2018.01.17-21.48.15:617][  0]LogTemp:Display: Loaded TP Android_ASTCTargetPlatform
[2018.01.17-21.48.15:700][  0]LogTemp:Display: Loaded TP Android_ATCTargetPlatform
[2018.01.17-21.48.15:783][  0]LogTemp:Display: Loaded TP Android_DXTTargetPlatform
[2018.01.17-21.48.15:865][  0]LogTemp:Display: Loaded TP Android_ETC1TargetPlatform
[2018.01.17-21.48.15:947][  0]LogTemp:Display: Loaded TP Android_ETC2TargetPlatform
[2018.01.17-21.48.16:113][  0]LogTemp:Display: Loaded TP Android_MultiTargetPlatform
[2018.01.17-21.48.16:113][  0]LogTemp:Display: Loaded TP Android_PVRTCTargetPlatform
[2018.01.17-21.48.16:182][  0]LogTemp:Display: Loaded TP HTML5TargetPlatform
[2018.01.17-21.48.16:321][  0]LogTemp:Display: Loaded TP IOSTargetPlatform
[2018.01.17-21.48.16:368][  0]LogTemp:Display: Loaded TP TVOSTargetPlatform
[2018.01.17-21.48.16:450][  0]LogTemp:Display: Loaded TP LinuxClientTargetPlatform
[2018.01.17-21.48.16:532][  0]LogTemp:Display: Loaded TP LinuxNoEditorTargetPlatform
[2018.01.17-21.48.16:613][  0]LogTemp:Display: Loaded TP LinuxServerTargetPlatform
[2018.01.17-21.48.16:695][  0]LogTemp:Display: Loaded TP LinuxTargetPlatform
[2018.01.17-21.48.16:695][  0]LogTargetPlatformManager:Display: Building Assets For Windows
[2018.01.17-21.48.17:521][  0]LogDerivedDataCache:Display: Max Cache Size: 512 MB
[2018.01.17-21.48.17:629][  0]LogDerivedDataCache: Loaded boot cache 0.11s 90MB C:/Users/Jordan/AppData/Local/UnrealEngine/4.16/DerivedDataCache/Boot.ddc.
[2018.01.17-21.48.17:629][  0]LogDerivedDataCache:Display: Loaded Boot cache: C:/Users/Jordan/AppData/Local/UnrealEngine/4.16/DerivedDataCache/Boot.ddc
[2018.01.17-21.48.17:629][  0]LogDerivedDataCache: FDerivedDataBackendGraph:  Pak pak cache file F:/Year 2/FMP/RPG_Game/RPG_Game/DerivedDataCache/DDC.ddp not found, will not use a pak cache.
[2018.01.17-21.48.17:629][  0]LogDerivedDataCache: Unable to find inner node Pak for hierarchical cache Hierarchy.
[2018.01.17-21.48.17:629][  0]LogDerivedDataCache: FDerivedDataBackendGraph:  CompressedPak pak cache file F:/Year 2/FMP/RPG_Game/RPG_Game/DerivedDataCache/Compressed.ddp not found, will not use a pak cache.
[2018.01.17-21.48.17:629][  0]LogDerivedDataCache: Unable to find inner node CompressedPak for hierarchical cache Hierarchy.
[2018.01.17-21.48.17:650][  0]LogDerivedDataCache:Display: Pak cache opened for reading ../../../Engine/DerivedDataCache/Compressed.ddp.
[2018.01.17-21.48.17:663][  0]LogDerivedDataCache: Using Local data cache path C:/Users/Jordan/AppData/Local/UnrealEngine/Common/DerivedDataCache: Writable
[2018.01.17-21.48.17:675][  0]LogMaterial: Verifying Global Shaders for PCD3D_SM5
[2018.01.17-21.48.17:675][  0]LogSlate: Using Freetype 2.6.0
[2018.01.17-21.48.17:676][  0]LogSlate: SlateFontCache - WITH_FREETYPE: 1, WITH_HARFBUZZ: 1
[2018.01.17-21.48.17:676][  0]LogSlate: SlateFontCache - WITH_FREETYPE: 1, WITH_HARFBUZZ: 1
[2018.01.17-21.48.18:151][  0]LogInit: Selected Device Profile: [Windows]
[2018.01.17-21.48.18:270][  0]LogContentStreaming: Texture pool size is 0.00 MB
[2018.01.17-21.48.18:479][  0]LogMeshUtilities: Using QuadricMeshReduction for automatic static mesh reduction
[2018.01.17-21.48.18:555][  0]LogSimplygon: Simplygon DLL not present - disabling.
[2018.01.17-21.48.18:638][  0]LogMeshUtilities: Using SimplygonSwarm for distributed automatic mesh merging
[2018.01.17-21.48.18:638][  0]LogMeshUtilities: No automatic skeletal mesh reduction module available
[2018.01.17-21.48.18:638][  0]LogMeshUtilities: No automatic mesh merging module available
[2018.01.17-21.48.19:477][  0]LogNetVersion: RPG_Game , NetCL: 3452394, EngineNetVer: 2, GameNetVer: 0 (Checksum: 2586067795)
[2018.01.17-21.48.19:560][  0]LogAssetRegistry: FAssetRegistry took 0.0269 seconds to start up
[2018.01.17-21.48.19:688][  0]LogPackageLocalizationCache: Processed 4 localized package path(s) for 2 prioritized culture(s) in 0.089111 seconds
[2018.01.17-21.48.19:696][  0]LogUObjectArray: 34194 objects as part of root set at end of initial load.
[2018.01.17-21.48.19:696][  0]LogUObjectAllocator: 7260416 out of 0 bytes used by permanent object pool.
[2018.01.17-21.48.19:696][  0]LogUObjectArray: CloseDisregardForGC: 0/0 objects in disregard for GC pool
[2018.01.17-21.48.19:808][  0]LogInit: WinSock: version 1.1 (2.2), MaxSocks=32767, MaxUdp=65467
[2018.01.17-21.48.22:810][  0]LogPackageName:Warning: String asset reference "JW_FlameDungeon.FX.SM_FX_Embers" is in short form, which is unsupported and -- even if valid -- resolving it will be really slow.
[2018.01.17-21.48.22:810][  0]LogPackageName:Warning: Please consider resaving package in order to speed-up loading.
[2018.01.17-21.48.22:810][  0]LogPackageName: SearchForPackageOnDisk took   0.185s, but failed to resolve JW_FlameDungeon.
[2018.01.17-21.48.22:810][  0]LogPackageName:Warning: String asset reference "JW_FlameDungeon.FX.SM_FX_Embers" could not be resolved.
[2018.01.17-21.48.22:810][  0]LogPackageName:Warning: String asset reference "JW_FlameDungeon.FX.SM_FogPlane02" is in short form, which is unsupported and -- even if valid -- resolving it will be really slow.
[2018.01.17-21.48.22:810][  0]LogPackageName:Warning: Please consider resaving package in order to speed-up loading.
[2018.01.17-21.48.22:810][  0]LogPackageName: SearchForPackageOnDisk took   0.192s, but failed to resolve JW_FlameDungeon.
[2018.01.17-21.48.22:810][  0]LogPackageName:Warning: String asset reference "JW_FlameDungeon.FX.SM_FogPlane02" could not be resolved.
[2018.01.17-21.48.22:810][  0]LogPackageName:Warning: String asset reference "StaticMesh'FX_Meshes_IB.SM_Debris_Box_RadialFull'" is in short form, which is unsupported and -- even if valid -- resolving it will be really slow.
[2018.01.17-21.48.22:810][  0]LogPackageName:Warning: Please consider resaving package in order to speed-up loading.
[2018.01.17-21.48.22:810][  0]LogPackageName: SearchForPackageOnDisk took   0.171s, but failed to resolve StaticMesh'FX_Meshes_IB.
[2018.01.17-21.48.22:810][  0]LogPackageName:Warning: String asset reference "StaticMesh'FX_Meshes_IB.SM_Debris_Box_RadialFull'" could not be resolved.
[2018.01.17-21.48.22:810][  0]LogPackageName:Warning: String asset reference "JW_Ice_Mountain.Mesh.SM_SnowBoulder" is in short form, which is unsupported and -- even if valid -- resolving it will be really slow.
[2018.01.17-21.48.22:810][  0]LogPackageName:Warning: Please consider resaving package in order to speed-up loading.
[2018.01.17-21.48.22:810][  0]LogPackageName: SearchForPackageOnDisk took   0.186s, but failed to resolve JW_Ice_Mountain.
[2018.01.17-21.48.22:810][  0]LogPackageName:Warning: String asset reference "JW_Ice_Mountain.Mesh.SM_SnowBoulder" could not be resolved.
[2018.01.17-21.48.22:810][  0]LogPackageName:Warning: String asset reference "FX_Meshes.UI.SM_SelectionMesh_01" is in short form, which is unsupported and -- even if valid -- resolving it will be really slow.
[2018.01.17-21.48.22:810][  0]LogPackageName:Warning: Please consider resaving package in order to speed-up loading.
[2018.01.17-21.48.22:810][  0]LogPackageName: SearchForPackageOnDisk took   0.179s, but failed to resolve FX_Meshes.
[2018.01.17-21.48.22:810][  0]LogPackageName:Warning: String asset reference "FX_Meshes.UI.SM_SelectionMesh_01" could not be resolved.
[2018.01.17-21.48.22:810][  0]LogPackageName:Warning: String asset reference "FX_Meshes.UI.SM_SelectionMesh_01" is in short form, which is unsupported and -- even if valid -- resolving it will be really slow.
[2018.01.17-21.48.22:810][  0]LogPackageName:Warning: Please consider resaving package in order to speed-up loading.
[2018.01.17-21.48.23:552][  0]LogPackageName: SearchForPackageOnDisk took   0.185s, but failed to resolve FX_Meshes.
[2018.01.17-21.48.23:552][  0]LogPackageName:Warning: String asset reference "FX_Meshes.UI.SM_SelectionMesh_01" could not be resolved.
[2018.01.17-21.48.23:552][  0]LogPackageName:Warning: String asset reference "'FX_Ambient.Meshes.SM_Bats'" is in short form, which is unsupported and -- even if valid -- resolving it will be really slow.
[2018.01.17-21.48.23:552][  0]LogPackageName:Warning: Please consider resaving package in order to speed-up loading.
[2018.01.17-21.48.23:552][  0]LogPackageName: SearchForPackageOnDisk took   0.182s, but failed to resolve 'FX_Ambient.
[2018.01.17-21.48.23:552][  0]LogPackageName:Warning: String asset reference "'FX_Ambient.Meshes.SM_Bats'" could not be resolved.
[2018.01.17-21.48.23:552][  0]LogPackageName:Warning: String asset reference "CastleEffects.TouchToMoveArrow" is in short form, which is unsupported and -- even if valid -- resolving it will be really slow.
[2018.01.17-21.48.23:552][  0]LogPackageName:Warning: Please consider resaving package in order to speed-up loading.
[2018.01.17-21.48.23:552][  0]LogPackageName: SearchForPackageOnDisk took   0.179s, but failed to resolve CastleEffects.
[2018.01.17-21.48.23:552][  0]LogPackageName:Warning: String asset reference "CastleEffects.TouchToMoveArrow" could not be resolved.
[2018.01.17-21.48.23:552][  0]LogTcpMessaging: Initializing TcpMessaging bridge
[2018.01.17-21.48.23:614][  0]LogUdpMessaging: Initializing bridge on interface 0.0.0.0:0 to multicast group 230.0.0.1:6666.
[2018.01.17-21.48.23:758][  0]LogPackageName:Warning: String asset reference "StaticMesh'FX_Meshes.Fire.SM_Dungeon_Pipes_Lava01_Cool'" is in short form, which is unsupported and -- even if valid -- resolving it will be really slow.
[2018.01.17-21.48.23:759][  0]LogPackageName:Warning: Please consider resaving package in order to speed-up loading.
[2018.01.17-21.48.24:488][  0]LogPackageName: SearchForPackageOnDisk took   0.176s, but failed to resolve StaticMesh'FX_Meshes.
[2018.01.17-21.48.24:488][  0]LogPackageName:Warning: String asset reference "StaticMesh'FX_Meshes.Fire.SM_Dungeon_Pipes_Lava01_Cool'" could not be resolved.
[2018.01.17-21.48.24:488][  0]LogPackageName:Warning: String asset reference "m_FogSheet_02" is in short form, which is unsupported and -- even if valid -- resolving it will be really slow.
[2018.01.17-21.48.24:488][  0]LogPackageName:Warning: Please consider resaving package in order to speed-up loading.
[2018.01.17-21.48.24:488][  0]LogPackageName: SearchForPackageOnDisk took   0.178s to resolve m_FogSheet_02.
[2018.01.17-21.48.24:488][  0]LogPackageName:Warning: String asset reference "FX_Test_LAN.Meshes.SM_IceWall01" is in short form, which is unsupported and -- even if valid -- resolving it will be really slow.
[2018.01.17-21.48.24:488][  0]LogPackageName:Warning: Please consider resaving package in order to speed-up loading.
[2018.01.17-21.48.24:488][  0]LogPackageName: SearchForPackageOnDisk took   0.182s, but failed to resolve FX_Test_LAN.
[2018.01.17-21.48.24:488][  0]LogPackageName:Warning: String asset reference "FX_Test_LAN.Meshes.SM_IceWall01" could not be resolved.
[2018.01.17-21.48.24:488][  0]LogMaterial: Uniform references updated for custom material expression Custom.
[2018.01.17-21.48.24:995][  0]LogPackageName:Warning: String asset reference "m_FogSheet_02" is in short form, which is unsupported and -- even if valid -- resolving it will be really slow.
[2018.01.17-21.48.24:995][  0]LogPackageName:Warning: Please consider resaving package in order to speed-up loading.
[2018.01.17-21.48.24:995][  0]LogPackageName: SearchForPackageOnDisk took   0.184s to resolve m_FogSheet_02.
[2018.01.17-21.48.24:995][  0]LogPackageName:Warning: String asset reference "m_FogSheet_02" is in short form, which is unsupported and -- even if valid -- resolving it will be really slow.
[2018.01.17-21.48.24:995][  0]LogPackageName:Warning: Please consider resaving package in order to speed-up loading.
[2018.01.17-21.48.25:163][  0]LogPackageName: SearchForPackageOnDisk took   0.183s to resolve m_FogSheet_02.
[2018.01.17-21.48.25:163][  0]LogPackageName:Warning: String asset reference "m_FogSheet_02" is in short form, which is unsupported and -- even if valid -- resolving it will be really slow.
[2018.01.17-21.48.25:163][  0]LogPackageName:Warning: Please consider resaving package in order to speed-up loading.
[2018.01.17-21.48.25:163][  0]SourceControl: Info Source control is disabled
[2018.01.17-21.48.26:186][  0]LogPackageName: SearchForPackageOnDisk took   0.185s to resolve m_FogSheet_02.
[2018.01.17-21.48.26:530][  0]LogAndroidPermission: UAndroidPermissionCallbackProxy::GetInstance
[2018.01.17-21.48.27:529][  0]LogEngine: Initializing Engine...
[2018.01.17-21.48.27:531][  0]LogHMD: Failed to initialize OpenVR with code 110
[2018.01.17-21.48.27:742][  0]LogStats: UGameplayTagsManager::ConstructGameplayTagTree: Construct from data asset -  0.000 s
[2018.01.17-21.48.27:742][  0]LogStats: UGameplayTagsManager::ConstructGameplayTagTree: GameplayTagTreeChangedEvent.Broadcast -  0.000 s
[2018.01.17-21.48.27:965][  0]LogAIModule: Creating AISystem for world Untitled
[2018.01.17-21.48.27:976][  0]LogInit: XAudio2 using 'Headset Earphone (Corsair VOID RGB USB Gaming Headset)' : 6 channels at 48 kHz using 16 bits per sample (channel mask 0x3f)
[2018.01.17-21.48.28:153][  0]LogInit: FAudioDevice initialized.
[2018.01.17-21.48.28:215][  0]LogDerivedDataCache: Saved boot cache 0.06s 90MB C:/Users/Jordan/AppData/Local/UnrealEngine/4.16/DerivedDataCache/Boot.ddc.
[2018.01.17-21.48.28:232][  0]LogInit: Texture streaming: Enabled
[2018.01.17-21.48.28:397][  0]LogEngineSessionManager: EngineSessionManager initialized
[2018.01.17-21.48.28:770][  0]LogInit: Transaction tracking system initialized
[2018.01.17-21.48.29:308][  0]BlueprintLog: New page: Editor Load
[2018.01.17-21.48.30:918][  0]LocalizationService: Info Localization service is disabled
[2018.01.17-21.48.32:095][  0]LogPackageName:Warning: String asset reference "JW_Ice_Mountain.Mesh.SM_SnowBoulder" is in short form, which is unsupported and -- even if valid -- resolving it will be really slow.
[2018.01.17-21.48.32:095][  0]LogPackageName:Warning: Please consider resaving package in order to speed-up loading.
[2018.01.17-21.48.32:095][  0]LogPackageName: SearchForPackageOnDisk took   0.180s, but failed to resolve JW_Ice_Mountain.
[2018.01.17-21.48.32:095][  0]LogPackageName:Warning: String asset reference "JW_Ice_Mountain.Mesh.SM_SnowBoulder" could not be resolved.
[2018.01.17-21.48.32:095][  0]LogPackageName:Warning: String asset reference "S_Survival_CA_Chicken_02.SM.S_Survival_CA_Chicken_02" is in short form, which is unsupported and -- even if valid -- resolving it will be really slow.
[2018.01.17-21.48.32:095][  0]LogPackageName:Warning: Please consider resaving package in order to speed-up loading.
[2018.01.17-21.48.32:095][  0]LogConsoleResponse:Display: 
[2018.01.17-21.48.32:271][  0]LogPackageName: SearchForPackageOnDisk took   0.183s to resolve S_Survival_CA_Chicken_02.
[2018.01.17-21.48.32:271][  0]LogCook:Display: Max memory allowance for cook 16384mb min free memory 0mb
[2018.01.17-21.48.32:271][  0]LogCook:Display: Mobile HDR setting 1
[2018.01.17-21.48.32:313][  0]LogFileCache: Scanning file cache for directory 'F:/Year 2/FMP/RPG_Game/RPG_Game/Content/' took 0.04s
[2018.01.17-21.48.33:480][  0]LogPackageName:Warning: String asset reference "JW_Ice_Mountain.Mesh.SM_SnowBoulder" is in short form, which is unsupported and -- even if valid -- resolving it will be really slow.
[2018.01.17-21.48.33:480][  0]LogPackageName:Warning: Please consider resaving package in order to speed-up loading.
[2018.01.17-21.48.33:480][  0]LogPackageName: SearchForPackageOnDisk took   0.192s, but failed to resolve JW_Ice_Mountain.
[2018.01.17-21.48.33:480][  0]LogPackageName:Warning: String asset reference "JW_Ice_Mountain.Mesh.SM_SnowBoulder" could not be resolved.
[2018.01.17-21.48.33:480][  0]LogPackageName:Warning: String asset reference "Env_ALL_Artifacts.Mesh.Env_ALL_Terminus001" is in short form, which is unsupported and -- even if valid -- resolving it will be really slow.
[2018.01.17-21.48.33:480][  0]LogPackageName:Warning: Please consider resaving package in order to speed-up loading.
[2018.01.17-21.48.33:480][  0]LogPackageName: SearchForPackageOnDisk took   0.185s, but failed to resolve Env_ALL_Artifacts.
[2018.01.17-21.48.33:480][  0]LogPackageName:Warning: String asset reference "Env_ALL_Artifacts.Mesh.Env_ALL_Terminus001" could not be resolved.
[2018.01.17-21.48.34:088][  0]Cmd: MAP LOAD FILE="F:/Year 2/FMP/RPG_Game/RPG_Game/Content/Maps/Tutorial.umap" TEMPLATE=0 SHOWPROGRESS=1 FEATURELEVEL=3
[2018.01.17-21.48.34:089][  0]LightingResults: New page: Lighting Build
[2018.01.17-21.48.34:167][  0]MapCheck: New page: Map Check
[2018.01.17-21.48.34:167][  0]LightingResults: New page: Lighting Build
[2018.01.17-21.48.34:763][  0]LogAIModule: Creating AISystem for world Tutorial
[2018.01.17-21.48.34:796][  0]LogEditorServer: Finished looking for orphan Actors (0.000 secs)
[2018.01.17-21.48.34:811][  0]Cmd: MAP CHECKDEP NOCLEARLOG
[2018.01.17-21.48.34:920][  0]MapCheck: Info Map check complete: 0 Error(s), 0 Warning(s), took 108.441ms to complete.
[2018.01.17-21.48.34:920][  0]LogFileHelpers: Loading map 'Tutorial' took 0.832
[2018.01.17-21.48.35:099][  0]LogCollectionManager: Loaded 0 collections in 0.002516 seconds
[2018.01.17-21.48.35:216][  0]LogFileCache: Scanning file cache for directory 'F:/Year 2/FMP/RPG_Game/RPG_Game/Saved/Collections/' took 0.01s
[2018.01.17-21.48.35:216][  0]LogFileCache: Scanning file cache for directory 'F:/Year 2/FMP/RPG_Game/RPG_Game/Content/Developers/Jordan/Collections/' took 0.01s
[2018.01.17-21.48.35:216][  0]LogFileCache: Scanning file cache for directory 'F:/Year 2/FMP/RPG_Game/RPG_Game/Content/Collections/' took 0.01s
[2018.01.17-21.48.35:216][  0]LogCollectionManager: Rebuilt the GUID cache for 0 collections in 0.000002 seconds
[2018.01.17-21.48.35:229][  0]LogContentBrowser: Native class hierarchy populated in 0.0126 seconds. Added 2329 classes and 491 folders.
[2018.01.17-21.48.35:339][  0]LogContentBrowser: Native class hierarchy updated for 'WidgetCarousel' in 0.0007 seconds. Added 0 classes and 0 folders.
[2018.01.17-21.48.35:406][  0]LogContentBrowser: Native class hierarchy updated for 'AddContentDialog' in 0.0007 seconds. Added 0 classes and 0 folders.
[2018.01.17-21.48.35:482][  0]LogContentBrowser: Native class hierarchy updated for 'SceneOutliner' in 0.0007 seconds. Added 1 classes and 2 folders.
[2018.01.17-21.48.35:542][  0]LogCrashTracker: Crashtracker disabled due to settings.
[2018.01.17-21.48.35:548][  0]LogSlate: Took 0.000265 seconds to synchronously load lazily loaded font '../../../Engine/Content/Slate/Fonts/Roboto-Regular.ttf' (155K)
[2018.01.17-21.48.35:552][  0]LogSlate: Took 0.000546 seconds to synchronously load lazily loaded font '../../../Engine/Content/Slate/Fonts/Roboto-Bold.ttf' (160K)
[2018.01.17-21.48.35:555][  0]LogSlate: Took 0.000324 seconds to synchronously load lazily loaded font '../../../Engine/Content/Editor/Slate/Fonts/FontAwesome.ttf' (139K)
[2018.01.17-21.48.35:635][  0]LogRenderer: Reallocating scene render targets to support 1528x624 NumSamples 1 (Frame:1).
[2018.01.17-21.48.35:846][  0]LogUObjectGlobals:Warning: Failed to find object 'Class None.'
[2018.01.17-21.48.35:941][  0]LogContentBrowser: Native class hierarchy updated for 'HierarchicalLODOutliner' in 0.0008 seconds. Added 1 classes and 2 folders.
[2018.01.17-21.48.35:941][  0]LogLoad: (Engine Initialization) Total time: 26.64 seconds
[2018.01.17-21.48.35:941][  0]LogLoad: (Engine Initialization) Total Blueprint compile time: 0.17 seconds
[2018.01.17-21.48.35:941][  0]LogExternalProfiler: No external profilers were discovered.  External profiling features will not be available.
[2018.01.17-21.48.35:950][  0]LogWindowsTextInputMethodSystem:Display: IME system now deactivated.
[2018.01.17-21.48.35:951][  0]LogOcInput: OculusInput pre-init called
[2018.01.17-21.48.35:951][  0]LogHMD: Starting GearVRController plugin
[2018.01.17-21.48.35:971][  0]LogContentStreaming: Texture pool size now 1000 MB
[2018.01.17-21.48.36:026][  0]LogSlate: Took 0.000291 seconds to synchronously load lazily loaded font '../../../Engine/Content/Slate/Fonts/Roboto-Light.ttf' (159K)
[2018.01.17-21.48.36:073][  2]LogAssetRegistry: Asset discovery search completed in 16.5341 seconds
[2018.01.17-21.48.36:077][  2]LogCollectionManager: Rebuilt the object cache for 0 collections in 0.000000 seconds (found 0 objects)
[2018.01.17-21.48.36:077][  2]LogCollectionManager: Fixed up redirectors for 0 collections in 0.000040 seconds (updated 0 objects)
[2018.01.17-21.48.49:927][633]LogMaterial: Missing cached shader map for material M_Lava, compiling. 
[2018.01.17-21.48.49:962][633]LogMaterial: Missing cached shader map for material M_Sand, compiling. 
[2018.01.17-21.48.49:979][633]LogStaticMesh: Building static mesh Island_...
[2018.01.17-21.48.49:988][633]LogSlate: Took 0.000266 seconds to synchronously load lazily loaded font '../../../Engine/Content/Slate/Fonts/Roboto-Light.ttf' (159K)
[2018.01.17-21.48.49:999][633]LogMeshUtilities: Invalid vertex normals found for mesh. Forcing recomputation of vertex normals for MikkTSpace. Fix mesh or disable "Use MikkTSpace Tangent Space" to avoid forced recomputation of normals.
[2018.01.17-21.48.50:006][633]LogStaticMesh: Built static mesh [0.03s] /Game/Levels/Island_.Island_
[2018.01.17-21.48.50:014][633]LogMaterial: Missing cached shader map for material M_Ground, compiling. 
[2018.01.17-21.48.50:036][633]LogMaterial: Missing cached shader map for material M_Volcano, compiling. 
[2018.01.17-21.48.52:704][899]Cmd: OBJ SAVEPACKAGE PACKAGE="/Game/Assets/Island_" FILE="F:/Year 2/FMP/RPG_Game/RPG_Game/Content/Assets/Island_.uasset" SILENT=true
[2018.01.17-21.48.52:725][899]LogSavePackage: Save=19.24ms
[2018.01.17-21.48.52:725][899]LogSavePackage: Moving 'F:/Year 2/FMP/RPG_Game/RPG_Game/Saved/Island_3D69C1594068EBAA3BD8E389907850D9.tmp' to 'F:/Year 2/FMP/RPG_Game/RPG_Game/Content/Assets/Island_.uasset'
[2018.01.17-21.48.52:730][899]LogSavePackage:Display: Finished SavePackage F:/Year 2/FMP/RPG_Game/RPG_Game/Content/Assets/Island_.uasset
[2018.01.17-21.48.52:747][899]Cmd: OBJ SAVEPACKAGE PACKAGE="/Game/Assets/M_Ground" FILE="F:/Year 2/FMP/RPG_Game/RPG_Game/Content/Assets/M_Ground.uasset" SILENT=true
[2018.01.17-21.48.52:767][899]LogSavePackage: Save=17.88ms
[2018.01.17-21.48.52:767][899]LogSavePackage: Moving 'F:/Year 2/FMP/RPG_Game/RPG_Game/Saved/M_Ground252D49434AA2CD6A1582BF8F78C537F1.tmp' to 'F:/Year 2/FMP/RPG_Game/RPG_Game/Content/Assets/M_Ground.uasset'
[2018.01.17-21.48.52:772][899]LogSavePackage:Display: Finished SavePackage F:/Year 2/FMP/RPG_Game/RPG_Game/Content/Assets/M_Ground.uasset
[2018.01.17-21.48.52:792][899]Cmd: OBJ SAVEPACKAGE PACKAGE="/Game/Assets/M_Lava" FILE="F:/Year 2/FMP/RPG_Game/RPG_Game/Content/Assets/M_Lava.uasset" SILENT=true
[2018.01.17-21.48.52:814][899]LogSavePackage: Save=18.67ms
[2018.01.17-21.48.52:814][899]LogSavePackage: Moving 'F:/Year 2/FMP/RPG_Game/RPG_Game/Saved/M_Lava43224C1A4D0E051D088C5EB9D6E5BBDE.tmp' to 'F:/Year 2/FMP/RPG_Game/RPG_Game/Content/Assets/M_Lava.uasset'
[2018.01.17-21.48.52:818][899]LogSavePackage:Display: Finished SavePackage F:/Year 2/FMP/RPG_Game/RPG_Game/Content/Assets/M_Lava.uasset
[2018.01.17-21.48.52:833][899]Cmd: OBJ SAVEPACKAGE PACKAGE="/Game/Assets/M_Sand" FILE="F:/Year 2/FMP/RPG_Game/RPG_Game/Content/Assets/M_Sand.uasset" SILENT=true
[2018.01.17-21.48.52:852][899]LogSavePackage: Save=16.30ms
[2018.01.17-21.48.52:852][899]LogSavePackage: Moving 'F:/Year 2/FMP/RPG_Game/RPG_Game/Saved/M_Sand3E2D6CBE417EFEE2F929C482935F3009.tmp' to 'F:/Year 2/FMP/RPG_Game/RPG_Game/Content/Assets/M_Sand.uasset'
[2018.01.17-21.48.52:857][899]LogSavePackage:Display: Finished SavePackage F:/Year 2/FMP/RPG_Game/RPG_Game/Content/Assets/M_Sand.uasset
[2018.01.17-21.48.52:873][899]Cmd: OBJ SAVEPACKAGE PACKAGE="/Game/Assets/M_Volcano" FILE="F:/Year 2/FMP/RPG_Game/RPG_Game/Content/Assets/M_Volcano.uasset" SILENT=true
[2018.01.17-21.48.52:893][899]LogSavePackage: Save=17.38ms
[2018.01.17-21.48.52:893][899]LogSavePackage: Moving 'F:/Year 2/FMP/RPG_Game/RPG_Game/Saved/M_Volcano6526160D4FB88B1943B1089E785BB4FF.tmp' to 'F:/Year 2/FMP/RPG_Game/RPG_Game/Content/Assets/M_Volcano.uasset'
[2018.01.17-21.48.52:898][899]LogSavePackage:Display: Finished SavePackage F:/Year 2/FMP/RPG_Game/RPG_Game/Content/Assets/M_Volcano.uasset
[2018.01.17-21.49.04:102][158]Cmd: OBJ SAVEPACKAGE PACKAGE="/Game/Assets/Island/Island_" FILE="F:/Year 2/FMP/RPG_Game/RPG_Game/Content/Assets/Island/Island_.uasset" SILENT=true
[2018.01.17-21.49.04:124][158]LogSavePackage: Save=19.64ms
[2018.01.17-21.49.04:124][158]LogSavePackage: Moving 'F:/Year 2/FMP/RPG_Game/RPG_Game/Saved/Island_8B17873C4667461048F0129622AB2271.tmp' to 'F:/Year 2/FMP/RPG_Game/RPG_Game/Content/Assets/Island/Island_.uasset'
[2018.01.17-21.49.04:129][158]LogSavePackage:Display: Finished SavePackage F:/Year 2/FMP/RPG_Game/RPG_Game/Content/Assets/Island/Island_.uasset
[2018.01.17-21.49.04:142][158]Cmd: OBJ SAVEPACKAGE PACKAGE="/Game/Assets/Island/M_Ground" FILE="F:/Year 2/FMP/RPG_Game/RPG_Game/Content/Assets/Island/M_Ground.uasset" SILENT=true
[2018.01.17-21.49.04:163][158]LogSavePackage: Save=18.06ms
[2018.01.17-21.49.04:163][158]LogSavePackage: Moving 'F:/Year 2/FMP/RPG_Game/RPG_Game/Saved/M_Ground6FD3EA524808EFD93641B29657B4E44C.tmp' to 'F:/Year 2/FMP/RPG_Game/RPG_Game/Content/Assets/Island/M_Ground.uasset'
[2018.01.17-21.49.04:168][158]LogSavePackage:Display: Finished SavePackage F:/Year 2/FMP/RPG_Game/RPG_Game/Content/Assets/Island/M_Ground.uasset
[2018.01.17-21.49.04:180][158]Cmd: OBJ SAVEPACKAGE PACKAGE="/Game/Assets/Island/M_Lava" FILE="F:/Year 2/FMP/RPG_Game/RPG_Game/Content/Assets/Island/M_Lava.uasset" SILENT=true
[2018.01.17-21.49.04:202][158]LogSavePackage: Save=19.09ms
[2018.01.17-21.49.04:202][158]LogSavePackage: Moving 'F:/Year 2/FMP/RPG_Game/RPG_Game/Saved/M_Lava15FDDA5145FBB853F94852B8A0102AA0.tmp' to 'F:/Year 2/FMP/RPG_Game/RPG_Game/Content/Assets/Island/M_Lava.uasset'
[2018.01.17-21.49.04:206][158]LogSavePackage:Display: Finished SavePackage F:/Year 2/FMP/RPG_Game/RPG_Game/Content/Assets/Island/M_Lava.uasset
[2018.01.17-21.49.04:219][158]Cmd: OBJ SAVEPACKAGE PACKAGE="/Game/Assets/Island/M_Sand" FILE="F:/Year 2/FMP/RPG_Game/RPG_Game/Content/Assets/Island/M_Sand.uasset" SILENT=true
[2018.01.17-21.49.04:238][158]LogSavePackage: Save=16.03ms
[2018.01.17-21.49.04:238][158]LogSavePackage: Moving 'F:/Year 2/FMP/RPG_Game/RPG_Game/Saved/M_SandAC7986944468E81085B8AEAB3277C5D7.tmp' to 'F:/Year 2/FMP/RPG_Game/RPG_Game/Content/Assets/Island/M_Sand.uasset'
[2018.01.17-21.49.04:242][158]LogSavePackage:Display: Finished SavePackage F:/Year 2/FMP/RPG_Game/RPG_Game/Content/Assets/Island/M_Sand.uasset
[2018.01.17-21.49.04:256][158]Cmd: OBJ SAVEPACKAGE PACKAGE="/Game/Assets/Island/M_Volcano" FILE="F:/Year 2/FMP/RPG_Game/RPG_Game/Content/Assets/Island/M_Volcano.uasset" SILENT=true
[2018.01.17-21.49.04:275][158]LogSavePackage: Save=16.83ms
[2018.01.17-21.49.04:275][158]LogSavePackage: Moving 'F:/Year 2/FMP/RPG_Game/RPG_Game/Saved/M_VolcanoEFBF9D56435D663B8C7B889AEC4460FD.tmp' to 'F:/Year 2/FMP/RPG_Game/RPG_Game/Content/Assets/Island/M_Volcano.uasset'
[2018.01.17-21.49.04:280][158]LogSavePackage:Display: Finished SavePackage F:/Year 2/FMP/RPG_Game/RPG_Game/Content/Assets/Island/M_Volcano.uasset
[2018.01.17-21.49.13:745][235]Cmd: OBJ SAVEPACKAGE PACKAGE="/Game/Maps/Tutorial" FILE="F:/Year 2/FMP/RPG_Game/RPG_Game/Content/Maps/Tutorial.umap" SILENT=true AUTOSAVING=false KEEPDIRTY=false
[2018.01.17-21.49.14:129][235]LogSavePackage: Save=360.33ms
[2018.01.17-21.49.14:129][235]LogSavePackage: Moving 'F:/Year 2/FMP/RPG_Game/RPG_Game/Saved/Tutorial45572014441BD4B52B5C2297BA25BB78.tmp' to 'F:/Year 2/FMP/RPG_Game/RPG_Game/Content/Maps/Tutorial.umap'
[2018.01.17-21.49.14:131][235]LogSavePackage:Display: Finished SavePackage F:/Year 2/FMP/RPG_Game/RPG_Game/Content/Maps/Tutorial.umap
[2018.01.17-21.49.14:170][235]Cmd: OBJ SAVEPACKAGE PACKAGE="/Game/Maps/Tutorial_BuiltData" FILE="F:/Year 2/FMP/RPG_Game/RPG_Game/Content/Maps/Tutorial_BuiltData.uasset" SILENT=true
[2018.01.17-21.49.14:325][235]LogSavePackage: Save=143.62ms
[2018.01.17-21.49.14:325][235]LogSavePackage: Moving 'F:/Year 2/FMP/RPG_Game/RPG_Game/Saved/Tutorial_BuiltDataAB3BC55A4B7994F1DBA4958D5947C26C.tmp' to 'F:/Year 2/FMP/RPG_Game/RPG_Game/Content/Maps/Tutorial_BuiltData.uasset'
[2018.01.17-21.49.14:328][235]LogSavePackage:Display: Finished SavePackage F:/Year 2/FMP/RPG_Game/RPG_Game/Content/Maps/Tutorial_BuiltData.uasset
[2018.01.17-21.49.28:943][947]SourceControl: Info On branch master
[2018.01.17-21.49.28:943][947]SourceControl: Info Your branch is up to date with 'origin/master'.
[2018.01.17-21.49.28:943][947]SourceControl: Info Changes not staged for commit:
[2018.01.17-21.49.28:943][947]SourceControl: Info   (use "git add/rm <file>..." to update what will be committed)
[2018.01.17-21.49.28:944][947]SourceControl: Info   (use "git checkout -- <file>..." to discard changes in working directory)
[2018.01.17-21.49.28:944][947]SourceControl: Info 	deleted:    Content/Levels/Island_.uasset
[2018.01.17-21.49.28:944][947]SourceControl: Info 	deleted:    Content/Levels/M_Ground.uasset
[2018.01.17-21.49.28:944][947]SourceControl: Info 	deleted:    Content/Levels/M_Lava.uasset
[2018.01.17-21.49.28:944][947]SourceControl: Info 	deleted:    Content/Levels/M_Sand.uasset
[2018.01.17-21.49.28:944][947]SourceControl: Info 	deleted:    Content/Levels/M_Volcano.uasset
[2018.01.17-21.49.28:944][947]SourceControl: Info 	modified:   Content/Maps/Tutorial.umap
[2018.01.17-21.49.28:944][947]SourceControl: Info 	modified:   Content/Maps/Tutorial_BuiltData.uasset
[2018.01.17-21.49.28:944][947]SourceControl: Info 	modified:   Intermediate/CachedAssetRegistry.bin
[2018.01.17-21.49.28:944][947]SourceControl: Info 	modified:   Saved/Autosaves/PackageRestoreData.json
[2018.01.17-21.49.28:944][947]SourceControl: Info 	modified:   Saved/Config/Windows/Editor.ini
[2018.01.17-21.49.28:944][947]SourceControl: Info 	modified:   Saved/Config/Windows/EditorPerProjectUserSettings.ini
[2018.01.17-21.49.28:944][947]SourceControl: Info 	modified:   Saved/Config/Windows/Engine.ini
[2018.01.17-21.49.28:944][947]SourceControl: Info 	deleted:    Saved/Logs/RPG_Game-backup-2018.01.13-13.35.56.log
[2018.01.17-21.49.28:944][947]SourceControl: Info 	modified:   Saved/Logs/RPG_Game.log
[2018.01.17-21.49.28:944][947]SourceControl: Info Untracked files:
[2018.01.17-21.49.28:944][947]SourceControl: Info   (use "git add <file>..." to include in what will be committed)
[2018.01.17-21.49.28:944][947]SourceControl: Info 	Content/Assets/Island/
[2018.01.17-21.49.28:944][947]SourceControl: Info 	Saved/Config/CrashReportClient/UE4CC-Windows-FA3FA7604B3E4C52DA908A8C92AC5873/
[2018.01.17-21.49.28:944][947]SourceControl: Info 	Saved/Logs/RPG_Game-backup-2018.01.17-21.48.11.log
[2018.01.17-21.49.28:944][947]SourceControl: Info no changes added to commit (use "git add" and/or "git commit -a")
[2018.01.17-21.49.32:425][349]SourceControl: Info fatal: C:/Program Files/Epic Games/UE_4.16/Engine/Content/: 'C:/Program Files/Epic Games/UE_4.16/Engine/Content/' is outside repository
[2018.01.17-21.49.32:637][349]EditorErrors:Warning: Warning No assets to check in!
[2018.01.17-21.49.37:336][889]Cmd: OBJ SAVEPACKAGE PACKAGE="/Game/Maps/Tutorial" FILE="F:/Year 2/FMP/RPG_Game/RPG_Game/Content/Maps/Tutorial.umap" SILENT=true AUTOSAVING=false KEEPDIRTY=false
[2018.01.17-21.49.37:718][889]LogSavePackage: Save=360.08ms
[2018.01.17-21.49.37:718][889]LogSavePackage: Moving 'F:/Year 2/FMP/RPG_Game/RPG_Game/Saved/Tutorial595457FD43870BEC1B2274984F52399A.tmp' to 'F:/Year 2/FMP/RPG_Game/RPG_Game/Content/Maps/Tutorial.umap'
[2018.01.17-21.49.37:720][889]LogSavePackage:Display: Finished SavePackage F:/Year 2/FMP/RPG_Game/RPG_Game/Content/Maps/Tutorial.umap
[2018.01.17-21.49.37:862][889]Cmd: OBJ SAVEPACKAGE PACKAGE="/Game/Maps/Tutorial_BuiltData" FILE="F:/Year 2/FMP/RPG_Game/RPG_Game/Content/Maps/Tutorial_BuiltData.uasset" SILENT=true
[2018.01.17-21.49.37:999][889]LogSavePackage: Save=124.63ms
[2018.01.17-21.49.37:999][889]LogSavePackage: Moving 'F:/Year 2/FMP/RPG_Game/RPG_Game/Saved/Tutorial_BuiltData70748D4145776BFE716E41945A24D8FF.tmp' to 'F:/Year 2/FMP/RPG_Game/RPG_Game/Content/Maps/Tutorial_BuiltData.uasset'
[2018.01.17-21.49.38:001][889]LogSavePackage:Display: Finished SavePackage F:/Year 2/FMP/RPG_Game/RPG_Game/Content/Maps/Tutorial_BuiltData.uasset
[2018.01.17-21.49.40:247][146]SourceControl: Info fatal: C:/Program Files/Epic Games/UE_4.16/Engine/Content/: 'C:/Program Files/Epic Games/UE_4.16/Engine/Content/' is outside repository
[2018.01.17-21.50.01:665][ 41]SourceControl: Info On branch master
[2018.01.17-21.50.01:665][ 41]SourceControl: Info Your branch is up to date with 'origin/master'.
[2018.01.17-21.50.01:665][ 41]SourceControl: Info Changes not staged for commit:
[2018.01.17-21.50.01:665][ 41]SourceControl: Info   (use "git add/rm <file>..." to update what will be committed)
[2018.01.17-21.50.01:665][ 41]SourceControl: Info   (use "git checkout -- <file>..." to discard changes in working directory)
[2018.01.17-21.50.01:665][ 41]SourceControl: Info 	deleted:    Content/Levels/Island_.uasset
[2018.01.17-21.50.01:665][ 41]SourceControl: Info 	deleted:    Content/Levels/M_Ground.uasset
[2018.01.17-21.50.01:665][ 41]SourceControl: Info 	deleted:    Content/Levels/M_Lava.uasset
[2018.01.17-21.50.01:665][ 41]SourceControl: Info 	deleted:    Content/Levels/M_Sand.uasset
[2018.01.17-21.50.01:665][ 41]SourceControl: Info 	deleted:    Content/Levels/M_Volcano.uasset
[2018.01.17-21.50.01:665][ 41]SourceControl: Info 	modified:   Content/Maps/Tutorial.umap
[2018.01.17-21.50.01:665][ 41]SourceControl: Info 	modified:   Content/Maps/Tutorial_BuiltData.uasset
[2018.01.17-21.50.01:665][ 41]SourceControl: Info 	modified:   Intermediate/CachedAssetRegistry.bin
[2018.01.17-21.50.01:665][ 41]SourceControl: Info 	modified:   Saved/Autosaves/PackageRestoreData.json
[2018.01.17-21.50.01:665][ 41]SourceControl: Info 	modified:   Saved/Config/Windows/Editor.ini
[2018.01.17-21.50.01:665][ 41]SourceControl: Info 	modified:   Saved/Config/Windows/EditorPerProjectUserSettings.ini
[2018.01.17-21.50.01:665][ 41]SourceControl: Info 	modified:   Saved/Config/Windows/Engine.ini
[2018.01.17-21.50.01:665][ 41]SourceControl: Info 	deleted:    Saved/Logs/RPG_Game-backup-2018.01.13-13.35.56.log
[2018.01.17-21.50.01:665][ 41]SourceControl: Info 	modified:   Saved/Logs/RPG_Game.log
[2018.01.17-21.50.01:665][ 41]SourceControl: Info Untracked files:
[2018.01.17-21.50.01:665][ 41]SourceControl: Info   (use "git add <file>..." to include in what will be committed)
[2018.01.17-21.50.01:665][ 41]SourceControl: Info 	Content/Assets/Island/
[2018.01.17-21.50.01:665][ 41]SourceControl: Info 	Saved/Config/CrashReportClient/UE4CC-Windows-FA3FA7604B3E4C52DA908A8C92AC5873/
[2018.01.17-21.50.01:665][ 41]SourceControl: Info 	Saved/Logs/RPG_Game-backup-2018.01.17-21.48.11.log
[2018.01.17-21.50.01:665][ 41]SourceControl: Info no changes added to commit (use "git add" and/or "git commit -a")
[2018.01.17-21.50.01:999][ 41]Cmd: OBJ SAVEPACKAGE PACKAGE="/Game/Assets/Island/SM_Island" FILE="F:/Year 2/FMP/RPG_Game/RPG_Game/Content/Assets/Island/SM_Island.uasset" SILENT=true
[2018.01.17-21.50.02:022][ 41]LogSavePackage: Save=19.37ms
[2018.01.17-21.50.02:022][ 41]LogSavePackage: Moving 'F:/Year 2/FMP/RPG_Game/RPG_Game/Saved/SM_Island9A87DCD64BE3E44307DF31865DA814B5.tmp' to 'F:/Year 2/FMP/RPG_Game/RPG_Game/Content/Assets/Island/SM_Island.uasset'
[2018.01.17-21.50.02:026][ 41]LogSavePackage:Display: Finished SavePackage F:/Year 2/FMP/RPG_Game/RPG_Game/Content/Assets/Island/SM_Island.uasset
[2018.01.17-21.50.05:263][348]Cmd: OBJ SAVEPACKAGE PACKAGE="/Game/Maps/Tutorial" FILE="F:/Year 2/FMP/RPG_Game/RPG_Game/Content/Maps/Tutorial.umap" SILENT=true AUTOSAVING=false KEEPDIRTY=false
[2018.01.17-21.50.05:624][348]LogSavePackage: Save=338.59ms
[2018.01.17-21.50.05:624][348]LogSavePackage: Moving 'F:/Year 2/FMP/RPG_Game/RPG_Game/Saved/Tutorial65E9D7264048EBC61D7700A8A8F8CF84.tmp' to 'F:/Year 2/FMP/RPG_Game/RPG_Game/Content/Maps/Tutorial.umap'
[2018.01.17-21.50.05:627][348]LogSavePackage:Display: Finished SavePackage F:/Year 2/FMP/RPG_Game/RPG_Game/Content/Maps/Tutorial.umap
[2018.01.17-21.50.05:765][348]Cmd: OBJ SAVEPACKAGE PACKAGE="/Game/Maps/Tutorial_BuiltData" FILE="F:/Year 2/FMP/RPG_Game/RPG_Game/Content/Maps/Tutorial_BuiltData.uasset" SILENT=true
[2018.01.17-21.50.05:903][348]LogSavePackage: Save=125.47ms
[2018.01.17-21.50.05:903][348]LogSavePackage: Moving 'F:/Year 2/FMP/RPG_Game/RPG_Game/Saved/Tutorial_BuiltData7A6114A74B03AB6E9ED4F58E8B3162B9.tmp' to 'F:/Year 2/FMP/RPG_Game/RPG_Game/Content/Maps/Tutorial_BuiltData.uasset'
[2018.01.17-21.50.05:906][348]LogSavePackage:Display: Finished SavePackage F:/Year 2/FMP/RPG_Game/RPG_Game/Content/Maps/Tutorial_BuiltData.uasset
[2018.01.17-21.50.07:796][563]SourceControl: Info fatal: C:/Program Files/Epic Games/UE_4.16/Engine/Content/: 'C:/Program Files/Epic Games/UE_4.16/Engine/Content/' is outside repository
[2018.01.17-21.50.39:623][563]LogSourceControl: FGitCheckInWorker: commit successful
[2018.01.17-21.50.39:761][563]SourceControl: Info [master 35deff4] Moved Island to folder, also renamed Island to fit naming conventions
[2018.01.17-21.50.39:761][563]SourceControl: Info  7 files changed, 0 insertions(+), 0 deletions(-)
[2018.01.17-21.50.39:761][563]SourceControl: Info  create mode 100644 Content/Assets/Island/M_Ground.uasset
[2018.01.17-21.50.39:761][563]SourceControl: Info  create mode 100644 Content/Assets/Island/M_Lava.uasset
[2018.01.17-21.50.39:761][563]SourceControl: Info  create mode 100644 Content/Assets/Island/M_Sand.uasset
[2018.01.17-21.50.39:761][563]SourceControl: Info  create mode 100644 Content/Assets/Island/M_Volcano.uasset
[2018.01.17-21.50.39:761][563]SourceControl: Info  create mode 100644 Content/Assets/Island/SM_Island.uasset
[2018.01.17-21.50.39:773][563]SourceControl: Info Commited [master 35deff4] Moved Island to folder, also renamed Island to fit naming conventions.
[2018.01.17-21.51.22:766][138]Cmd: OBJ SAVEPACKAGE PACKAGE="/Game/Maps/Tutorial" FILE="F:/Year 2/FMP/RPG_Game/RPG_Game/Content/Maps/Tutorial.umap" SILENT=true AUTOSAVING=false KEEPDIRTY=false
[2018.01.17-21.51.23:134][138]LogSavePackage: Save=344.52ms
[2018.01.17-21.51.23:134][138]LogSavePackage: Moving 'F:/Year 2/FMP/RPG_Game/RPG_Game/Saved/TutorialB3C6724A4F43D6507A53C493A21905F8.tmp' to 'F:/Year 2/FMP/RPG_Game/RPG_Game/Content/Maps/Tutorial.umap'
[2018.01.17-21.51.23:137][138]LogSavePackage:Display: Finished SavePackage F:/Year 2/FMP/RPG_Game/RPG_Game/Content/Maps/Tutorial.umap
[2018.01.17-21.51.23:266][138]Cmd: OBJ SAVEPACKAGE PACKAGE="/Game/Maps/Tutorial_BuiltData" FILE="F:/Year 2/FMP/RPG_Game/RPG_Game/Content/Maps/Tutorial_BuiltData.uasset" SILENT=true
[2018.01.17-21.51.23:403][138]LogSavePackage: Save=124.86ms
[2018.01.17-21.51.23:403][138]LogSavePackage: Moving 'F:/Year 2/FMP/RPG_Game/RPG_Game/Saved/Tutorial_BuiltData3C0A87C840294D67BC94EEBB86432428.tmp' to 'F:/Year 2/FMP/RPG_Game/RPG_Game/Content/Maps/Tutorial_BuiltData.uasset'
[2018.01.17-21.51.23:406][138]LogSavePackage:Display: Finished SavePackage F:/Year 2/FMP/RPG_Game/RPG_Game/Content/Maps/Tutorial_BuiltData.uasset
[2018.01.17-21.58.41:389][ 94]SourceControl: Info On branch master
[2018.01.17-21.58.41:389][ 94]SourceControl: Info Your branch is up to date with 'origin/master'.
[2018.01.17-21.58.41:389][ 94]SourceControl: Info nothing to commit, working tree clean
[2018.01.17-21.58.45:206][516]Cmd: QUIT_EDITOR
[2018.01.17-21.58.45:267][516]LogWindowsTextInputMethodSystem:Display: IME system now deactivated.
[2018.01.17-21.58.45:278][516]LogExit: Preparing to exit.
[2018.01.17-21.58.45:935][516]LogExit: Editor shut down
[2018.01.17-21.58.45:940][516]LogExit: Transaction tracking system shut down
[2018.01.17-21.58.45:998][516]LogObj: Freed 0b from 0 cluster array pools.
[2018.01.17-21.58.45:998][516]LogExit: Object subsystem successfully closed.
[2018.01.17-21.58.46:021][516]LogD3D11RHI: Shutdown
[2018.01.17-21.58.46:021][516]LogD3D11RHI: CleanupD3DDevice
[2018.01.17-21.58.46:107][516]LogD3D11RHI: ~FD3D11DynamicRHI
[2018.01.17-21.58.46:140][516]LogModuleManager: Shutting down and abandoning module HierarchicalLODOutliner (524)
[2018.01.17-21.58.46:140][516]LogModuleManager: Shutting down and abandoning module CrashTracker (522)
[2018.01.17-21.58.46:140][516]LogModuleManager: Shutting down and abandoning module SceneOutliner (520)
[2018.01.17-21.58.46:140][516]LogModuleManager: Shutting down and abandoning module AddContentDialog (518)
[2018.01.17-21.58.46:140][516]LogDirectoryWatcher: A directory notification for 'C:/Program Files/Epic Games/UE_4.16/FeaturePacks/' was aborted.
[2018.01.17-21.58.46:141][516]LogModuleManager: Shutting down and abandoning module WidgetCarousel (517)
[2018.01.17-21.58.46:141][516]LogModuleManager: Shutting down and abandoning module EditorWidgets (514)
[2018.01.17-21.58.46:141][516]LogModuleManager: Shutting down and abandoning module CollectionManager (512)
[2018.01.17-21.58.46:141][516]LogDirectoryWatcher: A directory notification for 'F:/Year 2/FMP/RPG_Game/RPG_Game/Content/Collections/' was aborted.
[2018.01.17-21.58.46:141][516]LogDirectoryWatcher: A directory notification for 'F:/Year 2/FMP/RPG_Game/RPG_Game/Content/Developers/Jordan/Collections/' was aborted.
[2018.01.17-21.58.46:141][516]LogDirectoryWatcher: A directory notification for 'F:/Year 2/FMP/RPG_Game/RPG_Game/Saved/Collections/' was aborted.
[2018.01.17-21.58.46:141][516]LogModuleManager: Shutting down and abandoning module StatsViewer (510)
[2018.01.17-21.58.46:141][516]LogModuleManager: Shutting down and abandoning module FoliageEdit (508)
[2018.01.17-21.58.46:141][516]LogModuleManager: Shutting down and abandoning module LandscapeEditor (506)
[2018.01.17-21.58.46:141][516]LogModuleManager: Shutting down and abandoning module MeshPaintMode (504)
[2018.01.17-21.58.46:141][516]LogModuleManager: Shutting down and abandoning module SceneDepthPickerMode (502)
[2018.01.17-21.58.46:141][516]LogModuleManager: Shutting down and abandoning module ActorPickerMode (500)
[2018.01.17-21.58.46:141][516]LogModuleManager: Shutting down and abandoning module GeometryMode (498)
[2018.01.17-21.58.46:141][516]LogModuleManager: Shutting down and abandoning module TextureAlignMode (496)
[2018.01.17-21.58.46:141][516]LogModuleManager: Shutting down and abandoning module BspMode (494)
[2018.01.17-21.58.46:141][516]LogModuleManager: Shutting down and abandoning module HardwareSurvey (492)
[2018.01.17-21.58.46:141][516]LogModuleManager: Shutting down and abandoning module SequenceRecorderSections (490)
[2018.01.17-21.58.46:141][516]LogModuleManager: Shutting down and abandoning module AutomationWorker (488)
[2018.01.17-21.58.46:141][516]LogModuleManager: Shutting down and abandoning module MatineeToLevelSequence (486)
[2018.01.17-21.58.46:141][516]LogModuleManager: Shutting down and abandoning module LevelSequenceEditor (484)
[2018.01.17-21.58.46:142][516]LogModuleManager: Shutting down and abandoning module PlacementMode (483)
[2018.01.17-21.58.46:142][516]LogModuleManager: Shutting down and abandoning module WmfMediaFactory (480)
[2018.01.17-21.58.46:142][516]LogModuleManager: Shutting down and abandoning module WmfMediaEditor (478)
[2018.01.17-21.58.46:142][516]LogModuleManager: Shutting down and abandoning module AvfMediaFactory (476)
[2018.01.17-21.58.46:142][516]LogModuleManager: Shutting down and abandoning module AvfMediaEditor (474)
[2018.01.17-21.58.46:142][516]LogModuleManager: Shutting down and abandoning module AndroidMediaFactory (472)
[2018.01.17-21.58.46:142][516]LogModuleManager: Shutting down and abandoning module Media (471)
[2018.01.17-21.58.46:142][516]LogModuleManager: Shutting down and abandoning module AndroidMediaEditor (468)
[2018.01.17-21.58.46:142][516]LogModuleManager: Shutting down and abandoning module CharacterAI (466)
[2018.01.17-21.58.46:142][516]LogModuleManager: Shutting down and abandoning module AudioCapture (464)
[2018.01.17-21.58.46:142][516]LogModuleManager: Shutting down and abandoning module SequenceRecorder (463)
[2018.01.17-21.58.46:142][516]LogModuleManager: Shutting down and abandoning module SmartSnapping (460)
[2018.01.17-21.58.46:142][516]LogModuleManager: Shutting down and abandoning module SessionServices (458)
[2018.01.17-21.58.46:142][516]LogModuleManager: Shutting down and abandoning module ViewportSnapping (456)
[2018.01.17-21.58.46:142][516]LogModuleManager: Shutting down and abandoning module ViewportInteraction (454)
[2018.01.17-21.58.46:142][516]LogModuleManager: Shutting down and abandoning module ClothPainter (452)
[2018.01.17-21.58.46:142][516]LogModuleManager: Shutting down and abandoning module LogVisualizer (450)
[2018.01.17-21.58.46:142][516]LogModuleManager: Shutting down and abandoning module IntroTutorials (448)
[2018.01.17-21.58.46:142][516]LogModuleManager: Shutting down and abandoning module GameProjectGeneration (447)
[2018.01.17-21.58.46:142][516]LogModuleManager: Shutting down and abandoning module EditorLiveStreaming (444)
[2018.01.17-21.58.46:142][516]LogModuleManager: Shutting down and abandoning module IOSPlatformEditor (442)
[2018.01.17-21.58.46:142][516]LogModuleManager: Shutting down and abandoning module HTML5PlatformEditor (440)
[2018.01.17-21.58.46:142][516]LogModuleManager: Shutting down and abandoning module AndroidPlatformEditor (438)
[2018.01.17-21.58.46:142][516]LogModuleManager: Shutting down and abandoning module AndroidDeviceDetection (437)
[2018.01.17-21.58.46:680][516]LogModuleManager: Shutting down and abandoning module IOSRuntimeSettings (434)
[2018.01.17-21.58.46:680][516]LogModuleManager: Shutting down and abandoning module AndroidRuntimeSettings (432)
[2018.01.17-21.58.46:680][516]LogModuleManager: Shutting down and abandoning module InputBindingEditor (430)
[2018.01.17-21.58.46:680][516]LogModuleManager: Shutting down and abandoning module MergeActors (428)
[2018.01.17-21.58.46:680][516]LogModuleManager: Shutting down and abandoning module SizeMap (426)
[2018.01.17-21.58.46:680][516]LogModuleManager: Shutting down and abandoning module TreeMap (424)
[2018.01.17-21.58.46:680][516]LogModuleManager: Shutting down and abandoning module ReferenceViewer (422)
[2018.01.17-21.58.46:680][516]LogModuleManager: Shutting down and abandoning module LocalizationDashboard (420)
[2018.01.17-21.58.46:680][516]LogModuleManager: Shutting down and abandoning module LocalizationService (419)
[2018.01.17-21.58.46:680][516]LogModuleManager: Shutting down and abandoning module HardwareTargeting (416)
[2018.01.17-21.58.46:680][516]LogModuleManager: Shutting down and abandoning module DeviceProfileEditor (414)
[2018.01.17-21.58.46:680][516]LogModuleManager: Shutting down and abandoning module UndoHistory (412)
[2018.01.17-21.58.46:680][516]LogModuleManager: Shutting down and abandoning module UserFeedback (410)
[2018.01.17-21.58.46:680][516]LogModuleManager: Shutting down and abandoning module XmlParser (408)
[2018.01.17-21.58.46:680][516]LogModuleManager: Shutting down and abandoning module Blutility (406)
[2018.01.17-21.58.46:680][516]LogModuleManager: Shutting down and abandoning module ProjectSettingsViewer (404)
[2018.01.17-21.58.46:680][516]LogModuleManager: Shutting down and abandoning module ProjectTargetPlatformEditor (403)
[2018.01.17-21.58.46:681][516]LogModuleManager: Shutting down and abandoning module EditorSettingsViewer (400)
[2018.01.17-21.58.46:681][516]LogModuleManager: Shutting down and abandoning module SettingsEditor (398)
[2018.01.17-21.58.46:681][516]LogModuleManager: Shutting down and abandoning module ProjectLauncher (396)
[2018.01.17-21.58.46:681][516]LogModuleManager: Shutting down and abandoning module SessionFrontend (394)
[2018.01.17-21.58.46:681][516]LogModuleManager: Shutting down and abandoning module ProfilerClient (392)
[2018.01.17-21.58.46:681][516]LogModuleManager: Shutting down and abandoning module DeviceManager (390)
[2018.01.17-21.58.46:681][516]LogModuleManager: Shutting down and abandoning module TargetDeviceServices (389)
[2018.01.17-21.58.46:735][516]LogModuleManager: Shutting down and abandoning module AutomationController (386)
[2018.01.17-21.58.46:735][516]LogModuleManager: Shutting down and abandoning module AutomationWindow (384)
[2018.01.17-21.58.46:735][516]LogModuleManager: Shutting down and abandoning module Layers (382)
[2018.01.17-21.58.46:735][516]LogModuleManager: Shutting down and abandoning module ComponentVisualizers (380)
[2018.01.17-21.58.46:735][516]LogModuleManager: Shutting down and abandoning module DetailCustomizations (378)
[2018.01.17-21.58.46:735][516]LogModuleManager: Shutting down and abandoning module PackagesDialog (376)
[2018.01.17-21.58.46:735][516]LogModuleManager: Shutting down and abandoning module Persona (374)
[2018.01.17-21.58.46:735][516]LogModuleManager: Shutting down and abandoning module AdvancedPreviewScene (373)
[2018.01.17-21.58.46:735][516]LogModuleManager: Shutting down and abandoning module AnimGraph (371)
[2018.01.17-21.58.46:735][516]LogModuleManager: Shutting down and abandoning module Kismet (368)
[2018.01.17-21.58.46:735][516]LogModuleManager: Shutting down and abandoning module ClassViewer (366)
[2018.01.17-21.58.46:735][516]LogModuleManager: Shutting down and abandoning module Toolbox (364)
[2018.01.17-21.58.46:735][516]LogModuleManager: Shutting down and abandoning module ModuleUI (362)
[2018.01.17-21.58.46:735][516]LogModuleManager: Shutting down and abandoning module MovieSceneTools (360)
[2018.01.17-21.58.46:735][516]LogModuleManager: Shutting down and abandoning module OutputLog (358)
[2018.01.17-21.58.46:735][516]LogModuleManager: Shutting down and abandoning module GammaUI (356)
[2018.01.17-21.58.46:735][516]LogModuleManager: Shutting down and abandoning module Documentation (354)
[2018.01.17-21.58.46:735][516]LogModuleManager: Shutting down and abandoning module MovieSceneTracks (352)
[2018.01.17-21.58.46:736][516]LogModuleManager: Shutting down and abandoning module MovieScene (350)
[2018.01.17-21.58.46:736][516]LogModuleManager: Shutting down and abandoning module Niagara (348)
[2018.01.17-21.58.46:736][516]LogModuleManager: Shutting down and abandoning module NiagaraEditor (347)
[2018.01.17-21.58.46:736][516]LogModuleManager: Shutting down and abandoning module StreamingPauseRendering (344)
[2018.01.17-21.58.46:736][516]LogModuleManager: Shutting down and abandoning module AnalyticsET (342)
[2018.01.17-21.58.46:736][516]LogModuleManager: Shutting down and abandoning module PortalServices (340)
[2018.01.17-21.58.46:736][516]LogModuleManager: Shutting down and abandoning module PortalRpc (338)
[2018.01.17-21.58.46:736][516]LogModuleManager: Shutting down and abandoning module MessagingRpc (336)
[2018.01.17-21.58.46:736][516]LogModuleManager: Shutting down and abandoning module AIModule (334)
[2018.01.17-21.58.46:736][516]LogModuleManager: Shutting down and abandoning module GameplayDebugger (333)
[2018.01.17-21.58.46:736][516]LogModuleManager: Shutting down and abandoning module AITestSuite (331)
[2018.01.17-21.58.46:736][516]LogModuleManager: Shutting down and abandoning module ProfilerService (328)
[2018.01.17-21.58.46:950][516]LogModuleManager: Shutting down and abandoning module TaskGraph (326)
[2018.01.17-21.58.46:950][516]LogModuleManager: Shutting down and abandoning module SteamVRController (324)
[2018.01.17-21.58.46:950][516]LogModuleManager: Shutting down and abandoning module SteamVR (322)
[2018.01.17-21.58.46:950][516]LogModuleManager: Shutting down and abandoning module ProceduralMeshComponentEditor (320)
[2018.01.17-21.58.46:950][516]LogModuleManager: Shutting down and abandoning module ProceduralMeshComponent (318)
[2018.01.17-21.58.46:950][516]LogModuleManager: Shutting down and abandoning module OculusLibrary (316)
[2018.01.17-21.58.46:950][516]LogModuleManager: Shutting down and abandoning module OculusInput (314)
[2018.01.17-21.58.46:950][516]LogModuleManager: Shutting down and abandoning module MobilePatchingUtils (312)
[2018.01.17-21.58.46:950][516]LogModuleManager: Shutting down and abandoning module CustomMeshComponent (310)
[2018.01.17-21.58.46:950][516]LogModuleManager: Shutting down and abandoning module CableComponent (308)
[2018.01.17-21.58.46:950][516]LogModuleManager: Shutting down and abandoning module ArchVisCharacter (306)
[2018.01.17-21.58.46:950][516]LogModuleManager: Shutting down and abandoning module AndroidPermission (304)
[2018.01.17-21.58.46:950][516]LogModuleManager: Shutting down and abandoning module MediaPlayerEditor (300)
[2018.01.17-21.58.46:950][516]LogModuleManager: Shutting down and abandoning module HTML5Networking (298)
[2018.01.17-21.58.46:950][516]LogModuleManager: Shutting down and abandoning module AlembicImporter (296)
[2018.01.17-21.58.46:951][516]LogModuleManager: Shutting down and abandoning module AlembicLibrary (295)
[2018.01.17-21.58.46:951][516]LogModuleManager: Shutting down and abandoning module GeometryCache (294)
[2018.01.17-21.58.46:951][516]LogModuleManager: Shutting down and abandoning module GeometryCacheEd (293)
[2018.01.17-21.58.46:951][516]LogModuleManager: Shutting down and abandoning module SuperSearchEditor (288)
[2018.01.17-21.58.46:951][516]LogModuleManager: Shutting down and abandoning module SuperSearch (287)
[2018.01.17-21.58.46:951][516]LogModuleManager: Shutting down and abandoning module SpeedTreeImporter (284)
[2018.01.17-21.58.46:951][516]LogModuleManager: Shutting down and abandoning module PluginBrowser (282)
[2018.01.17-21.58.46:951][516]LogModuleManager: Shutting down and abandoning module MobileLauncherProfileWizard (280)
[2018.01.17-21.58.46:951][516]LogModuleManager: Shutting down and abandoning module VisualStudioSourceCodeAccess (278)
[2018.01.17-21.58.46:951][516]LogModuleManager: Shutting down and abandoning module DesktopPlatform (277)
[2018.01.17-21.58.46:951][516]LogModuleManager: Shutting down and abandoning module UObjectPlugin (274)
[2018.01.17-21.58.46:951][516]LogModuleManager: Shutting down and abandoning module SubversionSourceControl (272)
[2018.01.17-21.58.46:951][516]LogModuleManager: Shutting down and abandoning module PerforceSourceControl (270)
[2018.01.17-21.58.46:951][516]LogModuleManager: Shutting down and abandoning module GitSourceControl (268)
[2018.01.17-21.58.46:951][516]LogModuleManager: Shutting down and abandoning module SourceControl (267)
[2018.01.17-21.58.46:951][516]LogModuleManager: Shutting down and abandoning module LightPropagationVolumeEditor (264)
[2018.01.17-21.58.46:951][516]LogModuleManager: Shutting down and abandoning module PaperTiledImporter (262)
[2018.01.17-21.58.46:951][516]LogModuleManager: Shutting down and abandoning module PaperSpriteSheetImporter (260)
[2018.01.17-21.58.46:951][516]LogModuleManager: Shutting down and abandoning module Paper2DEditor (258)
[2018.01.17-21.58.46:951][516]LogModuleManager: Shutting down and abandoning module MeshPaint (257)
[2018.01.17-21.58.46:951][516]LogModuleManager: Shutting down and abandoning module LevelEditor (255)
[2018.01.17-21.58.46:952][516]LogModuleManager: Shutting down and abandoning module PixelInspectorModule (254)
[2018.01.17-21.58.46:952][516]LogModuleManager: Shutting down and abandoning module MainFrame (252)
[2018.01.17-21.58.46:952][516]LogModuleManager: Shutting down and abandoning module HotReload (251)
[2018.01.17-21.58.46:952][516]LogModuleManager: Shutting down and abandoning module PhysXVehiclesEditor (246)
[2018.01.17-21.58.46:952][516]LogModuleManager: Shutting down and abandoning module PhysXVehicles (244)
[2018.01.17-21.58.46:952][516]LogModuleManager: Shutting down and abandoning module LocationServicesBPLibrary (242)
[2018.01.17-21.58.46:952][516]LogModuleManager: Shutting down and abandoning module ImmediatePhysicsEditor (240)
[2018.01.17-21.58.46:952][516]LogModuleManager: Shutting down and abandoning module ImmediatePhysics (238)
[2018.01.17-21.58.46:952][516]LogModuleManager: Shutting down and abandoning module UdpMessaging (236)
[2018.01.17-21.58.47:054][516]LogModuleManager: Shutting down and abandoning module TcpMessaging (234)
[2018.01.17-21.58.47:155][516]LogModuleManager: Shutting down and abandoning module GameplayTagsEditor (232)
[2018.01.17-21.58.47:156][516]LogModuleManager: Shutting down and abandoning module FacialAnimationEditor (230)
[2018.01.17-21.58.47:156][516]LogModuleManager: Shutting down and abandoning module FacialAnimation (228)
[2018.01.17-21.58.47:156][516]LogModuleManager: Shutting down and abandoning module AssetManagerEditor (226)
[2018.01.17-21.58.47:156][516]LogModuleManager: Shutting down and abandoning module GraphEditor (225)
[2018.01.17-21.58.47:156][516]LogModuleManager: Shutting down and abandoning module ContentBrowser (223)
[2018.01.17-21.58.47:157][516]LogModuleManager: Shutting down and abandoning module LightPropagationVolumeRuntime (220)
[2018.01.17-21.58.47:157][516]LogModuleManager: Shutting down and abandoning module Paper2D (218)
[2018.01.17-21.58.47:157][516]LogModuleManager: Shutting down and abandoning module WindowsMoviePlayer (216)
[2018.01.17-21.58.47:157][516]LogModuleManager: Shutting down and abandoning module WmfMedia (214)
[2018.01.17-21.58.47:159][516]LogModuleManager: Shutting down and abandoning module ClothingSystemEditor (212)
[2018.01.17-21.58.47:159][516]LogModuleManager: Shutting down and abandoning module ClothingSystemRuntime (210)
[2018.01.17-21.58.47:159][516]LogModuleManager: Shutting down and abandoning module MediaAssets (208)
[2018.01.17-21.58.47:159][516]LogModuleManager: Shutting down and abandoning module GameLiveStreaming (206)
[2018.01.17-21.58.47:159][516]LogModuleManager: Shutting down and abandoning module VREditor (204)
[2018.01.17-21.58.47:159][516]LogModuleManager: Shutting down and abandoning module StringTableEditor (202)
[2018.01.17-21.58.47:159][516]LogModuleManager: Shutting down and abandoning module GameplayTasksEditor (200)
[2018.01.17-21.58.47:159][516]LogModuleManager: Shutting down and abandoning module BehaviorTreeEditor (198)
[2018.01.17-21.58.47:159][516]LogModuleManager: Shutting down and abandoning module FunctionalTesting (196)
[2018.01.17-21.58.47:159][516]LogModuleManager: Shutting down and abandoning module CollisionAnalyzer (194)
[2018.01.17-21.58.47:159][516]LogModuleManager: Shutting down and abandoning module UMG (192)
[2018.01.17-21.58.47:159][516]LogModuleManager: Shutting down and abandoning module UMGEditor (191)
[2018.01.17-21.58.47:159][516]LogModuleManager: Shutting down and abandoning module Sequencer (190)
[2018.01.17-21.58.47:159][516]LogModuleManager: Shutting down and abandoning module AssetTools (188)
[2018.01.17-21.58.47:159][516]LogModuleManager: Shutting down and abandoning module MessageLog (187)
[2018.01.17-21.58.47:159][516]LogModuleManager: Shutting down and abandoning module WorkspaceMenuStructure (186)
[2018.01.17-21.58.47:159][516]LogModuleManager: Shutting down and abandoning module SlateReflector (180)
[2018.01.17-21.58.47:159][516]LogModuleManager: Shutting down and abandoning module Slate (178)
[2018.01.17-21.58.47:159][516]LogModuleManager: Shutting down and abandoning module EditorStyle (176)
[2018.01.17-21.58.47:162][516]LogModuleManager: Shutting down and abandoning module SourceCodeAccess (174)
[2018.01.17-21.58.47:162][516]LogModuleManager: Shutting down and abandoning module HeadMountedDisplay (172)
[2018.01.17-21.58.47:162][516]LogModuleManager: Shutting down and abandoning module XAudio2 (170)
[2018.01.17-21.58.47:162][516]LogModuleManager: Shutting down and abandoning module Networking (168)
[2018.01.17-21.58.47:162][516]LogModuleManager: Shutting down and abandoning module Core (164)
[2018.01.17-21.58.47:162][516]LogModuleManager: Shutting down and abandoning module AssetRegistry (162)
[2018.01.17-21.58.47:545][516]LogDirectoryWatcher: A directory notification for '../../../Engine/Content/' was aborted.
[2018.01.17-21.58.47:545][516]LogDirectoryWatcher: A directory notification for 'F:/Year 2/FMP/RPG_Game/RPG_Game/Content/' was aborted.
[2018.01.17-21.58.47:545][516]LogDirectoryWatcher: A directory notification for '../../../Engine/Plugins/2D/Paper2D/Content/' was aborted.
[2018.01.17-21.58.47:545][516]LogDirectoryWatcher: A directory notification for '../../../Engine/Plugins/Runtime/GearVR/Content/' was aborted.
[2018.01.17-21.58.47:550][516]LogModuleManager: Shutting down and abandoning module DirectoryWatcher (161)
[2018.01.17-21.58.47:550][516]LogModuleManager: Shutting down and abandoning module KismetCompiler (158)
[2018.01.17-21.58.47:550][516]LogModuleManager: Shutting down and abandoning module LevelSequence (156)
[2018.01.17-21.58.47:550][516]LogModuleManager: Shutting down and abandoning module PhysXFormats (154)
[2018.01.17-21.58.47:550][516]LogModuleManager: Shutting down and abandoning module MeshUtilities (152)
[2018.01.17-21.58.47:551][516]LogModuleManager: Shutting down and abandoning module SimplygonSwarm (151)
[2018.01.17-21.58.47:551][516]LogModuleManager: Shutting down and abandoning module SimplygonMeshReduction (149)
[2018.01.17-21.58.47:551][516]LogModuleManager: Shutting down and abandoning module QuadricMeshReduction (147)
[2018.01.17-21.58.47:551][516]LogModuleManager: Shutting down and abandoning module DerivedDataCache (144)
[2018.01.17-21.58.47:579][516]LogDerivedDataCache: Shutdown
[2018.01.17-21.58.47:579][516]LogModuleManager: Shutting down and abandoning module TargetPlatform (142)
[2018.01.17-21.58.47:579][516]LogModuleManager: Shutting down and abandoning module VulkanShaderFormat (141)
[2018.01.17-21.58.47:579][516]LogModuleManager: Shutting down and abandoning module ShaderFormatVectorVM (139)
[2018.01.17-21.58.47:579][516]LogModuleManager: Shutting down and abandoning module ShaderFormatOpenGL (137)
[2018.01.17-21.58.47:579][516]LogModuleManager: Shutting down and abandoning module ShaderFormatD3D (135)
[2018.01.17-21.58.47:579][516]LogModuleManager: Shutting down and abandoning module MetalShaderFormat (133)
[2018.01.17-21.58.47:579][516]LogModuleManager: Shutting down and abandoning module TextureFormatUncompressed (131)
[2018.01.17-21.58.47:579][516]LogModuleManager: Shutting down and abandoning module TextureFormatPVR (129)
[2018.01.17-21.58.47:579][516]LogModuleManager: Shutting down and abandoning module TextureFormatDXT (127)
[2018.01.17-21.58.47:579][516]LogModuleManager: Shutting down and abandoning module TextureFormatIntelISPCTexComp (125)
[2018.01.17-21.58.47:580][516]LogModuleManager: Shutting down and abandoning module TextureFormatASTC (123)
[2018.01.17-21.58.47:580][516]LogModuleManager: Shutting down and abandoning module ImageWrapper (122)
[2018.01.17-21.58.47:580][516]LogModuleManager: Shutting down and abandoning module TextureFormatAndroid (119)
[2018.01.17-21.58.47:580][516]LogModuleManager: Shutting down and abandoning module AudioFormatOpus (117)
[2018.01.17-21.58.47:580][516]LogModuleManager: Shutting down and abandoning module AudioFormatOgg (115)
[2018.01.17-21.58.47:580][516]LogModuleManager: Shutting down and abandoning module AudioFormatADPCM (113)
[2018.01.17-21.58.47:580][516]LogModuleManager: Shutting down and abandoning module LinuxTargetPlatform (111)
[2018.01.17-21.58.47:580][516]LogModuleManager: Shutting down and abandoning module LinuxServerTargetPlatform (109)
[2018.01.17-21.58.47:580][516]LogModuleManager: Shutting down and abandoning module LinuxNoEditorTargetPlatform (107)
[2018.01.17-21.58.47:580][516]LogModuleManager: Shutting down and abandoning module LinuxClientTargetPlatform (105)
[2018.01.17-21.58.47:580][516]LogModuleManager: Shutting down and abandoning module TVOSTargetPlatform (103)
[2018.01.17-21.58.47:580][516]LogModuleManager: Shutting down and abandoning module Messaging (101)
[2018.01.17-21.58.47:580][516]LogModuleManager: Shutting down and abandoning module IOSTargetPlatform (99)
[2018.01.17-21.58.47:580][516]LogModuleManager: Shutting down and abandoning module HTML5TargetPlatform (97)
[2018.01.17-21.58.47:580][516]LogModuleManager: Shutting down and abandoning module Android_PVRTCTargetPlatform (95)
[2018.01.17-21.58.47:580][516]LogModuleManager: Shutting down and abandoning module Android_MultiTargetPlatform (93)
[2018.01.17-21.58.47:580][516]LogModuleManager: Shutting down and abandoning module Android_ETC2TargetPlatform (91)
[2018.01.17-21.58.47:580][516]LogModuleManager: Shutting down and abandoning module Android_ETC1TargetPlatform (89)
[2018.01.17-21.58.47:580][516]LogModuleManager: Shutting down and abandoning module Android_DXTTargetPlatform (87)
[2018.01.17-21.58.47:580][516]LogModuleManager: Shutting down and abandoning module Android_ATCTargetPlatform (85)
[2018.01.17-21.58.47:580][516]LogModuleManager: Shutting down and abandoning module Android_ASTCTargetPlatform (83)
[2018.01.17-21.58.47:580][516]LogModuleManager: Shutting down and abandoning module AndroidTargetPlatform (81)
[2018.01.17-21.58.47:580][516]LogModuleManager: Shutting down and abandoning module WindowsTargetPlatform (79)
[2018.01.17-21.58.47:580][516]LogModuleManager: Shutting down and abandoning module WindowsServerTargetPlatform (77)
[2018.01.17-21.58.47:580][516]LogModuleManager: Shutting down and abandoning module WindowsNoEditorTargetPlatform (75)
[2018.01.17-21.58.47:580][516]LogModuleManager: Shutting down and abandoning module WindowsClientTargetPlatform (73)
[2018.01.17-21.58.47:580][516]LogModuleManager: Shutting down and abandoning module MacTargetPlatform (71)
[2018.01.17-21.58.47:580][516]LogModuleManager: Shutting down and abandoning module MacServerTargetPlatform (69)
[2018.01.17-21.58.47:580][516]LogModuleManager: Shutting down and abandoning module MacNoEditorTargetPlatform (67)
[2018.01.17-21.58.47:580][516]LogModuleManager: Shutting down and abandoning module MacClientTargetPlatform (65)
[2018.01.17-21.58.47:580][516]LogModuleManager: Shutting down and abandoning module AllDesktopTargetPlatform (63)
[2018.01.17-21.58.47:580][516]LogModuleManager: Shutting down and abandoning module InputCore (60)
[2018.01.17-21.58.47:580][516]LogModuleManager: Shutting down and abandoning module Settings (58)
[2018.01.17-21.58.47:580][516]LogModuleManager: Shutting down and abandoning module OculusRift (56)
[2018.01.17-21.58.47:580][516]LogModuleManager: Shutting down and abandoning module GearVRController (54)
[2018.01.17-21.58.47:580][516]LogModuleManager: Shutting down and abandoning module GearVR (52)
[2018.01.17-21.58.47:580][516]LogModuleManager: Shutting down and abandoning module ExampleDeviceProfileSelector (50)
[2018.01.17-21.58.47:580][516]LogModuleManager: Shutting down and abandoning module OnlineBlueprintSupport (48)
[2018.01.17-21.58.47:580][516]LogModuleManager: Shutting down and abandoning module OnlineSubsystem (44)
[2018.01.17-21.58.47:580][516]LogOnline:Display: Unloading online subsystem: NULL
[2018.01.17-21.58.47:580][516]LogModuleManager: Shutting down and abandoning module XMPP (43)
[2018.01.17-21.58.47:580][516]LogModuleManager: Shutting down and abandoning module HTTP (41)
[2018.01.17-21.58.47:580][516]LogHttp:Display: Http module shutting down, but needs to wait on 1 outstanding Http requests:
[2018.01.17-21.58.47:580][516]LogHttp:Display: 	verb=[POST] url=[https://datarouter.ol.epicgames.com/datarouter/api/v1/public/data?SessionID=%7B2E56AD92-4E0F-4730-16D7-8698FA528227%7D&AppID=UEEditor.Rocket.Release&AppVersion=4.16.3-3561208%2B%2B%2BUE4%2BRelease-4.16&UserID=f2ee2cd141fd990cd7bc44856aa9a1ea%7C3996f32fd2fe4f04a289bdcb1f9016df%7Cd35f91c7-4e6c-478a-b9f5-ce22f1949bcb&AppEnvironment=datacollector-binary&UploadType=eteventstream] status=Processing
[2018.01.17-21.58.47:596][516]LogModuleManager: Shutting down and abandoning module SSL (40)
[2018.01.17-21.58.47:597][516]LogModuleManager: Shutting down and abandoning module HTTPChunkInstaller (36)
[2018.01.17-21.58.47:597][516]LogModuleManager: Shutting down and abandoning module AnimationModifiers (34)
[2018.01.17-21.58.47:597][516]LogModuleManager: Shutting down and abandoning module PropertyEditor (33)
[2018.01.17-21.58.47:597][516]LogModuleManager: Shutting down and abandoning module AudioEditor (30)
[2018.01.17-21.58.47:597][516]LogModuleManager: Shutting down and abandoning module TextureCompressor (28)
[2018.01.17-21.58.47:597][516]LogModuleManager: Shutting down and abandoning module ShaderCore (26)
[2018.01.17-21.58.47:597][516]LogModuleManager: Shutting down and abandoning module Landscape (24)
[2018.01.17-21.58.47:598][516]LogModuleManager: Shutting down and abandoning module SlateRHIRenderer (22)
[2018.01.17-21.58.47:598][516]LogModuleManager: Shutting down and abandoning module OpenGLDrv (20)
[2018.01.17-21.58.47:598][516]LogModuleManager: Shutting down and abandoning module D3D11RHI (18)
[2018.01.17-21.58.47:598][516]LogModuleManager: Shutting down and abandoning module AnimGraphRuntime (16)
[2018.01.17-21.58.47:598][516]LogModuleManager: Shutting down and abandoning module Renderer (14)
[2018.01.17-21.58.47:599][516]LogModuleManager: Shutting down and abandoning module Engine (12)
[2018.01.17-21.58.47:599][516]LogModuleManager: Shutting down and abandoning module CoreUObject (10)
[2018.01.17-21.58.47:599][516]LogModuleManager: Shutting down and abandoning module NetworkFile (8)
[2018.01.17-21.58.47:599][516]LogModuleManager: Shutting down and abandoning module StreamingFile (6)
[2018.01.17-21.58.47:599][516]LogModuleManager: Shutting down and abandoning module SandboxFile (4)
[2018.01.17-21.58.47:599][516]LogModuleManager: Shutting down and abandoning module PakFile (2)
[2018.01.17-21.58.47:602][516]LogExit: Exiting.
[2018.01.17-21.58.47:619][516]Log file closed, 01/17/18 21:58:47
