Log file open, 01/27/18 12:48:21
LogInit:Display: Running engine for game: RPG_Game
LogPlatformFile: Not using cached read wrapper
LogInit:Display: RandInit(-1076689408) SRandInit(-1076689408).
LogTaskGraph: Started task graph with 5 named threads and 12 total threads with 1 sets of task threads.
LogStats: Stats thread started at 0.208418
LogInit: Using libcurl 7.47.1
LogInit:  - built for x86_64-pc-win32
LogInit:  - supports SSL with OpenSSL/1.0.2g
LogInit:  - supports HTTP deflate (compression) using libz 1.2.8
LogInit:  - other features:
LogInit:      CURL_VERSION_SSL
LogInit:      CURL_VERSION_LIBZ
LogInit:      CURL_VERSION_IPV6
LogInit:      CURL_VERSION_ASYNCHDNS
LogInit:      CURL_VERSION_LARGEFILE
LogInit:      CURL_VERSION_IDN
LogInit:  CurlRequestOptions (configurable via config and command line):
LogInit:  - bVerifyPeer = false  - Libcurl will NOT verify peer certificate
LogInit:  - bUseHttpProxy = false  - Libcurl will NOT use HTTP proxy
LogInit:  - bDontReuseConnections = false  - Libcurl will reuse connections
LogInit:  - CertBundlePath = nullptr  - Libcurl will use whatever was configured at build time.
LogInit: Build: ++UE4+Release-4.16-CL-3561208
LogInit: Engine Version: 4.16.3-3561208+++UE4+Release-4.16
LogInit: Compatible Engine Version: 4.16.0-3452394+++UE4+Release-4.16
LogInit: Net CL: 3452394
LogDevObjectVersion: Number of dev versions registered: 16
LogDevObjectVersion:   Dev-Blueprints (B0D832E4-1F89-4F0D-ACCF-7EB736FD4AA2): 9
LogDevObjectVersion:   Dev-Build (E1C64328-A22C-4D53-A36C-8E866417BD8C): 0
LogDevObjectVersion:   Dev-Core (375EC13C-06E4-48FB-B500-84F0262A717E): 2
LogDevObjectVersion:   Dev-Editor (E4B068ED-F494-42E9-A231-DA0B2E46BB41): 17
LogDevObjectVersion:   Dev-Framework (CFFC743F-43B0-4480-9391-14DF171D2073): 23
LogDevObjectVersion:   Dev-Mobile (B02B49B5-BB20-44E9-A304-32B752E40360): 0
LogDevObjectVersion:   Dev-Networking (A4E4105C-59A1-49B5-A7C5-40C4547EDFEE): 0
LogDevObjectVersion:   Dev-Online (39C831C9-5AE6-47DC-9A44-9C173E1C8E7C): 0
LogDevObjectVersion:   Dev-Physics (78F01B33-EBEA-4F98-B9B4-84EACCB95AA2): 0
LogDevObjectVersion:   Dev-Platform (6631380F-2D4D-43E0-8009-CF276956A95A): 0
LogDevObjectVersion:   Dev-Rendering (12F88B9F-8875-4AFC-A67C-D90C383ABD29): 15
LogDevObjectVersion:   Dev-Sequencer (7B5AE74C-D270-4C10-A958-57980B212A5A): 4
LogDevObjectVersion:   Dev-VR (D7296918-1DD6-4BDD-9DE2-64A83CC13884): 0
LogDevObjectVersion:   Dev-LoadTimes (C2A15278-BFE7-4AFE-6C17-90FF531DF755): 1
LogDevObjectVersion:   Private-Geometry (6EACA3D4-40EC-4CC1-B786-8BED09428FC5): 1
LogDevObjectVersion:   Dev-AnimPhys (29E575DD-E0A3-4627-9D10-D276232CDCEA): 3
LogInit: Compiled (64-bit): Jul 28 2017 11:49:47
LogInit: Compiled with Visual C++: 19.00.24215.01
LogInit: Build Configuration: Development
LogInit: Branch Name: ++UE4+Release-4.16
LogInit: Command line:  
LogInit: Base directory: C:/Program Files/Epic Games/UE_4.16/Engine/Binaries/Win64/
LogInit: Installed Engine Build: 1
LogInit: Presizing for max 8388607 objects, including 0 objects not considered by GC, pre-allocating 0 bytes for permanent pool.
LogInit: Object subsystem initialized
[2018.01.27-12.48.22:633][  0]LogInit: Selected Device Profile: [Windows]
[2018.01.27-12.48.22:633][  0]LogInit: Applying CVar settings loaded from the selected device profile: [Windows]
[2018.01.27-12.48.22:648][  0]LogInit: Computer: SONOFMORT
[2018.01.27-12.48.22:648][  0]LogInit: User: Jordan
[2018.01.27-12.48.22:648][  0]LogInit: CPU Page size=4096, Cores=8
[2018.01.27-12.48.22:648][  0]LogInit: High frequency timer resolution =3.124997 MHz
[2018.01.27-12.48.22:648][  0]LogMemory: Memory total: Physical=8.0GB (8GB approx)
[2018.01.27-12.48.22:648][  0]LogMemory: Platform Memory Stats for Windows
[2018.01.27-12.48.22:648][  0]LogMemory: Process Physical Memory: 276.48 MB used, 276.48 MB peak
[2018.01.27-12.48.22:648][  0]LogMemory: Process Virtual Memory: 267.78 MB used, 267.78 MB peak
[2018.01.27-12.48.22:648][  0]LogMemory: Physical Memory: 5548.09 MB used,  2599.13 MB free, 8147.22 MB total
[2018.01.27-12.48.22:648][  0]LogMemory: Virtual Memory: 673.93 MB used,  2599.13 MB free, 134217728.00 MB total
[2018.01.27-12.48.22:793][  0]LogInit: Using OS detected language (en-GB).
[2018.01.27-12.48.22:793][  0]LogInit: Using OS detected locale (en-GB).
[2018.01.27-12.48.22:802][  0]LogTextLocalizationManager: No specific localization for 'en-GB' exists, so the 'en' localization will be used.
[2018.01.27-12.48.24:404][  0]LogD3D11RHI: D3D11 adapters:
[2018.01.27-12.48.24:485][  0]LogD3D11RHI:    0. 'NVIDIA GeForce GTX 1070' (Feature Level 11_0)
[2018.01.27-12.48.24:485][  0]LogD3D11RHI:       8088/0/4073 MB DedicatedVideo/DedicatedSystem/SharedSystem, Outputs:2, VendorId:0x10de
[2018.01.27-12.48.24:489][  0]LogD3D11RHI:    1. 'Microsoft Basic Render Driver' (Feature Level 11_0)
[2018.01.27-12.48.24:489][  0]LogD3D11RHI:       0/0/4073 MB DedicatedVideo/DedicatedSystem/SharedSystem, Outputs:0, VendorId:0x1414
[2018.01.27-12.48.24:489][  0]LogD3D11RHI: Chosen D3D11 Adapter: 0
[2018.01.27-12.48.24:499][  0]LogD3D11RHI: Creating new Direct3DDevice
[2018.01.27-12.48.24:499][  0]LogD3D11RHI:     GPU DeviceId: 0x1b81 (for the marketing name, search the web for "GPU Device Id")
[2018.01.27-12.48.24:499][  0]LogWindows: EnumDisplayDevices:
[2018.01.27-12.48.24:500][  0]LogWindows:    0. 'NVIDIA GeForce GTX 1070' (P:1 D:1)
[2018.01.27-12.48.24:500][  0]LogWindows:    1. 'NVIDIA GeForce GTX 1070' (P:0 D:1)
[2018.01.27-12.48.24:500][  0]LogWindows:    2. 'NVIDIA GeForce GTX 1070' (P:0 D:0)
[2018.01.27-12.48.24:500][  0]LogWindows:    3. 'NVIDIA GeForce GTX 1070' (P:0 D:0)
[2018.01.27-12.48.24:500][  0]LogWindows: DebugString: GetVideoDriverDetailsInvalid PrimaryIsNotTheChoosenAdapter GetVideoDriverDetailsInvalid PrimaryIsNotTheChoosenAdapter GetVideoDriverDetailsInvalid PrimaryIsNotTheChoosenAdapter GetVideoDriverDetailsInvalid PrimaryIsNotTheChoosenAdapter FoundDriverCount:0 
[2018.01.27-12.48.24:500][  0]LogD3D11RHI:     Adapter Name: NVIDIA GeForce GTX 1070
[2018.01.27-12.48.24:500][  0]LogD3D11RHI:   Driver Version: Unknown (internal:Unknown, unified:Unknown)
[2018.01.27-12.48.24:500][  0]LogD3D11RHI:      Driver Date: Unknown
[2018.01.27-12.48.24:500][  0]LogRHI: Texture pool is 1361 MB (70% of 1945 MB)
[2018.01.27-12.48.24:546][  0]LogD3D11RHI: Async texture creation enabled
[2018.01.27-12.48.24:595][  0]LogD3D11RHI: GPU Timing Frequency: 1000.000000 (Debug: 2 2)
[2018.01.27-12.48.24:690][  0]LogShaderCompilers: Guid format shader working directory is 23 characters bigger than the processId version (F:/FMP/RPG_Game/RPG_Game/Intermediate/Shaders/WorkingDirectory/8796/).
[2018.01.27-12.48.24:690][  0]LogShaderCompilers: Cleaned the shader compiler working directory 'C:/Users/Jordan/AppData/Local/Temp/UnrealShaderWorkingDir/89A645A34C82126C37B539B1F66E4480/'.
[2018.01.27-12.48.24:690][  0]LogShaderCompilers:Display: Using Local Shader Compiler.
[2018.01.27-12.48.26:416][  0]LogTemp:Display: Loaded TP AllDesktopTargetPlatform
[2018.01.27-12.48.26:501][  0]LogTemp:Display: Loaded TP MacClientTargetPlatform
[2018.01.27-12.48.26:594][  0]LogTemp:Display: Loaded TP MacNoEditorTargetPlatform
[2018.01.27-12.48.26:682][  0]LogTemp:Display: Loaded TP MacServerTargetPlatform
[2018.01.27-12.48.26:777][  0]LogTemp:Display: Loaded TP MacTargetPlatform
[2018.01.27-12.48.26:872][  0]LogTemp:Display: Loaded TP WindowsClientTargetPlatform
[2018.01.27-12.48.26:969][  0]LogTemp:Display: Loaded TP WindowsNoEditorTargetPlatform
[2018.01.27-12.48.27:066][  0]LogTemp:Display: Loaded TP WindowsServerTargetPlatform
[2018.01.27-12.48.27:148][  0]LogTemp:Display: Loaded TP WindowsTargetPlatform
[2018.01.27-12.48.27:236][  0]LogTemp:Display: Loaded TP AndroidTargetPlatform
[2018.01.27-12.48.27:328][  0]LogTemp:Display: Loaded TP Android_ASTCTargetPlatform
[2018.01.27-12.48.27:415][  0]LogTemp:Display: Loaded TP Android_ATCTargetPlatform
[2018.01.27-12.48.27:511][  0]LogTemp:Display: Loaded TP Android_DXTTargetPlatform
[2018.01.27-12.48.27:619][  0]LogTemp:Display: Loaded TP Android_ETC1TargetPlatform
[2018.01.27-12.48.27:712][  0]LogTemp:Display: Loaded TP Android_ETC2TargetPlatform
[2018.01.27-12.48.27:918][  0]LogTemp:Display: Loaded TP Android_MultiTargetPlatform
[2018.01.27-12.48.27:918][  0]LogTemp:Display: Loaded TP Android_PVRTCTargetPlatform
[2018.01.27-12.48.27:999][  0]LogTemp:Display: Loaded TP HTML5TargetPlatform
[2018.01.27-12.48.28:146][  0]LogTemp:Display: Loaded TP IOSTargetPlatform
[2018.01.27-12.48.28:195][  0]LogTemp:Display: Loaded TP TVOSTargetPlatform
[2018.01.27-12.48.28:283][  0]LogTemp:Display: Loaded TP LinuxClientTargetPlatform
[2018.01.27-12.48.28:371][  0]LogTemp:Display: Loaded TP LinuxNoEditorTargetPlatform
[2018.01.27-12.48.28:466][  0]LogTemp:Display: Loaded TP LinuxServerTargetPlatform
[2018.01.27-12.48.28:559][  0]LogTemp:Display: Loaded TP LinuxTargetPlatform
[2018.01.27-12.48.28:559][  0]LogTargetPlatformManager:Display: Building Assets For Windows
[2018.01.27-12.48.29:460][  0]LogDerivedDataCache:Display: Max Cache Size: 512 MB
[2018.01.27-12.48.29:866][  0]LogDerivedDataCache: Loaded boot cache 0.41s 90MB C:/Users/Jordan/AppData/Local/UnrealEngine/4.16/DerivedDataCache/Boot.ddc.
[2018.01.27-12.48.29:866][  0]LogDerivedDataCache:Display: Loaded Boot cache: C:/Users/Jordan/AppData/Local/UnrealEngine/4.16/DerivedDataCache/Boot.ddc
[2018.01.27-12.48.29:866][  0]LogDerivedDataCache: FDerivedDataBackendGraph:  Pak pak cache file F:/FMP/RPG_Game/RPG_Game/DerivedDataCache/DDC.ddp not found, will not use a pak cache.
[2018.01.27-12.48.29:866][  0]LogDerivedDataCache: Unable to find inner node Pak for hierarchical cache Hierarchy.
[2018.01.27-12.48.29:866][  0]LogDerivedDataCache: FDerivedDataBackendGraph:  CompressedPak pak cache file F:/FMP/RPG_Game/RPG_Game/DerivedDataCache/Compressed.ddp not found, will not use a pak cache.
[2018.01.27-12.48.29:866][  0]LogDerivedDataCache: Unable to find inner node CompressedPak for hierarchical cache Hierarchy.
[2018.01.27-12.48.29:889][  0]LogDerivedDataCache:Display: Pak cache opened for reading ../../../Engine/DerivedDataCache/Compressed.ddp.
[2018.01.27-12.48.29:903][  0]LogDerivedDataCache: Using Local data cache path C:/Users/Jordan/AppData/Local/UnrealEngine/Common/DerivedDataCache: Writable
[2018.01.27-12.48.29:915][  0]LogMaterial: Verifying Global Shaders for PCD3D_SM5
[2018.01.27-12.48.29:915][  0]LogSlate: Using Freetype 2.6.0
[2018.01.27-12.48.29:917][  0]LogSlate: SlateFontCache - WITH_FREETYPE: 1, WITH_HARFBUZZ: 1
[2018.01.27-12.48.29:917][  0]LogSlate: SlateFontCache - WITH_FREETYPE: 1, WITH_HARFBUZZ: 1
[2018.01.27-12.48.30:621][  0]LogInit: Selected Device Profile: [Windows]
[2018.01.27-12.48.30:764][  0]LogContentStreaming: Texture pool size is 0.00 MB
[2018.01.27-12.48.30:984][  0]LogMeshUtilities: Using QuadricMeshReduction for automatic static mesh reduction
[2018.01.27-12.48.31:067][  0]LogSimplygon: Simplygon DLL not present - disabling.
[2018.01.27-12.48.31:163][  0]LogMeshUtilities: Using SimplygonSwarm for distributed automatic mesh merging
[2018.01.27-12.48.31:163][  0]LogMeshUtilities: No automatic skeletal mesh reduction module available
[2018.01.27-12.48.31:164][  0]LogMeshUtilities: No automatic mesh merging module available
[2018.01.27-12.48.32:088][  0]LogNetVersion: RPG_Game , NetCL: 3452394, EngineNetVer: 2, GameNetVer: 0 (Checksum: 2586067795)
[2018.01.27-12.48.32:174][  0]LogAssetRegistry: FAssetRegistry took 0.0272 seconds to start up
[2018.01.27-12.48.32:383][  0]LogPackageLocalizationCache: Processed 4 localized package path(s) for 2 prioritized culture(s) in 0.172040 seconds
[2018.01.27-12.48.32:392][  0]LogUObjectArray: 34194 objects as part of root set at end of initial load.
[2018.01.27-12.48.32:392][  0]LogUObjectAllocator: 7260424 out of 0 bytes used by permanent object pool.
[2018.01.27-12.48.32:392][  0]LogUObjectArray: CloseDisregardForGC: 0/0 objects in disregard for GC pool
[2018.01.27-12.48.32:509][  0]LogInit: WinSock: version 1.1 (2.2), MaxSocks=32767, MaxUdp=65467
[2018.01.27-12.48.37:201][  0]LogTcpMessaging: Initializing TcpMessaging bridge
[2018.01.27-12.48.37:266][  0]LogUdpMessaging: Initializing bridge on interface 0.0.0.0:0 to multicast group 230.0.0.1:6666.
[2018.01.27-12.48.38:187][  0]LogMaterial: Uniform references updated for custom material expression Custom.
[2018.01.27-12.48.38:898][  0]SourceControl: Info Source control is disabled
[2018.01.27-12.48.41:566][  0]LogAndroidPermission: UAndroidPermissionCallbackProxy::GetInstance
[2018.01.27-12.48.42:678][  0]LogEngine: Initializing Engine...
[2018.01.27-12.48.42:680][  0]LogHMD: Failed to initialize OpenVR with code 110
[2018.01.27-12.48.42:936][  0]LogStats: UGameplayTagsManager::ConstructGameplayTagTree: Construct from data asset -  0.000 s
[2018.01.27-12.48.42:936][  0]LogStats: UGameplayTagsManager::ConstructGameplayTagTree: GameplayTagTreeChangedEvent.Broadcast -  0.000 s
[2018.01.27-12.48.43:193][  0]LogAIModule: Creating AISystem for world Untitled
[2018.01.27-12.48.43:204][  0]LogInit: XAudio2 using 'Headset Earphone (Corsair VOID RGB USB Gaming Headset)' : 6 channels at 48 kHz using 16 bits per sample (channel mask 0x3f)
[2018.01.27-12.48.43:327][  0]LogInit: FAudioDevice initialized.
[2018.01.27-12.48.43:394][  0]LogDerivedDataCache: Saved boot cache 0.07s 90MB C:/Users/Jordan/AppData/Local/UnrealEngine/4.16/DerivedDataCache/Boot.ddc.
[2018.01.27-12.48.43:410][  0]LogInit: Texture streaming: Enabled
[2018.01.27-12.48.43:600][  0]LogEngineSessionManager: EngineSessionManager initialized
[2018.01.27-12.48.43:601][  0]LogEngineSessionManager: EngineSessionManager sent abnormal shutdown report. Type=AbnormalShutdown, SessionId={1C165D96-485F-FE62-9D33-06805FAB9120}
[2018.01.27-12.48.44:048][  0]LogInit: Transaction tracking system initialized
[2018.01.27-12.48.44:678][  0]BlueprintLog: New page: Editor Load
[2018.01.27-12.48.46:581][  0]LocalizationService: Info Localization service is disabled
[2018.01.27-12.48.48:012][  0]LogConsoleResponse:Display: 
[2018.01.27-12.48.48:320][  0]LogCook:Display: Max memory allowance for cook 16384mb min free memory 0mb
[2018.01.27-12.48.48:320][  0]LogCook:Display: Mobile HDR setting 1
[2018.01.27-12.48.48:935][  0]LogFileCache: Scanning file cache for directory 'F:/FMP/RPG_Game/RPG_Game/Content/' took 0.04s
[2018.01.27-12.48.50:747][  0]Cmd: MAP LOAD FILE="F:/FMP/RPG_Game/RPG_Game/Content/Maps/HelloWorld.umap" TEMPLATE=0 SHOWPROGRESS=1 FEATURELEVEL=3
[2018.01.27-12.48.50:776][  0]LightingResults: New page: Lighting Build
[2018.01.27-12.48.50:860][  0]MapCheck: New page: Map Check
[2018.01.27-12.48.50:860][  0]LightingResults: New page: Lighting Build
[2018.01.27-12.48.51:388][  0]LogAIModule: Creating AISystem for world HelloWorld
[2018.01.27-12.48.51:688][  0]LogEditorServer: Finished looking for orphan Actors (0.000 secs)
[2018.01.27-12.48.51:724][  0]Cmd: MAP CHECKDEP NOCLEARLOG
[2018.01.27-12.48.51:821][  0]MapCheck: Info Map check complete: 0 Error(s), 0 Warning(s), took 97.266ms to complete.
[2018.01.27-12.48.51:821][  0]LogFileHelpers: Loading map 'HelloWorld' took 1.075
[2018.01.27-12.48.52:087][  0]LogCollectionManager: Loaded 0 collections in 0.002427 seconds
[2018.01.27-12.48.52:221][  0]LogFileCache: Scanning file cache for directory 'F:/FMP/RPG_Game/RPG_Game/Saved/Collections/' took 0.01s
[2018.01.27-12.48.52:221][  0]LogFileCache: Scanning file cache for directory 'F:/FMP/RPG_Game/RPG_Game/Content/Developers/Jordan/Collections/' took 0.01s
[2018.01.27-12.48.52:221][  0]LogFileCache: Scanning file cache for directory 'F:/FMP/RPG_Game/RPG_Game/Content/Collections/' took 0.01s
[2018.01.27-12.48.52:221][  0]LogCollectionManager: Rebuilt the GUID cache for 0 collections in 0.000002 seconds
[2018.01.27-12.48.52:236][  0]LogContentBrowser: Native class hierarchy populated in 0.0130 seconds. Added 2329 classes and 491 folders.
[2018.01.27-12.48.52:351][  0]LogContentBrowser: Native class hierarchy updated for 'WidgetCarousel' in 0.0008 seconds. Added 0 classes and 0 folders.
[2018.01.27-12.48.52:505][  0]LogContentBrowser: Native class hierarchy updated for 'AddContentDialog' in 0.0009 seconds. Added 0 classes and 0 folders.
[2018.01.27-12.48.52:584][  0]LogContentBrowser: Native class hierarchy updated for 'SceneOutliner' in 0.0008 seconds. Added 1 classes and 2 folders.
[2018.01.27-12.48.52:681][  0]LogCrashTracker: Crashtracker disabled due to settings.
[2018.01.27-12.48.52:698][  0]LogSlate: Took 0.001241 seconds to synchronously load lazily loaded font '../../../Engine/Content/Slate/Fonts/Roboto-Regular.ttf' (155K)
[2018.01.27-12.48.52:704][  0]LogSlate: Took 0.001301 seconds to synchronously load lazily loaded font '../../../Engine/Content/Slate/Fonts/Roboto-Bold.ttf' (160K)
[2018.01.27-12.48.52:709][  0]LogSlate: Took 0.001351 seconds to synchronously load lazily loaded font '../../../Engine/Content/Editor/Slate/Fonts/FontAwesome.ttf' (139K)
[2018.01.27-12.48.52:803][  0]LogRenderer: Reallocating scene render targets to support 1528x624 NumSamples 1 (Frame:1).
[2018.01.27-12.48.53:062][  0]LogUObjectGlobals:Warning: Failed to find object 'Class None.'
[2018.01.27-12.48.53:163][  0]LogContentBrowser: Native class hierarchy updated for 'HierarchicalLODOutliner' in 0.0008 seconds. Added 1 classes and 2 folders.
[2018.01.27-12.48.53:163][  0]LogLoad: (Engine Initialization) Total time: 33.51 seconds
[2018.01.27-12.48.53:163][  0]LogLoad: (Engine Initialization) Total Blueprint compile time: 0.11 seconds
[2018.01.27-12.48.53:163][  0]LogExternalProfiler: No external profilers were discovered.  External profiling features will not be available.
[2018.01.27-12.48.53:174][  0]LogWindowsTextInputMethodSystem:Display: IME system now deactivated.
[2018.01.27-12.48.53:175][  0]LogOcInput: OculusInput pre-init called
[2018.01.27-12.48.53:175][  0]LogHMD: Starting GearVRController plugin
[2018.01.27-12.48.53:201][  0]SourceControl: Info On branch master
[2018.01.27-12.48.53:201][  0]SourceControl: Info Your branch is up to date with 'origin/master'.
[2018.01.27-12.48.53:201][  0]SourceControl: Info Untracked files:
[2018.01.27-12.48.53:201][  0]SourceControl: Info   (use "git add <file>..." to include in what will be committed)
[2018.01.27-12.48.53:201][  0]SourceControl: Info 	Saved/Config/CrashReportClient/UE4CC-Windows-3E72AB374D70BFFBB91F0DAEB75D536F/
[2018.01.27-12.48.53:201][  0]SourceControl: Info 	Saved/Logs/RPG_Game_3.log
[2018.01.27-12.48.53:201][  0]SourceControl: Info nothing added to commit but untracked files present (use "git add" to track)
[2018.01.27-12.48.53:202][  0]LogContentStreaming: Texture pool size now 1000 MB
[2018.01.27-12.48.53:301][  1]LogSlate: Took 0.001687 seconds to synchronously load lazily loaded font '../../../Engine/Content/Slate/Fonts/Roboto-Light.ttf' (159K)
[2018.01.27-12.48.53:344][  2]LogAssetRegistry: Asset discovery search completed in 21.1921 seconds
[2018.01.27-12.48.53:355][  2]LogCollectionManager: Rebuilt the object cache for 0 collections in 0.000001 seconds (found 0 objects)
[2018.01.27-12.48.53:355][  2]LogCollectionManager: Fixed up redirectors for 0 collections in 0.000048 seconds (updated 0 objects)
[2018.01.27-12.48.56:412][297]LogTemp: Repeting last play command: Selected Viewport
[2018.01.27-12.48.56:743][297]LogBlueprintUserMessages: Early PlayInEditor Detection: Level '/Game/Maps/HelloWorld.HelloWorld:PersistentLevel' has LevelScriptBlueprint '/Game/Maps/HelloWorld.HelloWorld:PersistentLevel.HelloWorld' with GeneratedClass '/Game/Maps/HelloWorld.HelloWorld_C' with ClassGeneratedBy '/Game/Maps/HelloWorld.HelloWorld:PersistentLevel.HelloWorld'
[2018.01.27-12.48.56:744][297]LogPlayLevel: PlayLevel: No blueprints needed recompiling
[2018.01.27-12.48.56:747][297]PIE: New page: PIE session: HelloWorld (27 Jan 2018 12:48:56)
[2018.01.27-12.48.56:747][297]LogPlayLevel: Creating play world package: /Game/Maps/UEDPIE_0_HelloWorld
[2018.01.27-12.48.56:811][297]LogPlayLevel: PIE: StaticDuplicateObject took: (0.063020s)
[2018.01.27-12.48.56:811][297]LogAIModule: Creating AISystem for world HelloWorld
[2018.01.27-12.48.56:812][297]LogPlayLevel: PIE: World Init took: (0.000902s)
[2018.01.27-12.48.56:812][297]LogPlayLevel: PIE: Created PIE world by copying editor world from /Game/Maps/HelloWorld.HelloWorld to /Game/Maps/UEDPIE_0_HelloWorld.HelloWorld (0.064415s)
[2018.01.27-12.48.56:829][297]LogInit: XAudio2 using 'Headset Earphone (Corsair VOID RGB USB Gaming Headset)' : 6 channels at 48 kHz using 16 bits per sample (channel mask 0x3f)
[2018.01.27-12.48.56:841][297]LogInit: FAudioDevice initialized.
[2018.01.27-12.48.57:586][297]LogLoad: Game class is 'RPGGM_C'
[2018.01.27-12.48.57:595][297]LogWorld: Bringing World /Game/Maps/UEDPIE_0_HelloWorld.HelloWorld up for play (max tick rate 0) at 2018.01.27-12.48.57
[2018.01.27-12.48.57:600][297]LogWorld: Bringing up level for play took: 0.007169
[2018.01.27-12.48.57:689][297]LogContentBrowser: Native class hierarchy updated for 'MovieSceneCapture' in 0.0009 seconds. Added 11 classes and 0 folders.
[2018.01.27-12.48.57:714][297]PIE: Info Play in editor start time for /Game/Maps/UEDPIE_0_HelloWorld 0.988
[2018.01.27-12.48.57:714][297]LogBlueprintUserMessages: Late PlayInEditor Detection: Level '/Game/Maps/HelloWorld.HelloWorld:PersistentLevel' has LevelScriptBlueprint '/Game/Maps/HelloWorld.HelloWorld:PersistentLevel.HelloWorld' with GeneratedClass '/Game/Maps/HelloWorld.HelloWorld_C' with ClassGeneratedBy '/Game/Maps/HelloWorld.HelloWorld:PersistentLevel.HelloWorld'
[2018.01.27-12.49.06:494][340]LogBlueprintUserMessages: [HelloWorld_C_1] You Died
[2018.01.27-12.49.07:858][502]LogBlueprintUserMessages: Early EndPlayMap Detection: Level '/Game/Maps/HelloWorld.HelloWorld:PersistentLevel' has LevelScriptBlueprint '/Game/Maps/HelloWorld.HelloWorld:PersistentLevel.HelloWorld' with GeneratedClass '/Game/Maps/HelloWorld.HelloWorld_C' with ClassGeneratedBy '/Game/Maps/HelloWorld.HelloWorld:PersistentLevel.HelloWorld'
[2018.01.27-12.49.07:897][502]LogBlueprintUserMessages: Late EndPlayMap Detection: Level '/Game/Maps/HelloWorld.HelloWorld:PersistentLevel' has LevelScriptBlueprint '/Game/Maps/HelloWorld.HelloWorld:PersistentLevel.HelloWorld' with GeneratedClass '/Game/Maps/HelloWorld.HelloWorld_C' with ClassGeneratedBy '/Game/Maps/HelloWorld.HelloWorld:PersistentLevel.HelloWorld'
[2018.01.27-12.49.22:960][188]LogTemp: Repeting last play command: Selected Viewport
[2018.01.27-12.49.22:984][188]LogBlueprintUserMessages: Early PlayInEditor Detection: Level '/Game/Maps/HelloWorld.HelloWorld:PersistentLevel' has LevelScriptBlueprint '/Game/Maps/HelloWorld.HelloWorld:PersistentLevel.HelloWorld' with GeneratedClass '/Game/Maps/HelloWorld.HelloWorld_C' with ClassGeneratedBy '/Game/Maps/HelloWorld.HelloWorld:PersistentLevel.HelloWorld'
[2018.01.27-12.49.22:984][188]LogPlayLevel: PlayLevel: No blueprints needed recompiling
[2018.01.27-12.49.22:985][188]PIE: New page: PIE session: HelloWorld (27 Jan 2018 12:49:22)
[2018.01.27-12.49.22:985][188]LogPlayLevel: Creating play world package: /Game/Maps/UEDPIE_0_HelloWorld
[2018.01.27-12.49.23:004][188]LogPlayLevel: PIE: StaticDuplicateObject took: (0.019156s)
[2018.01.27-12.49.23:004][188]LogAIModule: Creating AISystem for world HelloWorld
[2018.01.27-12.49.23:005][188]LogPlayLevel: PIE: World Init took: (0.000826s)
[2018.01.27-12.49.23:005][188]LogPlayLevel: PIE: Created PIE world by copying editor world from /Game/Maps/HelloWorld.HelloWorld to /Game/Maps/UEDPIE_0_HelloWorld.HelloWorld (0.020185s)
[2018.01.27-12.49.23:023][188]LogInit: XAudio2 using 'Headset Earphone (Corsair VOID RGB USB Gaming Headset)' : 6 channels at 48 kHz using 16 bits per sample (channel mask 0x3f)
[2018.01.27-12.49.23:033][188]LogInit: FAudioDevice initialized.
[2018.01.27-12.49.23:067][188]LogLoad: Game class is 'RPGGM_C'
[2018.01.27-12.49.23:072][188]LogWorld: Bringing World /Game/Maps/UEDPIE_0_HelloWorld.HelloWorld up for play (max tick rate 0) at 2018.01.27-12.49.23
[2018.01.27-12.49.23:073][188]LogWorld: Bringing up level for play took: 0.004212
[2018.01.27-12.49.23:077][188]PIE: Info Play in editor start time for /Game/Maps/UEDPIE_0_HelloWorld 0.352
[2018.01.27-12.49.23:077][188]LogBlueprintUserMessages: Late PlayInEditor Detection: Level '/Game/Maps/HelloWorld.HelloWorld:PersistentLevel' has LevelScriptBlueprint '/Game/Maps/HelloWorld.HelloWorld:PersistentLevel.HelloWorld' with GeneratedClass '/Game/Maps/HelloWorld.HelloWorld_C' with ClassGeneratedBy '/Game/Maps/HelloWorld.HelloWorld:PersistentLevel.HelloWorld'
[2018.01.27-12.49.29:705][978]LogBlueprintUserMessages: [HelloWorld_C_1] You Died
[2018.01.27-12.49.30:806][110]LogBlueprintUserMessages: Early EndPlayMap Detection: Level '/Game/Maps/HelloWorld.HelloWorld:PersistentLevel' has LevelScriptBlueprint '/Game/Maps/HelloWorld.HelloWorld:PersistentLevel.HelloWorld' with GeneratedClass '/Game/Maps/HelloWorld.HelloWorld_C' with ClassGeneratedBy '/Game/Maps/HelloWorld.HelloWorld:PersistentLevel.HelloWorld'
[2018.01.27-12.49.30:862][110]LogBlueprintUserMessages: Late EndPlayMap Detection: Level '/Game/Maps/HelloWorld.HelloWorld:PersistentLevel' has LevelScriptBlueprint '/Game/Maps/HelloWorld.HelloWorld:PersistentLevel.HelloWorld' with GeneratedClass '/Game/Maps/HelloWorld.HelloWorld_C' with ClassGeneratedBy '/Game/Maps/HelloWorld.HelloWorld:PersistentLevel.HelloWorld'
[2018.01.27-12.49.34:228][488]LogAudio:Warning: Current Audio Device with ID {0.0.0.00000000}.{5f2d4761-65e9-44f2-8f8a-ecfdcf44ca5b} was removed. Shutting down audio device.
[2018.01.27-12.49.34:228][488]LogAudio:Warning: Current Audio Device with ID {0.0.0.00000000}.{5f2d4761-65e9-44f2-8f8a-ecfdcf44ca5b} was removed. Shutting down audio device.
[2018.01.27-12.55.07:021][858]LogTemp: Repeting last play command: Selected Viewport
[2018.01.27-12.55.07:045][858]LogBlueprintUserMessages: Early PlayInEditor Detection: Level '/Game/Maps/HelloWorld.HelloWorld:PersistentLevel' has LevelScriptBlueprint '/Game/Maps/HelloWorld.HelloWorld:PersistentLevel.HelloWorld' with GeneratedClass '/Game/Maps/HelloWorld.HelloWorld_C' with ClassGeneratedBy '/Game/Maps/HelloWorld.HelloWorld:PersistentLevel.HelloWorld'
[2018.01.27-12.55.07:045][858]LogPlayLevel: PlayLevel: No blueprints needed recompiling
[2018.01.27-12.55.07:045][858]PIE: New page: PIE session: HelloWorld (27 Jan 2018 12:55:07)
[2018.01.27-12.55.07:045][858]LogPlayLevel: Creating play world package: /Game/Maps/UEDPIE_0_HelloWorld
[2018.01.27-12.55.07:064][858]LogPlayLevel: PIE: StaticDuplicateObject took: (0.019042s)
[2018.01.27-12.55.07:065][858]LogAIModule: Creating AISystem for world HelloWorld
[2018.01.27-12.55.07:065][858]LogPlayLevel: PIE: World Init took: (0.001131s)
[2018.01.27-12.55.07:066][858]LogPlayLevel: PIE: Created PIE world by copying editor world from /Game/Maps/HelloWorld.HelloWorld to /Game/Maps/UEDPIE_0_HelloWorld.HelloWorld (0.020475s)
[2018.01.27-12.55.07:081][858]LogInit: XAudio2 using 'Headset Earphone (Corsair VOID RGB USB Gaming Headset)' : 6 channels at 48 kHz using 16 bits per sample (channel mask 0x3f)
[2018.01.27-12.55.07:379][858]LogInit: FAudioDevice initialized.
[2018.01.27-12.55.07:408][858]LogLoad: Game class is 'RPGGM_C'
[2018.01.27-12.55.07:414][858]LogWorld: Bringing World /Game/Maps/UEDPIE_0_HelloWorld.HelloWorld up for play (max tick rate 0) at 2018.01.27-12.55.07
[2018.01.27-12.55.07:415][858]LogWorld: Bringing up level for play took: 0.005196
[2018.01.27-12.55.07:419][858]PIE: Info Play in editor start time for /Game/Maps/UEDPIE_0_HelloWorld 0.694
[2018.01.27-12.55.07:420][858]LogBlueprintUserMessages: Late PlayInEditor Detection: Level '/Game/Maps/HelloWorld.HelloWorld:PersistentLevel' has LevelScriptBlueprint '/Game/Maps/HelloWorld.HelloWorld:PersistentLevel.HelloWorld' with GeneratedClass '/Game/Maps/HelloWorld.HelloWorld_C' with ClassGeneratedBy '/Game/Maps/HelloWorld.HelloWorld:PersistentLevel.HelloWorld'
[2018.01.27-12.55.09:561][111]LogBlueprintUserMessages: Early EndPlayMap Detection: Level '/Game/Maps/HelloWorld.HelloWorld:PersistentLevel' has LevelScriptBlueprint '/Game/Maps/HelloWorld.HelloWorld:PersistentLevel.HelloWorld' with GeneratedClass '/Game/Maps/HelloWorld.HelloWorld_C' with ClassGeneratedBy '/Game/Maps/HelloWorld.HelloWorld:PersistentLevel.HelloWorld'
[2018.01.27-12.55.09:614][111]LogBlueprintUserMessages: Late EndPlayMap Detection: Level '/Game/Maps/HelloWorld.HelloWorld:PersistentLevel' has LevelScriptBlueprint '/Game/Maps/HelloWorld.HelloWorld:PersistentLevel.HelloWorld' with GeneratedClass '/Game/Maps/HelloWorld.HelloWorld_C' with ClassGeneratedBy '/Game/Maps/HelloWorld.HelloWorld:PersistentLevel.HelloWorld'
[2018.01.27-12.55.13:260][518]LogEditorViewport: Clicking on Actor (LMB): KillZVolume (KillZVolume)
[2018.01.27-12.55.17:414][  8]LogTemp: Repeting last play command: Selected Viewport
[2018.01.27-12.55.17:466][  8]LogBlueprintUserMessages: Early PlayInEditor Detection: Level '/Game/Maps/HelloWorld.HelloWorld:PersistentLevel' has LevelScriptBlueprint '/Game/Maps/HelloWorld.HelloWorld:PersistentLevel.HelloWorld' with GeneratedClass '/Game/Maps/HelloWorld.HelloWorld_C' with ClassGeneratedBy '/Game/Maps/HelloWorld.HelloWorld:PersistentLevel.HelloWorld'
[2018.01.27-12.55.17:466][  8]LogPlayLevel: PlayLevel: No blueprints needed recompiling
[2018.01.27-12.55.17:466][  8]PIE: New page: PIE session: HelloWorld (27 Jan 2018 12:55:17)
[2018.01.27-12.55.17:466][  8]LogPlayLevel: Creating play world package: /Game/Maps/UEDPIE_0_HelloWorld
[2018.01.27-12.55.17:484][  8]LogPlayLevel: PIE: StaticDuplicateObject took: (0.018243s)
[2018.01.27-12.55.17:485][  8]LogAIModule: Creating AISystem for world HelloWorld
[2018.01.27-12.55.17:485][  8]LogPlayLevel: PIE: World Init took: (0.000832s)
[2018.01.27-12.55.17:485][  8]LogPlayLevel: PIE: Created PIE world by copying editor world from /Game/Maps/HelloWorld.HelloWorld to /Game/Maps/UEDPIE_0_HelloWorld.HelloWorld (0.019302s)
[2018.01.27-12.55.17:502][  8]LogInit: XAudio2 using 'Headset Earphone (Corsair VOID RGB USB Gaming Headset)' : 6 channels at 48 kHz using 16 bits per sample (channel mask 0x3f)
[2018.01.27-12.55.17:701][  8]LogInit: FAudioDevice initialized.
[2018.01.27-12.55.17:732][  8]LogLoad: Game class is 'RPGGM_C'
[2018.01.27-12.55.17:737][  8]LogWorld: Bringing World /Game/Maps/UEDPIE_0_HelloWorld.HelloWorld up for play (max tick rate 0) at 2018.01.27-12.55.17
[2018.01.27-12.55.17:739][  8]LogWorld: Bringing up level for play took: 0.004771
[2018.01.27-12.55.17:742][  8]PIE: Info Play in editor start time for /Game/Maps/UEDPIE_0_HelloWorld 1.017
[2018.01.27-12.55.17:742][  8]LogBlueprintUserMessages: Late PlayInEditor Detection: Level '/Game/Maps/HelloWorld.HelloWorld:PersistentLevel' has LevelScriptBlueprint '/Game/Maps/HelloWorld.HelloWorld:PersistentLevel.HelloWorld' with GeneratedClass '/Game/Maps/HelloWorld.HelloWorld_C' with ClassGeneratedBy '/Game/Maps/HelloWorld.HelloWorld:PersistentLevel.HelloWorld'
[2018.01.27-12.55.23:214][663]LogBlueprintUserMessages: [HelloWorld_C_1] You Died
[2018.01.27-12.55.24:073][766]LogBlueprintUserMessages: Early EndPlayMap Detection: Level '/Game/Maps/HelloWorld.HelloWorld:PersistentLevel' has LevelScriptBlueprint '/Game/Maps/HelloWorld.HelloWorld:PersistentLevel.HelloWorld' with GeneratedClass '/Game/Maps/HelloWorld.HelloWorld_C' with ClassGeneratedBy '/Game/Maps/HelloWorld.HelloWorld:PersistentLevel.HelloWorld'
[2018.01.27-12.55.24:124][766]LogBlueprintUserMessages: Late EndPlayMap Detection: Level '/Game/Maps/HelloWorld.HelloWorld:PersistentLevel' has LevelScriptBlueprint '/Game/Maps/HelloWorld.HelloWorld:PersistentLevel.HelloWorld' with GeneratedClass '/Game/Maps/HelloWorld.HelloWorld_C' with ClassGeneratedBy '/Game/Maps/HelloWorld.HelloWorld:PersistentLevel.HelloWorld'
[2018.01.27-12.55.38:875][428]LogNavigationPoint: PostEditMove Clear paths rebuilt
[2018.01.27-12.55.39:600][512]LogNavigationPoint: PostEditMove Clear paths rebuilt
[2018.01.27-12.55.41:919][783]LogTemp: Repeting last play command: Selected Viewport
[2018.01.27-12.55.41:941][783]LogBlueprintUserMessages: Early PlayInEditor Detection: Level '/Game/Maps/HelloWorld.HelloWorld:PersistentLevel' has LevelScriptBlueprint '/Game/Maps/HelloWorld.HelloWorld:PersistentLevel.HelloWorld' with GeneratedClass '/Game/Maps/HelloWorld.HelloWorld_C' with ClassGeneratedBy '/Game/Maps/HelloWorld.HelloWorld:PersistentLevel.HelloWorld'
[2018.01.27-12.55.41:941][783]LogPlayLevel: PlayLevel: No blueprints needed recompiling
[2018.01.27-12.55.41:941][783]PIE: New page: PIE session: HelloWorld (27 Jan 2018 12:55:41)
[2018.01.27-12.55.41:941][783]LogPlayLevel: Creating play world package: /Game/Maps/UEDPIE_0_HelloWorld
[2018.01.27-12.55.41:958][783]LogPlayLevel: PIE: StaticDuplicateObject took: (0.016787s)
[2018.01.27-12.55.41:958][783]LogAIModule: Creating AISystem for world HelloWorld
[2018.01.27-12.55.41:959][783]LogPlayLevel: PIE: World Init took: (0.000738s)
[2018.01.27-12.55.41:959][783]LogPlayLevel: PIE: Created PIE world by copying editor world from /Game/Maps/HelloWorld.HelloWorld to /Game/Maps/UEDPIE_0_HelloWorld.HelloWorld (0.017708s)
[2018.01.27-12.55.41:974][783]LogInit: XAudio2 using 'Headset Earphone (Corsair VOID RGB USB Gaming Headset)' : 6 channels at 48 kHz using 16 bits per sample (channel mask 0x3f)
[2018.01.27-12.55.42:154][783]LogInit: FAudioDevice initialized.
[2018.01.27-12.55.42:187][783]LogLoad: Game class is 'RPGGM_C'
[2018.01.27-12.55.42:191][783]LogWorld: Bringing World /Game/Maps/UEDPIE_0_HelloWorld.HelloWorld up for play (max tick rate 0) at 2018.01.27-12.55.42
[2018.01.27-12.55.42:192][783]LogWorld: Bringing up level for play took: 0.004295
[2018.01.27-12.55.42:197][783]PIE: Info Play in editor start time for /Game/Maps/UEDPIE_0_HelloWorld -0.528
[2018.01.27-12.55.42:197][783]LogBlueprintUserMessages: Late PlayInEditor Detection: Level '/Game/Maps/HelloWorld.HelloWorld:PersistentLevel' has LevelScriptBlueprint '/Game/Maps/HelloWorld.HelloWorld:PersistentLevel.HelloWorld' with GeneratedClass '/Game/Maps/HelloWorld.HelloWorld_C' with ClassGeneratedBy '/Game/Maps/HelloWorld.HelloWorld:PersistentLevel.HelloWorld'
[2018.01.27-12.55.46:026][239]LogBlueprintUserMessages: [HelloWorld_C_1] You Died
[2018.01.27-12.55.46:735][324]LogBlueprintUserMessages: Early EndPlayMap Detection: Level '/Game/Maps/HelloWorld.HelloWorld:PersistentLevel' has LevelScriptBlueprint '/Game/Maps/HelloWorld.HelloWorld:PersistentLevel.HelloWorld' with GeneratedClass '/Game/Maps/HelloWorld.HelloWorld_C' with ClassGeneratedBy '/Game/Maps/HelloWorld.HelloWorld:PersistentLevel.HelloWorld'
[2018.01.27-12.55.46:778][324]LogBlueprintUserMessages: Late EndPlayMap Detection: Level '/Game/Maps/HelloWorld.HelloWorld:PersistentLevel' has LevelScriptBlueprint '/Game/Maps/HelloWorld.HelloWorld:PersistentLevel.HelloWorld' with GeneratedClass '/Game/Maps/HelloWorld.HelloWorld_C' with ClassGeneratedBy '/Game/Maps/HelloWorld.HelloWorld:PersistentLevel.HelloWorld'
[2018.01.27-12.55.54:424][200]LogEditorViewport: Clicking on Actor (LMB): Landscape (Landscape)
[2018.01.27-12.55.55:465][315]LogEditorViewport: Clicking on Actor (LMB): PlayerStart (PlayerStart)
[2018.01.27-12.55.57:510][551]LogNavigationPoint: PostEditMove Clear paths rebuilt
[2018.01.27-12.55.58:255][637]LogEditorViewport: Clicking on Actor (LMB): Landscape (Landscape)
[2018.01.27-12.56.06:871][625]LogSlate: Took 0.001425 seconds to synchronously load lazily loaded font '../../../Engine/Content/Slate/Fonts/Roboto-Light.ttf' (159K)
[2018.01.27-12.56.07:501][625]LogContentBrowser: Native class hierarchy updated for 'BlueprintGraph' in 0.0013 seconds. Added 112 classes and 0 folders.
[2018.01.27-12.56.08:233][625]LogSlate: Took 0.001242 seconds to synchronously load lazily loaded font '../../../Engine/Content/Slate/Fonts/Roboto-Regular.ttf' (155K)
[2018.01.27-12.56.08:323][625]LogSlate: Took 0.001807 seconds to synchronously load lazily loaded font '../../../Engine/Content/Editor/Slate/Fonts/Roboto-BoldCondensed.ttf' (158K)
[2018.01.27-12.56.08:518][626]LogSlate: Took 0.001658 seconds to synchronously load lazily loaded font '../../../Engine/Content/Editor/Slate/Fonts/Roboto-Italic.ttf' (157K)
[2018.01.27-12.56.18:715][707]BlueprintLog: New page: Compile ThirdPersonPlayer
[2018.01.27-12.56.20:344][796]Cmd: OBJ SAVEPACKAGE PACKAGE="/Game/Gameplay/ThirdPersonPlayer" FILE="F:/FMP/RPG_Game/RPG_Game/Content/Gameplay/ThirdPersonPlayer.uasset" SILENT=true
[2018.01.27-12.56.20:502][796]LogSavePackage: Save=105.44ms
[2018.01.27-12.56.20:502][796]LogSavePackage: Moving 'F:/FMP/RPG_Game/RPG_Game/Saved/ThirdPersonPlayer2D6ECDEC49D2DC4D68611EBFDC21F79C.tmp' to 'F:/FMP/RPG_Game/RPG_Game/Content/Gameplay/ThirdPersonPlayer.uasset'
[2018.01.27-12.56.20:525][796]LogSavePackage:Display: Finished SavePackage F:/FMP/RPG_Game/RPG_Game/Content/Gameplay/ThirdPersonPlayer.uasset
[2018.01.27-12.56.23:351][ 99]Cmd: OBJ SAVEPACKAGE PACKAGE="/Game/Maps/HelloWorld" FILE="F:/FMP/RPG_Game/RPG_Game/Content/Maps/HelloWorld.umap" SILENT=true AUTOSAVING=false KEEPDIRTY=false
[2018.01.27-12.56.23:879][ 99]LogSavePackage: Save=502.44ms
[2018.01.27-12.56.23:879][ 99]LogSavePackage: Moving 'F:/FMP/RPG_Game/RPG_Game/Saved/HelloWorldCF6663684A1C58DBBA6AE9895D35BD54.tmp' to 'F:/FMP/RPG_Game/RPG_Game/Content/Maps/HelloWorld.umap'
[2018.01.27-12.56.23:883][ 99]LogSavePackage:Display: Finished SavePackage F:/FMP/RPG_Game/RPG_Game/Content/Maps/HelloWorld.umap
[2018.01.27-12.56.24:038][ 99]Cmd: OBJ SAVEPACKAGE PACKAGE="/Game/Maps/HelloWorld_BuiltData" FILE="F:/FMP/RPG_Game/RPG_Game/Content/Maps/HelloWorld_BuiltData.uasset" SILENT=true
[2018.01.27-12.56.25:172][ 99]LogSavePackage: Save=693.70ms
[2018.01.27-12.56.25:173][ 99]LogSavePackage: Moving 'F:/FMP/RPG_Game/RPG_Game/Saved/HelloWorld_BuiltDataD363AAE847AF671F113829A228A37CCC.tmp' to 'F:/FMP/RPG_Game/RPG_Game/Content/Maps/HelloWorld_BuiltData.uasset'
[2018.01.27-12.56.25:175][ 99]LogSavePackage:Display: Finished SavePackage F:/FMP/RPG_Game/RPG_Game/Content/Maps/HelloWorld_BuiltData.uasset
[2018.01.27-12.56.29:659][463]LogSlate: Only BGRA pngs, bmps or icos are supported in by External Image Picker
[2018.01.27-12.56.29:752][466]LogTemp: Executing iPhonePackager certificates Engine -bundlename com.YourCompany.RPGGame
[2018.01.27-12.56.29:752][466]LogTemp: CWD: C:\Program Files\Epic Games\UE_4.16\Engine\Binaries\DotNET\IOS
[2018.01.27-12.56.29:752][466]LogTemp: Initial Dir: C:\Program Files\Epic Games\UE_4.16
[2018.01.27-12.56.29:752][466]LogTemp: Env CWD: C:\Program Files\Epic Games\UE_4.16\Engine\Binaries\DotNET\IOS
[2018.01.27-12.56.29:752][466]LogTemp: BranchPath = SONOFMORT/C/Program Files/Epic Games/UE_4.16/Engine/Binaries --- GameBranchPath = SONOFMORT/C/Program Files/Epic Games/UE_4.16/Engine/Binaries
[2018.01.27-12.56.29:777][468]LogTemp: IPP ERROR: Could not find provision directory 'C:\Users\Jordan\AppData\Local/Apple Computer/MobileDevice/Provisioning Profiles/'.
[2018.01.27-12.56.36:625][174]SourceControl: Info fatal: C:/Program Files/Epic Games/UE_4.16/Engine/Content/: 'C:/Program Files/Epic Games/UE_4.16/Engine/Content/' is outside repository
[2018.01.27-12.56.58:499][174]LogSourceControl: FGitCheckInWorker: commit successful
[2018.01.27-12.56.58:773][174]SourceControl: Info [master 970d297] Changed KillZ Volume And PlayerStart
[2018.01.27-12.56.58:773][174]SourceControl: Info  4 files changed, 2 insertions(+)
[2018.01.27-12.56.58:786][174]SourceControl: Info Commited [master 970d297] Changed KillZ Volume And PlayerStart.
