Log file open, 02/02/18 11:08:58
LogInit:Display: Running engine for game: RPG_Game
LogPlatformFile: Not using cached read wrapper
LogInit:Display: RandInit(-1522783856) SRandInit(-1522783856).
LogTaskGraph: Started task graph with 5 named threads and 8 total threads with 1 sets of task threads.
LogStats: Stats thread started at 0.133844
LogInit: Using libcurl 7.47.1
LogInit:  - built for x86_64-pc-win32
LogInit:  - supports SSL with OpenSSL/1.0.2g
LogInit:  - supports HTTP deflate (compression) using libz 1.2.8
LogInit:  - other features:
LogInit:      CURL_VERSION_SSL
LogInit:      CURL_VERSION_LIBZ
LogInit:      CURL_VERSION_IPV6
LogInit:      CURL_VERSION_ASYNCHDNS
LogInit:      CURL_VERSION_LARGEFILE
LogInit:      CURL_VERSION_IDN
LogInit:  CurlRequestOptions (configurable via config and command line):
LogInit:  - bVerifyPeer = false  - Libcurl will NOT verify peer certificate
LogInit:  - bUseHttpProxy = false  - Libcurl will NOT use HTTP proxy
LogInit:  - bDontReuseConnections = false  - Libcurl will reuse connections
LogInit:  - CertBundlePath = nullptr  - Libcurl will use whatever was configured at build time.
LogInit: Build: ++UE4+Release-4.16-CL-3561208
LogInit: Engine Version: 4.16.3-3561208+++UE4+Release-4.16
LogInit: Compatible Engine Version: 4.16.0-3452394+++UE4+Release-4.16
LogInit: Net CL: 3452394
LogDevObjectVersion: Number of dev versions registered: 16
LogDevObjectVersion:   Dev-Blueprints (B0D832E4-1F89-4F0D-ACCF-7EB736FD4AA2): 9
LogDevObjectVersion:   Dev-Build (E1C64328-A22C-4D53-A36C-8E866417BD8C): 0
LogDevObjectVersion:   Dev-Core (375EC13C-06E4-48FB-B500-84F0262A717E): 2
LogDevObjectVersion:   Dev-Editor (E4B068ED-F494-42E9-A231-DA0B2E46BB41): 17
LogDevObjectVersion:   Dev-Framework (CFFC743F-43B0-4480-9391-14DF171D2073): 23
LogDevObjectVersion:   Dev-Mobile (B02B49B5-BB20-44E9-A304-32B752E40360): 0
LogDevObjectVersion:   Dev-Networking (A4E4105C-59A1-49B5-A7C5-40C4547EDFEE): 0
LogDevObjectVersion:   Dev-Online (39C831C9-5AE6-47DC-9A44-9C173E1C8E7C): 0
LogDevObjectVersion:   Dev-Physics (78F01B33-EBEA-4F98-B9B4-84EACCB95AA2): 0
LogDevObjectVersion:   Dev-Platform (6631380F-2D4D-43E0-8009-CF276956A95A): 0
LogDevObjectVersion:   Dev-Rendering (12F88B9F-8875-4AFC-A67C-D90C383ABD29): 15
LogDevObjectVersion:   Dev-Sequencer (7B5AE74C-D270-4C10-A958-57980B212A5A): 4
LogDevObjectVersion:   Dev-VR (D7296918-1DD6-4BDD-9DE2-64A83CC13884): 0
LogDevObjectVersion:   Dev-LoadTimes (C2A15278-BFE7-4AFE-6C17-90FF531DF755): 1
LogDevObjectVersion:   Private-Geometry (6EACA3D4-40EC-4CC1-B786-8BED09428FC5): 1
LogDevObjectVersion:   Dev-AnimPhys (29E575DD-E0A3-4627-9D10-D276232CDCEA): 3
LogInit: Compiled (64-bit): Jul 28 2017 11:49:47
LogInit: Compiled with Visual C++: 19.00.24215.01
LogInit: Build Configuration: Development
LogInit: Branch Name: ++UE4+Release-4.16
LogInit: Command line:  
LogInit: Base directory: D:/Program Files/UE_4.16/Engine/Binaries/Win64/
LogInit: Installed Engine Build: 1
LogInit: Presizing for max 8388607 objects, including 0 objects not considered by GC, pre-allocating 0 bytes for permanent pool.
LogInit: Object subsystem initialized
[2018.02.02-11.08.59:662][  0]LogInit: Selected Device Profile: [Windows]
[2018.02.02-11.08.59:662][  0]LogInit: Applying CVar settings loaded from the selected device profile: [Windows]
[2018.02.02-11.08.59:799][  0]LogInit: Computer: DESKTOP-46CB9MQ
[2018.02.02-11.08.59:799][  0]LogInit: User: JoshR
[2018.02.02-11.08.59:799][  0]LogInit: CPU Page size=4096, Cores=4
[2018.02.02-11.08.59:799][  0]LogInit: High frequency timer resolution =3.421878 MHz
[2018.02.02-11.08.59:817][  0]LogMemory: Memory total: Physical=16.0GB (16GB approx)
[2018.02.02-11.08.59:817][  0]LogMemory: Platform Memory Stats for Windows
[2018.02.02-11.08.59:817][  0]LogMemory: Process Physical Memory: 272.46 MB used, 272.46 MB peak
[2018.02.02-11.08.59:817][  0]LogMemory: Process Virtual Memory: 258.52 MB used, 258.52 MB peak
[2018.02.02-11.08.59:817][  0]LogMemory: Physical Memory: 3460.65 MB used,  12883.35 MB free, 16344.00 MB total
[2018.02.02-11.08.59:817][  0]LogMemory: Virtual Memory: 654.43 MB used,  12883.35 MB free, 134217728.00 MB total
[2018.02.02-11.09.01:273][  0]LogInit: Using OS detected language (en-GB).
[2018.02.02-11.09.01:273][  0]LogInit: Using OS detected locale (en-GB).
[2018.02.02-11.09.01:458][  0]LogTextLocalizationManager: No specific localization for 'en-GB' exists, so the 'en' localization will be used.
[2018.02.02-11.09.03:569][  0]LogD3D11RHI: D3D11 adapters:
[2018.02.02-11.09.03:608][  0]LogD3D11RHI:    0. 'NVIDIA GeForce GTX 970' (Feature Level 11_0)
[2018.02.02-11.09.03:608][  0]LogD3D11RHI:       4043/0/8172 MB DedicatedVideo/DedicatedSystem/SharedSystem, Outputs:1, VendorId:0x10de
[2018.02.02-11.09.03:609][  0]LogD3D11RHI:    1. 'Microsoft Basic Render Driver' (Feature Level 11_0)
[2018.02.02-11.09.03:609][  0]LogD3D11RHI:       0/0/8172 MB DedicatedVideo/DedicatedSystem/SharedSystem, Outputs:0, VendorId:0x1414
[2018.02.02-11.09.03:609][  0]LogD3D11RHI: Chosen D3D11 Adapter: 0
[2018.02.02-11.09.03:615][  0]LogD3D11RHI: Creating new Direct3DDevice
[2018.02.02-11.09.03:615][  0]LogD3D11RHI:     GPU DeviceId: 0x13c2 (for the marketing name, search the web for "GPU Device Id")
[2018.02.02-11.09.03:615][  0]LogWindows: EnumDisplayDevices:
[2018.02.02-11.09.03:615][  0]LogWindows:    0. 'NVIDIA GeForce GTX 970' (P:1 D:1)
[2018.02.02-11.09.03:615][  0]LogWindows:    1. 'NVIDIA GeForce GTX 970' (P:0 D:0)
[2018.02.02-11.09.03:615][  0]LogWindows:    2. 'NVIDIA GeForce GTX 970' (P:0 D:0)
[2018.02.02-11.09.03:615][  0]LogWindows:    3. 'NVIDIA GeForce GTX 970' (P:0 D:0)
[2018.02.02-11.09.03:615][  0]LogWindows: DebugString: GetVideoDriverDetailsInvalid PrimaryIsNotTheChoosenAdapter GetVideoDriverDetailsInvalid PrimaryIsNotTheChoosenAdapter GetVideoDriverDetailsInvalid PrimaryIsNotTheChoosenAdapter GetVideoDriverDetailsInvalid PrimaryIsNotTheChoosenAdapter FoundDriverCount:0 
[2018.02.02-11.09.03:615][  0]LogD3D11RHI:     Adapter Name: NVIDIA GeForce GTX 970
[2018.02.02-11.09.03:615][  0]LogD3D11RHI:   Driver Version: Unknown (internal:Unknown, unified:Unknown)
[2018.02.02-11.09.03:615][  0]LogD3D11RHI:      Driver Date: Unknown
[2018.02.02-11.09.03:616][  0]LogRHI: Texture pool is 1361 MB (70% of 1945 MB)
[2018.02.02-11.09.03:638][  0]LogD3D11RHI: Async texture creation enabled
[2018.02.02-11.09.04:023][  0]LogD3D11RHI: GPU Timing Frequency: 1000.000000 (Debug: 2 2)
[2018.02.02-11.09.04:072][  0]LogShaderCompilers: Guid format shader working directory is -17 characters bigger than the processId version (../../../../../Users/JoshR/Documents/GitHub/FMP_RPG_Game_Charm/Intermediate/Shaders/WorkingDirectory/12892/).
[2018.02.02-11.09.04:073][  0]LogShaderCompilers: Cleaned the shader compiler working directory 'C:/Users/JoshR/AppData/Local/Temp/UnrealShaderWorkingDir/4EA8CCAC4D84DD4A89A822A48890B1E5/'.
[2018.02.02-11.09.04:104][  0]LogShaderCompilers:Display: Using Local Shader Compiler.
[2018.02.02-11.09.07:138][  0]LogTemp:Display: Loaded TP AllDesktopTargetPlatform
[2018.02.02-11.09.07:182][  0]LogTemp:Display: Loaded TP MacClientTargetPlatform
[2018.02.02-11.09.07:222][  0]LogTemp:Display: Loaded TP MacNoEditorTargetPlatform
[2018.02.02-11.09.07:260][  0]LogTemp:Display: Loaded TP MacServerTargetPlatform
[2018.02.02-11.09.07:303][  0]LogTemp:Display: Loaded TP MacTargetPlatform
[2018.02.02-11.09.07:347][  0]LogTemp:Display: Loaded TP WindowsClientTargetPlatform
[2018.02.02-11.09.07:387][  0]LogTemp:Display: Loaded TP WindowsNoEditorTargetPlatform
[2018.02.02-11.09.07:432][  0]LogTemp:Display: Loaded TP WindowsServerTargetPlatform
[2018.02.02-11.09.07:469][  0]LogTemp:Display: Loaded TP WindowsTargetPlatform
[2018.02.02-11.09.07:525][  0]LogTemp:Display: Loaded TP AndroidTargetPlatform
[2018.02.02-11.09.07:573][  0]LogTemp:Display: Loaded TP Android_ASTCTargetPlatform
[2018.02.02-11.09.07:618][  0]LogTemp:Display: Loaded TP Android_ATCTargetPlatform
[2018.02.02-11.09.07:663][  0]LogTemp:Display: Loaded TP Android_DXTTargetPlatform
[2018.02.02-11.09.07:701][  0]LogTemp:Display: Loaded TP Android_ETC1TargetPlatform
[2018.02.02-11.09.07:744][  0]LogTemp:Display: Loaded TP Android_ETC2TargetPlatform
[2018.02.02-11.09.07:839][  0]LogTemp:Display: Loaded TP Android_MultiTargetPlatform
[2018.02.02-11.09.07:839][  0]LogTemp:Display: Loaded TP Android_PVRTCTargetPlatform
[2018.02.02-11.09.07:876][  0]LogTemp:Display: Loaded TP HTML5TargetPlatform
[2018.02.02-11.09.08:025][  0]LogTemp:Display: Loaded TP IOSTargetPlatform
[2018.02.02-11.09.08:043][  0]LogTemp:Display: Loaded TP TVOSTargetPlatform
[2018.02.02-11.09.08:088][  0]LogTemp:Display: Loaded TP LinuxClientTargetPlatform
[2018.02.02-11.09.08:126][  0]LogTemp:Display: Loaded TP LinuxNoEditorTargetPlatform
[2018.02.02-11.09.08:168][  0]LogTemp:Display: Loaded TP LinuxServerTargetPlatform
[2018.02.02-11.09.08:210][  0]LogTemp:Display: Loaded TP LinuxTargetPlatform
[2018.02.02-11.09.08:210][  0]LogTargetPlatformManager:Display: Building Assets For Windows
[2018.02.02-11.09.09:100][  0]LogDerivedDataCache:Display: Max Cache Size: 512 MB
[2018.02.02-11.09.09:386][  0]LogDerivedDataCache: Loaded boot cache 0.28s 90MB C:/Users/JoshR/AppData/Local/UnrealEngine/4.16/DerivedDataCache/Boot.ddc.
[2018.02.02-11.09.09:386][  0]LogDerivedDataCache:Display: Loaded Boot cache: C:/Users/JoshR/AppData/Local/UnrealEngine/4.16/DerivedDataCache/Boot.ddc
[2018.02.02-11.09.09:386][  0]LogDerivedDataCache: FDerivedDataBackendGraph:  Pak pak cache file ../../../../../Users/JoshR/Documents/GitHub/FMP_RPG_Game_Charm/DerivedDataCache/DDC.ddp not found, will not use a pak cache.
[2018.02.02-11.09.09:386][  0]LogDerivedDataCache: Unable to find inner node Pak for hierarchical cache Hierarchy.
[2018.02.02-11.09.09:386][  0]LogDerivedDataCache: FDerivedDataBackendGraph:  CompressedPak pak cache file ../../../../../Users/JoshR/Documents/GitHub/FMP_RPG_Game_Charm/DerivedDataCache/Compressed.ddp not found, will not use a pak cache.
[2018.02.02-11.09.09:386][  0]LogDerivedDataCache: Unable to find inner node CompressedPak for hierarchical cache Hierarchy.
[2018.02.02-11.09.09:429][  0]LogDerivedDataCache:Display: Pak cache opened for reading ../../../Engine/DerivedDataCache/Compressed.ddp.
[2018.02.02-11.09.09:441][  0]LogDerivedDataCache: Using Local data cache path C:/Users/JoshR/AppData/Local/UnrealEngine/Common/DerivedDataCache: Writable
[2018.02.02-11.09.09:515][  0]LogMaterial: Verifying Global Shaders for PCD3D_SM5
[2018.02.02-11.09.09:554][  0]LogSlate: Using Freetype 2.6.0
[2018.02.02-11.09.09:651][  0]LogSlate: SlateFontCache - WITH_FREETYPE: 1, WITH_HARFBUZZ: 1
[2018.02.02-11.09.09:651][  0]LogSlate: SlateFontCache - WITH_FREETYPE: 1, WITH_HARFBUZZ: 1
[2018.02.02-11.09.16:065][  0]LogInit: Selected Device Profile: [Windows]
[2018.02.02-11.09.17:531][  0]LogContentStreaming: Texture pool size is 0.00 MB
[2018.02.02-11.09.18:119][  0]LogMeshUtilities: Using QuadricMeshReduction for automatic static mesh reduction
[2018.02.02-11.09.18:253][  0]LogSimplygon: Simplygon DLL not present - disabling.
[2018.02.02-11.09.18:312][  0]LogMeshUtilities: Using SimplygonSwarm for distributed automatic mesh merging
[2018.02.02-11.09.18:312][  0]LogMeshUtilities: No automatic skeletal mesh reduction module available
[2018.02.02-11.09.18:312][  0]LogMeshUtilities: No automatic mesh merging module available
[2018.02.02-11.09.22:736][  0]LogNetVersion: RPG_Game , NetCL: 3452394, EngineNetVer: 2, GameNetVer: 0 (Checksum: 2586067795)
[2018.02.02-11.09.23:029][  0]LogAssetRegistry: FAssetRegistry took 0.0267 seconds to start up
[2018.02.02-11.09.23:320][  0]LogPackageLocalizationCache: Processed 4 localized package path(s) for 2 prioritized culture(s) in 0.203177 seconds
[2018.02.02-11.09.23:341][  0]LogUObjectArray: 34194 objects as part of root set at end of initial load.
[2018.02.02-11.09.23:341][  0]LogUObjectAllocator: 7260424 out of 0 bytes used by permanent object pool.
[2018.02.02-11.09.23:341][  0]LogUObjectArray: CloseDisregardForGC: 0/0 objects in disregard for GC pool
[2018.02.02-11.09.23:401][  0]LogInit: WinSock: version 1.1 (2.2), MaxSocks=32767, MaxUdp=65467
[2018.02.02-11.09.34:786][  0]LogTcpMessaging: Initializing TcpMessaging bridge
[2018.02.02-11.09.34:840][  0]LogUdpMessaging: Initializing bridge on interface 0.0.0.0:0 to multicast group 230.0.0.1:6666.
[2018.02.02-11.09.36:228][  0]LogMaterial: Uniform references updated for custom material expression Custom.
[2018.02.02-11.09.36:935][  0]SourceControl: Info Source control is disabled
[2018.02.02-11.09.39:755][  0]LogAndroidPermission: UAndroidPermissionCallbackProxy::GetInstance
[2018.02.02-11.09.40:813][  0]LogEngine: Initializing Engine...
[2018.02.02-11.09.40:882][  0]LogHMD: Failed to initialize OpenVR with code 110
[2018.02.02-11.09.41:512][  0]LogStats: UGameplayTagsManager::ConstructGameplayTagTree: Construct from data asset -  0.000 s
[2018.02.02-11.09.41:512][  0]LogStats: UGameplayTagsManager::ConstructGameplayTagTree: GameplayTagTreeChangedEvent.Broadcast -  0.000 s
[2018.02.02-11.09.41:922][  0]LogAIModule: Creating AISystem for world Untitled
[2018.02.02-11.09.42:032][  0]LogInit: XAudio2 using 'Speakers (High Definition Audio Device)' : 2 channels at 44.1 kHz using 16 bits per sample (channel mask 0x3)
[2018.02.02-11.09.42:054][  0]LogInit: FAudioDevice initialized.
[2018.02.02-11.09.42:091][  0]LogDerivedDataCache: Saved boot cache 0.04s 90MB C:/Users/JoshR/AppData/Local/UnrealEngine/4.16/DerivedDataCache/Boot.ddc.
[2018.02.02-11.09.42:094][  0]LogInit: Texture streaming: Enabled
[2018.02.02-11.09.42:292][  0]LogEngineSessionManager: EngineSessionManager initialized
[2018.02.02-11.09.43:086][  0]LogInit: Transaction tracking system initialized
[2018.02.02-11.09.43:623][  0]BlueprintLog: New page: Editor Load
[2018.02.02-11.09.44:976][  0]LocalizationService: Info Localization service is disabled
[2018.02.02-11.09.45:885][  0]LogConsoleResponse:Display: 
[2018.02.02-11.09.48:637][  0]LogFileCache: Scanning file cache for directory 'D:/Users/JoshR/Documents/GitHub/FMP_RPG_Game_Charm/Content/' took 0.01s
[2018.02.02-11.09.48:637][  0]LogCook:Display: Max memory allowance for cook 16384mb min free memory 0mb
[2018.02.02-11.09.48:637][  0]LogCook:Display: Mobile HDR setting 1
[2018.02.02-11.09.51:823][  0]Cmd: MAP LOAD FILE="../../../../../Users/JoshR/Documents/GitHub/FMP_RPG_Game_Charm/Content/Maps/HelloWorld.umap" TEMPLATE=0 SHOWPROGRESS=1 FEATURELEVEL=3
[2018.02.02-11.09.51:882][  0]LightingResults: New page: Lighting Build
[2018.02.02-11.09.52:087][  0]MapCheck: New page: Map Check
[2018.02.02-11.09.52:087][  0]LightingResults: New page: Lighting Build
[2018.02.02-11.09.53:639][  0]LogAIModule: Creating AISystem for world HelloWorld
[2018.02.02-11.09.54:161][  0]PIE:Warning: Warning Trying to simulate physics on ''/Game/Maps/HelloWorld.HelloWorld:PersistentLevel.Remote_71.StaticMesh'' but it has ComplexAsSimple collision.
[2018.02.02-11.09.54:274][  0]LogEditorServer: Finished looking for orphan Actors (0.000 secs)
[2018.02.02-11.09.54:343][  0]Cmd: MAP CHECKDEP NOCLEARLOG
[2018.02.02-11.09.54:393][  0]MapCheck: Info Map check complete: 0 Error(s), 0 Warning(s), took 44.534ms to complete.
[2018.02.02-11.09.54:393][  0]LogFileHelpers: Loading map 'HelloWorld' took 2.578
[2018.02.02-11.09.55:908][  0]LogCollectionManager: Loaded 0 collections in 0.001082 seconds
[2018.02.02-11.09.56:362][  0]LogFileCache: Scanning file cache for directory 'D:/Users/JoshR/Documents/GitHub/FMP_RPG_Game_Charm/Saved/Collections/' took 0.01s
[2018.02.02-11.09.56:362][  0]LogFileCache: Scanning file cache for directory 'D:/Users/JoshR/Documents/GitHub/FMP_RPG_Game_Charm/Content/Developers/JoshR/Collections/' took 0.01s
[2018.02.02-11.09.56:362][  0]LogFileCache: Scanning file cache for directory 'D:/Users/JoshR/Documents/GitHub/FMP_RPG_Game_Charm/Content/Collections/' took 0.01s
[2018.02.02-11.09.56:362][  0]LogCollectionManager: Rebuilt the GUID cache for 0 collections in 0.000002 seconds
[2018.02.02-11.09.56:407][  0]LogContentBrowser: Native class hierarchy populated in 0.0074 seconds. Added 2329 classes and 491 folders.
[2018.02.02-11.09.56:597][  0]LogContentBrowser: Native class hierarchy updated for 'WidgetCarousel' in 0.0004 seconds. Added 0 classes and 0 folders.
[2018.02.02-11.09.57:614][  0]LogContentBrowser: Native class hierarchy updated for 'AddContentDialog' in 0.0004 seconds. Added 0 classes and 0 folders.
[2018.02.02-11.09.57:722][  0]LogContentBrowser: Native class hierarchy updated for 'SceneOutliner' in 0.0004 seconds. Added 1 classes and 2 folders.
[2018.02.02-11.09.58:061][  0]LogCrashTracker: Crashtracker disabled due to settings.
[2018.02.02-11.09.58:188][  0]LogSlate: Took 0.012200 seconds to synchronously load lazily loaded font '../../../Engine/Content/Slate/Fonts/Roboto-Regular.ttf' (155K)
[2018.02.02-11.09.58:199][  0]LogSlate: Took 0.009640 seconds to synchronously load lazily loaded font '../../../Engine/Content/Slate/Fonts/Roboto-Bold.ttf' (160K)
[2018.02.02-11.09.58:242][  0]LogSlate: Took 0.014816 seconds to synchronously load lazily loaded font '../../../Engine/Content/Editor/Slate/Fonts/FontAwesome.ttf' (139K)
[2018.02.02-11.09.58:555][  0]LogRenderer: Reallocating scene render targets to support 1004x540 NumSamples 1 (Frame:1).
[2018.02.02-11.09.58:912][  0]LogSlate: Took 0.011636 seconds to synchronously load lazily loaded font '../../../Engine/Content/Slate/Fonts/Roboto-Light.ttf' (159K)
[2018.02.02-11.09.59:028][  0]LogUObjectGlobals:Warning: Failed to find object 'Class None.'
[2018.02.02-11.09.59:114][  0]LogContentBrowser: Native class hierarchy updated for 'HierarchicalLODOutliner' in 0.0004 seconds. Added 1 classes and 2 folders.
[2018.02.02-11.09.59:114][  0]LogLoad: (Engine Initialization) Total time: 65.52 seconds
[2018.02.02-11.09.59:114][  0]LogLoad: (Engine Initialization) Total Blueprint compile time: 0.54 seconds
[2018.02.02-11.09.59:114][  0]LogExternalProfiler: No external profilers were discovered.  External profiling features will not be available.
[2018.02.02-11.09.59:492][  0]LogOcInput: OculusInput pre-init called
[2018.02.02-11.09.59:492][  0]LogHMD: Starting GearVRController plugin
[2018.02.02-11.09.59:566][  0]SourceControl: Info On branch master
[2018.02.02-11.09.59:566][  0]SourceControl: Info Your branch is up to date with 'origin/master'.
[2018.02.02-11.09.59:566][  0]SourceControl: Info Changes not staged for commit:
[2018.02.02-11.09.59:566][  0]SourceControl: Info   (use "git add/rm <file>..." to update what will be committed)
[2018.02.02-11.09.59:566][  0]SourceControl: Info   (use "git checkout -- <file>..." to discard changes in working directory)
[2018.02.02-11.09.59:566][  0]SourceControl: Info 	modified:   Intermediate/CachedAssetRegistry.bin
[2018.02.02-11.09.59:566][  0]SourceControl: Info 	modified:   Saved/Config/Windows/Engine.ini
[2018.02.02-11.09.59:566][  0]SourceControl: Info 	modified:   Saved/Logs/RPG_Game.log
[2018.02.02-11.09.59:566][  0]SourceControl: Info 	deleted:    Saved/Logs/RPG_Game_2-backup-2018.02.02-09.15.26.log
[2018.02.02-11.09.59:566][  0]SourceControl: Info Untracked files:
[2018.02.02-11.09.59:566][  0]SourceControl: Info   (use "git add <file>..." to include in what will be committed)
[2018.02.02-11.09.59:566][  0]SourceControl: Info 	Saved/Config/CrashReportClient/UE4CC-Windows-789CAE5F48FF30240381A9BAB4B9435D/
[2018.02.02-11.09.59:566][  0]SourceControl: Info 	Saved/Logs/RPG_Game-backup-2018.02.02-11.08.58.log
[2018.02.02-11.09.59:566][  0]SourceControl: Info no changes added to commit (use "git add" and/or "git commit -a")
[2018.02.02-11.09.59:569][  0]LogContentStreaming: Texture pool size now 1000 MB
[2018.02.02-11.09.59:815][  1]LogAssetRegistry: Asset discovery search completed in 36.8076 seconds
[2018.02.02-11.09.59:834][  1]LogCollectionManager: Rebuilt the object cache for 0 collections in 0.000001 seconds (found 0 objects)
[2018.02.02-11.09.59:834][  1]LogCollectionManager: Fixed up redirectors for 0 collections in 0.000031 seconds (updated 0 objects)
[2018.02.02-11.10.11:243][750]LogSlate: Took 0.000161 seconds to synchronously load lazily loaded font '../../../Engine/Content/Slate/Fonts/Roboto-Light.ttf' (159K)
[2018.02.02-11.10.11:359][750]LogFactory: FactoryCreateFile: StaticMesh with FbxFactory (0 0 F:/FMP/3D/FBX/LightHouse.fbx)
[2018.02.02-11.10.11:440][750]LogFbx: ItemName: GlobalSettings, ItemCount : 1
[2018.02.02-11.10.11:440][750]LogFbx: ItemName: AnimationStack, ItemCount : 1
[2018.02.02-11.10.11:440][750]LogFbx: ItemName: AnimationLayer, ItemCount : 1
[2018.02.02-11.10.11:440][750]LogFbx: ItemName: NodeAttribute, ItemCount : 286
[2018.02.02-11.10.11:440][750]LogFbx: ItemName: Model, ItemCount : 287
[2018.02.02-11.10.11:440][750]LogFbx: ItemName: Geometry, ItemCount : 1
[2018.02.02-11.10.11:440][750]LogFbx: ItemName: Material, ItemCount : 3
[2018.02.02-11.10.11:458][750]LogFbx: Loading FBX Scene from F:/FMP/3D/FBX/LightHouse.fbx
[2018.02.02-11.10.11:529][750]LogFbx: FBX Scene Loaded Succesfully
[2018.02.02-11.10.12:999][750]LogFbx: Loading FBX Scene from F:/FMP/3D/FBX/LightHouse.fbx
[2018.02.02-11.10.13:043][750]LogFbx: FBX Scene Loaded Succesfully
[2018.02.02-11.10.13:049][750]LogLinker: Can't find file '/Game/lambert1'
[2018.02.02-11.10.13:049][750]LogLinker: Can't find file '/Game/lambert1'
[2018.02.02-11.10.13:085][750]LogMaterial: Missing cached shader map for material lambert1, compiling. 
[2018.02.02-11.10.13:164][750]LogLinker: Can't find file '/Game/M_Glass'
[2018.02.02-11.10.13:165][750]LogLinker: Can't find file '/Game/M_Glass'
[2018.02.02-11.10.13:169][750]LogMaterial: Missing cached shader map for material M_Glass, compiling. 
[2018.02.02-11.10.13:180][750]LogLinker: Can't find file '/Game/lambert2'
[2018.02.02-11.10.13:180][750]LogLinker: Can't find file '/Game/lambert2'
[2018.02.02-11.10.13:196][750]LogMaterial: Missing cached shader map for material lambert2, compiling. 
[2018.02.02-11.10.13:223][750]LogFbx:Warning: Triangulating static mesh polySurface103
[2018.02.02-11.10.13:277][750]LogStaticMesh: Building static mesh LightHouse...
[2018.02.02-11.10.13:317][750]LogMeshUtilities: Invalid vertex normals found for mesh. Forcing recomputation of vertex normals for MikkTSpace. Fix mesh or disable "Use MikkTSpace Tangent Space" to avoid forced recomputation of normals.
[2018.02.02-11.10.13:560][750]LogStaticMesh: Built static mesh [0.28s] /Game/LightHouse.LightHouse
[2018.02.02-11.10.13:611][750]LogSlate: Took 0.000131 seconds to synchronously load lazily loaded font '../../../Engine/Content/Slate/Fonts/Roboto-Regular.ttf' (155K)
[2018.02.02-11.10.14:791][868]LogActorFactory: Actor Factory created LightHouse
[2018.02.02-11.10.15:606][941]LogActorFactory: Actor Factory created LightHouse
[2018.02.02-11.10.28:778][426]LogMaterial: Missing cached shader map for material lambert2, compiling. 
[2018.02.02-11.10.28:797][426]LogStaticMesh: Building static mesh toon_house...
[2018.02.02-11.10.28:860][426]LogStaticMesh: Built static mesh [0.06s] /Game/Assets/House/toon_house.toon_house
[2018.02.02-11.10.28:905][427]LogActorFactory: Actor Factory created toon_house
[2018.02.02-11.10.29:370][480]LogActorFactory: Actor Factory created toon_house
[2018.02.02-11.11.07:495][955]LogEditorViewport: Clicking on Actor (LMB): StaticMeshActor (LightHouse)
[2018.02.02-11.11.07:930][996]LogEditorViewport: Clicking on Actor (LMB): StaticMeshActor (toon_house)
[2018.02.02-11.11.15:821][913]LogTemp: Repeting last play command: Standalone Game
[2018.02.02-11.11.17:499][913]LogEditorTransaction: Undo Spawn Play From Here Start
[2018.02.02-11.11.19:654][171]LogEditorViewport: Clicking on Actor (LMB): StaticMeshActor (LightHouse)
[2018.02.02-11.11.20:250][239]LogEditorViewport: Clicking on Actor (LMB): StaticMeshActor (toon_house)
[2018.02.02-11.11.20:518][257]Cmd: DELETE
[2018.02.02-11.11.20:518][257]Cmd: ACTOR DELETE
[2018.02.02-11.11.20:588][257]LogEditorActor: Deleted Actor: StaticMeshActor
[2018.02.02-11.11.20:595][257]LogEditorActor: Deleted 1 Actors (0.007 secs)
[2018.02.02-11.11.21:180][327]LogEditorViewport: Clicking on Actor (LMB): StaticMeshActor (LightHouse)
[2018.02.02-11.11.21:315][340]Cmd: DELETE
[2018.02.02-11.11.21:315][340]Cmd: ACTOR DELETE
[2018.02.02-11.11.21:315][340]LogEditorActor: Deleted Actor: StaticMeshActor
[2018.02.02-11.11.21:321][340]LogEditorActor: Deleted 1 Actors (0.006 secs)
[2018.02.02-11.11.27:987][893]LogWindowsTextInputMethodSystem:Display: IME system now deactivated.
[2018.02.02-11.11.28:187][894]Cmd: QUIT_EDITOR
[2018.02.02-11.11.28:346][894]LogExit: Preparing to exit.
[2018.02.02-11.11.29:115][894]LogDirectoryWatcher: A directory notification for 'D:/Users/JoshR/Documents/GitHub/FMP_RPG_Game_Charm/Content/' was aborted.
[2018.02.02-11.11.29:128][894]LogExit: Editor shut down
[2018.02.02-11.11.29:131][894]LogExit: Transaction tracking system shut down
[2018.02.02-11.11.29:512][894]LogObj: Freed 0b from 0 cluster array pools.
[2018.02.02-11.11.29:512][894]LogExit: Object subsystem successfully closed.
[2018.02.02-11.11.29:579][894]LogD3D11RHI: Shutdown
[2018.02.02-11.11.29:579][894]LogD3D11RHI: CleanupD3DDevice
[2018.02.02-11.11.29:635][894]LogD3D11RHI: ~FD3D11DynamicRHI
[2018.02.02-11.11.29:854][894]LogModuleManager: Shutting down and abandoning module HierarchicalLODOutliner (524)
[2018.02.02-11.11.29:854][894]LogModuleManager: Shutting down and abandoning module CrashTracker (522)
[2018.02.02-11.11.29:854][894]LogModuleManager: Shutting down and abandoning module SceneOutliner (520)
[2018.02.02-11.11.29:854][894]LogModuleManager: Shutting down and abandoning module AddContentDialog (518)
[2018.02.02-11.11.29:855][894]LogDirectoryWatcher: A directory notification for 'D:/Program Files/UE_4.16/FeaturePacks/' was aborted.
[2018.02.02-11.11.29:855][894]LogModuleManager: Shutting down and abandoning module WidgetCarousel (517)
[2018.02.02-11.11.29:855][894]LogModuleManager: Shutting down and abandoning module EditorWidgets (514)
[2018.02.02-11.11.29:855][894]LogModuleManager: Shutting down and abandoning module CollectionManager (512)
[2018.02.02-11.11.29:855][894]LogDirectoryWatcher: A directory notification for 'D:/Users/JoshR/Documents/GitHub/FMP_RPG_Game_Charm/Content/Collections/' was aborted.
[2018.02.02-11.11.29:855][894]LogDirectoryWatcher: A directory notification for 'D:/Users/JoshR/Documents/GitHub/FMP_RPG_Game_Charm/Content/Developers/JoshR/Collections/' was aborted.
[2018.02.02-11.11.29:855][894]LogDirectoryWatcher: A directory notification for 'D:/Users/JoshR/Documents/GitHub/FMP_RPG_Game_Charm/Saved/Collections/' was aborted.
[2018.02.02-11.11.29:855][894]LogModuleManager: Shutting down and abandoning module StatsViewer (510)
[2018.02.02-11.11.29:855][894]LogModuleManager: Shutting down and abandoning module FoliageEdit (508)
[2018.02.02-11.11.29:855][894]LogModuleManager: Shutting down and abandoning module LandscapeEditor (506)
[2018.02.02-11.11.29:864][894]LogModuleManager: Shutting down and abandoning module MeshPaintMode (504)
[2018.02.02-11.11.29:864][894]LogModuleManager: Shutting down and abandoning module SceneDepthPickerMode (502)
[2018.02.02-11.11.29:864][894]LogModuleManager: Shutting down and abandoning module ActorPickerMode (500)
[2018.02.02-11.11.29:864][894]LogModuleManager: Shutting down and abandoning module GeometryMode (498)
[2018.02.02-11.11.29:864][894]LogModuleManager: Shutting down and abandoning module TextureAlignMode (496)
[2018.02.02-11.11.29:864][894]LogModuleManager: Shutting down and abandoning module BspMode (494)
[2018.02.02-11.11.29:864][894]LogModuleManager: Shutting down and abandoning module HardwareSurvey (492)
[2018.02.02-11.11.29:864][894]LogModuleManager: Shutting down and abandoning module SequenceRecorderSections (490)
[2018.02.02-11.11.29:864][894]LogModuleManager: Shutting down and abandoning module AutomationWorker (488)
[2018.02.02-11.11.29:864][894]LogModuleManager: Shutting down and abandoning module MatineeToLevelSequence (486)
[2018.02.02-11.11.29:864][894]LogModuleManager: Shutting down and abandoning module LevelSequenceEditor (484)
[2018.02.02-11.11.29:874][894]LogModuleManager: Shutting down and abandoning module PlacementMode (483)
[2018.02.02-11.11.29:874][894]LogModuleManager: Shutting down and abandoning module WmfMediaFactory (480)
[2018.02.02-11.11.29:874][894]LogModuleManager: Shutting down and abandoning module WmfMediaEditor (478)
[2018.02.02-11.11.29:874][894]LogModuleManager: Shutting down and abandoning module AvfMediaFactory (476)
[2018.02.02-11.11.29:874][894]LogModuleManager: Shutting down and abandoning module AvfMediaEditor (474)
[2018.02.02-11.11.29:874][894]LogModuleManager: Shutting down and abandoning module AndroidMediaFactory (472)
[2018.02.02-11.11.29:874][894]LogModuleManager: Shutting down and abandoning module Media (471)
[2018.02.02-11.11.29:874][894]LogModuleManager: Shutting down and abandoning module AndroidMediaEditor (468)
[2018.02.02-11.11.29:874][894]LogModuleManager: Shutting down and abandoning module CharacterAI (466)
[2018.02.02-11.11.29:874][894]LogModuleManager: Shutting down and abandoning module AudioCapture (464)
[2018.02.02-11.11.29:874][894]LogModuleManager: Shutting down and abandoning module SequenceRecorder (463)
[2018.02.02-11.11.29:875][894]LogModuleManager: Shutting down and abandoning module SmartSnapping (460)
[2018.02.02-11.11.29:875][894]LogModuleManager: Shutting down and abandoning module SessionServices (458)
[2018.02.02-11.11.29:875][894]LogModuleManager: Shutting down and abandoning module ViewportSnapping (456)
[2018.02.02-11.11.29:875][894]LogModuleManager: Shutting down and abandoning module ViewportInteraction (454)
[2018.02.02-11.11.29:875][894]LogModuleManager: Shutting down and abandoning module ClothPainter (452)
[2018.02.02-11.11.29:888][894]LogModuleManager: Shutting down and abandoning module LogVisualizer (450)
[2018.02.02-11.11.29:895][894]LogModuleManager: Shutting down and abandoning module IntroTutorials (448)
[2018.02.02-11.11.29:895][894]LogModuleManager: Shutting down and abandoning module GameProjectGeneration (447)
[2018.02.02-11.11.29:903][894]LogModuleManager: Shutting down and abandoning module EditorLiveStreaming (444)
[2018.02.02-11.11.29:903][894]LogModuleManager: Shutting down and abandoning module IOSPlatformEditor (442)
[2018.02.02-11.11.29:909][894]LogModuleManager: Shutting down and abandoning module HTML5PlatformEditor (440)
[2018.02.02-11.11.29:909][894]LogModuleManager: Shutting down and abandoning module AndroidPlatformEditor (438)
[2018.02.02-11.11.29:909][894]LogModuleManager: Shutting down and abandoning module AndroidDeviceDetection (437)
[2018.02.02-11.11.30:417][894]LogModuleManager: Shutting down and abandoning module IOSRuntimeSettings (434)
[2018.02.02-11.11.30:417][894]LogModuleManager: Shutting down and abandoning module AndroidRuntimeSettings (432)
[2018.02.02-11.11.30:417][894]LogModuleManager: Shutting down and abandoning module InputBindingEditor (430)
[2018.02.02-11.11.30:438][894]LogModuleManager: Shutting down and abandoning module MergeActors (428)
[2018.02.02-11.11.30:444][894]LogModuleManager: Shutting down and abandoning module SizeMap (426)
[2018.02.02-11.11.30:444][894]LogModuleManager: Shutting down and abandoning module TreeMap (424)
[2018.02.02-11.11.30:447][894]LogModuleManager: Shutting down and abandoning module ReferenceViewer (422)
[2018.02.02-11.11.30:447][894]LogModuleManager: Shutting down and abandoning module LocalizationDashboard (420)
[2018.02.02-11.11.30:452][894]LogModuleManager: Shutting down and abandoning module LocalizationService (419)
[2018.02.02-11.11.30:452][894]LogModuleManager: Shutting down and abandoning module HardwareTargeting (416)
[2018.02.02-11.11.30:452][894]LogModuleManager: Shutting down and abandoning module DeviceProfileEditor (414)
[2018.02.02-11.11.30:462][894]LogModuleManager: Shutting down and abandoning module UndoHistory (412)
[2018.02.02-11.11.30:463][894]LogModuleManager: Shutting down and abandoning module UserFeedback (410)
[2018.02.02-11.11.30:463][894]LogModuleManager: Shutting down and abandoning module XmlParser (408)
[2018.02.02-11.11.30:463][894]LogModuleManager: Shutting down and abandoning module Blutility (406)
[2018.02.02-11.11.30:463][894]LogModuleManager: Shutting down and abandoning module ProjectSettingsViewer (404)
[2018.02.02-11.11.30:463][894]LogModuleManager: Shutting down and abandoning module ProjectTargetPlatformEditor (403)
[2018.02.02-11.11.30:463][894]LogModuleManager: Shutting down and abandoning module EditorSettingsViewer (400)
[2018.02.02-11.11.30:463][894]LogModuleManager: Shutting down and abandoning module SettingsEditor (398)
[2018.02.02-11.11.30:463][894]LogModuleManager: Shutting down and abandoning module ProjectLauncher (396)
[2018.02.02-11.11.30:484][894]LogModuleManager: Shutting down and abandoning module SessionFrontend (394)
[2018.02.02-11.11.30:492][894]LogModuleManager: Shutting down and abandoning module ProfilerClient (392)
[2018.02.02-11.11.30:511][894]LogModuleManager: Shutting down and abandoning module DeviceManager (390)
[2018.02.02-11.11.30:523][894]LogModuleManager: Shutting down and abandoning module TargetDeviceServices (389)
[2018.02.02-11.11.30:575][894]LogModuleManager: Shutting down and abandoning module AutomationController (386)
[2018.02.02-11.11.30:575][894]LogModuleManager: Shutting down and abandoning module AutomationWindow (384)
[2018.02.02-11.11.30:589][894]LogModuleManager: Shutting down and abandoning module Layers (382)
[2018.02.02-11.11.30:590][894]LogModuleManager: Shutting down and abandoning module ComponentVisualizers (380)
[2018.02.02-11.11.30:590][894]LogModuleManager: Shutting down and abandoning module DetailCustomizations (378)
[2018.02.02-11.11.30:590][894]LogModuleManager: Shutting down and abandoning module PackagesDialog (376)
[2018.02.02-11.11.30:591][894]LogModuleManager: Shutting down and abandoning module Persona (374)
[2018.02.02-11.11.30:607][894]LogModuleManager: Shutting down and abandoning module AdvancedPreviewScene (373)
[2018.02.02-11.11.30:607][894]LogModuleManager: Shutting down and abandoning module AnimGraph (371)
[2018.02.02-11.11.30:607][894]LogModuleManager: Shutting down and abandoning module Kismet (368)
[2018.02.02-11.11.30:607][894]LogModuleManager: Shutting down and abandoning module ClassViewer (366)
[2018.02.02-11.11.30:607][894]LogModuleManager: Shutting down and abandoning module Toolbox (364)
[2018.02.02-11.11.30:607][894]LogModuleManager: Shutting down and abandoning module ModuleUI (362)
[2018.02.02-11.11.30:621][894]LogModuleManager: Shutting down and abandoning module MovieSceneTools (360)
[2018.02.02-11.11.30:622][894]LogModuleManager: Shutting down and abandoning module OutputLog (358)
[2018.02.02-11.11.30:622][894]LogModuleManager: Shutting down and abandoning module GammaUI (356)
[2018.02.02-11.11.30:635][894]LogModuleManager: Shutting down and abandoning module Documentation (354)
[2018.02.02-11.11.30:635][894]LogModuleManager: Shutting down and abandoning module MovieSceneTracks (352)
[2018.02.02-11.11.30:635][894]LogModuleManager: Shutting down and abandoning module MovieScene (350)
[2018.02.02-11.11.30:635][894]LogModuleManager: Shutting down and abandoning module Niagara (348)
[2018.02.02-11.11.30:635][894]LogModuleManager: Shutting down and abandoning module NiagaraEditor (347)
[2018.02.02-11.11.30:655][894]LogModuleManager: Shutting down and abandoning module StreamingPauseRendering (344)
[2018.02.02-11.11.30:655][894]LogModuleManager: Shutting down and abandoning module AnalyticsET (342)
[2018.02.02-11.11.30:655][894]LogModuleManager: Shutting down and abandoning module PortalServices (340)
[2018.02.02-11.11.30:655][894]LogModuleManager: Shutting down and abandoning module PortalRpc (338)
[2018.02.02-11.11.30:655][894]LogModuleManager: Shutting down and abandoning module MessagingRpc (336)
[2018.02.02-11.11.30:655][894]LogModuleManager: Shutting down and abandoning module AIModule (334)
[2018.02.02-11.11.30:655][894]LogModuleManager: Shutting down and abandoning module GameplayDebugger (333)
[2018.02.02-11.11.30:657][894]LogModuleManager: Shutting down and abandoning module AITestSuite (331)
[2018.02.02-11.11.30:658][894]LogModuleManager: Shutting down and abandoning module ProfilerService (328)
[2018.02.02-11.11.30:750][894]LogModuleManager: Shutting down and abandoning module TaskGraph (326)
[2018.02.02-11.11.30:766][894]LogModuleManager: Shutting down and abandoning module SteamVRController (324)
[2018.02.02-11.11.30:766][894]LogModuleManager: Shutting down and abandoning module SteamVR (322)
[2018.02.02-11.11.30:766][894]LogModuleManager: Shutting down and abandoning module ProceduralMeshComponentEditor (320)
[2018.02.02-11.11.30:766][894]LogModuleManager: Shutting down and abandoning module ProceduralMeshComponent (318)
[2018.02.02-11.11.30:766][894]LogModuleManager: Shutting down and abandoning module OculusLibrary (316)
[2018.02.02-11.11.30:766][894]LogModuleManager: Shutting down and abandoning module OculusInput (314)
[2018.02.02-11.11.30:766][894]LogModuleManager: Shutting down and abandoning module MobilePatchingUtils (312)
[2018.02.02-11.11.30:766][894]LogModuleManager: Shutting down and abandoning module CustomMeshComponent (310)
[2018.02.02-11.11.30:766][894]LogModuleManager: Shutting down and abandoning module CableComponent (308)
[2018.02.02-11.11.30:766][894]LogModuleManager: Shutting down and abandoning module ArchVisCharacter (306)
[2018.02.02-11.11.30:766][894]LogModuleManager: Shutting down and abandoning module AndroidPermission (304)
[2018.02.02-11.11.30:766][894]LogModuleManager: Shutting down and abandoning module MediaPlayerEditor (300)
[2018.02.02-11.11.30:782][894]LogModuleManager: Shutting down and abandoning module HTML5Networking (298)
[2018.02.02-11.11.30:782][894]LogModuleManager: Shutting down and abandoning module AlembicImporter (296)
[2018.02.02-11.11.30:790][894]LogModuleManager: Shutting down and abandoning module AlembicLibrary (295)
[2018.02.02-11.11.30:790][894]LogModuleManager: Shutting down and abandoning module GeometryCache (294)
[2018.02.02-11.11.30:790][894]LogModuleManager: Shutting down and abandoning module GeometryCacheEd (293)
[2018.02.02-11.11.30:790][894]LogModuleManager: Shutting down and abandoning module SuperSearchEditor (288)
[2018.02.02-11.11.30:790][894]LogModuleManager: Shutting down and abandoning module SuperSearch (287)
[2018.02.02-11.11.30:790][894]LogModuleManager: Shutting down and abandoning module SpeedTreeImporter (284)
[2018.02.02-11.11.30:790][894]LogModuleManager: Shutting down and abandoning module PluginBrowser (282)
[2018.02.02-11.11.30:790][894]LogModuleManager: Shutting down and abandoning module MobileLauncherProfileWizard (280)
[2018.02.02-11.11.30:790][894]LogModuleManager: Shutting down and abandoning module VisualStudioSourceCodeAccess (278)
[2018.02.02-11.11.30:790][894]LogModuleManager: Shutting down and abandoning module DesktopPlatform (277)
[2018.02.02-11.11.30:790][894]LogModuleManager: Shutting down and abandoning module UObjectPlugin (274)
[2018.02.02-11.11.30:790][894]LogModuleManager: Shutting down and abandoning module SubversionSourceControl (272)
[2018.02.02-11.11.30:790][894]LogModuleManager: Shutting down and abandoning module PerforceSourceControl (270)
[2018.02.02-11.11.30:790][894]LogModuleManager: Shutting down and abandoning module GitSourceControl (268)
[2018.02.02-11.11.30:790][894]LogModuleManager: Shutting down and abandoning module SourceControl (267)
[2018.02.02-11.11.30:790][894]LogModuleManager: Shutting down and abandoning module LightPropagationVolumeEditor (264)
[2018.02.02-11.11.30:790][894]LogModuleManager: Shutting down and abandoning module PaperTiledImporter (262)
[2018.02.02-11.11.30:790][894]LogModuleManager: Shutting down and abandoning module PaperSpriteSheetImporter (260)
[2018.02.02-11.11.30:790][894]LogModuleManager: Shutting down and abandoning module Paper2DEditor (258)
[2018.02.02-11.11.30:790][894]LogModuleManager: Shutting down and abandoning module MeshPaint (257)
[2018.02.02-11.11.30:790][894]LogModuleManager: Shutting down and abandoning module LevelEditor (255)
[2018.02.02-11.11.30:791][894]LogModuleManager: Shutting down and abandoning module PixelInspectorModule (254)
[2018.02.02-11.11.30:791][894]LogModuleManager: Shutting down and abandoning module MainFrame (252)
[2018.02.02-11.11.30:791][894]LogModuleManager: Shutting down and abandoning module HotReload (251)
[2018.02.02-11.11.30:792][894]LogModuleManager: Shutting down and abandoning module PhysXVehiclesEditor (246)
[2018.02.02-11.11.30:792][894]LogModuleManager: Shutting down and abandoning module PhysXVehicles (244)
[2018.02.02-11.11.30:792][894]LogModuleManager: Shutting down and abandoning module LocationServicesBPLibrary (242)
[2018.02.02-11.11.30:792][894]LogModuleManager: Shutting down and abandoning module ImmediatePhysicsEditor (240)
[2018.02.02-11.11.30:792][894]LogModuleManager: Shutting down and abandoning module ImmediatePhysics (238)
[2018.02.02-11.11.30:792][894]LogModuleManager: Shutting down and abandoning module UdpMessaging (236)
[2018.02.02-11.11.30:892][894]LogModuleManager: Shutting down and abandoning module TcpMessaging (234)
[2018.02.02-11.11.30:993][894]LogModuleManager: Shutting down and abandoning module GameplayTagsEditor (232)
[2018.02.02-11.11.31:037][894]LogModuleManager: Shutting down and abandoning module FacialAnimationEditor (230)
[2018.02.02-11.11.31:037][894]LogModuleManager: Shutting down and abandoning module FacialAnimation (228)
[2018.02.02-11.11.31:037][894]LogModuleManager: Shutting down and abandoning module AssetManagerEditor (226)
[2018.02.02-11.11.31:054][894]LogModuleManager: Shutting down and abandoning module GraphEditor (225)
[2018.02.02-11.11.31:086][894]LogModuleManager: Shutting down and abandoning module ContentBrowser (223)
[2018.02.02-11.11.31:086][894]LogModuleManager: Shutting down and abandoning module LightPropagationVolumeRuntime (220)
[2018.02.02-11.11.31:086][894]LogModuleManager: Shutting down and abandoning module Paper2D (218)
[2018.02.02-11.11.31:099][894]LogModuleManager: Shutting down and abandoning module WindowsMoviePlayer (216)
[2018.02.02-11.11.31:099][894]LogModuleManager: Shutting down and abandoning module WmfMedia (214)
[2018.02.02-11.11.31:102][894]LogModuleManager: Shutting down and abandoning module ClothingSystemEditor (212)
[2018.02.02-11.11.31:102][894]LogModuleManager: Shutting down and abandoning module ClothingSystemRuntime (210)
[2018.02.02-11.11.31:112][894]LogModuleManager: Shutting down and abandoning module MediaAssets (208)
[2018.02.02-11.11.31:112][894]LogModuleManager: Shutting down and abandoning module GameLiveStreaming (206)
[2018.02.02-11.11.31:112][894]LogModuleManager: Shutting down and abandoning module VREditor (204)
[2018.02.02-11.11.31:112][894]LogModuleManager: Shutting down and abandoning module StringTableEditor (202)
[2018.02.02-11.11.31:123][894]LogModuleManager: Shutting down and abandoning module GameplayTasksEditor (200)
[2018.02.02-11.11.31:123][894]LogModuleManager: Shutting down and abandoning module BehaviorTreeEditor (198)
[2018.02.02-11.11.31:132][894]LogModuleManager: Shutting down and abandoning module FunctionalTesting (196)
[2018.02.02-11.11.31:132][894]LogModuleManager: Shutting down and abandoning module CollisionAnalyzer (194)
[2018.02.02-11.11.31:135][894]LogModuleManager: Shutting down and abandoning module UMG (192)
[2018.02.02-11.11.31:149][894]LogModuleManager: Shutting down and abandoning module UMGEditor (191)
[2018.02.02-11.11.31:164][894]LogModuleManager: Shutting down and abandoning module Sequencer (190)
[2018.02.02-11.11.31:173][894]LogModuleManager: Shutting down and abandoning module AssetTools (188)
[2018.02.02-11.11.31:191][894]LogModuleManager: Shutting down and abandoning module MessageLog (187)
[2018.02.02-11.11.31:191][894]LogModuleManager: Shutting down and abandoning module WorkspaceMenuStructure (186)
[2018.02.02-11.11.31:191][894]LogModuleManager: Shutting down and abandoning module SlateReflector (180)
[2018.02.02-11.11.31:217][894]LogModuleManager: Shutting down and abandoning module Slate (178)
[2018.02.02-11.11.31:217][894]LogModuleManager: Shutting down and abandoning module EditorStyle (176)
[2018.02.02-11.11.31:218][894]LogModuleManager: Shutting down and abandoning module SourceCodeAccess (174)
[2018.02.02-11.11.31:218][894]LogModuleManager: Shutting down and abandoning module HeadMountedDisplay (172)
[2018.02.02-11.11.31:218][894]LogModuleManager: Shutting down and abandoning module XAudio2 (170)
[2018.02.02-11.11.31:218][894]LogModuleManager: Shutting down and abandoning module Networking (168)
[2018.02.02-11.11.31:218][894]LogModuleManager: Shutting down and abandoning module Core (164)
[2018.02.02-11.11.31:218][894]LogModuleManager: Shutting down and abandoning module AssetRegistry (162)
[2018.02.02-11.11.31:839][894]LogDirectoryWatcher: A directory notification for '../../../Engine/Content/' was aborted.
[2018.02.02-11.11.31:839][894]LogDirectoryWatcher: A directory notification for '../../../../../Users/JoshR/Documents/GitHub/FMP_RPG_Game_Charm/Content/' was aborted.
[2018.02.02-11.11.31:839][894]LogDirectoryWatcher: A directory notification for '../../../Engine/Plugins/2D/Paper2D/Content/' was aborted.
[2018.02.02-11.11.31:839][894]LogDirectoryWatcher: A directory notification for '../../../Engine/Plugins/Runtime/GearVR/Content/' was aborted.
[2018.02.02-11.11.31:843][894]LogModuleManager: Shutting down and abandoning module DirectoryWatcher (161)
[2018.02.02-11.11.31:844][894]LogModuleManager: Shutting down and abandoning module KismetCompiler (158)
[2018.02.02-11.11.31:844][894]LogModuleManager: Shutting down and abandoning module LevelSequence (156)
[2018.02.02-11.11.31:844][894]LogModuleManager: Shutting down and abandoning module PhysXFormats (154)
[2018.02.02-11.11.31:844][894]LogModuleManager: Shutting down and abandoning module MeshUtilities (152)
[2018.02.02-11.11.31:844][894]LogModuleManager: Shutting down and abandoning module SimplygonSwarm (151)
[2018.02.02-11.11.31:844][894]LogModuleManager: Shutting down and abandoning module SimplygonMeshReduction (149)
[2018.02.02-11.11.31:844][894]LogModuleManager: Shutting down and abandoning module QuadricMeshReduction (147)
[2018.02.02-11.11.31:844][894]LogModuleManager: Shutting down and abandoning module DerivedDataCache (144)
[2018.02.02-11.11.31:923][894]LogDerivedDataCache: Shutdown
[2018.02.02-11.11.31:923][894]LogModuleManager: Shutting down and abandoning module TargetPlatform (142)
[2018.02.02-11.11.31:924][894]LogModuleManager: Shutting down and abandoning module VulkanShaderFormat (141)
[2018.02.02-11.11.31:924][894]LogModuleManager: Shutting down and abandoning module ShaderFormatVectorVM (139)
[2018.02.02-11.11.31:937][894]LogModuleManager: Shutting down and abandoning module ShaderFormatOpenGL (137)
[2018.02.02-11.11.31:982][894]LogModuleManager: Shutting down and abandoning module ShaderFormatD3D (135)
[2018.02.02-11.11.31:982][894]LogModuleManager: Shutting down and abandoning module MetalShaderFormat (133)
[2018.02.02-11.11.32:026][894]LogModuleManager: Shutting down and abandoning module TextureFormatUncompressed (131)
[2018.02.02-11.11.32:026][894]LogModuleManager: Shutting down and abandoning module TextureFormatPVR (129)
[2018.02.02-11.11.32:026][894]LogModuleManager: Shutting down and abandoning module TextureFormatDXT (127)
[2018.02.02-11.11.32:026][894]LogModuleManager: Shutting down and abandoning module TextureFormatIntelISPCTexComp (125)
[2018.02.02-11.11.32:026][894]LogModuleManager: Shutting down and abandoning module TextureFormatASTC (123)
[2018.02.02-11.11.32:026][894]LogModuleManager: Shutting down and abandoning module ImageWrapper (122)
[2018.02.02-11.11.32:026][894]LogModuleManager: Shutting down and abandoning module TextureFormatAndroid (119)
[2018.02.02-11.11.32:026][894]LogModuleManager: Shutting down and abandoning module AudioFormatOpus (117)
[2018.02.02-11.11.32:026][894]LogModuleManager: Shutting down and abandoning module AudioFormatOgg (115)
[2018.02.02-11.11.32:026][894]LogModuleManager: Shutting down and abandoning module AudioFormatADPCM (113)
[2018.02.02-11.11.32:027][894]LogModuleManager: Shutting down and abandoning module LinuxTargetPlatform (111)
[2018.02.02-11.11.32:027][894]LogModuleManager: Shutting down and abandoning module LinuxServerTargetPlatform (109)
[2018.02.02-11.11.32:027][894]LogModuleManager: Shutting down and abandoning module LinuxNoEditorTargetPlatform (107)
[2018.02.02-11.11.32:027][894]LogModuleManager: Shutting down and abandoning module LinuxClientTargetPlatform (105)
[2018.02.02-11.11.32:027][894]LogModuleManager: Shutting down and abandoning module TVOSTargetPlatform (103)
[2018.02.02-11.11.32:027][894]LogModuleManager: Shutting down and abandoning module Messaging (101)
[2018.02.02-11.11.32:027][894]LogModuleManager: Shutting down and abandoning module IOSTargetPlatform (99)
[2018.02.02-11.11.32:027][894]LogModuleManager: Shutting down and abandoning module HTML5TargetPlatform (97)
[2018.02.02-11.11.32:027][894]LogModuleManager: Shutting down and abandoning module Android_PVRTCTargetPlatform (95)
[2018.02.02-11.11.32:027][894]LogModuleManager: Shutting down and abandoning module Android_MultiTargetPlatform (93)
[2018.02.02-11.11.32:027][894]LogModuleManager: Shutting down and abandoning module Android_ETC2TargetPlatform (91)
[2018.02.02-11.11.32:027][894]LogModuleManager: Shutting down and abandoning module Android_ETC1TargetPlatform (89)
[2018.02.02-11.11.32:027][894]LogModuleManager: Shutting down and abandoning module Android_DXTTargetPlatform (87)
[2018.02.02-11.11.32:027][894]LogModuleManager: Shutting down and abandoning module Android_ATCTargetPlatform (85)
[2018.02.02-11.11.32:027][894]LogModuleManager: Shutting down and abandoning module Android_ASTCTargetPlatform (83)
[2018.02.02-11.11.32:027][894]LogModuleManager: Shutting down and abandoning module AndroidTargetPlatform (81)
[2018.02.02-11.11.32:027][894]LogModuleManager: Shutting down and abandoning module WindowsTargetPlatform (79)
[2018.02.02-11.11.32:027][894]LogModuleManager: Shutting down and abandoning module WindowsServerTargetPlatform (77)
[2018.02.02-11.11.32:027][894]LogModuleManager: Shutting down and abandoning module WindowsNoEditorTargetPlatform (75)
[2018.02.02-11.11.32:027][894]LogModuleManager: Shutting down and abandoning module WindowsClientTargetPlatform (73)
[2018.02.02-11.11.32:027][894]LogModuleManager: Shutting down and abandoning module MacTargetPlatform (71)
[2018.02.02-11.11.32:027][894]LogModuleManager: Shutting down and abandoning module MacServerTargetPlatform (69)
[2018.02.02-11.11.32:027][894]LogModuleManager: Shutting down and abandoning module MacNoEditorTargetPlatform (67)
[2018.02.02-11.11.32:027][894]LogModuleManager: Shutting down and abandoning module MacClientTargetPlatform (65)
[2018.02.02-11.11.32:027][894]LogModuleManager: Shutting down and abandoning module AllDesktopTargetPlatform (63)
[2018.02.02-11.11.32:027][894]LogModuleManager: Shutting down and abandoning module InputCore (60)
[2018.02.02-11.11.32:027][894]LogModuleManager: Shutting down and abandoning module Settings (58)
[2018.02.02-11.11.32:027][894]LogModuleManager: Shutting down and abandoning module OculusRift (56)
[2018.02.02-11.11.32:027][894]LogModuleManager: Shutting down and abandoning module GearVRController (54)
[2018.02.02-11.11.32:027][894]LogModuleManager: Shutting down and abandoning module GearVR (52)
[2018.02.02-11.11.32:027][894]LogModuleManager: Shutting down and abandoning module ExampleDeviceProfileSelector (50)
[2018.02.02-11.11.32:027][894]LogModuleManager: Shutting down and abandoning module OnlineBlueprintSupport (48)
[2018.02.02-11.11.32:027][894]LogModuleManager: Shutting down and abandoning module OnlineSubsystem (44)
[2018.02.02-11.11.32:027][894]LogOnline:Display: Unloading online subsystem: NULL
[2018.02.02-11.11.32:072][894]LogModuleManager: Shutting down and abandoning module XMPP (43)
[2018.02.02-11.11.32:101][894]LogModuleManager: Shutting down and abandoning module HTTP (41)
[2018.02.02-11.11.32:101][894]LogHttp:Display: Http module shutting down, but needs to wait on 1 outstanding Http requests:
[2018.02.02-11.11.32:101][894]LogHttp:Display: 	verb=[POST] url=[https://datarouter.ol.epicgames.com/datarouter/api/v1/public/data?SessionID=%7B2A8DD185-439E-CC6A-4DF9-E9849F4629ED%7D&AppID=UEEditor.Rocket.Release&AppVersion=4.16.3-3561208%2B%2B%2BUE4%2BRelease-4.16&UserID=f0737b824c736c28631198aee30172af%7C8019e3778a0b4ba78522874ce4acdb0a%7C8a4654aa-9b80-41bd-a943-1725ad37d445&AppEnvironment=datacollector-binary&UploadType=eteventstream] status=Processing
[2018.02.02-11.11.32:160][894]LogModuleManager: Shutting down and abandoning module SSL (40)
[2018.02.02-11.11.32:169][894]LogModuleManager: Shutting down and abandoning module HTTPChunkInstaller (36)
[2018.02.02-11.11.32:179][894]LogModuleManager: Shutting down and abandoning module AnimationModifiers (34)
[2018.02.02-11.11.32:188][894]LogModuleManager: Shutting down and abandoning module PropertyEditor (33)
[2018.02.02-11.11.32:188][894]LogModuleManager: Shutting down and abandoning module AudioEditor (30)
[2018.02.02-11.11.32:190][894]LogModuleManager: Shutting down and abandoning module TextureCompressor (28)
[2018.02.02-11.11.32:190][894]LogModuleManager: Shutting down and abandoning module ShaderCore (26)
[2018.02.02-11.11.32:190][894]LogModuleManager: Shutting down and abandoning module Landscape (24)
[2018.02.02-11.11.32:190][894]LogModuleManager: Shutting down and abandoning module SlateRHIRenderer (22)
[2018.02.02-11.11.32:209][894]LogModuleManager: Shutting down and abandoning module OpenGLDrv (20)
[2018.02.02-11.11.32:230][894]LogModuleManager: Shutting down and abandoning module D3D11RHI (18)
[2018.02.02-11.11.32:230][894]LogModuleManager: Shutting down and abandoning module AnimGraphRuntime (16)
[2018.02.02-11.11.32:230][894]LogModuleManager: Shutting down and abandoning module Renderer (14)
[2018.02.02-11.11.32:230][894]LogModuleManager: Shutting down and abandoning module Engine (12)
[2018.02.02-11.11.32:230][894]LogModuleManager: Shutting down and abandoning module CoreUObject (10)
[2018.02.02-11.11.32:230][894]LogModuleManager: Shutting down and abandoning module NetworkFile (8)
[2018.02.02-11.11.32:230][894]LogModuleManager: Shutting down and abandoning module StreamingFile (6)
[2018.02.02-11.11.32:230][894]LogModuleManager: Shutting down and abandoning module SandboxFile (4)
[2018.02.02-11.11.32:230][894]LogModuleManager: Shutting down and abandoning module PakFile (2)
[2018.02.02-11.11.32:265][894]LogExit: Exiting.
[2018.02.02-11.11.32:279][894]Log file closed, 02/02/18 11:11:32
