Log file open, 01/29/18 16:23:45
LogInit:Display: Running engine for game: RPG_Game
LogPlatformFile: Not using cached read wrapper
LogInit:Display: RandInit(-488361971) SRandInit(-488361971).
LogTaskGraph: Started task graph with 5 named threads and 9 total threads with 1 sets of task threads.
LogStats: Stats thread started at 0.135941
LogInit: Using libcurl 7.47.1
LogInit:  - built for x86_64-pc-win32
LogInit:  - supports SSL with OpenSSL/1.0.2g
LogInit:  - supports HTTP deflate (compression) using libz 1.2.8
LogInit:  - other features:
LogInit:      CURL_VERSION_SSL
LogInit:      CURL_VERSION_LIBZ
LogInit:      CURL_VERSION_IPV6
LogInit:      CURL_VERSION_ASYNCHDNS
LogInit:      CURL_VERSION_LARGEFILE
LogInit:      CURL_VERSION_IDN
LogInit:  CurlRequestOptions (configurable via config and command line):
LogInit:  - bVerifyPeer = false  - Libcurl will NOT verify peer certificate
LogInit:  - bUseHttpProxy = false  - Libcurl will NOT use HTTP proxy
LogInit:  - bDontReuseConnections = false  - Libcurl will reuse connections
LogInit:  - CertBundlePath = nullptr  - Libcurl will use whatever was configured at build time.
LogInit: Build: ++UE4+Release-4.16-CL-3561208
LogInit: Engine Version: 4.16.3-3561208+++UE4+Release-4.16
LogInit: Compatible Engine Version: 4.16.0-3452394+++UE4+Release-4.16
LogInit: Net CL: 3452394
LogDevObjectVersion: Number of dev versions registered: 16
LogDevObjectVersion:   Dev-Blueprints (B0D832E4-1F89-4F0D-ACCF-7EB736FD4AA2): 9
LogDevObjectVersion:   Dev-Build (E1C64328-A22C-4D53-A36C-8E866417BD8C): 0
LogDevObjectVersion:   Dev-Core (375EC13C-06E4-48FB-B500-84F0262A717E): 2
LogDevObjectVersion:   Dev-Editor (E4B068ED-F494-42E9-A231-DA0B2E46BB41): 17
LogDevObjectVersion:   Dev-Framework (CFFC743F-43B0-4480-9391-14DF171D2073): 23
LogDevObjectVersion:   Dev-Mobile (B02B49B5-BB20-44E9-A304-32B752E40360): 0
LogDevObjectVersion:   Dev-Networking (A4E4105C-59A1-49B5-A7C5-40C4547EDFEE): 0
LogDevObjectVersion:   Dev-Online (39C831C9-5AE6-47DC-9A44-9C173E1C8E7C): 0
LogDevObjectVersion:   Dev-Physics (78F01B33-EBEA-4F98-B9B4-84EACCB95AA2): 0
LogDevObjectVersion:   Dev-Platform (6631380F-2D4D-43E0-8009-CF276956A95A): 0
LogDevObjectVersion:   Dev-Rendering (12F88B9F-8875-4AFC-A67C-D90C383ABD29): 15
LogDevObjectVersion:   Dev-Sequencer (7B5AE74C-D270-4C10-A958-57980B212A5A): 4
LogDevObjectVersion:   Dev-VR (D7296918-1DD6-4BDD-9DE2-64A83CC13884): 0
LogDevObjectVersion:   Dev-LoadTimes (C2A15278-BFE7-4AFE-6C17-90FF531DF755): 1
LogDevObjectVersion:   Private-Geometry (6EACA3D4-40EC-4CC1-B786-8BED09428FC5): 1
LogDevObjectVersion:   Dev-AnimPhys (29E575DD-E0A3-4627-9D10-D276232CDCEA): 3
LogInit: Compiled (64-bit): Jul 28 2017 11:49:47
LogInit: Compiled with Visual C++: 19.00.24215.01
LogInit: Build Configuration: Development
LogInit: Branch Name: ++UE4+Release-4.16
LogInit: Command line:  /Temp/Autosaves/Game/Maps/UEDPCMenu -game -PIEVIACONSOLE -ResX=1280 -ResY=720  -Multiprocess -messaging -SessionName="Play in Standalone Game" -windowed 
LogInit: Base directory: C:/Program Files/Epic Games/UE_4.16/Engine/Binaries/Win64/
LogInit: Installed Engine Build: 1
LogInit: Presizing for max 8388607 objects, including 0 objects not considered by GC, pre-allocating 0 bytes for permanent pool.
LogInit: Object subsystem initialized
[2018.01.29-16.23.46:336][  0]LogInit: Selected Device Profile: [Windows]
[2018.01.29-16.23.46:336][  0]LogInit: Applying CVar settings loaded from the selected device profile: [Windows]
[2018.01.29-16.23.46:341][  0]LogInit: Computer: SONOFMORT
[2018.01.29-16.23.46:341][  0]LogInit: User: Jordan
[2018.01.29-16.23.46:341][  0]LogInit: CPU Page size=4096, Cores=8
[2018.01.29-16.23.46:341][  0]LogInit: High frequency timer resolution =3.124997 MHz
[2018.01.29-16.23.46:342][  0]LogMemory: Memory total: Physical=8.0GB (8GB approx)
[2018.01.29-16.23.46:342][  0]LogMemory: Platform Memory Stats for Windows
[2018.01.29-16.23.46:342][  0]LogMemory: Process Physical Memory: 278.06 MB used, 278.06 MB peak
[2018.01.29-16.23.46:342][  0]LogMemory: Process Virtual Memory: 261.64 MB used, 261.64 MB peak
[2018.01.29-16.23.46:342][  0]LogMemory: Physical Memory: 5591.18 MB used,  2556.05 MB free, 8147.22 MB total
[2018.01.29-16.23.46:342][  0]LogMemory: Virtual Memory: 666.12 MB used,  2556.05 MB free, 134217728.00 MB total
[2018.01.29-16.23.46:458][  0]LogInit: Using OS detected language (en-GB).
[2018.01.29-16.23.46:458][  0]LogInit: Using OS detected locale (en-GB).
[2018.01.29-16.23.46:462][  0]LogTextLocalizationManager: No specific localization for 'en-GB' exists, so the 'en' localization will be used.
[2018.01.29-16.23.47:429][  0]LogD3D11RHI: D3D11 adapters:
[2018.01.29-16.23.47:492][  0]LogD3D11RHI:    0. 'NVIDIA GeForce GTX 1070' (Feature Level 11_0)
[2018.01.29-16.23.47:492][  0]LogD3D11RHI:       8088/0/4073 MB DedicatedVideo/DedicatedSystem/SharedSystem, Outputs:2, VendorId:0x10de
[2018.01.29-16.23.47:495][  0]LogD3D11RHI:    1. 'Microsoft Basic Render Driver' (Feature Level 11_0)
[2018.01.29-16.23.47:495][  0]LogD3D11RHI:       0/0/4073 MB DedicatedVideo/DedicatedSystem/SharedSystem, Outputs:0, VendorId:0x1414
[2018.01.29-16.23.47:495][  0]LogD3D11RHI: Chosen D3D11 Adapter: 0
[2018.01.29-16.23.47:505][  0]LogD3D11RHI: Creating new Direct3DDevice
[2018.01.29-16.23.47:505][  0]LogD3D11RHI:     GPU DeviceId: 0x1b81 (for the marketing name, search the web for "GPU Device Id")
[2018.01.29-16.23.47:505][  0]LogWindows: EnumDisplayDevices:
[2018.01.29-16.23.47:505][  0]LogWindows:    0. 'NVIDIA GeForce GTX 1070' (P:1 D:1)
[2018.01.29-16.23.47:506][  0]LogWindows:    1. 'NVIDIA GeForce GTX 1070' (P:0 D:1)
[2018.01.29-16.23.47:506][  0]LogWindows:    2. 'NVIDIA GeForce GTX 1070' (P:0 D:0)
[2018.01.29-16.23.47:506][  0]LogWindows:    3. 'NVIDIA GeForce GTX 1070' (P:0 D:0)
[2018.01.29-16.23.47:506][  0]LogWindows: DebugString: GetVideoDriverDetailsInvalid PrimaryIsNotTheChoosenAdapter GetVideoDriverDetailsInvalid PrimaryIsNotTheChoosenAdapter GetVideoDriverDetailsInvalid PrimaryIsNotTheChoosenAdapter GetVideoDriverDetailsInvalid PrimaryIsNotTheChoosenAdapter FoundDriverCount:0 
[2018.01.29-16.23.47:506][  0]LogD3D11RHI:     Adapter Name: NVIDIA GeForce GTX 1070
[2018.01.29-16.23.47:506][  0]LogD3D11RHI:   Driver Version: Unknown (internal:Unknown, unified:Unknown)
[2018.01.29-16.23.47:506][  0]LogD3D11RHI:      Driver Date: Unknown
[2018.01.29-16.23.47:506][  0]LogRHI: Texture pool is 1361 MB (70% of 1945 MB)
[2018.01.29-16.23.47:549][  0]LogD3D11RHI: Async texture creation enabled
[2018.01.29-16.23.47:575][  0]LogD3D11RHI: GPU Timing Frequency: 1000.000000 (Debug: 2 2)
[2018.01.29-16.23.47:670][  0]LogShaderCompilers: Guid format shader working directory is 22 characters bigger than the processId version (F:/FMP/RPG_Game/RPG_Game/Intermediate/Shaders/WorkingDirectory/12244/).
[2018.01.29-16.23.47:670][  0]LogShaderCompilers: Cleaned the shader compiler working directory 'C:/Users/Jordan/AppData/Local/Temp/UnrealShaderWorkingDir/33D10FE344D74485FCC421B9C664CE97/'.
[2018.01.29-16.23.47:670][  0]LogShaderCompilers:Display: Using Local Shader Compiler.
[2018.01.29-16.23.48:931][  0]LogTemp:Display: Loaded TP WindowsClientTargetPlatform
[2018.01.29-16.23.49:014][  0]LogTemp:Display: Loaded TP WindowsNoEditorTargetPlatform
[2018.01.29-16.23.49:097][  0]LogTemp:Display: Loaded TP WindowsServerTargetPlatform
[2018.01.29-16.23.49:171][  0]LogTemp:Display: Loaded TP WindowsTargetPlatform
[2018.01.29-16.23.49:171][  0]LogTargetPlatformManager:Display: Building Assets For Windows
[2018.01.29-16.23.50:005][  0]LogDerivedDataCache:Display: Max Cache Size: 512 MB
[2018.01.29-16.23.50:111][  0]LogDerivedDataCache: Loaded boot cache 0.11s 90MB C:/Users/Jordan/AppData/Local/UnrealEngine/4.16/DerivedDataCache/Boot.ddc.
[2018.01.29-16.23.50:111][  0]LogDerivedDataCache:Display: Loaded Boot cache: C:/Users/Jordan/AppData/Local/UnrealEngine/4.16/DerivedDataCache/Boot.ddc
[2018.01.29-16.23.50:111][  0]LogDerivedDataCache: FDerivedDataBackendGraph:  Pak pak cache file F:/FMP/RPG_Game/RPG_Game/DerivedDataCache/DDC.ddp not found, will not use a pak cache.
[2018.01.29-16.23.50:111][  0]LogDerivedDataCache: Unable to find inner node Pak for hierarchical cache Hierarchy.
[2018.01.29-16.23.50:111][  0]LogDerivedDataCache: FDerivedDataBackendGraph:  CompressedPak pak cache file F:/FMP/RPG_Game/RPG_Game/DerivedDataCache/Compressed.ddp not found, will not use a pak cache.
[2018.01.29-16.23.50:111][  0]LogDerivedDataCache: Unable to find inner node CompressedPak for hierarchical cache Hierarchy.
[2018.01.29-16.23.50:132][  0]LogDerivedDataCache:Display: Pak cache opened for reading ../../../Engine/DerivedDataCache/Compressed.ddp.
[2018.01.29-16.23.50:145][  0]LogDerivedDataCache: Using Local data cache path C:/Users/Jordan/AppData/Local/UnrealEngine/Common/DerivedDataCache: Writable
[2018.01.29-16.23.50:157][  0]LogMaterial: Verifying Global Shaders for PCD3D_SM5
[2018.01.29-16.23.50:157][  0]LogSlate: Using Freetype 2.6.0
[2018.01.29-16.23.50:158][  0]LogSlate: SlateFontCache - WITH_FREETYPE: 1, WITH_HARFBUZZ: 1
[2018.01.29-16.23.50:158][  0]LogSlate: SlateFontCache - WITH_FREETYPE: 1, WITH_HARFBUZZ: 1
[2018.01.29-16.23.50:549][  0]LogAssetRegistry: FAssetRegistry took 0.0057 seconds to start up
[2018.01.29-16.23.50:558][  0]LogPackageLocalizationCache: Processed 4 localized package path(s) for 2 prioritized culture(s) in 0.009413 seconds
[2018.01.29-16.23.50:665][  0]LogInit: Selected Device Profile: [Windows]
[2018.01.29-16.23.50:782][  0]LogContentStreaming: Texture pool size is 1000.00 MB
[2018.01.29-16.23.50:989][  0]LogMeshUtilities: Using QuadricMeshReduction for automatic static mesh reduction
[2018.01.29-16.23.51:068][  0]LogSimplygon: Simplygon DLL not present - disabling.
[2018.01.29-16.23.51:152][  0]LogMeshUtilities: Using SimplygonSwarm for distributed automatic mesh merging
[2018.01.29-16.23.51:152][  0]LogMeshUtilities: No automatic skeletal mesh reduction module available
[2018.01.29-16.23.51:152][  0]LogMeshUtilities: No automatic mesh merging module available
[2018.01.29-16.23.51:918][  0]LogNetVersion: RPG_Game , NetCL: 3452394, EngineNetVer: 2, GameNetVer: 0 (Checksum: 2586067795)
[2018.01.29-16.23.52:036][  0]LogInit: WinSock: version 1.1 (2.2), MaxSocks=32767, MaxUdp=65467
[2018.01.29-16.23.53:782][  0]LogMoviePlayer: Initializing movie player
[2018.01.29-16.23.54:290][  0]LogCollectionManager: Loaded 0 collections in 0.002367 seconds
[2018.01.29-16.23.54:359][  0]LogFileCache: Scanning file cache for directory 'F:/FMP/RPG_Game/RPG_Game/Saved/Collections/' took 0.01s
[2018.01.29-16.23.54:359][  0]LogFileCache: Scanning file cache for directory 'F:/FMP/RPG_Game/RPG_Game/Content/Developers/Jordan/Collections/' took 0.01s
[2018.01.29-16.23.54:359][  0]LogFileCache: Scanning file cache for directory 'F:/FMP/RPG_Game/RPG_Game/Content/Collections/' took 0.01s
[2018.01.29-16.23.54:359][  0]LogCollectionManager: Rebuilt the object cache for 0 collections in 0.000002 seconds (found 0 objects)
[2018.01.29-16.23.54:359][  0]LogCollectionManager: Fixed up redirectors for 0 collections in 0.000037 seconds (updated 0 objects)
[2018.01.29-16.23.54:646][  0]LogTcpMessaging: Initializing TcpMessaging bridge
[2018.01.29-16.23.54:708][  0]LogUdpMessaging: Initializing bridge on interface 0.0.0.0:0 to multicast group 230.0.0.1:6666.
[2018.01.29-16.23.55:372][  0]SourceControl: Info Source control is disabled
[2018.01.29-16.23.55:372][  0]SourceControl: Info Source control is disabled
[2018.01.29-16.23.55:456][  0]SourceControl: Info Source control is disabled
[2018.01.29-16.23.55:916][  0]LogAndroidPermission: UAndroidPermissionCallbackProxy::GetInstance
[2018.01.29-16.23.56:683][  0]LogUObjectArray: 37220 objects as part of root set at end of initial load.
[2018.01.29-16.23.56:683][  0]LogUObjectAllocator: 8398840 out of 0 bytes used by permanent object pool.
[2018.01.29-16.23.56:683][  0]LogUObjectArray: CloseDisregardForGC: 0/0 objects in disregard for GC pool
[2018.01.29-16.23.56:843][  0]LogEngine: Initializing Engine...
[2018.01.29-16.23.56:844][  0]LogHMD: Failed to initialize OpenVR with code 110
[2018.01.29-16.23.57:045][  0]LogStats: UGameplayTagsManager::ConstructGameplayTagTree: Construct from data asset -  0.000 s
[2018.01.29-16.23.57:045][  0]LogStats: UGameplayTagsManager::ConstructGameplayTagTree: GameplayTagTreeChangedEvent.Broadcast -  0.000 s
[2018.01.29-16.23.57:057][  0]LogInit: XAudio2 using 'Headset Earphone (Corsair VOID RGB USB Gaming Headset)' : 6 channels at 48 kHz using 16 bits per sample (channel mask 0x3f)
[2018.01.29-16.23.57:223][  0]LogInit: FAudioDevice initialized.
[2018.01.29-16.23.57:252][  0]LogInit: Texture streaming: Enabled
[2018.01.29-16.23.57:268][  0]LogMaterial: Uniform references updated for custom material expression Custom.
[2018.01.29-16.23.57:658][  0]LogSlateStyle:Warning: Unable to find Slate Widget Style 'NormalText'. Using FTextBlockStyle defaults instead.
[2018.01.29-16.23.57:658][  0]LogSlateStyle:Warning: Unable to find Slate Widget Style 'SpinBox'. Using FSpinBoxStyle defaults instead.
[2018.01.29-16.23.58:031][  0]LogInit:Display: Game Engine Initialized.
[2018.01.29-16.23.58:289][  0]LogInit:Display: Starting Game.
[2018.01.29-16.23.58:291][  0]LogNet: Browse: /Temp/Autosaves/Game/Maps/UEDPCMenu?Name=Player
[2018.01.29-16.23.58:291][  0]LogLoad: LoadMap: /Temp/Autosaves/Game/Maps/UEDPCMenu?Name=Player
[2018.01.29-16.23.58:308][  0]LogMemory: Platform Memory Stats for Windows
[2018.01.29-16.23.58:308][  0]LogMemory: Process Physical Memory: 817.98 MB used, 915.84 MB peak
[2018.01.29-16.23.58:308][  0]LogMemory: Process Virtual Memory: 918.06 MB used, 966.21 MB peak
[2018.01.29-16.23.58:308][  0]LogMemory: Physical Memory: 6102.65 MB used,  2044.57 MB free, 8147.22 MB total
[2018.01.29-16.23.58:308][  0]LogMemory: Virtual Memory: 1599.77 MB used,  2044.57 MB free, 134217728.00 MB total
[2018.01.29-16.23.58:308][  0]LogMemory: 
[2018.01.29-16.23.58:308][  0]Allocator Stats for TBB: (not implemented)
[2018.01.29-16.23.58:564][  0]LogAIModule: Creating AISystem for world Menu
[2018.01.29-16.23.58:677][  0]LogBlueprint:Error: [Compiler ThirdPersonPlayer] Error Spawn node  Create Widget  must have a class specified.
[2018.01.29-16.23.58:677][  0]LogBlueprint:Error: [Compiler ThirdPersonPlayer] Error Spawn node  Create Widget  must have a class specified.
[2018.01.29-16.23.58:690][  0]LogBlueprint:Warning: [Compiler ThirdPersonPlayer] Warning [0014.85] Compile of ThirdPersonPlayer failed. 2 Fatal Issue(s) 0 Warning(s) [in 17 ms] (/Game/Gameplay/ThirdPersonPlayer.ThirdPersonPlayer)
[2018.01.29-16.23.58:690][  0]LogBlueprint:Warning: [Compiler ThirdPersonPlayer] Warning [0014.85] Compile of ThirdPersonPlayer failed. 2 Fatal Issue(s) 1 Warning(s) [in 0 ms] (/Game/Gameplay/ThirdPersonPlayer.ThirdPersonPlayer)
[2018.01.29-16.23.58:690][  0]LogBlueprint:Warning: [Compiler ThirdPersonPlayer] Warning [0014.85] Compile of ThirdPersonPlayer failed. 2 Fatal Issue(s) 2 Warning(s) [in 0 ms] (/Game/Gameplay/ThirdPersonPlayer.ThirdPersonPlayer)
[2018.01.29-16.23.58:699][  0]LogBlueprint:Error: [Compiler ThirdPersonPlayer] Error Spawn node  Create Widget  must have a class specified.
[2018.01.29-16.23.58:699][  0]LogBlueprint:Error: [Compiler ThirdPersonPlayer] Error Spawn node  Create Widget  must have a class specified.
[2018.01.29-16.23.58:711][  0]LogBlueprint:Warning: [Compiler ThirdPersonPlayer] Warning [0014.87] Compile of ThirdPersonPlayer failed. 2 Fatal Issue(s) 0 Warning(s) [in 15 ms] (/Game/Gameplay/ThirdPersonPlayer.ThirdPersonPlayer)
[2018.01.29-16.23.58:711][  0]LogBlueprint:Warning: [Compiler ThirdPersonPlayer] Warning [0014.87] Compile of ThirdPersonPlayer failed. 2 Fatal Issue(s) 1 Warning(s) [in 0 ms] (/Game/Gameplay/ThirdPersonPlayer.ThirdPersonPlayer)
[2018.01.29-16.23.58:712][  0]LogBlueprint:Warning: [Compiler ThirdPersonPlayer] Warning [0014.87] Compile of ThirdPersonPlayer failed. 2 Fatal Issue(s) 2 Warning(s) [in 0 ms] (/Game/Gameplay/ThirdPersonPlayer.ThirdPersonPlayer)
[2018.01.29-16.23.58:801][  0]LogLoad: Game class is 'RPGGM_C'
[2018.01.29-16.23.58:805][  0]LogWorld: Bringing World /Temp/Autosaves/Game/Maps/UEDPCMenu.Menu up for play (max tick rate 0) at 2018.01.29-16.23.58
[2018.01.29-16.23.58:805][  0]LogWorld: Bringing up level for play took: 0.000651
[2018.01.29-16.23.58:809][  0]LogLoad: Took 0.517875 seconds to LoadMap(/Temp/Autosaves/Game/Maps/UEDPCMenu)
[2018.01.29-16.23.59:157][  0]LogRenderer: Reallocating scene render targets to support 1280x720 NumSamples 1 (Frame:1).
[2018.01.29-16.23.59:157][  0]LogLoad: (Engine Initialization) Total time: 15.31 seconds
[2018.01.29-16.23.59:157][  0]LogLoad: (Engine Initialization) Total Blueprint compile time: 0.17 seconds
[2018.01.29-16.23.59:157][  0]LogExternalProfiler: No external profilers were discovered.  External profiling features will not be available.
[2018.01.29-16.23.59:174][  0]LogWindowsTextInputMethodSystem:Display: IME system now deactivated.
[2018.01.29-16.23.59:174][  0]LogOcInput: OculusInput pre-init called
[2018.01.29-16.23.59:174][  0]LogHMD: Starting GearVRController plugin
[2018.01.29-16.24.02:643][205]LogPackageName: SearchForPackageOnDisk took   0.136s to resolve HelloWorld.umap.
[2018.01.29-16.24.02:777][205]LogPackageName: SearchForPackageOnDisk took   0.133s to resolve HelloWorld.umap.
[2018.01.29-16.24.02:777][205]LogNet: Browse: /Game/Maps/HelloWorld
[2018.01.29-16.24.02:777][205]LogLoad: LoadMap: /Game/Maps/HelloWorld
[2018.01.29-16.24.02:802][205]LogMemory: Platform Memory Stats for Windows
[2018.01.29-16.24.02:802][205]LogMemory: Process Physical Memory: 858.88 MB used, 915.84 MB peak
[2018.01.29-16.24.02:802][205]LogMemory: Process Virtual Memory: 1138.73 MB used, 1177.05 MB peak
[2018.01.29-16.24.02:802][205]LogMemory: Physical Memory: 6141.53 MB used,  2005.69 MB free, 8147.22 MB total
[2018.01.29-16.24.02:802][205]LogMemory: Virtual Memory: 1819.77 MB used,  2005.69 MB free, 134217728.00 MB total
[2018.01.29-16.24.02:802][205]LogMemory: 
[2018.01.29-16.24.02:802][205]Allocator Stats for TBB: (not implemented)
[2018.01.29-16.24.02:944][205]LogAIModule: Creating AISystem for world HelloWorld
[2018.01.29-16.24.03:049][205]LogBlueprint:Error: [Compiler ThirdPersonPlayer] Error Spawn node  Create Widget  must have a class specified.
[2018.01.29-16.24.03:049][205]LogBlueprint:Error: [Compiler ThirdPersonPlayer] Error Spawn node  Create Widget  must have a class specified.
[2018.01.29-16.24.03:061][205]LogBlueprint:Warning: [Compiler ThirdPersonPlayer] Warning [0019.22] Compile of ThirdPersonPlayer failed. 2 Fatal Issue(s) 0 Warning(s) [in 15 ms] (/Game/Gameplay/ThirdPersonPlayer.ThirdPersonPlayer)
[2018.01.29-16.24.03:061][205]LogBlueprint:Warning: [Compiler ThirdPersonPlayer] Warning [0019.22] Compile of ThirdPersonPlayer failed. 2 Fatal Issue(s) 1 Warning(s) [in 0 ms] (/Game/Gameplay/ThirdPersonPlayer.ThirdPersonPlayer)
[2018.01.29-16.24.03:061][205]LogBlueprint:Warning: [Compiler ThirdPersonPlayer] Warning [0019.22] Compile of ThirdPersonPlayer failed. 2 Fatal Issue(s) 2 Warning(s) [in 0 ms] (/Game/Gameplay/ThirdPersonPlayer.ThirdPersonPlayer)
[2018.01.29-16.24.03:071][205]LogBlueprint:Error: [Compiler ThirdPersonPlayer] Error Spawn node  Create Widget  must have a class specified.
[2018.01.29-16.24.03:071][205]LogBlueprint:Error: [Compiler ThirdPersonPlayer] Error Spawn node  Create Widget  must have a class specified.
[2018.01.29-16.24.03:084][205]LogBlueprint:Warning: [Compiler ThirdPersonPlayer] Warning [0019.24] Compile of ThirdPersonPlayer failed. 2 Fatal Issue(s) 0 Warning(s) [in 17 ms] (/Game/Gameplay/ThirdPersonPlayer.ThirdPersonPlayer)
[2018.01.29-16.24.03:084][205]LogBlueprint:Warning: [Compiler ThirdPersonPlayer] Warning [0019.24] Compile of ThirdPersonPlayer failed. 2 Fatal Issue(s) 1 Warning(s) [in 0 ms] (/Game/Gameplay/ThirdPersonPlayer.ThirdPersonPlayer)
[2018.01.29-16.24.03:084][205]LogBlueprint:Warning: [Compiler ThirdPersonPlayer] Warning [0019.24] Compile of ThirdPersonPlayer failed. 2 Fatal Issue(s) 2 Warning(s) [in 0 ms] (/Game/Gameplay/ThirdPersonPlayer.ThirdPersonPlayer)
[2018.01.29-16.24.03:170][205]LogLoad: Game class is 'RPGGM_C'
[2018.01.29-16.24.03:195][205]LogWorld: Bringing World /Game/Maps/HelloWorld.HelloWorld up for play (max tick rate 0) at 2018.01.29-16.24.03
[2018.01.29-16.24.03:196][205]LogWorld: Bringing up level for play took: 0.025525
[2018.01.29-16.24.03:199][205]LogLoad: Took 0.421160 seconds to LoadMap(/Game/Maps/HelloWorld)
[2018.01.29-16.24.14:858][924]LogWindowsTextInputMethodSystem:Display: IME system now deactivated.
[2018.01.29-16.24.14:865][924]LogWindowsTextInputMethodSystem:Display: IME system now deactivated.
[2018.01.29-16.24.14:868][924]LogEngine: All Windows Closed
[2018.01.29-16.24.14:868][924]LogWindows: FPlatformMisc::RequestExit(0)
[2018.01.29-16.24.15:855][925]LogExit: Preparing to exit.
[2018.01.29-16.24.15:855][925]LogMoviePlayer: Shutting down movie player
