Log file open, 02/01/18 20:42:01
LogInit:Display: Running engine for game: RPG_Game
LogPlatformFile: Not using cached read wrapper
LogInit:Display: RandInit(865574974) SRandInit(865574974).
LogTaskGraph: Started task graph with 5 named threads and 8 total threads with 1 sets of task threads.
LogStats: Stats thread started at 0.082267
LogInit: Using libcurl 7.47.1
LogInit:  - built for x86_64-pc-win32
LogInit:  - supports SSL with OpenSSL/1.0.2g
LogInit:  - supports HTTP deflate (compression) using libz 1.2.8
LogInit:  - other features:
LogInit:      CURL_VERSION_SSL
LogInit:      CURL_VERSION_LIBZ
LogInit:      CURL_VERSION_IPV6
LogInit:      CURL_VERSION_ASYNCHDNS
LogInit:      CURL_VERSION_LARGEFILE
LogInit:      CURL_VERSION_IDN
LogInit:  CurlRequestOptions (configurable via config and command line):
LogInit:  - bVerifyPeer = false  - Libcurl will NOT verify peer certificate
LogInit:  - bUseHttpProxy = false  - Libcurl will NOT use HTTP proxy
LogInit:  - bDontReuseConnections = false  - Libcurl will reuse connections
LogInit:  - CertBundlePath = nullptr  - Libcurl will use whatever was configured at build time.
LogInit: Build: ++UE4+Release-4.16-CL-3561208
LogInit: Engine Version: 4.16.3-3561208+++UE4+Release-4.16
LogInit: Compatible Engine Version: 4.16.0-3452394+++UE4+Release-4.16
LogInit: Net CL: 3452394
LogDevObjectVersion: Number of dev versions registered: 16
LogDevObjectVersion:   Dev-Blueprints (B0D832E4-1F89-4F0D-ACCF-7EB736FD4AA2): 9
LogDevObjectVersion:   Dev-Build (E1C64328-A22C-4D53-A36C-8E866417BD8C): 0
LogDevObjectVersion:   Dev-Core (375EC13C-06E4-48FB-B500-84F0262A717E): 2
LogDevObjectVersion:   Dev-Editor (E4B068ED-F494-42E9-A231-DA0B2E46BB41): 17
LogDevObjectVersion:   Dev-Framework (CFFC743F-43B0-4480-9391-14DF171D2073): 23
LogDevObjectVersion:   Dev-Mobile (B02B49B5-BB20-44E9-A304-32B752E40360): 0
LogDevObjectVersion:   Dev-Networking (A4E4105C-59A1-49B5-A7C5-40C4547EDFEE): 0
LogDevObjectVersion:   Dev-Online (39C831C9-5AE6-47DC-9A44-9C173E1C8E7C): 0
LogDevObjectVersion:   Dev-Physics (78F01B33-EBEA-4F98-B9B4-84EACCB95AA2): 0
LogDevObjectVersion:   Dev-Platform (6631380F-2D4D-43E0-8009-CF276956A95A): 0
LogDevObjectVersion:   Dev-Rendering (12F88B9F-8875-4AFC-A67C-D90C383ABD29): 15
LogDevObjectVersion:   Dev-Sequencer (7B5AE74C-D270-4C10-A958-57980B212A5A): 4
LogDevObjectVersion:   Dev-VR (D7296918-1DD6-4BDD-9DE2-64A83CC13884): 0
LogDevObjectVersion:   Dev-LoadTimes (C2A15278-BFE7-4AFE-6C17-90FF531DF755): 1
LogDevObjectVersion:   Private-Geometry (6EACA3D4-40EC-4CC1-B786-8BED09428FC5): 1
LogDevObjectVersion:   Dev-AnimPhys (29E575DD-E0A3-4627-9D10-D276232CDCEA): 3
LogInit: Compiled (64-bit): Jul 28 2017 11:49:47
LogInit: Compiled with Visual C++: 19.00.24215.01
LogInit: Build Configuration: Development
LogInit: Branch Name: ++UE4+Release-4.16
LogInit: Command line:  /Temp/Autosaves/Game/Maps/UEDPCMenu -game -PIEVIACONSOLE -ResX=1280 -ResY=720  -Multiprocess -messaging -SessionName="Play in Standalone Game" -windowed 
LogInit: Base directory: D:/Program Files/UE_4.16/Engine/Binaries/Win64/
LogInit: Installed Engine Build: 1
LogInit: Presizing for max 8388607 objects, including 0 objects not considered by GC, pre-allocating 0 bytes for permanent pool.
LogInit: Object subsystem initialized
[2018.02.01-20.42.02:220][  0]LogInit: Selected Device Profile: [Windows]
[2018.02.01-20.42.02:220][  0]LogInit: Applying CVar settings loaded from the selected device profile: [Windows]
[2018.02.01-20.42.02:223][  0]LogInit: Computer: DESKTOP-46CB9MQ
[2018.02.01-20.42.02:223][  0]LogInit: User: JoshR
[2018.02.01-20.42.02:223][  0]LogInit: CPU Page size=4096, Cores=4
[2018.02.01-20.42.02:223][  0]LogInit: High frequency timer resolution =3.421878 MHz
[2018.02.01-20.42.02:223][  0]LogMemory: Memory total: Physical=16.0GB (16GB approx)
[2018.02.01-20.42.02:223][  0]LogMemory: Platform Memory Stats for Windows
[2018.02.01-20.42.02:223][  0]LogMemory: Process Physical Memory: 272.97 MB used, 272.97 MB peak
[2018.02.01-20.42.02:223][  0]LogMemory: Process Virtual Memory: 266.74 MB used, 266.74 MB peak
[2018.02.01-20.42.02:223][  0]LogMemory: Physical Memory: 5440.09 MB used,  10903.91 MB free, 16344.00 MB total
[2018.02.01-20.42.02:223][  0]LogMemory: Virtual Memory: 662.43 MB used,  10903.91 MB free, 134217728.00 MB total
[2018.02.01-20.42.02:264][  0]LogInit: Using OS detected language (en-GB).
[2018.02.01-20.42.02:264][  0]LogInit: Using OS detected locale (en-GB).
[2018.02.01-20.42.02:266][  0]LogTextLocalizationManager: No specific localization for 'en-GB' exists, so the 'en' localization will be used.
[2018.02.01-20.42.02:800][  0]LogD3D11RHI: D3D11 adapters:
[2018.02.01-20.42.02:829][  0]LogD3D11RHI:    0. 'NVIDIA GeForce GTX 970' (Feature Level 11_0)
[2018.02.01-20.42.02:829][  0]LogD3D11RHI:       4043/0/8172 MB DedicatedVideo/DedicatedSystem/SharedSystem, Outputs:1, VendorId:0x10de
[2018.02.01-20.42.02:831][  0]LogD3D11RHI:    1. 'Microsoft Basic Render Driver' (Feature Level 11_0)
[2018.02.01-20.42.02:831][  0]LogD3D11RHI:       0/0/8172 MB DedicatedVideo/DedicatedSystem/SharedSystem, Outputs:0, VendorId:0x1414
[2018.02.01-20.42.02:831][  0]LogD3D11RHI: Chosen D3D11 Adapter: 0
[2018.02.01-20.42.02:836][  0]LogD3D11RHI: Creating new Direct3DDevice
[2018.02.01-20.42.02:836][  0]LogD3D11RHI:     GPU DeviceId: 0x13c2 (for the marketing name, search the web for "GPU Device Id")
[2018.02.01-20.42.02:836][  0]LogWindows: EnumDisplayDevices:
[2018.02.01-20.42.02:836][  0]LogWindows:    0. 'NVIDIA GeForce GTX 970' (P:1 D:1)
[2018.02.01-20.42.02:836][  0]LogWindows:    1. 'NVIDIA GeForce GTX 970' (P:0 D:0)
[2018.02.01-20.42.02:836][  0]LogWindows:    2. 'NVIDIA GeForce GTX 970' (P:0 D:0)
[2018.02.01-20.42.02:836][  0]LogWindows:    3. 'NVIDIA GeForce GTX 970' (P:0 D:0)
[2018.02.01-20.42.02:836][  0]LogWindows: DebugString: GetVideoDriverDetailsInvalid PrimaryIsNotTheChoosenAdapter GetVideoDriverDetailsInvalid PrimaryIsNotTheChoosenAdapter GetVideoDriverDetailsInvalid PrimaryIsNotTheChoosenAdapter GetVideoDriverDetailsInvalid PrimaryIsNotTheChoosenAdapter FoundDriverCount:0 
[2018.02.01-20.42.02:836][  0]LogD3D11RHI:     Adapter Name: NVIDIA GeForce GTX 970
[2018.02.01-20.42.02:836][  0]LogD3D11RHI:   Driver Version: Unknown (internal:Unknown, unified:Unknown)
[2018.02.01-20.42.02:836][  0]LogD3D11RHI:      Driver Date: Unknown
[2018.02.01-20.42.02:836][  0]LogRHI: Texture pool is 1361 MB (70% of 1945 MB)
[2018.02.01-20.42.02:855][  0]LogD3D11RHI: Async texture creation enabled
[2018.02.01-20.42.02:874][  0]LogD3D11RHI: GPU Timing Frequency: 1000.000000 (Debug: 2 2)
[2018.02.01-20.42.02:875][  0]LogShaderCompilers: Guid format shader working directory is -16 characters bigger than the processId version (../../../../../Users/JoshR/Documents/GitHub/FMP_RPG_Game_Charm/Intermediate/Shaders/WorkingDirectory/5760/).
[2018.02.01-20.42.02:876][  0]LogShaderCompilers: Cleaned the shader compiler working directory 'C:/Users/JoshR/AppData/Local/Temp/UnrealShaderWorkingDir/95EA2AA44C39462A52F19F8734ED69B5/'.
[2018.02.01-20.42.02:876][  0]LogShaderCompilers:Display: Using Local Shader Compiler.
[2018.02.01-20.42.03:618][  0]LogTemp:Display: Loaded TP WindowsClientTargetPlatform
[2018.02.01-20.42.03:650][  0]LogTemp:Display: Loaded TP WindowsNoEditorTargetPlatform
[2018.02.01-20.42.03:681][  0]LogTemp:Display: Loaded TP WindowsServerTargetPlatform
[2018.02.01-20.42.03:713][  0]LogTemp:Display: Loaded TP WindowsTargetPlatform
[2018.02.01-20.42.03:713][  0]LogTargetPlatformManager:Display: Building Assets For Windows
[2018.02.01-20.42.04:000][  0]LogDerivedDataCache:Display: Max Cache Size: 512 MB
[2018.02.01-20.42.04:065][  0]LogDerivedDataCache: Loaded boot cache 0.07s 90MB C:/Users/JoshR/AppData/Local/UnrealEngine/4.16/DerivedDataCache/Boot.ddc.
[2018.02.01-20.42.04:066][  0]LogDerivedDataCache:Display: Loaded Boot cache: C:/Users/JoshR/AppData/Local/UnrealEngine/4.16/DerivedDataCache/Boot.ddc
[2018.02.01-20.42.04:066][  0]LogDerivedDataCache: FDerivedDataBackendGraph:  Pak pak cache file ../../../../../Users/JoshR/Documents/GitHub/FMP_RPG_Game_Charm/DerivedDataCache/DDC.ddp not found, will not use a pak cache.
[2018.02.01-20.42.04:066][  0]LogDerivedDataCache: Unable to find inner node Pak for hierarchical cache Hierarchy.
[2018.02.01-20.42.04:066][  0]LogDerivedDataCache: FDerivedDataBackendGraph:  CompressedPak pak cache file ../../../../../Users/JoshR/Documents/GitHub/FMP_RPG_Game_Charm/DerivedDataCache/Compressed.ddp not found, will not use a pak cache.
[2018.02.01-20.42.04:066][  0]LogDerivedDataCache: Unable to find inner node CompressedPak for hierarchical cache Hierarchy.
[2018.02.01-20.42.04:077][  0]LogDerivedDataCache:Display: Pak cache opened for reading ../../../Engine/DerivedDataCache/Compressed.ddp.
[2018.02.01-20.42.04:089][  0]LogDerivedDataCache: Using Local data cache path C:/Users/JoshR/AppData/Local/UnrealEngine/Common/DerivedDataCache: Writable
[2018.02.01-20.42.04:097][  0]LogMaterial: Verifying Global Shaders for PCD3D_SM5
[2018.02.01-20.42.04:097][  0]LogSlate: Using Freetype 2.6.0
[2018.02.01-20.42.04:097][  0]LogSlate: SlateFontCache - WITH_FREETYPE: 1, WITH_HARFBUZZ: 1
[2018.02.01-20.42.04:097][  0]LogSlate: SlateFontCache - WITH_FREETYPE: 1, WITH_HARFBUZZ: 1
[2018.02.01-20.42.04:293][  0]LogAssetRegistry: FAssetRegistry took 0.0031 seconds to start up
[2018.02.01-20.42.04:300][  0]LogPackageLocalizationCache: Processed 4 localized package path(s) for 2 prioritized culture(s) in 0.006981 seconds
[2018.02.01-20.42.04:359][  0]LogInit: Selected Device Profile: [Windows]
[2018.02.01-20.42.04:405][  0]LogContentStreaming: Texture pool size is 1000.00 MB
[2018.02.01-20.42.04:510][  0]LogMeshUtilities: Using QuadricMeshReduction for automatic static mesh reduction
[2018.02.01-20.42.04:537][  0]LogSimplygon: Simplygon DLL not present - disabling.
[2018.02.01-20.42.04:568][  0]LogMeshUtilities: Using SimplygonSwarm for distributed automatic mesh merging
[2018.02.01-20.42.04:568][  0]LogMeshUtilities: No automatic skeletal mesh reduction module available
[2018.02.01-20.42.04:568][  0]LogMeshUtilities: No automatic mesh merging module available
[2018.02.01-20.42.04:895][  0]LogNetVersion: RPG_Game , NetCL: 3452394, EngineNetVer: 2, GameNetVer: 0 (Checksum: 2586067795)
[2018.02.01-20.42.04:938][  0]LogInit: WinSock: version 1.1 (2.2), MaxSocks=32767, MaxUdp=65467
[2018.02.01-20.42.05:574][  0]LogMoviePlayer: Initializing movie player
[2018.02.01-20.42.05:794][  0]LogCollectionManager: Loaded 0 collections in 0.000998 seconds
[2018.02.01-20.42.05:839][  0]LogFileCache: Scanning file cache for directory 'D:/Users/JoshR/Documents/GitHub/FMP_RPG_Game_Charm/Saved/Collections/' took 0.01s
[2018.02.01-20.42.05:839][  0]LogFileCache: Scanning file cache for directory 'D:/Users/JoshR/Documents/GitHub/FMP_RPG_Game_Charm/Content/Developers/JoshR/Collections/' took 0.01s
[2018.02.01-20.42.05:839][  0]LogFileCache: Scanning file cache for directory 'D:/Users/JoshR/Documents/GitHub/FMP_RPG_Game_Charm/Content/Collections/' took 0.01s
[2018.02.01-20.42.05:839][  0]LogCollectionManager: Rebuilt the object cache for 0 collections in 0.000002 seconds (found 0 objects)
[2018.02.01-20.42.05:839][  0]LogCollectionManager: Fixed up redirectors for 0 collections in 0.000027 seconds (updated 0 objects)
[2018.02.01-20.42.05:946][  0]LogTcpMessaging: Initializing TcpMessaging bridge
[2018.02.01-20.42.05:974][  0]LogUdpMessaging: Initializing bridge on interface 0.0.0.0:0 to multicast group 230.0.0.1:6666.
[2018.02.01-20.42.06:241][  0]SourceControl: Info Source control is disabled
[2018.02.01-20.42.06:241][  0]SourceControl: Info Source control is disabled
[2018.02.01-20.42.06:271][  0]SourceControl: Info Source control is disabled
[2018.02.01-20.42.06:433][  0]LogAndroidPermission: UAndroidPermissionCallbackProxy::GetInstance
[2018.02.01-20.42.06:713][  0]LogUObjectArray: 37220 objects as part of root set at end of initial load.
[2018.02.01-20.42.06:713][  0]LogUObjectAllocator: 8398848 out of 0 bytes used by permanent object pool.
[2018.02.01-20.42.06:713][  0]LogUObjectArray: CloseDisregardForGC: 0/0 objects in disregard for GC pool
[2018.02.01-20.42.06:784][  0]LogEngine: Initializing Engine...
[2018.02.01-20.42.06:785][  0]LogHMD: Failed to initialize OpenVR with code 110
[2018.02.01-20.42.06:915][  0]LogStats: UGameplayTagsManager::ConstructGameplayTagTree: Construct from data asset -  0.000 s
[2018.02.01-20.42.06:915][  0]LogStats: UGameplayTagsManager::ConstructGameplayTagTree: GameplayTagTreeChangedEvent.Broadcast -  0.000 s
[2018.02.01-20.42.06:925][  0]LogInit: XAudio2 using 'Speakers (High Definition Audio Device)' : 2 channels at 44.1 kHz using 16 bits per sample (channel mask 0x3)
[2018.02.01-20.42.06:945][  0]LogInit: FAudioDevice initialized.
[2018.02.01-20.42.06:964][  0]LogInit: Texture streaming: Enabled
[2018.02.01-20.42.06:974][  0]LogMaterial: Uniform references updated for custom material expression Custom.
[2018.02.01-20.42.07:133][  0]LogSlateStyle:Warning: Unable to find Slate Widget Style 'NormalText'. Using FTextBlockStyle defaults instead.
[2018.02.01-20.42.07:133][  0]LogSlateStyle:Warning: Unable to find Slate Widget Style 'SpinBox'. Using FSpinBoxStyle defaults instead.
[2018.02.01-20.42.07:263][  0]LogInit:Display: Game Engine Initialized.
[2018.02.01-20.42.07:355][  0]LogInit:Display: Starting Game.
[2018.02.01-20.42.07:355][  0]LogNet: Browse: /Temp/Autosaves/Game/Maps/UEDPCMenu?Name=Player
[2018.02.01-20.42.07:355][  0]LogLoad: LoadMap: /Temp/Autosaves/Game/Maps/UEDPCMenu?Name=Player
[2018.02.01-20.42.07:367][  0]LogMemory: Platform Memory Stats for Windows
[2018.02.01-20.42.07:367][  0]LogMemory: Process Physical Memory: 802.13 MB used, 901.03 MB peak
[2018.02.01-20.42.07:367][  0]LogMemory: Process Virtual Memory: 905.40 MB used, 956.55 MB peak
[2018.02.01-20.42.07:367][  0]LogMemory: Physical Memory: 5896.59 MB used,  10447.41 MB free, 16344.00 MB total
[2018.02.01-20.42.07:367][  0]LogMemory: Virtual Memory: 1532.95 MB used,  10447.41 MB free, 134217728.00 MB total
[2018.02.01-20.42.07:367][  0]LogMemory: 
[2018.02.01-20.42.07:367][  0]Allocator Stats for TBB: (not implemented)
[2018.02.01-20.42.07:513][  0]LogAIModule: Creating AISystem for world Menu
[2018.02.01-20.42.07:530][  0]LogBlueprint:Warning: [Compiler Pause] Warning 'Menu' does not inherit from 'Player Controller' ( Cast To Menu  would always fail).
[2018.02.01-20.42.07:531][  0]LogBlueprint:Warning: [Compiler Pause] Warning [0006.39] Compile of Pause successful, but with 1 Warning(s) [in 1 ms] (/Game/Gameplay/HUD/PauseMenu/Pause.Pause)
[2018.02.01-20.42.07:531][  0]LogBlueprint:Warning: [Compiler Pause] Warning [0006.39] Compile of Pause successful, but with 2 Warning(s) [in 0 ms] (/Game/Gameplay/HUD/PauseMenu/Pause.Pause)
[2018.02.01-20.42.07:531][  0]LogBlueprint:Warning: [Compiler Pause] Warning [0006.39] Compile of Pause successful, but with 3 Warning(s) [in 0 ms] (/Game/Gameplay/HUD/PauseMenu/Pause.Pause)
[2018.02.01-20.42.07:556][  0]LogBlueprint:Warning: [Compiler Pause] Warning 'Menu' does not inherit from 'Player Controller' ( Cast To Menu  would always fail).
[2018.02.01-20.42.07:557][  0]LogBlueprint:Warning: [Compiler Pause] Warning [0006.42] Compile of Pause successful, but with 1 Warning(s) [in 2 ms] (/Game/Gameplay/HUD/PauseMenu/Pause.Pause)
[2018.02.01-20.42.07:557][  0]LogBlueprint:Warning: [Compiler Pause] Warning [0006.42] Compile of Pause successful, but with 2 Warning(s) [in 0 ms] (/Game/Gameplay/HUD/PauseMenu/Pause.Pause)
[2018.02.01-20.42.07:557][  0]LogBlueprint:Warning: [Compiler Pause] Warning [0006.42] Compile of Pause successful, but with 3 Warning(s) [in 0 ms] (/Game/Gameplay/HUD/PauseMenu/Pause.Pause)
[2018.02.01-20.42.07:561][  0]LogLoad: Game class is 'FuseGM_C'
[2018.02.01-20.42.07:563][  0]LogWorld: Bringing World /Temp/Autosaves/Game/Maps/UEDPCMenu.Menu up for play (max tick rate 0) at 2018.02.01-20.42.07
[2018.02.01-20.42.07:563][  0]LogWorld: Bringing up level for play took: 0.000567
[2018.02.01-20.42.07:566][  0]LogLoad: Took 0.210890 seconds to LoadMap(/Temp/Autosaves/Game/Maps/UEDPCMenu)
[2018.02.01-20.42.07:691][  0]LogRenderer: Reallocating scene render targets to support 1280x720 NumSamples 1 (Frame:1).
[2018.02.01-20.42.07:691][  0]LogLoad: (Engine Initialization) Total time: 6.55 seconds
[2018.02.01-20.42.07:691][  0]LogLoad: (Engine Initialization) Total Blueprint compile time: 0.09 seconds
[2018.02.01-20.42.07:691][  0]LogExternalProfiler: No external profilers were discovered.  External profiling features will not be available.
[2018.02.01-20.42.07:707][  0]LogOcInput: OculusInput pre-init called
[2018.02.01-20.42.07:707][  0]LogHMD: Starting GearVRController plugin
[2018.02.01-20.42.09:080][ 81]LogPackageName: SearchForPackageOnDisk took   0.066s to resolve HelloWorld.umap.
[2018.02.01-20.42.09:145][ 81]LogPackageName: SearchForPackageOnDisk took   0.064s to resolve HelloWorld.umap.
[2018.02.01-20.42.09:145][ 81]LogNet: Browse: /Game/Maps/HelloWorld
[2018.02.01-20.42.09:145][ 81]LogLoad: LoadMap: /Game/Maps/HelloWorld
[2018.02.01-20.42.09:160][ 81]LogMemory: Platform Memory Stats for Windows
[2018.02.01-20.42.09:160][ 81]LogMemory: Process Physical Memory: 826.97 MB used, 901.03 MB peak
[2018.02.01-20.42.09:160][ 81]LogMemory: Process Virtual Memory: 1104.57 MB used, 1110.68 MB peak
[2018.02.01-20.42.09:160][ 81]LogMemory: Physical Memory: 5910.37 MB used,  10433.64 MB free, 16344.00 MB total
[2018.02.01-20.42.09:160][ 81]LogMemory: Virtual Memory: 1770.82 MB used,  10433.64 MB free, 134217728.00 MB total
[2018.02.01-20.42.09:160][ 81]LogMemory: 
[2018.02.01-20.42.09:160][ 81]Allocator Stats for TBB: (not implemented)
[2018.02.01-20.42.09:329][ 81]LogAIModule: Creating AISystem for world HelloWorld
[2018.02.01-20.42.09:384][ 81]LogBlueprint:Warning: [Compiler Pause] Warning 'Menu' does not inherit from 'Player Controller' ( Cast To Menu  would always fail).
[2018.02.01-20.42.09:385][ 81]LogBlueprint:Warning: [Compiler Pause] Warning [0008.25] Compile of Pause successful, but with 1 Warning(s) [in 1 ms] (/Game/Gameplay/HUD/PauseMenu/Pause.Pause)
[2018.02.01-20.42.09:385][ 81]LogBlueprint:Warning: [Compiler Pause] Warning [0008.25] Compile of Pause successful, but with 2 Warning(s) [in 0 ms] (/Game/Gameplay/HUD/PauseMenu/Pause.Pause)
[2018.02.01-20.42.09:385][ 81]LogBlueprint:Warning: [Compiler Pause] Warning [0008.25] Compile of Pause successful, but with 3 Warning(s) [in 0 ms] (/Game/Gameplay/HUD/PauseMenu/Pause.Pause)
[2018.02.01-20.42.09:409][ 81]LogBlueprint:Warning: [Compiler Pause] Warning 'Menu' does not inherit from 'Player Controller' ( Cast To Menu  would always fail).
[2018.02.01-20.42.09:410][ 81]LogBlueprint:Warning: [Compiler Pause] Warning [0008.27] Compile of Pause successful, but with 1 Warning(s) [in 2 ms] (/Game/Gameplay/HUD/PauseMenu/Pause.Pause)
[2018.02.01-20.42.09:410][ 81]LogBlueprint:Warning: [Compiler Pause] Warning [0008.27] Compile of Pause successful, but with 2 Warning(s) [in 0 ms] (/Game/Gameplay/HUD/PauseMenu/Pause.Pause)
[2018.02.01-20.42.09:410][ 81]LogBlueprint:Warning: [Compiler Pause] Warning [0008.27] Compile of Pause successful, but with 3 Warning(s) [in 0 ms] (/Game/Gameplay/HUD/PauseMenu/Pause.Pause)
[2018.02.01-20.42.09:437][ 81]LogLoad: Game class is 'FuseGM_C'
[2018.02.01-20.42.09:456][ 81]PIE:Warning: Warning Trying to simulate physics on ''/Game/Maps/HelloWorld.HelloWorld:PersistentLevel.Remote_71.StaticMesh'' but it has ComplexAsSimple collision.
[2018.02.01-20.42.09:456][ 81]LogWorld: Bringing World /Game/Maps/HelloWorld.HelloWorld up for play (max tick rate 0) at 2018.02.01-20.42.09
[2018.02.01-20.42.09:457][ 81]LogWorld: Bringing up level for play took: 0.019209
[2018.02.01-20.42.09:458][ 81]LogLoad: Took 0.313874 seconds to LoadMap(/Game/Maps/HelloWorld)
[2018.02.01-20.42.12:911][291]LogPackageName: SearchForPackageOnDisk took   0.064s to resolve Menu.umap.
[2018.02.01-20.42.12:974][291]LogPackageName: SearchForPackageOnDisk took   0.063s to resolve Menu.umap.
[2018.02.01-20.42.12:974][291]LogNet: Browse: /Game/Maps/Menu
[2018.02.01-20.42.12:975][291]LogLoad: LoadMap: /Game/Maps/Menu
[2018.02.01-20.42.12:994][291]LogMemory: Platform Memory Stats for Windows
[2018.02.01-20.42.12:994][291]LogMemory: Process Physical Memory: 882.82 MB used, 901.03 MB peak
[2018.02.01-20.42.12:994][291]LogMemory: Process Virtual Memory: 1099.55 MB used, 1203.80 MB peak
[2018.02.01-20.42.12:994][291]LogMemory: Physical Memory: 5970.44 MB used,  10373.57 MB free, 16344.00 MB total
[2018.02.01-20.42.12:994][291]LogMemory: Virtual Memory: 1809.76 MB used,  10373.57 MB free, 134217728.00 MB total
[2018.02.01-20.42.12:994][291]LogMemory: 
[2018.02.01-20.42.12:994][291]Allocator Stats for TBB: (not implemented)
[2018.02.01-20.42.13:066][291]LogAIModule: Creating AISystem for world Menu
[2018.02.01-20.42.13:081][291]LogBlueprint:Warning: [Compiler Pause] Warning 'Menu' does not inherit from 'Player Controller' ( Cast To Menu  would always fail).
[2018.02.01-20.42.13:082][291]LogBlueprint:Warning: [Compiler Pause] Warning [0011.95] Compile of Pause successful, but with 1 Warning(s) [in 1 ms] (/Game/Gameplay/HUD/PauseMenu/Pause.Pause)
[2018.02.01-20.42.13:082][291]LogBlueprint:Warning: [Compiler Pause] Warning [0011.95] Compile of Pause successful, but with 2 Warning(s) [in 0 ms] (/Game/Gameplay/HUD/PauseMenu/Pause.Pause)
[2018.02.01-20.42.13:082][291]LogBlueprint:Warning: [Compiler Pause] Warning [0011.95] Compile of Pause successful, but with 3 Warning(s) [in 0 ms] (/Game/Gameplay/HUD/PauseMenu/Pause.Pause)
[2018.02.01-20.42.13:105][291]LogBlueprint:Warning: [Compiler Pause] Warning 'Menu' does not inherit from 'Player Controller' ( Cast To Menu  would always fail).
[2018.02.01-20.42.13:106][291]LogBlueprint:Warning: [Compiler Pause] Warning [0011.97] Compile of Pause successful, but with 1 Warning(s) [in 1 ms] (/Game/Gameplay/HUD/PauseMenu/Pause.Pause)
[2018.02.01-20.42.13:106][291]LogBlueprint:Warning: [Compiler Pause] Warning [0011.97] Compile of Pause successful, but with 2 Warning(s) [in 0 ms] (/Game/Gameplay/HUD/PauseMenu/Pause.Pause)
[2018.02.01-20.42.13:106][291]LogBlueprint:Warning: [Compiler Pause] Warning [0011.97] Compile of Pause successful, but with 3 Warning(s) [in 0 ms] (/Game/Gameplay/HUD/PauseMenu/Pause.Pause)
[2018.02.01-20.42.13:111][291]LogLoad: Game class is 'FuseGM_C'
[2018.02.01-20.42.13:112][291]LogWorld: Bringing World /Game/Maps/Menu.Menu up for play (max tick rate 0) at 2018.02.01-20.42.13
[2018.02.01-20.42.13:113][291]LogWorld: Bringing up level for play took: 0.000535
[2018.02.01-20.42.13:113][291]LogGameMode: FindPlayerStart: PATHS NOT DEFINED or NO PLAYERSTART with positive rating
[2018.02.01-20.42.13:115][291]LogLoad: Took 0.140677 seconds to LoadMap(/Game/Maps/Menu)
[2018.02.01-20.42.13:908][341]Closing by request
[2018.02.01-20.42.13:908][341]LogWindows: FPlatformMisc::RequestExit(0)
[2018.02.01-20.42.14:811][342]LogWindowsTextInputMethodSystem:Display: IME system now deactivated.
[2018.02.01-20.42.14:815][342]LogExit: Preparing to exit.
[2018.02.01-20.42.14:815][342]LogMoviePlayer: Shutting down movie player
[2018.02.01-20.42.15:096][342]LogExit: Game engine shut down
[2018.02.01-20.42.15:132][342]LogObj: Freed 0b from 0 cluster array pools.
[2018.02.01-20.42.15:132][342]LogExit: Object subsystem successfully closed.
[2018.02.01-20.42.15:150][342]LogD3D11RHI: Shutdown
[2018.02.01-20.42.15:150][342]LogD3D11RHI: CleanupD3DDevice
[2018.02.01-20.42.15:188][342]LogD3D11RHI: ~FD3D11DynamicRHI
[2018.02.01-20.42.15:191][342]LogModuleManager: Shutting down and abandoning module SequenceRecorderSections (296)
[2018.02.01-20.42.15:191][342]LogModuleManager: Shutting down and abandoning module SequenceRecorder (294)
[2018.02.01-20.42.15:191][342]LogModuleManager: Shutting down and abandoning module AutomationController (292)
[2018.02.01-20.42.15:191][342]LogModuleManager: Shutting down and abandoning module AutomationWorker (290)
[2018.02.01-20.42.15:191][342]LogModuleManager: Shutting down and abandoning module AIModule (288)
[2018.02.01-20.42.15:191][342]LogModuleManager: Shutting down and abandoning module GameplayDebugger (287)
[2018.02.01-20.42.15:191][342]LogModuleManager: Shutting down and abandoning module AITestSuite (285)
[2018.02.01-20.42.15:191][342]LogModuleManager: Shutting down and abandoning module WmfMediaFactory (282)
[2018.02.01-20.42.15:191][342]LogModuleManager: Shutting down and abandoning module AvfMediaFactory (280)
[2018.02.01-20.42.15:192][342]LogModuleManager: Shutting down and abandoning module AndroidMediaFactory (278)
[2018.02.01-20.42.15:192][342]LogModuleManager: Shutting down and abandoning module Media (277)
[2018.02.01-20.42.15:192][342]LogModuleManager: Shutting down and abandoning module CharacterAI (274)
[2018.02.01-20.42.15:192][342]LogModuleManager: Shutting down and abandoning module SessionServices (272)
[2018.02.01-20.42.15:192][342]LogModuleManager: Shutting down and abandoning module MovieSceneCapture (270)
[2018.02.01-20.42.15:192][342]LogModuleManager: Shutting down and abandoning module MovieSceneTracks (268)
[2018.02.01-20.42.15:192][342]LogModuleManager: Shutting down and abandoning module MovieScene (266)
[2018.02.01-20.42.15:192][342]LogModuleManager: Shutting down and abandoning module GeometryCache (264)
[2018.02.01-20.42.15:192][342]LogModuleManager: Shutting down and abandoning module GeometryCacheEd (263)
[2018.02.01-20.42.15:192][342]LogModuleManager: Shutting down and abandoning module Niagara (260)
[2018.02.01-20.42.15:192][342]LogModuleManager: Shutting down and abandoning module NiagaraEditor (259)
[2018.02.01-20.42.15:192][342]LogModuleManager: Shutting down and abandoning module StreamingPauseRendering (256)
[2018.02.01-20.42.15:192][342]LogModuleManager: Shutting down and abandoning module PortalServices (254)
[2018.02.01-20.42.15:192][342]LogModuleManager: Shutting down and abandoning module PortalRpc (252)
[2018.02.01-20.42.15:192][342]LogModuleManager: Shutting down and abandoning module MessagingRpc (250)
[2018.02.01-20.42.15:192][342]LogModuleManager: Shutting down and abandoning module ProfilerService (248)
[2018.02.01-20.42.15:258][342]LogModuleManager: Shutting down and abandoning module TaskGraph (246)
[2018.02.01-20.42.15:258][342]LogModuleManager: Shutting down and abandoning module SteamVRController (244)
[2018.02.01-20.42.15:258][342]LogModuleManager: Shutting down and abandoning module SteamVR (242)
[2018.02.01-20.42.15:258][342]LogModuleManager: Shutting down and abandoning module ProceduralMeshComponent (240)
[2018.02.01-20.42.15:258][342]LogModuleManager: Shutting down and abandoning module OculusLibrary (238)
[2018.02.01-20.42.15:258][342]LogModuleManager: Shutting down and abandoning module OculusInput (236)
[2018.02.01-20.42.15:258][342]LogModuleManager: Shutting down and abandoning module MobilePatchingUtils (234)
[2018.02.01-20.42.15:258][342]LogModuleManager: Shutting down and abandoning module CustomMeshComponent (232)
[2018.02.01-20.42.15:258][342]LogModuleManager: Shutting down and abandoning module CableComponent (230)
[2018.02.01-20.42.15:258][342]LogModuleManager: Shutting down and abandoning module ArchVisCharacter (228)
[2018.02.01-20.42.15:258][342]LogModuleManager: Shutting down and abandoning module AndroidPermission (226)
[2018.02.01-20.42.15:258][342]LogModuleManager: Shutting down and abandoning module HTML5Networking (222)
[2018.02.01-20.42.15:258][342]LogModuleManager: Shutting down and abandoning module VisualStudioSourceCodeAccess (220)
[2018.02.01-20.42.15:258][342]LogModuleManager: Shutting down and abandoning module DesktopPlatform (219)
[2018.02.01-20.42.15:258][342]LogModuleManager: Shutting down and abandoning module HotReload (217)
[2018.02.01-20.42.15:258][342]LogModuleManager: Shutting down and abandoning module UObjectPlugin (214)
[2018.02.01-20.42.15:258][342]LogModuleManager: Shutting down and abandoning module SubversionSourceControl (212)
[2018.02.01-20.42.15:258][342]LogModuleManager: Shutting down and abandoning module PerforceSourceControl (210)
[2018.02.01-20.42.15:258][342]LogModuleManager: Shutting down and abandoning module SourceControl (209)
[2018.02.01-20.42.15:258][342]LogModuleManager: Shutting down and abandoning module PhysXVehiclesEditor (206)
[2018.02.01-20.42.15:258][342]LogModuleManager: Shutting down and abandoning module PhysXVehicles (204)
[2018.02.01-20.42.15:258][342]LogModuleManager: Shutting down and abandoning module LocationServicesBPLibrary (202)
[2018.02.01-20.42.15:258][342]LogModuleManager: Shutting down and abandoning module ImmediatePhysicsEditor (200)
[2018.02.01-20.42.15:258][342]LogModuleManager: Shutting down and abandoning module ImmediatePhysics (198)
[2018.02.01-20.42.15:258][342]LogModuleManager: Shutting down and abandoning module UdpMessaging (196)
[2018.02.01-20.42.15:359][342]LogModuleManager: Shutting down and abandoning module TcpMessaging (194)
[2018.02.01-20.42.15:948][342]LogModuleManager: Shutting down and abandoning module GameplayTagsEditor (192)
[2018.02.01-20.42.15:948][342]LogModuleManager: Shutting down and abandoning module FacialAnimation (190)
[2018.02.01-20.42.15:948][342]LogModuleManager: Shutting down and abandoning module AssetManagerEditor (188)
[2018.02.01-20.42.15:948][342]LogModuleManager: Shutting down and abandoning module GraphEditor (187)
[2018.02.01-20.42.15:948][342]LogModuleManager: Shutting down and abandoning module ContentBrowser (185)
[2018.02.01-20.42.15:948][342]LogModuleManager: Shutting down and abandoning module CollectionManager (184)
[2018.02.01-20.42.15:948][342]LogDirectoryWatcher: A directory notification for 'D:/Users/JoshR/Documents/GitHub/FMP_RPG_Game_Charm/Content/Collections/' was aborted.
[2018.02.01-20.42.15:948][342]LogDirectoryWatcher: A directory notification for 'D:/Users/JoshR/Documents/GitHub/FMP_RPG_Game_Charm/Content/Developers/JoshR/Collections/' was aborted.
[2018.02.01-20.42.15:948][342]LogDirectoryWatcher: A directory notification for 'D:/Users/JoshR/Documents/GitHub/FMP_RPG_Game_Charm/Saved/Collections/' was aborted.
[2018.02.01-20.42.15:948][342]LogModuleManager: Shutting down and abandoning module DirectoryWatcher (183)
[2018.02.01-20.42.15:948][342]LogModuleManager: Shutting down and abandoning module LightPropagationVolumeRuntime (178)
[2018.02.01-20.42.15:948][342]LogModuleManager: Shutting down and abandoning module Paper2D (176)
[2018.02.01-20.42.15:948][342]LogModuleManager: Shutting down and abandoning module WindowsMoviePlayer (174)
[2018.02.01-20.42.15:948][342]LogModuleManager: Shutting down and abandoning module WmfMedia (172)
[2018.02.01-20.42.15:949][342]LogModuleManager: Shutting down and abandoning module ClothingSystemEditor (170)
[2018.02.01-20.42.15:949][342]LogModuleManager: Shutting down and abandoning module ClothingSystemRuntime (168)
[2018.02.01-20.42.15:949][342]LogModuleManager: Shutting down and abandoning module MediaAssets (166)
[2018.02.01-20.42.15:949][342]LogModuleManager: Shutting down and abandoning module GameLiveStreaming (164)
[2018.02.01-20.42.15:949][342]LogModuleManager: Shutting down and abandoning module VREditor (162)
[2018.02.01-20.42.15:949][342]LogModuleManager: Shutting down and abandoning module StringTableEditor (160)
[2018.02.01-20.42.15:949][342]LogModuleManager: Shutting down and abandoning module GameplayTasksEditor (158)
[2018.02.01-20.42.15:949][342]LogModuleManager: Shutting down and abandoning module BehaviorTreeEditor (156)
[2018.02.01-20.42.15:949][342]LogModuleManager: Shutting down and abandoning module FunctionalTesting (154)
[2018.02.01-20.42.15:949][342]LogModuleManager: Shutting down and abandoning module CollisionAnalyzer (152)
[2018.02.01-20.42.15:949][342]LogModuleManager: Shutting down and abandoning module UMG (150)
[2018.02.01-20.42.15:949][342]LogModuleManager: Shutting down and abandoning module UMGEditor (149)
[2018.02.01-20.42.15:949][342]LogModuleManager: Shutting down and abandoning module Sequencer (148)
[2018.02.01-20.42.15:949][342]LogModuleManager: Shutting down and abandoning module AssetTools (146)
[2018.02.01-20.42.15:949][342]LogModuleManager: Shutting down and abandoning module MessageLog (145)
[2018.02.01-20.42.15:949][342]LogModuleManager: Shutting down and abandoning module WorkspaceMenuStructure (144)
[2018.02.01-20.42.15:949][342]LogModuleManager: Shutting down and abandoning module SlateReflector (138)
[2018.02.01-20.42.15:949][342]LogModuleManager: Shutting down and abandoning module Slate (136)
[2018.02.01-20.42.15:949][342]LogModuleManager: Shutting down and abandoning module EditorStyle (134)
[2018.02.01-20.42.15:950][342]LogModuleManager: Shutting down and abandoning module Messaging (132)
[2018.02.01-20.42.15:950][342]LogModuleManager: Shutting down and abandoning module SourceCodeAccess (130)
[2018.02.01-20.42.15:950][342]LogModuleManager: Shutting down and abandoning module HeadMountedDisplay (128)
[2018.02.01-20.42.15:950][342]LogModuleManager: Shutting down and abandoning module XAudio2 (126)
[2018.02.01-20.42.15:950][342]LogModuleManager: Shutting down and abandoning module Networking (124)
[2018.02.01-20.42.15:950][342]LogModuleManager: Shutting down and abandoning module Core (120)
[2018.02.01-20.42.15:950][342]LogModuleManager: Shutting down and abandoning module KismetCompiler (118)
[2018.02.01-20.42.15:950][342]LogModuleManager: Shutting down and abandoning module LevelSequence (116)
[2018.02.01-20.42.15:950][342]LogModuleManager: Shutting down and abandoning module PhysXFormats (114)
[2018.02.01-20.42.15:950][342]LogModuleManager: Shutting down and abandoning module MeshUtilities (112)
[2018.02.01-20.42.15:950][342]LogModuleManager: Shutting down and abandoning module SimplygonSwarm (111)
[2018.02.01-20.42.15:950][342]LogModuleManager: Shutting down and abandoning module SimplygonMeshReduction (109)
[2018.02.01-20.42.15:950][342]LogModuleManager: Shutting down and abandoning module QuadricMeshReduction (107)
[2018.02.01-20.42.15:950][342]LogModuleManager: Shutting down and abandoning module AssetRegistry (104)
[2018.02.01-20.42.15:950][342]LogModuleManager: Shutting down and abandoning module DerivedDataCache (102)
[2018.02.01-20.42.16:088][342]LogDerivedDataCache: Shutdown
[2018.02.01-20.42.16:088][342]LogModuleManager: Shutting down and abandoning module TargetPlatform (100)
[2018.02.01-20.42.16:088][342]LogModuleManager: Shutting down and abandoning module VulkanShaderFormat (99)
[2018.02.01-20.42.16:088][342]LogModuleManager: Shutting down and abandoning module ShaderFormatVectorVM (97)
[2018.02.01-20.42.16:088][342]LogModuleManager: Shutting down and abandoning module ShaderFormatOpenGL (95)
[2018.02.01-20.42.16:088][342]LogModuleManager: Shutting down and abandoning module ShaderFormatD3D (93)
[2018.02.01-20.42.16:088][342]LogModuleManager: Shutting down and abandoning module MetalShaderFormat (91)
[2018.02.01-20.42.16:088][342]LogModuleManager: Shutting down and abandoning module TextureFormatUncompressed (89)
[2018.02.01-20.42.16:088][342]LogModuleManager: Shutting down and abandoning module TextureFormatPVR (87)
[2018.02.01-20.42.16:088][342]LogModuleManager: Shutting down and abandoning module TextureFormatDXT (85)
[2018.02.01-20.42.16:088][342]LogModuleManager: Shutting down and abandoning module TextureFormatIntelISPCTexComp (83)
[2018.02.01-20.42.16:088][342]LogModuleManager: Shutting down and abandoning module TextureFormatASTC (81)
[2018.02.01-20.42.16:088][342]LogModuleManager: Shutting down and abandoning module ImageWrapper (80)
[2018.02.01-20.42.16:088][342]LogModuleManager: Shutting down and abandoning module TextureFormatAndroid (77)
[2018.02.01-20.42.16:088][342]LogModuleManager: Shutting down and abandoning module AudioFormatOpus (75)
[2018.02.01-20.42.16:088][342]LogModuleManager: Shutting down and abandoning module AudioFormatOgg (73)
[2018.02.01-20.42.16:088][342]LogModuleManager: Shutting down and abandoning module AudioFormatADPCM (71)
[2018.02.01-20.42.16:088][342]LogModuleManager: Shutting down and abandoning module WindowsTargetPlatform (69)
[2018.02.01-20.42.16:088][342]LogModuleManager: Shutting down and abandoning module WindowsServerTargetPlatform (67)
[2018.02.01-20.42.16:088][342]LogModuleManager: Shutting down and abandoning module WindowsNoEditorTargetPlatform (65)
[2018.02.01-20.42.16:088][342]LogModuleManager: Shutting down and abandoning module WindowsClientTargetPlatform (63)
[2018.02.01-20.42.16:088][342]LogModuleManager: Shutting down and abandoning module InputCore (60)
[2018.02.01-20.42.16:088][342]LogModuleManager: Shutting down and abandoning module Settings (58)
[2018.02.01-20.42.16:088][342]LogModuleManager: Shutting down and abandoning module OculusRift (56)
[2018.02.01-20.42.16:088][342]LogModuleManager: Shutting down and abandoning module GearVRController (54)
[2018.02.01-20.42.16:088][342]LogModuleManager: Shutting down and abandoning module GearVR (52)
[2018.02.01-20.42.16:088][342]LogModuleManager: Shutting down and abandoning module ExampleDeviceProfileSelector (50)
[2018.02.01-20.42.16:088][342]LogModuleManager: Shutting down and abandoning module OnlineBlueprintSupport (48)
[2018.02.01-20.42.16:088][342]LogModuleManager: Shutting down and abandoning module OnlineSubsystem (44)
[2018.02.01-20.42.16:088][342]LogOnline:Display: Unloading online subsystem: NULL
[2018.02.01-20.42.16:088][342]LogModuleManager: Shutting down and abandoning module XMPP (43)
[2018.02.01-20.42.16:088][342]LogModuleManager: Shutting down and abandoning module HTTP (41)
[2018.02.01-20.42.16:093][342]LogModuleManager: Shutting down and abandoning module SSL (40)
[2018.02.01-20.42.16:094][342]LogModuleManager: Shutting down and abandoning module HTTPChunkInstaller (36)
[2018.02.01-20.42.16:094][342]LogModuleManager: Shutting down and abandoning module AnimationModifiers (34)
[2018.02.01-20.42.16:094][342]LogModuleManager: Shutting down and abandoning module PropertyEditor (33)
[2018.02.01-20.42.16:094][342]LogModuleManager: Shutting down and abandoning module AudioEditor (30)
[2018.02.01-20.42.16:094][342]LogModuleManager: Shutting down and abandoning module TextureCompressor (28)
[2018.02.01-20.42.16:095][342]LogModuleManager: Shutting down and abandoning module ShaderCore (26)
[2018.02.01-20.42.16:095][342]LogModuleManager: Shutting down and abandoning module Landscape (24)
[2018.02.01-20.42.16:095][342]LogModuleManager: Shutting down and abandoning module SlateRHIRenderer (22)
[2018.02.01-20.42.16:095][342]LogModuleManager: Shutting down and abandoning module OpenGLDrv (20)
[2018.02.01-20.42.16:095][342]LogModuleManager: Shutting down and abandoning module D3D11RHI (18)
[2018.02.01-20.42.16:095][342]LogModuleManager: Shutting down and abandoning module AnimGraphRuntime (16)
[2018.02.01-20.42.16:095][342]LogModuleManager: Shutting down and abandoning module Renderer (14)
[2018.02.01-20.42.16:095][342]LogModuleManager: Shutting down and abandoning module Engine (12)
[2018.02.01-20.42.16:095][342]LogModuleManager: Shutting down and abandoning module CoreUObject (10)
[2018.02.01-20.42.16:095][342]LogModuleManager: Shutting down and abandoning module NetworkFile (8)
[2018.02.01-20.42.16:095][342]LogModuleManager: Shutting down and abandoning module StreamingFile (6)
[2018.02.01-20.42.16:095][342]LogModuleManager: Shutting down and abandoning module SandboxFile (4)
[2018.02.01-20.42.16:095][342]LogModuleManager: Shutting down and abandoning module PakFile (2)
[2018.02.01-20.42.16:095][342]LogExit: Exiting.
[2018.02.01-20.42.16:096][342]Log file closed, 02/01/18 20:42:16
