Log file open, 04/04/18 16:53:19
LogInit:Display: Running engine for game: RPG_Game
LogPlatformFile: Not using cached read wrapper
LogInit:Display: RandInit(-1920882789) SRandInit(-1920882789).
LogTaskGraph: Started task graph with 5 named threads and 12 total threads with 1 sets of task threads.
LogStats: Stats thread started at 0.180565
LogInit: Using libcurl 7.47.1
LogInit:  - built for x86_64-pc-win32
LogInit:  - supports SSL with OpenSSL/1.0.2g
LogInit:  - supports HTTP deflate (compression) using libz 1.2.8
LogInit:  - other features:
LogInit:      CURL_VERSION_SSL
LogInit:      CURL_VERSION_LIBZ
LogInit:      CURL_VERSION_IPV6
LogInit:      CURL_VERSION_ASYNCHDNS
LogInit:      CURL_VERSION_LARGEFILE
LogInit:      CURL_VERSION_IDN
LogInit:  CurlRequestOptions (configurable via config and command line):
LogInit:  - bVerifyPeer = false  - Libcurl will NOT verify peer certificate
LogInit:  - bUseHttpProxy = false  - Libcurl will NOT use HTTP proxy
LogInit:  - bDontReuseConnections = false  - Libcurl will reuse connections
LogInit:  - CertBundlePath = nullptr  - Libcurl will use whatever was configured at build time.
LogInit: Build: ++UE4+Release-4.16-CL-3561208
LogInit: Engine Version: 4.16.3-3561208+++UE4+Release-4.16
LogInit: Compatible Engine Version: 4.16.0-3452394+++UE4+Release-4.16
LogInit: Net CL: 3452394
LogDevObjectVersion: Number of dev versions registered: 16
LogDevObjectVersion:   Dev-Blueprints (B0D832E4-1F89-4F0D-ACCF-7EB736FD4AA2): 9
LogDevObjectVersion:   Dev-Build (E1C64328-A22C-4D53-A36C-8E866417BD8C): 0
LogDevObjectVersion:   Dev-Core (375EC13C-06E4-48FB-B500-84F0262A717E): 2
LogDevObjectVersion:   Dev-Editor (E4B068ED-F494-42E9-A231-DA0B2E46BB41): 17
LogDevObjectVersion:   Dev-Framework (CFFC743F-43B0-4480-9391-14DF171D2073): 23
LogDevObjectVersion:   Dev-Mobile (B02B49B5-BB20-44E9-A304-32B752E40360): 0
LogDevObjectVersion:   Dev-Networking (A4E4105C-59A1-49B5-A7C5-40C4547EDFEE): 0
LogDevObjectVersion:   Dev-Online (39C831C9-5AE6-47DC-9A44-9C173E1C8E7C): 0
LogDevObjectVersion:   Dev-Physics (78F01B33-EBEA-4F98-B9B4-84EACCB95AA2): 0
LogDevObjectVersion:   Dev-Platform (6631380F-2D4D-43E0-8009-CF276956A95A): 0
LogDevObjectVersion:   Dev-Rendering (12F88B9F-8875-4AFC-A67C-D90C383ABD29): 15
LogDevObjectVersion:   Dev-Sequencer (7B5AE74C-D270-4C10-A958-57980B212A5A): 4
LogDevObjectVersion:   Dev-VR (D7296918-1DD6-4BDD-9DE2-64A83CC13884): 0
LogDevObjectVersion:   Dev-LoadTimes (C2A15278-BFE7-4AFE-6C17-90FF531DF755): 1
LogDevObjectVersion:   Private-Geometry (6EACA3D4-40EC-4CC1-B786-8BED09428FC5): 1
LogDevObjectVersion:   Dev-AnimPhys (29E575DD-E0A3-4627-9D10-D276232CDCEA): 3
LogInit: Compiled (64-bit): Jul 28 2017 11:49:47
LogInit: Compiled with Visual C++: 19.00.24215.01
LogInit: Build Configuration: Development
LogInit: Branch Name: ++UE4+Release-4.16
LogInit: Command line: -EpicPortal 
LogInit: Base directory: C:/Program Files/Epic Games/UE_4.16/Engine/Binaries/Win64/
LogInit: Installed Engine Build: 1
LogInit: Presizing for max 8388607 objects, including 0 objects not considered by GC, pre-allocating 0 bytes for permanent pool.
LogInit: Object subsystem initialized
[2018.04.04-15.53.20:215][  0]LogInit: Selected Device Profile: [Windows]
[2018.04.04-15.53.20:215][  0]LogInit: Applying CVar settings loaded from the selected device profile: [Windows]
[2018.04.04-15.53.20:227][  0]LogInit: Computer: SONOFMORT
[2018.04.04-15.53.20:227][  0]LogInit: User: Jordan
[2018.04.04-15.53.20:227][  0]LogInit: CPU Page size=4096, Cores=8
[2018.04.04-15.53.20:227][  0]LogInit: High frequency timer resolution =3.124995 MHz
[2018.04.04-15.53.20:228][  0]LogMemory: Memory total: Physical=8.0GB (8GB approx)
[2018.04.04-15.53.20:228][  0]LogMemory: Platform Memory Stats for Windows
[2018.04.04-15.53.20:228][  0]LogMemory: Process Physical Memory: 276.65 MB used, 276.65 MB peak
[2018.04.04-15.53.20:228][  0]LogMemory: Process Virtual Memory: 261.66 MB used, 261.66 MB peak
[2018.04.04-15.53.20:228][  0]LogMemory: Physical Memory: 4911.93 MB used,  3235.29 MB free, 8147.22 MB total
[2018.04.04-15.53.20:228][  0]LogMemory: Virtual Memory: 668.00 MB used,  3235.29 MB free, 134217728.00 MB total
[2018.04.04-15.53.20:352][  0]LogInit: Using OS detected language (en-GB).
[2018.04.04-15.53.20:352][  0]LogInit: Using OS detected locale (en-GB).
[2018.04.04-15.53.20:357][  0]LogTextLocalizationManager: No specific localization for 'en-GB' exists, so the 'en' localization will be used.
[2018.04.04-15.53.21:591][  0]LogD3D11RHI: D3D11 adapters:
[2018.04.04-15.53.21:667][  0]LogD3D11RHI:    0. 'NVIDIA GeForce GTX 1070' (Feature Level 11_0)
[2018.04.04-15.53.21:667][  0]LogD3D11RHI:       8088/0/4073 MB DedicatedVideo/DedicatedSystem/SharedSystem, Outputs:2, VendorId:0x10de
[2018.04.04-15.53.21:671][  0]LogD3D11RHI:    1. 'Microsoft Basic Render Driver' (Feature Level 11_0)
[2018.04.04-15.53.21:671][  0]LogD3D11RHI:       0/0/4073 MB DedicatedVideo/DedicatedSystem/SharedSystem, Outputs:0, VendorId:0x1414
[2018.04.04-15.53.21:671][  0]LogD3D11RHI: Chosen D3D11 Adapter: 0
[2018.04.04-15.53.21:681][  0]LogD3D11RHI: Creating new Direct3DDevice
[2018.04.04-15.53.21:681][  0]LogD3D11RHI:     GPU DeviceId: 0x1b81 (for the marketing name, search the web for "GPU Device Id")
[2018.04.04-15.53.21:681][  0]LogWindows: EnumDisplayDevices:
[2018.04.04-15.53.21:681][  0]LogWindows:    0. 'NVIDIA GeForce GTX 1070' (P:1 D:1)
[2018.04.04-15.53.21:681][  0]LogWindows:    1. 'NVIDIA GeForce GTX 1070' (P:0 D:1)
[2018.04.04-15.53.21:681][  0]LogWindows:    2. 'NVIDIA GeForce GTX 1070' (P:0 D:0)
[2018.04.04-15.53.21:682][  0]LogWindows:    3. 'NVIDIA GeForce GTX 1070' (P:0 D:0)
[2018.04.04-15.53.21:682][  0]LogWindows: DebugString: GetVideoDriverDetailsInvalid PrimaryIsNotTheChoosenAdapter GetVideoDriverDetailsInvalid PrimaryIsNotTheChoosenAdapter GetVideoDriverDetailsInvalid PrimaryIsNotTheChoosenAdapter GetVideoDriverDetailsInvalid PrimaryIsNotTheChoosenAdapter FoundDriverCount:0 
[2018.04.04-15.53.21:682][  0]LogD3D11RHI:     Adapter Name: NVIDIA GeForce GTX 1070
[2018.04.04-15.53.21:682][  0]LogD3D11RHI:   Driver Version: Unknown (internal:Unknown, unified:Unknown)
[2018.04.04-15.53.21:682][  0]LogD3D11RHI:      Driver Date: Unknown
[2018.04.04-15.53.21:682][  0]LogRHI: Texture pool is 1361 MB (70% of 1945 MB)
[2018.04.04-15.53.21:735][  0]LogD3D11RHI: Async texture creation enabled
[2018.04.04-15.53.21:759][  0]LogD3D11RHI: GPU Timing Frequency: 1000.000000 (Debug: 2 2)
[2018.04.04-15.53.21:853][  0]LogShaderCompilers: Guid format shader working directory is 23 characters bigger than the processId version (F:/FMP/RPG_Game/RPG_Game/Intermediate/Shaders/WorkingDirectory/5832/).
[2018.04.04-15.53.21:853][  0]LogShaderCompilers: Cleaned the shader compiler working directory 'C:/Users/Jordan/AppData/Local/Temp/UnrealShaderWorkingDir/C56D91A94FABDB3A8CFFCDA167F531EB/'.
[2018.04.04-15.53.21:853][  0]LogShaderCompilers:Display: Using Local Shader Compiler.
[2018.04.04-15.53.23:197][  0]LogTemp:Display: Loaded TP AllDesktopTargetPlatform
[2018.04.04-15.53.23:291][  0]LogTemp:Display: Loaded TP MacClientTargetPlatform
[2018.04.04-15.53.23:388][  0]LogTemp:Display: Loaded TP MacNoEditorTargetPlatform
[2018.04.04-15.53.23:480][  0]LogTemp:Display: Loaded TP MacServerTargetPlatform
[2018.04.04-15.53.23:576][  0]LogTemp:Display: Loaded TP MacTargetPlatform
[2018.04.04-15.53.23:671][  0]LogTemp:Display: Loaded TP WindowsClientTargetPlatform
[2018.04.04-15.53.23:765][  0]LogTemp:Display: Loaded TP WindowsNoEditorTargetPlatform
[2018.04.04-15.53.23:855][  0]LogTemp:Display: Loaded TP WindowsServerTargetPlatform
[2018.04.04-15.53.23:943][  0]LogTemp:Display: Loaded TP WindowsTargetPlatform
[2018.04.04-15.53.24:041][  0]LogTemp:Display: Loaded TP AndroidTargetPlatform
[2018.04.04-15.53.24:132][  0]LogTemp:Display: Loaded TP Android_ASTCTargetPlatform
[2018.04.04-15.53.24:222][  0]LogTemp:Display: Loaded TP Android_ATCTargetPlatform
[2018.04.04-15.53.24:314][  0]LogTemp:Display: Loaded TP Android_DXTTargetPlatform
[2018.04.04-15.53.24:404][  0]LogTemp:Display: Loaded TP Android_ETC1TargetPlatform
[2018.04.04-15.53.24:497][  0]LogTemp:Display: Loaded TP Android_ETC2TargetPlatform
[2018.04.04-15.53.24:680][  0]LogTemp:Display: Loaded TP Android_MultiTargetPlatform
[2018.04.04-15.53.24:680][  0]LogTemp:Display: Loaded TP Android_PVRTCTargetPlatform
[2018.04.04-15.53.24:760][  0]LogTemp:Display: Loaded TP HTML5TargetPlatform
[2018.04.04-15.53.24:925][  0]LogTemp:Display: Loaded TP IOSTargetPlatform
[2018.04.04-15.53.24:983][  0]LogTemp:Display: Loaded TP TVOSTargetPlatform
[2018.04.04-15.53.25:082][  0]LogTemp:Display: Loaded TP LinuxClientTargetPlatform
[2018.04.04-15.53.25:178][  0]LogTemp:Display: Loaded TP LinuxNoEditorTargetPlatform
[2018.04.04-15.53.25:273][  0]LogTemp:Display: Loaded TP LinuxServerTargetPlatform
[2018.04.04-15.53.25:375][  0]LogTemp:Display: Loaded TP LinuxTargetPlatform
[2018.04.04-15.53.25:375][  0]LogTargetPlatformManager:Display: Building Assets For Windows
[2018.04.04-15.53.26:322][  0]LogDerivedDataCache:Display: Max Cache Size: 512 MB
[2018.04.04-15.53.26:452][  0]LogDerivedDataCache: Loaded boot cache 0.13s 90MB C:/Users/Jordan/AppData/Local/UnrealEngine/4.16/DerivedDataCache/Boot.ddc.
[2018.04.04-15.53.26:452][  0]LogDerivedDataCache:Display: Loaded Boot cache: C:/Users/Jordan/AppData/Local/UnrealEngine/4.16/DerivedDataCache/Boot.ddc
[2018.04.04-15.53.26:452][  0]LogDerivedDataCache: FDerivedDataBackendGraph:  Pak pak cache file F:/FMP/RPG_Game/RPG_Game/DerivedDataCache/DDC.ddp not found, will not use a pak cache.
[2018.04.04-15.53.26:452][  0]LogDerivedDataCache: Unable to find inner node Pak for hierarchical cache Hierarchy.
[2018.04.04-15.53.26:452][  0]LogDerivedDataCache: FDerivedDataBackendGraph:  CompressedPak pak cache file F:/FMP/RPG_Game/RPG_Game/DerivedDataCache/Compressed.ddp not found, will not use a pak cache.
[2018.04.04-15.53.26:452][  0]LogDerivedDataCache: Unable to find inner node CompressedPak for hierarchical cache Hierarchy.
[2018.04.04-15.53.26:473][  0]LogDerivedDataCache:Display: Pak cache opened for reading ../../../Engine/DerivedDataCache/Compressed.ddp.
[2018.04.04-15.53.26:486][  0]LogDerivedDataCache: Using Local data cache path C:/Users/Jordan/AppData/Local/UnrealEngine/Common/DerivedDataCache: Writable
[2018.04.04-15.53.26:499][  0]LogMaterial: Verifying Global Shaders for PCD3D_SM5
[2018.04.04-15.53.26:499][  0]LogSlate: Using Freetype 2.6.0
[2018.04.04-15.53.26:500][  0]LogSlate: SlateFontCache - WITH_FREETYPE: 1, WITH_HARFBUZZ: 1
[2018.04.04-15.53.26:500][  0]LogSlate: SlateFontCache - WITH_FREETYPE: 1, WITH_HARFBUZZ: 1
[2018.04.04-15.53.27:007][  0]LogInit: Selected Device Profile: [Windows]
[2018.04.04-15.53.27:143][  0]LogContentStreaming: Texture pool size is 0.00 MB
[2018.04.04-15.53.27:390][  0]LogMeshUtilities: Using QuadricMeshReduction for automatic static mesh reduction
[2018.04.04-15.53.27:479][  0]LogSimplygon: Simplygon DLL not present - disabling.
[2018.04.04-15.53.27:579][  0]LogMeshUtilities: Using SimplygonSwarm for distributed automatic mesh merging
[2018.04.04-15.53.27:579][  0]LogMeshUtilities: No automatic skeletal mesh reduction module available
[2018.04.04-15.53.27:579][  0]LogMeshUtilities: No automatic mesh merging module available
[2018.04.04-15.53.28:510][  0]LogNetVersion: RPG_Game , NetCL: 3452394, EngineNetVer: 2, GameNetVer: 0 (Checksum: 2586067795)
[2018.04.04-15.53.28:609][  0]LogAssetRegistry: FAssetRegistry took 0.0282 seconds to start up
[2018.04.04-15.53.28:733][  0]LogPackageLocalizationCache: Processed 4 localized package path(s) for 2 prioritized culture(s) in 0.078651 seconds
[2018.04.04-15.53.28:744][  0]LogUObjectArray: 34194 objects as part of root set at end of initial load.
[2018.04.04-15.53.28:744][  0]LogUObjectAllocator: 7260416 out of 0 bytes used by permanent object pool.
[2018.04.04-15.53.28:744][  0]LogUObjectArray: CloseDisregardForGC: 0/0 objects in disregard for GC pool
[2018.04.04-15.53.28:872][  0]LogInit: WinSock: version 1.1 (2.2), MaxSocks=32767, MaxUdp=65467
[2018.04.04-15.53.33:164][  0]LogSubstanceCoreModule: Substance [CPU] Engine Loaded, Max Texture Size = 2048
[2018.04.04-15.53.33:221][  0]LogTcpMessaging: Initializing TcpMessaging bridge
[2018.04.04-15.53.33:287][  0]LogUdpMessaging: Initializing bridge on interface 0.0.0.0:0 to multicast group 230.0.0.1:6666.
[2018.04.04-15.53.34:238][  0]LogMaterial: Uniform references updated for custom material expression Custom.
[2018.04.04-15.53.34:973][  0]SourceControl: Info Source control is disabled
[2018.04.04-15.53.37:753][  0]LogAndroidPermission: UAndroidPermissionCallbackProxy::GetInstance
[2018.04.04-15.53.39:024][  0]LogEngine: Initializing Engine...
[2018.04.04-15.53.39:025][  0]LogHMD: Failed to initialize OpenVR with code 110
[2018.04.04-15.53.39:267][  0]LogStats: UGameplayTagsManager::ConstructGameplayTagTree: Construct from data asset -  0.000 s
[2018.04.04-15.53.39:267][  0]LogStats: UGameplayTagsManager::ConstructGameplayTagTree: GameplayTagTreeChangedEvent.Broadcast -  0.000 s
[2018.04.04-15.53.39:528][  0]LogAIModule: Creating AISystem for world Untitled
[2018.04.04-15.53.39:541][  0]LogInit: XAudio2 using 'Headset Earphone (Corsair VOID RGB USB Gaming Headset )' : 6 channels at 48 kHz using 16 bits per sample (channel mask 0x3f)
[2018.04.04-15.53.39:736][  0]LogInit: FAudioDevice initialized.
[2018.04.04-15.53.39:812][  0]LogDerivedDataCache: Saved boot cache 0.08s 90MB C:/Users/Jordan/AppData/Local/UnrealEngine/4.16/DerivedDataCache/Boot.ddc.
[2018.04.04-15.53.39:825][  0]LogInit: Texture streaming: Enabled
[2018.04.04-15.53.40:002][  0]LogEngineSessionManager: EngineSessionManager initialized
[2018.04.04-15.53.40:428][  0]LogInit: Transaction tracking system initialized
[2018.04.04-15.53.41:047][  0]BlueprintLog: New page: Editor Load
[2018.04.04-15.53.42:895][  0]LocalizationService: Info Localization service is disabled
[2018.04.04-15.53.44:221][  0]LogConsoleResponse:Display: 
[2018.04.04-15.53.44:412][  0]LogCook:Display: Max memory allowance for cook 16384mb min free memory 0mb
[2018.04.04-15.53.44:412][  0]LogCook:Display: Mobile HDR setting 1
[2018.04.04-15.53.44:974][  0]LogFileCache: Scanning file cache for directory 'F:/FMP/RPG_Game/RPG_Game/Content/' took 0.02s
[2018.04.04-15.53.46:913][  0]Cmd: MAP LOAD FILE="F:/FMP/RPG_Game/RPG_Game/Content/Maps/HelloWorld.umap" TEMPLATE=0 SHOWPROGRESS=1 FEATURELEVEL=3
[2018.04.04-15.53.46:914][  0]LightingResults: New page: Lighting Build
[2018.04.04-15.53.46:996][  0]MapCheck: New page: Map Check
[2018.04.04-15.53.46:996][  0]LightingResults: New page: Lighting Build
[2018.04.04-15.53.47:254][  0]LogLinker:Warning: Can't find file '/Game/Materials/alphabox'
[2018.04.04-15.53.47:254][  0]LoadErrors: Info Failed to load /Game/Assets/PowerBlock/AlphaBox.AlphaBox Referenced by AlphaCube_GEN_VARIABLE
[2018.04.04-15.53.47:254][  0]LogLinker:Warning: Can't find file for asset '/Game/Materials/alphabox' while loading F:/FMP/RPG_Game/RPG_Game/Content/Assets/PowerBlock/AlphaBox.uasset.
[2018.04.04-15.53.47:255][  0]LoadErrors: Info Failed to load /Game/Assets/PowerBlock/AlphaBox.AlphaBox Referenced by AlphaCube_GEN_VARIABLE
[2018.04.04-15.53.47:255][  0]LoadErrors:Error: Error /Game/Assets/PowerBlock/AlphaBox : Can't find file for asset. /Game/Materials/alphabox
[2018.04.04-15.53.47:255][  0]LogLinker:Warning: Can't find file '/Game/Materials/alphabox'
[2018.04.04-15.53.47:255][  0]LoadErrors: Info Failed to load /Game/Assets/PowerBlock/AlphaBox.AlphaBox Referenced by AlphaCube_GEN_VARIABLE
[2018.04.04-15.53.47:255][  0]LogLinker:Warning: Can't find file for asset '/Game/Materials/alphabox' while loading F:/FMP/RPG_Game/RPG_Game/Content/Assets/PowerBlock/AlphaBox.uasset.
[2018.04.04-15.53.47:255][  0]LoadErrors: Info Failed to load /Game/Assets/PowerBlock/AlphaBox.AlphaBox Referenced by AlphaCube_GEN_VARIABLE
[2018.04.04-15.53.47:255][  0]LoadErrors:Error: Error /Game/Assets/PowerBlock/AlphaBox : Can't find file for asset. /Game/Materials/alphabox
[2018.04.04-15.53.47:272][  0]LogLinker:Warning: Can't find file '/Game/Materials/ButtonMaterial'
[2018.04.04-15.53.47:272][  0]LoadErrors: Info Failed to load /Game/Assets/PressurePad/Button_Base.Button_Base Referenced by Button_Base_GEN_VARIABLE
[2018.04.04-15.53.47:273][  0]LogLinker:Warning: Can't find file for asset '/Game/Materials/ButtonMaterial' while loading F:/FMP/RPG_Game/RPG_Game/Content/Assets/PressurePad/Button_Base.uasset.
[2018.04.04-15.53.47:273][  0]LoadErrors: Info Failed to load /Game/Assets/PressurePad/Button_Base.Button_Base Referenced by Button_Base_GEN_VARIABLE
[2018.04.04-15.53.47:273][  0]LoadErrors:Error: Error /Game/Assets/PressurePad/Button_Base : Can't find file for asset. /Game/Materials/ButtonMaterial
[2018.04.04-15.53.47:273][  0]LogLinker:Warning: Can't find file '/Game/Materials/ButtonMaterial'
[2018.04.04-15.53.47:273][  0]LoadErrors: Info Failed to load /Game/Assets/PressurePad/Button_Base.Button_Base Referenced by Button_Base_GEN_VARIABLE
[2018.04.04-15.53.47:273][  0]LogLinker:Warning: Can't find file for asset '/Game/Materials/ButtonMaterial' while loading F:/FMP/RPG_Game/RPG_Game/Content/Assets/PressurePad/Button_Base.uasset.
[2018.04.04-15.53.47:273][  0]LoadErrors: Info Failed to load /Game/Assets/PressurePad/Button_Base.Button_Base Referenced by Button_Base_GEN_VARIABLE
[2018.04.04-15.53.47:273][  0]LoadErrors:Error: Error /Game/Assets/PressurePad/Button_Base : Can't find file for asset. /Game/Materials/ButtonMaterial
[2018.04.04-15.53.47:274][  0]LogLinker:Warning: Can't find file '/Game/Materials/ButtonMaterial'
[2018.04.04-15.53.47:274][  0]LoadErrors: Info Failed to load /Game/Assets/PressurePad/Button_Push.Button_Push Referenced by Push_GEN_VARIABLE
[2018.04.04-15.53.47:274][  0]LogLinker:Warning: Can't find file for asset '/Game/Materials/ButtonMaterial' while loading F:/FMP/RPG_Game/RPG_Game/Content/Assets/PressurePad/Button_Push.uasset.
[2018.04.04-15.53.47:274][  0]LoadErrors: Info Failed to load /Game/Assets/PressurePad/Button_Push.Button_Push Referenced by Push_GEN_VARIABLE
[2018.04.04-15.53.47:274][  0]LoadErrors:Error: Error /Game/Assets/PressurePad/Button_Push : Can't find file for asset. /Game/Materials/ButtonMaterial
[2018.04.04-15.53.47:275][  0]LogLinker:Warning: Can't find file '/Game/Materials/ButtonMaterial'
[2018.04.04-15.53.47:275][  0]LoadErrors: Info Failed to load /Game/Assets/PressurePad/Button_Push.Button_Push Referenced by Push_GEN_VARIABLE
[2018.04.04-15.53.47:275][  0]LogLinker:Warning: Can't find file for asset '/Game/Materials/ButtonMaterial' while loading F:/FMP/RPG_Game/RPG_Game/Content/Assets/PressurePad/Button_Push.uasset.
[2018.04.04-15.53.47:275][  0]LoadErrors: Info Failed to load /Game/Assets/PressurePad/Button_Push.Button_Push Referenced by Push_GEN_VARIABLE
[2018.04.04-15.53.47:275][  0]LoadErrors:Error: Error /Game/Assets/PressurePad/Button_Push : Can't find file for asset. /Game/Materials/ButtonMaterial
[2018.04.04-15.53.47:281][  0]LogBlueprint:Error: [Compiler PressurePad] Error Could not find a function named "Close" in 'AlphaDoor_C'.
Make sure 'AlphaDoor_C' has been compiled for  Close
[2018.04.04-15.53.47:281][  0]LogBlueprint:Error: [Compiler PressurePad] Error Could not find a function named "Open" in 'AlphaDoor_C'.
Make sure 'AlphaDoor_C' has been compiled for  Open
[2018.04.04-15.53.47:287][  0]LogBlueprint:Warning: [Compiler PressurePad] Warning [0030.00] Compile of PressurePad failed. 2 Fatal Issue(s) 0 Warning(s) [in 6 ms] (/Game/Assets/PressurePad/PressurePad.PressurePad)
[2018.04.04-15.53.47:287][  0]LogBlueprint:Warning: [Compiler PressurePad] Warning [0030.00] Compile of PressurePad failed. 2 Fatal Issue(s) 1 Warning(s) [in 0 ms] (/Game/Assets/PressurePad/PressurePad.PressurePad)
[2018.04.04-15.53.47:287][  0]LogBlueprint:Warning: [Compiler PressurePad] Warning [0030.00] Compile of PressurePad failed. 2 Fatal Issue(s) 2 Warning(s) [in 0 ms] (/Game/Assets/PressurePad/PressurePad.PressurePad)
[2018.04.04-15.53.47:429][  0]LogLinker:Warning: Can't find file '/Game/Materials/ButtonMaterial'
[2018.04.04-15.53.47:430][  0]LoadErrors: Info Failed to load /Game/Materials/ButtonMaterial.ButtonMaterial Referenced by Button_Push
[2018.04.04-15.53.47:430][  0]LogLinker:Warning: Can't find file for asset '/Game/Materials/ButtonMaterial' while loading NULL.
[2018.04.04-15.53.47:430][  0]LoadErrors: Info Failed to load /Game/Materials/ButtonMaterial.ButtonMaterial Referenced by Button_Push
[2018.04.04-15.53.47:430][  0]LogLinker:Warning: Can't find file '/Game/Materials/ButtonMaterial'
[2018.04.04-15.53.47:430][  0]LoadErrors: Info Failed to load /Game/Materials/ButtonMaterial.ButtonMaterial Referenced by Button_Base
[2018.04.04-15.53.47:430][  0]LogLinker:Warning: Can't find file for asset '/Game/Materials/ButtonMaterial' while loading NULL.
[2018.04.04-15.53.47:430][  0]LoadErrors: Info Failed to load /Game/Materials/ButtonMaterial.ButtonMaterial Referenced by Button_Base
[2018.04.04-15.53.47:431][  0]LogLinker:Warning: Can't find file '/Game/Materials/alphabox'
[2018.04.04-15.53.47:431][  0]LoadErrors: Info Failed to load /Game/Materials/alphabox.alphabox Referenced by AlphaBox
[2018.04.04-15.53.47:431][  0]LogLinker:Warning: Can't find file for asset '/Game/Materials/alphabox' while loading NULL.
[2018.04.04-15.53.47:431][  0]LoadErrors: Info Failed to load /Game/Materials/alphabox.alphabox Referenced by AlphaBox
[2018.04.04-15.53.47:665][  0]LogAIModule: Creating AISystem for world HelloWorld
[2018.04.04-15.53.47:755][  0]LogEditorServer: Finished looking for orphan Actors (0.000 secs)
[2018.04.04-15.53.47:771][  0]Cmd: MAP CHECKDEP NOCLEARLOG
[2018.04.04-15.53.47:879][  0]MapCheck: Info Map check complete: 0 Error(s), 0 Warning(s), took 108.198ms to complete.
[2018.04.04-15.53.47:879][  0]LogFileHelpers: Loading map 'HelloWorld' took 0.966
[2018.04.04-15.53.48:094][  0]LogCollectionManager: Loaded 0 collections in 0.002697 seconds
[2018.04.04-15.53.48:228][  0]LogFileCache: Scanning file cache for directory 'F:/FMP/RPG_Game/RPG_Game/Saved/Collections/' took 0.01s
[2018.04.04-15.53.48:228][  0]LogFileCache: Scanning file cache for directory 'F:/FMP/RPG_Game/RPG_Game/Content/Developers/Jordan/Collections/' took 0.01s
[2018.04.04-15.53.48:228][  0]LogFileCache: Scanning file cache for directory 'F:/FMP/RPG_Game/RPG_Game/Content/Collections/' took 0.01s
[2018.04.04-15.53.48:228][  0]LogCollectionManager: Rebuilt the GUID cache for 0 collections in 0.000002 seconds
[2018.04.04-15.53.48:242][  0]LogContentBrowser: Native class hierarchy populated in 0.0138 seconds. Added 2343 classes and 497 folders.
[2018.04.04-15.53.48:368][  0]LogContentBrowser: Native class hierarchy updated for 'WidgetCarousel' in 0.0008 seconds. Added 0 classes and 0 folders.
[2018.04.04-15.53.48:442][  0]LogContentBrowser: Native class hierarchy updated for 'AddContentDialog' in 0.0008 seconds. Added 0 classes and 0 folders.
[2018.04.04-15.53.48:522][  0]LogContentBrowser: Native class hierarchy updated for 'SceneOutliner' in 0.0008 seconds. Added 1 classes and 2 folders.
[2018.04.04-15.53.48:587][  0]LogCrashTracker: Crashtracker disabled due to settings.
[2018.04.04-15.53.48:593][  0]LogSlate: Took 0.000388 seconds to synchronously load lazily loaded font '../../../Engine/Content/Slate/Fonts/Roboto-Regular.ttf' (155K)
[2018.04.04-15.53.48:597][  0]LogSlate: Took 0.000350 seconds to synchronously load lazily loaded font '../../../Engine/Content/Slate/Fonts/Roboto-Bold.ttf' (160K)
[2018.04.04-15.53.48:600][  0]LogSlate: Took 0.000432 seconds to synchronously load lazily loaded font '../../../Engine/Content/Editor/Slate/Fonts/FontAwesome.ttf' (139K)
[2018.04.04-15.53.48:687][  0]LogRenderer: Reallocating scene render targets to support 1528x624 NumSamples 1 (Frame:1).
[2018.04.04-15.53.48:763][  0]LogSlate: Took 0.000387 seconds to synchronously load lazily loaded font '../../../Engine/Content/Slate/Fonts/Roboto-Light.ttf' (159K)
[2018.04.04-15.53.48:956][  0]LogUObjectGlobals:Warning: Failed to find object 'Class None.'
[2018.04.04-15.53.49:063][  0]LogContentBrowser: Native class hierarchy updated for 'HierarchicalLODOutliner' in 0.0008 seconds. Added 1 classes and 2 folders.
[2018.04.04-15.53.49:063][  0]LogLoad: (Engine Initialization) Total time: 31.78 seconds
[2018.04.04-15.53.49:063][  0]LogLoad: (Engine Initialization) Total Blueprint compile time: 0.25 seconds
[2018.04.04-15.53.49:063][  0]LogExternalProfiler: No external profilers were discovered.  External profiling features will not be available.
[2018.04.04-15.53.49:403][  0]LogOcInput: OculusInput pre-init called
[2018.04.04-15.53.49:403][  0]LogHMD: Starting GearVRController plugin
[2018.04.04-15.53.49:430][  0]SourceControl: Info On branch master
[2018.04.04-15.53.49:430][  0]SourceControl: Info Your branch is up to date with 'origin/master'.
[2018.04.04-15.53.49:430][  0]SourceControl: Info Changes not staged for commit:
[2018.04.04-15.53.49:430][  0]SourceControl: Info   (use "git add <file>..." to update what will be committed)
[2018.04.04-15.53.49:430][  0]SourceControl: Info   (use "git checkout -- <file>..." to discard changes in working directory)
[2018.04.04-15.53.49:430][  0]SourceControl: Info 	modified:   Intermediate/CachedAssetRegistry.bin
[2018.04.04-15.53.49:430][  0]SourceControl: Info 	modified:   Saved/Config/Windows/EditorPerProjectUserSettings.ini
[2018.04.04-15.53.49:430][  0]SourceControl: Info 	modified:   Saved/Config/Windows/Engine.ini
[2018.04.04-15.53.49:430][  0]SourceControl: Info 	modified:   Saved/Logs/RPG_Game.log
[2018.04.04-15.53.49:430][  0]SourceControl: Info 	modified:   Saved/Logs/RPG_Game_2.log
[2018.04.04-15.53.49:430][  0]SourceControl: Info Untracked files:
[2018.04.04-15.53.49:430][  0]SourceControl: Info   (use "git add <file>..." to include in what will be committed)
[2018.04.04-15.53.49:430][  0]SourceControl: Info 	Saved/Config/CrashReportClient/UE4CC-Windows-15B9C32145D3DDE03CAB9DAEEE0EB301/
[2018.04.04-15.53.49:430][  0]SourceControl: Info 	Saved/Config/CrashReportClient/UE4CC-Windows-EE602B2A4DA6701F2F429382866FBB33/
[2018.04.04-15.53.49:430][  0]SourceControl: Info 	Saved/Logs/RPG_Game-backup-2018.04.04-16.52.47.log
[2018.04.04-15.53.49:430][  0]SourceControl: Info 	Saved/Logs/RPG_Game_2-backup-2018.04.04-16.53.19.log
[2018.04.04-15.53.49:430][  0]SourceControl: Info no changes added to commit (use "git add" and/or "git commit -a")
[2018.04.04-15.53.49:430][  0]LogContentStreaming: Texture pool size now 1000 MB
[2018.04.04-15.53.49:750][  1]LogAssetRegistry: Asset discovery search completed in 21.1635 seconds
[2018.04.04-15.53.49:752][  1]LogCollectionManager: Rebuilt the object cache for 0 collections in 0.000001 seconds (found 0 objects)
[2018.04.04-15.53.49:752][  1]LogCollectionManager: Fixed up redirectors for 0 collections in 0.000032 seconds (updated 0 objects)
