Log file open, 02/07/18 09:44:38
LogInit:Display: Running engine for game: RPG_Game
LogPlatformFile: Not using cached read wrapper
LogInit:Display: RandInit(409422737) SRandInit(409422737).
LogTaskGraph: Started task graph with 5 named threads and 8 total threads with 1 sets of task threads.
LogStats: Stats thread started at 0.084193
LogInit: Using libcurl 7.47.1
LogInit:  - built for x86_64-pc-win32
LogInit:  - supports SSL with OpenSSL/1.0.2g
LogInit:  - supports HTTP deflate (compression) using libz 1.2.8
LogInit:  - other features:
LogInit:      CURL_VERSION_SSL
LogInit:      CURL_VERSION_LIBZ
LogInit:      CURL_VERSION_IPV6
LogInit:      CURL_VERSION_ASYNCHDNS
LogInit:      CURL_VERSION_LARGEFILE
LogInit:      CURL_VERSION_IDN
LogInit:  CurlRequestOptions (configurable via config and command line):
LogInit:  - bVerifyPeer = false  - Libcurl will NOT verify peer certificate
LogInit:  - bUseHttpProxy = false  - Libcurl will NOT use HTTP proxy
LogInit:  - bDontReuseConnections = false  - Libcurl will reuse connections
LogInit:  - CertBundlePath = nullptr  - Libcurl will use whatever was configured at build time.
LogInit: Build: ++UE4+Release-4.16-CL-3561208
LogInit: Engine Version: 4.16.3-3561208+++UE4+Release-4.16
LogInit: Compatible Engine Version: 4.16.0-3452394+++UE4+Release-4.16
LogInit: Net CL: 3452394
LogDevObjectVersion: Number of dev versions registered: 16
LogDevObjectVersion:   Dev-Blueprints (B0D832E4-1F89-4F0D-ACCF-7EB736FD4AA2): 9
LogDevObjectVersion:   Dev-Build (E1C64328-A22C-4D53-A36C-8E866417BD8C): 0
LogDevObjectVersion:   Dev-Core (375EC13C-06E4-48FB-B500-84F0262A717E): 2
LogDevObjectVersion:   Dev-Editor (E4B068ED-F494-42E9-A231-DA0B2E46BB41): 17
LogDevObjectVersion:   Dev-Framework (CFFC743F-43B0-4480-9391-14DF171D2073): 23
LogDevObjectVersion:   Dev-Mobile (B02B49B5-BB20-44E9-A304-32B752E40360): 0
LogDevObjectVersion:   Dev-Networking (A4E4105C-59A1-49B5-A7C5-40C4547EDFEE): 0
LogDevObjectVersion:   Dev-Online (39C831C9-5AE6-47DC-9A44-9C173E1C8E7C): 0
LogDevObjectVersion:   Dev-Physics (78F01B33-EBEA-4F98-B9B4-84EACCB95AA2): 0
LogDevObjectVersion:   Dev-Platform (6631380F-2D4D-43E0-8009-CF276956A95A): 0
LogDevObjectVersion:   Dev-Rendering (12F88B9F-8875-4AFC-A67C-D90C383ABD29): 15
LogDevObjectVersion:   Dev-Sequencer (7B5AE74C-D270-4C10-A958-57980B212A5A): 4
LogDevObjectVersion:   Dev-VR (D7296918-1DD6-4BDD-9DE2-64A83CC13884): 0
LogDevObjectVersion:   Dev-LoadTimes (C2A15278-BFE7-4AFE-6C17-90FF531DF755): 1
LogDevObjectVersion:   Private-Geometry (6EACA3D4-40EC-4CC1-B786-8BED09428FC5): 1
LogDevObjectVersion:   Dev-AnimPhys (29E575DD-E0A3-4627-9D10-D276232CDCEA): 3
LogInit: Compiled (64-bit): Jul 28 2017 11:49:47
LogInit: Compiled with Visual C++: 19.00.24215.01
LogInit: Build Configuration: Development
LogInit: Branch Name: ++UE4+Release-4.16
LogInit: Command line:  
LogInit: Base directory: C:/Program Files/Epic Games/UE_4.16/Engine/Binaries/Win64/
LogInit: Installed Engine Build: 1
LogInit: Presizing for max 8388607 objects, including 0 objects not considered by GC, pre-allocating 0 bytes for permanent pool.
LogInit: Object subsystem initialized
[2018.02.07-09.44.38:814][  0]LogInit: Selected Device Profile: [Windows]
[2018.02.07-09.44.38:814][  0]LogInit: Applying CVar settings loaded from the selected device profile: [Windows]
[2018.02.07-09.44.38:874][  0]LogInit: Computer: HB01-12
[2018.02.07-09.44.38:874][  0]LogInit: User: jordanboast
[2018.02.07-09.44.38:874][  0]LogInit: CPU Page size=4096, Cores=4
[2018.02.07-09.44.38:874][  0]LogInit: High frequency timer resolution =3.507501 MHz
[2018.02.07-09.44.38:874][  0]LogMemory: Memory total: Physical=15.9GB (16GB approx)
[2018.02.07-09.44.38:874][  0]LogMemory: Platform Memory Stats for Windows
[2018.02.07-09.44.38:874][  0]LogMemory: Process Physical Memory: 278.89 MB used, 278.89 MB peak
[2018.02.07-09.44.38:874][  0]LogMemory: Process Virtual Memory: 269.65 MB used, 269.65 MB peak
[2018.02.07-09.44.38:874][  0]LogMemory: Physical Memory: 5561.88 MB used,  10751.21 MB free, 16313.09 MB total
[2018.02.07-09.44.38:874][  0]LogMemory: Virtual Memory: 691.27 MB used,  10751.21 MB free, 134217728.00 MB total
[2018.02.07-09.44.38:946][  0]LogInit: Using OS detected language (en-US).
[2018.02.07-09.44.38:946][  0]LogInit: Using OS detected locale (en-GB).
[2018.02.07-09.44.38:949][  0]LogTextLocalizationManager: No specific localization for 'en-US' exists, so the 'en' localization will be used.
[2018.02.07-09.44.39:734][  0]LogD3D11RHI: D3D11 adapters:
[2018.02.07-09.44.39:774][  0]LogD3D11RHI:    0. 'NVIDIA GeForce GTX 770' (Feature Level 11_0)
[2018.02.07-09.44.39:774][  0]LogD3D11RHI:       2017/0/8156 MB DedicatedVideo/DedicatedSystem/SharedSystem, Outputs:1, VendorId:0x10de
[2018.02.07-09.44.39:775][  0]LogD3D11RHI:    1. 'Microsoft Basic Render Driver' (Feature Level 11_0)
[2018.02.07-09.44.39:775][  0]LogD3D11RHI:       0/0/8156 MB DedicatedVideo/DedicatedSystem/SharedSystem, Outputs:0, VendorId:0x1414
[2018.02.07-09.44.39:775][  0]LogD3D11RHI: Chosen D3D11 Adapter: 0
[2018.02.07-09.44.39:781][  0]LogD3D11RHI: Creating new Direct3DDevice
[2018.02.07-09.44.39:781][  0]LogD3D11RHI:     GPU DeviceId: 0x1184 (for the marketing name, search the web for "GPU Device Id")
[2018.02.07-09.44.39:781][  0]LogWindows: EnumDisplayDevices:
[2018.02.07-09.44.39:781][  0]LogWindows:    0. 'NVIDIA GeForce GTX 770' (P:1 D:1)
[2018.02.07-09.44.39:781][  0]LogWindows:    1. 'NVIDIA GeForce GTX 770' (P:0 D:0)
[2018.02.07-09.44.39:781][  0]LogWindows:    2. 'NVIDIA GeForce GTX 770' (P:0 D:0)
[2018.02.07-09.44.39:781][  0]LogWindows:    3. 'NVIDIA GeForce GTX 770' (P:0 D:0)
[2018.02.07-09.44.39:781][  0]LogWindows: DebugString: FoundDriverCount:4 
[2018.02.07-09.44.39:781][  0]LogD3D11RHI:     Adapter Name: NVIDIA GeForce GTX 770
[2018.02.07-09.44.39:781][  0]LogD3D11RHI:   Driver Version: 384.94 (internal:22.21.13.8494, unified:384.94)
[2018.02.07-09.44.39:781][  0]LogD3D11RHI:      Driver Date: 7-18-2017
[2018.02.07-09.44.39:781][  0]LogRHI: Texture pool is 1361 MB (70% of 1945 MB)
[2018.02.07-09.44.39:809][  0]LogD3D11RHI: Async texture creation enabled
[2018.02.07-09.44.39:825][  0]LogD3D11RHI: GPU Timing Frequency: 1000.000000 (Debug: 2 2)
[2018.02.07-09.44.39:826][  0]LogShaderCompilers: Guid format shader working directory is 29 characters bigger than the processId version (E:/FMP/RPG_Game/RPG_Game/Intermediate/Shaders/WorkingDirectory/8612/).
[2018.02.07-09.44.39:826][  0]LogShaderCompilers: Cleaned the shader compiler working directory 'C:/Users/jordan.boast/AppData/Local/Temp/UnrealShaderWorkingDir/B7DECB29468FEBFC4F433E81E7610090/'.
[2018.02.07-09.44.39:826][  0]LogShaderCompilers:Display: Using Local Shader Compiler.
[2018.02.07-09.44.40:778][  0]LogTemp:Display: Loaded TP AllDesktopTargetPlatform
[2018.02.07-09.44.40:817][  0]LogTemp:Display: Loaded TP MacClientTargetPlatform
[2018.02.07-09.44.40:857][  0]LogTemp:Display: Loaded TP MacNoEditorTargetPlatform
[2018.02.07-09.44.40:896][  0]LogTemp:Display: Loaded TP MacServerTargetPlatform
[2018.02.07-09.44.40:938][  0]LogTemp:Display: Loaded TP MacTargetPlatform
[2018.02.07-09.44.40:977][  0]LogTemp:Display: Loaded TP WindowsClientTargetPlatform
[2018.02.07-09.44.41:016][  0]LogTemp:Display: Loaded TP WindowsNoEditorTargetPlatform
[2018.02.07-09.44.41:062][  0]LogTemp:Display: Loaded TP WindowsServerTargetPlatform
[2018.02.07-09.44.41:097][  0]LogTemp:Display: Loaded TP WindowsTargetPlatform
[2018.02.07-09.44.41:135][  0]LogTemp:Display: Loaded TP AndroidTargetPlatform
[2018.02.07-09.44.41:174][  0]LogTemp:Display: Loaded TP Android_ASTCTargetPlatform
[2018.02.07-09.44.41:211][  0]LogTemp:Display: Loaded TP Android_ATCTargetPlatform
[2018.02.07-09.44.41:248][  0]LogTemp:Display: Loaded TP Android_DXTTargetPlatform
[2018.02.07-09.44.41:285][  0]LogTemp:Display: Loaded TP Android_ETC1TargetPlatform
[2018.02.07-09.44.41:322][  0]LogTemp:Display: Loaded TP Android_ETC2TargetPlatform
[2018.02.07-09.44.41:397][  0]LogTemp:Display: Loaded TP Android_MultiTargetPlatform
[2018.02.07-09.44.41:397][  0]LogTemp:Display: Loaded TP Android_PVRTCTargetPlatform
[2018.02.07-09.44.41:427][  0]LogTemp:Display: Loaded TP HTML5TargetPlatform
[2018.02.07-09.44.41:504][  0]LogTemp:Display: Loaded TP IOSTargetPlatform
[2018.02.07-09.44.41:528][  0]LogTemp:Display: Loaded TP TVOSTargetPlatform
[2018.02.07-09.44.41:566][  0]LogTemp:Display: Loaded TP LinuxClientTargetPlatform
[2018.02.07-09.44.41:606][  0]LogTemp:Display: Loaded TP LinuxNoEditorTargetPlatform
[2018.02.07-09.44.41:643][  0]LogTemp:Display: Loaded TP LinuxServerTargetPlatform
[2018.02.07-09.44.41:681][  0]LogTemp:Display: Loaded TP LinuxTargetPlatform
[2018.02.07-09.44.41:681][  0]LogTargetPlatformManager:Display: Building Assets For Windows
[2018.02.07-09.44.42:071][  0]LogDerivedDataCache:Display: Max Cache Size: 512 MB
[2018.02.07-09.44.42:150][  0]LogDerivedDataCache: Loaded boot cache 0.08s 90MB C:/Users/jordan.boast/AppData/Local/UnrealEngine/4.16/DerivedDataCache/Boot.ddc.
[2018.02.07-09.44.42:150][  0]LogDerivedDataCache:Display: Loaded Boot cache: C:/Users/jordan.boast/AppData/Local/UnrealEngine/4.16/DerivedDataCache/Boot.ddc
[2018.02.07-09.44.42:150][  0]LogDerivedDataCache: FDerivedDataBackendGraph:  Pak pak cache file E:/FMP/RPG_Game/RPG_Game/DerivedDataCache/DDC.ddp not found, will not use a pak cache.
[2018.02.07-09.44.42:150][  0]LogDerivedDataCache: Unable to find inner node Pak for hierarchical cache Hierarchy.
[2018.02.07-09.44.42:150][  0]LogDerivedDataCache: FDerivedDataBackendGraph:  CompressedPak pak cache file E:/FMP/RPG_Game/RPG_Game/DerivedDataCache/Compressed.ddp not found, will not use a pak cache.
[2018.02.07-09.44.42:150][  0]LogDerivedDataCache: Unable to find inner node CompressedPak for hierarchical cache Hierarchy.
[2018.02.07-09.44.42:164][  0]LogDerivedDataCache:Display: Pak cache opened for reading ../../../Engine/DerivedDataCache/Compressed.ddp.
[2018.02.07-09.44.42:175][  0]LogDerivedDataCache: Using Local data cache path C:/Users/jordan.boast/AppData/Local/UnrealEngine/Common/DerivedDataCache: Writable
[2018.02.07-09.44.42:184][  0]LogMaterial: Verifying Global Shaders for PCD3D_SM5
[2018.02.07-09.44.42:184][  0]LogSlate: Using Freetype 2.6.0
[2018.02.07-09.44.42:184][  0]LogSlate: SlateFontCache - WITH_FREETYPE: 1, WITH_HARFBUZZ: 1
[2018.02.07-09.44.42:184][  0]LogSlate: SlateFontCache - WITH_FREETYPE: 1, WITH_HARFBUZZ: 1
[2018.02.07-09.44.42:435][  0]LogInit: Selected Device Profile: [Windows]
[2018.02.07-09.44.42:555][  0]LogContentStreaming: Texture pool size is 0.00 MB
[2018.02.07-09.44.42:696][  0]LogMeshUtilities: Using QuadricMeshReduction for automatic static mesh reduction
[2018.02.07-09.44.42:736][  0]LogSimplygon: Simplygon DLL not present - disabling.
[2018.02.07-09.44.42:774][  0]LogMeshUtilities: Using SimplygonSwarm for distributed automatic mesh merging
[2018.02.07-09.44.42:774][  0]LogMeshUtilities: No automatic skeletal mesh reduction module available
[2018.02.07-09.44.42:774][  0]LogMeshUtilities: No automatic mesh merging module available
[2018.02.07-09.44.43:246][  0]LogNetVersion: RPG_Game , NetCL: 3452394, EngineNetVer: 2, GameNetVer: 0 (Checksum: 2586067795)
[2018.02.07-09.44.43:300][  0]LogAssetRegistry: FAssetRegistry took 0.0256 seconds to start up
[2018.02.07-09.44.43:887][  0]LogPackageLocalizationCache: Processed 4 localized package path(s) for 2 prioritized culture(s) in 0.564714 seconds
[2018.02.07-09.44.43:898][  0]LogUObjectArray: 34194 objects as part of root set at end of initial load.
[2018.02.07-09.44.43:898][  0]LogUObjectAllocator: 7260416 out of 0 bytes used by permanent object pool.
[2018.02.07-09.44.43:898][  0]LogUObjectArray: CloseDisregardForGC: 0/0 objects in disregard for GC pool
[2018.02.07-09.44.43:958][  0]LogInit: WinSock: version 1.1 (2.2), MaxSocks=32767, MaxUdp=65467
[2018.02.07-09.44.45:843][  0]LogTcpMessaging: Initializing TcpMessaging bridge
[2018.02.07-09.44.45:877][  0]LogUdpMessaging: Initializing bridge on interface 0.0.0.0:0 to multicast group 230.0.0.1:6666.
[2018.02.07-09.44.46:399][  0]LogMaterial: Uniform references updated for custom material expression Custom.
[2018.02.07-09.44.46:794][  0]SourceControl: Info Source control is disabled
[2018.02.07-09.44.47:494][  0]LogAndroidPermission: UAndroidPermissionCallbackProxy::GetInstance
[2018.02.07-09.44.47:962][  0]LogEngine: Initializing Engine...
[2018.02.07-09.44.47:962][  0]LogHMD: Failed to initialize OpenVR with code 110
[2018.02.07-09.44.48:126][  0]LogStats: UGameplayTagsManager::ConstructGameplayTagTree: Construct from data asset -  0.000 s
[2018.02.07-09.44.48:126][  0]LogStats: UGameplayTagsManager::ConstructGameplayTagTree: GameplayTagTreeChangedEvent.Broadcast -  0.000 s
[2018.02.07-09.44.48:243][  0]LogAIModule: Creating AISystem for world Untitled
[2018.02.07-09.44.48:250][  0]LogInit: XAudio2 using 'Speakers (Realtek High Definition Audio)' : 2 channels at 48 kHz using 32 bits per sample (channel mask 0x3)
[2018.02.07-09.44.48:263][  0]LogInit: FAudioDevice initialized.
[2018.02.07-09.44.48:301][  0]LogDerivedDataCache: Saved boot cache 0.04s 90MB C:/Users/jordan.boast/AppData/Local/UnrealEngine/4.16/DerivedDataCache/Boot.ddc.
[2018.02.07-09.44.48:314][  0]LogInit: Texture streaming: Enabled
[2018.02.07-09.44.48:391][  0]LogEngineSessionManager: EngineSessionManager initialized
[2018.02.07-09.44.48:562][  0]LogInit: Transaction tracking system initialized
[2018.02.07-09.44.48:799][  0]BlueprintLog: New page: Editor Load
[2018.02.07-09.44.49:517][  0]LocalizationService: Info Localization service is disabled
[2018.02.07-09.44.50:066][  0]LogConsoleResponse:Display: 
[2018.02.07-09.44.50:220][  0]LogCook:Display: Max memory allowance for cook 16384mb min free memory 0mb
[2018.02.07-09.44.50:220][  0]LogCook:Display: Mobile HDR setting 1
[2018.02.07-09.44.50:980][  0]LogFileCache: Scanning file cache for directory 'E:/FMP/RPG_Game/RPG_Game/Content/' took 0.02s
[2018.02.07-09.44.51:017][  0]Cmd: MAP LOAD FILE="E:/FMP/RPG_Game/RPG_Game/Content/Maps/HelloWorld.umap" TEMPLATE=0 SHOWPROGRESS=1 FEATURELEVEL=3
[2018.02.07-09.44.51:017][  0]LightingResults: New page: Lighting Build
[2018.02.07-09.44.51:054][  0]MapCheck: New page: Map Check
[2018.02.07-09.44.51:054][  0]LightingResults: New page: Lighting Build
[2018.02.07-09.44.51:999][  0]LogTexture:Display: Building textures: T_Skybox1 (AutoDXT, 2048X2048)
[2018.02.07-09.44.52:639][  0]LogMaterial: Missing cached shader map for material lambert2, compiling. 
[2018.02.07-09.44.52:675][  0]LogStaticMesh: Building static mesh T_SkyBox...
[2018.02.07-09.44.52:679][  0]LogStaticMesh: Built static mesh [0.00s] /Game/Maps/Skybox/T_SkyBox.T_SkyBox
[2018.02.07-09.44.52:687][  0]LogTexture:Display: Building textures: Diffuse_Door (AutoDXT, 1024X1024)
[2018.02.07-09.44.52:777][  0]LogMaterial: Missing cached shader map for material MAT_Door, compiling. 
[2018.02.07-09.44.52:795][  0]LogStaticMesh: Building static mesh M_Door...
[2018.02.07-09.44.52:819][  0]LogStaticMesh: Built static mesh [0.02s] /Game/Interactables/Door01/Mesh/M_Door.M_Door
[2018.02.07-09.44.52:822][  0]LogTexture:Display: Building textures: Texture2D_36 (BGRA8, 64X64)
[2018.02.07-09.44.52:857][  0]LogTexture:Display: Building textures: Texture2D_37 (BGRA8, 64X64)
[2018.02.07-09.44.52:857][  0]LogTexture:Display: Building textures: Texture2D_38 (BGRA8, 64X64)
[2018.02.07-09.44.52:858][  0]LogTexture:Display: Building textures: Texture2D_39 (BGRA8, 64X64)
[2018.02.07-09.44.52:858][  0]LogTexture:Display: Building textures: Texture2D_40 (BGRA8, 64X64)
[2018.02.07-09.44.52:858][  0]LogTexture:Display: Building textures: Texture2D_41 (BGRA8, 64X64)
[2018.02.07-09.44.52:859][  0]LogTexture:Display: Building textures: Texture2D_42 (BGRA8, 64X64)
[2018.02.07-09.44.52:859][  0]LogTexture:Display: Building textures: Texture2D_43 (BGRA8, 64X64)
[2018.02.07-09.44.52:860][  0]LogTexture:Display: Building textures: Texture2D_44 (BGRA8, 64X64)
[2018.02.07-09.44.52:860][  0]LogTexture:Display: Building textures: Texture2D_45 (BGRA8, 64X64)
[2018.02.07-09.44.52:860][  0]LogTexture:Display: Building textures: Texture2D_46 (BGRA8, 64X64)
[2018.02.07-09.44.52:861][  0]LogTexture:Display: Building textures: Texture2D_47 (BGRA8, 64X64)
[2018.02.07-09.44.52:861][  0]LogTexture:Display: Building textures: Texture2D_48 (BGRA8, 64X64)
[2018.02.07-09.44.52:861][  0]LogTexture:Display: Building textures: Texture2D_49 (BGRA8, 64X64)
[2018.02.07-09.44.52:862][  0]LogTexture:Display: Building textures: Texture2D_50 (BGRA8, 64X64)
[2018.02.07-09.44.52:862][  0]LogTexture:Display: Building textures: Texture2D_51 (BGRA8, 64X64)
[2018.02.07-09.44.52:865][  0]LogTexture:Display: Building textures: Dirt (AutoDXT, 512X512)
[2018.02.07-09.44.52:892][  0]LogTexture:Display: Building textures: GrassGreen (AutoDXT, 512X512)
[2018.02.07-09.44.52:924][  0]LogMaterial: Missing cached shader map for material Landscape, compiling. 
[2018.02.07-09.44.52:974][  0]LogMaterial: Missing cached shader map for material Landscape, compiling. 
[2018.02.07-09.44.53:103][  0]LogTexture:Display: Building textures: Texture2D_0 (BGRA8, 512X512)
[2018.02.07-09.44.53:119][  0]LogStaticMesh: Building static mesh rock1...
[2018.02.07-09.44.53:122][  0]LogStaticMesh: Built static mesh [0.00s] /Game/Assets/Rocks/rock1.rock1
[2018.02.07-09.44.53:123][  0]LogTexture:Display: Building textures: Texture2D_1 (BGRA8, 64X64)
[2018.02.07-09.44.53:123][  0]LogTexture:Display: Building textures: Texture2D_10 (BGRA8, 64X64)
[2018.02.07-09.44.53:124][  0]LogTexture:Display: Building textures: Texture2D_11 (BGRA8, 64X64)
[2018.02.07-09.44.53:124][  0]LogTexture:Display: Building textures: Texture2D_12 (BGRA8, 64X64)
[2018.02.07-09.44.53:125][  0]LogTexture:Display: Building textures: Texture2D_13 (BGRA8, 64X64)
[2018.02.07-09.44.53:127][  0]LogTexture:Display: Building textures: Texture2D_14 (BGRA8, 64X64)
[2018.02.07-09.44.53:127][  0]LogTexture:Display: Building textures: Texture2D_15 (BGRA8, 64X64)
[2018.02.07-09.44.53:128][  0]LogTexture:Display: Building textures: Texture2D_16 (BGRA8, 64X64)
[2018.02.07-09.44.53:129][  0]LogTexture:Display: Building textures: Texture2D_17 (BGRA8, 64X64)
[2018.02.07-09.44.53:130][  0]LogTexture:Display: Building textures: Texture2D_18 (BGRA8, 64X64)
[2018.02.07-09.44.53:130][  0]LogTexture:Display: Building textures: Texture2D_19 (BGRA8, 64X64)
[2018.02.07-09.44.53:131][  0]LogTexture:Display: Building textures: Texture2D_2 (BGRA8, 64X64)
[2018.02.07-09.44.53:132][  0]LogTexture:Display: Building textures: Texture2D_20 (BGRA8, 64X64)
[2018.02.07-09.44.53:132][  0]LogTexture:Display: Building textures: Texture2D_21 (BGRA8, 64X64)
[2018.02.07-09.44.53:133][  0]LogTexture:Display: Building textures: Texture2D_22 (BGRA8, 64X64)
[2018.02.07-09.44.53:133][  0]LogTexture:Display: Building textures: Texture2D_23 (BGRA8, 64X64)
[2018.02.07-09.44.53:134][  0]LogTexture:Display: Building textures: Texture2D_24 (BGRA8, 64X64)
[2018.02.07-09.44.53:134][  0]LogTexture:Display: Building textures: Texture2D_25 (BGRA8, 64X64)
[2018.02.07-09.44.53:134][  0]LogTexture:Display: Building textures: Texture2D_26 (BGRA8, 64X64)
[2018.02.07-09.44.53:135][  0]LogTexture:Display: Building textures: Texture2D_27 (BGRA8, 64X64)
[2018.02.07-09.44.53:135][  0]LogTexture:Display: Building textures: Texture2D_28 (BGRA8, 64X64)
[2018.02.07-09.44.53:136][  0]LogTexture:Display: Building textures: Texture2D_29 (BGRA8, 64X64)
[2018.02.07-09.44.53:136][  0]LogTexture:Display: Building textures: Texture2D_3 (BGRA8, 64X64)
[2018.02.07-09.44.53:136][  0]LogTexture:Display: Building textures: Texture2D_30 (BGRA8, 64X64)
[2018.02.07-09.44.53:137][  0]LogTexture:Display: Building textures: Texture2D_4 (BGRA8, 64X64)
[2018.02.07-09.44.53:137][  0]LogTexture:Display: Building textures: Texture2D_5 (BGRA8, 64X64)
[2018.02.07-09.44.53:138][  0]LogTexture:Display: Building textures: Texture2D_6 (BGRA8, 64X64)
[2018.02.07-09.44.53:138][  0]LogTexture:Display: Building textures: Texture2D_7 (BGRA8, 64X64)
[2018.02.07-09.44.53:139][  0]LogTexture:Display: Building textures: Texture2D_8 (BGRA8, 64X64)
[2018.02.07-09.44.53:139][  0]LogTexture:Display: Building textures: Texture2D_9 (BGRA8, 64X64)
[2018.02.07-09.44.53:140][  0]LogTexture:Display: Building textures: HQ_Lightmap0_10 (AutoDXT, 128X128)
[2018.02.07-09.44.53:144][  0]LogTexture:Display: Building textures: HQ_Lightmap0_11 (AutoDXT, 128X128)
[2018.02.07-09.44.53:172][  0]LogTexture:Display: Building textures: HQ_Lightmap0_12 (AutoDXT, 128X128)
[2018.02.07-09.44.53:199][  0]LogTexture:Display: Building textures: HQ_Lightmap0_13 (AutoDXT, 256X256)
[2018.02.07-09.44.53:228][  0]LogTexture:Display: Building textures: HQ_Lightmap0_14 (AutoDXT, 128X128)
[2018.02.07-09.44.53:254][  0]LogTexture:Display: Building textures: HQ_Lightmap0_15 (AutoDXT, 128X128)
[2018.02.07-09.44.53:281][  0]LogTexture:Display: Building textures: HQ_Lightmap0_16 (AutoDXT, 128X128)
[2018.02.07-09.44.53:296][  0]LogTexture:Display: Building textures: HQ_Lightmap0_17 (AutoDXT, 128X128)
[2018.02.07-09.44.53:311][  0]LogTexture:Display: Building textures: HQ_Lightmap0_18 (AutoDXT, 128X128)
[2018.02.07-09.44.53:337][  0]LogTexture:Display: Building textures: HQ_Lightmap0_19 (AutoDXT, 128X128)
[2018.02.07-09.44.53:364][  0]LogTexture:Display: Building textures: HQ_Lightmap0_20 (AutoDXT, 128X128)
[2018.02.07-09.44.53:380][  0]LogTexture:Display: Building textures: HQ_Lightmap0_21 (AutoDXT, 256X256)
[2018.02.07-09.44.53:411][  0]LogTexture:Display: Building textures: HQ_Lightmap0_22 (AutoDXT, 256X256)
[2018.02.07-09.44.53:444][  0]LogTexture:Display: Building textures: HQ_Lightmap0_3 (AutoDXT, 128X128)
[2018.02.07-09.44.53:471][  0]LogTexture:Display: Building textures: HQ_Lightmap0_4 (AutoDXT, 256X256)
[2018.02.07-09.44.53:503][  0]LogTexture:Display: Building textures: HQ_Lightmap0_5 (AutoDXT, 256X256)
[2018.02.07-09.44.53:534][  0]LogTexture:Display: Building textures: HQ_Lightmap0_6 (AutoDXT, 128X128)
[2018.02.07-09.44.53:560][  0]LogTexture:Display: Building textures: HQ_Lightmap0_7 (AutoDXT, 128X128)
[2018.02.07-09.44.53:587][  0]LogTexture:Display: Building textures: HQ_Lightmap0_8 (AutoDXT, 128X128)
[2018.02.07-09.44.53:613][  0]LogTexture:Display: Building textures: HQ_Lightmap0_9 (AutoDXT, 256X256)
[2018.02.07-09.44.53:643][  0]LogTexture:Display: Building textures: HQ_Lightmap1_1 (AutoDXT, 512X512)
[2018.02.07-09.44.53:701][  0]LogTexture:Display: Building textures: HQ_Lightmap1_2 (AutoDXT, 256X256)
[2018.02.07-09.44.53:732][  0]LogTexture:Display: Building textures: HQ_Lightmap1_23 (AutoDXT, 256X256)
[2018.02.07-09.44.53:756][  0]LogTexture:Display: Building textures: HQ_Lightmap1_24 (AutoDXT, 128X128)
[2018.02.07-09.44.53:783][  0]LogTexture:Display: Building textures: HQ_Lightmap1_25 (AutoDXT, 256X256)
[2018.02.07-09.44.53:809][  0]LogTexture:Display: Building textures: HQ_Lightmap1_26 (AutoDXT, 128X128)
[2018.02.07-09.44.53:836][  0]LogTexture:Display: Building textures: HQ_Lightmap1_27 (AutoDXT, 128X128)
[2018.02.07-09.44.53:852][  0]LogTexture:Display: Building textures: HQ_Lightmap1_28 (AutoDXT, 128X128)
[2018.02.07-09.44.53:867][  0]LogTexture:Display: Building textures: HQ_Lightmap1_29 (AutoDXT, 128X128)
[2018.02.07-09.44.53:883][  0]LogTexture:Display: Building textures: HQ_Lightmap1_30 (AutoDXT, 128X128)
[2018.02.07-09.44.53:889][  0]LogTexture:Display: Building textures: LQ_Lightmap_0_10 (DXT1, 128X128)
[2018.02.07-09.44.53:901][  0]LogTexture:Display: Building textures: LQ_Lightmap_0_11 (DXT1, 128X128)
[2018.02.07-09.44.53:930][  0]LogTexture:Display: Building textures: LQ_Lightmap_0_12 (DXT1, 128X128)
[2018.02.07-09.44.53:959][  0]LogTexture:Display: Building textures: LQ_Lightmap_0_13 (DXT1, 256X256)
[2018.02.07-09.44.53:985][  0]LogTexture:Display: Building textures: LQ_Lightmap_0_14 (DXT1, 128X128)
[2018.02.07-09.44.54:012][  0]LogTexture:Display: Building textures: LQ_Lightmap_0_15 (DXT1, 128X128)
[2018.02.07-09.44.54:040][  0]LogTexture:Display: Building textures: LQ_Lightmap_0_16 (DXT1, 128X128)
[2018.02.07-09.44.54:054][  0]LogTexture:Display: Building textures: LQ_Lightmap_0_17 (DXT1, 128X128)
[2018.02.07-09.44.54:069][  0]LogTexture:Display: Building textures: LQ_Lightmap_0_18 (DXT1, 128X128)
[2018.02.07-09.44.54:096][  0]LogTexture:Display: Building textures: LQ_Lightmap_0_19 (DXT1, 128X128)
[2018.02.07-09.44.54:124][  0]LogTexture:Display: Building textures: LQ_Lightmap_0_20 (DXT1, 128X128)
[2018.02.07-09.44.54:139][  0]LogTexture:Display: Building textures: LQ_Lightmap_0_21 (DXT1, 256X256)
[2018.02.07-09.44.54:174][  0]LogTexture:Display: Building textures: LQ_Lightmap_0_22 (DXT1, 256X256)
[2018.02.07-09.44.54:208][  0]LogTexture:Display: Building textures: LQ_Lightmap_0_3 (DXT1, 128X128)
[2018.02.07-09.44.54:235][  0]LogTexture:Display: Building textures: LQ_Lightmap_0_4 (DXT1, 256X256)
[2018.02.07-09.44.54:269][  0]LogTexture:Display: Building textures: LQ_Lightmap_0_5 (DXT1, 256X256)
[2018.02.07-09.44.54:301][  0]LogTexture:Display: Building textures: LQ_Lightmap_0_6 (DXT1, 128X128)
[2018.02.07-09.44.54:327][  0]LogTexture:Display: Building textures: LQ_Lightmap_0_7 (DXT1, 128X128)
[2018.02.07-09.44.54:354][  0]LogTexture:Display: Building textures: LQ_Lightmap_0_8 (DXT1, 128X128)
[2018.02.07-09.44.54:381][  0]LogTexture:Display: Building textures: LQ_Lightmap_0_9 (DXT1, 256X256)
[2018.02.07-09.44.54:413][  0]LogTexture:Display: Building textures: LQ_Lightmap_1_1 (DXT1, 512X512)
[2018.02.07-09.44.54:448][  0]LogTexture:Display: Building textures: LQ_Lightmap_1_2 (DXT1, 256X256)
[2018.02.07-09.44.54:481][  0]LogTexture:Display: Building textures: LQ_Lightmap_1_23 (DXT1, 256X256)
[2018.02.07-09.44.54:504][  0]LogTexture:Display: Building textures: LQ_Lightmap_1_24 (DXT1, 128X128)
[2018.02.07-09.44.54:532][  0]LogTexture:Display: Building textures: LQ_Lightmap_1_25 (DXT1, 256X256)
[2018.02.07-09.44.54:555][  0]LogTexture:Display: Building textures: LQ_Lightmap_1_26 (DXT1, 128X128)
[2018.02.07-09.44.54:583][  0]LogTexture:Display: Building textures: LQ_Lightmap_1_27 (DXT1, 128X128)
[2018.02.07-09.44.54:599][  0]LogTexture:Display: Building textures: LQ_Lightmap_1_28 (DXT1, 128X128)
[2018.02.07-09.44.54:615][  0]LogTexture:Display: Building textures: LQ_Lightmap_1_29 (DXT1, 128X128)
[2018.02.07-09.44.54:629][  0]LogTexture:Display: Building textures: LQ_Lightmap_1_30 (DXT1, 128X128)
[2018.02.07-09.44.54:632][  0]LogTexture:Display: Building textures: SkyOcclusion0_10 (AutoDXT, 128X64)
[2018.02.07-09.44.54:641][  0]LogTexture:Display: Building textures: SkyOcclusion0_11 (AutoDXT, 128X64)
[2018.02.07-09.44.54:659][  0]LogTexture:Display: Building textures: SkyOcclusion0_12 (AutoDXT, 128X64)
[2018.02.07-09.44.54:677][  0]LogTexture:Display: Building textures: SkyOcclusion0_13 (AutoDXT, 256X128)
[2018.02.07-09.44.54:699][  0]LogTexture:Display: Building textures: SkyOcclusion0_14 (AutoDXT, 128X64)
[2018.02.07-09.44.54:717][  0]LogTexture:Display: Building textures: SkyOcclusion0_15 (AutoDXT, 128X64)
[2018.02.07-09.44.54:734][  0]LogTexture:Display: Building textures: SkyOcclusion0_16 (AutoDXT, 128X64)
[2018.02.07-09.44.54:744][  0]LogTexture:Display: Building textures: SkyOcclusion0_17 (AutoDXT, 128X64)
[2018.02.07-09.44.54:754][  0]LogTexture:Display: Building textures: SkyOcclusion0_18 (AutoDXT, 128X64)
[2018.02.07-09.44.54:772][  0]LogTexture:Display: Building textures: SkyOcclusion0_19 (AutoDXT, 128X64)
[2018.02.07-09.44.54:789][  0]LogTexture:Display: Building textures: SkyOcclusion0_20 (AutoDXT, 128X64)
[2018.02.07-09.44.54:799][  0]LogTexture:Display: Building textures: SkyOcclusion0_21 (AutoDXT, 256X128)
[2018.02.07-09.44.54:827][  0]LogTexture:Display: Building textures: SkyOcclusion0_22 (AutoDXT, 256X128)
[2018.02.07-09.44.54:855][  0]LogTexture:Display: Building textures: SkyOcclusion0_3 (AutoDXT, 128X64)
[2018.02.07-09.44.54:872][  0]LogTexture:Display: Building textures: SkyOcclusion0_4 (AutoDXT, 256X128)
[2018.02.07-09.44.54:902][  0]LogTexture:Display: Building textures: SkyOcclusion0_5 (AutoDXT, 256X128)
[2018.02.07-09.44.54:928][  0]LogTexture:Display: Building textures: SkyOcclusion0_6 (AutoDXT, 128X64)
[2018.02.07-09.44.54:946][  0]LogTexture:Display: Building textures: SkyOcclusion0_7 (AutoDXT, 128X64)
[2018.02.07-09.44.54:962][  0]LogTexture:Display: Building textures: SkyOcclusion0_8 (AutoDXT, 128X64)
[2018.02.07-09.44.54:980][  0]LogTexture:Display: Building textures: SkyOcclusion0_9 (AutoDXT, 256X128)
[2018.02.07-09.44.55:008][  0]LogTexture:Display: Building textures: SkyOcclusion1_1 (AutoDXT, 512X256)
[2018.02.07-09.44.55:038][  0]LogTexture:Display: Building textures: SkyOcclusion1_2 (AutoDXT, 256X128)
[2018.02.07-09.44.55:066][  0]LogTexture:Display: Building textures: SkyOcclusion1_23 (AutoDXT, 256X128)
[2018.02.07-09.44.55:089][  0]LogTexture:Display: Building textures: SkyOcclusion1_24 (AutoDXT, 128X64)
[2018.02.07-09.44.55:106][  0]LogTexture:Display: Building textures: SkyOcclusion1_25 (AutoDXT, 256X128)
[2018.02.07-09.44.55:128][  0]LogTexture:Display: Building textures: SkyOcclusion1_26 (AutoDXT, 128X64)
[2018.02.07-09.44.55:145][  0]LogTexture:Display: Building textures: SkyOcclusion1_27 (AutoDXT, 128X64)
[2018.02.07-09.44.55:154][  0]LogTexture:Display: Building textures: SkyOcclusion1_28 (AutoDXT, 128X64)
[2018.02.07-09.44.55:165][  0]LogTexture:Display: Building textures: SkyOcclusion1_29 (AutoDXT, 128X64)
[2018.02.07-09.44.55:175][  0]LogTexture:Display: Building textures: SkyOcclusion1_30 (AutoDXT, 128X64)
[2018.02.07-09.44.55:180][  0]LogTexture:Display: Building textures: ShadowMapTexture2D_30 (G8, 1024X64)
[2018.02.07-09.44.55:183][  0]LogTexture:Display: Building textures: ShadowMapTexture2D_31 (G8, 256X64)
[2018.02.07-09.44.55:184][  0]LogTexture:Display: Building textures: ShadowMapTexture2D_32 (G8, 128X64)
[2018.02.07-09.44.55:184][  0]LogTexture:Display: Building textures: ShadowMapTexture2D_33 (G8, 256X64)
[2018.02.07-09.44.55:185][  0]LogTexture:Display: Building textures: ShadowMapTexture2D_34 (G8, 256X64)
[2018.02.07-09.44.55:186][  0]LogTexture:Display: Building textures: ShadowMapTexture2D_35 (G8, 128X64)
[2018.02.07-09.44.55:187][  0]LogTexture:Display: Building textures: ShadowMapTexture2D_36 (G8, 128X64)
[2018.02.07-09.44.55:187][  0]LogTexture:Display: Building textures: ShadowMapTexture2D_37 (G8, 128X64)
[2018.02.07-09.44.55:188][  0]LogTexture:Display: Building textures: ShadowMapTexture2D_38 (G8, 256X64)
[2018.02.07-09.44.55:189][  0]LogTexture:Display: Building textures: ShadowMapTexture2D_39 (G8, 64X64)
[2018.02.07-09.44.55:189][  0]LogTexture:Display: Building textures: ShadowMapTexture2D_40 (G8, 128X64)
[2018.02.07-09.44.55:190][  0]LogTexture:Display: Building textures: ShadowMapTexture2D_41 (G8, 128X64)
[2018.02.07-09.44.55:190][  0]LogTexture:Display: Building textures: ShadowMapTexture2D_42 (G8, 256X64)
[2018.02.07-09.44.55:191][  0]LogTexture:Display: Building textures: ShadowMapTexture2D_43 (G8, 128X64)
[2018.02.07-09.44.55:192][  0]LogTexture:Display: Building textures: ShadowMapTexture2D_44 (G8, 128X64)
[2018.02.07-09.44.55:192][  0]LogTexture:Display: Building textures: ShadowMapTexture2D_45 (G8, 64X64)
[2018.02.07-09.44.55:193][  0]LogTexture:Display: Building textures: ShadowMapTexture2D_46 (G8, 64X64)
[2018.02.07-09.44.55:193][  0]LogTexture:Display: Building textures: ShadowMapTexture2D_47 (G8, 128X64)
[2018.02.07-09.44.55:193][  0]LogTexture:Display: Building textures: ShadowMapTexture2D_48 (G8, 128X64)
[2018.02.07-09.44.55:194][  0]LogTexture:Display: Building textures: ShadowMapTexture2D_49 (G8, 64X64)
[2018.02.07-09.44.55:194][  0]LogTexture:Display: Building textures: ShadowMapTexture2D_50 (G8, 256X64)
[2018.02.07-09.44.55:195][  0]LogTexture:Display: Building textures: ShadowMapTexture2D_51 (G8, 256X64)
[2018.02.07-09.44.55:196][  0]LogTexture:Display: Building textures: ShadowMapTexture2D_52 (G8, 256X64)
[2018.02.07-09.44.55:197][  0]LogTexture:Display: Building textures: ShadowMapTexture2D_53 (G8, 128X64)
[2018.02.07-09.44.55:198][  0]LogTexture:Display: Building textures: ShadowMapTexture2D_54 (G8, 256X64)
[2018.02.07-09.44.55:198][  0]LogTexture:Display: Building textures: ShadowMapTexture2D_55 (G8, 128X64)
[2018.02.07-09.44.55:199][  0]LogTexture:Display: Building textures: ShadowMapTexture2D_56 (G8, 64X64)
[2018.02.07-09.44.55:199][  0]LogTexture:Display: Building textures: ShadowMapTexture2D_57 (G8, 64X64)
[2018.02.07-09.44.55:200][  0]LogTexture:Display: Building textures: ShadowMapTexture2D_58 (G8, 64X64)
[2018.02.07-09.44.55:200][  0]LogTexture:Display: Building textures: ShadowMapTexture2D_59 (G8, 64X64)
[2018.02.07-09.44.55:221][  0]LogMaterial: Missing cached shader map for material Rock, compiling. 
[2018.02.07-09.44.55:256][  0]LogAIModule: Creating AISystem for world HelloWorld
[2018.02.07-09.44.56:555][  0]PIE:Warning: Warning Trying to simulate physics on ''/Game/Maps/HelloWorld.HelloWorld:PersistentLevel.Remote_71.StaticMesh'' but it has ComplexAsSimple collision.
[2018.02.07-09.44.56:556][  0]LogEditorServer: Finished looking for orphan Actors (0.000 secs)
[2018.02.07-09.44.56:569][  0]Cmd: MAP CHECKDEP NOCLEARLOG
[2018.02.07-09.44.56:641][  0]MapCheck: Info Map check complete: 0 Error(s), 0 Warning(s), took 71.408ms to complete.
[2018.02.07-09.44.56:641][  0]LogFileHelpers: Loading map 'HelloWorld' took 5.624
[2018.02.07-09.44.56:716][  0]LogWindowsTextInputMethodSystem:Display: IME system now deactivated.
[2018.02.07-09.44.56:851][  0]LogCollectionManager: Loaded 0 collections in 0.031316 seconds
[2018.02.07-09.44.56:957][  0]LogFileCache: Scanning file cache for directory 'E:/FMP/RPG_Game/RPG_Game/Saved/Collections/' took 0.01s
[2018.02.07-09.44.56:957][  0]LogFileCache: Scanning file cache for directory 'E:/FMP/RPG_Game/RPG_Game/Content/Developers/jordanboast/Collections/' took 0.01s
[2018.02.07-09.44.56:957][  0]LogFileCache: Scanning file cache for directory 'E:/FMP/RPG_Game/RPG_Game/Content/Collections/' took 0.01s
[2018.02.07-09.44.56:957][  0]LogCollectionManager: Rebuilt the GUID cache for 0 collections in 0.000001 seconds
[2018.02.07-09.44.56:972][  0]LogContentBrowser: Native class hierarchy populated in 0.0142 seconds. Added 2329 classes and 491 folders.
[2018.02.07-09.44.57:072][  0]LogContentBrowser: Native class hierarchy updated for 'WidgetCarousel' in 0.0010 seconds. Added 0 classes and 0 folders.
[2018.02.07-09.44.57:125][  0]LogContentBrowser: Native class hierarchy updated for 'AddContentDialog' in 0.0008 seconds. Added 0 classes and 0 folders.
[2018.02.07-09.44.57:180][  0]LogContentBrowser: Native class hierarchy updated for 'SceneOutliner' in 0.0009 seconds. Added 1 classes and 2 folders.
[2018.02.07-09.44.57:272][  0]LogCrashTracker: Crashtracker disabled due to settings.
[2018.02.07-09.44.57:278][  0]LogSlate: Took 0.000262 seconds to synchronously load lazily loaded font '../../../Engine/Content/Slate/Fonts/Roboto-Regular.ttf' (155K)
[2018.02.07-09.44.57:280][  0]LogSlate: Took 0.000276 seconds to synchronously load lazily loaded font '../../../Engine/Content/Slate/Fonts/Roboto-Bold.ttf' (160K)
[2018.02.07-09.44.57:286][  0]LogSlate: Took 0.000229 seconds to synchronously load lazily loaded font '../../../Engine/Content/Editor/Slate/Fonts/FontAwesome.ttf' (139K)
[2018.02.07-09.44.57:420][  0]LogRenderer: Reallocating scene render targets to support 1208x576 NumSamples 1 (Frame:1).
[2018.02.07-09.44.57:484][  0]LogSlate: Took 0.000215 seconds to synchronously load lazily loaded font '../../../Engine/Content/Slate/Fonts/Roboto-Light.ttf' (159K)
[2018.02.07-09.44.57:777][  0]LogContentBrowser: Native class hierarchy updated for 'HierarchicalLODOutliner' in 0.0009 seconds. Added 1 classes and 2 folders.
[2018.02.07-09.44.57:777][  0]LogLoad: (Engine Initialization) Total time: 42.43 seconds
[2018.02.07-09.44.57:777][  0]LogLoad: (Engine Initialization) Total Blueprint compile time: 0.11 seconds
[2018.02.07-09.44.57:777][  0]LogExternalProfiler: No external profilers were discovered.  External profiling features will not be available.
[2018.02.07-09.44.57:789][  0]LogOcInput: OculusInput pre-init called
[2018.02.07-09.44.57:789][  0]LogHMD: Starting GearVRController plugin
[2018.02.07-09.44.57:811][  0]LogContentStreaming: Texture pool size now 1000 MB
[2018.02.07-09.44.57:886][  1]LogAssetRegistry: Asset discovery search completed in 14.6086 seconds
[2018.02.07-09.44.57:890][  1]LogCollectionManager: Rebuilt the object cache for 0 collections in 0.000001 seconds (found 0 objects)
[2018.02.07-09.44.57:890][  1]LogCollectionManager: Fixed up redirectors for 0 collections in 0.000045 seconds (updated 0 objects)
[2018.02.07-09.45.09:624][139]LogTexture:Display: Building textures: Start_Line (AutoDXT, 420X100)
[2018.02.07-09.45.09:628][139]LogTexture:Display: Building textures: Start (AutoDXT, 420X100)
[2018.02.07-09.45.09:634][139]LogTexture:Display: Building textures: Settings_Line (AutoDXT, 420X100)
[2018.02.07-09.45.09:638][139]LogTexture:Display: Building textures: Settings (AutoDXT, 420X100)
[2018.02.07-09.45.09:643][139]LogTexture:Display: Building textures: Quit_Line (AutoDXT, 420X100)
[2018.02.07-09.45.09:648][139]LogTexture:Display: Building textures: Controls_Line (AutoDXT, 420X100)
[2018.02.07-09.45.09:652][139]LogTexture:Display: Building textures: Controls (AutoDXT, 420X100)
[2018.02.07-09.45.09:657][139]LogTexture:Display: Building textures: Title (BGRA8, 360X179)
[2018.02.07-09.45.09:664][139]LogTexture:Display: Building textures: Settings_Heading (BGRA8, 1920X71)
[2018.02.07-09.45.09:669][139]LogTexture:Display: Building textures: Quit (AutoDXT, 420X100)
[2018.02.07-09.45.09:676][139]LogTexture:Display: Building textures: Control_Heading (BGRA8, 1920X71)
[2018.02.07-09.45.09:762][139]LogTexture:Display: Building textures: MainBackground (AutoDXT, 1920X1080)
[2018.02.07-09.45.10:918][139]LogTexture:Display: Building textures: Controls_Icons (BGRA8, 1259X264)
[2018.02.07-09.45.10:949][139]LogTexture:Display: Building textures: Menu_Icon (BGRA8, 55X40)
[2018.02.07-09.45.10:996][139]LogTexture:Display: Building textures: Return_To_Menu_Line (AutoDXT, 420X100)
[2018.02.07-09.45.11:000][139]LogTexture:Display: Building textures: Return_To_Menu (AutoDXT, 420X100)
[2018.02.07-09.45.11:060][139]LogTexture:Display: Building textures: Controls_Background (AutoDXT, 1920X1080)
[2018.02.07-09.45.13:293][139]LogTexture:Display: Building textures: Resume_Game_Line (AutoDXT, 420X100)
[2018.02.07-09.45.13:313][139]LogTexture:Display: Building textures: Background (AutoDXT, 1920X1080)
[2018.02.07-09.45.13:408][139]LogTexture:Display: Building textures: Resume_Game (AutoDXT, 420X100)
[2018.02.07-09.45.14:422][252]LogSlate: Took 0.000131 seconds to synchronously load lazily loaded font '../../../Engine/Content/Slate/Fonts/Roboto-Light.ttf' (159K)
[2018.02.07-09.45.14:903][299]LogSlate: Took 0.000105 seconds to synchronously load lazily loaded font '../../../Engine/Content/Slate/Fonts/Roboto-Light.ttf' (159K)
[2018.02.07-09.45.15:360][299]LogContentBrowser: Native class hierarchy updated for 'BlueprintGraph' in 0.0008 seconds. Added 112 classes and 0 folders.
[2018.02.07-09.45.15:869][299]LogSlate: Took 0.000130 seconds to synchronously load lazily loaded font '../../../Engine/Content/Editor/Slate/Fonts/Roboto-BoldCondensed.ttf' (158K)
[2018.02.07-09.53.00:268][718]LogMaterial: Missing cached shader map for material Landscape, compiling. 
[2018.02.07-09.53.00:277][718]LogMaterial: Missing cached shader map for material Landscape, compiling. 
[2018.02.07-09.53.00:293][718]LogMaterial: Missing cached shader map for material Landscape, compiling. 
[2018.02.07-09.53.00:318][718]LogTexture:Display: Building textures: Texture2D_2 (G8, 128X128)
[2018.02.07-09.53.22:542][253]LogMaterial: Missing cached shader map for material Landscape, compiling. 
[2018.02.07-09.53.22:617][253]LogMaterial: Missing cached shader map for material Landscape, compiling. 
[2018.02.07-09.53.22:636][253]LogMaterial: Missing cached shader map for material Landscape, compiling. 
[2018.02.07-09.53.22:681][253]LogMaterial: Missing cached shader map for material FMatExpressionPreview MaterialExpressionTextureSample_1, compiling. 
[2018.02.07-09.53.22:684][253]LogMaterial: Missing cached shader map for material FMatExpressionPreview MaterialExpressionTextureSample_2, compiling. 
[2018.02.07-09.53.22:687][253]LogMaterial: Missing cached shader map for material FMatExpressionPreview MaterialExpressionLandscapeLayerCoords_1, compiling. 
[2018.02.07-09.53.24:333][422]MaterialEditorStats: Info Base pass shader: 93 instructions
[2018.02.07-09.53.24:333][422]MaterialEditorStats: Info Vertex shader: 36 instructions
[2018.02.07-09.53.24:333][422]MaterialEditorStats: Info Texture samplers: 5/16
[2018.02.07-09.53.24:333][422]MaterialEditorStats: Info User interpolators: 2/4 Scalars (1/4 Vectors) (TexCoords: 2, Custom: 0)
[2018.02.07-10.21.34:285][354]Cmd: QUIT_EDITOR
[2018.02.07-10.21.34:362][354]LogWindowsTextInputMethodSystem:Display: IME system now deactivated.
[2018.02.07-10.21.34:375][354]LogExit: Preparing to exit.
[2018.02.07-10.21.35:077][354]LogExit: Editor shut down
[2018.02.07-10.21.35:098][354]LogExit: Transaction tracking system shut down
[2018.02.07-10.21.35:293][354]LogObj: Freed 0b from 0 cluster array pools.
[2018.02.07-10.21.35:294][354]LogExit: Object subsystem successfully closed.
[2018.02.07-10.21.35:344][354]LogD3D11RHI: Shutdown
[2018.02.07-10.21.35:344][354]LogD3D11RHI: CleanupD3DDevice
[2018.02.07-10.21.35:434][354]LogD3D11RHI: ~FD3D11DynamicRHI
[2018.02.07-10.21.35:455][354]LogModuleManager: Shutting down and abandoning module MaterialEditor (530)
[2018.02.07-10.21.35:455][354]LogModuleManager: Shutting down and abandoning module BlueprintGraph (528)
[2018.02.07-10.21.35:455][354]LogModuleManager: Shutting down and abandoning module BlueprintProfiler (526)
[2018.02.07-10.21.35:463][354]LogModuleManager: Shutting down and abandoning module HierarchicalLODOutliner (524)
[2018.02.07-10.21.35:463][354]LogModuleManager: Shutting down and abandoning module CrashTracker (522)
[2018.02.07-10.21.35:463][354]LogModuleManager: Shutting down and abandoning module SceneOutliner (520)
[2018.02.07-10.21.35:463][354]LogModuleManager: Shutting down and abandoning module AddContentDialog (518)
[2018.02.07-10.21.35:463][354]LogDirectoryWatcher: A directory notification for 'C:/Program Files/Epic Games/UE_4.16/FeaturePacks/' was aborted.
[2018.02.07-10.21.35:468][354]LogModuleManager: Shutting down and abandoning module WidgetCarousel (517)
[2018.02.07-10.21.35:468][354]LogModuleManager: Shutting down and abandoning module EditorWidgets (514)
[2018.02.07-10.21.35:468][354]LogModuleManager: Shutting down and abandoning module CollectionManager (512)
[2018.02.07-10.21.35:468][354]LogDirectoryWatcher: A directory notification for 'E:/FMP/RPG_Game/RPG_Game/Content/Collections/' was aborted.
[2018.02.07-10.21.35:468][354]LogDirectoryWatcher: A directory notification for 'E:/FMP/RPG_Game/RPG_Game/Content/Developers/jordanboast/Collections/' was aborted.
[2018.02.07-10.21.35:468][354]LogDirectoryWatcher: A directory notification for 'E:/FMP/RPG_Game/RPG_Game/Saved/Collections/' was aborted.
[2018.02.07-10.21.35:468][354]LogModuleManager: Shutting down and abandoning module StatsViewer (510)
[2018.02.07-10.21.35:468][354]LogModuleManager: Shutting down and abandoning module FoliageEdit (508)
[2018.02.07-10.21.35:468][354]LogModuleManager: Shutting down and abandoning module LandscapeEditor (506)
[2018.02.07-10.21.35:468][354]LogModuleManager: Shutting down and abandoning module MeshPaintMode (504)
[2018.02.07-10.21.35:468][354]LogModuleManager: Shutting down and abandoning module SceneDepthPickerMode (502)
[2018.02.07-10.21.35:468][354]LogModuleManager: Shutting down and abandoning module ActorPickerMode (500)
[2018.02.07-10.21.35:468][354]LogModuleManager: Shutting down and abandoning module GeometryMode (498)
[2018.02.07-10.21.35:468][354]LogModuleManager: Shutting down and abandoning module TextureAlignMode (496)
[2018.02.07-10.21.35:468][354]LogModuleManager: Shutting down and abandoning module BspMode (494)
[2018.02.07-10.21.35:468][354]LogModuleManager: Shutting down and abandoning module HardwareSurvey (492)
[2018.02.07-10.21.35:468][354]LogModuleManager: Shutting down and abandoning module SequenceRecorderSections (490)
[2018.02.07-10.21.35:468][354]LogModuleManager: Shutting down and abandoning module AutomationWorker (488)
[2018.02.07-10.21.35:468][354]LogModuleManager: Shutting down and abandoning module MatineeToLevelSequence (486)
[2018.02.07-10.21.35:468][354]LogModuleManager: Shutting down and abandoning module LevelSequenceEditor (484)
[2018.02.07-10.21.35:468][354]LogModuleManager: Shutting down and abandoning module PlacementMode (483)
[2018.02.07-10.21.35:468][354]LogModuleManager: Shutting down and abandoning module WmfMediaFactory (480)
[2018.02.07-10.21.35:468][354]LogModuleManager: Shutting down and abandoning module WmfMediaEditor (478)
[2018.02.07-10.21.35:469][354]LogModuleManager: Shutting down and abandoning module AvfMediaFactory (476)
[2018.02.07-10.21.35:469][354]LogModuleManager: Shutting down and abandoning module AvfMediaEditor (474)
[2018.02.07-10.21.35:469][354]LogModuleManager: Shutting down and abandoning module AndroidMediaFactory (472)
[2018.02.07-10.21.35:469][354]LogModuleManager: Shutting down and abandoning module Media (471)
[2018.02.07-10.21.35:469][354]LogModuleManager: Shutting down and abandoning module AndroidMediaEditor (468)
[2018.02.07-10.21.35:469][354]LogModuleManager: Shutting down and abandoning module CharacterAI (466)
[2018.02.07-10.21.35:469][354]LogModuleManager: Shutting down and abandoning module AudioCapture (464)
[2018.02.07-10.21.35:469][354]LogModuleManager: Shutting down and abandoning module SequenceRecorder (463)
[2018.02.07-10.21.35:469][354]LogModuleManager: Shutting down and abandoning module SmartSnapping (460)
[2018.02.07-10.21.35:469][354]LogModuleManager: Shutting down and abandoning module SessionServices (458)
[2018.02.07-10.21.35:469][354]LogModuleManager: Shutting down and abandoning module ViewportSnapping (456)
[2018.02.07-10.21.35:469][354]LogModuleManager: Shutting down and abandoning module ViewportInteraction (454)
[2018.02.07-10.21.35:469][354]LogModuleManager: Shutting down and abandoning module ClothPainter (452)
[2018.02.07-10.21.35:469][354]LogModuleManager: Shutting down and abandoning module LogVisualizer (450)
[2018.02.07-10.21.35:469][354]LogModuleManager: Shutting down and abandoning module IntroTutorials (448)
[2018.02.07-10.21.35:469][354]LogModuleManager: Shutting down and abandoning module GameProjectGeneration (447)
[2018.02.07-10.21.35:469][354]LogModuleManager: Shutting down and abandoning module EditorLiveStreaming (444)
[2018.02.07-10.21.35:469][354]LogModuleManager: Shutting down and abandoning module IOSPlatformEditor (442)
[2018.02.07-10.21.35:469][354]LogModuleManager: Shutting down and abandoning module HTML5PlatformEditor (440)
[2018.02.07-10.21.35:469][354]LogModuleManager: Shutting down and abandoning module AndroidPlatformEditor (438)
[2018.02.07-10.21.35:469][354]LogModuleManager: Shutting down and abandoning module AndroidDeviceDetection (437)
[2018.02.07-10.21.35:524][354]LogModuleManager: Shutting down and abandoning module IOSRuntimeSettings (434)
[2018.02.07-10.21.35:524][354]LogModuleManager: Shutting down and abandoning module AndroidRuntimeSettings (432)
[2018.02.07-10.21.35:524][354]LogModuleManager: Shutting down and abandoning module InputBindingEditor (430)
[2018.02.07-10.21.35:524][354]LogModuleManager: Shutting down and abandoning module MergeActors (428)
[2018.02.07-10.21.35:524][354]LogModuleManager: Shutting down and abandoning module SizeMap (426)
[2018.02.07-10.21.35:524][354]LogModuleManager: Shutting down and abandoning module TreeMap (424)
[2018.02.07-10.21.35:524][354]LogModuleManager: Shutting down and abandoning module ReferenceViewer (422)
[2018.02.07-10.21.35:524][354]LogModuleManager: Shutting down and abandoning module LocalizationDashboard (420)
[2018.02.07-10.21.35:524][354]LogModuleManager: Shutting down and abandoning module LocalizationService (419)
[2018.02.07-10.21.35:524][354]LogModuleManager: Shutting down and abandoning module HardwareTargeting (416)
[2018.02.07-10.21.35:524][354]LogModuleManager: Shutting down and abandoning module DeviceProfileEditor (414)
[2018.02.07-10.21.35:524][354]LogModuleManager: Shutting down and abandoning module UndoHistory (412)
[2018.02.07-10.21.35:524][354]LogModuleManager: Shutting down and abandoning module UserFeedback (410)
[2018.02.07-10.21.35:524][354]LogModuleManager: Shutting down and abandoning module XmlParser (408)
[2018.02.07-10.21.35:524][354]LogModuleManager: Shutting down and abandoning module Blutility (406)
[2018.02.07-10.21.35:524][354]LogModuleManager: Shutting down and abandoning module ProjectSettingsViewer (404)
[2018.02.07-10.21.35:524][354]LogModuleManager: Shutting down and abandoning module ProjectTargetPlatformEditor (403)
[2018.02.07-10.21.35:525][354]LogModuleManager: Shutting down and abandoning module EditorSettingsViewer (400)
[2018.02.07-10.21.35:525][354]LogModuleManager: Shutting down and abandoning module SettingsEditor (398)
[2018.02.07-10.21.35:525][354]LogModuleManager: Shutting down and abandoning module ProjectLauncher (396)
[2018.02.07-10.21.35:525][354]LogModuleManager: Shutting down and abandoning module SessionFrontend (394)
[2018.02.07-10.21.35:525][354]LogModuleManager: Shutting down and abandoning module ProfilerClient (392)
[2018.02.07-10.21.35:525][354]LogModuleManager: Shutting down and abandoning module DeviceManager (390)
[2018.02.07-10.21.35:525][354]LogModuleManager: Shutting down and abandoning module TargetDeviceServices (389)
[2018.02.07-10.21.35:576][354]LogModuleManager: Shutting down and abandoning module AutomationController (386)
[2018.02.07-10.21.35:576][354]LogModuleManager: Shutting down and abandoning module AutomationWindow (384)
[2018.02.07-10.21.35:576][354]LogModuleManager: Shutting down and abandoning module Layers (382)
[2018.02.07-10.21.35:576][354]LogModuleManager: Shutting down and abandoning module ComponentVisualizers (380)
[2018.02.07-10.21.35:576][354]LogModuleManager: Shutting down and abandoning module DetailCustomizations (378)
[2018.02.07-10.21.35:577][354]LogModuleManager: Shutting down and abandoning module PackagesDialog (376)
[2018.02.07-10.21.35:577][354]LogModuleManager: Shutting down and abandoning module Persona (374)
[2018.02.07-10.21.35:577][354]LogModuleManager: Shutting down and abandoning module AdvancedPreviewScene (373)
[2018.02.07-10.21.35:577][354]LogModuleManager: Shutting down and abandoning module AnimGraph (371)
[2018.02.07-10.21.35:577][354]LogModuleManager: Shutting down and abandoning module Kismet (368)
[2018.02.07-10.21.35:596][354]LogModuleManager: Shutting down and abandoning module ClassViewer (366)
[2018.02.07-10.21.35:597][354]LogModuleManager: Shutting down and abandoning module Toolbox (364)
[2018.02.07-10.21.35:597][354]LogModuleManager: Shutting down and abandoning module ModuleUI (362)
[2018.02.07-10.21.35:597][354]LogModuleManager: Shutting down and abandoning module MovieSceneTools (360)
[2018.02.07-10.21.35:597][354]LogModuleManager: Shutting down and abandoning module OutputLog (358)
[2018.02.07-10.21.35:597][354]LogModuleManager: Shutting down and abandoning module GammaUI (356)
[2018.02.07-10.21.35:597][354]LogModuleManager: Shutting down and abandoning module Documentation (354)
[2018.02.07-10.21.35:597][354]LogModuleManager: Shutting down and abandoning module MovieSceneTracks (352)
[2018.02.07-10.21.35:597][354]LogModuleManager: Shutting down and abandoning module MovieScene (350)
[2018.02.07-10.21.35:597][354]LogModuleManager: Shutting down and abandoning module Niagara (348)
[2018.02.07-10.21.35:597][354]LogModuleManager: Shutting down and abandoning module NiagaraEditor (347)
[2018.02.07-10.21.35:597][354]LogModuleManager: Shutting down and abandoning module StreamingPauseRendering (344)
[2018.02.07-10.21.35:597][354]LogModuleManager: Shutting down and abandoning module AnalyticsET (342)
[2018.02.07-10.21.35:597][354]LogModuleManager: Shutting down and abandoning module PortalServices (340)
[2018.02.07-10.21.35:598][354]LogModuleManager: Shutting down and abandoning module PortalRpc (338)
[2018.02.07-10.21.35:598][354]LogModuleManager: Shutting down and abandoning module MessagingRpc (336)
[2018.02.07-10.21.35:598][354]LogModuleManager: Shutting down and abandoning module AIModule (334)
[2018.02.07-10.21.35:598][354]LogModuleManager: Shutting down and abandoning module GameplayDebugger (333)
[2018.02.07-10.21.35:598][354]LogModuleManager: Shutting down and abandoning module AITestSuite (331)
[2018.02.07-10.21.35:598][354]LogModuleManager: Shutting down and abandoning module ProfilerService (328)
[2018.02.07-10.21.35:668][354]LogModuleManager: Shutting down and abandoning module TaskGraph (326)
[2018.02.07-10.21.35:668][354]LogModuleManager: Shutting down and abandoning module SteamVRController (324)
[2018.02.07-10.21.35:668][354]LogModuleManager: Shutting down and abandoning module SteamVR (322)
[2018.02.07-10.21.35:668][354]LogModuleManager: Shutting down and abandoning module ProceduralMeshComponentEditor (320)
[2018.02.07-10.21.35:668][354]LogModuleManager: Shutting down and abandoning module ProceduralMeshComponent (318)
[2018.02.07-10.21.35:668][354]LogModuleManager: Shutting down and abandoning module OculusLibrary (316)
[2018.02.07-10.21.35:668][354]LogModuleManager: Shutting down and abandoning module OculusInput (314)
[2018.02.07-10.21.35:668][354]LogModuleManager: Shutting down and abandoning module MobilePatchingUtils (312)
[2018.02.07-10.21.35:668][354]LogModuleManager: Shutting down and abandoning module CustomMeshComponent (310)
[2018.02.07-10.21.35:668][354]LogModuleManager: Shutting down and abandoning module CableComponent (308)
[2018.02.07-10.21.35:668][354]LogModuleManager: Shutting down and abandoning module ArchVisCharacter (306)
[2018.02.07-10.21.35:668][354]LogModuleManager: Shutting down and abandoning module AndroidPermission (304)
[2018.02.07-10.21.35:668][354]LogModuleManager: Shutting down and abandoning module MediaPlayerEditor (300)
[2018.02.07-10.21.35:668][354]LogModuleManager: Shutting down and abandoning module HTML5Networking (298)
[2018.02.07-10.21.35:668][354]LogModuleManager: Shutting down and abandoning module AlembicImporter (296)
[2018.02.07-10.21.35:669][354]LogModuleManager: Shutting down and abandoning module AlembicLibrary (295)
[2018.02.07-10.21.35:669][354]LogModuleManager: Shutting down and abandoning module GeometryCache (294)
[2018.02.07-10.21.35:669][354]LogModuleManager: Shutting down and abandoning module GeometryCacheEd (293)
[2018.02.07-10.21.35:669][354]LogModuleManager: Shutting down and abandoning module SuperSearchEditor (288)
[2018.02.07-10.21.35:669][354]LogModuleManager: Shutting down and abandoning module SuperSearch (287)
[2018.02.07-10.21.35:669][354]LogModuleManager: Shutting down and abandoning module SpeedTreeImporter (284)
[2018.02.07-10.21.35:669][354]LogModuleManager: Shutting down and abandoning module PluginBrowser (282)
[2018.02.07-10.21.35:669][354]LogModuleManager: Shutting down and abandoning module MobileLauncherProfileWizard (280)
[2018.02.07-10.21.35:669][354]LogModuleManager: Shutting down and abandoning module VisualStudioSourceCodeAccess (278)
[2018.02.07-10.21.35:669][354]LogModuleManager: Shutting down and abandoning module DesktopPlatform (277)
[2018.02.07-10.21.35:669][354]LogModuleManager: Shutting down and abandoning module UObjectPlugin (274)
[2018.02.07-10.21.35:669][354]LogModuleManager: Shutting down and abandoning module SubversionSourceControl (272)
[2018.02.07-10.21.35:669][354]LogModuleManager: Shutting down and abandoning module PerforceSourceControl (270)
[2018.02.07-10.21.35:669][354]LogModuleManager: Shutting down and abandoning module GitSourceControl (268)
[2018.02.07-10.21.35:669][354]LogModuleManager: Shutting down and abandoning module SourceControl (267)
[2018.02.07-10.21.35:669][354]LogModuleManager: Shutting down and abandoning module LightPropagationVolumeEditor (264)
[2018.02.07-10.21.35:669][354]LogModuleManager: Shutting down and abandoning module PaperTiledImporter (262)
[2018.02.07-10.21.35:669][354]LogModuleManager: Shutting down and abandoning module PaperSpriteSheetImporter (260)
[2018.02.07-10.21.35:669][354]LogModuleManager: Shutting down and abandoning module Paper2DEditor (258)
[2018.02.07-10.21.35:670][354]LogModuleManager: Shutting down and abandoning module MeshPaint (257)
[2018.02.07-10.21.35:670][354]LogModuleManager: Shutting down and abandoning module LevelEditor (255)
[2018.02.07-10.21.35:673][354]LogModuleManager: Shutting down and abandoning module PixelInspectorModule (254)
[2018.02.07-10.21.35:673][354]LogModuleManager: Shutting down and abandoning module MainFrame (252)
[2018.02.07-10.21.35:674][354]LogModuleManager: Shutting down and abandoning module HotReload (251)
[2018.02.07-10.21.35:675][354]LogModuleManager: Shutting down and abandoning module PhysXVehiclesEditor (246)
[2018.02.07-10.21.35:675][354]LogModuleManager: Shutting down and abandoning module PhysXVehicles (244)
[2018.02.07-10.21.35:675][354]LogModuleManager: Shutting down and abandoning module LocationServicesBPLibrary (242)
[2018.02.07-10.21.35:675][354]LogModuleManager: Shutting down and abandoning module ImmediatePhysicsEditor (240)
[2018.02.07-10.21.35:675][354]LogModuleManager: Shutting down and abandoning module ImmediatePhysics (238)
[2018.02.07-10.21.35:675][354]LogModuleManager: Shutting down and abandoning module UdpMessaging (236)
[2018.02.07-10.21.35:776][354]LogModuleManager: Shutting down and abandoning module TcpMessaging (234)
[2018.02.07-10.21.35:876][354]LogModuleManager: Shutting down and abandoning module GameplayTagsEditor (232)
[2018.02.07-10.21.35:876][354]LogModuleManager: Shutting down and abandoning module FacialAnimationEditor (230)
[2018.02.07-10.21.35:876][354]LogModuleManager: Shutting down and abandoning module FacialAnimation (228)
[2018.02.07-10.21.35:876][354]LogModuleManager: Shutting down and abandoning module AssetManagerEditor (226)
[2018.02.07-10.21.35:876][354]LogModuleManager: Shutting down and abandoning module GraphEditor (225)
[2018.02.07-10.21.35:876][354]LogModuleManager: Shutting down and abandoning module ContentBrowser (223)
[2018.02.07-10.21.35:884][354]LogModuleManager: Shutting down and abandoning module LightPropagationVolumeRuntime (220)
[2018.02.07-10.21.35:884][354]LogModuleManager: Shutting down and abandoning module Paper2D (218)
[2018.02.07-10.21.35:884][354]LogModuleManager: Shutting down and abandoning module WindowsMoviePlayer (216)
[2018.02.07-10.21.35:884][354]LogModuleManager: Shutting down and abandoning module WmfMedia (214)
[2018.02.07-10.21.35:884][354]LogModuleManager: Shutting down and abandoning module ClothingSystemEditor (212)
[2018.02.07-10.21.35:884][354]LogModuleManager: Shutting down and abandoning module ClothingSystemRuntime (210)
[2018.02.07-10.21.35:884][354]LogModuleManager: Shutting down and abandoning module MediaAssets (208)
[2018.02.07-10.21.35:884][354]LogModuleManager: Shutting down and abandoning module GameLiveStreaming (206)
[2018.02.07-10.21.35:885][354]LogModuleManager: Shutting down and abandoning module VREditor (204)
[2018.02.07-10.21.35:885][354]LogModuleManager: Shutting down and abandoning module StringTableEditor (202)
[2018.02.07-10.21.35:885][354]LogModuleManager: Shutting down and abandoning module GameplayTasksEditor (200)
[2018.02.07-10.21.35:885][354]LogModuleManager: Shutting down and abandoning module BehaviorTreeEditor (198)
[2018.02.07-10.21.35:885][354]LogModuleManager: Shutting down and abandoning module FunctionalTesting (196)
[2018.02.07-10.21.35:885][354]LogModuleManager: Shutting down and abandoning module CollisionAnalyzer (194)
[2018.02.07-10.21.35:885][354]LogModuleManager: Shutting down and abandoning module UMG (192)
[2018.02.07-10.21.35:885][354]LogModuleManager: Shutting down and abandoning module UMGEditor (191)
[2018.02.07-10.21.35:885][354]LogModuleManager: Shutting down and abandoning module Sequencer (190)
[2018.02.07-10.21.35:885][354]LogModuleManager: Shutting down and abandoning module AssetTools (188)
[2018.02.07-10.21.35:885][354]LogModuleManager: Shutting down and abandoning module MessageLog (187)
[2018.02.07-10.21.35:885][354]LogModuleManager: Shutting down and abandoning module WorkspaceMenuStructure (186)
[2018.02.07-10.21.35:886][354]LogModuleManager: Shutting down and abandoning module SlateReflector (180)
[2018.02.07-10.21.35:886][354]LogModuleManager: Shutting down and abandoning module Slate (178)
[2018.02.07-10.21.35:886][354]LogModuleManager: Shutting down and abandoning module EditorStyle (176)
[2018.02.07-10.21.35:891][354]LogModuleManager: Shutting down and abandoning module SourceCodeAccess (174)
[2018.02.07-10.21.35:891][354]LogModuleManager: Shutting down and abandoning module HeadMountedDisplay (172)
[2018.02.07-10.21.35:891][354]LogModuleManager: Shutting down and abandoning module XAudio2 (170)
[2018.02.07-10.21.35:891][354]LogModuleManager: Shutting down and abandoning module Networking (168)
[2018.02.07-10.21.35:891][354]LogModuleManager: Shutting down and abandoning module Core (164)
[2018.02.07-10.21.35:891][354]LogModuleManager: Shutting down and abandoning module AssetRegistry (162)
[2018.02.07-10.21.36:109][354]LogDirectoryWatcher: A directory notification for '../../../Engine/Content/' was aborted.
[2018.02.07-10.21.36:109][354]LogDirectoryWatcher: A directory notification for 'E:/FMP/RPG_Game/RPG_Game/Content/' was aborted.
[2018.02.07-10.21.36:109][354]LogDirectoryWatcher: A directory notification for '../../../Engine/Plugins/2D/Paper2D/Content/' was aborted.
[2018.02.07-10.21.36:109][354]LogDirectoryWatcher: A directory notification for '../../../Engine/Plugins/Runtime/GearVR/Content/' was aborted.
[2018.02.07-10.21.36:113][354]LogModuleManager: Shutting down and abandoning module DirectoryWatcher (161)
[2018.02.07-10.21.36:117][354]LogModuleManager: Shutting down and abandoning module KismetCompiler (158)
[2018.02.07-10.21.36:117][354]LogModuleManager: Shutting down and abandoning module LevelSequence (156)
[2018.02.07-10.21.36:117][354]LogModuleManager: Shutting down and abandoning module PhysXFormats (154)
[2018.02.07-10.21.36:117][354]LogModuleManager: Shutting down and abandoning module MeshUtilities (152)
[2018.02.07-10.21.36:117][354]LogModuleManager: Shutting down and abandoning module SimplygonSwarm (151)
[2018.02.07-10.21.36:117][354]LogModuleManager: Shutting down and abandoning module SimplygonMeshReduction (149)
[2018.02.07-10.21.36:117][354]LogModuleManager: Shutting down and abandoning module QuadricMeshReduction (147)
[2018.02.07-10.21.36:117][354]LogModuleManager: Shutting down and abandoning module DerivedDataCache (144)
[2018.02.07-10.21.36:191][354]LogDerivedDataCache: Shutdown
[2018.02.07-10.21.36:191][354]LogModuleManager: Shutting down and abandoning module TargetPlatform (142)
[2018.02.07-10.21.36:191][354]LogModuleManager: Shutting down and abandoning module VulkanShaderFormat (141)
[2018.02.07-10.21.36:191][354]LogModuleManager: Shutting down and abandoning module ShaderFormatVectorVM (139)
[2018.02.07-10.21.36:191][354]LogModuleManager: Shutting down and abandoning module ShaderFormatOpenGL (137)
[2018.02.07-10.21.36:191][354]LogModuleManager: Shutting down and abandoning module ShaderFormatD3D (135)
[2018.02.07-10.21.36:191][354]LogModuleManager: Shutting down and abandoning module MetalShaderFormat (133)
[2018.02.07-10.21.36:191][354]LogModuleManager: Shutting down and abandoning module TextureFormatUncompressed (131)
[2018.02.07-10.21.36:191][354]LogModuleManager: Shutting down and abandoning module TextureFormatPVR (129)
[2018.02.07-10.21.36:191][354]LogModuleManager: Shutting down and abandoning module TextureFormatDXT (127)
[2018.02.07-10.21.36:191][354]LogModuleManager: Shutting down and abandoning module TextureFormatIntelISPCTexComp (125)
[2018.02.07-10.21.36:192][354]LogModuleManager: Shutting down and abandoning module TextureFormatASTC (123)
[2018.02.07-10.21.36:192][354]LogModuleManager: Shutting down and abandoning module ImageWrapper (122)
[2018.02.07-10.21.36:192][354]LogModuleManager: Shutting down and abandoning module TextureFormatAndroid (119)
[2018.02.07-10.21.36:192][354]LogModuleManager: Shutting down and abandoning module AudioFormatOpus (117)
[2018.02.07-10.21.36:192][354]LogModuleManager: Shutting down and abandoning module AudioFormatOgg (115)
[2018.02.07-10.21.36:192][354]LogModuleManager: Shutting down and abandoning module AudioFormatADPCM (113)
[2018.02.07-10.21.36:192][354]LogModuleManager: Shutting down and abandoning module LinuxTargetPlatform (111)
[2018.02.07-10.21.36:192][354]LogModuleManager: Shutting down and abandoning module LinuxServerTargetPlatform (109)
[2018.02.07-10.21.36:192][354]LogModuleManager: Shutting down and abandoning module LinuxNoEditorTargetPlatform (107)
[2018.02.07-10.21.36:192][354]LogModuleManager: Shutting down and abandoning module LinuxClientTargetPlatform (105)
[2018.02.07-10.21.36:192][354]LogModuleManager: Shutting down and abandoning module TVOSTargetPlatform (103)
[2018.02.07-10.21.36:192][354]LogModuleManager: Shutting down and abandoning module Messaging (101)
[2018.02.07-10.21.36:192][354]LogModuleManager: Shutting down and abandoning module IOSTargetPlatform (99)
[2018.02.07-10.21.36:192][354]LogModuleManager: Shutting down and abandoning module HTML5TargetPlatform (97)
[2018.02.07-10.21.36:192][354]LogModuleManager: Shutting down and abandoning module Android_PVRTCTargetPlatform (95)
[2018.02.07-10.21.36:192][354]LogModuleManager: Shutting down and abandoning module Android_MultiTargetPlatform (93)
[2018.02.07-10.21.36:192][354]LogModuleManager: Shutting down and abandoning module Android_ETC2TargetPlatform (91)
[2018.02.07-10.21.36:192][354]LogModuleManager: Shutting down and abandoning module Android_ETC1TargetPlatform (89)
[2018.02.07-10.21.36:192][354]LogModuleManager: Shutting down and abandoning module Android_DXTTargetPlatform (87)
[2018.02.07-10.21.36:192][354]LogModuleManager: Shutting down and abandoning module Android_ATCTargetPlatform (85)
[2018.02.07-10.21.36:192][354]LogModuleManager: Shutting down and abandoning module Android_ASTCTargetPlatform (83)
[2018.02.07-10.21.36:192][354]LogModuleManager: Shutting down and abandoning module AndroidTargetPlatform (81)
[2018.02.07-10.21.36:192][354]LogModuleManager: Shutting down and abandoning module WindowsTargetPlatform (79)
[2018.02.07-10.21.36:192][354]LogModuleManager: Shutting down and abandoning module WindowsServerTargetPlatform (77)
[2018.02.07-10.21.36:192][354]LogModuleManager: Shutting down and abandoning module WindowsNoEditorTargetPlatform (75)
[2018.02.07-10.21.36:192][354]LogModuleManager: Shutting down and abandoning module WindowsClientTargetPlatform (73)
[2018.02.07-10.21.36:192][354]LogModuleManager: Shutting down and abandoning module MacTargetPlatform (71)
[2018.02.07-10.21.36:192][354]LogModuleManager: Shutting down and abandoning module MacServerTargetPlatform (69)
[2018.02.07-10.21.36:192][354]LogModuleManager: Shutting down and abandoning module MacNoEditorTargetPlatform (67)
[2018.02.07-10.21.36:192][354]LogModuleManager: Shutting down and abandoning module MacClientTargetPlatform (65)
[2018.02.07-10.21.36:192][354]LogModuleManager: Shutting down and abandoning module AllDesktopTargetPlatform (63)
[2018.02.07-10.21.36:192][354]LogModuleManager: Shutting down and abandoning module InputCore (60)
[2018.02.07-10.21.36:192][354]LogModuleManager: Shutting down and abandoning module Settings (58)
[2018.02.07-10.21.36:192][354]LogModuleManager: Shutting down and abandoning module OculusRift (56)
[2018.02.07-10.21.36:192][354]LogModuleManager: Shutting down and abandoning module GearVRController (54)
[2018.02.07-10.21.36:192][354]LogModuleManager: Shutting down and abandoning module GearVR (52)
[2018.02.07-10.21.36:192][354]LogModuleManager: Shutting down and abandoning module ExampleDeviceProfileSelector (50)
[2018.02.07-10.21.36:192][354]LogModuleManager: Shutting down and abandoning module OnlineBlueprintSupport (48)
[2018.02.07-10.21.36:192][354]LogModuleManager: Shutting down and abandoning module OnlineSubsystem (44)
[2018.02.07-10.21.36:192][354]LogOnline:Display: Unloading online subsystem: NULL
[2018.02.07-10.21.36:192][354]LogModuleManager: Shutting down and abandoning module XMPP (43)
[2018.02.07-10.21.36:193][354]LogModuleManager: Shutting down and abandoning module HTTP (41)
[2018.02.07-10.21.36:193][354]LogHttp:Display: Http module shutting down, but needs to wait on 1 outstanding Http requests:
[2018.02.07-10.21.36:193][354]LogHttp:Display: 	verb=[POST] url=[https://datarouter.ol.epicgames.com/datarouter/api/v1/public/data?SessionID=%7B678FF646-4C42-8A82-922F-8CAE9D2A165C%7D&AppID=UEEditor.Rocket.Release&AppVersion=4.16.3-3561208%2B%2B%2BUE4%2BRelease-4.16&UserID=f7adcfee480587e46a6f9faa7d3cf87a%7C%7C684f7a61-3f32-4974-bdfd-294787f44350&AppEnvironment=datacollector-binary&UploadType=eteventstream] status=Processing
[2018.02.07-10.21.36:200][354]LogModuleManager: Shutting down and abandoning module SSL (40)
[2018.02.07-10.21.36:202][354]LogModuleManager: Shutting down and abandoning module HTTPChunkInstaller (36)
[2018.02.07-10.21.36:202][354]LogModuleManager: Shutting down and abandoning module AnimationModifiers (34)
[2018.02.07-10.21.36:202][354]LogModuleManager: Shutting down and abandoning module PropertyEditor (33)
[2018.02.07-10.21.36:202][354]LogModuleManager: Shutting down and abandoning module AudioEditor (30)
[2018.02.07-10.21.36:202][354]LogModuleManager: Shutting down and abandoning module TextureCompressor (28)
[2018.02.07-10.21.36:202][354]LogModuleManager: Shutting down and abandoning module ShaderCore (26)
[2018.02.07-10.21.36:202][354]LogModuleManager: Shutting down and abandoning module Landscape (24)
[2018.02.07-10.21.36:202][354]LogModuleManager: Shutting down and abandoning module SlateRHIRenderer (22)
[2018.02.07-10.21.36:205][354]LogModuleManager: Shutting down and abandoning module OpenGLDrv (20)
[2018.02.07-10.21.36:205][354]LogModuleManager: Shutting down and abandoning module D3D11RHI (18)
[2018.02.07-10.21.36:205][354]LogModuleManager: Shutting down and abandoning module AnimGraphRuntime (16)
[2018.02.07-10.21.36:205][354]LogModuleManager: Shutting down and abandoning module Renderer (14)
[2018.02.07-10.21.36:205][354]LogModuleManager: Shutting down and abandoning module Engine (12)
[2018.02.07-10.21.36:205][354]LogModuleManager: Shutting down and abandoning module CoreUObject (10)
[2018.02.07-10.21.36:205][354]LogModuleManager: Shutting down and abandoning module NetworkFile (8)
[2018.02.07-10.21.36:205][354]LogModuleManager: Shutting down and abandoning module StreamingFile (6)
[2018.02.07-10.21.36:205][354]LogModuleManager: Shutting down and abandoning module SandboxFile (4)
[2018.02.07-10.21.36:205][354]LogModuleManager: Shutting down and abandoning module PakFile (2)
[2018.02.07-10.21.36:206][354]LogExit: Exiting.
[2018.02.07-10.21.36:223][354]Log file closed, 02/07/18 10:21:36
