Log file open, 04/03/18 00:23:16
LogInit:Display: Running engine for game: RPG_Game
LogPlatformFile: Not using cached read wrapper
LogInit:Display: RandInit(-8168329) SRandInit(-8168329).
LogTaskGraph: Started task graph with 5 named threads and 8 total threads with 1 sets of task threads.
LogStats: Stats thread started at 7.413614
LogConfig:Warning: Failed to saved backup for config[OculusInput]
LogInit: Using libcurl 7.47.1
LogInit:  - built for x86_64-pc-win32
LogInit:  - supports SSL with OpenSSL/1.0.2g
LogInit:  - supports HTTP deflate (compression) using libz 1.2.8
LogInit:  - other features:
LogInit:      CURL_VERSION_SSL
LogInit:      CURL_VERSION_LIBZ
LogInit:      CURL_VERSION_IPV6
LogInit:      CURL_VERSION_ASYNCHDNS
LogInit:      CURL_VERSION_LARGEFILE
LogInit:      CURL_VERSION_IDN
LogInit:  CurlRequestOptions (configurable via config and command line):
LogInit:  - bVerifyPeer = false  - Libcurl will NOT verify peer certificate
LogInit:  - bUseHttpProxy = false  - Libcurl will NOT use HTTP proxy
LogInit:  - bDontReuseConnections = false  - Libcurl will reuse connections
LogInit:  - CertBundlePath = nullptr  - Libcurl will use whatever was configured at build time.
LogInit: Build: ++UE4+Release-4.16-CL-3561208
LogInit: Engine Version: 4.16.3-3561208+++UE4+Release-4.16
LogInit: Compatible Engine Version: 4.16.0-3452394+++UE4+Release-4.16
LogInit: Net CL: 3452394
LogDevObjectVersion: Number of dev versions registered: 16
LogDevObjectVersion:   Dev-Blueprints (B0D832E4-1F89-4F0D-ACCF-7EB736FD4AA2): 9
LogDevObjectVersion:   Dev-Build (E1C64328-A22C-4D53-A36C-8E866417BD8C): 0
LogDevObjectVersion:   Dev-Core (375EC13C-06E4-48FB-B500-84F0262A717E): 2
LogDevObjectVersion:   Dev-Editor (E4B068ED-F494-42E9-A231-DA0B2E46BB41): 17
LogDevObjectVersion:   Dev-Framework (CFFC743F-43B0-4480-9391-14DF171D2073): 23
LogDevObjectVersion:   Dev-Mobile (B02B49B5-BB20-44E9-A304-32B752E40360): 0
LogDevObjectVersion:   Dev-Networking (A4E4105C-59A1-49B5-A7C5-40C4547EDFEE): 0
LogDevObjectVersion:   Dev-Online (39C831C9-5AE6-47DC-9A44-9C173E1C8E7C): 0
LogDevObjectVersion:   Dev-Physics (78F01B33-EBEA-4F98-B9B4-84EACCB95AA2): 0
LogDevObjectVersion:   Dev-Platform (6631380F-2D4D-43E0-8009-CF276956A95A): 0
LogDevObjectVersion:   Dev-Rendering (12F88B9F-8875-4AFC-A67C-D90C383ABD29): 15
LogDevObjectVersion:   Dev-Sequencer (7B5AE74C-D270-4C10-A958-57980B212A5A): 4
LogDevObjectVersion:   Dev-VR (D7296918-1DD6-4BDD-9DE2-64A83CC13884): 0
LogDevObjectVersion:   Dev-LoadTimes (C2A15278-BFE7-4AFE-6C17-90FF531DF755): 1
LogDevObjectVersion:   Private-Geometry (6EACA3D4-40EC-4CC1-B786-8BED09428FC5): 1
LogDevObjectVersion:   Dev-AnimPhys (29E575DD-E0A3-4627-9D10-D276232CDCEA): 3
LogInit: Compiled (64-bit): Jul 28 2017 11:49:47
LogInit: Compiled with Visual C++: 19.00.24215.01
LogInit: Build Configuration: Development
LogInit: Branch Name: ++UE4+Release-4.16
LogInit: Command line:  
LogInit: Base directory: D:/Program Files/UE_4.16/Engine/Binaries/Win64/
LogInit: Installed Engine Build: 1
LogFileManager:Warning: Error deleting file: ../../../../../Users/JoshR/Documents/GitHub/FMP_RPG_Game_Charm/Saved/Logs/RPG_Game-backup-2018.03.21-15.12.30.log (Error Code 5)
LogInit: Presizing for max 8388607 objects, including 0 objects not considered by GC, pre-allocating 0 bytes for permanent pool.
LogInit: Object subsystem initialized
[2018.04.02-23.23.23:647][  0]LogInit: Selected Device Profile: [Windows]
[2018.04.02-23.23.23:647][  0]LogInit: Applying CVar settings loaded from the selected device profile: [Windows]
[2018.04.02-23.23.23:851][  0]LogInit: Computer: DESKTOP-46CB9MQ
[2018.04.02-23.23.23:851][  0]LogInit: User: JoshR
[2018.04.02-23.23.23:851][  0]LogInit: CPU Page size=4096, Cores=4
[2018.04.02-23.23.23:851][  0]LogInit: High frequency timer resolution =3.421875 MHz
[2018.04.02-23.23.23:855][  0]LogMemory: Memory total: Physical=16.0GB (16GB approx)
[2018.04.02-23.23.23:855][  0]LogMemory: Platform Memory Stats for Windows
[2018.04.02-23.23.23:855][  0]LogMemory: Process Physical Memory: 273.18 MB used, 273.18 MB peak
[2018.04.02-23.23.23:855][  0]LogMemory: Process Virtual Memory: 270.70 MB used, 270.70 MB peak
[2018.04.02-23.23.23:855][  0]LogMemory: Physical Memory: 5960.38 MB used,  10383.63 MB free, 16344.00 MB total
[2018.04.02-23.23.23:855][  0]LogMemory: Virtual Memory: 666.43 MB used,  10383.63 MB free, 134217728.00 MB total
[2018.04.02-23.23.26:877][  0]LogInit: Using OS detected language (en-GB).
[2018.04.02-23.23.26:877][  0]LogInit: Using OS detected locale (en-GB).
[2018.04.02-23.23.27:156][  0]LogTextLocalizationManager: No specific localization for 'en-GB' exists, so the 'en' localization will be used.
[2018.04.02-23.23.35:047][  0]LogD3D11RHI: D3D11 adapters:
[2018.04.02-23.23.35:101][  0]LogD3D11RHI:    0. 'NVIDIA GeForce GTX 970' (Feature Level 11_0)
[2018.04.02-23.23.35:101][  0]LogD3D11RHI:       4043/0/8172 MB DedicatedVideo/DedicatedSystem/SharedSystem, Outputs:1, VendorId:0x10de
[2018.04.02-23.23.35:103][  0]LogD3D11RHI:    1. 'Microsoft Basic Render Driver' (Feature Level 11_0)
[2018.04.02-23.23.35:103][  0]LogD3D11RHI:       0/0/8172 MB DedicatedVideo/DedicatedSystem/SharedSystem, Outputs:0, VendorId:0x1414
[2018.04.02-23.23.35:103][  0]LogD3D11RHI: Chosen D3D11 Adapter: 0
[2018.04.02-23.23.35:111][  0]LogD3D11RHI: Creating new Direct3DDevice
[2018.04.02-23.23.35:112][  0]LogD3D11RHI:     GPU DeviceId: 0x13c2 (for the marketing name, search the web for "GPU Device Id")
[2018.04.02-23.23.35:112][  0]LogWindows: EnumDisplayDevices:
[2018.04.02-23.23.35:112][  0]LogWindows:    0. 'NVIDIA GeForce GTX 970' (P:1 D:1)
[2018.04.02-23.23.35:112][  0]LogWindows:    1. 'NVIDIA GeForce GTX 970' (P:0 D:0)
[2018.04.02-23.23.35:112][  0]LogWindows:    2. 'NVIDIA GeForce GTX 970' (P:0 D:0)
[2018.04.02-23.23.35:112][  0]LogWindows:    3. 'NVIDIA GeForce GTX 970' (P:0 D:0)
[2018.04.02-23.23.35:113][  0]LogWindows: DebugString: GetVideoDriverDetailsInvalid PrimaryIsNotTheChoosenAdapter GetVideoDriverDetailsInvalid PrimaryIsNotTheChoosenAdapter GetVideoDriverDetailsInvalid PrimaryIsNotTheChoosenAdapter GetVideoDriverDetailsInvalid PrimaryIsNotTheChoosenAdapter FoundDriverCount:0 
[2018.04.02-23.23.35:113][  0]LogD3D11RHI:     Adapter Name: NVIDIA GeForce GTX 970
[2018.04.02-23.23.35:113][  0]LogD3D11RHI:   Driver Version: Unknown (internal:Unknown, unified:Unknown)
[2018.04.02-23.23.35:113][  0]LogD3D11RHI:      Driver Date: Unknown
[2018.04.02-23.23.35:113][  0]LogRHI: Texture pool is 1361 MB (70% of 1945 MB)
[2018.04.02-23.23.35:179][  0]LogD3D11RHI: Async texture creation enabled
[2018.04.02-23.23.35:846][  0]LogD3D11RHI: GPU Timing Frequency: 1000.000000 (Debug: 2 2)
[2018.04.02-23.23.36:081][  0]LogShaderCompilers: Guid format shader working directory is -16 characters bigger than the processId version (../../../../../Users/JoshR/Documents/GitHub/FMP_RPG_Game_Charm/Intermediate/Shaders/WorkingDirectory/8772/).
[2018.04.02-23.23.36:081][  0]LogShaderCompilers: Cleaned the shader compiler working directory 'C:/Users/JoshR/AppData/Local/Temp/UnrealShaderWorkingDir/79B1BA0D4682123441A6D297B9CE7006/'.
[2018.04.02-23.23.36:119][  0]LogShaderCompilers:Display: Using Local Shader Compiler.
[2018.04.02-23.23.42:891][  0]LogTemp:Display: Loaded TP AllDesktopTargetPlatform
[2018.04.02-23.23.43:066][  0]LogTemp:Display: Loaded TP MacClientTargetPlatform
[2018.04.02-23.23.43:252][  0]LogTemp:Display: Loaded TP MacNoEditorTargetPlatform
[2018.04.02-23.23.43:429][  0]LogTemp:Display: Loaded TP MacServerTargetPlatform
[2018.04.02-23.23.43:606][  0]LogTemp:Display: Loaded TP MacTargetPlatform
[2018.04.02-23.23.43:792][  0]LogTemp:Display: Loaded TP WindowsClientTargetPlatform
[2018.04.02-23.23.43:968][  0]LogTemp:Display: Loaded TP WindowsNoEditorTargetPlatform
[2018.04.02-23.23.44:178][  0]LogTemp:Display: Loaded TP WindowsServerTargetPlatform
[2018.04.02-23.23.44:355][  0]LogTemp:Display: Loaded TP WindowsTargetPlatform
[2018.04.02-23.23.44:577][  0]LogTemp:Display: Loaded TP AndroidTargetPlatform
[2018.04.02-23.23.44:766][  0]LogTemp:Display: Loaded TP Android_ASTCTargetPlatform
[2018.04.02-23.23.44:956][  0]LogTemp:Display: Loaded TP Android_ATCTargetPlatform
[2018.04.02-23.23.45:146][  0]LogTemp:Display: Loaded TP Android_DXTTargetPlatform
[2018.04.02-23.23.45:404][  0]LogTemp:Display: Loaded TP Android_ETC1TargetPlatform
[2018.04.02-23.23.45:575][  0]LogTemp:Display: Loaded TP Android_ETC2TargetPlatform
[2018.04.02-23.23.45:987][  0]LogTemp:Display: Loaded TP Android_MultiTargetPlatform
[2018.04.02-23.23.45:987][  0]LogTemp:Display: Loaded TP Android_PVRTCTargetPlatform
[2018.04.02-23.23.46:148][  0]LogTemp:Display: Loaded TP HTML5TargetPlatform
[2018.04.02-23.23.46:800][  0]LogTemp:Display: Loaded TP IOSTargetPlatform
[2018.04.02-23.23.46:892][  0]LogTemp:Display: Loaded TP TVOSTargetPlatform
[2018.04.02-23.23.47:093][  0]LogTemp:Display: Loaded TP LinuxClientTargetPlatform
[2018.04.02-23.23.47:269][  0]LogTemp:Display: Loaded TP LinuxNoEditorTargetPlatform
[2018.04.02-23.23.47:446][  0]LogTemp:Display: Loaded TP LinuxServerTargetPlatform
[2018.04.02-23.23.47:765][  0]LogTemp:Display: Loaded TP LinuxTargetPlatform
[2018.04.02-23.23.47:801][  0]LogTargetPlatformManager:Display: Building Assets For Windows
[2018.04.02-23.23.53:423][  0]LogDerivedDataCache:Display: Max Cache Size: 512 MB
[2018.04.02-23.23.53:770][  0]LogDerivedDataCache: Loaded boot cache 0.35s 90MB C:/Users/JoshR/AppData/Local/UnrealEngine/4.16/DerivedDataCache/Boot.ddc.
[2018.04.02-23.23.53:770][  0]LogDerivedDataCache:Display: Loaded Boot cache: C:/Users/JoshR/AppData/Local/UnrealEngine/4.16/DerivedDataCache/Boot.ddc
[2018.04.02-23.23.53:771][  0]LogDerivedDataCache: FDerivedDataBackendGraph:  Pak pak cache file ../../../../../Users/JoshR/Documents/GitHub/FMP_RPG_Game_Charm/DerivedDataCache/DDC.ddp not found, will not use a pak cache.
[2018.04.02-23.23.53:771][  0]LogDerivedDataCache: Unable to find inner node Pak for hierarchical cache Hierarchy.
[2018.04.02-23.23.53:771][  0]LogDerivedDataCache: FDerivedDataBackendGraph:  CompressedPak pak cache file ../../../../../Users/JoshR/Documents/GitHub/FMP_RPG_Game_Charm/DerivedDataCache/Compressed.ddp not found, will not use a pak cache.
[2018.04.02-23.23.53:771][  0]LogDerivedDataCache: Unable to find inner node CompressedPak for hierarchical cache Hierarchy.
[2018.04.02-23.23.53:946][  0]LogDerivedDataCache:Display: Pak cache opened for reading ../../../Engine/DerivedDataCache/Compressed.ddp.
[2018.04.02-23.23.53:958][  0]LogDerivedDataCache: Using Local data cache path C:/Users/JoshR/AppData/Local/UnrealEngine/Common/DerivedDataCache: Writable
[2018.04.02-23.23.54:250][  0]LogMaterial: Verifying Global Shaders for PCD3D_SM5
[2018.04.02-23.23.54:497][  0]LogSlate: Using Freetype 2.6.0
[2018.04.02-23.23.55:114][  0]LogSlate: SlateFontCache - WITH_FREETYPE: 1, WITH_HARFBUZZ: 1
[2018.04.02-23.23.55:114][  0]LogSlate: SlateFontCache - WITH_FREETYPE: 1, WITH_HARFBUZZ: 1
[2018.04.02-23.24.25:119][  0]LogInit: Selected Device Profile: [Windows]
[2018.04.02-23.24.29:004][  0]LogContentStreaming: Texture pool size is 0.00 MB
[2018.04.02-23.24.31:136][  0]LogMeshUtilities: Using QuadricMeshReduction for automatic static mesh reduction
[2018.04.02-23.24.31:632][  0]LogSimplygon: Simplygon DLL not present - disabling.
[2018.04.02-23.24.32:052][  0]LogMeshUtilities: Using SimplygonSwarm for distributed automatic mesh merging
[2018.04.02-23.24.32:052][  0]LogMeshUtilities: No automatic skeletal mesh reduction module available
[2018.04.02-23.24.32:052][  0]LogMeshUtilities: No automatic mesh merging module available
[2018.04.02-23.24.48:775][  0]LogNetVersion: RPG_Game , NetCL: 3452394, EngineNetVer: 2, GameNetVer: 0 (Checksum: 2586067795)
[2018.04.02-23.24.49:756][  0]LogAssetRegistry: FAssetRegistry took 0.0774 seconds to start up
[2018.04.02-23.24.50:602][  0]LogFileManager:Warning: MoveFile was unable to move '../../../../../Users/JoshR/Documents/GitHub/FMP_RPG_Game_Charm/Intermediate/AssetRegistryCache/866581fd.bin.tmp' to '../../../../../Users/JoshR/Documents/GitHub/FMP_RPG_Game_Charm/Intermediate/AssetRegistryCache/866581fd.bin', retrying in .5s...
[2018.04.02-23.24.51:103][  0]LogFileManager:Warning: MoveFile was unable to move '../../../../../Users/JoshR/Documents/GitHub/FMP_RPG_Game_Charm/Intermediate/AssetRegistryCache/866581fd.bin.tmp' to '../../../../../Users/JoshR/Documents/GitHub/FMP_RPG_Game_Charm/Intermediate/AssetRegistryCache/866581fd.bin', retrying in .5s...
[2018.04.02-23.24.51:603][  0]LogFileManager:Warning: MoveFile was unable to move '../../../../../Users/JoshR/Documents/GitHub/FMP_RPG_Game_Charm/Intermediate/AssetRegistryCache/866581fd.bin.tmp' to '../../../../../Users/JoshR/Documents/GitHub/FMP_RPG_Game_Charm/Intermediate/AssetRegistryCache/866581fd.bin', retrying in .5s...
[2018.04.02-23.24.52:103][  0]LogFileManager:Warning: MoveFile was unable to move '../../../../../Users/JoshR/Documents/GitHub/FMP_RPG_Game_Charm/Intermediate/AssetRegistryCache/866581fd.bin.tmp' to '../../../../../Users/JoshR/Documents/GitHub/FMP_RPG_Game_Charm/Intermediate/AssetRegistryCache/866581fd.bin', retrying in .5s...
[2018.04.02-23.24.52:604][  0]LogFileManager:Warning: MoveFile was unable to move '../../../../../Users/JoshR/Documents/GitHub/FMP_RPG_Game_Charm/Intermediate/AssetRegistryCache/866581fd.bin.tmp' to '../../../../../Users/JoshR/Documents/GitHub/FMP_RPG_Game_Charm/Intermediate/AssetRegistryCache/866581fd.bin', retrying in .5s...
[2018.04.02-23.24.53:104][  0]LogFileManager:Warning: MoveFile was unable to move '../../../../../Users/JoshR/Documents/GitHub/FMP_RPG_Game_Charm/Intermediate/AssetRegistryCache/866581fd.bin.tmp' to '../../../../../Users/JoshR/Documents/GitHub/FMP_RPG_Game_Charm/Intermediate/AssetRegistryCache/866581fd.bin', retrying in .5s...
[2018.04.02-23.24.53:604][  0]LogFileManager:Warning: MoveFile was unable to move '../../../../../Users/JoshR/Documents/GitHub/FMP_RPG_Game_Charm/Intermediate/AssetRegistryCache/866581fd.bin.tmp' to '../../../../../Users/JoshR/Documents/GitHub/FMP_RPG_Game_Charm/Intermediate/AssetRegistryCache/866581fd.bin', retrying in .5s...
[2018.04.02-23.24.54:105][  0]LogFileManager:Warning: MoveFile was unable to move '../../../../../Users/JoshR/Documents/GitHub/FMP_RPG_Game_Charm/Intermediate/AssetRegistryCache/866581fd.bin.tmp' to '../../../../../Users/JoshR/Documents/GitHub/FMP_RPG_Game_Charm/Intermediate/AssetRegistryCache/866581fd.bin', retrying in .5s...
[2018.04.02-23.24.54:605][  0]LogFileManager:Warning: MoveFile was unable to move '../../../../../Users/JoshR/Documents/GitHub/FMP_RPG_Game_Charm/Intermediate/AssetRegistryCache/866581fd.bin.tmp' to '../../../../../Users/JoshR/Documents/GitHub/FMP_RPG_Game_Charm/Intermediate/AssetRegistryCache/866581fd.bin', retrying in .5s...
[2018.04.02-23.24.55:105][  0]LogFileManager:Warning: MoveFile was unable to move '../../../../../Users/JoshR/Documents/GitHub/FMP_RPG_Game_Charm/Intermediate/AssetRegistryCache/866581fd.bin.tmp' to '../../../../../Users/JoshR/Documents/GitHub/FMP_RPG_Game_Charm/Intermediate/AssetRegistryCache/866581fd.bin', retrying in .5s...
[2018.04.02-23.24.55:606][  0]LogFileManager:Error: Error moving file '../../../../../Users/JoshR/Documents/GitHub/FMP_RPG_Game_Charm/Intermediate/AssetRegistryCache/866581fd.bin.tmp' to '../../../../../Users/JoshR/Documents/GitHub/FMP_RPG_Game_Charm/Intermediate/AssetRegistryCache/866581fd.bin'.
[2018.04.02-23.24.55:627][  0]LogPackageLocalizationCache: Processed 4 localized package path(s) for 2 prioritized culture(s) in 5.470552 seconds
[2018.04.02-23.24.55:631][  0]LogUObjectArray: 34194 objects as part of root set at end of initial load.
[2018.04.02-23.24.55:631][  0]LogUObjectAllocator: 7260416 out of 0 bytes used by permanent object pool.
[2018.04.02-23.24.55:631][  0]LogUObjectArray: CloseDisregardForGC: 0/0 objects in disregard for GC pool
[2018.04.02-23.24.55:877][  0]LogInit: WinSock: version 1.1 (2.2), MaxSocks=32767, MaxUdp=65467
[2018.04.02-23.25.35:353][  0]LogSubstanceCoreModule: Substance [CPU] Engine Loaded, Max Texture Size = 2048
[2018.04.02-23.25.35:759][  0]LogTcpMessaging: Initializing TcpMessaging bridge
[2018.04.02-23.25.36:091][  0]LogUdpMessaging: Initializing bridge on interface 0.0.0.0:0 to multicast group 230.0.0.1:6666.
[2018.04.02-23.25.40:300][  0]LogMaterial: Uniform references updated for custom material expression Custom.
[2018.04.02-23.25.41:966][  0]SourceControl: Info Source control is disabled
[2018.04.02-23.25.45:922][  0]LogAndroidPermission: UAndroidPermissionCallbackProxy::GetInstance
[2018.04.02-23.25.48:898][  0]LogEngine: Initializing Engine...
[2018.04.02-23.25.48:951][  0]LogHMD: Failed to initialize OpenVR with code 110
[2018.04.02-23.25.49:297][  0]LogStats: UGameplayTagsManager::ConstructGameplayTagTree: Construct from data asset -  0.000 s
[2018.04.02-23.25.49:297][  0]LogStats: UGameplayTagsManager::ConstructGameplayTagTree: GameplayTagTreeChangedEvent.Broadcast -  0.000 s
[2018.04.02-23.25.50:465][  0]LogAIModule: Creating AISystem for world Untitled
[2018.04.02-23.25.50:753][  0]LogInit: XAudio2 using 'Speakers (Razer Seiren X)' : 2 channels at 48 kHz using 16 bits per sample (channel mask 0x3)
[2018.04.02-23.25.50:769][  0]LogInit: FAudioDevice initialized.
[2018.04.02-23.25.50:826][  0]LogDerivedDataCache: Saved boot cache 0.04s 90MB C:/Users/JoshR/AppData/Local/UnrealEngine/4.16/DerivedDataCache/Boot.ddc.
[2018.04.02-23.25.50:838][  0]LogInit: Texture streaming: Enabled
[2018.04.02-23.25.51:407][  0]LogEngineSessionManager: EngineSessionManager initialized
[2018.04.02-23.25.52:706][  0]LogInit: Transaction tracking system initialized
[2018.04.02-23.25.54:401][  0]BlueprintLog: New page: Editor Load
[2018.04.02-23.26.01:398][  0]LogConfig:Warning: Failed to saved backup for config[LocalizationServiceSettings]
[2018.04.02-23.26.01:398][  0]LocalizationService: Info Localization service is disabled
[2018.04.02-23.26.07:745][  0]LogConsoleResponse:Display: 
[2018.04.02-23.26.10:984][  0]LogFileCache: Scanning file cache for directory 'D:/Users/JoshR/Documents/GitHub/FMP_RPG_Game_Charm/Content/' took 0.05s
[2018.04.02-23.26.10:984][  0]LogCook:Display: Max memory allowance for cook 16384mb min free memory 0mb
[2018.04.02-23.26.10:985][  0]LogCook:Display: Mobile HDR setting 1
[2018.04.02-23.26.19:638][  0]Cmd: MAP LOAD FILE="../../../../../Users/JoshR/Documents/GitHub/FMP_RPG_Game_Charm/Content/Maps/HelloWorld.umap" TEMPLATE=0 SHOWPROGRESS=1 FEATURELEVEL=3
[2018.04.02-23.26.19:688][  0]LightingResults: New page: Lighting Build
[2018.04.02-23.26.21:102][  0]MapCheck: New page: Map Check
[2018.04.02-23.26.21:102][  0]LightingResults: New page: Lighting Build
[2018.04.02-23.26.23:042][  0]LogLinker:Warning: Can't find file '/Game/Materials/alphabox'
[2018.04.02-23.26.23:043][  0]LoadErrors: Info Failed to load /Game/Assets/PowerBlock/AlphaBox.AlphaBox Referenced by AlphaCube_GEN_VARIABLE
[2018.04.02-23.26.23:043][  0]LogLinker:Warning: Can't find file for asset '/Game/Materials/alphabox' while loading ../../../../../Users/JoshR/Documents/GitHub/FMP_RPG_Game_Charm/Content/Assets/PowerBlock/AlphaBox.uasset.
[2018.04.02-23.26.23:043][  0]LoadErrors: Info Failed to load /Game/Assets/PowerBlock/AlphaBox.AlphaBox Referenced by AlphaCube_GEN_VARIABLE
[2018.04.02-23.26.23:043][  0]LoadErrors:Error: Error /Game/Assets/PowerBlock/AlphaBox : Can't find file for asset. /Game/Materials/alphabox
[2018.04.02-23.26.23:043][  0]LogLinker:Warning: Can't find file '/Game/Materials/alphabox'
[2018.04.02-23.26.23:043][  0]LoadErrors: Info Failed to load /Game/Assets/PowerBlock/AlphaBox.AlphaBox Referenced by AlphaCube_GEN_VARIABLE
[2018.04.02-23.26.23:043][  0]LogLinker:Warning: Can't find file for asset '/Game/Materials/alphabox' while loading ../../../../../Users/JoshR/Documents/GitHub/FMP_RPG_Game_Charm/Content/Assets/PowerBlock/AlphaBox.uasset.
[2018.04.02-23.26.23:043][  0]LoadErrors: Info Failed to load /Game/Assets/PowerBlock/AlphaBox.AlphaBox Referenced by AlphaCube_GEN_VARIABLE
[2018.04.02-23.26.23:043][  0]LoadErrors:Error: Error /Game/Assets/PowerBlock/AlphaBox : Can't find file for asset. /Game/Materials/alphabox
[2018.04.02-23.26.25:167][  0]LogLinker:Warning: Can't find file '/Game/Materials/ButtonMaterial'
[2018.04.02-23.26.25:167][  0]LoadErrors: Info Failed to load /Game/Assets/PressurePad/Button_Base.Button_Base Referenced by Button_Base_GEN_VARIABLE
[2018.04.02-23.26.25:167][  0]LogLinker:Warning: Can't find file for asset '/Game/Materials/ButtonMaterial' while loading ../../../../../Users/JoshR/Documents/GitHub/FMP_RPG_Game_Charm/Content/Assets/PressurePad/Button_Base.uasset.
[2018.04.02-23.26.25:167][  0]LoadErrors: Info Failed to load /Game/Assets/PressurePad/Button_Base.Button_Base Referenced by Button_Base_GEN_VARIABLE
[2018.04.02-23.26.25:167][  0]LoadErrors:Error: Error /Game/Assets/PressurePad/Button_Base : Can't find file for asset. /Game/Materials/ButtonMaterial
[2018.04.02-23.26.25:167][  0]LogLinker:Warning: Can't find file '/Game/Materials/ButtonMaterial'
[2018.04.02-23.26.25:167][  0]LoadErrors: Info Failed to load /Game/Assets/PressurePad/Button_Base.Button_Base Referenced by Button_Base_GEN_VARIABLE
[2018.04.02-23.26.25:167][  0]LogLinker:Warning: Can't find file for asset '/Game/Materials/ButtonMaterial' while loading ../../../../../Users/JoshR/Documents/GitHub/FMP_RPG_Game_Charm/Content/Assets/PressurePad/Button_Base.uasset.
[2018.04.02-23.26.25:167][  0]LoadErrors: Info Failed to load /Game/Assets/PressurePad/Button_Base.Button_Base Referenced by Button_Base_GEN_VARIABLE
[2018.04.02-23.26.25:167][  0]LoadErrors:Error: Error /Game/Assets/PressurePad/Button_Base : Can't find file for asset. /Game/Materials/ButtonMaterial
[2018.04.02-23.26.25:169][  0]LogLinker:Warning: Can't find file '/Game/Materials/ButtonMaterial'
[2018.04.02-23.26.25:169][  0]LoadErrors: Info Failed to load /Game/Assets/PressurePad/Button_Push.Button_Push Referenced by Push_GEN_VARIABLE
[2018.04.02-23.26.25:169][  0]LogLinker:Warning: Can't find file for asset '/Game/Materials/ButtonMaterial' while loading ../../../../../Users/JoshR/Documents/GitHub/FMP_RPG_Game_Charm/Content/Assets/PressurePad/Button_Push.uasset.
[2018.04.02-23.26.25:169][  0]LoadErrors: Info Failed to load /Game/Assets/PressurePad/Button_Push.Button_Push Referenced by Push_GEN_VARIABLE
[2018.04.02-23.26.25:169][  0]LoadErrors:Error: Error /Game/Assets/PressurePad/Button_Push : Can't find file for asset. /Game/Materials/ButtonMaterial
[2018.04.02-23.26.25:169][  0]LogLinker:Warning: Can't find file '/Game/Materials/ButtonMaterial'
[2018.04.02-23.26.25:169][  0]LoadErrors: Info Failed to load /Game/Assets/PressurePad/Button_Push.Button_Push Referenced by Push_GEN_VARIABLE
[2018.04.02-23.26.25:169][  0]LogLinker:Warning: Can't find file for asset '/Game/Materials/ButtonMaterial' while loading ../../../../../Users/JoshR/Documents/GitHub/FMP_RPG_Game_Charm/Content/Assets/PressurePad/Button_Push.uasset.
[2018.04.02-23.26.25:170][  0]LoadErrors: Info Failed to load /Game/Assets/PressurePad/Button_Push.Button_Push Referenced by Push_GEN_VARIABLE
[2018.04.02-23.26.25:170][  0]LoadErrors:Error: Error /Game/Assets/PressurePad/Button_Push : Can't find file for asset. /Game/Materials/ButtonMaterial
[2018.04.02-23.26.25:990][  0]LogLinker:Warning: Can't find file '/Game/Materials/alphabox'
[2018.04.02-23.26.25:990][  0]LoadErrors: Info Failed to load /Game/Materials/alphabox.alphabox Referenced by AlphaBox
[2018.04.02-23.26.25:990][  0]LogLinker:Warning: Can't find file for asset '/Game/Materials/alphabox' while loading NULL.
[2018.04.02-23.26.25:990][  0]LoadErrors: Info Failed to load /Game/Materials/alphabox.alphabox Referenced by AlphaBox
[2018.04.02-23.26.25:990][  0]LogLinker:Warning: Can't find file '/Game/Materials/ButtonMaterial'
[2018.04.02-23.26.25:990][  0]LoadErrors: Info Failed to load /Game/Materials/ButtonMaterial.ButtonMaterial Referenced by Button_Push
[2018.04.02-23.26.25:991][  0]LogLinker:Warning: Can't find file for asset '/Game/Materials/ButtonMaterial' while loading NULL.
[2018.04.02-23.26.25:991][  0]LoadErrors: Info Failed to load /Game/Materials/ButtonMaterial.ButtonMaterial Referenced by Button_Push
[2018.04.02-23.26.25:991][  0]LogLinker:Warning: Can't find file '/Game/Materials/ButtonMaterial'
[2018.04.02-23.26.25:991][  0]LoadErrors: Info Failed to load /Game/Materials/ButtonMaterial.ButtonMaterial Referenced by Button_Base
[2018.04.02-23.26.25:991][  0]LogLinker:Warning: Can't find file for asset '/Game/Materials/ButtonMaterial' while loading NULL.
[2018.04.02-23.26.25:991][  0]LoadErrors: Info Failed to load /Game/Materials/ButtonMaterial.ButtonMaterial Referenced by Button_Base
[2018.04.02-23.26.26:551][  0]LogMaterial: Missing cached shader map for material tire, compiling. 
[2018.04.02-23.26.26:925][  0]LogMaterial: Missing cached shader map for material lightRed, compiling. 
[2018.04.02-23.26.26:995][  0]LogMaterial: Missing cached shader map for material _defaultMat, compiling. 
[2018.04.02-23.26.27:012][  0]LogStaticMesh: Building static mesh RedLight...
[2018.04.02-23.26.27:030][  0]LogStaticMesh: Built static mesh [0.02s] /Game/Assets/Lights/RedLight.RedLight
[2018.04.02-23.26.27:122][  0]LogStaticMesh: Building static mesh F_Frame_01...
[2018.04.02-23.26.27:126][  0]LogStaticMesh: Built static mesh [0.00s] /Game/F_Frame_01.F_Frame_01
[2018.04.02-23.26.27:154][  0]LogStaticMesh: Building static mesh F_Frame_02...
[2018.04.02-23.26.27:167][  0]LogStaticMesh: Built static mesh [0.01s] /Game/F_Frame_02.F_Frame_02
[2018.04.02-23.26.27:197][  0]LogMaterial: Missing cached shader map for material Flicker, compiling. 
[2018.04.02-23.26.27:268][  0]LogMaterial: Missing cached shader map for material M_Leaves, compiling. 
[2018.04.02-23.26.27:282][  0]LogMaterial: Missing cached shader map for material lambert1, compiling. 
[2018.04.02-23.26.27:311][  0]LogStaticMesh: Building static mesh Linear_Stair_Brush_StaticMesh...
[2018.04.02-23.26.27:311][  0]LogMeshUtilities: Invalid vertex normals found for mesh. Forcing recomputation of vertex normals for MikkTSpace. Fix mesh or disable "Use MikkTSpace Tangent Space" to avoid forced recomputation of normals.
[2018.04.02-23.26.27:325][  0]LogStaticMesh: Built static mesh [0.01s] /Game/Assets/Lights/Linear_Stair_Brush_StaticMesh.Linear_Stair_Brush_StaticMesh
[2018.04.02-23.26.27:356][  0]LogMaterial: Missing cached shader map for material M_Rose, compiling. 
[2018.04.02-23.26.27:494][  0]LogTexture:Display: Building textures: HQ_Lightmap0_1 (AutoDXT, 256X256)
[2018.04.02-23.26.27:578][  0]LogTexture:Display: Building textures: HQ_Lightmap0_2 (AutoDXT, 256X256)
[2018.04.02-23.26.27:604][  0]LogTexture:Display: Building textures: HQ_Lightmap0_23 (AutoDXT, 128X128)
[2018.04.02-23.26.27:625][  0]LogTexture:Display: Building textures: HQ_Lightmap0_24 (AutoDXT, 256X256)
[2018.04.02-23.26.27:659][  0]LogTexture:Display: Building textures: HQ_Lightmap0_25 (AutoDXT, 128X128)
[2018.04.02-23.26.27:676][  0]LogTexture:Display: Building textures: HQ_Lightmap0_26 (AutoDXT, 128X128)
[2018.04.02-23.26.27:692][  0]LogTexture:Display: Building textures: HQ_Lightmap0_27 (AutoDXT, 128X128)
[2018.04.02-23.26.27:702][  0]LogTexture:Display: Building textures: HQ_Lightmap1_10 (AutoDXT, 256X256)
[2018.04.02-23.26.27:741][  0]LogTexture:Display: Building textures: HQ_Lightmap1_11 (AutoDXT, 128X128)
[2018.04.02-23.26.27:759][  0]LogTexture:Display: Building textures: HQ_Lightmap1_12 (AutoDXT, 128X128)
[2018.04.02-23.26.27:769][  0]LogTexture:Display: Building textures: HQ_Lightmap1_13 (AutoDXT, 256X256)
[2018.04.02-23.26.27:812][  0]LogTexture:Display: Building textures: HQ_Lightmap1_14 (AutoDXT, 128X128)
[2018.04.02-23.26.27:822][  0]LogTexture:Display: Building textures: HQ_Lightmap1_15 (AutoDXT, 128X128)
[2018.04.02-23.26.27:831][  0]LogTexture:Display: Building textures: HQ_Lightmap1_16 (AutoDXT, 128X128)
[2018.04.02-23.26.27:848][  0]LogTexture:Display: Building textures: HQ_Lightmap1_17 (AutoDXT, 256X256)
[2018.04.02-23.26.27:880][  0]LogTexture:Display: Building textures: HQ_Lightmap1_18 (AutoDXT, 128X128)
[2018.04.02-23.26.27:897][  0]LogTexture:Display: Building textures: HQ_Lightmap1_19 (AutoDXT, 256X256)
[2018.04.02-23.26.27:932][  0]LogTexture:Display: Building textures: HQ_Lightmap1_20 (AutoDXT, 256X256)
[2018.04.02-23.26.27:973][  0]LogTexture:Display: Building textures: HQ_Lightmap1_21 (AutoDXT, 256X256)
[2018.04.02-23.26.28:014][  0]LogTexture:Display: Building textures: HQ_Lightmap1_22 (AutoDXT, 256X256)
[2018.04.02-23.26.28:047][  0]LogTexture:Display: Building textures: HQ_Lightmap1_3 (AutoDXT, 512X512)
[2018.04.02-23.26.28:199][  0]LogTexture:Display: Building textures: HQ_Lightmap1_4 (AutoDXT, 256X256)
[2018.04.02-23.26.28:226][  0]LogTexture:Display: Building textures: HQ_Lightmap1_5 (AutoDXT, 256X256)
[2018.04.02-23.26.28:292][  0]LogTexture:Display: Building textures: HQ_Lightmap1_6 (AutoDXT, 128X128)
[2018.04.02-23.26.28:294][  0]LogTexture:Display: Building textures: HQ_Lightmap1_7 (AutoDXT, 128X128)
[2018.04.02-23.26.28:310][  0]LogTexture:Display: Building textures: HQ_Lightmap1_8 (AutoDXT, 128X128)
[2018.04.02-23.26.28:328][  0]LogTexture:Display: Building textures: HQ_Lightmap1_9 (AutoDXT, 256X256)
[2018.04.02-23.26.28:357][  0]LogTexture:Display: Building textures: LQ_Lightmap_0_1 (DXT1, 256X256)
[2018.04.02-23.26.28:364][  0]LogTexture:Display: Building textures: LQ_Lightmap_0_2 (DXT1, 256X256)
[2018.04.02-23.26.28:403][  0]LogTexture:Display: Building textures: LQ_Lightmap_0_23 (DXT1, 128X128)
[2018.04.02-23.26.28:417][  0]LogTexture:Display: Building textures: LQ_Lightmap_0_24 (DXT1, 256X256)
[2018.04.02-23.26.28:465][  0]LogTexture:Display: Building textures: LQ_Lightmap_0_25 (DXT1, 128X128)
[2018.04.02-23.26.28:487][  0]LogTexture:Display: Building textures: LQ_Lightmap_0_26 (DXT1, 128X128)
[2018.04.02-23.26.28:517][  0]LogTexture:Display: Building textures: LQ_Lightmap_0_27 (DXT1, 128X128)
[2018.04.02-23.26.28:527][  0]LogTexture:Display: Building textures: LQ_Lightmap_1_10 (DXT1, 256X256)
[2018.04.02-23.26.28:567][  0]LogTexture:Display: Building textures: LQ_Lightmap_1_11 (DXT1, 128X128)
[2018.04.02-23.26.28:587][  0]LogTexture:Display: Building textures: LQ_Lightmap_1_12 (DXT1, 128X128)
[2018.04.02-23.26.28:600][  0]LogTexture:Display: Building textures: LQ_Lightmap_1_13 (DXT1, 256X256)
[2018.04.02-23.26.28:622][  0]LogTexture:Display: Building textures: LQ_Lightmap_1_14 (DXT1, 128X128)
[2018.04.02-23.26.28:630][  0]LogTexture:Display: Building textures: LQ_Lightmap_1_15 (DXT1, 128X128)
[2018.04.02-23.26.28:639][  0]LogTexture:Display: Building textures: LQ_Lightmap_1_16 (DXT1, 128X128)
[2018.04.02-23.26.28:656][  0]LogTexture:Display: Building textures: LQ_Lightmap_1_17 (DXT1, 256X256)
[2018.04.02-23.26.28:689][  0]LogTexture:Display: Building textures: LQ_Lightmap_1_18 (DXT1, 128X128)
[2018.04.02-23.26.28:713][  0]LogTexture:Display: Building textures: LQ_Lightmap_1_19 (DXT1, 256X256)
[2018.04.02-23.26.28:738][  0]LogTexture:Display: Building textures: LQ_Lightmap_1_20 (DXT1, 256X256)
[2018.04.02-23.26.28:764][  0]LogTexture:Display: Building textures: LQ_Lightmap_1_21 (DXT1, 256X256)
[2018.04.02-23.26.28:803][  0]LogTexture:Display: Building textures: LQ_Lightmap_1_22 (DXT1, 256X256)
[2018.04.02-23.26.28:862][  0]LogTexture:Display: Building textures: LQ_Lightmap_1_3 (DXT1, 512X512)
[2018.04.02-23.26.28:938][  0]LogTexture:Display: Building textures: LQ_Lightmap_1_4 (DXT1, 256X256)
[2018.04.02-23.26.28:984][  0]LogTexture:Display: Building textures: LQ_Lightmap_1_5 (DXT1, 256X256)
[2018.04.02-23.26.29:034][  0]LogTexture:Display: Building textures: LQ_Lightmap_1_6 (DXT1, 128X128)
[2018.04.02-23.26.29:041][  0]LogTexture:Display: Building textures: LQ_Lightmap_1_7 (DXT1, 128X128)
[2018.04.02-23.26.29:058][  0]LogTexture:Display: Building textures: LQ_Lightmap_1_8 (DXT1, 128X128)
[2018.04.02-23.26.29:075][  0]LogTexture:Display: Building textures: LQ_Lightmap_1_9 (DXT1, 256X256)
[2018.04.02-23.26.29:101][  0]LogTexture:Display: Building textures: SkyOcclusion0_1 (AutoDXT, 256X128)
[2018.04.02-23.26.29:106][  0]LogTexture:Display: Building textures: SkyOcclusion0_2 (AutoDXT, 256X128)
[2018.04.02-23.26.29:123][  0]LogTexture:Display: Building textures: SkyOcclusion0_23 (AutoDXT, 128X64)
[2018.04.02-23.26.29:149][  0]LogTexture:Display: Building textures: SkyOcclusion0_24 (AutoDXT, 256X128)
[2018.04.02-23.26.29:165][  0]LogTexture:Display: Building textures: SkyOcclusion0_25 (AutoDXT, 128X64)
[2018.04.02-23.26.29:176][  0]LogTexture:Display: Building textures: SkyOcclusion0_26 (AutoDXT, 128X64)
[2018.04.02-23.26.29:197][  0]LogTexture:Display: Building textures: SkyOcclusion0_27 (AutoDXT, 128X64)
[2018.04.02-23.26.29:204][  0]LogTexture:Display: Building textures: SkyOcclusion1_10 (AutoDXT, 256X128)
[2018.04.02-23.26.29:232][  0]LogTexture:Display: Building textures: SkyOcclusion1_11 (AutoDXT, 128X64)
[2018.04.02-23.26.29:242][  0]LogTexture:Display: Building textures: SkyOcclusion1_12 (AutoDXT, 128X64)
[2018.04.02-23.26.29:248][  0]LogTexture:Display: Building textures: SkyOcclusion1_13 (AutoDXT, 256X128)
[2018.04.02-23.26.29:278][  0]LogTexture:Display: Building textures: SkyOcclusion1_14 (AutoDXT, 128X64)
[2018.04.02-23.26.29:284][  0]LogTexture:Display: Building textures: SkyOcclusion1_15 (AutoDXT, 128X64)
[2018.04.02-23.26.29:290][  0]LogTexture:Display: Building textures: SkyOcclusion1_16 (AutoDXT, 128X64)
[2018.04.02-23.26.29:301][  0]LogTexture:Display: Building textures: SkyOcclusion1_17 (AutoDXT, 256X128)
[2018.04.02-23.26.29:315][  0]LogTexture:Display: Building textures: SkyOcclusion1_18 (AutoDXT, 128X64)
[2018.04.02-23.26.29:331][  0]LogTexture:Display: Building textures: SkyOcclusion1_19 (AutoDXT, 256X128)
[2018.04.02-23.26.29:350][  0]LogTexture:Display: Building textures: SkyOcclusion1_20 (AutoDXT, 256X128)
[2018.04.02-23.26.29:373][  0]LogTexture:Display: Building textures: SkyOcclusion1_21 (AutoDXT, 256X128)
[2018.04.02-23.26.29:403][  0]LogTexture:Display: Building textures: SkyOcclusion1_22 (AutoDXT, 256X128)
[2018.04.02-23.26.29:421][  0]LogTexture:Display: Building textures: SkyOcclusion1_3 (AutoDXT, 512X256)
[2018.04.02-23.26.29:477][  0]LogTexture:Display: Building textures: SkyOcclusion1_4 (AutoDXT, 256X128)
[2018.04.02-23.26.29:495][  0]LogTexture:Display: Building textures: SkyOcclusion1_5 (AutoDXT, 256X128)
[2018.04.02-23.26.29:516][  0]LogTexture:Display: Building textures: SkyOcclusion1_6 (AutoDXT, 128X64)
[2018.04.02-23.26.29:522][  0]LogTexture:Display: Building textures: SkyOcclusion1_7 (AutoDXT, 128X64)
[2018.04.02-23.26.29:545][  0]LogTexture:Display: Building textures: SkyOcclusion1_8 (AutoDXT, 128X64)
[2018.04.02-23.26.29:559][  0]LogTexture:Display: Building textures: SkyOcclusion1_9 (AutoDXT, 256X128)
[2018.04.02-23.26.29:579][  0]LogTexture:Display: Building textures: ShadowMapTexture2D_203 (BGRA8, 64X128)
[2018.04.02-23.26.29:579][  0]LogTexture:Display: Building textures: ShadowMapTexture2D_204 (G8, 256X64)
[2018.04.02-23.26.29:581][  0]LogTexture:Display: Building textures: ShadowMapTexture2D_205 (BGRA8, 1024X64)
[2018.04.02-23.26.29:583][  0]LogTexture:Display: Building textures: ShadowMapTexture2D_206 (G8, 256X64)
[2018.04.02-23.26.29:583][  0]LogTexture:Display: Building textures: ShadowMapTexture2D_207 (G8, 512X64)
[2018.04.02-23.26.29:584][  0]LogTexture:Display: Building textures: ShadowMapTexture2D_208 (G8, 64X64)
[2018.04.02-23.26.29:584][  0]LogTexture:Display: Building textures: ShadowMapTexture2D_209 (G8, 128X64)
[2018.04.02-23.26.29:585][  0]LogTexture:Display: Building textures: ShadowMapTexture2D_210 (G8, 128X64)
[2018.04.02-23.26.29:585][  0]LogTexture:Display: Building textures: ShadowMapTexture2D_211 (G8, 256X64)
[2018.04.02-23.26.29:586][  0]LogTexture:Display: Building textures: ShadowMapTexture2D_212 (G8, 256X64)
[2018.04.02-23.26.29:586][  0]LogTexture:Display: Building textures: ShadowMapTexture2D_213 (G8, 128X64)
[2018.04.02-23.26.29:586][  0]LogTexture:Display: Building textures: ShadowMapTexture2D_214 (G8, 64X64)
[2018.04.02-23.26.29:587][  0]LogTexture:Display: Building textures: ShadowMapTexture2D_215 (BGRA8, 256X64)
[2018.04.02-23.26.29:587][  0]LogTexture:Display: Building textures: ShadowMapTexture2D_216 (G8, 64X64)
[2018.04.02-23.26.29:587][  0]LogTexture:Display: Building textures: ShadowMapTexture2D_217 (G8, 64X64)
[2018.04.02-23.26.29:588][  0]LogTexture:Display: Building textures: ShadowMapTexture2D_218 (G8, 128X64)
[2018.04.02-23.26.29:588][  0]LogTexture:Display: Building textures: ShadowMapTexture2D_219 (G8, 256X64)
[2018.04.02-23.26.29:589][  0]LogTexture:Display: Building textures: ShadowMapTexture2D_220 (G8, 128X64)
[2018.04.02-23.26.29:589][  0]LogTexture:Display: Building textures: ShadowMapTexture2D_221 (G8, 256X64)
[2018.04.02-23.26.29:589][  0]LogTexture:Display: Building textures: ShadowMapTexture2D_222 (G8, 256X64)
[2018.04.02-23.26.29:590][  0]LogTexture:Display: Building textures: ShadowMapTexture2D_223 (G8, 256X64)
[2018.04.02-23.26.29:590][  0]LogTexture:Display: Building textures: ShadowMapTexture2D_224 (G8, 256X64)
[2018.04.02-23.26.29:591][  0]LogTexture:Display: Building textures: ShadowMapTexture2D_225 (G8, 128X64)
[2018.04.02-23.26.29:591][  0]LogTexture:Display: Building textures: ShadowMapTexture2D_226 (G8, 256X64)
[2018.04.02-23.26.29:592][  0]LogTexture:Display: Building textures: ShadowMapTexture2D_227 (G8, 128X64)
[2018.04.02-23.26.29:592][  0]LogTexture:Display: Building textures: ShadowMapTexture2D_228 (G8, 128X64)
[2018.04.02-23.26.29:592][  0]LogTexture:Display: Building textures: ShadowMapTexture2D_229 (G8, 64X64)
[2018.04.02-23.26.29:593][  0]LogStaticMesh: Building static mesh F_Wall_01...
[2018.04.02-23.26.29:594][  0]LogStaticMesh: Built static mesh [0.00s] /Game/Assets/Walls/SplineWall/F_Wall_01.F_Wall_01
[2018.04.02-23.26.30:224][  0]LogTexture:Display: Building textures: Texture2D_0 (BGRA8, 512X512)
[2018.04.02-23.26.30:236][  0]LogTexture:Display: Building textures: Texture2D_1 (BGRA8, 64X64)
[2018.04.02-23.26.30:236][  0]LogTexture:Display: Building textures: Texture2D_10 (BGRA8, 64X64)
[2018.04.02-23.26.30:237][  0]LogTexture:Display: Building textures: Texture2D_11 (BGRA8, 64X64)
[2018.04.02-23.26.30:237][  0]LogTexture:Display: Building textures: Texture2D_12 (BGRA8, 64X64)
[2018.04.02-23.26.30:237][  0]LogTexture:Display: Building textures: Texture2D_13 (BGRA8, 64X64)
[2018.04.02-23.26.30:237][  0]LogTexture:Display: Building textures: Texture2D_14 (BGRA8, 64X64)
[2018.04.02-23.26.30:238][  0]LogTexture:Display: Building textures: Texture2D_19 (BGRA8, 64X64)
[2018.04.02-23.26.30:238][  0]LogTexture:Display: Building textures: Texture2D_2 (BGRA8, 64X64)
[2018.04.02-23.26.30:239][  0]LogTexture:Display: Building textures: Texture2D_20 (BGRA8, 64X64)
[2018.04.02-23.26.30:239][  0]LogTexture:Display: Building textures: Texture2D_21 (BGRA8, 64X64)
[2018.04.02-23.26.30:239][  0]LogTexture:Display: Building textures: Texture2D_22 (BGRA8, 64X64)
[2018.04.02-23.26.30:239][  0]LogTexture:Display: Building textures: Texture2D_23 (BGRA8, 64X64)
[2018.04.02-23.26.30:240][  0]LogTexture:Display: Building textures: Texture2D_24 (BGRA8, 64X64)
[2018.04.02-23.26.30:240][  0]LogTexture:Display: Building textures: Texture2D_25 (BGRA8, 64X64)
[2018.04.02-23.26.30:240][  0]LogTexture:Display: Building textures: Texture2D_27 (BGRA8, 64X64)
[2018.04.02-23.26.30:240][  0]LogTexture:Display: Building textures: Texture2D_28 (BGRA8, 64X64)
[2018.04.02-23.26.30:241][  0]LogTexture:Display: Building textures: Texture2D_29 (BGRA8, 64X64)
[2018.04.02-23.26.30:241][  0]LogTexture:Display: Building textures: Texture2D_3 (BGRA8, 64X64)
[2018.04.02-23.26.30:241][  0]LogTexture:Display: Building textures: Texture2D_30 (BGRA8, 64X64)
[2018.04.02-23.26.30:241][  0]LogTexture:Display: Building textures: Texture2D_4 (BGRA8, 64X64)
[2018.04.02-23.26.30:242][  0]LogTexture:Display: Building textures: Texture2D_8 (BGRA8, 64X64)
[2018.04.02-23.26.30:286][  0]LogAIModule: Creating AISystem for world HelloWorld
[2018.04.02-23.26.33:191][  0]LogDerivedDataCache: FFileSystemDerivedDataBackend: Move collision, attempt at redundant update, OK C:/Users/JoshR/AppData/Local/UnrealEngine/Common/DerivedDataCache/8/8/6/TEXTURE_814DCC3DC72143F49509781513CB9855_BGRA8_82CF70CB4E5FEDD39D2056B8D6313D4__B36BCC018AEA6844ED33E20A7ED7DB63D0599473.udd.
[2018.04.02-23.26.33:191][  0]LogDerivedDataCache: FFileSystemDerivedDataBackend: Move collision, attempt at redundant update, OK C:/Users/JoshR/AppData/Local/UnrealEngine/Common/DerivedDataCache/2/0/8/PHYSXPC_FULL_84A5A09B87CA4ED3B9B301DECE89D011_31A9C500950D518FD95FB895F2074879.udd.
[2018.04.02-23.26.33:191][  0]LogDerivedDataCache: FFileSystemDerivedDataBackend: Move collision, attempt at redundant update, OK C:/Users/JoshR/AppData/Local/UnrealEngine/Common/DerivedDataCache/5/9/3/PHYSXPC_FULL_84A5A09B87CA4ED3B9B301DECE89D011_B511D829580B0028650DC4A17D45806D.udd.
[2018.04.02-23.26.33:191][  0]LogDerivedDataCache: FFileSystemDerivedDataBackend: Move collision, attempt at redundant update, OK C:/Users/JoshR/AppData/Local/UnrealEngine/Common/DerivedDataCache/7/9/7/PHYSXPC_FULL_84A5A09B87CA4ED3B9B301DECE89D011_790CDDA24DE265A41BBD0E64758E6688.udd.
[2018.04.02-23.26.33:191][  0]LogDerivedDataCache: FFileSystemDerivedDataBackend: Move collision, attempt at redundant update, OK C:/Users/JoshR/AppData/Local/UnrealEngine/Common/DerivedDataCache/9/4/6/PHYSXPC_FULL_84A5A09B87CA4ED3B9B301DECE89D011_F976C77A0C72C00EFE871B6899A50A7C.udd.
[2018.04.02-23.26.33:762][  0]LogEditorServer: Finished looking for orphan Actors (0.000 secs)
[2018.04.02-23.26.34:292][  0]Cmd: MAP CHECKDEP NOCLEARLOG
[2018.04.02-23.26.34:500][  0]MapCheck: Info Map check complete: 0 Error(s), 0 Warning(s), took 192.211ms to complete.
[2018.04.02-23.26.34:500][  0]LogFileHelpers: Loading map 'HelloWorld' took 14.912
[2018.04.02-23.26.41:703][  0]LogCollectionManager: Loaded 0 collections in 0.001599 seconds
[2018.04.02-23.26.42:511][  0]LogFileCache: Scanning file cache for directory 'D:/Users/JoshR/Documents/GitHub/FMP_RPG_Game_Charm/Saved/Collections/' took 0.01s
[2018.04.02-23.26.42:511][  0]LogFileCache: Scanning file cache for directory 'D:/Users/JoshR/Documents/GitHub/FMP_RPG_Game_Charm/Content/Developers/JoshR/Collections/' took 0.01s
[2018.04.02-23.26.42:511][  0]LogFileCache: Scanning file cache for directory 'D:/Users/JoshR/Documents/GitHub/FMP_RPG_Game_Charm/Content/Collections/' took 0.01s
[2018.04.02-23.26.42:511][  0]LogCollectionManager: Rebuilt the GUID cache for 0 collections in 0.000002 seconds
[2018.04.02-23.26.42:598][  0]LogContentBrowser: Native class hierarchy populated in 0.0103 seconds. Added 2343 classes and 497 folders.
[2018.04.02-23.26.43:220][  0]LogContentBrowser: Native class hierarchy updated for 'WidgetCarousel' in 0.0007 seconds. Added 0 classes and 0 folders.
[2018.04.02-23.26.46:497][  0]LogContentBrowser: Native class hierarchy updated for 'AddContentDialog' in 0.0008 seconds. Added 0 classes and 0 folders.
[2018.04.02-23.26.47:255][  0]LogContentBrowser: Native class hierarchy updated for 'SceneOutliner' in 0.0007 seconds. Added 1 classes and 2 folders.
[2018.04.02-23.26.49:497][  0]LogCrashTracker: Crashtracker disabled due to settings.
[2018.04.02-23.26.50:184][  0]LogSlate: Took 0.015781 seconds to synchronously load lazily loaded font '../../../Engine/Content/Slate/Fonts/Roboto-Regular.ttf' (155K)
[2018.04.02-23.26.50:236][  0]LogSlate: Took 0.016019 seconds to synchronously load lazily loaded font '../../../Engine/Content/Slate/Fonts/Roboto-Bold.ttf' (160K)
[2018.04.02-23.26.50:394][  0]LogSlate: Took 0.010010 seconds to synchronously load lazily loaded font '../../../Engine/Content/Editor/Slate/Fonts/FontAwesome.ttf' (139K)
[2018.04.02-23.26.51:330][  0]LogRenderer: Reallocating scene render targets to support 940x540 NumSamples 1 (Frame:1).
[2018.04.02-23.26.52:268][  0]LogSlate: Took 0.017229 seconds to synchronously load lazily loaded font '../../../Engine/Content/Slate/Fonts/Roboto-Light.ttf' (159K)
[2018.04.02-23.26.52:723][  0]LogUObjectGlobals:Warning: Failed to find object 'Class None.'
[2018.04.02-23.26.54:841][  0]LogContentBrowser: Native class hierarchy updated for 'HierarchicalLODOutliner' in 0.0009 seconds. Added 1 classes and 2 folders.
[2018.04.02-23.26.54:858][  0]LogLoad: (Engine Initialization) Total time: 244.46 seconds
[2018.04.02-23.26.54:858][  0]LogLoad: (Engine Initialization) Total Blueprint compile time: 3.12 seconds
[2018.04.02-23.26.54:858][  0]LogExternalProfiler: No external profilers were discovered.  External profiling features will not be available.
[2018.04.02-23.26.55:333][  0]LogOcInput: OculusInput pre-init called
[2018.04.02-23.26.55:345][  0]LogHMD: Starting GearVRController plugin
[2018.04.02-23.26.56:566][  0]LogContentStreaming: Texture pool size now 1000 MB
[2018.04.02-23.27.06:668][  2]LogSlate: Took 0.000446 seconds to synchronously load lazily loaded font '../../../Engine/Content/Slate/Fonts/Roboto-Light.ttf' (159K)
[2018.04.02-23.27.07:394][  2]LogContentBrowser: Native class hierarchy updated for 'BlueprintGraph' in 0.0012 seconds. Added 112 classes and 0 folders.
[2018.04.02-23.27.10:301][  2]LogSlate: Took 0.010893 seconds to synchronously load lazily loaded font '../../../Engine/Content/Editor/Slate/Fonts/Roboto-BoldCondensed.ttf' (158K)
[2018.04.02-23.27.11:022][  3]LogSlate: Took 0.007550 seconds to synchronously load lazily loaded font '../../../Engine/Content/Editor/Slate/Fonts/Roboto-Italic.ttf' (157K)
[2018.04.02-23.27.17:782][  9]LogAssetRegistry: Asset discovery search completed in 148.0485 seconds
[2018.04.02-23.27.17:881][  9]LogCollectionManager: Rebuilt the object cache for 0 collections in 0.000001 seconds (found 0 objects)
[2018.04.02-23.27.17:881][  9]LogCollectionManager: Fixed up redirectors for 0 collections in 0.008333 seconds (updated 0 objects)
[2018.04.02-23.27.46:822][ 96]LogSlate: Took 0.000295 seconds to synchronously load lazily loaded font '../../../Engine/Content/Slate/Fonts/Roboto-Light.ttf' (159K)
[2018.04.02-23.28.36:122][676]LogActorComponent: UnregisterComponent: (/Engine/Transient.EditorFloorComp) Not registered. Aborting.
[2018.04.02-23.28.39:884][ 31]LogTemp: Repeting last play command: Selected Viewport
[2018.04.02-23.28.40:078][ 31]LogBlueprintUserMessages: Early PlayInEditor Detection: Level '/Game/Maps/HelloWorld.HelloWorld:PersistentLevel' has LevelScriptBlueprint '/Game/Maps/HelloWorld.HelloWorld:PersistentLevel.HelloWorld' with GeneratedClass '/Game/Maps/HelloWorld.HelloWorld_C' with ClassGeneratedBy '/Game/Maps/HelloWorld.HelloWorld:PersistentLevel.HelloWorld'
[2018.04.02-23.28.40:097][ 31]LogPlayLevel: PlayLevel: No blueprints needed recompiling
[2018.04.02-23.28.40:150][ 31]PIE: New page: PIE session: HelloWorld (3 Apr 2018 01:28:40)
[2018.04.02-23.28.40:159][ 31]LogPlayLevel: Creating play world package: /Game/Maps/UEDPIE_0_HelloWorld
[2018.04.02-23.28.40:240][ 31]LogPlayLevel: PIE: StaticDuplicateObject took: (0.080216s)
[2018.04.02-23.28.40:240][ 31]LogAIModule: Creating AISystem for world HelloWorld
[2018.04.02-23.28.40:240][ 31]LogPlayLevel: PIE: World Init took: (0.000526s)
[2018.04.02-23.28.40:240][ 31]LogPlayLevel: PIE: Created PIE world by copying editor world from /Game/Maps/HelloWorld.HelloWorld to /Game/Maps/UEDPIE_0_HelloWorld.HelloWorld (0.080968s)
[2018.04.02-23.28.40:273][ 31]LogInit: XAudio2 using 'Speakers (Razer Seiren X)' : 2 channels at 48 kHz using 16 bits per sample (channel mask 0x3)
[2018.04.02-23.28.40:281][ 31]LogInit: FAudioDevice initialized.
[2018.04.02-23.28.40:669][ 31]LogTexture:Display: Building textures: Start_Line (AutoDXT, 420X100)
[2018.04.02-23.28.40:687][ 31]LogTexture:Display: Building textures: Resume_Game (AutoDXT, 420X100)
[2018.04.02-23.28.40:699][ 31]LogTexture:Display: Building textures: Background (AutoDXT, 1920X1080)
[2018.04.02-23.28.40:783][ 31]LogTexture:Display: Building textures: Return_To_Menu (AutoDXT, 420X100)
[2018.04.02-23.28.40:787][ 31]LogTexture:Display: Building textures: Resume_Game_Line (AutoDXT, 420X100)
[2018.04.02-23.28.40:792][ 31]LogTexture:Display: Building textures: Title (BGRA8, 360X179)
[2018.04.02-23.28.40:796][ 31]LogTexture:Display: Building textures: Quit (AutoDXT, 420X100)
[2018.04.02-23.28.40:800][ 31]LogTexture:Display: Building textures: Controls (AutoDXT, 420X100)
[2018.04.02-23.28.40:804][ 31]LogTexture:Display: Building textures: Controls_Line (AutoDXT, 420X100)
[2018.04.02-23.28.40:808][ 31]LogTexture:Display: Building textures: Settings_Heading (BGRA8, 1920X71)
[2018.04.02-23.28.40:814][ 31]LogTexture:Display: Building textures: Controls_Icons (BGRA8, 1259X264)
[2018.04.02-23.28.40:836][ 31]LogTexture:Display: Building textures: Menu_Icon (BGRA8, 55X40)
[2018.04.02-23.28.40:838][ 31]LogTexture:Display: Building textures: Control_Heading (BGRA8, 1920X71)
[2018.04.02-23.28.40:842][ 31]LogTexture:Display: Building textures: Return_To_Menu_Line (AutoDXT, 420X100)
[2018.04.02-23.28.40:846][ 31]LogTexture:Display: Building textures: Settings_Line (AutoDXT, 420X100)
[2018.04.02-23.28.40:849][ 31]LogTexture:Display: Building textures: Quit_Line (AutoDXT, 420X100)
[2018.04.02-23.28.40:853][ 31]LogTexture:Display: Building textures: Settings (AutoDXT, 420X100)
[2018.04.02-23.28.40:856][ 31]LogTexture:Display: Building textures: Start (AutoDXT, 420X100)
[2018.04.02-23.28.40:981][ 31]LogTexture:Display: Building textures: Controls_Background (AutoDXT, 1920X1080)
[2018.04.02-23.28.42:949][ 31]LogTexture:Display: Building textures: MainBackground (AutoDXT, 1920X1080)
[2018.04.02-23.28.43:947][ 31]LogLoad: Game class is 'FuseGM_C'
[2018.04.02-23.28.44:092][ 31]LogWorld: Bringing World /Game/Maps/UEDPIE_0_HelloWorld.HelloWorld up for play (max tick rate 0) at 2018.04.03-00.28.44
[2018.04.02-23.28.44:150][ 31]LogWorld: Bringing up level for play took: 0.048943
[2018.04.02-23.28.44:442][ 31]LogContentBrowser: Native class hierarchy updated for 'MovieSceneCapture' in 0.0008 seconds. Added 11 classes and 0 folders.
[2018.04.02-23.28.44:573][ 31]PIE: Info Play in editor start time for /Game/Maps/UEDPIE_0_HelloWorld 4.227
[2018.04.02-23.28.44:574][ 31]LogBlueprintUserMessages: Late PlayInEditor Detection: Level '/Game/Maps/HelloWorld.HelloWorld:PersistentLevel' has LevelScriptBlueprint '/Game/Maps/HelloWorld.HelloWorld:PersistentLevel.HelloWorld' with GeneratedClass '/Game/Maps/HelloWorld.HelloWorld_C' with ClassGeneratedBy '/Game/Maps/HelloWorld.HelloWorld:PersistentLevel.HelloWorld'
[2018.04.02-23.28.58:150][624]LogBlueprintUserMessages: Early EndPlayMap Detection: Level '/Game/Maps/HelloWorld.HelloWorld:PersistentLevel' has LevelScriptBlueprint '/Game/Maps/HelloWorld.HelloWorld:PersistentLevel.HelloWorld' with GeneratedClass '/Game/Maps/HelloWorld.HelloWorld_C' with ClassGeneratedBy '/Game/Maps/HelloWorld.HelloWorld:PersistentLevel.HelloWorld'
[2018.04.02-23.28.58:231][624]LogBlueprintUserMessages: Late EndPlayMap Detection: Level '/Game/Maps/HelloWorld.HelloWorld:PersistentLevel' has LevelScriptBlueprint '/Game/Maps/HelloWorld.HelloWorld:PersistentLevel.HelloWorld' with GeneratedClass '/Game/Maps/HelloWorld.HelloWorld_C' with ClassGeneratedBy '/Game/Maps/HelloWorld.HelloWorld:PersistentLevel.HelloWorld'
[2018.04.02-23.29.36:998][248]LogTemp: Repeting last play command: Selected Viewport
[2018.04.02-23.29.37:011][248]LogBlueprintUserMessages: Early PlayInEditor Detection: Level '/Game/Maps/HelloWorld.HelloWorld:PersistentLevel' has LevelScriptBlueprint '/Game/Maps/HelloWorld.HelloWorld:PersistentLevel.HelloWorld' with GeneratedClass '/Game/Maps/HelloWorld.HelloWorld_C' with ClassGeneratedBy '/Game/Maps/HelloWorld.HelloWorld:PersistentLevel.HelloWorld'
[2018.04.02-23.29.37:011][248]LogPlayLevel: PlayLevel: No blueprints needed recompiling
[2018.04.02-23.29.37:011][248]PIE: New page: PIE session: HelloWorld (3 Apr 2018 01:29:37)
[2018.04.02-23.29.37:011][248]LogPlayLevel: Creating play world package: /Game/Maps/UEDPIE_0_HelloWorld
[2018.04.02-23.29.37:024][248]LogPlayLevel: PIE: StaticDuplicateObject took: (0.013201s)
[2018.04.02-23.29.37:024][248]LogAIModule: Creating AISystem for world HelloWorld
[2018.04.02-23.29.37:025][248]LogPlayLevel: PIE: World Init took: (0.000520s)
[2018.04.02-23.29.37:025][248]LogPlayLevel: PIE: Created PIE world by copying editor world from /Game/Maps/HelloWorld.HelloWorld to /Game/Maps/UEDPIE_0_HelloWorld.HelloWorld (0.013877s)
[2018.04.02-23.29.37:042][248]LogInit: XAudio2 using 'Speakers (Razer Seiren X)' : 2 channels at 48 kHz using 16 bits per sample (channel mask 0x3)
[2018.04.02-23.29.37:049][248]LogInit: FAudioDevice initialized.
[2018.04.02-23.29.37:078][248]LogLoad: Game class is 'FuseGM_C'
[2018.04.02-23.29.37:081][248]LogWorld: Bringing World /Game/Maps/UEDPIE_0_HelloWorld.HelloWorld up for play (max tick rate 0) at 2018.04.03-00.29.37
[2018.04.02-23.29.37:082][248]LogWorld: Bringing up level for play took: 0.003428
[2018.04.02-23.29.37:083][248]PIE: Info Play in editor start time for /Game/Maps/UEDPIE_0_HelloWorld 0.737
[2018.04.02-23.29.37:083][248]LogBlueprintUserMessages: Late PlayInEditor Detection: Level '/Game/Maps/HelloWorld.HelloWorld:PersistentLevel' has LevelScriptBlueprint '/Game/Maps/HelloWorld.HelloWorld:PersistentLevel.HelloWorld' with GeneratedClass '/Game/Maps/HelloWorld.HelloWorld_C' with ClassGeneratedBy '/Game/Maps/HelloWorld.HelloWorld:PersistentLevel.HelloWorld'
[2018.04.02-23.29.52:464][ 91]LogBlueprintUserMessages: Early EndPlayMap Detection: Level '/Game/Maps/HelloWorld.HelloWorld:PersistentLevel' has LevelScriptBlueprint '/Game/Maps/HelloWorld.HelloWorld:PersistentLevel.HelloWorld' with GeneratedClass '/Game/Maps/HelloWorld.HelloWorld_C' with ClassGeneratedBy '/Game/Maps/HelloWorld.HelloWorld:PersistentLevel.HelloWorld'
[2018.04.02-23.29.52:496][ 91]LogBlueprintUserMessages: Late EndPlayMap Detection: Level '/Game/Maps/HelloWorld.HelloWorld:PersistentLevel' has LevelScriptBlueprint '/Game/Maps/HelloWorld.HelloWorld:PersistentLevel.HelloWorld' with GeneratedClass '/Game/Maps/HelloWorld.HelloWorld_C' with ClassGeneratedBy '/Game/Maps/HelloWorld.HelloWorld:PersistentLevel.HelloWorld'
[2018.04.02-23.30.07:511][594]LogWindowsTextInputMethodSystem:Display: IME system now deactivated.
[2018.04.02-23.30.07:665][595]Cmd: QUIT_EDITOR
[2018.04.02-23.30.08:500][595]LogExit: Preparing to exit.
[2018.04.02-23.30.09:206][595]LogDirectoryWatcher: A directory notification for 'D:/Users/JoshR/Documents/GitHub/FMP_RPG_Game_Charm/Content/' was aborted.
[2018.04.02-23.30.09:231][595]LogExit: Editor shut down
[2018.04.02-23.30.09:235][595]LogExit: Transaction tracking system shut down
[2018.04.02-23.30.09:310][595]LogObj: Freed 0b from 0 cluster array pools.
[2018.04.02-23.30.09:310][595]LogExit: Object subsystem successfully closed.
[2018.04.02-23.30.09:332][595]LogD3D11RHI: Shutdown
[2018.04.02-23.30.09:332][595]LogD3D11RHI: CleanupD3DDevice
[2018.04.02-23.30.09:380][595]LogD3D11RHI: ~FD3D11DynamicRHI
[2018.04.02-23.30.09:422][595]LogModuleManager: Shutting down and abandoning module MovieSceneCapture (534)
[2018.04.02-23.30.09:422][595]LogModuleManager: Shutting down and abandoning module BlueprintGraph (532)
[2018.04.02-23.30.09:422][595]LogModuleManager: Shutting down and abandoning module BlueprintProfiler (530)
[2018.04.02-23.30.09:422][595]LogModuleManager: Shutting down and abandoning module HierarchicalLODOutliner (528)
[2018.04.02-23.30.09:422][595]LogModuleManager: Shutting down and abandoning module CrashTracker (526)
[2018.04.02-23.30.09:422][595]LogModuleManager: Shutting down and abandoning module SceneOutliner (524)
[2018.04.02-23.30.09:422][595]LogModuleManager: Shutting down and abandoning module AddContentDialog (522)
[2018.04.02-23.30.09:422][595]LogDirectoryWatcher: A directory notification for 'D:/Program Files/UE_4.16/FeaturePacks/' was aborted.
[2018.04.02-23.30.09:423][595]LogModuleManager: Shutting down and abandoning module WidgetCarousel (521)
[2018.04.02-23.30.09:423][595]LogModuleManager: Shutting down and abandoning module EditorWidgets (518)
[2018.04.02-23.30.09:423][595]LogModuleManager: Shutting down and abandoning module CollectionManager (516)
[2018.04.02-23.30.09:423][595]LogDirectoryWatcher: A directory notification for 'D:/Users/JoshR/Documents/GitHub/FMP_RPG_Game_Charm/Content/Collections/' was aborted.
[2018.04.02-23.30.09:423][595]LogDirectoryWatcher: A directory notification for 'D:/Users/JoshR/Documents/GitHub/FMP_RPG_Game_Charm/Content/Developers/JoshR/Collections/' was aborted.
[2018.04.02-23.30.09:423][595]LogDirectoryWatcher: A directory notification for 'D:/Users/JoshR/Documents/GitHub/FMP_RPG_Game_Charm/Saved/Collections/' was aborted.
[2018.04.02-23.30.09:423][595]LogModuleManager: Shutting down and abandoning module StatsViewer (514)
[2018.04.02-23.30.09:423][595]LogModuleManager: Shutting down and abandoning module FoliageEdit (512)
[2018.04.02-23.30.09:423][595]LogModuleManager: Shutting down and abandoning module LandscapeEditor (510)
[2018.04.02-23.30.09:423][595]LogModuleManager: Shutting down and abandoning module MeshPaintMode (508)
[2018.04.02-23.30.09:423][595]LogModuleManager: Shutting down and abandoning module SceneDepthPickerMode (506)
[2018.04.02-23.30.09:423][595]LogModuleManager: Shutting down and abandoning module ActorPickerMode (504)
[2018.04.02-23.30.09:423][595]LogModuleManager: Shutting down and abandoning module GeometryMode (502)
[2018.04.02-23.30.09:423][595]LogModuleManager: Shutting down and abandoning module TextureAlignMode (500)
[2018.04.02-23.30.09:423][595]LogModuleManager: Shutting down and abandoning module BspMode (498)
[2018.04.02-23.30.09:423][595]LogModuleManager: Shutting down and abandoning module HardwareSurvey (496)
[2018.04.02-23.30.09:423][595]LogModuleManager: Shutting down and abandoning module SequenceRecorderSections (494)
[2018.04.02-23.30.09:423][595]LogModuleManager: Shutting down and abandoning module AutomationWorker (492)
[2018.04.02-23.30.09:423][595]LogModuleManager: Shutting down and abandoning module MatineeToLevelSequence (490)
[2018.04.02-23.30.09:423][595]LogModuleManager: Shutting down and abandoning module LevelSequenceEditor (488)
[2018.04.02-23.30.09:423][595]LogModuleManager: Shutting down and abandoning module PlacementMode (487)
[2018.04.02-23.30.09:423][595]LogModuleManager: Shutting down and abandoning module WmfMediaFactory (484)
[2018.04.02-23.30.09:423][595]LogModuleManager: Shutting down and abandoning module WmfMediaEditor (482)
[2018.04.02-23.30.09:423][595]LogModuleManager: Shutting down and abandoning module AvfMediaFactory (480)
[2018.04.02-23.30.09:423][595]LogModuleManager: Shutting down and abandoning module AvfMediaEditor (478)
[2018.04.02-23.30.09:423][595]LogModuleManager: Shutting down and abandoning module AndroidMediaFactory (476)
[2018.04.02-23.30.09:423][595]LogModuleManager: Shutting down and abandoning module Media (475)
[2018.04.02-23.30.09:423][595]LogModuleManager: Shutting down and abandoning module AndroidMediaEditor (472)
[2018.04.02-23.30.09:423][595]LogModuleManager: Shutting down and abandoning module CharacterAI (470)
[2018.04.02-23.30.09:423][595]LogModuleManager: Shutting down and abandoning module AudioCapture (468)
[2018.04.02-23.30.09:423][595]LogModuleManager: Shutting down and abandoning module SequenceRecorder (467)
[2018.04.02-23.30.09:423][595]LogModuleManager: Shutting down and abandoning module SmartSnapping (464)
[2018.04.02-23.30.09:423][595]LogModuleManager: Shutting down and abandoning module SessionServices (462)
[2018.04.02-23.30.09:423][595]LogModuleManager: Shutting down and abandoning module ViewportSnapping (460)
[2018.04.02-23.30.09:423][595]LogModuleManager: Shutting down and abandoning module ViewportInteraction (458)
[2018.04.02-23.30.09:423][595]LogModuleManager: Shutting down and abandoning module ClothPainter (456)
[2018.04.02-23.30.09:423][595]LogModuleManager: Shutting down and abandoning module LogVisualizer (454)
[2018.04.02-23.30.09:423][595]LogModuleManager: Shutting down and abandoning module IntroTutorials (452)
[2018.04.02-23.30.09:423][595]LogModuleManager: Shutting down and abandoning module GameProjectGeneration (451)
[2018.04.02-23.30.09:423][595]LogModuleManager: Shutting down and abandoning module EditorLiveStreaming (448)
[2018.04.02-23.30.09:423][595]LogModuleManager: Shutting down and abandoning module IOSPlatformEditor (446)
[2018.04.02-23.30.09:424][595]LogModuleManager: Shutting down and abandoning module HTML5PlatformEditor (444)
[2018.04.02-23.30.09:424][595]LogModuleManager: Shutting down and abandoning module AndroidPlatformEditor (442)
[2018.04.02-23.30.09:424][595]LogModuleManager: Shutting down and abandoning module AndroidDeviceDetection (441)
[2018.04.02-23.30.09:657][595]LogModuleManager: Shutting down and abandoning module IOSRuntimeSettings (438)
[2018.04.02-23.30.09:657][595]LogModuleManager: Shutting down and abandoning module AndroidRuntimeSettings (436)
[2018.04.02-23.30.09:657][595]LogModuleManager: Shutting down and abandoning module InputBindingEditor (434)
[2018.04.02-23.30.09:657][595]LogModuleManager: Shutting down and abandoning module MergeActors (432)
[2018.04.02-23.30.09:657][595]LogModuleManager: Shutting down and abandoning module SizeMap (430)
[2018.04.02-23.30.09:657][595]LogModuleManager: Shutting down and abandoning module TreeMap (428)
[2018.04.02-23.30.09:657][595]LogModuleManager: Shutting down and abandoning module ReferenceViewer (426)
[2018.04.02-23.30.09:657][595]LogModuleManager: Shutting down and abandoning module LocalizationDashboard (424)
[2018.04.02-23.30.09:657][595]LogModuleManager: Shutting down and abandoning module LocalizationService (423)
[2018.04.02-23.30.09:657][595]LogModuleManager: Shutting down and abandoning module HardwareTargeting (420)
[2018.04.02-23.30.09:657][595]LogModuleManager: Shutting down and abandoning module DeviceProfileEditor (418)
[2018.04.02-23.30.09:657][595]LogModuleManager: Shutting down and abandoning module UndoHistory (416)
[2018.04.02-23.30.09:657][595]LogModuleManager: Shutting down and abandoning module UserFeedback (414)
[2018.04.02-23.30.09:657][595]LogModuleManager: Shutting down and abandoning module XmlParser (412)
[2018.04.02-23.30.09:657][595]LogModuleManager: Shutting down and abandoning module Blutility (410)
[2018.04.02-23.30.09:657][595]LogModuleManager: Shutting down and abandoning module ProjectSettingsViewer (408)
[2018.04.02-23.30.09:657][595]LogModuleManager: Shutting down and abandoning module ProjectTargetPlatformEditor (407)
[2018.04.02-23.30.09:657][595]LogModuleManager: Shutting down and abandoning module EditorSettingsViewer (404)
[2018.04.02-23.30.09:657][595]LogModuleManager: Shutting down and abandoning module SettingsEditor (402)
[2018.04.02-23.30.09:657][595]LogModuleManager: Shutting down and abandoning module ProjectLauncher (400)
[2018.04.02-23.30.09:657][595]LogModuleManager: Shutting down and abandoning module SessionFrontend (398)
[2018.04.02-23.30.09:657][595]LogModuleManager: Shutting down and abandoning module ProfilerClient (396)
[2018.04.02-23.30.09:657][595]LogModuleManager: Shutting down and abandoning module DeviceManager (394)
[2018.04.02-23.30.09:657][595]LogModuleManager: Shutting down and abandoning module TargetDeviceServices (393)
[2018.04.02-23.30.09:709][595]LogModuleManager: Shutting down and abandoning module AutomationController (390)
[2018.04.02-23.30.09:709][595]LogModuleManager: Shutting down and abandoning module AutomationWindow (388)
[2018.04.02-23.30.09:709][595]LogModuleManager: Shutting down and abandoning module Layers (386)
[2018.04.02-23.30.09:709][595]LogModuleManager: Shutting down and abandoning module ComponentVisualizers (384)
[2018.04.02-23.30.09:709][595]LogModuleManager: Shutting down and abandoning module DetailCustomizations (382)
[2018.04.02-23.30.09:709][595]LogModuleManager: Shutting down and abandoning module PackagesDialog (380)
[2018.04.02-23.30.09:709][595]LogModuleManager: Shutting down and abandoning module Persona (378)
[2018.04.02-23.30.09:709][595]LogModuleManager: Shutting down and abandoning module AdvancedPreviewScene (377)
[2018.04.02-23.30.09:709][595]LogModuleManager: Shutting down and abandoning module AnimGraph (375)
[2018.04.02-23.30.09:709][595]LogModuleManager: Shutting down and abandoning module Kismet (372)
[2018.04.02-23.30.09:713][595]LogModuleManager: Shutting down and abandoning module ClassViewer (370)
[2018.04.02-23.30.09:713][595]LogModuleManager: Shutting down and abandoning module Toolbox (368)
[2018.04.02-23.30.09:713][595]LogModuleManager: Shutting down and abandoning module ModuleUI (366)
[2018.04.02-23.30.09:713][595]LogModuleManager: Shutting down and abandoning module MovieSceneTools (364)
[2018.04.02-23.30.09:713][595]LogModuleManager: Shutting down and abandoning module OutputLog (362)
[2018.04.02-23.30.09:713][595]LogModuleManager: Shutting down and abandoning module GammaUI (360)
[2018.04.02-23.30.09:713][595]LogModuleManager: Shutting down and abandoning module Documentation (358)
[2018.04.02-23.30.09:713][595]LogModuleManager: Shutting down and abandoning module MovieSceneTracks (356)
[2018.04.02-23.30.09:713][595]LogModuleManager: Shutting down and abandoning module MovieScene (354)
[2018.04.02-23.30.09:713][595]LogModuleManager: Shutting down and abandoning module Niagara (352)
[2018.04.02-23.30.09:713][595]LogModuleManager: Shutting down and abandoning module NiagaraEditor (351)
[2018.04.02-23.30.09:713][595]LogModuleManager: Shutting down and abandoning module StreamingPauseRendering (348)
[2018.04.02-23.30.09:713][595]LogModuleManager: Shutting down and abandoning module AnalyticsET (346)
[2018.04.02-23.30.09:713][595]LogModuleManager: Shutting down and abandoning module PortalServices (344)
[2018.04.02-23.30.09:713][595]LogModuleManager: Shutting down and abandoning module PortalRpc (342)
[2018.04.02-23.30.09:713][595]LogModuleManager: Shutting down and abandoning module MessagingRpc (340)
[2018.04.02-23.30.09:713][595]LogModuleManager: Shutting down and abandoning module AIModule (338)
[2018.04.02-23.30.09:713][595]LogModuleManager: Shutting down and abandoning module GameplayDebugger (337)
[2018.04.02-23.30.09:713][595]LogModuleManager: Shutting down and abandoning module AITestSuite (335)
[2018.04.02-23.30.09:713][595]LogModuleManager: Shutting down and abandoning module ProfilerService (332)
[2018.04.02-23.30.09:857][595]LogModuleManager: Shutting down and abandoning module TaskGraph (330)
[2018.04.02-23.30.09:857][595]LogModuleManager: Shutting down and abandoning module SubstanceEditor (328)
[2018.04.02-23.30.09:857][595]LogModuleManager: Shutting down and abandoning module SteamVRController (326)
[2018.04.02-23.30.09:857][595]LogModuleManager: Shutting down and abandoning module SteamVR (324)
[2018.04.02-23.30.09:857][595]LogModuleManager: Shutting down and abandoning module ProceduralMeshComponentEditor (322)
[2018.04.02-23.30.09:857][595]LogModuleManager: Shutting down and abandoning module ProceduralMeshComponent (320)
[2018.04.02-23.30.09:857][595]LogModuleManager: Shutting down and abandoning module OculusLibrary (318)
[2018.04.02-23.30.09:857][595]LogModuleManager: Shutting down and abandoning module OculusInput (316)
[2018.04.02-23.30.09:857][595]LogModuleManager: Shutting down and abandoning module MobilePatchingUtils (314)
[2018.04.02-23.30.09:857][595]LogModuleManager: Shutting down and abandoning module CustomMeshComponent (312)
[2018.04.02-23.30.09:857][595]LogModuleManager: Shutting down and abandoning module CableComponent (310)
[2018.04.02-23.30.09:857][595]LogModuleManager: Shutting down and abandoning module ArchVisCharacter (308)
[2018.04.02-23.30.09:857][595]LogModuleManager: Shutting down and abandoning module AndroidPermission (306)
[2018.04.02-23.30.09:857][595]LogModuleManager: Shutting down and abandoning module MediaPlayerEditor (302)
[2018.04.02-23.30.09:857][595]LogModuleManager: Shutting down and abandoning module HTML5Networking (300)
[2018.04.02-23.30.09:857][595]LogModuleManager: Shutting down and abandoning module AlembicImporter (298)
[2018.04.02-23.30.09:857][595]LogModuleManager: Shutting down and abandoning module AlembicLibrary (297)
[2018.04.02-23.30.09:857][595]LogModuleManager: Shutting down and abandoning module GeometryCache (296)
[2018.04.02-23.30.09:857][595]LogModuleManager: Shutting down and abandoning module GeometryCacheEd (295)
[2018.04.02-23.30.09:857][595]LogModuleManager: Shutting down and abandoning module SuperSearchEditor (290)
[2018.04.02-23.30.09:857][595]LogModuleManager: Shutting down and abandoning module SuperSearch (289)
[2018.04.02-23.30.09:857][595]LogModuleManager: Shutting down and abandoning module SpeedTreeImporter (286)
[2018.04.02-23.30.09:857][595]LogModuleManager: Shutting down and abandoning module PluginBrowser (284)
[2018.04.02-23.30.09:857][595]LogModuleManager: Shutting down and abandoning module MobileLauncherProfileWizard (282)
[2018.04.02-23.30.09:857][595]LogModuleManager: Shutting down and abandoning module VisualStudioSourceCodeAccess (280)
[2018.04.02-23.30.09:857][595]LogModuleManager: Shutting down and abandoning module DesktopPlatform (279)
[2018.04.02-23.30.09:857][595]LogModuleManager: Shutting down and abandoning module UObjectPlugin (276)
[2018.04.02-23.30.09:857][595]LogModuleManager: Shutting down and abandoning module SubversionSourceControl (274)
[2018.04.02-23.30.09:857][595]LogModuleManager: Shutting down and abandoning module PerforceSourceControl (272)
[2018.04.02-23.30.09:857][595]LogModuleManager: Shutting down and abandoning module GitSourceControl (270)
[2018.04.02-23.30.09:857][595]LogModuleManager: Shutting down and abandoning module SourceControl (269)
[2018.04.02-23.30.09:857][595]LogModuleManager: Shutting down and abandoning module LightPropagationVolumeEditor (266)
[2018.04.02-23.30.09:857][595]LogModuleManager: Shutting down and abandoning module PaperTiledImporter (264)
[2018.04.02-23.30.09:857][595]LogModuleManager: Shutting down and abandoning module PaperSpriteSheetImporter (262)
[2018.04.02-23.30.09:857][595]LogModuleManager: Shutting down and abandoning module Paper2DEditor (260)
[2018.04.02-23.30.09:857][595]LogModuleManager: Shutting down and abandoning module MeshPaint (259)
[2018.04.02-23.30.09:857][595]LogModuleManager: Shutting down and abandoning module LevelEditor (257)
[2018.04.02-23.30.09:858][595]LogModuleManager: Shutting down and abandoning module PixelInspectorModule (256)
[2018.04.02-23.30.09:858][595]LogModuleManager: Shutting down and abandoning module MainFrame (254)
[2018.04.02-23.30.09:858][595]LogModuleManager: Shutting down and abandoning module HotReload (253)
[2018.04.02-23.30.09:858][595]LogModuleManager: Shutting down and abandoning module PhysXVehiclesEditor (248)
[2018.04.02-23.30.09:858][595]LogModuleManager: Shutting down and abandoning module PhysXVehicles (246)
[2018.04.02-23.30.09:858][595]LogModuleManager: Shutting down and abandoning module LocationServicesBPLibrary (244)
[2018.04.02-23.30.09:858][595]LogModuleManager: Shutting down and abandoning module ImmediatePhysicsEditor (242)
[2018.04.02-23.30.09:858][595]LogModuleManager: Shutting down and abandoning module ImmediatePhysics (240)
[2018.04.02-23.30.09:858][595]LogModuleManager: Shutting down and abandoning module UdpMessaging (238)
[2018.04.02-23.30.09:959][595]LogModuleManager: Shutting down and abandoning module TcpMessaging (236)
[2018.04.02-23.30.10:059][595]LogModuleManager: Shutting down and abandoning module SubstanceCore (234)
[2018.04.02-23.30.10:059][595]LogModuleManager: Shutting down and abandoning module GameplayTagsEditor (232)
[2018.04.02-23.30.10:059][595]LogModuleManager: Shutting down and abandoning module FacialAnimationEditor (230)
[2018.04.02-23.30.10:059][595]LogModuleManager: Shutting down and abandoning module FacialAnimation (228)
[2018.04.02-23.30.10:059][595]LogModuleManager: Shutting down and abandoning module AssetManagerEditor (226)
[2018.04.02-23.30.10:059][595]LogModuleManager: Shutting down and abandoning module GraphEditor (225)
[2018.04.02-23.30.10:059][595]LogModuleManager: Shutting down and abandoning module ContentBrowser (223)
[2018.04.02-23.30.10:060][595]LogModuleManager: Shutting down and abandoning module LightPropagationVolumeRuntime (220)
[2018.04.02-23.30.10:060][595]LogModuleManager: Shutting down and abandoning module Paper2D (218)
[2018.04.02-23.30.10:060][595]LogModuleManager: Shutting down and abandoning module WindowsMoviePlayer (216)
[2018.04.02-23.30.10:060][595]LogModuleManager: Shutting down and abandoning module WmfMedia (214)
[2018.04.02-23.30.10:061][595]LogModuleManager: Shutting down and abandoning module ClothingSystemEditor (212)
[2018.04.02-23.30.10:061][595]LogModuleManager: Shutting down and abandoning module ClothingSystemRuntime (210)
[2018.04.02-23.30.10:061][595]LogModuleManager: Shutting down and abandoning module MediaAssets (208)
[2018.04.02-23.30.10:061][595]LogModuleManager: Shutting down and abandoning module GameLiveStreaming (206)
[2018.04.02-23.30.10:061][595]LogModuleManager: Shutting down and abandoning module VREditor (204)
[2018.04.02-23.30.10:061][595]LogModuleManager: Shutting down and abandoning module StringTableEditor (202)
[2018.04.02-23.30.10:061][595]LogModuleManager: Shutting down and abandoning module GameplayTasksEditor (200)
[2018.04.02-23.30.10:061][595]LogModuleManager: Shutting down and abandoning module BehaviorTreeEditor (198)
[2018.04.02-23.30.10:061][595]LogModuleManager: Shutting down and abandoning module FunctionalTesting (196)
[2018.04.02-23.30.10:061][595]LogModuleManager: Shutting down and abandoning module CollisionAnalyzer (194)
[2018.04.02-23.30.10:061][595]LogModuleManager: Shutting down and abandoning module UMG (192)
[2018.04.02-23.30.10:061][595]LogModuleManager: Shutting down and abandoning module UMGEditor (191)
[2018.04.02-23.30.10:061][595]LogModuleManager: Shutting down and abandoning module Sequencer (190)
[2018.04.02-23.30.10:061][595]LogModuleManager: Shutting down and abandoning module AssetTools (188)
[2018.04.02-23.30.10:062][595]LogModuleManager: Shutting down and abandoning module MessageLog (187)
[2018.04.02-23.30.10:062][595]LogModuleManager: Shutting down and abandoning module WorkspaceMenuStructure (186)
[2018.04.02-23.30.10:062][595]LogModuleManager: Shutting down and abandoning module SlateReflector (180)
[2018.04.02-23.30.10:062][595]LogModuleManager: Shutting down and abandoning module Slate (178)
[2018.04.02-23.30.10:062][595]LogModuleManager: Shutting down and abandoning module EditorStyle (176)
[2018.04.02-23.30.10:065][595]LogModuleManager: Shutting down and abandoning module SourceCodeAccess (174)
[2018.04.02-23.30.10:065][595]LogModuleManager: Shutting down and abandoning module HeadMountedDisplay (172)
[2018.04.02-23.30.10:065][595]LogModuleManager: Shutting down and abandoning module XAudio2 (170)
[2018.04.02-23.30.10:065][595]LogModuleManager: Shutting down and abandoning module Networking (168)
[2018.04.02-23.30.10:065][595]LogModuleManager: Shutting down and abandoning module Core (164)
[2018.04.02-23.30.10:065][595]LogModuleManager: Shutting down and abandoning module AssetRegistry (162)
[2018.04.02-23.30.10:145][595]LogDirectoryWatcher: A directory notification for '../../../Engine/Content/' was aborted.
[2018.04.02-23.30.10:145][595]LogDirectoryWatcher: A directory notification for '../../../../../Users/JoshR/Documents/GitHub/FMP_RPG_Game_Charm/Content/' was aborted.
[2018.04.02-23.30.10:145][595]LogDirectoryWatcher: A directory notification for '../../../Engine/Plugins/2D/Paper2D/Content/' was aborted.
[2018.04.02-23.30.10:145][595]LogDirectoryWatcher: A directory notification for '../../../Engine/Plugins/Runtime/GearVR/Content/' was aborted.
[2018.04.02-23.30.10:147][595]LogModuleManager: Shutting down and abandoning module DirectoryWatcher (161)
[2018.04.02-23.30.10:147][595]LogModuleManager: Shutting down and abandoning module KismetCompiler (158)
[2018.04.02-23.30.10:148][595]LogModuleManager: Shutting down and abandoning module LevelSequence (156)
[2018.04.02-23.30.10:148][595]LogModuleManager: Shutting down and abandoning module PhysXFormats (154)
[2018.04.02-23.30.10:148][595]LogModuleManager: Shutting down and abandoning module MeshUtilities (152)
[2018.04.02-23.30.10:148][595]LogModuleManager: Shutting down and abandoning module SimplygonSwarm (151)
[2018.04.02-23.30.10:148][595]LogModuleManager: Shutting down and abandoning module SimplygonMeshReduction (149)
[2018.04.02-23.30.10:148][595]LogModuleManager: Shutting down and abandoning module QuadricMeshReduction (147)
[2018.04.02-23.30.10:148][595]LogModuleManager: Shutting down and abandoning module DerivedDataCache (144)
[2018.04.02-23.30.10:246][595]LogDerivedDataCache: Shutdown
[2018.04.02-23.30.10:247][595]LogModuleManager: Shutting down and abandoning module TargetPlatform (142)
[2018.04.02-23.30.10:247][595]LogModuleManager: Shutting down and abandoning module VulkanShaderFormat (141)
[2018.04.02-23.30.10:247][595]LogModuleManager: Shutting down and abandoning module ShaderFormatVectorVM (139)
[2018.04.02-23.30.10:247][595]LogModuleManager: Shutting down and abandoning module ShaderFormatOpenGL (137)
[2018.04.02-23.30.10:247][595]LogModuleManager: Shutting down and abandoning module ShaderFormatD3D (135)
[2018.04.02-23.30.10:247][595]LogModuleManager: Shutting down and abandoning module MetalShaderFormat (133)
[2018.04.02-23.30.10:247][595]LogModuleManager: Shutting down and abandoning module TextureFormatUncompressed (131)
[2018.04.02-23.30.10:247][595]LogModuleManager: Shutting down and abandoning module TextureFormatPVR (129)
[2018.04.02-23.30.10:247][595]LogModuleManager: Shutting down and abandoning module TextureFormatDXT (127)
[2018.04.02-23.30.10:247][595]LogModuleManager: Shutting down and abandoning module TextureFormatIntelISPCTexComp (125)
[2018.04.02-23.30.10:247][595]LogModuleManager: Shutting down and abandoning module TextureFormatASTC (123)
[2018.04.02-23.30.10:247][595]LogModuleManager: Shutting down and abandoning module ImageWrapper (122)
[2018.04.02-23.30.10:247][595]LogModuleManager: Shutting down and abandoning module TextureFormatAndroid (119)
[2018.04.02-23.30.10:247][595]LogModuleManager: Shutting down and abandoning module AudioFormatOpus (117)
[2018.04.02-23.30.10:247][595]LogModuleManager: Shutting down and abandoning module AudioFormatOgg (115)
[2018.04.02-23.30.10:247][595]LogModuleManager: Shutting down and abandoning module AudioFormatADPCM (113)
[2018.04.02-23.30.10:247][595]LogModuleManager: Shutting down and abandoning module LinuxTargetPlatform (111)
[2018.04.02-23.30.10:247][595]LogModuleManager: Shutting down and abandoning module LinuxServerTargetPlatform (109)
[2018.04.02-23.30.10:247][595]LogModuleManager: Shutting down and abandoning module LinuxNoEditorTargetPlatform (107)
[2018.04.02-23.30.10:247][595]LogModuleManager: Shutting down and abandoning module LinuxClientTargetPlatform (105)
[2018.04.02-23.30.10:247][595]LogModuleManager: Shutting down and abandoning module TVOSTargetPlatform (103)
[2018.04.02-23.30.10:247][595]LogModuleManager: Shutting down and abandoning module Messaging (101)
[2018.04.02-23.30.10:247][595]LogModuleManager: Shutting down and abandoning module IOSTargetPlatform (99)
[2018.04.02-23.30.10:247][595]LogModuleManager: Shutting down and abandoning module HTML5TargetPlatform (97)
[2018.04.02-23.30.10:247][595]LogModuleManager: Shutting down and abandoning module Android_PVRTCTargetPlatform (95)
[2018.04.02-23.30.10:247][595]LogModuleManager: Shutting down and abandoning module Android_MultiTargetPlatform (93)
[2018.04.02-23.30.10:247][595]LogModuleManager: Shutting down and abandoning module Android_ETC2TargetPlatform (91)
[2018.04.02-23.30.10:247][595]LogModuleManager: Shutting down and abandoning module Android_ETC1TargetPlatform (89)
[2018.04.02-23.30.10:247][595]LogModuleManager: Shutting down and abandoning module Android_DXTTargetPlatform (87)
[2018.04.02-23.30.10:247][595]LogModuleManager: Shutting down and abandoning module Android_ATCTargetPlatform (85)
[2018.04.02-23.30.10:247][595]LogModuleManager: Shutting down and abandoning module Android_ASTCTargetPlatform (83)
[2018.04.02-23.30.10:247][595]LogModuleManager: Shutting down and abandoning module AndroidTargetPlatform (81)
[2018.04.02-23.30.10:247][595]LogModuleManager: Shutting down and abandoning module WindowsTargetPlatform (79)
[2018.04.02-23.30.10:247][595]LogModuleManager: Shutting down and abandoning module WindowsServerTargetPlatform (77)
[2018.04.02-23.30.10:247][595]LogModuleManager: Shutting down and abandoning module WindowsNoEditorTargetPlatform (75)
[2018.04.02-23.30.10:247][595]LogModuleManager: Shutting down and abandoning module WindowsClientTargetPlatform (73)
[2018.04.02-23.30.10:247][595]LogModuleManager: Shutting down and abandoning module MacTargetPlatform (71)
[2018.04.02-23.30.10:247][595]LogModuleManager: Shutting down and abandoning module MacServerTargetPlatform (69)
[2018.04.02-23.30.10:247][595]LogModuleManager: Shutting down and abandoning module MacNoEditorTargetPlatform (67)
[2018.04.02-23.30.10:247][595]LogModuleManager: Shutting down and abandoning module MacClientTargetPlatform (65)
[2018.04.02-23.30.10:247][595]LogModuleManager: Shutting down and abandoning module AllDesktopTargetPlatform (63)
[2018.04.02-23.30.10:247][595]LogModuleManager: Shutting down and abandoning module InputCore (60)
[2018.04.02-23.30.10:247][595]LogModuleManager: Shutting down and abandoning module Settings (58)
[2018.04.02-23.30.10:247][595]LogModuleManager: Shutting down and abandoning module OculusRift (56)
[2018.04.02-23.30.10:247][595]LogModuleManager: Shutting down and abandoning module GearVRController (54)
[2018.04.02-23.30.10:247][595]LogModuleManager: Shutting down and abandoning module GearVR (52)
[2018.04.02-23.30.10:247][595]LogModuleManager: Shutting down and abandoning module ExampleDeviceProfileSelector (50)
[2018.04.02-23.30.10:247][595]LogModuleManager: Shutting down and abandoning module OnlineBlueprintSupport (48)
[2018.04.02-23.30.10:247][595]LogModuleManager: Shutting down and abandoning module OnlineSubsystem (44)
[2018.04.02-23.30.10:247][595]LogOnline:Display: Unloading online subsystem: NULL
[2018.04.02-23.30.10:247][595]LogModuleManager: Shutting down and abandoning module XMPP (43)
[2018.04.02-23.30.10:247][595]LogModuleManager: Shutting down and abandoning module HTTP (41)
[2018.04.02-23.30.10:247][595]LogHttp:Display: Http module shutting down, but needs to wait on 1 outstanding Http requests:
[2018.04.02-23.30.10:247][595]LogHttp:Display: 	verb=[POST] url=[https://datarouter.ol.epicgames.com/datarouter/api/v1/public/data?SessionID=%7BB4F16257-4149-99E0-A782-BEA2FF46A201%7D&AppID=UEEditor.Rocket.Release&AppVersion=4.16.3-3561208%2B%2B%2BUE4%2BRelease-4.16&UserID=f0737b824c736c28631198aee30172af%7C8019e3778a0b4ba78522874ce4acdb0a%7C8a4654aa-9b80-41bd-a943-1725ad37d445&AppEnvironment=datacollector-binary&UploadType=eteventstream] status=Processing
[2018.04.02-23.30.10:271][595]LogModuleManager: Shutting down and abandoning module SSL (40)
[2018.04.02-23.30.10:272][595]LogModuleManager: Shutting down and abandoning module HTTPChunkInstaller (36)
[2018.04.02-23.30.10:272][595]LogModuleManager: Shutting down and abandoning module AnimationModifiers (34)
[2018.04.02-23.30.10:272][595]LogModuleManager: Shutting down and abandoning module PropertyEditor (33)
[2018.04.02-23.30.10:272][595]LogModuleManager: Shutting down and abandoning module AudioEditor (30)
[2018.04.02-23.30.10:272][595]LogModuleManager: Shutting down and abandoning module TextureCompressor (28)
[2018.04.02-23.30.10:272][595]LogModuleManager: Shutting down and abandoning module ShaderCore (26)
[2018.04.02-23.30.10:272][595]LogModuleManager: Shutting down and abandoning module Landscape (24)
[2018.04.02-23.30.10:272][595]LogModuleManager: Shutting down and abandoning module SlateRHIRenderer (22)
[2018.04.02-23.30.10:272][595]LogModuleManager: Shutting down and abandoning module OpenGLDrv (20)
[2018.04.02-23.30.10:272][595]LogModuleManager: Shutting down and abandoning module D3D11RHI (18)
[2018.04.02-23.30.10:273][595]LogModuleManager: Shutting down and abandoning module AnimGraphRuntime (16)
[2018.04.02-23.30.10:273][595]LogModuleManager: Shutting down and abandoning module Renderer (14)
[2018.04.02-23.30.10:273][595]LogModuleManager: Shutting down and abandoning module Engine (12)
[2018.04.02-23.30.10:273][595]LogModuleManager: Shutting down and abandoning module CoreUObject (10)
[2018.04.02-23.30.10:273][595]LogModuleManager: Shutting down and abandoning module NetworkFile (8)
[2018.04.02-23.30.10:273][595]LogModuleManager: Shutting down and abandoning module StreamingFile (6)
[2018.04.02-23.30.10:273][595]LogModuleManager: Shutting down and abandoning module SandboxFile (4)
[2018.04.02-23.30.10:273][595]LogModuleManager: Shutting down and abandoning module PakFile (2)
[2018.04.02-23.30.10:274][595]LogExit: Exiting.
[2018.04.02-23.30.10:284][595]Log file closed, 04/03/18 00:30:10
