Log file open, 02/01/18 20:34:09
LogInit:Display: Running engine for game: RPG_Game
LogPlatformFile: Not using cached read wrapper
LogInit:Display: RandInit(-752200105) SRandInit(-752200104).
LogTaskGraph: Started task graph with 5 named threads and 8 total threads with 1 sets of task threads.
LogStats: Stats thread started at 0.084153
LogInit: Using libcurl 7.47.1
LogInit:  - built for x86_64-pc-win32
LogInit:  - supports SSL with OpenSSL/1.0.2g
LogInit:  - supports HTTP deflate (compression) using libz 1.2.8
LogInit:  - other features:
LogInit:      CURL_VERSION_SSL
LogInit:      CURL_VERSION_LIBZ
LogInit:      CURL_VERSION_IPV6
LogInit:      CURL_VERSION_ASYNCHDNS
LogInit:      CURL_VERSION_LARGEFILE
LogInit:      CURL_VERSION_IDN
LogInit:  CurlRequestOptions (configurable via config and command line):
LogInit:  - bVerifyPeer = false  - Libcurl will NOT verify peer certificate
LogInit:  - bUseHttpProxy = false  - Libcurl will NOT use HTTP proxy
LogInit:  - bDontReuseConnections = false  - Libcurl will reuse connections
LogInit:  - CertBundlePath = nullptr  - Libcurl will use whatever was configured at build time.
LogInit: Build: ++UE4+Release-4.16-CL-3561208
LogInit: Engine Version: 4.16.3-3561208+++UE4+Release-4.16
LogInit: Compatible Engine Version: 4.16.0-3452394+++UE4+Release-4.16
LogInit: Net CL: 3452394
LogDevObjectVersion: Number of dev versions registered: 16
LogDevObjectVersion:   Dev-Blueprints (B0D832E4-1F89-4F0D-ACCF-7EB736FD4AA2): 9
LogDevObjectVersion:   Dev-Build (E1C64328-A22C-4D53-A36C-8E866417BD8C): 0
LogDevObjectVersion:   Dev-Core (375EC13C-06E4-48FB-B500-84F0262A717E): 2
LogDevObjectVersion:   Dev-Editor (E4B068ED-F494-42E9-A231-DA0B2E46BB41): 17
LogDevObjectVersion:   Dev-Framework (CFFC743F-43B0-4480-9391-14DF171D2073): 23
LogDevObjectVersion:   Dev-Mobile (B02B49B5-BB20-44E9-A304-32B752E40360): 0
LogDevObjectVersion:   Dev-Networking (A4E4105C-59A1-49B5-A7C5-40C4547EDFEE): 0
LogDevObjectVersion:   Dev-Online (39C831C9-5AE6-47DC-9A44-9C173E1C8E7C): 0
LogDevObjectVersion:   Dev-Physics (78F01B33-EBEA-4F98-B9B4-84EACCB95AA2): 0
LogDevObjectVersion:   Dev-Platform (6631380F-2D4D-43E0-8009-CF276956A95A): 0
LogDevObjectVersion:   Dev-Rendering (12F88B9F-8875-4AFC-A67C-D90C383ABD29): 15
LogDevObjectVersion:   Dev-Sequencer (7B5AE74C-D270-4C10-A958-57980B212A5A): 4
LogDevObjectVersion:   Dev-VR (D7296918-1DD6-4BDD-9DE2-64A83CC13884): 0
LogDevObjectVersion:   Dev-LoadTimes (C2A15278-BFE7-4AFE-6C17-90FF531DF755): 1
LogDevObjectVersion:   Private-Geometry (6EACA3D4-40EC-4CC1-B786-8BED09428FC5): 1
LogDevObjectVersion:   Dev-AnimPhys (29E575DD-E0A3-4627-9D10-D276232CDCEA): 3
LogInit: Compiled (64-bit): Jul 28 2017 11:49:47
LogInit: Compiled with Visual C++: 19.00.24215.01
LogInit: Build Configuration: Development
LogInit: Branch Name: ++UE4+Release-4.16
LogInit: Command line:  /Temp/Autosaves/Game/Maps/UEDPCMenu -game -PIEVIACONSOLE -ResX=1280 -ResY=720  -Multiprocess -messaging -SessionName="Play in Standalone Game" -windowed 
LogInit: Base directory: D:/Program Files/UE_4.16/Engine/Binaries/Win64/
LogInit: Installed Engine Build: 1
LogInit: Presizing for max 8388607 objects, including 0 objects not considered by GC, pre-allocating 0 bytes for permanent pool.
LogInit: Object subsystem initialized
[2018.02.01-20.34.09:408][  0]LogInit: Selected Device Profile: [Windows]
[2018.02.01-20.34.09:408][  0]LogInit: Applying CVar settings loaded from the selected device profile: [Windows]
[2018.02.01-20.34.09:410][  0]LogInit: Computer: DESKTOP-46CB9MQ
[2018.02.01-20.34.09:410][  0]LogInit: User: JoshR
[2018.02.01-20.34.09:410][  0]LogInit: CPU Page size=4096, Cores=4
[2018.02.01-20.34.09:410][  0]LogInit: High frequency timer resolution =3.421878 MHz
[2018.02.01-20.34.09:410][  0]LogMemory: Memory total: Physical=16.0GB (16GB approx)
[2018.02.01-20.34.09:410][  0]LogMemory: Platform Memory Stats for Windows
[2018.02.01-20.34.09:410][  0]LogMemory: Process Physical Memory: 273.22 MB used, 273.22 MB peak
[2018.02.01-20.34.09:410][  0]LogMemory: Process Virtual Memory: 266.74 MB used, 266.74 MB peak
[2018.02.01-20.34.09:410][  0]LogMemory: Physical Memory: 5239.46 MB used,  11104.54 MB free, 16344.00 MB total
[2018.02.01-20.34.09:410][  0]LogMemory: Virtual Memory: 662.43 MB used,  11104.54 MB free, 134217728.00 MB total
[2018.02.01-20.34.09:450][  0]LogInit: Using OS detected language (en-GB).
[2018.02.01-20.34.09:450][  0]LogInit: Using OS detected locale (en-GB).
[2018.02.01-20.34.09:453][  0]LogTextLocalizationManager: No specific localization for 'en-GB' exists, so the 'en' localization will be used.
[2018.02.01-20.34.09:987][  0]LogD3D11RHI: D3D11 adapters:
[2018.02.01-20.34.10:023][  0]LogD3D11RHI:    0. 'NVIDIA GeForce GTX 970' (Feature Level 11_0)
[2018.02.01-20.34.10:023][  0]LogD3D11RHI:       4043/0/8172 MB DedicatedVideo/DedicatedSystem/SharedSystem, Outputs:1, VendorId:0x10de
[2018.02.01-20.34.10:024][  0]LogD3D11RHI:    1. 'Microsoft Basic Render Driver' (Feature Level 11_0)
[2018.02.01-20.34.10:024][  0]LogD3D11RHI:       0/0/8172 MB DedicatedVideo/DedicatedSystem/SharedSystem, Outputs:0, VendorId:0x1414
[2018.02.01-20.34.10:024][  0]LogD3D11RHI: Chosen D3D11 Adapter: 0
[2018.02.01-20.34.10:029][  0]LogD3D11RHI: Creating new Direct3DDevice
[2018.02.01-20.34.10:029][  0]LogD3D11RHI:     GPU DeviceId: 0x13c2 (for the marketing name, search the web for "GPU Device Id")
[2018.02.01-20.34.10:029][  0]LogWindows: EnumDisplayDevices:
[2018.02.01-20.34.10:029][  0]LogWindows:    0. 'NVIDIA GeForce GTX 970' (P:1 D:1)
[2018.02.01-20.34.10:029][  0]LogWindows:    1. 'NVIDIA GeForce GTX 970' (P:0 D:0)
[2018.02.01-20.34.10:029][  0]LogWindows:    2. 'NVIDIA GeForce GTX 970' (P:0 D:0)
[2018.02.01-20.34.10:029][  0]LogWindows:    3. 'NVIDIA GeForce GTX 970' (P:0 D:0)
[2018.02.01-20.34.10:029][  0]LogWindows: DebugString: GetVideoDriverDetailsInvalid PrimaryIsNotTheChoosenAdapter GetVideoDriverDetailsInvalid PrimaryIsNotTheChoosenAdapter GetVideoDriverDetailsInvalid PrimaryIsNotTheChoosenAdapter GetVideoDriverDetailsInvalid PrimaryIsNotTheChoosenAdapter FoundDriverCount:0 
[2018.02.01-20.34.10:029][  0]LogD3D11RHI:     Adapter Name: NVIDIA GeForce GTX 970
[2018.02.01-20.34.10:029][  0]LogD3D11RHI:   Driver Version: Unknown (internal:Unknown, unified:Unknown)
[2018.02.01-20.34.10:029][  0]LogD3D11RHI:      Driver Date: Unknown
[2018.02.01-20.34.10:029][  0]LogRHI: Texture pool is 1361 MB (70% of 1945 MB)
[2018.02.01-20.34.10:048][  0]LogD3D11RHI: Async texture creation enabled
[2018.02.01-20.34.10:067][  0]LogD3D11RHI: GPU Timing Frequency: 1000.000000 (Debug: 2 2)
[2018.02.01-20.34.10:069][  0]LogShaderCompilers: Guid format shader working directory is -17 characters bigger than the processId version (../../../../../Users/JoshR/Documents/GitHub/FMP_RPG_Game_Charm/Intermediate/Shaders/WorkingDirectory/12916/).
[2018.02.01-20.34.10:069][  0]LogShaderCompilers: Cleaned the shader compiler working directory 'C:/Users/JoshR/AppData/Local/Temp/UnrealShaderWorkingDir/C382EBDF4F2F82429CEEC5B9589A6938/'.
[2018.02.01-20.34.10:069][  0]LogShaderCompilers:Display: Using Local Shader Compiler.
[2018.02.01-20.34.10:802][  0]LogTemp:Display: Loaded TP WindowsClientTargetPlatform
[2018.02.01-20.34.10:833][  0]LogTemp:Display: Loaded TP WindowsNoEditorTargetPlatform
[2018.02.01-20.34.10:864][  0]LogTemp:Display: Loaded TP WindowsServerTargetPlatform
[2018.02.01-20.34.10:896][  0]LogTemp:Display: Loaded TP WindowsTargetPlatform
[2018.02.01-20.34.10:896][  0]LogTargetPlatformManager:Display: Building Assets For Windows
[2018.02.01-20.34.11:182][  0]LogDerivedDataCache:Display: Max Cache Size: 512 MB
[2018.02.01-20.34.11:247][  0]LogDerivedDataCache: Loaded boot cache 0.06s 90MB C:/Users/JoshR/AppData/Local/UnrealEngine/4.16/DerivedDataCache/Boot.ddc.
[2018.02.01-20.34.11:247][  0]LogDerivedDataCache:Display: Loaded Boot cache: C:/Users/JoshR/AppData/Local/UnrealEngine/4.16/DerivedDataCache/Boot.ddc
[2018.02.01-20.34.11:247][  0]LogDerivedDataCache: FDerivedDataBackendGraph:  Pak pak cache file ../../../../../Users/JoshR/Documents/GitHub/FMP_RPG_Game_Charm/DerivedDataCache/DDC.ddp not found, will not use a pak cache.
[2018.02.01-20.34.11:247][  0]LogDerivedDataCache: Unable to find inner node Pak for hierarchical cache Hierarchy.
[2018.02.01-20.34.11:247][  0]LogDerivedDataCache: FDerivedDataBackendGraph:  CompressedPak pak cache file ../../../../../Users/JoshR/Documents/GitHub/FMP_RPG_Game_Charm/DerivedDataCache/Compressed.ddp not found, will not use a pak cache.
[2018.02.01-20.34.11:247][  0]LogDerivedDataCache: Unable to find inner node CompressedPak for hierarchical cache Hierarchy.
[2018.02.01-20.34.11:259][  0]LogDerivedDataCache:Display: Pak cache opened for reading ../../../Engine/DerivedDataCache/Compressed.ddp.
[2018.02.01-20.34.11:271][  0]LogDerivedDataCache: Using Local data cache path C:/Users/JoshR/AppData/Local/UnrealEngine/Common/DerivedDataCache: Writable
[2018.02.01-20.34.11:278][  0]LogMaterial: Verifying Global Shaders for PCD3D_SM5
[2018.02.01-20.34.11:279][  0]LogSlate: Using Freetype 2.6.0
[2018.02.01-20.34.11:279][  0]LogSlate: SlateFontCache - WITH_FREETYPE: 1, WITH_HARFBUZZ: 1
[2018.02.01-20.34.11:279][  0]LogSlate: SlateFontCache - WITH_FREETYPE: 1, WITH_HARFBUZZ: 1
[2018.02.01-20.34.11:474][  0]LogAssetRegistry: FAssetRegistry took 0.0029 seconds to start up
[2018.02.01-20.34.11:481][  0]LogPackageLocalizationCache: Processed 4 localized package path(s) for 2 prioritized culture(s) in 0.006816 seconds
[2018.02.01-20.34.11:539][  0]LogInit: Selected Device Profile: [Windows]
[2018.02.01-20.34.11:586][  0]LogContentStreaming: Texture pool size is 1000.00 MB
[2018.02.01-20.34.11:692][  0]LogMeshUtilities: Using QuadricMeshReduction for automatic static mesh reduction
[2018.02.01-20.34.11:718][  0]LogSimplygon: Simplygon DLL not present - disabling.
[2018.02.01-20.34.11:748][  0]LogMeshUtilities: Using SimplygonSwarm for distributed automatic mesh merging
[2018.02.01-20.34.11:748][  0]LogMeshUtilities: No automatic skeletal mesh reduction module available
[2018.02.01-20.34.11:748][  0]LogMeshUtilities: No automatic mesh merging module available
[2018.02.01-20.34.12:073][  0]LogNetVersion: RPG_Game , NetCL: 3452394, EngineNetVer: 2, GameNetVer: 0 (Checksum: 2586067795)
[2018.02.01-20.34.12:115][  0]LogInit: WinSock: version 1.1 (2.2), MaxSocks=32767, MaxUdp=65467
[2018.02.01-20.34.12:760][  0]LogMoviePlayer: Initializing movie player
[2018.02.01-20.34.12:976][  0]LogCollectionManager: Loaded 0 collections in 0.000955 seconds
[2018.02.01-20.34.13:021][  0]LogFileCache: Scanning file cache for directory 'D:/Users/JoshR/Documents/GitHub/FMP_RPG_Game_Charm/Saved/Collections/' took 0.01s
[2018.02.01-20.34.13:021][  0]LogFileCache: Scanning file cache for directory 'D:/Users/JoshR/Documents/GitHub/FMP_RPG_Game_Charm/Content/Developers/JoshR/Collections/' took 0.01s
[2018.02.01-20.34.13:021][  0]LogFileCache: Scanning file cache for directory 'D:/Users/JoshR/Documents/GitHub/FMP_RPG_Game_Charm/Content/Collections/' took 0.01s
[2018.02.01-20.34.13:021][  0]LogCollectionManager: Rebuilt the object cache for 0 collections in 0.000001 seconds (found 0 objects)
[2018.02.01-20.34.13:021][  0]LogCollectionManager: Fixed up redirectors for 0 collections in 0.000027 seconds (updated 0 objects)
[2018.02.01-20.34.13:124][  0]LogTcpMessaging: Initializing TcpMessaging bridge
[2018.02.01-20.34.13:153][  0]LogUdpMessaging: Initializing bridge on interface 0.0.0.0:0 to multicast group 230.0.0.1:6666.
[2018.02.01-20.34.13:421][  0]SourceControl: Info Source control is disabled
[2018.02.01-20.34.13:421][  0]SourceControl: Info Source control is disabled
[2018.02.01-20.34.13:451][  0]SourceControl: Info Source control is disabled
[2018.02.01-20.34.13:614][  0]LogAndroidPermission: UAndroidPermissionCallbackProxy::GetInstance
[2018.02.01-20.34.13:894][  0]LogUObjectArray: 37220 objects as part of root set at end of initial load.
[2018.02.01-20.34.13:894][  0]LogUObjectAllocator: 8398848 out of 0 bytes used by permanent object pool.
[2018.02.01-20.34.13:894][  0]LogUObjectArray: CloseDisregardForGC: 0/0 objects in disregard for GC pool
[2018.02.01-20.34.13:966][  0]LogEngine: Initializing Engine...
[2018.02.01-20.34.13:967][  0]LogHMD: Failed to initialize OpenVR with code 110
[2018.02.01-20.34.14:098][  0]LogStats: UGameplayTagsManager::ConstructGameplayTagTree: Construct from data asset -  0.000 s
[2018.02.01-20.34.14:098][  0]LogStats: UGameplayTagsManager::ConstructGameplayTagTree: GameplayTagTreeChangedEvent.Broadcast -  0.000 s
[2018.02.01-20.34.14:107][  0]LogInit: XAudio2 using 'Speakers (High Definition Audio Device)' : 2 channels at 44.1 kHz using 16 bits per sample (channel mask 0x3)
[2018.02.01-20.34.14:123][  0]LogInit: FAudioDevice initialized.
[2018.02.01-20.34.14:142][  0]LogInit: Texture streaming: Enabled
[2018.02.01-20.34.14:152][  0]LogMaterial: Uniform references updated for custom material expression Custom.
[2018.02.01-20.34.14:311][  0]LogSlateStyle:Warning: Unable to find Slate Widget Style 'NormalText'. Using FTextBlockStyle defaults instead.
[2018.02.01-20.34.14:311][  0]LogSlateStyle:Warning: Unable to find Slate Widget Style 'SpinBox'. Using FSpinBoxStyle defaults instead.
[2018.02.01-20.34.14:439][  0]LogInit:Display: Game Engine Initialized.
[2018.02.01-20.34.14:533][  0]LogInit:Display: Starting Game.
[2018.02.01-20.34.14:533][  0]LogNet: Browse: /Temp/Autosaves/Game/Maps/UEDPCMenu?Name=Player
[2018.02.01-20.34.14:533][  0]LogLoad: LoadMap: /Temp/Autosaves/Game/Maps/UEDPCMenu?Name=Player
[2018.02.01-20.34.14:545][  0]LogMemory: Platform Memory Stats for Windows
[2018.02.01-20.34.14:545][  0]LogMemory: Process Physical Memory: 800.42 MB used, 901.47 MB peak
[2018.02.01-20.34.14:545][  0]LogMemory: Process Virtual Memory: 903.98 MB used, 957.04 MB peak
[2018.02.01-20.34.14:545][  0]LogMemory: Physical Memory: 5697.83 MB used,  10646.17 MB free, 16344.00 MB total
[2018.02.01-20.34.14:545][  0]LogMemory: Virtual Memory: 1531.64 MB used,  10646.17 MB free, 134217728.00 MB total
[2018.02.01-20.34.14:545][  0]LogMemory: 
[2018.02.01-20.34.14:545][  0]Allocator Stats for TBB: (not implemented)
[2018.02.01-20.34.14:693][  0]LogAIModule: Creating AISystem for world Menu
[2018.02.01-20.34.14:738][  0]LogLoad: Game class is 'FuseGM_C'
[2018.02.01-20.34.14:739][  0]LogWorld: Bringing World /Temp/Autosaves/Game/Maps/UEDPCMenu.Menu up for play (max tick rate 0) at 2018.02.01-20.34.14
[2018.02.01-20.34.14:739][  0]LogWorld: Bringing up level for play took: 0.000574
[2018.02.01-20.34.14:743][  0]LogLoad: Took 0.209539 seconds to LoadMap(/Temp/Autosaves/Game/Maps/UEDPCMenu)
[2018.02.01-20.34.14:868][  0]LogRenderer: Reallocating scene render targets to support 1280x720 NumSamples 1 (Frame:1).
[2018.02.01-20.34.14:869][  0]LogLoad: (Engine Initialization) Total time: 6.51 seconds
[2018.02.01-20.34.14:869][  0]LogLoad: (Engine Initialization) Total Blueprint compile time: 0.09 seconds
[2018.02.01-20.34.14:869][  0]LogExternalProfiler: No external profilers were discovered.  External profiling features will not be available.
[2018.02.01-20.34.14:885][  0]LogOcInput: OculusInput pre-init called
[2018.02.01-20.34.14:885][  0]LogHMD: Starting GearVRController plugin
[2018.02.01-20.34.16:917][126]r.ScreenPercentage = "50"
[2018.02.01-20.34.16:918][127]LogRenderer: Reallocating scene render targets to support 640x360 NumSamples 1 (Frame:128).
[2018.02.01-20.34.17:062][135]r.ScreenPercentage = "25"
[2018.02.01-20.34.17:063][136]LogRenderer: Reallocating scene render targets to support 320x180 NumSamples 1 (Frame:137).
[2018.02.01-20.34.17:223][145]r.ScreenPercentage = "25"
[2018.02.01-20.34.17:336][152]r.ScreenPercentage = "25"
[2018.02.01-20.34.18:078][198]sg.PostProcessQuality = "1"
[2018.02.01-20.34.18:240][208]sg.PostProcessQuality = "0"
[2018.02.01-20.34.18:401][218]sg.PostProcessQuality = "0"
[2018.02.01-20.34.18:804][243]Command not recognized: PostProcessAAQuality 1
[2018.02.01-20.34.18:949][252]Command not recognized: PostProcessAAQuality 0
[2018.02.01-20.34.19:240][270]sg.ShadowQuality = "1"
[2018.02.01-20.34.19:241][271]LogRenderer: Reallocating scene render targets to support 320x180 NumSamples 1 (Frame:272).
[2018.02.01-20.34.19:385][279]sg.ShadowQuality = "0"
[2018.02.01-20.34.19:386][280]LogRenderer: Reallocating scene render targets to support 320x180 NumSamples 1 (Frame:281).
[2018.02.01-20.34.19:546][289]sg.ShadowQuality = "0"
[2018.02.01-20.34.21:144][384]LogPackageName: SearchForPackageOnDisk took   0.065s to resolve HelloWorld.umap.
[2018.02.01-20.34.21:209][384]LogPackageName: SearchForPackageOnDisk took   0.065s to resolve HelloWorld.umap.
[2018.02.01-20.34.21:209][384]LogNet: Browse: /Game/Maps/HelloWorld
[2018.02.01-20.34.21:209][384]LogLoad: LoadMap: /Game/Maps/HelloWorld
[2018.02.01-20.34.21:225][384]LogMemory: Platform Memory Stats for Windows
[2018.02.01-20.34.21:225][384]LogMemory: Process Physical Memory: 780.73 MB used, 901.47 MB peak
[2018.02.01-20.34.21:225][384]LogMemory: Process Virtual Memory: 975.56 MB used, 1111.73 MB peak
[2018.02.01-20.34.21:225][384]LogMemory: Physical Memory: 5684.91 MB used,  10659.09 MB free, 16344.00 MB total
[2018.02.01-20.34.21:225][384]LogMemory: Virtual Memory: 1653.39 MB used,  10659.09 MB free, 134217728.00 MB total
[2018.02.01-20.34.21:225][384]LogMemory: 
[2018.02.01-20.34.21:225][384]Allocator Stats for TBB: (not implemented)
[2018.02.01-20.34.21:382][384]LogAIModule: Creating AISystem for world HelloWorld
[2018.02.01-20.34.21:421][384]LogLoad: Game class is 'FuseGM_C'
[2018.02.01-20.34.21:439][384]PIE:Warning: Warning Trying to simulate physics on ''/Game/Maps/HelloWorld.HelloWorld:PersistentLevel.Remote_71.StaticMesh'' but it has ComplexAsSimple collision.
[2018.02.01-20.34.21:439][384]LogWorld: Bringing World /Game/Maps/HelloWorld.HelloWorld up for play (max tick rate 0) at 2018.02.01-20.34.21
[2018.02.01-20.34.21:440][384]LogWorld: Bringing up level for play took: 0.018039
[2018.02.01-20.34.21:441][384]LogLoad: Took 0.231497 seconds to LoadMap(/Game/Maps/HelloWorld)
[2018.02.01-20.34.25:319][625]LogScript:Warning: Accessed None trying to read property HeldItem
	PlayerCharacter_C /Game/Maps/HelloWorld.HelloWorld:PersistentLevel.PlayerCharacter_C_0
	Function /Game/PlayerCharacter.PlayerCharacter_C:ExecuteUbergraph_PlayerCharacter:022B
[2018.02.01-20.34.25:319][625]LogScript:Warning: Script call stack:
	Function /Game/PlayerCharacter.PlayerCharacter_C:InpActEvt_LeftMouseButton_K2Node_InputKeyEvent_5
	Function /Game/PlayerCharacter.PlayerCharacter_C:ExecuteUbergraph_PlayerCharacter

[2018.02.01-20.34.36:448][311]LogPackageName: SearchForPackageOnDisk took   0.064s to resolve Menu.umap.
[2018.02.01-20.34.36:512][311]LogPackageName: SearchForPackageOnDisk took   0.064s to resolve Menu.umap.
[2018.02.01-20.34.36:512][311]LogNet: Browse: /Game/Maps/Menu
[2018.02.01-20.34.36:512][311]LogLoad: LoadMap: /Game/Maps/Menu
[2018.02.01-20.34.36:529][311]LogMemory: Platform Memory Stats for Windows
[2018.02.01-20.34.36:529][311]LogMemory: Process Physical Memory: 792.73 MB used, 901.47 MB peak
[2018.02.01-20.34.36:529][311]LogMemory: Process Virtual Memory: 918.43 MB used, 1111.73 MB peak
[2018.02.01-20.34.36:529][311]LogMemory: Physical Memory: 5682.54 MB used,  10661.46 MB free, 16344.00 MB total
[2018.02.01-20.34.36:529][311]LogMemory: Virtual Memory: 1679.20 MB used,  10661.46 MB free, 134217728.00 MB total
[2018.02.01-20.34.36:529][311]LogMemory: 
[2018.02.01-20.34.36:529][311]Allocator Stats for TBB: (not implemented)
[2018.02.01-20.34.36:603][311]LogAIModule: Creating AISystem for world Menu
[2018.02.01-20.34.36:648][311]LogLoad: Game class is 'FuseGM_C'
[2018.02.01-20.34.36:650][311]LogWorld: Bringing World /Game/Maps/Menu.Menu up for play (max tick rate 0) at 2018.02.01-20.34.36
[2018.02.01-20.34.36:650][311]LogWorld: Bringing up level for play took: 0.000464
[2018.02.01-20.34.36:650][311]LogGameMode: FindPlayerStart: PATHS NOT DEFINED or NO PLAYERSTART with positive rating
[2018.02.01-20.34.36:652][311]LogLoad: Took 0.140213 seconds to LoadMap(/Game/Maps/Menu)
[2018.02.01-20.34.40:639][555]LogPackageName: SearchForPackageOnDisk took   0.065s to resolve HelloWorld.umap.
[2018.02.01-20.34.40:704][555]LogPackageName: SearchForPackageOnDisk took   0.064s to resolve HelloWorld.umap.
[2018.02.01-20.34.40:704][555]LogNet: Browse: /Game/Maps/HelloWorld
[2018.02.01-20.34.40:704][555]LogLoad: LoadMap: /Game/Maps/HelloWorld
[2018.02.01-20.34.40:718][555]LogMemory: Platform Memory Stats for Windows
[2018.02.01-20.34.40:718][555]LogMemory: Process Physical Memory: 810.66 MB used, 901.47 MB peak
[2018.02.01-20.34.40:718][555]LogMemory: Process Virtual Memory: 945.50 MB used, 1111.73 MB peak
[2018.02.01-20.34.40:718][555]LogMemory: Physical Memory: 5702.99 MB used,  10641.01 MB free, 16344.00 MB total
[2018.02.01-20.34.40:718][555]LogMemory: Virtual Memory: 1679.82 MB used,  10641.01 MB free, 134217728.00 MB total
[2018.02.01-20.34.40:718][555]LogMemory: 
[2018.02.01-20.34.40:718][555]Allocator Stats for TBB: (not implemented)
[2018.02.01-20.34.40:880][555]LogAIModule: Creating AISystem for world HelloWorld
[2018.02.01-20.34.40:920][555]LogLoad: Game class is 'FuseGM_C'
[2018.02.01-20.34.40:937][555]PIE:Warning: Warning Trying to simulate physics on ''/Game/Maps/HelloWorld.HelloWorld:PersistentLevel.Remote_71.StaticMesh'' but it has ComplexAsSimple collision.
[2018.02.01-20.34.40:938][555]LogWorld: Bringing World /Game/Maps/HelloWorld.HelloWorld up for play (max tick rate 0) at 2018.02.01-20.34.40
[2018.02.01-20.34.40:939][555]LogWorld: Bringing up level for play took: 0.018008
[2018.02.01-20.34.40:940][555]LogLoad: Took 0.236003 seconds to LoadMap(/Game/Maps/HelloWorld)
[2018.02.01-20.34.43:755][725]LogPackageName: SearchForPackageOnDisk took   0.064s to resolve Menu.umap.
[2018.02.01-20.34.43:820][725]LogPackageName: SearchForPackageOnDisk took   0.063s to resolve Menu.umap.
[2018.02.01-20.34.43:820][725]LogNet: Browse: /Game/Maps/Menu
[2018.02.01-20.34.43:820][725]LogLoad: LoadMap: /Game/Maps/Menu
[2018.02.01-20.34.43:837][725]LogMemory: Platform Memory Stats for Windows
[2018.02.01-20.34.43:837][725]LogMemory: Process Physical Memory: 824.38 MB used, 901.47 MB peak
[2018.02.01-20.34.43:837][725]LogMemory: Process Virtual Memory: 1007.60 MB used, 1111.73 MB peak
[2018.02.01-20.34.43:837][725]LogMemory: Physical Memory: 5709.45 MB used,  10634.55 MB free, 16344.00 MB total
[2018.02.01-20.34.43:837][725]LogMemory: Virtual Memory: 1719.82 MB used,  10634.55 MB free, 134217728.00 MB total
[2018.02.01-20.34.43:837][725]LogMemory: 
[2018.02.01-20.34.43:837][725]Allocator Stats for TBB: (not implemented)
[2018.02.01-20.34.43:910][725]LogAIModule: Creating AISystem for world Menu
[2018.02.01-20.34.43:954][725]LogLoad: Game class is 'FuseGM_C'
[2018.02.01-20.34.43:956][725]LogWorld: Bringing World /Game/Maps/Menu.Menu up for play (max tick rate 0) at 2018.02.01-20.34.43
[2018.02.01-20.34.43:957][725]LogWorld: Bringing up level for play took: 0.000565
[2018.02.01-20.34.43:957][725]LogGameMode: FindPlayerStart: PATHS NOT DEFINED or NO PLAYERSTART with positive rating
[2018.02.01-20.34.43:960][725]LogLoad: Took 0.140089 seconds to LoadMap(/Game/Maps/Menu)
[2018.02.01-20.34.45:866][844]r.ScreenPercentage = "50"
[2018.02.01-20.34.45:867][845]LogRenderer: Reallocating scene render targets to support 640x360 NumSamples 1 (Frame:121).
[2018.02.01-20.34.46:026][854]r.ScreenPercentage = "25"
[2018.02.01-20.34.46:028][855]LogRenderer: Reallocating scene render targets to support 320x180 NumSamples 1 (Frame:131).
[2018.02.01-20.34.46:188][864]r.ScreenPercentage = "25"
[2018.02.01-20.34.47:188][926]sg.PostProcessQuality = "1"
[2018.02.01-20.34.47:317][934]sg.PostProcessQuality = "0"
[2018.02.01-20.34.47:623][953]Command not recognized: PostProcessAAQuality 1
[2018.02.01-20.34.47:753][961]Command not recognized: PostProcessAAQuality 0
[2018.02.01-20.34.48:688][ 19]sg.ShadowQuality = "3"
[2018.02.01-20.34.48:689][ 20]LogRenderer: Reallocating scene render targets to support 320x180 NumSamples 1 (Frame:296).
[2018.02.01-20.34.48:849][ 29]sg.ShadowQuality = "3"
[2018.02.01-20.34.49:478][ 68]sg.ShadowQuality = "2"
[2018.02.01-20.34.49:479][ 69]LogRenderer: Reallocating scene render targets to support 320x180 NumSamples 1 (Frame:345).
[2018.02.01-20.34.49:656][ 79]sg.ShadowQuality = "1"
[2018.02.01-20.34.49:817][ 89]sg.ShadowQuality = "0"
[2018.02.01-20.34.49:818][ 90]LogRenderer: Reallocating scene render targets to support 320x180 NumSamples 1 (Frame:366).
[2018.02.01-20.34.50:608][138]sg.ShadowQuality = "1"
[2018.02.01-20.34.50:608][139]LogRenderer: Reallocating scene render targets to support 320x180 NumSamples 1 (Frame:415).
[2018.02.01-20.34.51:575][198]Command not recognized: PostProcessAAQuality 1
[2018.02.01-20.34.51:946][221]sg.PostProcessQuality = "1"
[2018.02.01-20.34.52:204][237]r.ScreenPercentage = "50"
[2018.02.01-20.34.52:205][238]LogRenderer: Reallocating scene render targets to support 640x360 NumSamples 1 (Frame:514).
[2018.02.01-20.34.53:883][337]LogPackageName: SearchForPackageOnDisk took   0.066s to resolve HelloWorld.umap.
[2018.02.01-20.34.53:949][337]LogPackageName: SearchForPackageOnDisk took   0.065s to resolve HelloWorld.umap.
[2018.02.01-20.34.53:949][337]LogNet: Browse: /Game/Maps/HelloWorld
[2018.02.01-20.34.53:949][337]LogLoad: LoadMap: /Game/Maps/HelloWorld
[2018.02.01-20.34.53:964][337]LogMemory: Platform Memory Stats for Windows
[2018.02.01-20.34.53:964][337]LogMemory: Process Physical Memory: 827.69 MB used, 901.47 MB peak
[2018.02.01-20.34.53:964][337]LogMemory: Process Virtual Memory: 980.01 MB used, 1111.73 MB peak
[2018.02.01-20.34.53:964][337]LogMemory: Physical Memory: 5721.20 MB used,  10622.80 MB free, 16344.00 MB total
[2018.02.01-20.34.53:964][337]LogMemory: Virtual Memory: 1727.82 MB used,  10622.80 MB free, 134217728.00 MB total
[2018.02.01-20.34.53:964][337]LogMemory: 
[2018.02.01-20.34.53:964][337]Allocator Stats for TBB: (not implemented)
[2018.02.01-20.34.54:122][337]LogAIModule: Creating AISystem for world HelloWorld
[2018.02.01-20.34.54:162][337]LogLoad: Game class is 'FuseGM_C'
[2018.02.01-20.34.54:179][337]PIE:Warning: Warning Trying to simulate physics on ''/Game/Maps/HelloWorld.HelloWorld:PersistentLevel.Remote_71.StaticMesh'' but it has ComplexAsSimple collision.
[2018.02.01-20.34.54:179][337]LogWorld: Bringing World /Game/Maps/HelloWorld.HelloWorld up for play (max tick rate 0) at 2018.02.01-20.34.54
[2018.02.01-20.34.54:180][337]LogWorld: Bringing up level for play took: 0.017211
[2018.02.01-20.34.54:181][337]LogLoad: Took 0.232267 seconds to LoadMap(/Game/Maps/HelloWorld)
[2018.02.01-20.35.03:141][889]LogPackageName: SearchForPackageOnDisk took   0.064s to resolve Menu.umap.
[2018.02.01-20.35.03:205][889]LogPackageName: SearchForPackageOnDisk took   0.063s to resolve Menu.umap.
[2018.02.01-20.35.03:205][889]LogNet: Browse: /Game/Maps/Menu
[2018.02.01-20.35.03:205][889]LogLoad: LoadMap: /Game/Maps/Menu
[2018.02.01-20.35.03:223][889]LogMemory: Platform Memory Stats for Windows
[2018.02.01-20.35.03:223][889]LogMemory: Process Physical Memory: 827.70 MB used, 901.47 MB peak
[2018.02.01-20.35.03:223][889]LogMemory: Process Virtual Memory: 972.21 MB used, 1111.73 MB peak
[2018.02.01-20.35.03:223][889]LogMemory: Physical Memory: 5711.29 MB used,  10632.71 MB free, 16344.00 MB total
[2018.02.01-20.35.03:223][889]LogMemory: Virtual Memory: 1718.51 MB used,  10632.71 MB free, 134217728.00 MB total
[2018.02.01-20.35.03:223][889]LogMemory: 
[2018.02.01-20.35.03:223][889]Allocator Stats for TBB: (not implemented)
[2018.02.01-20.35.03:295][889]LogAIModule: Creating AISystem for world Menu
[2018.02.01-20.35.03:339][889]LogLoad: Game class is 'FuseGM_C'
[2018.02.01-20.35.03:341][889]LogWorld: Bringing World /Game/Maps/Menu.Menu up for play (max tick rate 0) at 2018.02.01-20.35.03
[2018.02.01-20.35.03:341][889]LogWorld: Bringing up level for play took: 0.000456
[2018.02.01-20.35.03:341][889]LogGameMode: FindPlayerStart: PATHS NOT DEFINED or NO PLAYERSTART with positive rating
[2018.02.01-20.35.03:344][889]LogLoad: Took 0.139158 seconds to LoadMap(/Game/Maps/Menu)
[2018.02.01-20.35.05:121][  0]sg.ShadowQuality = "3"
[2018.02.01-20.35.05:122][  1]LogRenderer: Reallocating scene render targets to support 640x360 NumSamples 1 (Frame:113).
[2018.02.01-20.35.05:621][ 31]Command not recognized: PostProcessAAQuality 3
[2018.02.01-20.35.06:073][ 59]sg.PostProcessQuality = "3"
[2018.02.01-20.35.06:379][ 78]r.ScreenPercentage = "100"
[2018.02.01-20.35.06:380][ 79]LogRenderer: Reallocating scene render targets to support 1280x720 NumSamples 1 (Frame:191).
[2018.02.01-20.35.08:396][199]LogPackageName: SearchForPackageOnDisk took   0.065s to resolve HelloWorld.umap.
[2018.02.01-20.35.08:461][199]LogPackageName: SearchForPackageOnDisk took   0.064s to resolve HelloWorld.umap.
[2018.02.01-20.35.08:461][199]LogNet: Browse: /Game/Maps/HelloWorld
[2018.02.01-20.35.08:461][199]LogLoad: LoadMap: /Game/Maps/HelloWorld
[2018.02.01-20.35.08:476][199]LogMemory: Platform Memory Stats for Windows
[2018.02.01-20.35.08:476][199]LogMemory: Process Physical Memory: 833.18 MB used, 901.47 MB peak
[2018.02.01-20.35.08:476][199]LogMemory: Process Virtual Memory: 1081.09 MB used, 1111.73 MB peak
[2018.02.01-20.35.08:476][199]LogMemory: Physical Memory: 5716.10 MB used,  10627.90 MB free, 16344.00 MB total
[2018.02.01-20.35.08:476][199]LogMemory: Virtual Memory: 1791.51 MB used,  10627.90 MB free, 134217728.00 MB total
[2018.02.01-20.35.08:476][199]LogMemory: 
[2018.02.01-20.35.08:476][199]Allocator Stats for TBB: (not implemented)
[2018.02.01-20.35.08:634][199]LogAIModule: Creating AISystem for world HelloWorld
[2018.02.01-20.35.08:674][199]LogLoad: Game class is 'FuseGM_C'
[2018.02.01-20.35.08:691][199]PIE:Warning: Warning Trying to simulate physics on ''/Game/Maps/HelloWorld.HelloWorld:PersistentLevel.Remote_71.StaticMesh'' but it has ComplexAsSimple collision.
[2018.02.01-20.35.08:692][199]LogWorld: Bringing World /Game/Maps/HelloWorld.HelloWorld up for play (max tick rate 0) at 2018.02.01-20.35.08
[2018.02.01-20.35.08:693][199]LogWorld: Bringing up level for play took: 0.017403
[2018.02.01-20.35.08:694][199]LogLoad: Took 0.232526 seconds to LoadMap(/Game/Maps/HelloWorld)
[2018.02.01-20.35.14:882][579]LogPackageName: SearchForPackageOnDisk took   0.065s to resolve Menu.umap.
[2018.02.01-20.35.14:945][579]LogPackageName: SearchForPackageOnDisk took   0.063s to resolve Menu.umap.
[2018.02.01-20.35.14:945][579]LogNet: Browse: /Game/Maps/Menu
[2018.02.01-20.35.14:945][579]LogLoad: LoadMap: /Game/Maps/Menu
[2018.02.01-20.35.14:963][579]LogMemory: Platform Memory Stats for Windows
[2018.02.01-20.35.14:963][579]LogMemory: Process Physical Memory: 836.61 MB used, 901.47 MB peak
[2018.02.01-20.35.14:963][579]LogMemory: Process Virtual Memory: 1062.14 MB used, 1136.59 MB peak
[2018.02.01-20.35.14:963][579]LogMemory: Physical Memory: 5720.30 MB used,  10623.70 MB free, 16344.00 MB total
[2018.02.01-20.35.14:963][579]LogMemory: Virtual Memory: 1833.39 MB used,  10623.70 MB free, 134217728.00 MB total
[2018.02.01-20.35.14:963][579]LogMemory: 
[2018.02.01-20.35.14:963][579]Allocator Stats for TBB: (not implemented)
[2018.02.01-20.35.15:035][579]LogAIModule: Creating AISystem for world Menu
[2018.02.01-20.35.15:079][579]LogLoad: Game class is 'FuseGM_C'
[2018.02.01-20.35.15:081][579]LogWorld: Bringing World /Game/Maps/Menu.Menu up for play (max tick rate 0) at 2018.02.01-20.35.15
[2018.02.01-20.35.15:081][579]LogWorld: Bringing up level for play took: 0.000538
[2018.02.01-20.35.15:081][579]LogGameMode: FindPlayerStart: PATHS NOT DEFINED or NO PLAYERSTART with positive rating
[2018.02.01-20.35.15:084][579]LogLoad: Took 0.138102 seconds to LoadMap(/Game/Maps/Menu)
[2018.02.01-20.35.17:296][717]t.MaxFPS = "15"
[2018.02.01-20.35.17:696][723]t.MaxFPS = "15"
[2018.02.01-20.35.19:227][745]LogPackageName: SearchForPackageOnDisk took   0.064s to resolve HelloWorld.umap.
[2018.02.01-20.35.19:291][745]LogPackageName: SearchForPackageOnDisk took   0.063s to resolve HelloWorld.umap.
[2018.02.01-20.35.19:291][745]LogNet: Browse: /Game/Maps/HelloWorld
[2018.02.01-20.35.19:291][745]LogLoad: LoadMap: /Game/Maps/HelloWorld
[2018.02.01-20.35.19:305][745]LogMemory: Platform Memory Stats for Windows
[2018.02.01-20.35.19:305][745]LogMemory: Process Physical Memory: 836.46 MB used, 901.47 MB peak
[2018.02.01-20.35.19:305][745]LogMemory: Process Virtual Memory: 1060.10 MB used, 1136.59 MB peak
[2018.02.01-20.35.19:305][745]LogMemory: Physical Memory: 5724.94 MB used,  10619.06 MB free, 16344.00 MB total
[2018.02.01-20.35.19:305][745]LogMemory: Virtual Memory: 1813.39 MB used,  10619.06 MB free, 134217728.00 MB total
[2018.02.01-20.35.19:305][745]LogMemory: 
[2018.02.01-20.35.19:305][745]Allocator Stats for TBB: (not implemented)
[2018.02.01-20.35.19:464][745]LogAIModule: Creating AISystem for world HelloWorld
[2018.02.01-20.35.19:504][745]LogLoad: Game class is 'FuseGM_C'
[2018.02.01-20.35.19:521][745]PIE:Warning: Warning Trying to simulate physics on ''/Game/Maps/HelloWorld.HelloWorld:PersistentLevel.Remote_71.StaticMesh'' but it has ComplexAsSimple collision.
[2018.02.01-20.35.19:521][745]LogWorld: Bringing World /Game/Maps/HelloWorld.HelloWorld up for play (max tick rate 15) at 2018.02.01-20.35.19
[2018.02.01-20.35.19:523][745]LogWorld: Bringing up level for play took: 0.017128
[2018.02.01-20.35.19:524][745]LogLoad: Took 0.232800 seconds to LoadMap(/Game/Maps/HelloWorld)
[2018.02.01-20.35.23:791][809]LogPackageName: SearchForPackageOnDisk took   0.065s to resolve Menu.umap.
[2018.02.01-20.35.23:856][809]LogPackageName: SearchForPackageOnDisk took   0.064s to resolve Menu.umap.
[2018.02.01-20.35.23:856][809]LogNet: Browse: /Game/Maps/Menu
[2018.02.01-20.35.23:856][809]LogLoad: LoadMap: /Game/Maps/Menu
[2018.02.01-20.35.23:873][809]LogMemory: Platform Memory Stats for Windows
[2018.02.01-20.35.23:873][809]LogMemory: Process Physical Memory: 838.84 MB used, 901.47 MB peak
[2018.02.01-20.35.23:873][809]LogMemory: Process Virtual Memory: 1077.53 MB used, 1136.59 MB peak
[2018.02.01-20.35.23:873][809]LogMemory: Physical Memory: 5721.84 MB used,  10622.16 MB free, 16344.00 MB total
[2018.02.01-20.35.23:873][809]LogMemory: Virtual Memory: 1861.39 MB used,  10622.16 MB free, 134217728.00 MB total
[2018.02.01-20.35.23:873][809]LogMemory: 
[2018.02.01-20.35.23:873][809]Allocator Stats for TBB: (not implemented)
[2018.02.01-20.35.23:946][809]LogAIModule: Creating AISystem for world Menu
[2018.02.01-20.35.23:989][809]LogLoad: Game class is 'FuseGM_C'
[2018.02.01-20.35.23:991][809]LogWorld: Bringing World /Game/Maps/Menu.Menu up for play (max tick rate 15) at 2018.02.01-20.35.23
[2018.02.01-20.35.23:991][809]LogWorld: Bringing up level for play took: 0.000437
[2018.02.01-20.35.23:991][809]LogGameMode: FindPlayerStart: PATHS NOT DEFINED or NO PLAYERSTART with positive rating
[2018.02.01-20.35.23:994][809]LogLoad: Took 0.138101 seconds to LoadMap(/Game/Maps/Menu)
[2018.02.01-20.35.25:663][835]t.MaxFPS = "15"
[2018.02.01-20.35.26:063][841]t.MaxFPS = "15"
[2018.02.01-20.35.27:595][863]LogPackageName: SearchForPackageOnDisk took   0.065s to resolve HelloWorld.umap.
[2018.02.01-20.35.27:659][863]LogPackageName: SearchForPackageOnDisk took   0.064s to resolve HelloWorld.umap.
[2018.02.01-20.35.27:659][863]LogNet: Browse: /Game/Maps/HelloWorld
[2018.02.01-20.35.27:659][863]LogLoad: LoadMap: /Game/Maps/HelloWorld
[2018.02.01-20.35.27:674][863]LogMemory: Platform Memory Stats for Windows
[2018.02.01-20.35.27:674][863]LogMemory: Process Physical Memory: 842.40 MB used, 901.47 MB peak
[2018.02.01-20.35.27:674][863]LogMemory: Process Virtual Memory: 1109.50 MB used, 1153.91 MB peak
[2018.02.01-20.35.27:674][863]LogMemory: Physical Memory: 5729.89 MB used,  10614.11 MB free, 16344.00 MB total
[2018.02.01-20.35.27:674][863]LogMemory: Virtual Memory: 1857.39 MB used,  10614.11 MB free, 134217728.00 MB total
[2018.02.01-20.35.27:674][863]LogMemory: 
[2018.02.01-20.35.27:674][863]Allocator Stats for TBB: (not implemented)
[2018.02.01-20.35.27:832][863]LogAIModule: Creating AISystem for world HelloWorld
[2018.02.01-20.35.27:872][863]LogLoad: Game class is 'FuseGM_C'
[2018.02.01-20.35.27:889][863]PIE:Warning: Warning Trying to simulate physics on ''/Game/Maps/HelloWorld.HelloWorld:PersistentLevel.Remote_71.StaticMesh'' but it has ComplexAsSimple collision.
[2018.02.01-20.35.27:890][863]LogWorld: Bringing World /Game/Maps/HelloWorld.HelloWorld up for play (max tick rate 15) at 2018.02.01-20.35.27
[2018.02.01-20.35.27:891][863]LogWorld: Bringing up level for play took: 0.017605
[2018.02.01-20.35.27:892][863]LogLoad: Took 0.232387 seconds to LoadMap(/Game/Maps/HelloWorld)
[2018.02.01-20.35.28:161][868]LogScript:Warning: Accessed None trying to read property HeldItem
	PlayerCharacter_C /Game/Maps/HelloWorld.HelloWorld:PersistentLevel.PlayerCharacter_C_0
	Function /Game/PlayerCharacter.PlayerCharacter_C:ExecuteUbergraph_PlayerCharacter:022B
[2018.02.01-20.35.28:161][868]LogScript:Warning: Script call stack:
	Function /Game/PlayerCharacter.PlayerCharacter_C:InpActEvt_LeftMouseButton_K2Node_InputKeyEvent_5
	Function /Game/PlayerCharacter.PlayerCharacter_C:ExecuteUbergraph_PlayerCharacter

[2018.02.01-20.36.14:292][559]LogPackageName: SearchForPackageOnDisk took   0.064s to resolve Menu.umap.
[2018.02.01-20.36.14:355][559]LogPackageName: SearchForPackageOnDisk took   0.063s to resolve Menu.umap.
[2018.02.01-20.36.14:355][559]LogNet: Browse: /Game/Maps/Menu
[2018.02.01-20.36.14:355][559]LogLoad: LoadMap: /Game/Maps/Menu
[2018.02.01-20.36.14:372][559]LogMemory: Platform Memory Stats for Windows
[2018.02.01-20.36.14:372][559]LogMemory: Process Physical Memory: 836.96 MB used, 901.47 MB peak
[2018.02.01-20.36.14:372][559]LogMemory: Process Virtual Memory: 1067.22 MB used, 1153.91 MB peak
[2018.02.01-20.36.14:372][559]LogMemory: Physical Memory: 5717.45 MB used,  10626.55 MB free, 16344.00 MB total
[2018.02.01-20.36.14:372][559]LogMemory: Virtual Memory: 1869.39 MB used,  10626.55 MB free, 134217728.00 MB total
[2018.02.01-20.36.14:372][559]LogMemory: 
[2018.02.01-20.36.14:372][559]Allocator Stats for TBB: (not implemented)
[2018.02.01-20.36.14:443][559]LogAIModule: Creating AISystem for world Menu
[2018.02.01-20.36.14:487][559]LogLoad: Game class is 'FuseGM_C'
[2018.02.01-20.36.14:489][559]LogWorld: Bringing World /Game/Maps/Menu.Menu up for play (max tick rate 15) at 2018.02.01-20.36.14
[2018.02.01-20.36.14:489][559]LogWorld: Bringing up level for play took: 0.000489
[2018.02.01-20.36.14:490][559]LogGameMode: FindPlayerStart: PATHS NOT DEFINED or NO PLAYERSTART with positive rating
[2018.02.01-20.36.14:492][559]LogLoad: Took 0.136802 seconds to LoadMap(/Game/Maps/Menu)
[2018.02.01-20.36.18:095][614]t.MaxFPS = "15"
[2018.02.01-20.36.18:628][622]t.MaxFPS = "15"
[2018.02.01-20.36.20:026][642]LogPackageName: SearchForPackageOnDisk took   0.065s to resolve HelloWorld.umap.
[2018.02.01-20.36.20:090][642]LogPackageName: SearchForPackageOnDisk took   0.063s to resolve HelloWorld.umap.
[2018.02.01-20.36.20:090][642]LogNet: Browse: /Game/Maps/HelloWorld
[2018.02.01-20.36.20:090][642]LogLoad: LoadMap: /Game/Maps/HelloWorld
[2018.02.01-20.36.20:105][642]LogMemory: Platform Memory Stats for Windows
[2018.02.01-20.36.20:105][642]LogMemory: Process Physical Memory: 841.90 MB used, 901.47 MB peak
[2018.02.01-20.36.20:105][642]LogMemory: Process Virtual Memory: 1069.09 MB used, 1153.91 MB peak
[2018.02.01-20.36.20:105][642]LogMemory: Physical Memory: 5734.50 MB used,  10609.50 MB free, 16344.00 MB total
[2018.02.01-20.36.20:105][642]LogMemory: Virtual Memory: 1832.57 MB used,  10609.50 MB free, 134217728.00 MB total
[2018.02.01-20.36.20:105][642]LogMemory: 
[2018.02.01-20.36.20:105][642]Allocator Stats for TBB: (not implemented)
[2018.02.01-20.36.20:263][642]LogAIModule: Creating AISystem for world HelloWorld
[2018.02.01-20.36.20:303][642]LogLoad: Game class is 'FuseGM_C'
[2018.02.01-20.36.20:320][642]PIE:Warning: Warning Trying to simulate physics on ''/Game/Maps/HelloWorld.HelloWorld:PersistentLevel.Remote_71.StaticMesh'' but it has ComplexAsSimple collision.
[2018.02.01-20.36.20:320][642]LogWorld: Bringing World /Game/Maps/HelloWorld.HelloWorld up for play (max tick rate 15) at 2018.02.01-20.36.20
[2018.02.01-20.36.20:321][642]LogWorld: Bringing up level for play took: 0.017282
[2018.02.01-20.36.20:322][642]LogLoad: Took 0.231775 seconds to LoadMap(/Game/Maps/HelloWorld)
[2018.02.01-20.36.25:789][724]LogPackageName: SearchForPackageOnDisk took   0.065s to resolve Menu.umap.
[2018.02.01-20.36.25:853][724]LogPackageName: SearchForPackageOnDisk took   0.064s to resolve Menu.umap.
[2018.02.01-20.36.25:853][724]LogNet: Browse: /Game/Maps/Menu
[2018.02.01-20.36.25:853][724]LogLoad: LoadMap: /Game/Maps/Menu
[2018.02.01-20.36.25:872][724]LogMemory: Platform Memory Stats for Windows
[2018.02.01-20.36.25:872][724]LogMemory: Process Physical Memory: 843.81 MB used, 901.47 MB peak
[2018.02.01-20.36.25:872][724]LogMemory: Process Virtual Memory: 1068.66 MB used, 1153.91 MB peak
[2018.02.01-20.36.25:872][724]LogMemory: Physical Memory: 5733.38 MB used,  10610.63 MB free, 16344.00 MB total
[2018.02.01-20.36.25:872][724]LogMemory: Virtual Memory: 1840.57 MB used,  10610.63 MB free, 134217728.00 MB total
[2018.02.01-20.36.25:872][724]LogMemory: 
[2018.02.01-20.36.25:872][724]Allocator Stats for TBB: (not implemented)
[2018.02.01-20.36.25:945][724]LogAIModule: Creating AISystem for world Menu
[2018.02.01-20.36.25:989][724]LogLoad: Game class is 'FuseGM_C'
[2018.02.01-20.36.25:991][724]LogWorld: Bringing World /Game/Maps/Menu.Menu up for play (max tick rate 15) at 2018.02.01-20.36.25
[2018.02.01-20.36.25:991][724]LogWorld: Bringing up level for play took: 0.000471
[2018.02.01-20.36.25:991][724]LogGameMode: FindPlayerStart: PATHS NOT DEFINED or NO PLAYERSTART with positive rating
[2018.02.01-20.36.25:994][724]LogLoad: Took 0.140224 seconds to LoadMap(/Game/Maps/Menu)
[2018.02.01-20.36.26:530][733]Closing by request
[2018.02.01-20.36.26:530][733]LogWindows: FPlatformMisc::RequestExit(0)
[2018.02.01-20.36.27:018][734]LogWindowsTextInputMethodSystem:Display: IME system now deactivated.
[2018.02.01-20.36.27:024][734]LogExit: Preparing to exit.
[2018.02.01-20.36.27:024][734]LogMoviePlayer: Shutting down movie player
[2018.02.01-20.36.27:296][734]LogExit: Game engine shut down
[2018.02.01-20.36.27:334][734]LogObj: Freed 0b from 0 cluster array pools.
[2018.02.01-20.36.27:334][734]LogExit: Object subsystem successfully closed.
[2018.02.01-20.36.27:350][734]LogD3D11RHI: Shutdown
[2018.02.01-20.36.27:350][734]LogD3D11RHI: CleanupD3DDevice
[2018.02.01-20.36.27:390][734]LogD3D11RHI: ~FD3D11DynamicRHI
[2018.02.01-20.36.27:393][734]LogModuleManager: Shutting down and abandoning module SequenceRecorderSections (296)
[2018.02.01-20.36.27:393][734]LogModuleManager: Shutting down and abandoning module SequenceRecorder (294)
[2018.02.01-20.36.27:393][734]LogModuleManager: Shutting down and abandoning module AutomationController (292)
[2018.02.01-20.36.27:393][734]LogModuleManager: Shutting down and abandoning module AutomationWorker (290)
[2018.02.01-20.36.27:393][734]LogModuleManager: Shutting down and abandoning module AIModule (288)
[2018.02.01-20.36.27:393][734]LogModuleManager: Shutting down and abandoning module GameplayDebugger (287)
[2018.02.01-20.36.27:393][734]LogModuleManager: Shutting down and abandoning module AITestSuite (285)
[2018.02.01-20.36.27:393][734]LogModuleManager: Shutting down and abandoning module WmfMediaFactory (282)
[2018.02.01-20.36.27:393][734]LogModuleManager: Shutting down and abandoning module AvfMediaFactory (280)
[2018.02.01-20.36.27:394][734]LogModuleManager: Shutting down and abandoning module AndroidMediaFactory (278)
[2018.02.01-20.36.27:394][734]LogModuleManager: Shutting down and abandoning module Media (277)
[2018.02.01-20.36.27:394][734]LogModuleManager: Shutting down and abandoning module CharacterAI (274)
[2018.02.01-20.36.27:394][734]LogModuleManager: Shutting down and abandoning module SessionServices (272)
[2018.02.01-20.36.27:394][734]LogModuleManager: Shutting down and abandoning module MovieSceneCapture (270)
[2018.02.01-20.36.27:394][734]LogModuleManager: Shutting down and abandoning module MovieSceneTracks (268)
[2018.02.01-20.36.27:394][734]LogModuleManager: Shutting down and abandoning module MovieScene (266)
[2018.02.01-20.36.27:394][734]LogModuleManager: Shutting down and abandoning module GeometryCache (264)
[2018.02.01-20.36.27:394][734]LogModuleManager: Shutting down and abandoning module GeometryCacheEd (263)
[2018.02.01-20.36.27:394][734]LogModuleManager: Shutting down and abandoning module Niagara (260)
[2018.02.01-20.36.27:394][734]LogModuleManager: Shutting down and abandoning module NiagaraEditor (259)
[2018.02.01-20.36.27:394][734]LogModuleManager: Shutting down and abandoning module StreamingPauseRendering (256)
[2018.02.01-20.36.27:394][734]LogModuleManager: Shutting down and abandoning module PortalServices (254)
[2018.02.01-20.36.27:394][734]LogModuleManager: Shutting down and abandoning module PortalRpc (252)
[2018.02.01-20.36.27:394][734]LogModuleManager: Shutting down and abandoning module MessagingRpc (250)
[2018.02.01-20.36.27:394][734]LogModuleManager: Shutting down and abandoning module ProfilerService (248)
[2018.02.01-20.36.27:523][734]LogModuleManager: Shutting down and abandoning module TaskGraph (246)
[2018.02.01-20.36.27:523][734]LogModuleManager: Shutting down and abandoning module SteamVRController (244)
[2018.02.01-20.36.27:523][734]LogModuleManager: Shutting down and abandoning module SteamVR (242)
[2018.02.01-20.36.27:523][734]LogModuleManager: Shutting down and abandoning module ProceduralMeshComponent (240)
[2018.02.01-20.36.27:523][734]LogModuleManager: Shutting down and abandoning module OculusLibrary (238)
[2018.02.01-20.36.27:523][734]LogModuleManager: Shutting down and abandoning module OculusInput (236)
[2018.02.01-20.36.27:523][734]LogModuleManager: Shutting down and abandoning module MobilePatchingUtils (234)
[2018.02.01-20.36.27:523][734]LogModuleManager: Shutting down and abandoning module CustomMeshComponent (232)
[2018.02.01-20.36.27:523][734]LogModuleManager: Shutting down and abandoning module CableComponent (230)
[2018.02.01-20.36.27:523][734]LogModuleManager: Shutting down and abandoning module ArchVisCharacter (228)
[2018.02.01-20.36.27:523][734]LogModuleManager: Shutting down and abandoning module AndroidPermission (226)
[2018.02.01-20.36.27:523][734]LogModuleManager: Shutting down and abandoning module HTML5Networking (222)
[2018.02.01-20.36.27:523][734]LogModuleManager: Shutting down and abandoning module VisualStudioSourceCodeAccess (220)
[2018.02.01-20.36.27:523][734]LogModuleManager: Shutting down and abandoning module DesktopPlatform (219)
[2018.02.01-20.36.27:523][734]LogModuleManager: Shutting down and abandoning module HotReload (217)
[2018.02.01-20.36.27:523][734]LogModuleManager: Shutting down and abandoning module UObjectPlugin (214)
[2018.02.01-20.36.27:523][734]LogModuleManager: Shutting down and abandoning module SubversionSourceControl (212)
[2018.02.01-20.36.27:523][734]LogModuleManager: Shutting down and abandoning module PerforceSourceControl (210)
[2018.02.01-20.36.27:523][734]LogModuleManager: Shutting down and abandoning module SourceControl (209)
[2018.02.01-20.36.27:523][734]LogModuleManager: Shutting down and abandoning module PhysXVehiclesEditor (206)
[2018.02.01-20.36.27:523][734]LogModuleManager: Shutting down and abandoning module PhysXVehicles (204)
[2018.02.01-20.36.27:523][734]LogModuleManager: Shutting down and abandoning module LocationServicesBPLibrary (202)
[2018.02.01-20.36.27:523][734]LogModuleManager: Shutting down and abandoning module ImmediatePhysicsEditor (200)
[2018.02.01-20.36.27:523][734]LogModuleManager: Shutting down and abandoning module ImmediatePhysics (198)
[2018.02.01-20.36.27:523][734]LogModuleManager: Shutting down and abandoning module UdpMessaging (196)
[2018.02.01-20.36.27:624][734]LogModuleManager: Shutting down and abandoning module TcpMessaging (194)
[2018.02.01-20.36.28:146][734]LogModuleManager: Shutting down and abandoning module GameplayTagsEditor (192)
[2018.02.01-20.36.28:146][734]LogModuleManager: Shutting down and abandoning module FacialAnimation (190)
[2018.02.01-20.36.28:146][734]LogModuleManager: Shutting down and abandoning module AssetManagerEditor (188)
[2018.02.01-20.36.28:146][734]LogModuleManager: Shutting down and abandoning module GraphEditor (187)
[2018.02.01-20.36.28:146][734]LogModuleManager: Shutting down and abandoning module ContentBrowser (185)
[2018.02.01-20.36.28:146][734]LogModuleManager: Shutting down and abandoning module CollectionManager (184)
[2018.02.01-20.36.28:147][734]LogDirectoryWatcher: A directory notification for 'D:/Users/JoshR/Documents/GitHub/FMP_RPG_Game_Charm/Content/Collections/' was aborted.
[2018.02.01-20.36.28:147][734]LogDirectoryWatcher: A directory notification for 'D:/Users/JoshR/Documents/GitHub/FMP_RPG_Game_Charm/Content/Developers/JoshR/Collections/' was aborted.
[2018.02.01-20.36.28:147][734]LogDirectoryWatcher: A directory notification for 'D:/Users/JoshR/Documents/GitHub/FMP_RPG_Game_Charm/Saved/Collections/' was aborted.
[2018.02.01-20.36.28:147][734]LogModuleManager: Shutting down and abandoning module DirectoryWatcher (183)
[2018.02.01-20.36.28:147][734]LogModuleManager: Shutting down and abandoning module LightPropagationVolumeRuntime (178)
[2018.02.01-20.36.28:147][734]LogModuleManager: Shutting down and abandoning module Paper2D (176)
[2018.02.01-20.36.28:147][734]LogModuleManager: Shutting down and abandoning module WindowsMoviePlayer (174)
[2018.02.01-20.36.28:147][734]LogModuleManager: Shutting down and abandoning module WmfMedia (172)
[2018.02.01-20.36.28:147][734]LogModuleManager: Shutting down and abandoning module ClothingSystemEditor (170)
[2018.02.01-20.36.28:147][734]LogModuleManager: Shutting down and abandoning module ClothingSystemRuntime (168)
[2018.02.01-20.36.28:148][734]LogModuleManager: Shutting down and abandoning module MediaAssets (166)
[2018.02.01-20.36.28:148][734]LogModuleManager: Shutting down and abandoning module GameLiveStreaming (164)
[2018.02.01-20.36.28:148][734]LogModuleManager: Shutting down and abandoning module VREditor (162)
[2018.02.01-20.36.28:148][734]LogModuleManager: Shutting down and abandoning module StringTableEditor (160)
[2018.02.01-20.36.28:148][734]LogModuleManager: Shutting down and abandoning module GameplayTasksEditor (158)
[2018.02.01-20.36.28:148][734]LogModuleManager: Shutting down and abandoning module BehaviorTreeEditor (156)
[2018.02.01-20.36.28:148][734]LogModuleManager: Shutting down and abandoning module FunctionalTesting (154)
[2018.02.01-20.36.28:148][734]LogModuleManager: Shutting down and abandoning module CollisionAnalyzer (152)
[2018.02.01-20.36.28:148][734]LogModuleManager: Shutting down and abandoning module UMG (150)
[2018.02.01-20.36.28:148][734]LogModuleManager: Shutting down and abandoning module UMGEditor (149)
[2018.02.01-20.36.28:148][734]LogModuleManager: Shutting down and abandoning module Sequencer (148)
[2018.02.01-20.36.28:148][734]LogModuleManager: Shutting down and abandoning module AssetTools (146)
[2018.02.01-20.36.28:148][734]LogModuleManager: Shutting down and abandoning module MessageLog (145)
[2018.02.01-20.36.28:148][734]LogModuleManager: Shutting down and abandoning module WorkspaceMenuStructure (144)
[2018.02.01-20.36.28:148][734]LogModuleManager: Shutting down and abandoning module SlateReflector (138)
[2018.02.01-20.36.28:148][734]LogModuleManager: Shutting down and abandoning module Slate (136)
[2018.02.01-20.36.28:148][734]LogModuleManager: Shutting down and abandoning module EditorStyle (134)
[2018.02.01-20.36.28:149][734]LogModuleManager: Shutting down and abandoning module Messaging (132)
[2018.02.01-20.36.28:149][734]LogModuleManager: Shutting down and abandoning module SourceCodeAccess (130)
[2018.02.01-20.36.28:149][734]LogModuleManager: Shutting down and abandoning module HeadMountedDisplay (128)
[2018.02.01-20.36.28:149][734]LogModuleManager: Shutting down and abandoning module XAudio2 (126)
[2018.02.01-20.36.28:149][734]LogModuleManager: Shutting down and abandoning module Networking (124)
[2018.02.01-20.36.28:149][734]LogModuleManager: Shutting down and abandoning module Core (120)
[2018.02.01-20.36.28:149][734]LogModuleManager: Shutting down and abandoning module KismetCompiler (118)
[2018.02.01-20.36.28:149][734]LogModuleManager: Shutting down and abandoning module LevelSequence (116)
[2018.02.01-20.36.28:149][734]LogModuleManager: Shutting down and abandoning module PhysXFormats (114)
[2018.02.01-20.36.28:149][734]LogModuleManager: Shutting down and abandoning module MeshUtilities (112)
[2018.02.01-20.36.28:149][734]LogModuleManager: Shutting down and abandoning module SimplygonSwarm (111)
[2018.02.01-20.36.28:149][734]LogModuleManager: Shutting down and abandoning module SimplygonMeshReduction (109)
[2018.02.01-20.36.28:149][734]LogModuleManager: Shutting down and abandoning module QuadricMeshReduction (107)
[2018.02.01-20.36.28:149][734]LogModuleManager: Shutting down and abandoning module AssetRegistry (104)
[2018.02.01-20.36.28:149][734]LogModuleManager: Shutting down and abandoning module DerivedDataCache (102)
[2018.02.01-20.36.28:241][734]LogDerivedDataCache: Shutdown
[2018.02.01-20.36.28:241][734]LogModuleManager: Shutting down and abandoning module TargetPlatform (100)
[2018.02.01-20.36.28:241][734]LogModuleManager: Shutting down and abandoning module VulkanShaderFormat (99)
[2018.02.01-20.36.28:241][734]LogModuleManager: Shutting down and abandoning module ShaderFormatVectorVM (97)
[2018.02.01-20.36.28:241][734]LogModuleManager: Shutting down and abandoning module ShaderFormatOpenGL (95)
[2018.02.01-20.36.28:241][734]LogModuleManager: Shutting down and abandoning module ShaderFormatD3D (93)
[2018.02.01-20.36.28:241][734]LogModuleManager: Shutting down and abandoning module MetalShaderFormat (91)
[2018.02.01-20.36.28:241][734]LogModuleManager: Shutting down and abandoning module TextureFormatUncompressed (89)
[2018.02.01-20.36.28:241][734]LogModuleManager: Shutting down and abandoning module TextureFormatPVR (87)
[2018.02.01-20.36.28:241][734]LogModuleManager: Shutting down and abandoning module TextureFormatDXT (85)
[2018.02.01-20.36.28:241][734]LogModuleManager: Shutting down and abandoning module TextureFormatIntelISPCTexComp (83)
[2018.02.01-20.36.28:241][734]LogModuleManager: Shutting down and abandoning module TextureFormatASTC (81)
[2018.02.01-20.36.28:241][734]LogModuleManager: Shutting down and abandoning module ImageWrapper (80)
[2018.02.01-20.36.28:241][734]LogModuleManager: Shutting down and abandoning module TextureFormatAndroid (77)
[2018.02.01-20.36.28:242][734]LogModuleManager: Shutting down and abandoning module AudioFormatOpus (75)
[2018.02.01-20.36.28:242][734]LogModuleManager: Shutting down and abandoning module AudioFormatOgg (73)
[2018.02.01-20.36.28:242][734]LogModuleManager: Shutting down and abandoning module AudioFormatADPCM (71)
[2018.02.01-20.36.28:242][734]LogModuleManager: Shutting down and abandoning module WindowsTargetPlatform (69)
[2018.02.01-20.36.28:242][734]LogModuleManager: Shutting down and abandoning module WindowsServerTargetPlatform (67)
[2018.02.01-20.36.28:242][734]LogModuleManager: Shutting down and abandoning module WindowsNoEditorTargetPlatform (65)
[2018.02.01-20.36.28:242][734]LogModuleManager: Shutting down and abandoning module WindowsClientTargetPlatform (63)
[2018.02.01-20.36.28:242][734]LogModuleManager: Shutting down and abandoning module InputCore (60)
[2018.02.01-20.36.28:242][734]LogModuleManager: Shutting down and abandoning module Settings (58)
[2018.02.01-20.36.28:242][734]LogModuleManager: Shutting down and abandoning module OculusRift (56)
[2018.02.01-20.36.28:242][734]LogModuleManager: Shutting down and abandoning module GearVRController (54)
[2018.02.01-20.36.28:242][734]LogModuleManager: Shutting down and abandoning module GearVR (52)
[2018.02.01-20.36.28:242][734]LogModuleManager: Shutting down and abandoning module ExampleDeviceProfileSelector (50)
[2018.02.01-20.36.28:242][734]LogModuleManager: Shutting down and abandoning module OnlineBlueprintSupport (48)
[2018.02.01-20.36.28:242][734]LogModuleManager: Shutting down and abandoning module OnlineSubsystem (44)
[2018.02.01-20.36.28:242][734]LogOnline:Display: Unloading online subsystem: NULL
[2018.02.01-20.36.28:242][734]LogModuleManager: Shutting down and abandoning module XMPP (43)
[2018.02.01-20.36.28:242][734]LogModuleManager: Shutting down and abandoning module HTTP (41)
[2018.02.01-20.36.28:274][734]LogModuleManager: Shutting down and abandoning module SSL (40)
[2018.02.01-20.36.28:275][734]LogModuleManager: Shutting down and abandoning module HTTPChunkInstaller (36)
[2018.02.01-20.36.28:275][734]LogModuleManager: Shutting down and abandoning module AnimationModifiers (34)
[2018.02.01-20.36.28:275][734]LogModuleManager: Shutting down and abandoning module PropertyEditor (33)
[2018.02.01-20.36.28:275][734]LogModuleManager: Shutting down and abandoning module AudioEditor (30)
[2018.02.01-20.36.28:275][734]LogModuleManager: Shutting down and abandoning module TextureCompressor (28)
[2018.02.01-20.36.28:275][734]LogModuleManager: Shutting down and abandoning module ShaderCore (26)
[2018.02.01-20.36.28:275][734]LogModuleManager: Shutting down and abandoning module Landscape (24)
[2018.02.01-20.36.28:275][734]LogModuleManager: Shutting down and abandoning module SlateRHIRenderer (22)
[2018.02.01-20.36.28:275][734]LogModuleManager: Shutting down and abandoning module OpenGLDrv (20)
[2018.02.01-20.36.28:275][734]LogModuleManager: Shutting down and abandoning module D3D11RHI (18)
[2018.02.01-20.36.28:275][734]LogModuleManager: Shutting down and abandoning module AnimGraphRuntime (16)
[2018.02.01-20.36.28:275][734]LogModuleManager: Shutting down and abandoning module Renderer (14)
[2018.02.01-20.36.28:275][734]LogModuleManager: Shutting down and abandoning module Engine (12)
[2018.02.01-20.36.28:275][734]LogModuleManager: Shutting down and abandoning module CoreUObject (10)
[2018.02.01-20.36.28:275][734]LogModuleManager: Shutting down and abandoning module NetworkFile (8)
[2018.02.01-20.36.28:275][734]LogModuleManager: Shutting down and abandoning module StreamingFile (6)
[2018.02.01-20.36.28:275][734]LogModuleManager: Shutting down and abandoning module SandboxFile (4)
[2018.02.01-20.36.28:275][734]LogModuleManager: Shutting down and abandoning module PakFile (2)
[2018.02.01-20.36.28:276][734]LogExit: Exiting.
[2018.02.01-20.36.28:277][734]Log file closed, 02/01/18 20:36:28
